<?xml version="1.0" encoding="UTF-8"?>
<testsuites tests="56" failures="0" disabled="0" errors="0" time="25.454" timestamp="2025-04-30T07:36:48.598" name="AllTests">
  <testsuite name="GpuViewTest" tests="20" failures="0" disabled="0" skipped="0" errors="0" time="18.924" timestamp="2025-04-30T07:36:48.598">
    <testcase name="FusionViewDtypeSameSizeOutput" file="/opt/pytorch/nvfuser/tests/cpp/test_gpu_view.cpp" line="56" status="run" result="completed" time="0.391" timestamp="2025-04-30T07:36:48.598" classname="GpuViewTest" />
    <testcase name="FusionReshapeRfactorExtentReplacement" file="/opt/pytorch/nvfuser/tests/cpp/test_gpu_view.cpp" line="143" status="run" result="completed" time="0.195" timestamp="2025-04-30T07:36:48.990" classname="GpuViewTest" />
    <testcase name="FusionReshapeFailMulitDimInference" file="/opt/pytorch/nvfuser/tests/cpp/test_gpu_view.cpp" line="216" status="run" result="completed" time="0." timestamp="2025-04-30T07:36:49.186" classname="GpuViewTest" />
    <testcase name="FusionReshapeBroadcast" file="/opt/pytorch/nvfuser/tests/cpp/test_gpu_view.cpp" line="508" status="run" result="completed" time="0.178" timestamp="2025-04-30T07:36:49.186" classname="GpuViewTest" />
    <testcase name="FusionReshapeStride" file="/opt/pytorch/nvfuser/tests/cpp/test_gpu_view.cpp" line="568" status="run" result="completed" time="14.27" timestamp="2025-04-30T07:36:49.365" classname="GpuViewTest" />
    <testcase name="FusionReshapeConcreteDomain2" file="/opt/pytorch/nvfuser/tests/cpp/test_gpu_view.cpp" line="644" status="run" result="completed" time="0.435" timestamp="2025-04-30T07:37:03.635" classname="GpuViewTest" />
    <testcase name="FusionReshapeConcreteDomain5" file="/opt/pytorch/nvfuser/tests/cpp/test_gpu_view.cpp" line="750" status="run" result="completed" time="0.006" timestamp="2025-04-30T07:37:04.071" classname="GpuViewTest" />
    <testcase name="FusionExpandRepro" file="/opt/pytorch/nvfuser/tests/cpp/test_gpu_view.cpp" line="891" status="run" result="completed" time="0.061" timestamp="2025-04-30T07:37:04.077" classname="GpuViewTest" />
    <testcase name="FusionReshapeTransformCache" file="/opt/pytorch/nvfuser/tests/cpp/test_gpu_view.cpp" line="981" status="run" result="completed" time="0." timestamp="2025-04-30T07:37:04.138" classname="GpuViewTest" />
    <testcase name="FusionExpandFlatten" file="/opt/pytorch/nvfuser/tests/cpp/test_gpu_view.cpp" line="1225" status="run" result="completed" time="0.173" timestamp="2025-04-30T07:37:04.138" classname="GpuViewTest" />
    <testcase name="FusionPwiseViewSchedule" file="/opt/pytorch/nvfuser/tests/cpp/test_gpu_view.cpp" line="1290" status="run" result="completed" time="0.225" timestamp="2025-04-30T07:37:04.311" classname="GpuViewTest" />
    <testcase name="FusionReshapeMagicSchedule2" file="/opt/pytorch/nvfuser/tests/cpp/test_gpu_view.cpp" line="1475" status="run" result="completed" time="0.095" timestamp="2025-04-30T07:37:04.537" classname="GpuViewTest" />
    <testcase name="FusionReshapeMagicSchedule5" file="/opt/pytorch/nvfuser/tests/cpp/test_gpu_view.cpp" line="1627" status="run" result="completed" time="0.154" timestamp="2025-04-30T07:37:04.633" classname="GpuViewTest" />
    <testcase name="FusionReshapeMagicSchedule8" file="/opt/pytorch/nvfuser/tests/cpp/test_gpu_view.cpp" line="1746" status="run" result="completed" time="1.725" timestamp="2025-04-30T07:37:04.788" classname="GpuViewTest" />
    <testcase name="FusionReshapeMagicSchedule11" file="/opt/pytorch/nvfuser/tests/cpp/test_gpu_view.cpp" line="1873" status="run" result="completed" time="0.001" timestamp="2025-04-30T07:37:06.514" classname="GpuViewTest" />
    <testcase name="FusionIssue2076" file="/opt/pytorch/nvfuser/tests/cpp/test_gpu_view.cpp" line="2021" status="run" result="completed" time="0.389" timestamp="2025-04-30T07:37:06.516" classname="GpuViewTest" />
    <testcase name="FusionReshapeZeroDimOutput" file="/opt/pytorch/nvfuser/tests/cpp/test_gpu_view.cpp" line="2197" status="run" result="completed" time="0.076" timestamp="2025-04-30T07:37:06.905" classname="GpuViewTest" />
    <testcase name="ExpandedBroadcast" file="/opt/pytorch/nvfuser/tests/cpp/test_gpu_view.cpp" line="2289" status="run" result="completed" time="0.102" timestamp="2025-04-30T07:37:06.981" classname="GpuViewTest" />
    <testcase name="GroupNormReshapeMovedToOutput" file="/opt/pytorch/nvfuser/tests/cpp/test_gpu_view.cpp" line="2518" status="run" result="completed" time="0.439" timestamp="2025-04-30T07:37:07.084" classname="GpuViewTest" />
    <testcase name="ReplaceScalarInSplitOutputManually" file="/opt/pytorch/nvfuser/tests/cpp/test_gpu_view.cpp" line="2733" status="run" result="completed" time="0." timestamp="2025-04-30T07:37:07.523" classname="GpuViewTest" />
  </testsuite>
  <testsuite name="ReshapeReduction" tests="31" failures="0" disabled="0" skipped="0" errors="0" time="5.431" timestamp="2025-04-30T07:37:07.523">
    <testcase name="FusionReshapeReduction/2" value_param="56-byte object &lt;60-B4 EC-07 B7-55 00-00 80-B4 EC-07 B7-55 00-00 80-B4 EC-07 B7-55 00-00 D0-FB EB-07 B7-55 00-00 E8-FB EB-07 B7-55 00-00 E8-FB EB-07 B7-55 00-00 00-01 00-00 00-00 00-00&gt;" file="/opt/pytorch/nvfuser/tests/cpp/test_gpu_view.cpp" line="390" status="run" result="completed" time="0.288" timestamp="2025-04-30T07:37:07.523" classname="ReshapeReduction" />
    <testcase name="FusionReshapeReduction/5" value_param="56-byte object &lt;20-B1 EC-07 B7-55 00-00 40-B1 EC-07 B7-55 00-00 40-B1 EC-07 B7-55 00-00 A0-B1 EC-07 B7-55 00-00 C8-B1 EC-07 B7-55 00-00 C8-B1 EC-07 B7-55 00-00 00-01 00-00 00-00 00-00&gt;" file="/opt/pytorch/nvfuser/tests/cpp/test_gpu_view.cpp" line="390" status="run" result="completed" time="0.206" timestamp="2025-04-30T07:37:07.812" classname="ReshapeReduction" />
    <testcase name="FusionReshapeReduction/8" value_param="56-byte object &lt;30-AE EC-07 B7-55 00-00 58-AE EC-07 B7-55 00-00 58-AE EC-07 B7-55 00-00 10-9F EC-07 B7-55 00-00 40-9F EC-07 B7-55 00-00 40-9F EC-07 B7-55 00-00 00-01 00-00 00-00 00-00&gt;" file="/opt/pytorch/nvfuser/tests/cpp/test_gpu_view.cpp" line="390" status="run" result="completed" time="0.21" timestamp="2025-04-30T07:37:08.019" classname="ReshapeReduction" />
    <testcase name="FusionReshapeReduction/11" value_param="56-byte object &lt;50-AB EC-07 B7-55 00-00 70-AB EC-07 B7-55 00-00 70-AB EC-07 B7-55 00-00 40-AC EC-07 B7-55 00-00 48-AC EC-07 B7-55 00-00 48-AC EC-07 B7-55 00-00 00-01 00-00 00-00 00-00&gt;" file="/opt/pytorch/nvfuser/tests/cpp/test_gpu_view.cpp" line="390" status="run" result="completed" time="0.186" timestamp="2025-04-30T07:37:08.230" classname="ReshapeReduction" />
    <testcase name="FusionReshapeReduction/14" value_param="56-byte object &lt;10-AA EC-07 B7-55 00-00 38-AA EC-07 B7-55 00-00 38-AA EC-07 B7-55 00-00 10-A8 EC-07 B7-55 00-00 38-A8 EC-07 B7-55 00-00 38-A8 EC-07 B7-55 00-00 00-01 00-00 00-00 00-00&gt;" file="/opt/pytorch/nvfuser/tests/cpp/test_gpu_view.cpp" line="390" status="run" result="completed" time="0.621" timestamp="2025-04-30T07:37:08.417" classname="ReshapeReduction" />
    <testcase name="FusionReshapeReduction/17" value_param="56-byte object &lt;40-A8 EC-07 B7-55 00-00 58-A8 EC-07 B7-55 00-00 58-A8 EC-07 B7-55 00-00 10-B4 EC-07 B7-55 00-00 18-B4 EC-07 B7-55 00-00 18-B4 EC-07 B7-55 00-00 00-01 00-00 00-00 00-00&gt;" file="/opt/pytorch/nvfuser/tests/cpp/test_gpu_view.cpp" line="390" status="run" result="completed" time="0.263" timestamp="2025-04-30T07:37:09.038" classname="ReshapeReduction" />
    <testcase name="FusionReshapeReduction/20" value_param="56-byte object &lt;F0-A1 EC-07 B7-55 00-00 08-A2 EC-07 B7-55 00-00 08-A2 EC-07 B7-55 00-00 C0-A7 EC-07 B7-55 00-00 E0-A7 EC-07 B7-55 00-00 E0-A7 EC-07 B7-55 00-00 00-01 00-00 00-00 00-00&gt;" file="/opt/pytorch/nvfuser/tests/cpp/test_gpu_view.cpp" line="390" status="run" result="completed" time="0.097" timestamp="2025-04-30T07:37:09.302" classname="ReshapeReduction" />
    <testcase name="FusionReshapeReduction/23" value_param="56-byte object &lt;10-A2 EC-07 B7-55 00-00 30-A2 EC-07 B7-55 00-00 30-A2 EC-07 B7-55 00-00 40-A8 EC-07 B7-55 00-00 58-A8 EC-07 B7-55 00-00 58-A8 EC-07 B7-55 00-00 00-01 00-00 00-00 00-00&gt;" file="/opt/pytorch/nvfuser/tests/cpp/test_gpu_view.cpp" line="390" status="run" result="completed" time="0.231" timestamp="2025-04-30T07:37:09.399" classname="ReshapeReduction" />
    <testcase name="FusionReshapeReduction/26" value_param="56-byte object &lt;10-A2 EC-07 B7-55 00-00 30-A2 EC-07 B7-55 00-00 30-A2 EC-07 B7-55 00-00 F0-A6 EC-07 B7-55 00-00 10-A7 EC-07 B7-55 00-00 10-A7 EC-07 B7-55 00-00 00-01 00-00 00-00 00-00&gt;" file="/opt/pytorch/nvfuser/tests/cpp/test_gpu_view.cpp" line="390" status="run" result="completed" time="0.165" timestamp="2025-04-30T07:37:09.630" classname="ReshapeReduction" />
    <testcase name="FusionReshapeReduction/29" value_param="56-byte object &lt;F0-9A EC-07 B7-55 00-00 10-9B EC-07 B7-55 00-00 10-9B EC-07 B7-55 00-00 40-A4 EC-07 B7-55 00-00 78-A4 EC-07 B7-55 00-00 78-A4 EC-07 B7-55 00-00 00-01 00-00 00-00 00-00&gt;" file="/opt/pytorch/nvfuser/tests/cpp/test_gpu_view.cpp" line="390" status="run" result="completed" time="0.106" timestamp="2025-04-30T07:37:09.796" classname="ReshapeReduction" />
    <testcase name="FusionReshapeReduction/32" value_param="56-byte object &lt;90-9A EC-07 B7-55 00-00 B0-9A EC-07 B7-55 00-00 B0-9A EC-07 B7-55 00-00 10-B4 EC-07 B7-55 00-00 28-B4 EC-07 B7-55 00-00 28-B4 EC-07 B7-55 00-00 00-01 00-00 00-00 00-00&gt;" file="/opt/pytorch/nvfuser/tests/cpp/test_gpu_view.cpp" line="390" status="run" result="completed" time="0.054" timestamp="2025-04-30T07:37:09.902" classname="ReshapeReduction" />
    <testcase name="FusionReshapeReduction/35" value_param="56-byte object &lt;90-9A EC-07 B7-55 00-00 B0-9A EC-07 B7-55 00-00 B0-9A EC-07 B7-55 00-00 10-B4 EC-07 B7-55 00-00 28-B4 EC-07 B7-55 00-00 28-B4 EC-07 B7-55 00-00 01-01 00-00 00-00 00-00&gt;" file="/opt/pytorch/nvfuser/tests/cpp/test_gpu_view.cpp" line="390" status="run" result="completed" time="0.206" timestamp="2025-04-30T07:37:09.957" classname="ReshapeReduction" />
    <testcase name="FusionReshapeReduction/38" value_param="56-byte object &lt;90-9A EC-07 B7-55 00-00 B0-9A EC-07 B7-55 00-00 B0-9A EC-07 B7-55 00-00 C0-F3 EB-07 B7-55 00-00 E8-F3 EB-07 B7-55 00-00 E8-F3 EB-07 B7-55 00-00 01-01 00-00 00-00 00-00&gt;" file="/opt/pytorch/nvfuser/tests/cpp/test_gpu_view.cpp" line="390" status="run" result="completed" time="0.178" timestamp="2025-04-30T07:37:10.163" classname="ReshapeReduction" />
    <testcase name="FusionReshapeReduction/41" value_param="56-byte object &lt;90-9A EC-07 B7-55 00-00 B8-9A EC-07 B7-55 00-00 B8-9A EC-07 B7-55 00-00 40-A4 EC-07 B7-55 00-00 70-A4 EC-07 B7-55 00-00 70-A4 EC-07 B7-55 00-00 01-01 00-00 00-00 00-00&gt;" file="/opt/pytorch/nvfuser/tests/cpp/test_gpu_view.cpp" line="390" status="run" result="completed" time="0.128" timestamp="2025-04-30T07:37:10.342" classname="ReshapeReduction" />
    <testcase name="FusionReshapeReduction/44" value_param="56-byte object &lt;90-9A EC-07 B7-55 00-00 B0-9A EC-07 B7-55 00-00 B0-9A EC-07 B7-55 00-00 10-B4 EC-07 B7-55 00-00 18-B4 EC-07 B7-55 00-00 18-B4 EC-07 B7-55 00-00 01-01 00-00 00-00 00-00&gt;" file="/opt/pytorch/nvfuser/tests/cpp/test_gpu_view.cpp" line="390" status="run" result="completed" time="0.121" timestamp="2025-04-30T07:37:10.471" classname="ReshapeReduction" />
    <testcase name="FusionReshapeReduction/47" value_param="56-byte object &lt;90-9A EC-07 B7-55 00-00 B8-9A EC-07 B7-55 00-00 B8-9A EC-07 B7-55 00-00 C0-F3 EB-07 B7-55 00-00 E8-F3 EB-07 B7-55 00-00 E8-F3 EB-07 B7-55 00-00 01-01 00-00 00-00 00-00&gt;" file="/opt/pytorch/nvfuser/tests/cpp/test_gpu_view.cpp" line="390" status="run" result="completed" time="0.253" timestamp="2025-04-30T07:37:10.592" classname="ReshapeReduction" />
    <testcase name="FusionReshapeReduction/50" value_param="56-byte object &lt;10-B4 EC-07 B7-55 00-00 28-B4 EC-07 B7-55 00-00 28-B4 EC-07 B7-55 00-00 70-6F ED-07 B7-55 00-00 78-6F ED-07 B7-55 00-00 78-6F ED-07 B7-55 00-00 01-01 00-00 00-00 00-00&gt;" file="/opt/pytorch/nvfuser/tests/cpp/test_gpu_view.cpp" line="390" status="run" result="completed" time="0.141" timestamp="2025-04-30T07:37:10.846" classname="ReshapeReduction" />
    <testcase name="FusionReshapeReduction/53" value_param="56-byte object &lt;70-6F ED-07 B7-55 00-00 88-6F ED-07 B7-55 00-00 88-6F ED-07 B7-55 00-00 90-9A EC-07 B7-55 00-00 B0-9A EC-07 B7-55 00-00 B0-9A EC-07 B7-55 00-00 01-01 00-00 00-00 00-00&gt;" file="/opt/pytorch/nvfuser/tests/cpp/test_gpu_view.cpp" line="390" status="run" result="completed" time="0.076" timestamp="2025-04-30T07:37:10.988" classname="ReshapeReduction" />
    <testcase name="FusionReshapeReduction/56" value_param="56-byte object &lt;90-9A EC-07 B7-55 00-00 B0-9A EC-07 B7-55 00-00 B0-9A EC-07 B7-55 00-00 C0-7A ED-07 B7-55 00-00 D8-7A ED-07 B7-55 00-00 D8-7A ED-07 B7-55 00-00 01-01 00-00 00-00 00-00&gt;" file="/opt/pytorch/nvfuser/tests/cpp/test_gpu_view.cpp" line="390" status="run" result="completed" time="0.167" timestamp="2025-04-30T07:37:11.064" classname="ReshapeReduction" />
    <testcase name="FusionReshapeReduction/59" value_param="56-byte object &lt;90-9A EC-07 B7-55 00-00 B0-9A EC-07 B7-55 00-00 B0-9A EC-07 B7-55 00-00 90-97 ED-07 B7-55 00-00 B0-97 ED-07 B7-55 00-00 B0-97 ED-07 B7-55 00-00 01-01 00-00 00-00 00-00&gt;" file="/opt/pytorch/nvfuser/tests/cpp/test_gpu_view.cpp" line="390" status="run" result="completed" time="0.166" timestamp="2025-04-30T07:37:11.232" classname="ReshapeReduction" />
    <testcase name="FusionReshapeReduction/62" value_param="56-byte object &lt;90-9A EC-07 B7-55 00-00 B0-9A EC-07 B7-55 00-00 B0-9A EC-07 B7-55 00-00 40-A4 EC-07 B7-55 00-00 78-A4 EC-07 B7-55 00-00 78-A4 EC-07 B7-55 00-00 01-01 00-00 00-00 00-00&gt;" file="/opt/pytorch/nvfuser/tests/cpp/test_gpu_view.cpp" line="390" status="run" result="completed" time="0.086" timestamp="2025-04-30T07:37:11.399" classname="ReshapeReduction" />
    <testcase name="FusionReshapeReduction/65" value_param="56-byte object &lt;90-9A EC-07 B7-55 00-00 B0-9A EC-07 B7-55 00-00 B0-9A EC-07 B7-55 00-00 80-85 ED-07 B7-55 00-00 98-85 ED-07 B7-55 00-00 98-85 ED-07 B7-55 00-00 01-01 00-00 00-00 00-00&gt;" file="/opt/pytorch/nvfuser/tests/cpp/test_gpu_view.cpp" line="390" status="run" result="completed" time="0.053" timestamp="2025-04-30T07:37:11.485" classname="ReshapeReduction" />
    <testcase name="FusionReshapeReduction/68" value_param="56-byte object &lt;90-9A EC-07 B7-55 00-00 B0-9A EC-07 B7-55 00-00 B0-9A EC-07 B7-55 00-00 90-97 ED-07 B7-55 00-00 B8-97 ED-07 B7-55 00-00 B8-97 ED-07 B7-55 00-00 00-00 00-00 00-00 00-00&gt;" file="/opt/pytorch/nvfuser/tests/cpp/test_gpu_view.cpp" line="390" status="run" result="completed" time="0.173" timestamp="2025-04-30T07:37:11.539" classname="ReshapeReduction" />
    <testcase name="FusionReshapeReduction/71" value_param="56-byte object &lt;80-85 ED-07 B7-55 00-00 98-85 ED-07 B7-55 00-00 98-85 ED-07 B7-55 00-00 90-9A EC-07 B7-55 00-00 B8-9A EC-07 B7-55 00-00 B8-9A EC-07 B7-55 00-00 00-00 00-00 00-00 00-00&gt;" file="/opt/pytorch/nvfuser/tests/cpp/test_gpu_view.cpp" line="390" status="run" result="completed" time="0.153" timestamp="2025-04-30T07:37:11.713" classname="ReshapeReduction" />
    <testcase name="FusionReshapeReduction/74" value_param="56-byte object &lt;40-A4 EC-07 B7-55 00-00 70-A4 EC-07 B7-55 00-00 70-A4 EC-07 B7-55 00-00 90-9A EC-07 B7-55 00-00 B0-9A EC-07 B7-55 00-00 B0-9A EC-07 B7-55 00-00 00-00 00-00 00-00 00-00&gt;" file="/opt/pytorch/nvfuser/tests/cpp/test_gpu_view.cpp" line="390" status="run" result="completed" time="0.195" timestamp="2025-04-30T07:37:11.867" classname="ReshapeReduction" />
    <testcase name="FusionReshapeReduction/77" value_param="56-byte object &lt;80-85 ED-07 B7-55 00-00 98-85 ED-07 B7-55 00-00 98-85 ED-07 B7-55 00-00 70-CF ED-07 B7-55 00-00 78-CF ED-07 B7-55 00-00 78-CF ED-07 B7-55 00-00 00-00 00-00 00-00 00-00&gt;" file="/opt/pytorch/nvfuser/tests/cpp/test_gpu_view.cpp" line="390" status="run" result="completed" time="0.14" timestamp="2025-04-30T07:37:12.062" classname="ReshapeReduction" />
    <testcase name="FusionReshapeReduction/80" value_param="56-byte object &lt;90-9A EC-07 B7-55 00-00 B0-9A EC-07 B7-55 00-00 B0-9A EC-07 B7-55 00-00 70-CF ED-07 B7-55 00-00 88-CF ED-07 B7-55 00-00 88-CF ED-07 B7-55 00-00 01-00 00-00 00-00 00-00&gt;" file="/opt/pytorch/nvfuser/tests/cpp/test_gpu_view.cpp" line="390" status="run" result="completed" time="0.152" timestamp="2025-04-30T07:37:12.203" classname="ReshapeReduction" />
    <testcase name="FusionReshapeReduction/83" value_param="56-byte object &lt;90-9A EC-07 B7-55 00-00 B8-9A EC-07 B7-55 00-00 B8-9A EC-07 B7-55 00-00 10-E5 ED-07 B7-55 00-00 38-E5 ED-07 B7-55 00-00 38-E5 ED-07 B7-55 00-00 01-00 00-00 00-00 00-00&gt;" file="/opt/pytorch/nvfuser/tests/cpp/test_gpu_view.cpp" line="390" status="run" result="completed" time="0.185" timestamp="2025-04-30T07:37:12.355" classname="ReshapeReduction" />
    <testcase name="FusionReshapeReduction/86" value_param="56-byte object &lt;90-9A EC-07 B7-55 00-00 B8-9A EC-07 B7-55 00-00 B8-9A EC-07 B7-55 00-00 70-CF ED-07 B7-55 00-00 88-CF ED-07 B7-55 00-00 88-CF ED-07 B7-55 00-00 01-00 00-00 00-00 00-00&gt;" file="/opt/pytorch/nvfuser/tests/cpp/test_gpu_view.cpp" line="390" status="run" result="completed" time="0.16" timestamp="2025-04-30T07:37:12.541" classname="ReshapeReduction" />
    <testcase name="FusionReshapeReduction/89" value_param="56-byte object &lt;70-CF ED-07 B7-55 00-00 88-CF ED-07 B7-55 00-00 88-CF ED-07 B7-55 00-00 90-9A EC-07 B7-55 00-00 B0-9A EC-07 B7-55 00-00 B0-9A EC-07 B7-55 00-00 01-00 00-00 00-00 00-00&gt;" file="/opt/pytorch/nvfuser/tests/cpp/test_gpu_view.cpp" line="390" status="run" result="completed" time="0.092" timestamp="2025-04-30T07:37:12.702" classname="ReshapeReduction" />
    <testcase name="FusionReshapeReduction/92" value_param="56-byte object &lt;90-9A EC-07 B7-55 00-00 B0-9A EC-07 B7-55 00-00 B0-9A EC-07 B7-55 00-00 60-18 EE-07 B7-55 00-00 80-18 EE-07 B7-55 00-00 80-18 EE-07 B7-55 00-00 01-00 00-00 00-00 00-00&gt;" file="/opt/pytorch/nvfuser/tests/cpp/test_gpu_view.cpp" line="390" status="run" result="completed" time="0.16" timestamp="2025-04-30T07:37:12.794" classname="ReshapeReduction" />
  </testsuite>
  <testsuite name="ViewReductionTest" tests="3" failures="0" disabled="0" skipped="0" errors="0" time="0.755" timestamp="2025-04-30T07:37:12.955">
    <testcase name="ReductionReshapeInputNoMergedIds/1" value_param="{ 0, 1 }" file="/opt/pytorch/nvfuser/tests/cpp/test_gpu_view.cpp" line="2410" status="run" result="completed" time="0.269" timestamp="2025-04-30T07:37:12.955" classname="ViewReductionTest" />
    <testcase name="ReductionReshapeInputNoMergedIds/4" value_param="{ -1, -2 }" file="/opt/pytorch/nvfuser/tests/cpp/test_gpu_view.cpp" line="2410" status="run" result="completed" time="0.123" timestamp="2025-04-30T07:37:13.225" classname="ViewReductionTest" />
    <testcase name="ReductionReshapeInputNoMergedIds/7" value_param="{ 1, 3 }" file="/opt/pytorch/nvfuser/tests/cpp/test_gpu_view.cpp" line="2410" status="run" result="completed" time="0.362" timestamp="2025-04-30T07:37:13.348" classname="ViewReductionTest" />
  </testsuite>
  <testsuite name="ViewNormalizationTest" tests="2" failures="0" disabled="0" skipped="0" errors="0" time="0.342" timestamp="2025-04-30T07:37:13.711">
    <testcase name="NormalizationReshapeInputNoMergedIds/2" value_param="{ 0, 1, 2 }" file="/opt/pytorch/nvfuser/tests/cpp/test_gpu_view.cpp" line="2456" status="run" result="completed" time="0.164" timestamp="2025-04-30T07:37:13.711" classname="ViewNormalizationTest" />
    <testcase name="NormalizationReshapeInputNoMergedIds/5" value_param="{ -1, -2, -3 }" file="/opt/pytorch/nvfuser/tests/cpp/test_gpu_view.cpp" line="2456" status="run" result="completed" time="0.177" timestamp="2025-04-30T07:37:13.875" classname="ViewNormalizationTest" />
  </testsuite>
</testsuites>
