<?xml version="1.0" encoding="UTF-8"?>
<testsuites tests="56" failures="0" disabled="0" errors="0" time="32.707" timestamp="2025-05-20T08:09:33.308" name="AllTests">
  <testsuite name="ReshapeTest" tests="19" failures="0" disabled="0" skipped="0" errors="0" time="25.806" timestamp="2025-05-20T08:09:33.308">
    <testcase name="ViewAsRealOutput" file="/opt/pytorch/nvfuser/tests/cpp/test_reshape.cpp" line="106" status="run" result="completed" time="7.877" timestamp="2025-05-20T08:09:33.308" classname="ReshapeTest" />
    <testcase name="ReshapeFailMismatchSize" file="/opt/pytorch/nvfuser/tests/cpp/test_reshape.cpp" line="202" status="run" result="completed" time="0." timestamp="2025-05-20T08:09:41.186" classname="ReshapeTest" />
    <testcase name="ReshapeSplit" file="/opt/pytorch/nvfuser/tests/cpp/test_reshape.cpp" line="516" status="run" result="completed" time="0.196" timestamp="2025-05-20T08:09:41.186" classname="ReshapeTest" />
    <testcase name="ReshapeAllShmoo" file="/opt/pytorch/nvfuser/tests/cpp/test_reshape.cpp" line="534" status="run" result="completed" time="13.908" timestamp="2025-05-20T08:09:41.383" classname="ReshapeTest" />
    <testcase name="ReshapeConcreteDomain" file="/opt/pytorch/nvfuser/tests/cpp/test_reshape.cpp" line="627" status="run" result="completed" time="0.096" timestamp="2025-05-20T08:09:55.291" classname="ReshapeTest" />
    <testcase name="ReshapeConcreteDomain4" file="/opt/pytorch/nvfuser/tests/cpp/test_reshape.cpp" line="722" status="run" result="completed" time="0.001" timestamp="2025-05-20T08:09:55.388" classname="ReshapeTest" />
    <testcase name="ComputeAtLogicalDomainMapWithView" file="/opt/pytorch/nvfuser/tests/cpp/test_reshape.cpp" line="868" status="run" result="completed" time="0." timestamp="2025-05-20T08:09:55.389" classname="ReshapeTest" />
    <testcase name="ExpandView2" file="/opt/pytorch/nvfuser/tests/cpp/test_reshape.cpp" line="967" status="run" result="completed" time="0.13" timestamp="2025-05-20T08:09:55.389" classname="ReshapeTest" />
    <testcase name="ReshapeVectorize" file="/opt/pytorch/nvfuser/tests/cpp/test_reshape.cpp" line="1199" status="run" result="completed" time="1.325" timestamp="2025-05-20T08:09:55.519" classname="ReshapeTest" />
    <testcase name="ReductionFlatten1" file="/opt/pytorch/nvfuser/tests/cpp/test_reshape.cpp" line="1284" status="run" result="completed" time="0.127" timestamp="2025-05-20T08:09:56.844" classname="ReshapeTest" />
    <testcase name="ReshapeMagicSchedule1" file="/opt/pytorch/nvfuser/tests/cpp/test_reshape.cpp" line="1433" status="run" result="completed" time="0.462" timestamp="2025-05-20T08:09:56.972" classname="ReshapeTest" />
    <testcase name="ReshapeMagicSchedule4" file="/opt/pytorch/nvfuser/tests/cpp/test_reshape.cpp" line="1585" status="run" result="completed" time="0.359" timestamp="2025-05-20T08:09:57.434" classname="ReshapeTest" />
    <testcase name="ReshapeMagicSchedule7" file="/opt/pytorch/nvfuser/tests/cpp/test_reshape.cpp" line="1721" status="run" result="completed" time="0.32" timestamp="2025-05-20T08:09:57.794" classname="ReshapeTest" />
    <testcase name="ReshapeMagicSchedule10" file="/opt/pytorch/nvfuser/tests/cpp/test_reshape.cpp" line="1855" status="run" result="completed" time="0.196" timestamp="2025-05-20T08:09:58.114" classname="ReshapeTest" />
    <testcase name="LowerDivisibleSplits" file="/opt/pytorch/nvfuser/tests/cpp/test_reshape.cpp" line="1961" status="run" result="completed" time="0.003" timestamp="2025-05-20T08:09:58.311" classname="ReshapeTest" />
    <testcase name="ReshapeZeroDimInput" file="/opt/pytorch/nvfuser/tests/cpp/test_reshape.cpp" line="2184" status="run" result="completed" time="0.093" timestamp="2025-05-20T08:09:58.315" classname="ReshapeTest" />
    <testcase name="ReshapeOfReshape" file="/opt/pytorch/nvfuser/tests/cpp/test_reshape.cpp" line="2274" status="run" result="completed" time="0.045" timestamp="2025-05-20T08:09:58.409" classname="ReshapeTest" />
    <testcase name="GroupNormOriginal" file="/opt/pytorch/nvfuser/tests/cpp/test_reshape.cpp" line="2365" status="run" result="completed" time="0.532" timestamp="2025-05-20T08:09:58.454" classname="ReshapeTest" />
    <testcase name="ReplacedScalarInSplitOutput" file="/opt/pytorch/nvfuser/tests/cpp/test_reshape.cpp" line="2716" status="run" result="completed" time="0.128" timestamp="2025-05-20T08:09:58.987" classname="ReshapeTest" />
  </testsuite>
  <testsuite name="ReshapeReduction" tests="32" failures="0" disabled="0" skipped="0" errors="0" time="5.987" timestamp="2025-05-20T08:09:59.115">
    <testcase name="FusionReshapeReduction/0" value_param="56-byte object &lt;E0-90 DA-FC 71-55 00-00 18-91 DA-FC 71-55 00-00 18-91 DA-FC 71-55 00-00 30-11 DB-FC 71-55 00-00 58-11 DB-FC 71-55 00-00 58-11 DB-FC 71-55 00-00 00-01 00-00 00-00 00-00&gt;" file="/opt/pytorch/nvfuser/tests/cpp/test_reshape.cpp" line="404" status="run" result="completed" time="0.701" timestamp="2025-05-20T08:09:59.115" classname="ReshapeReduction" />
    <testcase name="FusionReshapeReduction/3" value_param="56-byte object &lt;D0-A8 DE-FC 71-55 00-00 F0-A8 DE-FC 71-55 00-00 F0-A8 DE-FC 71-55 00-00 60-A7 DE-FC 71-55 00-00 88-A7 DE-FC 71-55 00-00 88-A7 DE-FC 71-55 00-00 00-01 00-00 00-00 00-00&gt;" file="/opt/pytorch/nvfuser/tests/cpp/test_reshape.cpp" line="404" status="run" result="completed" time="0.197" timestamp="2025-05-20T08:09:59.817" classname="ReshapeReduction" />
    <testcase name="FusionReshapeReduction/6" value_param="56-byte object &lt;E0-A3 DE-FC 71-55 00-00 08-A4 DE-FC 71-55 00-00 08-A4 DE-FC 71-55 00-00 E0-98 DE-FC 71-55 00-00 10-99 DE-FC 71-55 00-00 10-99 DE-FC 71-55 00-00 00-01 00-00 00-00 00-00&gt;" file="/opt/pytorch/nvfuser/tests/cpp/test_reshape.cpp" line="404" status="run" result="completed" time="0.222" timestamp="2025-05-20T08:10:00.015" classname="ReshapeReduction" />
    <testcase name="FusionReshapeReduction/9" value_param="56-byte object &lt;D0-A2 DE-FC 71-55 00-00 F0-A2 DE-FC 71-55 00-00 F0-A2 DE-FC 71-55 00-00 F0-A7 DE-FC 71-55 00-00 28-A8 DE-FC 71-55 00-00 28-A8 DE-FC 71-55 00-00 00-01 00-00 00-00 00-00&gt;" file="/opt/pytorch/nvfuser/tests/cpp/test_reshape.cpp" line="404" status="run" result="completed" time="0.108" timestamp="2025-05-20T08:10:00.237" classname="ReshapeReduction" />
    <testcase name="FusionReshapeReduction/12" value_param="56-byte object &lt;40-9E DE-FC 71-55 00-00 58-9E DE-FC 71-55 00-00 58-9E DE-FC 71-55 00-00 B0-A0 DE-FC 71-55 00-00 D8-A0 DE-FC 71-55 00-00 D8-A0 DE-FC 71-55 00-00 00-01 00-00 00-00 00-00&gt;" file="/opt/pytorch/nvfuser/tests/cpp/test_reshape.cpp" line="404" status="run" result="completed" time="0.158" timestamp="2025-05-20T08:10:00.345" classname="ReshapeReduction" />
    <testcase name="FusionReshapeReduction/15" value_param="56-byte object &lt;00-9D DE-FC 71-55 00-00 28-9D DE-FC 71-55 00-00 28-9D DE-FC 71-55 00-00 A0-9D DE-FC 71-55 00-00 C8-9D DE-FC 71-55 00-00 C8-9D DE-FC 71-55 00-00 00-01 00-00 00-00 00-00&gt;" file="/opt/pytorch/nvfuser/tests/cpp/test_reshape.cpp" line="404" status="run" result="completed" time="0.586" timestamp="2025-05-20T08:10:00.504" classname="ReshapeReduction" />
    <testcase name="FusionReshapeReduction/18" value_param="56-byte object &lt;E0-99 DE-FC 71-55 00-00 00-9A DE-FC 71-55 00-00 00-9A DE-FC 71-55 00-00 B0-99 DE-FC 71-55 00-00 D0-99 DE-FC 71-55 00-00 D0-99 DE-FC 71-55 00-00 00-01 00-00 00-00 00-00&gt;" file="/opt/pytorch/nvfuser/tests/cpp/test_reshape.cpp" line="404" status="run" result="completed" time="0.104" timestamp="2025-05-20T08:10:01.091" classname="ReshapeReduction" />
    <testcase name="FusionReshapeReduction/21" value_param="56-byte object &lt;C0-94 DE-FC 71-55 00-00 D8-94 DE-FC 71-55 00-00 D8-94 DE-FC 71-55 00-00 10-95 DE-FC 71-55 00-00 18-95 DE-FC 71-55 00-00 18-95 DE-FC 71-55 00-00 00-01 00-00 00-00 00-00&gt;" file="/opt/pytorch/nvfuser/tests/cpp/test_reshape.cpp" line="404" status="run" result="completed" time="0.259" timestamp="2025-05-20T08:10:01.196" classname="ReshapeReduction" />
    <testcase name="FusionReshapeReduction/24" value_param="56-byte object &lt;C0-94 DE-FC 71-55 00-00 D8-94 DE-FC 71-55 00-00 D8-94 DE-FC 71-55 00-00 30-92 DE-FC 71-55 00-00 48-92 DE-FC 71-55 00-00 48-92 DE-FC 71-55 00-00 00-01 00-00 00-00 00-00&gt;" file="/opt/pytorch/nvfuser/tests/cpp/test_reshape.cpp" line="404" status="run" result="completed" time="0.23" timestamp="2025-05-20T08:10:01.455" classname="ReshapeReduction" />
    <testcase name="FusionReshapeReduction/27" value_param="56-byte object &lt;E0-98 DE-FC 71-55 00-00 10-99 DE-FC 71-55 00-00 10-99 DE-FC 71-55 00-00 A0-9D DE-FC 71-55 00-00 C8-9D DE-FC 71-55 00-00 C8-9D DE-FC 71-55 00-00 00-01 00-00 00-00 00-00&gt;" file="/opt/pytorch/nvfuser/tests/cpp/test_reshape.cpp" line="404" status="run" result="completed" time="0.165" timestamp="2025-05-20T08:10:01.686" classname="ReshapeReduction" />
    <testcase name="FusionReshapeReduction/30" value_param="56-byte object &lt;00-12 DB-FC 71-55 00-00 20-12 DB-FC 71-55 00-00 20-12 DB-FC 71-55 00-00 30-92 DE-FC 71-55 00-00 48-92 DE-FC 71-55 00-00 48-92 DE-FC 71-55 00-00 00-01 00-00 00-00 00-00&gt;" file="/opt/pytorch/nvfuser/tests/cpp/test_reshape.cpp" line="404" status="run" result="completed" time="0.081" timestamp="2025-05-20T08:10:01.852" classname="ReshapeReduction" />
    <testcase name="FusionReshapeReduction/33" value_param="56-byte object &lt;E0-98 DE-FC 71-55 00-00 18-99 DE-FC 71-55 00-00 18-99 DE-FC 71-55 00-00 10-7E DB-FC 71-55 00-00 38-7E DB-FC 71-55 00-00 38-7E DB-FC 71-55 00-00 01-01 00-00 00-00 00-00&gt;" file="/opt/pytorch/nvfuser/tests/cpp/test_reshape.cpp" line="404" status="run" result="completed" time="0.276" timestamp="2025-05-20T08:10:01.933" classname="ReshapeReduction" />
    <testcase name="FusionReshapeReduction/36" value_param="56-byte object &lt;10-7E DB-FC 71-55 00-00 30-7E DB-FC 71-55 00-00 30-7E DB-FC 71-55 00-00 C0-60 DB-FC 71-55 00-00 E8-60 DB-FC 71-55 00-00 E8-60 DB-FC 71-55 00-00 01-01 00-00 00-00 00-00&gt;" file="/opt/pytorch/nvfuser/tests/cpp/test_reshape.cpp" line="404" status="run" result="completed" time="0.194" timestamp="2025-05-20T08:10:02.210" classname="ReshapeReduction" />
    <testcase name="FusionReshapeReduction/39" value_param="56-byte object &lt;10-7E DB-FC 71-55 00-00 38-7E DB-FC 71-55 00-00 38-7E DB-FC 71-55 00-00 E0-98 DE-FC 71-55 00-00 10-99 DE-FC 71-55 00-00 10-99 DE-FC 71-55 00-00 01-01 00-00 00-00 00-00&gt;" file="/opt/pytorch/nvfuser/tests/cpp/test_reshape.cpp" line="404" status="run" result="completed" time="0.175" timestamp="2025-05-20T08:10:02.404" classname="ReshapeReduction" />
    <testcase name="FusionReshapeReduction/42" value_param="56-byte object &lt;10-7E DB-FC 71-55 00-00 30-7E DB-FC 71-55 00-00 30-7E DB-FC 71-55 00-00 E0-98 DE-FC 71-55 00-00 18-99 DE-FC 71-55 00-00 18-99 DE-FC 71-55 00-00 01-01 00-00 00-00 00-00&gt;" file="/opt/pytorch/nvfuser/tests/cpp/test_reshape.cpp" line="404" status="run" result="completed" time="0.089" timestamp="2025-05-20T08:10:02.580" classname="ReshapeReduction" />
    <testcase name="FusionReshapeReduction/45" value_param="56-byte object &lt;30-92 DE-FC 71-55 00-00 48-92 DE-FC 71-55 00-00 48-92 DE-FC 71-55 00-00 10-7E DB-FC 71-55 00-00 38-7E DB-FC 71-55 00-00 38-7E DB-FC 71-55 00-00 01-01 00-00 00-00 00-00&gt;" file="/opt/pytorch/nvfuser/tests/cpp/test_reshape.cpp" line="404" status="run" result="completed" time="0.203" timestamp="2025-05-20T08:10:02.669" classname="ReshapeReduction" />
    <testcase name="FusionReshapeReduction/48" value_param="56-byte object &lt;10-7E DB-FC 71-55 00-00 38-7E DB-FC 71-55 00-00 38-7E DB-FC 71-55 00-00 C0-60 DB-FC 71-55 00-00 E8-60 DB-FC 71-55 00-00 E8-60 DB-FC 71-55 00-00 01-01 00-00 00-00 00-00&gt;" file="/opt/pytorch/nvfuser/tests/cpp/test_reshape.cpp" line="404" status="run" result="completed" time="0.293" timestamp="2025-05-20T08:10:02.873" classname="ReshapeReduction" />
    <testcase name="FusionReshapeReduction/51" value_param="56-byte object &lt;10-7E DB-FC 71-55 00-00 30-7E DB-FC 71-55 00-00 30-7E DB-FC 71-55 00-00 E0-5E DF-FC 71-55 00-00 00-5F DF-FC 71-55 00-00 00-5F DF-FC 71-55 00-00 01-01 00-00 00-00 00-00&gt;" file="/opt/pytorch/nvfuser/tests/cpp/test_reshape.cpp" line="404" status="run" result="completed" time="0.1" timestamp="2025-05-20T08:10:03.167" classname="ReshapeReduction" />
    <testcase name="FusionReshapeReduction/54" value_param="56-byte object &lt;A0-5E DF-FC 71-55 00-00 B8-5E DF-FC 71-55 00-00 B8-5E DF-FC 71-55 00-00 F0-69 DF-FC 71-55 00-00 F8-69 DF-FC 71-55 00-00 F8-69 DF-FC 71-55 00-00 01-01 00-00 00-00 00-00&gt;" file="/opt/pytorch/nvfuser/tests/cpp/test_reshape.cpp" line="404" status="run" result="completed" time="0.132" timestamp="2025-05-20T08:10:03.267" classname="ReshapeReduction" />
    <testcase name="FusionReshapeReduction/57" value_param="56-byte object &lt;F0-69 DF-FC 71-55 00-00 08-6A DF-FC 71-55 00-00 08-6A DF-FC 71-55 00-00 B0-74 DF-FC 71-55 00-00 C8-74 DF-FC 71-55 00-00 C8-74 DF-FC 71-55 00-00 01-01 00-00 00-00 00-00&gt;" file="/opt/pytorch/nvfuser/tests/cpp/test_reshape.cpp" line="404" status="run" result="completed" time="0.133" timestamp="2025-05-20T08:10:03.399" classname="ReshapeReduction" />
    <testcase name="FusionReshapeReduction/60" value_param="56-byte object &lt;E0-98 DE-FC 71-55 00-00 10-99 DE-FC 71-55 00-00 10-99 DE-FC 71-55 00-00 10-7E DB-FC 71-55 00-00 38-7E DB-FC 71-55 00-00 38-7E DB-FC 71-55 00-00 01-01 00-00 00-00 00-00&gt;" file="/opt/pytorch/nvfuser/tests/cpp/test_reshape.cpp" line="404" status="run" result="completed" time="0.115" timestamp="2025-05-20T08:10:03.533" classname="ReshapeReduction" />
    <testcase name="FusionReshapeReduction/63" value_param="56-byte object &lt;10-7E DB-FC 71-55 00-00 30-7E DB-FC 71-55 00-00 30-7E DB-FC 71-55 00-00 B0-74 DF-FC 71-55 00-00 C8-74 DF-FC 71-55 00-00 C8-74 DF-FC 71-55 00-00 01-01 00-00 00-00 00-00&gt;" file="/opt/pytorch/nvfuser/tests/cpp/test_reshape.cpp" line="404" status="run" result="completed" time="0.042" timestamp="2025-05-20T08:10:03.649" classname="ReshapeReduction" />
    <testcase name="FusionReshapeReduction/66" value_param="56-byte object &lt;10-7E DB-FC 71-55 00-00 30-7E DB-FC 71-55 00-00 30-7E DB-FC 71-55 00-00 B0-74 DF-FC 71-55 00-00 C8-74 DF-FC 71-55 00-00 C8-74 DF-FC 71-55 00-00 00-00 00-00 00-00 00-00&gt;" file="/opt/pytorch/nvfuser/tests/cpp/test_reshape.cpp" line="404" status="run" result="completed" time="0.152" timestamp="2025-05-20T08:10:03.691" classname="ReshapeReduction" />
    <testcase name="FusionReshapeReduction/69" value_param="56-byte object &lt;10-7E DB-FC 71-55 00-00 38-7E DB-FC 71-55 00-00 38-7E DB-FC 71-55 00-00 C0-86 DF-FC 71-55 00-00 E8-86 DF-FC 71-55 00-00 E8-86 DF-FC 71-55 00-00 00-00 00-00 00-00 00-00&gt;" file="/opt/pytorch/nvfuser/tests/cpp/test_reshape.cpp" line="404" status="run" result="completed" time="0.199" timestamp="2025-05-20T08:10:03.844" classname="ReshapeReduction" />
    <testcase name="FusionReshapeReduction/72" value_param="56-byte object &lt;10-7E DB-FC 71-55 00-00 38-7E DB-FC 71-55 00-00 38-7E DB-FC 71-55 00-00 B0-74 DF-FC 71-55 00-00 C8-74 DF-FC 71-55 00-00 C8-74 DF-FC 71-55 00-00 00-00 00-00 00-00 00-00&gt;" file="/opt/pytorch/nvfuser/tests/cpp/test_reshape.cpp" line="404" status="run" result="completed" time="0.15" timestamp="2025-05-20T08:10:04.044" classname="ReshapeReduction" />
    <testcase name="FusionReshapeReduction/75" value_param="56-byte object &lt;B0-74 DF-FC 71-55 00-00 C8-74 DF-FC 71-55 00-00 C8-74 DF-FC 71-55 00-00 10-7E DB-FC 71-55 00-00 30-7E DB-FC 71-55 00-00 30-7E DB-FC 71-55 00-00 00-00 00-00 00-00 00-00&gt;" file="/opt/pytorch/nvfuser/tests/cpp/test_reshape.cpp" line="404" status="run" result="completed" time="0.139" timestamp="2025-05-20T08:10:04.195" classname="ReshapeReduction" />
    <testcase name="FusionReshapeReduction/78" value_param="56-byte object &lt;10-7E DB-FC 71-55 00-00 30-7E DB-FC 71-55 00-00 30-7E DB-FC 71-55 00-00 30-D0 DF-FC 71-55 00-00 50-D0 DF-FC 71-55 00-00 50-D0 DF-FC 71-55 00-00 00-00 00-00 00-00 00-00&gt;" file="/opt/pytorch/nvfuser/tests/cpp/test_reshape.cpp" line="404" status="run" result="completed" time="0.154" timestamp="2025-05-20T08:10:04.334" classname="ReshapeReduction" />
    <testcase name="FusionReshapeReduction/81" value_param="56-byte object &lt;E0-98 DE-FC 71-55 00-00 18-99 DE-FC 71-55 00-00 18-99 DE-FC 71-55 00-00 10-7E DB-FC 71-55 00-00 38-7E DB-FC 71-55 00-00 38-7E DB-FC 71-55 00-00 01-00 00-00 00-00 00-00&gt;" file="/opt/pytorch/nvfuser/tests/cpp/test_reshape.cpp" line="404" status="run" result="completed" time="0.157" timestamp="2025-05-20T08:10:04.489" classname="ReshapeReduction" />
    <testcase name="FusionReshapeReduction/84" value_param="56-byte object &lt;10-7E DB-FC 71-55 00-00 30-7E DB-FC 71-55 00-00 30-7E DB-FC 71-55 00-00 E0-98 DE-FC 71-55 00-00 10-99 DE-FC 71-55 00-00 10-99 DE-FC 71-55 00-00 01-00 00-00 00-00 00-00&gt;" file="/opt/pytorch/nvfuser/tests/cpp/test_reshape.cpp" line="404" status="run" result="completed" time="0.139" timestamp="2025-05-20T08:10:04.646" classname="ReshapeReduction" />
    <testcase name="FusionReshapeReduction/87" value_param="56-byte object &lt;10-7E DB-FC 71-55 00-00 30-7E DB-FC 71-55 00-00 30-7E DB-FC 71-55 00-00 30-D0 DF-FC 71-55 00-00 50-D0 DF-FC 71-55 00-00 50-D0 DF-FC 71-55 00-00 01-00 00-00 00-00 00-00&gt;" file="/opt/pytorch/nvfuser/tests/cpp/test_reshape.cpp" line="404" status="run" result="completed" time="0.085" timestamp="2025-05-20T08:10:04.785" classname="ReshapeReduction" />
    <testcase name="FusionReshapeReduction/90" value_param="56-byte object &lt;10-7E DB-FC 71-55 00-00 30-7E DB-FC 71-55 00-00 30-7E DB-FC 71-55 00-00 90-BA DF-FC 71-55 00-00 98-BA DF-FC 71-55 00-00 98-BA DF-FC 71-55 00-00 01-00 00-00 00-00 00-00&gt;" file="/opt/pytorch/nvfuser/tests/cpp/test_reshape.cpp" line="404" status="run" result="completed" time="0.089" timestamp="2025-05-20T08:10:04.870" classname="ReshapeReduction" />
    <testcase name="FusionReshapeReduction/93" value_param="56-byte object &lt;10-7E DB-FC 71-55 00-00 30-7E DB-FC 71-55 00-00 30-7E DB-FC 71-55 00-00 E0-ED DF-FC 71-55 00-00 F8-ED DF-FC 71-55 00-00 F8-ED DF-FC 71-55 00-00 01-00 00-00 00-00 00-00&gt;" file="/opt/pytorch/nvfuser/tests/cpp/test_reshape.cpp" line="404" status="run" result="completed" time="0.142" timestamp="2025-05-20T08:10:04.960" classname="ReshapeReduction" />
  </testsuite>
  <testsuite name="ViewReductionTest" tests="2" failures="0" disabled="0" skipped="0" errors="0" time="0.324" timestamp="2025-05-20T08:10:05.102">
    <testcase name="ReductionReshapeInputNoMergedIds/2" value_param="{ 0, 1, 2 }" file="/opt/pytorch/nvfuser/tests/cpp/test_reshape.cpp" line="2424" status="run" result="completed" time="0.195" timestamp="2025-05-20T08:10:05.102" classname="ViewReductionTest" />
    <testcase name="ReductionReshapeInputNoMergedIds/5" value_param="{ -1, -2, -3 }" file="/opt/pytorch/nvfuser/tests/cpp/test_reshape.cpp" line="2424" status="run" result="completed" time="0.128" timestamp="2025-05-20T08:10:05.298" classname="ViewReductionTest" />
  </testsuite>
  <testsuite name="ViewNormalizationTest" tests="3" failures="0" disabled="0" skipped="0" errors="0" time="0.588" timestamp="2025-05-20T08:10:05.427">
    <testcase name="NormalizationReshapeInputNoMergedIds/0" value_param="{ 0 }" file="/opt/pytorch/nvfuser/tests/cpp/test_reshape.cpp" line="2470" status="run" result="completed" time="0.139" timestamp="2025-05-20T08:10:05.427" classname="ViewNormalizationTest" />
    <testcase name="NormalizationReshapeInputNoMergedIds/3" value_param="{ -1 }" file="/opt/pytorch/nvfuser/tests/cpp/test_reshape.cpp" line="2470" status="run" result="completed" time="0.17" timestamp="2025-05-20T08:10:05.567" classname="ViewNormalizationTest" />
    <testcase name="NormalizationReshapeInputNoMergedIds/6" value_param="{ 0, 2, 4 }" file="/opt/pytorch/nvfuser/tests/cpp/test_reshape.cpp" line="2470" status="run" result="completed" time="0.278" timestamp="2025-05-20T08:10:05.737" classname="ViewNormalizationTest" />
  </testsuite>
</testsuites>
