<?xml version="1.0" encoding="UTF-8"?>
<testsuites tests="1796" failures="0" disabled="1" errors="0" time="428.796" timestamp="2025-04-30T07:29:37.478" name="AllTests">
  <testsuite name="NVFuserTest" tests="191" failures="0" disabled="0" skipped="4" errors="0" time="48.661" timestamp="2025-04-30T07:29:37.478">
    <testcase name="KernelDb_Open_CUDA" file="/opt/pytorch/nvfuser/tests/cpp/kernel_db/test_nvfuser_kernel_db_open.cpp" line="24" status="run" result="completed" time="0.001" timestamp="2025-04-30T07:29:37.478" classname="NVFuserTest" />
    <testcase name="BarSyncWarpSpecializedPointwise" file="/opt/pytorch/nvfuser/tests/cpp/test_circular_buffering.cpp" line="19" status="run" result="completed" time="0.612" timestamp="2025-04-30T07:29:37.480" classname="NVFuserTest" />
    <testcase name="ElectSyncCompatibility" file="/opt/pytorch/nvfuser/tests/cpp/test_circular_buffering.cpp" line="1177" status="run" result="completed" time="0.092" timestamp="2025-04-30T07:29:38.093" classname="NVFuserTest" />
    <testcase name="FusionIrGraphGenerator_CUDA" file="/opt/pytorch/nvfuser/tests/cpp/test_gpu1.cpp" line="65" status="run" result="completed" time="0." timestamp="2025-04-30T07:29:38.185" classname="NVFuserTest" />
    <testcase name="FusionCopy_CUDA" file="/opt/pytorch/nvfuser/tests/cpp/test_gpu1.cpp" line="220" status="run" result="completed" time="0.006" timestamp="2025-04-30T07:29:38.186" classname="NVFuserTest" />
    <testcase name="FusionScalarTypePromote_CUDA" file="/opt/pytorch/nvfuser/tests/cpp/test_gpu1.cpp" line="396" status="run" result="completed" time="0." timestamp="2025-04-30T07:29:38.192" classname="NVFuserTest" />
    <testcase name="FusionTopoSort_CUDA" file="/opt/pytorch/nvfuser/tests/cpp/test_gpu1.cpp" line="479" status="run" result="completed" time="0." timestamp="2025-04-30T07:29:38.192" classname="NVFuserTest" />
    <testcase name="FusionTVMerge_CUDA" file="/opt/pytorch/nvfuser/tests/cpp/test_gpu1.cpp" line="591" status="run" result="completed" time="0." timestamp="2025-04-30T07:29:38.192" classname="NVFuserTest" />
    <testcase name="FusionDependency_CUDA" file="/opt/pytorch/nvfuser/tests/cpp/test_gpu1.cpp" line="714" status="run" result="completed" time="0." timestamp="2025-04-30T07:29:38.192" classname="NVFuserTest" />
    <testcase name="FusionCodeGen2_CUDA" file="/opt/pytorch/nvfuser/tests/cpp/test_gpu1.cpp" line="869" status="run" result="completed" time="0.079" timestamp="2025-04-30T07:29:38.192" classname="NVFuserTest" />
    <testcase name="FusionExecKernel_CUDA" file="/opt/pytorch/nvfuser/tests/cpp/test_gpu1.cpp" line="1026" status="run" result="completed" time="0.11" timestamp="2025-04-30T07:29:38.272" classname="NVFuserTest" />
    <testcase name="FusionAdvancedComputeAt3_CUDA" file="/opt/pytorch/nvfuser/tests/cpp/test_gpu1.cpp" line="1208" status="run" result="completed" time="0.176" timestamp="2025-04-30T07:29:38.382" classname="NVFuserTest" />
    <testcase name="FusionAdvancedComputeAt6_CUDA" file="/opt/pytorch/nvfuser/tests/cpp/test_gpu1.cpp" line="1356" status="run" result="completed" time="0.094" timestamp="2025-04-30T07:29:38.559" classname="NVFuserTest" />
    <testcase name="FusionComputeAtMultiConsumers_CUDA" file="/opt/pytorch/nvfuser/tests/cpp/test_gpu1.cpp" line="1502" status="run" result="completed" time="0.065" timestamp="2025-04-30T07:29:38.653" classname="NVFuserTest" />
    <testcase name="FusionComputeAtCommonConsumer3_CUDA" file="/opt/pytorch/nvfuser/tests/cpp/test_gpu1.cpp" line="1718" status="run" result="completed" time="0.112" timestamp="2025-04-30T07:29:38.718" classname="NVFuserTest" />
    <testcase name="FusionScalarInputs_CUDA" file="/opt/pytorch/nvfuser/tests/cpp/test_gpu1.cpp" line="1887" status="run" result="completed" time="0.12" timestamp="2025-04-30T07:29:38.831" classname="NVFuserTest" />
    <testcase name="FusionBinaryOps_CUDA" file="/opt/pytorch/nvfuser/tests/cpp/test_gpu1.cpp" line="2357" status="run" result="completed" time="6.174" timestamp="2025-04-30T07:29:38.951" classname="NVFuserTest" />
    <testcase name="FusionFp8CastOps_CUDA" file="/opt/pytorch/nvfuser/tests/cpp/test_gpu1.cpp" line="2667" status="run" result="completed" time="0.524" timestamp="2025-04-30T07:29:45.126" classname="NVFuserTest" />
    <testcase name="FusionReduction1_CUDA" file="/opt/pytorch/nvfuser/tests/cpp/test_gpu1.cpp" line="2775" status="run" result="completed" time="0.103" timestamp="2025-04-30T07:29:45.650" classname="NVFuserTest" />
    <testcase name="FusionReduction4_CUDA" file="/opt/pytorch/nvfuser/tests/cpp/test_gpu1.cpp" line="2961" status="run" result="completed" time="0.088" timestamp="2025-04-30T07:29:45.754" classname="NVFuserTest" />
    <testcase name="FusionMultiGridReduction_CUDA" file="/opt/pytorch/nvfuser/tests/cpp/test_gpu1.cpp" line="3144" status="run" result="completed" time="0.13" timestamp="2025-04-30T07:29:45.843" classname="NVFuserTest" />
    <testcase name="FusionReductionOuterSplit_CUDA" file="/opt/pytorch/nvfuser/tests/cpp/test_gpu1.cpp" line="3254" status="run" result="completed" time="0.109" timestamp="2025-04-30T07:29:45.974" classname="NVFuserTest" />
    <testcase name="FusionSimpleBCast2_CUDA" file="/opt/pytorch/nvfuser/tests/cpp/test_gpu1.cpp" line="3418" status="run" result="completed" time="0.075" timestamp="2025-04-30T07:29:46.083" classname="NVFuserTest" />
    <testcase name="FusionSimpleBCast5_CUDA" file="/opt/pytorch/nvfuser/tests/cpp/test_gpu1.cpp" line="3552" status="run" result="completed" time="0.106" timestamp="2025-04-30T07:29:46.158" classname="NVFuserTest" />
    <testcase name="FusionSimpleGemm_CUDA" file="/opt/pytorch/nvfuser/tests/cpp/test_gpu1.cpp" line="3685" status="run" result="completed" time="0.136" timestamp="2025-04-30T07:29:46.264" classname="NVFuserTest" />
    <testcase name="FusionSoftmax3D_CUDA" file="/opt/pytorch/nvfuser/tests/cpp/test_gpu1.cpp" line="3896" status="run" result="completed" time="0.104" timestamp="2025-04-30T07:29:46.401" classname="NVFuserTest" />
    <testcase name="FusionGridReduction1_CUDA" file="/opt/pytorch/nvfuser/tests/cpp/test_gpu1.cpp" line="4056" status="run" result="completed" time="0.114" timestamp="2025-04-30T07:29:46.505" classname="NVFuserTest" />
    <testcase name="FusionGridReduction3dim0_CUDA" file="/opt/pytorch/nvfuser/tests/cpp/test_gpu1.cpp" line="4238" status="run" result="completed" time="0.101" timestamp="2025-04-30T07:29:46.620" classname="NVFuserTest" />
    <testcase name="FusionGridReduction6_CUDA" file="/opt/pytorch/nvfuser/tests/cpp/test_gpu1.cpp" line="4419" status="run" result="completed" time="0.106" timestamp="2025-04-30T07:29:46.721" classname="NVFuserTest" />
    <testcase name="FusionGridReduction9_CUDA" file="/opt/pytorch/nvfuser/tests/cpp/test_gpu1.cpp" line="4540" status="run" result="completed" time="0.098" timestamp="2025-04-30T07:29:46.828" classname="NVFuserTest" />
    <testcase name="FusionSplitBCast_CUDA" file="/opt/pytorch/nvfuser/tests/cpp/test_gpu1.cpp" line="4646" status="run" result="completed" time="0.081" timestamp="2025-04-30T07:29:46.927" classname="NVFuserTest" />
    <testcase name="FusionReductionMultiConsumer_CUDA" file="/opt/pytorch/nvfuser/tests/cpp/test_gpu1.cpp" line="4724" status="run" result="completed" time="0." timestamp="2025-04-30T07:29:47.009" classname="NVFuserTest" />
    <testcase name="FusionComputeAtExprOrder3_CUDA" file="/opt/pytorch/nvfuser/tests/cpp/test_gpu1.cpp" line="4808" status="run" result="completed" time="0.487" timestamp="2025-04-30T07:29:47.009" classname="NVFuserTest" />
    <testcase name="FusionZeroDimReduction_CUDA" file="/opt/pytorch/nvfuser/tests/cpp/test_gpu1.cpp" line="4895" status="run" result="completed" time="0.096" timestamp="2025-04-30T07:29:47.497" classname="NVFuserTest" />
    <testcase name="FusionReductionKeepDimBasic_CUDA" file="/opt/pytorch/nvfuser/tests/cpp/test_gpu1.cpp" line="5005" status="run" result="completed" time="1.978" timestamp="2025-04-30T07:29:47.594" classname="NVFuserTest" />
    <testcase name="FusionSumToNoop_CUDA" file="/opt/pytorch/nvfuser/tests/cpp/test_gpu1.cpp" line="5109" status="run" result="completed" time="0.155" timestamp="2025-04-30T07:29:49.572" classname="NVFuserTest" />
    <testcase name="FusionSymbolicReduction_CUDA" file="/opt/pytorch/nvfuser/tests/cpp/test_gpu1.cpp" line="5245" status="run" result="completed" time="0.076" timestamp="2025-04-30T07:29:49.728" classname="NVFuserTest" />
    <testcase name="FusionCacheBefore_CUDA" file="/opt/pytorch/nvfuser/tests/cpp/test_gpu1.cpp" line="5530" status="run" result="completed" time="0.064" timestamp="2025-04-30T07:29:49.804" classname="NVFuserTest" />
    <testcase name="FusionCacheIndirect_CUDA" file="/opt/pytorch/nvfuser/tests/cpp/test_gpu1.cpp" line="5644" status="run" result="completed" time="0.073" timestamp="2025-04-30T07:29:49.869" classname="NVFuserTest" />
    <testcase name="FusionSmem_CUDA" file="/opt/pytorch/nvfuser/tests/cpp/test_gpu1.cpp" line="5781" status="run" result="completed" time="0.169" timestamp="2025-04-30T07:29:49.943" classname="NVFuserTest" />
    <testcase name="FusionSmemBlockGemmCache_CUDA" file="/opt/pytorch/nvfuser/tests/cpp/test_gpu1.cpp" line="5954" status="run" result="completed" time="0.135" timestamp="2025-04-30T07:29:50.112" classname="NVFuserTest" />
    <testcase name="FusionTestMaskSoftmax_CUDA" file="/opt/pytorch/nvfuser/tests/cpp/test_gpu1.cpp" line="6173" status="run" result="completed" time="0.224" timestamp="2025-04-30T07:29:50.248" classname="NVFuserTest" />
    <testcase name="FusionMagicSchedulerLayerNormalization_CUDA" file="/opt/pytorch/nvfuser/tests/cpp/test_gpu1.cpp" line="6356" status="run" result="completed" time="0.158" timestamp="2025-04-30T07:29:50.472" classname="NVFuserTest" />
    <testcase name="FusionMagicSchedulerInstanceNormalization_CUDA" file="/opt/pytorch/nvfuser/tests/cpp/test_gpu1.cpp" line="6520" status="run" result="completed" time="0.715" timestamp="2025-04-30T07:29:50.631" classname="NVFuserTest" />
    <testcase name="FusionPersistentNormLocalShared_CUDA" file="/opt/pytorch/nvfuser/tests/cpp/test_gpu1.cpp" line="6876" status="run" result="skipped" time="0." timestamp="2025-04-30T07:29:51.346" classname="NVFuserTest">
      <skipped message="/opt/pytorch/nvfuser/tests/cpp/test_gpu1.cpp:6877&#x0A;Disabled due to missed shared memory reuse. See #2490&#x0A;"><![CDATA[/opt/pytorch/nvfuser/tests/cpp/test_gpu1.cpp:6877
Disabled due to missed shared memory reuse. See #2490
]]></skipped>
    </testcase>
    <testcase name="FusionSmemDynamicReductionSymbolicArg_CUDA" file="/opt/pytorch/nvfuser/tests/cpp/test_gpu1.cpp" line="7234" status="run" result="completed" time="0.562" timestamp="2025-04-30T07:29:51.346" classname="NVFuserTest" />
    <testcase name="FusionGlobalIntermediate_CUDA" file="/opt/pytorch/nvfuser/tests/cpp/test_gpu2.cpp" line="60" status="run" result="completed" time="0.082" timestamp="2025-04-30T07:29:51.909" classname="NVFuserTest" />
    <testcase name="FusionUnrollWithAlloc_CUDA" file="/opt/pytorch/nvfuser/tests/cpp/test_gpu2.cpp" line="166" status="run" result="completed" time="0.094" timestamp="2025-04-30T07:29:51.991" classname="NVFuserTest" />
    <testcase name="FusionComputeAtNonterminatingOutput_CUDA" file="/opt/pytorch/nvfuser/tests/cpp/test_gpu2.cpp" line="238" status="run" result="completed" time="0.062" timestamp="2025-04-30T07:29:52.085" classname="NVFuserTest" />
    <testcase name="FusionTraversalOrder3_CUDA" file="/opt/pytorch/nvfuser/tests/cpp/test_gpu2.cpp" line="355" status="run" result="completed" time="0.335" timestamp="2025-04-30T07:29:52.148" classname="NVFuserTest" />
    <testcase name="FusionTraversalOrder6_CUDA" file="/opt/pytorch/nvfuser/tests/cpp/test_gpu2.cpp" line="491" status="run" result="completed" time="0.148" timestamp="2025-04-30T07:29:52.483" classname="NVFuserTest" />
    <testcase name="FusionLSTMCell_CUDA" file="/opt/pytorch/nvfuser/tests/cpp/test_gpu2.cpp" line="627" status="run" result="completed" time="0.565" timestamp="2025-04-30T07:29:52.631" classname="NVFuserTest" />
    <testcase name="FusionReduceImplicitBroadcast_CUDA" file="/opt/pytorch/nvfuser/tests/cpp/test_gpu2.cpp" line="746" status="run" result="completed" time="0.098" timestamp="2025-04-30T07:29:53.197" classname="NVFuserTest" />
    <testcase name="FusionTrivialReduction_CUDA" file="/opt/pytorch/nvfuser/tests/cpp/test_gpu2.cpp" line="851" status="run" result="completed" time="0.27" timestamp="2025-04-30T07:29:53.295" classname="NVFuserTest" />
    <testcase name="FusionInputsIdLookup_CUDA" file="/opt/pytorch/nvfuser/tests/cpp/test_gpu2.cpp" line="926" status="run" result="completed" time="0." timestamp="2025-04-30T07:29:53.566" classname="NVFuserTest" />
    <testcase name="FusionBiasGeluFwd_CUDA" file="/opt/pytorch/nvfuser/tests/cpp/test_gpu2.cpp" line="1112" status="run" result="completed" time="0.169" timestamp="2025-04-30T07:29:53.566" classname="NVFuserTest" />
    <testcase name="FusionSmemIndexingSimple_CUDA" file="/opt/pytorch/nvfuser/tests/cpp/test_gpu2.cpp" line="1277" status="run" result="completed" time="0.059" timestamp="2025-04-30T07:29:53.735" classname="NVFuserTest" />
    <testcase name="FusionCacheBeforeReduction2_CUDA" file="/opt/pytorch/nvfuser/tests/cpp/test_gpu2.cpp" line="1456" status="run" result="completed" time="0.064" timestamp="2025-04-30T07:29:53.795" classname="NVFuserTest" />
    <testcase name="FusionIssue363_CUDA" file="/opt/pytorch/nvfuser/tests/cpp/test_gpu2.cpp" line="1629" status="run" result="completed" time="0.095" timestamp="2025-04-30T07:29:53.860" classname="NVFuserTest" />
    <testcase name="FusionIssue382_CUDA" file="/opt/pytorch/nvfuser/tests/cpp/test_gpu2.cpp" line="1731" status="run" result="completed" time="0.069" timestamp="2025-04-30T07:29:53.955" classname="NVFuserTest" />
    <testcase name="FusionLoopUnswitch_CUDA" file="/opt/pytorch/nvfuser/tests/cpp/test_gpu2.cpp" line="1836" status="run" result="completed" time="0.069" timestamp="2025-04-30T07:29:54.025" classname="NVFuserTest" />
    <testcase name="FusionSerialWelford_CUDA" file="/opt/pytorch/nvfuser/tests/cpp/test_gpu2.cpp" line="1985" status="run" result="completed" time="0.141" timestamp="2025-04-30T07:29:54.095" classname="NVFuserTest" />
    <testcase name="FusionGridWelfordNoInit_CUDA" file="/opt/pytorch/nvfuser/tests/cpp/test_gpu2.cpp" line="2197" status="run" result="completed" time="0.119" timestamp="2025-04-30T07:29:54.236" classname="NVFuserTest" />
    <testcase name="FusionGridWelfordOp_CUDA" file="/opt/pytorch/nvfuser/tests/cpp/test_gpu2.cpp" line="2380" status="run" result="completed" time="0.118" timestamp="2025-04-30T07:29:54.356" classname="NVFuserTest" />
    <testcase name="FusionVarMean_CUDA" file="/opt/pytorch/nvfuser/tests/cpp/test_gpu2.cpp" line="2663" status="run" result="completed" time="2.653" timestamp="2025-04-30T07:29:54.474" classname="NVFuserTest" />
    <testcase name="FusionAdvancedComputeAtTransposed1_CUDA" file="/opt/pytorch/nvfuser/tests/cpp/test_gpu2.cpp" line="2825" status="run" result="completed" time="0.125" timestamp="2025-04-30T07:29:57.127" classname="NVFuserTest" />
    <testcase name="FusionAdvancedComputeAtTransposed4_CUDA" file="/opt/pytorch/nvfuser/tests/cpp/test_gpu2.cpp" line="3034" status="run" result="completed" time="0.328" timestamp="2025-04-30T07:29:57.253" classname="NVFuserTest" />
    <testcase name="FusionSegmentReducePointwise_CUDA" file="/opt/pytorch/nvfuser/tests/cpp/test_gpu2.cpp" line="3194" status="run" result="completed" time="0.194" timestamp="2025-04-30T07:29:57.582" classname="NVFuserTest" />
    <testcase name="FusionSimpleVectorizeUnroll_CUDA" file="/opt/pytorch/nvfuser/tests/cpp/test_gpu2.cpp" line="3344" status="run" result="completed" time="0.117" timestamp="2025-04-30T07:29:57.776" classname="NVFuserTest" />
    <testcase name="FusionGridPersistence2_CUDA" file="/opt/pytorch/nvfuser/tests/cpp/test_gpu2.cpp" line="3496" status="run" result="completed" time="0.113" timestamp="2025-04-30T07:29:57.894" classname="NVFuserTest" />
    <testcase name="FusionIssue633_CUDA" file="/opt/pytorch/nvfuser/tests/cpp/test_gpu2.cpp" line="3607" status="run" result="completed" time="0.065" timestamp="2025-04-30T07:29:58.008" classname="NVFuserTest" />
    <testcase name="FusionVectorization2_CUDA" file="/opt/pytorch/nvfuser/tests/cpp/test_gpu2.cpp" line="3716" status="run" result="completed" time="0.004" timestamp="2025-04-30T07:29:58.073" classname="NVFuserTest" />
    <testcase name="FusionSizeOneLoop1_CUDA" file="/opt/pytorch/nvfuser/tests/cpp/test_gpu2.cpp" line="3871" status="run" result="completed" time="0.103" timestamp="2025-04-30T07:29:58.078" classname="NVFuserTest" />
    <testcase name="FusionValidateParallelize2_CUDA" file="/opt/pytorch/nvfuser/tests/cpp/test_gpu2.cpp" line="3979" status="run" result="completed" time="0.062" timestamp="2025-04-30T07:29:58.181" classname="NVFuserTest" />
    <testcase name="FusionValidateParallelize5_CUDA" file="/opt/pytorch/nvfuser/tests/cpp/test_gpu2.cpp" line="4046" status="run" result="completed" time="0.069" timestamp="2025-04-30T07:29:58.243" classname="NVFuserTest" />
    <testcase name="FusionValidateParallelize8_CUDA" file="/opt/pytorch/nvfuser/tests/cpp/test_gpu2.cpp" line="4151" status="run" result="completed" time="0.118" timestamp="2025-04-30T07:29:58.313" classname="NVFuserTest" />
    <testcase name="FusionValidateParallelize11_CUDA" file="/opt/pytorch/nvfuser/tests/cpp/test_gpu2.cpp" line="4293" status="run" result="completed" time="0.105" timestamp="2025-04-30T07:29:58.432" classname="NVFuserTest" />
    <testcase name="FusionBlockReduceInSerialLoop_CUDA" file="/opt/pytorch/nvfuser/tests/cpp/test_gpu2.cpp" line="4418" status="run" result="completed" time="0.075" timestamp="2025-04-30T07:29:58.537" classname="NVFuserTest" />
    <testcase name="FusionIssue728_CUDA" file="/opt/pytorch/nvfuser/tests/cpp/test_gpu2.cpp" line="4513" status="run" result="completed" time="0." timestamp="2025-04-30T07:29:58.613" classname="NVFuserTest" />
    <testcase name="FusionSegmentVerticalMerge_CUDA" file="/opt/pytorch/nvfuser/tests/cpp/test_gpu2.cpp" line="4643" status="run" result="completed" time="0.041" timestamp="2025-04-30T07:29:58.613" classname="NVFuserTest" />
    <testcase name="FusionSBAR_CUDA" file="/opt/pytorch/nvfuser/tests/cpp/test_gpu2.cpp" line="4756" status="run" result="completed" time="0.175" timestamp="2025-04-30T07:29:58.654" classname="NVFuserTest" />
    <testcase name="FusionBNBackwardRepro2_CUDA" file="/opt/pytorch/nvfuser/tests/cpp/test_gpu2.cpp" line="4891" status="run" result="completed" time="0.284" timestamp="2025-04-30T07:29:58.829" classname="NVFuserTest" />
    <testcase name="FusionZeroSizeTensorPW_CUDA" file="/opt/pytorch/nvfuser/tests/cpp/test_gpu2.cpp" line="5084" status="run" result="completed" time="0." timestamp="2025-04-30T07:29:59.113" classname="NVFuserTest" />
    <testcase name="FusionWelford1Output_CUDA" file="/opt/pytorch/nvfuser/tests/cpp/test_gpu2.cpp" line="5190" status="run" result="completed" time="0.114" timestamp="2025-04-30T07:29:59.113" classname="NVFuserTest" />
    <testcase name="FusionLargeWelfordNormalization_CUDA" file="/opt/pytorch/nvfuser/tests/cpp/test_gpu2.cpp" line="5315" status="run" result="completed" time="0.149" timestamp="2025-04-30T07:29:59.228" classname="NVFuserTest" />
    <testcase name="FusionBackOffInnerBroadcast_CUDA" file="/opt/pytorch/nvfuser/tests/cpp/test_gpu2.cpp" line="5409" status="run" result="completed" time="0.002" timestamp="2025-04-30T07:29:59.378" classname="NVFuserTest" />
    <testcase name="FusionSimpleWarp_CUDA" file="/opt/pytorch/nvfuser/tests/cpp/test_gpu2.cpp" line="5484" status="run" result="completed" time="0.072" timestamp="2025-04-30T07:29:59.380" classname="NVFuserTest" />
    <testcase name="FusionSerialWarpReduction_CUDA" file="/opt/pytorch/nvfuser/tests/cpp/test_gpu2.cpp" line="5613" status="run" result="completed" time="0.136" timestamp="2025-04-30T07:29:59.453" classname="NVFuserTest" />
    <testcase name="FusionPadNoWarpReduce_CUDA" file="/opt/pytorch/nvfuser/tests/cpp/test_gpu2.cpp" line="5758" status="run" result="completed" time="0.072" timestamp="2025-04-30T07:29:59.589" classname="NVFuserTest" />
    <testcase name="FusionWarpReducePredication_CUDA" file="/opt/pytorch/nvfuser/tests/cpp/test_gpu2.cpp" line="5876" status="run" result="completed" time="0.131" timestamp="2025-04-30T07:29:59.662" classname="NVFuserTest" />
    <testcase name="FusionBufferReuseStressTest_CUDA" file="/opt/pytorch/nvfuser/tests/cpp/test_gpu2.cpp" line="6000" status="run" result="completed" time="0.081" timestamp="2025-04-30T07:29:59.793" classname="NVFuserTest" />
    <testcase name="FusionBufferReuseAllocationOrder_CUDA" file="/opt/pytorch/nvfuser/tests/cpp/test_gpu2.cpp" line="6108" status="run" result="completed" time="0.067" timestamp="2025-04-30T07:29:59.875" classname="NVFuserTest" />
    <testcase name="FusionIssue970_CUDA" file="/opt/pytorch/nvfuser/tests/cpp/test_gpu2.cpp" line="6205" status="run" result="completed" time="0.226" timestamp="2025-04-30T07:29:59.943" classname="NVFuserTest" />
    <testcase name="FusionNonUniqueThreadDim_CUDA" file="/opt/pytorch/nvfuser/tests/cpp/test_gpu2.cpp" line="6292" status="run" result="completed" time="0.077" timestamp="2025-04-30T07:30:00.169" classname="NVFuserTest" />
    <testcase name="FusionParallelDimensionMap3_CUDA" file="/opt/pytorch/nvfuser/tests/cpp/test_gpu2.cpp" line="6400" status="run" result="completed" time="0.08" timestamp="2025-04-30T07:30:00.246" classname="NVFuserTest" />
    <testcase name="FusionSegmenterCombineReductionsCycleRepro_CUDA" file="/opt/pytorch/nvfuser/tests/cpp/test_gpu2.cpp" line="6538" status="run" result="completed" time="5.75" timestamp="2025-04-30T07:30:00.327" classname="NVFuserTest" />
    <testcase name="FusionIssue1099_CUDA" file="/opt/pytorch/nvfuser/tests/cpp/test_gpu2.cpp" line="6742" status="run" result="completed" time="0.08" timestamp="2025-04-30T07:30:06.077" classname="NVFuserTest" />
    <testcase name="FusionIssue1052_CUDA" file="/opt/pytorch/nvfuser/tests/cpp/test_gpu2.cpp" line="6872" status="run" result="completed" time="0.058" timestamp="2025-04-30T07:30:06.158" classname="NVFuserTest" />
    <testcase name="FusionSmemAliasSerial_CUDA" file="/opt/pytorch/nvfuser/tests/cpp/test_gpu2.cpp" line="6970" status="run" result="completed" time="0.067" timestamp="2025-04-30T07:30:06.217" classname="NVFuserTest" />
    <testcase name="FusionGridReductionWithNonExactParallelDimensions2_CUDA" file="/opt/pytorch/nvfuser/tests/cpp/test_gpu2.cpp" line="7070" status="run" result="completed" time="0.154" timestamp="2025-04-30T07:30:06.284" classname="NVFuserTest" />
    <testcase name="FusionSmemPredicateUnswitch_CUDA" file="/opt/pytorch/nvfuser/tests/cpp/test_gpu2.cpp" line="7222" status="run" result="completed" time="0.101" timestamp="2025-04-30T07:30:06.438" classname="NVFuserTest" />
    <testcase name="FusionThreadPredicateUnswitch_CUDA" file="/opt/pytorch/nvfuser/tests/cpp/test_gpu2.cpp" line="7363" status="run" result="completed" time="0.104" timestamp="2025-04-30T07:30:06.540" classname="NVFuserTest" />
    <testcase name="FusionIssue1133_CUDA" file="/opt/pytorch/nvfuser/tests/cpp/test_gpu2.cpp" line="7460" status="run" result="skipped" time="0.101" timestamp="2025-04-30T07:30:06.644" classname="NVFuserTest">
      <skipped message="/opt/pytorch/nvfuser/tests/cpp/test_gpu2.cpp:7532&#x0A;NOTE: disabling 1133 test for cuda12.2 failure. See issue: https://github.com/NVIDIA/Fuser/issues/615&#x0A;"><![CDATA[/opt/pytorch/nvfuser/tests/cpp/test_gpu2.cpp:7532
NOTE: disabling 1133 test for cuda12.2 failure. See issue: https://github.com/NVIDIA/Fuser/issues/615
]]></skipped>
    </testcase>
    <testcase name="FusionRfactorPredication1_CUDA" file="/opt/pytorch/nvfuser/tests/cpp/test_gpu2.cpp" line="7625" status="run" result="completed" time="0.087" timestamp="2025-04-30T07:30:06.746" classname="NVFuserTest" />
    <testcase name="FusionNonDivisibleSplit1_CUDA" file="/opt/pytorch/nvfuser/tests/cpp/test_gpu3.cpp" line="64" status="run" result="completed" time="0.088" timestamp="2025-04-30T07:30:06.834" classname="NVFuserTest" />
    <testcase name="FusionNonDivisibleSplit4_CUDA" file="/opt/pytorch/nvfuser/tests/cpp/test_gpu3.cpp" line="225" status="run" result="completed" time="0.092" timestamp="2025-04-30T07:30:06.922" classname="NVFuserTest" />
    <testcase name="FusionNonDivisibleSplitVectorize2_CUDA" file="/opt/pytorch/nvfuser/tests/cpp/test_gpu3.cpp" line="376" status="run" result="completed" time="0.202" timestamp="2025-04-30T07:30:07.014" classname="NVFuserTest" />
    <testcase name="FusionBroadcastConcretization1_CUDA" file="/opt/pytorch/nvfuser/tests/cpp/test_gpu3.cpp" line="494" status="run" result="completed" time="0.189" timestamp="2025-04-30T07:30:07.217" classname="NVFuserTest" />
    <testcase name="FusionBroadcastConcretization5_CUDA" file="/opt/pytorch/nvfuser/tests/cpp/test_gpu3.cpp" line="659" status="run" result="completed" time="0." timestamp="2025-04-30T07:30:07.407" classname="NVFuserTest" />
    <testcase name="FusionTestGridComm_CUDA" file="/opt/pytorch/nvfuser/tests/cpp/test_gpu3.cpp" line="909" status="run" result="completed" time="0.077" timestamp="2025-04-30T07:30:07.407" classname="NVFuserTest" />
    <testcase name="FusionTooLargeSmem_CUDA" file="/opt/pytorch/nvfuser/tests/cpp/test_gpu3.cpp" line="1032" status="run" result="completed" time="2.325" timestamp="2025-04-30T07:30:07.484" classname="NVFuserTest" />
    <testcase name="FusionVectorizeContigIndex_CUDA" file="/opt/pytorch/nvfuser/tests/cpp/test_gpu3.cpp" line="1133" status="run" result="completed" time="0.063" timestamp="2025-04-30T07:30:09.809" classname="NVFuserTest" />
    <testcase name="FusionVectorizeInputToOutput_CUDA" file="/opt/pytorch/nvfuser/tests/cpp/test_gpu3.cpp" line="1239" status="run" result="completed" time="0.061" timestamp="2025-04-30T07:30:09.873" classname="NVFuserTest" />
    <testcase name="FusionVectorizeContigIndexValidationFail2_CUDA" file="/opt/pytorch/nvfuser/tests/cpp/test_gpu3.cpp" line="1353" status="run" result="skipped" time="0." timestamp="2025-04-30T07:30:09.934" classname="NVFuserTest">
      <skipped message="/opt/pytorch/nvfuser/tests/cpp/test_gpu3.cpp:1354&#x0A;&#x0A;"><![CDATA[/opt/pytorch/nvfuser/tests/cpp/test_gpu3.cpp:1354

]]></skipped>
    </testcase>
    <testcase name="FusionTrivialReductionForwarding4_CUDA" file="/opt/pytorch/nvfuser/tests/cpp/test_gpu3.cpp" line="1481" status="run" result="completed" time="0.07" timestamp="2025-04-30T07:30:09.934" classname="NVFuserTest" />
    <testcase name="FusionRAWSyncInsertionPlace3_CUDA" file="/opt/pytorch/nvfuser/tests/cpp/test_gpu3.cpp" line="1620" status="run" result="completed" time="0.132" timestamp="2025-04-30T07:30:10.005" classname="NVFuserTest" />
    <testcase name="FusionSerialSmemWriteParallelRead2_CUDA" file="/opt/pytorch/nvfuser/tests/cpp/test_gpu3.cpp" line="1768" status="run" result="completed" time="0.696" timestamp="2025-04-30T07:30:10.137" classname="NVFuserTest" />
    <testcase name="FusionPredRemovalCheck_CUDA" file="/opt/pytorch/nvfuser/tests/cpp/test_gpu3.cpp" line="1901" status="run" result="completed" time="0.006" timestamp="2025-04-30T07:30:10.834" classname="NVFuserTest" />
    <testcase name="FusionIncompleteConcreteID_CUDA" file="/opt/pytorch/nvfuser/tests/cpp/test_gpu3.cpp" line="2076" status="run" result="completed" time="0.004" timestamp="2025-04-30T07:30:10.841" classname="NVFuserTest" />
    <testcase name="FusionRedundantPredSync2_CUDA" file="/opt/pytorch/nvfuser/tests/cpp/test_gpu3.cpp" line="2298" status="run" result="completed" time="0.065" timestamp="2025-04-30T07:30:10.845" classname="NVFuserTest" />
    <testcase name="FusionUnsqueeze1_CUDA" file="/opt/pytorch/nvfuser/tests/cpp/test_gpu3.cpp" line="2512" status="run" result="completed" time="0.161" timestamp="2025-04-30T07:30:10.911" classname="NVFuserTest" />
    <testcase name="FusionDivScalarLhs_CUDA" file="/opt/pytorch/nvfuser/tests/cpp/test_gpu3.cpp" line="2613" status="run" result="completed" time="0.068" timestamp="2025-04-30T07:30:11.073" classname="NVFuserTest" />
    <testcase name="FusionExpandIssue1751_CUDA" file="/opt/pytorch/nvfuser/tests/cpp/test_gpu3.cpp" line="2750" status="run" result="completed" time="0.001" timestamp="2025-04-30T07:30:11.142" classname="NVFuserTest" />
    <testcase name="FusionTransformPropagateSibling_CUDA" file="/opt/pytorch/nvfuser/tests/cpp/test_gpu3.cpp" line="2865" status="run" result="completed" time="0." timestamp="2025-04-30T07:30:11.144" classname="NVFuserTest" />
    <testcase name="FusionIgnoreZeroDimReduction_CUDA" file="/opt/pytorch/nvfuser/tests/cpp/test_gpu3.cpp" line="2991" status="run" result="completed" time="0.119" timestamp="2025-04-30T07:30:11.144" classname="NVFuserTest" />
    <testcase name="FusionTransformPropagatorPos_CUDA" file="/opt/pytorch/nvfuser/tests/cpp/test_gpu3.cpp" line="3092" status="run" result="completed" time="0." timestamp="2025-04-30T07:30:11.263" classname="NVFuserTest" />
    <testcase name="FusionIssue1785Repro_CUDA" file="/opt/pytorch/nvfuser/tests/cpp/test_gpu3.cpp" line="3199" status="run" result="completed" time="0.093" timestamp="2025-04-30T07:30:11.264" classname="NVFuserTest" />
    <testcase name="FusionBoundedDirectionSelection1_CUDA" file="/opt/pytorch/nvfuser/tests/cpp/test_gpu3.cpp" line="3310" status="run" result="completed" time="0." timestamp="2025-04-30T07:30:11.357" classname="NVFuserTest" />
    <testcase name="FusionExpandRepro1860_CUDA" file="/opt/pytorch/nvfuser/tests/cpp/test_gpu3.cpp" line="3422" status="run" result="completed" time="0.105" timestamp="2025-04-30T07:30:11.357" classname="NVFuserTest" />
    <testcase name="FusionExpandBadShapeTest_CUDA" file="/opt/pytorch/nvfuser/tests/cpp/test_gpu3.cpp" line="3521" status="run" result="completed" time="0." timestamp="2025-04-30T07:30:11.462" classname="NVFuserTest" />
    <testcase name="FusionCheckedSymbolicShape_CUDA" file="/opt/pytorch/nvfuser/tests/cpp/test_gpu3.cpp" line="3622" status="run" result="skipped" time="0.121" timestamp="2025-04-30T07:30:11.463" classname="NVFuserTest">
      <skipped message="/opt/pytorch/nvfuser/tests/cpp/test_gpu3.cpp:3665&#x0A;skipping tests on pre-AMPERE GPUs&#x0A;"><![CDATA[/opt/pytorch/nvfuser/tests/cpp/test_gpu3.cpp:3665
skipping tests on pre-AMPERE GPUs
]]></skipped>
    </testcase>
    <testcase name="FusionScheduleTransposeRepro1_CUDA" file="/opt/pytorch/nvfuser/tests/cpp/test_gpu3.cpp" line="3738" status="run" result="completed" time="0.353" timestamp="2025-04-30T07:30:11.584" classname="NVFuserTest" />
    <testcase name="FusionMergeBroadcastingTrivialReduction1_CUDA" file="/opt/pytorch/nvfuser/tests/cpp/test_gpu3.cpp" line="3844" status="run" result="completed" time="0.058" timestamp="2025-04-30T07:30:11.938" classname="NVFuserTest" />
    <testcase name="FusionSimpleAmperePipeline_CUDA" file="/opt/pytorch/nvfuser/tests/cpp/test_gpu3.cpp" line="3932" status="run" result="completed" time="0.441" timestamp="2025-04-30T07:30:11.997" classname="NVFuserTest" />
    <testcase name="FusionBroadcastPersistentReduction_CUDA" file="/opt/pytorch/nvfuser/tests/cpp/test_gpu3.cpp" line="4062" status="run" result="completed" time="0.143" timestamp="2025-04-30T07:30:12.439" classname="NVFuserTest" />
    <testcase name="FusionHuggingFaceRepro2064Squeeze_CUDA" file="/opt/pytorch/nvfuser/tests/cpp/test_gpu3.cpp" line="4273" status="run" result="completed" time="0.112" timestamp="2025-04-30T07:30:12.583" classname="NVFuserTest" />
    <testcase name="FusionHuggingFaceRepro2064_CUDA" file="/opt/pytorch/nvfuser/tests/cpp/test_gpu3.cpp" line="4390" status="run" result="completed" time="0.095" timestamp="2025-04-30T07:30:12.695" classname="NVFuserTest" />
    <testcase name="FusionIssue2077_CUDA" file="/opt/pytorch/nvfuser/tests/cpp/test_gpu3.cpp" line="4518" status="run" result="completed" time="0.079" timestamp="2025-04-30T07:30:12.790" classname="NVFuserTest" />
    <testcase name="FusionPropagateVectorizePredicate_CUDA" file="/opt/pytorch/nvfuser/tests/cpp/test_gpu3.cpp" line="4657" status="run" result="completed" time="0.073" timestamp="2025-04-30T07:30:12.870" classname="NVFuserTest" />
    <testcase name="FusionFloatingPointType_CUDA" file="/opt/pytorch/nvfuser/tests/cpp/test_gpu3.cpp" line="4893" status="run" result="completed" time="0.06" timestamp="2025-04-30T07:30:12.944" classname="NVFuserTest" />
    <testcase name="FusionVectorizeWelford2_CUDA" file="/opt/pytorch/nvfuser/tests/cpp/test_gpu3.cpp" line="5111" status="run" result="completed" time="0.177" timestamp="2025-04-30T07:30:13.004" classname="NVFuserTest" />
    <testcase name="FusionFloatConstantWhere_CUDA" file="/opt/pytorch/nvfuser/tests/cpp/test_gpu3.cpp" line="5276" status="run" result="completed" time="0.063" timestamp="2025-04-30T07:30:13.182" classname="NVFuserTest" />
    <testcase name="FusionPredicateReductionInitShared_CUDA" file="/opt/pytorch/nvfuser/tests/cpp/test_gpu3.cpp" line="5485" status="run" result="completed" time="0.068" timestamp="2025-04-30T07:30:13.245" classname="NVFuserTest" />
    <testcase name="FusionCompileIndexType_CUDA" file="/opt/pytorch/nvfuser/tests/cpp/test_gpu3.cpp" line="5623" status="run" result="completed" time="0.182" timestamp="2025-04-30T07:30:13.314" classname="NVFuserTest" />
    <testcase name="FusionHalfScalars_CUDA" file="/opt/pytorch/nvfuser/tests/cpp/test_gpu3.cpp" line="5814" status="run" result="completed" time="0.062" timestamp="2025-04-30T07:30:13.496" classname="NVFuserTest" />
    <testcase name="FusionAvoidRedundantWriteBroadcastedSoftmaxInput_CUDA" file="/opt/pytorch/nvfuser/tests/cpp/test_gpu3.cpp" line="5901" status="run" result="completed" time="0.25" timestamp="2025-04-30T07:30:13.559" classname="NVFuserTest" />
    <testcase name="FusionAvoidRedundantWriteNonOutput_CUDA" file="/opt/pytorch/nvfuser/tests/cpp/test_gpu3.cpp" line="6107" status="run" result="completed" time="0.067" timestamp="2025-04-30T07:30:13.809" classname="NVFuserTest" />
    <testcase name="CompareLogicalAndLoopDomains" file="/opt/pytorch/nvfuser/tests/cpp/test_gpu3.cpp" line="6321" status="run" result="completed" time="0." timestamp="2025-04-30T07:30:13.877" classname="NVFuserTest" />
    <testcase name="CompareDomainWithReference3" file="/opt/pytorch/nvfuser/tests/cpp/test_gpu3.cpp" line="6458" status="run" result="completed" time="0." timestamp="2025-04-30T07:30:13.877" classname="NVFuserTest" />
    <testcase name="AllIDsWithExtraLoopIDs2" file="/opt/pytorch/nvfuser/tests/cpp/test_gpu3.cpp" line="6631" status="run" result="completed" time="0." timestamp="2025-04-30T07:30:13.877" classname="NVFuserTest" />
    <testcase name="FusionTestWarnRegisterSpill_CUDA" file="/opt/pytorch/nvfuser/tests/cpp/test_gpu3.cpp" line="6833" status="run" result="completed" time="0.481" timestamp="2025-04-30T07:30:13.877" classname="NVFuserTest" />
    <testcase name="IsFinite_CUDA" file="/opt/pytorch/nvfuser/tests/cpp/test_gpu3.cpp" line="6967" status="run" result="completed" time="0.217" timestamp="2025-04-30T07:30:14.358" classname="NVFuserTest" />
    <testcase name="FusionDebugStreamGuard_CUDA" file="/opt/pytorch/nvfuser/tests/cpp/test_gpu3.cpp" line="7099" status="run" result="completed" time="0." timestamp="2025-04-30T07:30:14.576" classname="NVFuserTest" />
    <testcase name="FusionInstanceNormNHWC_CUDA" file="/opt/pytorch/nvfuser/tests/cpp/test_gpu3.cpp" line="7196" status="run" result="completed" time="0.555" timestamp="2025-04-30T07:30:14.576" classname="NVFuserTest" />
    <testcase name="IndexDataTypePromotion" file="/opt/pytorch/nvfuser/tests/cpp/test_gpu3.cpp" line="7392" status="run" result="completed" time="0." timestamp="2025-04-30T07:30:15.131" classname="NVFuserTest" />
    <testcase name="StructConstruct" file="/opt/pytorch/nvfuser/tests/cpp/test_gpu3.cpp" line="7456" status="run" result="completed" time="0.055" timestamp="2025-04-30T07:30:15.131" classname="NVFuserTest" />
    <testcase name="PredicateRNGOps" file="/opt/pytorch/nvfuser/tests/cpp/test_gpu3.cpp" line="7555" status="run" result="completed" time="1.926" timestamp="2025-04-30T07:30:15.187" classname="NVFuserTest" />
    <testcase name="Reduction3DConstantIterationDomain" file="/opt/pytorch/nvfuser/tests/cpp/test_gpu3.cpp" line="7672" status="run" result="completed" time="0.112" timestamp="2025-04-30T07:30:17.113" classname="NVFuserTest" />
    <testcase name="BlockReduction3D" file="/opt/pytorch/nvfuser/tests/cpp/test_gpu3.cpp" line="7771" status="run" result="completed" time="4.418" timestamp="2025-04-30T07:30:17.226" classname="NVFuserTest" />
    <testcase name="DecoupledDomains1" file="/opt/pytorch/nvfuser/tests/cpp/test_gpu3.cpp" line="7870" status="run" result="completed" time="0." timestamp="2025-04-30T07:30:21.644" classname="NVFuserTest" />
    <testcase name="BroadcastFromNowhereFusion" file="/opt/pytorch/nvfuser/tests/cpp/test_gpu3.cpp" line="8161" status="run" result="completed" time="0.671" timestamp="2025-04-30T07:30:21.645" classname="NVFuserTest" />
    <testcase name="MoveNonConcretizedBroadcastInNormalization" file="/opt/pytorch/nvfuser/tests/cpp/test_gpu3.cpp" line="8288" status="run" result="completed" time="0.106" timestamp="2025-04-30T07:30:22.317" classname="NVFuserTest" />
    <testcase name="Issue2685Repro" file="/opt/pytorch/nvfuser/tests/cpp/test_gpu3.cpp" line="8463" status="run" result="completed" time="0.429" timestamp="2025-04-30T07:30:22.423" classname="NVFuserTest" />
    <testcase name="RAWSync" file="/opt/pytorch/nvfuser/tests/cpp/test_gpu3.cpp" line="8632" status="run" result="completed" time="0.001" timestamp="2025-04-30T07:30:22.853" classname="NVFuserTest" />
    <testcase name="AvoidReplacingWithDependentVal" file="/opt/pytorch/nvfuser/tests/cpp/test_gpu3.cpp" line="8744" status="run" result="completed" time="0." timestamp="2025-04-30T07:30:22.855" classname="NVFuserTest" />
    <testcase name="AllIdsMultipleDependencies" file="/opt/pytorch/nvfuser/tests/cpp/test_gpu3.cpp" line="8856" status="run" result="completed" time="0." timestamp="2025-04-30T07:30:22.855" classname="NVFuserTest" />
    <testcase name="RepeatBroadcastAndNonBroadcast" file="/opt/pytorch/nvfuser/tests/cpp/test_gpu3.cpp" line="8951" status="run" result="completed" time="0.104" timestamp="2025-04-30T07:30:22.855" classname="NVFuserTest" />
    <testcase name="FusionGridAllreduce1_CUDA" file="/opt/pytorch/nvfuser/tests/cpp/test_gpu_fused_reduction.cpp" line="76" status="run" result="completed" time="0.149" timestamp="2025-04-30T07:30:22.960" classname="NVFuserTest" />
    <testcase name="FusionGridAllreduce4_CUDA" file="/opt/pytorch/nvfuser/tests/cpp/test_gpu_fused_reduction.cpp" line="225" status="run" result="completed" time="0.11" timestamp="2025-04-30T07:30:23.109" classname="NVFuserTest" />
    <testcase name="FusionGridAllreduceWelford1_CUDA" file="/opt/pytorch/nvfuser/tests/cpp/test_gpu_fused_reduction.cpp" line="385" status="run" result="completed" time="0.156" timestamp="2025-04-30T07:30:23.219" classname="NVFuserTest" />
    <testcase name="FusionGroupedReduction1_CUDA" file="/opt/pytorch/nvfuser/tests/cpp/test_gpu_fused_reduction.cpp" line="633" status="run" result="completed" time="0.077" timestamp="2025-04-30T07:30:23.375" classname="NVFuserTest" />
    <testcase name="FusionGroupedReduction4_CUDA" file="/opt/pytorch/nvfuser/tests/cpp/test_gpu_fused_reduction.cpp" line="758" status="run" result="completed" time="0." timestamp="2025-04-30T07:30:23.453" classname="NVFuserTest" />
    <testcase name="FusionGroupedReduction7_CUDA" file="/opt/pytorch/nvfuser/tests/cpp/test_gpu_fused_reduction.cpp" line="844" status="run" result="completed" time="0." timestamp="2025-04-30T07:30:23.453" classname="NVFuserTest" />
    <testcase name="FusionGroupedReductionAfterComputeAt_CUDA" file="/opt/pytorch/nvfuser/tests/cpp/test_gpu_fused_reduction.cpp" line="957" status="run" result="completed" time="0.084" timestamp="2025-04-30T07:30:23.453" classname="NVFuserTest" />
    <testcase name="FusionGroupAllreduce3_CUDA" file="/opt/pytorch/nvfuser/tests/cpp/test_gpu_fused_reduction.cpp" line="1101" status="run" result="completed" time="0.188" timestamp="2025-04-30T07:30:23.538" classname="NVFuserTest" />
    <testcase name="FusionPersistentBNBackwardAllreduce_CUDA" file="/opt/pytorch/nvfuser/tests/cpp/test_gpu_fused_reduction.cpp" line="1305" status="run" result="completed" time="0.353" timestamp="2025-04-30T07:30:23.726" classname="NVFuserTest" />
    <testcase name="FusionGroupedReductionPersistentChannelsLastBatchNormLike_CUDA" file="/opt/pytorch/nvfuser/tests/cpp/test_gpu_fused_reduction.cpp" line="1705" status="run" result="completed" time="0.377" timestamp="2025-04-30T07:30:24.079" classname="NVFuserTest" />
    <testcase name="FusionCrossIterationGroupedGridAllreduce3_CUDA" file="/opt/pytorch/nvfuser/tests/cpp/test_gpu_fused_reduction.cpp" line="2000" status="run" result="completed" time="0.259" timestamp="2025-04-30T07:30:24.457" classname="NVFuserTest" />
    <testcase name="FusionCrossIterationGroupedGridAllreduceWelford2_CUDA" file="/opt/pytorch/nvfuser/tests/cpp/test_gpu_fused_reduction.cpp" line="2240" status="run" result="completed" time="0.606" timestamp="2025-04-30T07:30:24.717" classname="NVFuserTest" />
    <testcase name="FusionCrossEntropyGatherPattern_CUDA" file="/opt/pytorch/nvfuser/tests/cpp/test_gpu_fused_reduction.cpp" line="2550" status="run" result="completed" time="0.072" timestamp="2025-04-30T07:30:25.323" classname="NVFuserTest" />
    <testcase name="IndexSelectVectorizationLookupTensorCase0" file="/opt/pytorch/nvfuser/tests/cpp/test_index_select.cpp" line="640" status="run" result="completed" time="0.118" timestamp="2025-04-30T07:30:25.396" classname="NVFuserTest" />
    <testcase name="IndexSelectVectorizationIndexTensorNoBroadcast" file="/opt/pytorch/nvfuser/tests/cpp/test_index_select.cpp" line="745" status="run" result="completed" time="0.089" timestamp="2025-04-30T07:30:25.515" classname="NVFuserTest" />
    <testcase name="OptOutMutatorMutatedOutput" file="/opt/pytorch/nvfuser/tests/cpp/test_mutator.cpp" line="26" status="run" result="completed" time="0.058" timestamp="2025-04-30T07:30:25.605" classname="NVFuserTest" />
    <testcase name="AvoidProjectingToInputsIfRecomputeHasDropout" file="/opt/pytorch/nvfuser/tests/cpp/test_persistent_buffer.cpp" line="1102" status="run" result="completed" time="0.026" timestamp="2025-04-30T07:30:25.663" classname="NVFuserTest" />
    <testcase name="InnerReductionUnrollVectorization" file="/opt/pytorch/nvfuser/tests/cpp/test_reduction_pointwise.cpp" line="130" status="run" result="completed" time="0.1" timestamp="2025-04-30T07:30:25.690" classname="NVFuserTest" />
    <testcase name="ReductionSchedulerWithAdditionalIDOuterNormalization" file="/opt/pytorch/nvfuser/tests/cpp/test_reduction_pointwise.cpp" line="229" status="run" result="completed" time="0.154" timestamp="2025-04-30T07:30:25.790" classname="NVFuserTest" />
    <testcase name="FusionSplitDims" file="/opt/pytorch/nvfuser/tests/cpp/test_utils.cpp" line="80" status="run" result="completed" time="0." timestamp="2025-04-30T07:30:25.944" classname="NVFuserTest" />
    <testcase name="FusionDisjointViewSet" file="/opt/pytorch/nvfuser/tests/cpp/test_utils.cpp" line="158" status="run" result="completed" time="0." timestamp="2025-04-30T07:30:25.944" classname="NVFuserTest" />
    <testcase name="FusionSASSDumpError" file="/opt/pytorch/nvfuser/tests/cpp/test_utils.cpp" line="1079" status="run" result="completed" time="0.194" timestamp="2025-04-30T07:30:25.945" classname="NVFuserTest" />
    <testcase name="ProveLinearAndGetStrideEarlyStopping" file="/opt/pytorch/nvfuser/tests/cpp/test_utils.cpp" line="1689" status="run" result="completed" time="0." timestamp="2025-04-30T07:30:26.140" classname="NVFuserTest" />
    <testcase name="Generator3" file="/opt/pytorch/nvfuser/tests/cpp/test_utils.cpp" line="2134" status="run" result="completed" time="0." timestamp="2025-04-30T07:30:26.140" classname="NVFuserTest" />
  </testsuite>
  <testsuite name="AliasTest" tests="17" failures="0" disabled="0" skipped="0" errors="0" time="1.445" timestamp="2025-04-30T07:30:26.140">
    <testcase name="View" file="/opt/pytorch/nvfuser/tests/cpp/test_alias.cpp" line="41" status="run" result="completed" time="0.001" timestamp="2025-04-30T07:30:26.140" classname="AliasTest" />
    <testcase name="View_NoAliasForIncompliantLayout" file="/opt/pytorch/nvfuser/tests/cpp/test_alias.cpp" line="121" status="run" result="completed" time="0.072" timestamp="2025-04-30T07:30:26.141" classname="AliasTest" />
    <testcase name="SliceToSizeOne_Issue1353" file="/opt/pytorch/nvfuser/tests/cpp/test_alias.cpp" line="213" status="run" result="completed" time="0.001" timestamp="2025-04-30T07:30:26.214" classname="AliasTest" />
    <testcase name="DuplicateOutputsSegmentedFusion" file="/opt/pytorch/nvfuser/tests/cpp/test_alias.cpp" line="311" status="run" result="completed" time="0.122" timestamp="2025-04-30T07:30:26.216" classname="AliasTest" />
    <testcase name="Issue1452" file="/opt/pytorch/nvfuser/tests/cpp/test_alias.cpp" line="452" status="run" result="completed" time="0.096" timestamp="2025-04-30T07:30:26.338" classname="AliasTest" />
    <testcase name="DuplicateOutputsComplex" file="/opt/pytorch/nvfuser/tests/cpp/test_alias.cpp" line="550" status="run" result="completed" time="0.073" timestamp="2025-04-30T07:30:26.435" classname="AliasTest" />
    <testcase name="TrivialInputForwarding" file="/opt/pytorch/nvfuser/tests/cpp/test_alias.cpp" line="622" status="run" result="completed" time="0.053" timestamp="2025-04-30T07:30:26.508" classname="AliasTest" />
    <testcase name="OutputNotAliasedByAnotherOutputShouldNotBeSegmented" file="/opt/pytorch/nvfuser/tests/cpp/test_alias.cpp" line="699" status="run" result="completed" time="0.082" timestamp="2025-04-30T07:30:26.561" classname="AliasTest" />
    <testcase name="DoNotOverSegment_WithForks" file="/opt/pytorch/nvfuser/tests/cpp/test_alias.cpp" line="793" status="run" result="completed" time="0.097" timestamp="2025-04-30T07:30:26.644" classname="AliasTest" />
    <testcase name="MergeTwoExpandedBroadcasts" file="/opt/pytorch/nvfuser/tests/cpp/test_alias.cpp" line="867" status="run" result="completed" time="0.065" timestamp="2025-04-30T07:30:26.742" classname="AliasTest" />
    <testcase name="SourceIsBothInputAndOutput" file="/opt/pytorch/nvfuser/tests/cpp/test_alias.cpp" line="935" status="run" result="completed" time="0.059" timestamp="2025-04-30T07:30:26.808" classname="AliasTest" />
    <testcase name="ReuseBuffer_AliasAcrossSegments" file="/opt/pytorch/nvfuser/tests/cpp/test_alias.cpp" line="991" status="run" result="completed" time="0.238" timestamp="2025-04-30T07:30:26.867" classname="AliasTest" />
    <testcase name="NoKernelsAreLaunched" file="/opt/pytorch/nvfuser/tests/cpp/test_alias.cpp" line="1131" status="run" result="completed" time="0.028" timestamp="2025-04-30T07:30:27.106" classname="AliasTest" />
    <testcase name="Bookend_SegmentSetPreservesAllocation" file="/opt/pytorch/nvfuser/tests/cpp/test_alias.cpp" line="1218" status="run" result="completed" time="0.069" timestamp="2025-04-30T07:30:27.135" classname="AliasTest" />
    <testcase name="Bookend_AliasesOfSameTensor" file="/opt/pytorch/nvfuser/tests/cpp/test_alias.cpp" line="1315" status="run" result="completed" time="0.074" timestamp="2025-04-30T07:30:27.204" classname="AliasTest" />
    <testcase name="Bookend_Issue2375" file="/opt/pytorch/nvfuser/tests/cpp/test_alias.cpp" line="1431" status="run" result="completed" time="0.212" timestamp="2025-04-30T07:30:27.279" classname="AliasTest" />
    <testcase name="ReshapeInplaceUpdateNoSegmentation" file="/opt/pytorch/nvfuser/tests/cpp/test_alias.cpp" line="1542" status="run" result="completed" time="0.094" timestamp="2025-04-30T07:30:27.491" classname="AliasTest" />
  </testsuite>
  <testsuite name="AliasAnalysisTest" tests="4" failures="0" disabled="0" skipped="0" errors="0" time="0." timestamp="2025-04-30T07:30:27.585">
    <testcase name="View_Contiguous" file="/opt/pytorch/nvfuser/tests/cpp/test_alias_analysis.cpp" line="62" status="run" result="completed" time="0." timestamp="2025-04-30T07:30:27.585" classname="AliasAnalysisTest" />
    <testcase name="Permute" file="/opt/pytorch/nvfuser/tests/cpp/test_alias_analysis.cpp" line="123" status="run" result="completed" time="0." timestamp="2025-04-30T07:30:27.585" classname="AliasAnalysisTest" />
    <testcase name="View_MergeExpandedBroadcast" file="/opt/pytorch/nvfuser/tests/cpp/test_alias_analysis.cpp" line="194" status="run" result="completed" time="0." timestamp="2025-04-30T07:30:27.585" classname="AliasAnalysisTest" />
    <testcase name="MergeSlicedDimensions" file="/opt/pytorch/nvfuser/tests/cpp/test_alias_analysis.cpp" line="241" status="run" result="completed" time="0." timestamp="2025-04-30T07:30:27.585" classname="AliasAnalysisTest" />
  </testsuite>
  <testsuite name="AllocationDomainTest" tests="12" failures="0" disabled="0" skipped="0" errors="0" time="0.54" timestamp="2025-04-30T07:30:27.585">
    <testcase name="TransposedIntermediate" file="/opt/pytorch/nvfuser/tests/cpp/test_allocation_domain.cpp" line="31" status="run" result="completed" time="0.082" timestamp="2025-04-30T07:30:27.585" classname="AllocationDomainTest" />
    <testcase name="NCHW4d_To_NHWC2d" file="/opt/pytorch/nvfuser/tests/cpp/test_allocation_domain.cpp" line="149" status="run" result="completed" time="0.065" timestamp="2025-04-30T07:30:27.668" classname="AllocationDomainTest" />
    <testcase name="NHWC4d_To_NHWC4d" file="/opt/pytorch/nvfuser/tests/cpp/test_allocation_domain.cpp" line="302" status="run" result="completed" time="0.063" timestamp="2025-04-30T07:30:27.734" classname="AllocationDomainTest" />
    <testcase name="NHWC1d_To_NHWC1d" file="/opt/pytorch/nvfuser/tests/cpp/test_allocation_domain.cpp" line="472" status="run" result="completed" time="0.062" timestamp="2025-04-30T07:30:27.797" classname="AllocationDomainTest" />
    <testcase name="NHWC2d_To_NHWC2d_cacheBefore" file="/opt/pytorch/nvfuser/tests/cpp/test_allocation_domain.cpp" line="665" status="run" result="completed" time="0.064" timestamp="2025-04-30T07:30:27.860" classname="AllocationDomainTest" />
    <testcase name="NHWC4d_To_NHWC4d_cacheFork" file="/opt/pytorch/nvfuser/tests/cpp/test_allocation_domain.cpp" line="878" status="run" result="completed" time="0.07" timestamp="2025-04-30T07:30:27.924" classname="AllocationDomainTest" />
    <testcase name="TransposeMatrix" file="/opt/pytorch/nvfuser/tests/cpp/test_allocation_domain.cpp" line="1067" status="run" result="completed" time="0.001" timestamp="2025-04-30T07:30:27.994" classname="AllocationDomainTest" />
    <testcase name="ContiguityForExplicitBroadcast" file="/opt/pytorch/nvfuser/tests/cpp/test_allocation_domain.cpp" line="1150" status="run" result="completed" time="0.068" timestamp="2025-04-30T07:30:27.996" classname="AllocationDomainTest" />
    <testcase name="Issue1290_ReplayCasPFailedDueToDifferentRanks" file="/opt/pytorch/nvfuser/tests/cpp/test_allocation_domain.cpp" line="1259" status="run" result="completed" time="0.061" timestamp="2025-04-30T07:30:28.064" classname="AllocationDomainTest" />
    <testcase name="EmptyAllocationDomainApi" file="/opt/pytorch/nvfuser/tests/cpp/test_allocation_domain.cpp" line="1311" status="run" result="completed" time="0." timestamp="2025-04-30T07:30:28.125" classname="AllocationDomainTest" />
    <testcase name="ClearReductionIterDomainsPatch" file="/opt/pytorch/nvfuser/tests/cpp/test_allocation_domain.cpp" line="1400" status="run" result="completed" time="0." timestamp="2025-04-30T07:30:28.125" classname="AllocationDomainTest" />
    <testcase name="InputAllocationIsSplitReorderMerge" file="/opt/pytorch/nvfuser/tests/cpp/test_allocation_domain.cpp" line="1482" status="run" result="completed" time="0." timestamp="2025-04-30T07:30:28.126" classname="AllocationDomainTest" />
  </testsuite>
  <testsuite name="AllocationOrderInferenceTest" tests="4" failures="0" disabled="0" skipped="0" errors="0" time="0." timestamp="2025-04-30T07:30:28.126">
    <testcase name="UnaryOpPropagation" file="/opt/pytorch/nvfuser/tests/cpp/test_allocation_order_inference.cpp" line="60" status="run" result="completed" time="0." timestamp="2025-04-30T07:30:28.126" classname="AllocationOrderInferenceTest" />
    <testcase name="BinaryOpPropagationWithBroadcast" file="/opt/pytorch/nvfuser/tests/cpp/test_allocation_order_inference.cpp" line="142" status="run" result="completed" time="0." timestamp="2025-04-30T07:30:28.126" classname="AllocationOrderInferenceTest" />
    <testcase name="TernaryOpPropagation" file="/opt/pytorch/nvfuser/tests/cpp/test_allocation_order_inference.cpp" line="227" status="run" result="completed" time="0." timestamp="2025-04-30T07:30:28.126" classname="AllocationOrderInferenceTest" />
    <testcase name="QkvSplitSdpaForward" file="/opt/pytorch/nvfuser/tests/cpp/test_allocation_order_inference.cpp" line="335" status="run" result="completed" time="0." timestamp="2025-04-30T07:30:28.127" classname="AllocationOrderInferenceTest" />
  </testsuite>
  <testsuite name="BFSTest" tests="3" failures="0" disabled="0" skipped="0" errors="0" time="0." timestamp="2025-04-30T07:30:28.127">
    <testcase name="ValGraphBFS2" file="/opt/pytorch/nvfuser/tests/cpp/test_bfs.cpp" line="100" status="run" result="completed" time="0." timestamp="2025-04-30T07:30:28.127" classname="BFSTest" />
    <testcase name="IRBFSGetReachableValsFrom" file="/opt/pytorch/nvfuser/tests/cpp/test_bfs.cpp" line="245" status="run" result="completed" time="0." timestamp="2025-04-30T07:30:28.127" classname="BFSTest" />
    <testcase name="TraversalDirection" file="/opt/pytorch/nvfuser/tests/cpp/test_bfs.cpp" line="398" status="run" result="completed" time="0." timestamp="2025-04-30T07:30:28.127" classname="BFSTest" />
  </testsuite>
  <testsuite name="FindAllExprsTest" tests="2" failures="0" disabled="0" skipped="0" errors="0" time="0." timestamp="2025-04-30T07:30:28.128">
    <testcase name="Test1" file="/opt/pytorch/nvfuser/tests/cpp/test_bfs.cpp" line="595" status="run" result="completed" time="0." timestamp="2025-04-30T07:30:28.128" classname="FindAllExprsTest" />
    <testcase name="Rotation" file="/opt/pytorch/nvfuser/tests/cpp/test_bfs.cpp" line="860" status="run" result="completed" time="0." timestamp="2025-04-30T07:30:28.128" classname="FindAllExprsTest" />
  </testsuite>
  <testsuite name="CaLogicalDomainMapTest" tests="4" failures="0" disabled="0" skipped="0" errors="0" time="0." timestamp="2025-04-30T07:30:28.128">
    <testcase name="FusionRootMappingReductionDependency1_CUDA" file="/opt/pytorch/nvfuser/tests/cpp/test_ca_root_domain_map.cpp" line="235" status="run" result="completed" time="0." timestamp="2025-04-30T07:30:28.128" classname="CaLogicalDomainMapTest" />
    <testcase name="FusionRootMappingReductionDependency4_CUDA" file="/opt/pytorch/nvfuser/tests/cpp/test_ca_root_domain_map.cpp" line="325" status="run" result="completed" time="0." timestamp="2025-04-30T07:30:28.128" classname="CaLogicalDomainMapTest" />
    <testcase name="FusionRootMappingMultipleBroadcastWithNoCommonConsumer_CUDA" file="/opt/pytorch/nvfuser/tests/cpp/test_ca_root_domain_map.cpp" line="506" status="run" result="completed" time="0." timestamp="2025-04-30T07:30:28.129" classname="CaLogicalDomainMapTest" />
    <testcase name="FusionRootMappingRepro1950_CUDA" file="/opt/pytorch/nvfuser/tests/cpp/test_ca_root_domain_map.cpp" line="669" status="run" result="completed" time="0." timestamp="2025-04-30T07:30:28.129" classname="CaLogicalDomainMapTest" />
  </testsuite>
  <testsuite name="CombinedSchedulerTest" tests="17" failures="0" disabled="0" skipped="0" errors="0" time="13.566" timestamp="2025-04-30T07:30:28.129">
    <testcase name="LayerNormBackward/dtype_double_batch_216_hidden_3" value_param="(double, 216, 3)" file="/opt/pytorch/nvfuser/tests/cpp/test_combined_inner_outer_reduction.cpp" line="50" status="run" result="completed" time="0.404" timestamp="2025-04-30T07:30:28.129" classname="CombinedSchedulerTest" />
    <testcase name="LayerNormBackward/dtype_double_batch_216_hidden_576" value_param="(double, 216, 576)" file="/opt/pytorch/nvfuser/tests/cpp/test_combined_inner_outer_reduction.cpp" line="50" status="run" result="completed" time="0.649" timestamp="2025-04-30T07:30:28.533" classname="CombinedSchedulerTest" />
    <testcase name="LayerNormBackward/dtype_double_batch_216_hidden_1280" value_param="(double, 216, 1280)" file="/opt/pytorch/nvfuser/tests/cpp/test_combined_inner_outer_reduction.cpp" line="50" status="run" result="completed" time="0.899" timestamp="2025-04-30T07:30:29.182" classname="CombinedSchedulerTest" />
    <testcase name="LayerNormBackward/dtype_double_batch_216_hidden_1987" value_param="(double, 216, 1987)" file="/opt/pytorch/nvfuser/tests/cpp/test_combined_inner_outer_reduction.cpp" line="50" status="run" result="completed" time="0.502" timestamp="2025-04-30T07:30:30.082" classname="CombinedSchedulerTest" />
    <testcase name="LayerNormBackward/dtype_float_batch_216_hidden_32" value_param="(float, 216, 32)" file="/opt/pytorch/nvfuser/tests/cpp/test_combined_inner_outer_reduction.cpp" line="50" status="run" result="completed" time="0.64" timestamp="2025-04-30T07:30:30.584" classname="CombinedSchedulerTest" />
    <testcase name="LayerNormBackward/dtype_float_batch_216_hidden_768" value_param="(float, 216, 768)" file="/opt/pytorch/nvfuser/tests/cpp/test_combined_inner_outer_reduction.cpp" line="50" status="run" result="completed" time="0.651" timestamp="2025-04-30T07:30:31.225" classname="CombinedSchedulerTest" />
    <testcase name="LayerNormBackward/dtype_float_batch_216_hidden_1600" value_param="(float, 216, 1600)" file="/opt/pytorch/nvfuser/tests/cpp/test_combined_inner_outer_reduction.cpp" line="50" status="run" result="completed" time="0.69" timestamp="2025-04-30T07:30:31.876" classname="CombinedSchedulerTest" />
    <testcase name="LayerNormBackward/dtype_float_batch_216_hidden_65536" value_param="(float, 216, 65536)" file="/opt/pytorch/nvfuser/tests/cpp/test_combined_inner_outer_reduction.cpp" line="50" status="run" result="completed" time="0.54" timestamp="2025-04-30T07:30:32.567" classname="CombinedSchedulerTest" />
    <testcase name="LayerNormBackward/dtype___half_batch_216_hidden_96" value_param="(__half, 216, 96)" file="/opt/pytorch/nvfuser/tests/cpp/test_combined_inner_outer_reduction.cpp" line="50" status="run" result="completed" time="0.737" timestamp="2025-04-30T07:30:33.107" classname="CombinedSchedulerTest" />
    <testcase name="LayerNormBackward/dtype___half_batch_216_hidden_1024" value_param="(__half, 216, 1024)" file="/opt/pytorch/nvfuser/tests/cpp/test_combined_inner_outer_reduction.cpp" line="50" status="run" result="completed" time="0.752" timestamp="2025-04-30T07:30:33.845" classname="CombinedSchedulerTest" />
    <testcase name="LayerNormBackward/dtype___half_batch_216_hidden_1984" value_param="(__half, 216, 1984)" file="/opt/pytorch/nvfuser/tests/cpp/test_combined_inner_outer_reduction.cpp" line="50" status="run" result="completed" time="0.768" timestamp="2025-04-30T07:30:34.597" classname="CombinedSchedulerTest" />
    <testcase name="LayerNormBackward/dtype___bfloat_batch_216_hidden_3" value_param="(__bfloat, 216, 3)" file="/opt/pytorch/nvfuser/tests/cpp/test_combined_inner_outer_reduction.cpp" line="50" status="run" result="completed" time="0.403" timestamp="2025-04-30T07:30:35.366" classname="CombinedSchedulerTest" />
    <testcase name="LayerNormBackward/dtype___bfloat_batch_216_hidden_576" value_param="(__bfloat, 216, 576)" file="/opt/pytorch/nvfuser/tests/cpp/test_combined_inner_outer_reduction.cpp" line="50" status="run" result="completed" time="0.739" timestamp="2025-04-30T07:30:35.770" classname="CombinedSchedulerTest" />
    <testcase name="LayerNormBackward/dtype___bfloat_batch_216_hidden_1280" value_param="(__bfloat, 216, 1280)" file="/opt/pytorch/nvfuser/tests/cpp/test_combined_inner_outer_reduction.cpp" line="50" status="run" result="completed" time="0.769" timestamp="2025-04-30T07:30:36.509" classname="CombinedSchedulerTest" />
    <testcase name="LayerNormBackward/dtype___bfloat_batch_216_hidden_1987" value_param="(__bfloat, 216, 1987)" file="/opt/pytorch/nvfuser/tests/cpp/test_combined_inner_outer_reduction.cpp" line="50" status="run" result="completed" time="0.499" timestamp="2025-04-30T07:30:37.278" classname="CombinedSchedulerTest" />
    <testcase name="SharedProducer" file="/opt/pytorch/nvfuser/tests/cpp/test_combined_inner_outer_reduction.cpp" line="326" status="run" result="completed" time="3.478" timestamp="2025-04-30T07:30:37.777" classname="CombinedSchedulerTest" />
    <testcase name="InnerOuterMismatch" file="/opt/pytorch/nvfuser/tests/cpp/test_combined_inner_outer_reduction.cpp" line="844" status="run" result="completed" time="0.44" timestamp="2025-04-30T07:30:41.256" classname="CombinedSchedulerTest" />
  </testsuite>
  <testsuite name="ComputeAtMapTest" tests="1" failures="0" disabled="0" skipped="0" errors="0" time="0." timestamp="2025-04-30T07:30:41.696">
    <testcase name="UnregisteredAlmostExactExpr" file="/opt/pytorch/nvfuser/tests/cpp/test_compute_at_map.cpp" line="64" status="run" result="completed" time="0." timestamp="2025-04-30T07:30:41.696" classname="ComputeAtMapTest" />
  </testsuite>
  <testsuite name="ComputeWithTest" tests="2" failures="0" disabled="0" skipped="0" errors="0" time="0.645" timestamp="2025-04-30T07:30:41.696">
    <testcase name="ComputeWith3" file="/opt/pytorch/nvfuser/tests/cpp/test_compute_with.cpp" line="239" status="run" result="completed" time="0.079" timestamp="2025-04-30T07:30:41.696" classname="ComputeWithTest" />
    <testcase name="ComputeWith6" file="/opt/pytorch/nvfuser/tests/cpp/test_compute_with.cpp" line="365" status="run" result="completed" time="0.566" timestamp="2025-04-30T07:30:41.775" classname="ComputeWithTest" />
  </testsuite>
  <testsuite name="AbstractTensorTest" tests="9" failures="0" disabled="0" skipped="0" errors="0" time="0." timestamp="2025-04-30T07:30:42.342">
    <testcase name="MergeIterDomainsLeftBroadcasting" file="/opt/pytorch/nvfuser/tests/cpp/test_abstract_tensor.cpp" line="76" status="run" result="completed" time="0." timestamp="2025-04-30T07:30:42.342" classname="AbstractTensorTest" />
    <testcase name="MergeValGroups" file="/opt/pytorch/nvfuser/tests/cpp/test_abstract_tensor.cpp" line="149" status="run" result="completed" time="0." timestamp="2025-04-30T07:30:42.342" classname="AbstractTensorTest" />
    <testcase name="SplitSingleIterDomain" file="/opt/pytorch/nvfuser/tests/cpp/test_abstract_tensor.cpp" line="255" status="run" result="completed" time="0." timestamp="2025-04-30T07:30:42.342" classname="AbstractTensorTest" />
    <testcase name="Reorder" file="/opt/pytorch/nvfuser/tests/cpp/test_abstract_tensor.cpp" line="396" status="run" result="completed" time="0." timestamp="2025-04-30T07:30:42.342" classname="AbstractTensorTest" />
    <testcase name="SwizzleIterDomainsLeftBroadcasting" file="/opt/pytorch/nvfuser/tests/cpp/test_abstract_tensor.cpp" line="456" status="run" result="completed" time="0." timestamp="2025-04-30T07:30:42.342" classname="AbstractTensorTest" />
    <testcase name="SwizzleValGroups" file="/opt/pytorch/nvfuser/tests/cpp/test_abstract_tensor.cpp" line="541" status="run" result="completed" time="0." timestamp="2025-04-30T07:30:42.342" classname="AbstractTensorTest" />
    <testcase name="Unzip" file="/opt/pytorch/nvfuser/tests/cpp/test_abstract_tensor.cpp" line="688" status="run" result="completed" time="0." timestamp="2025-04-30T07:30:42.342" classname="AbstractTensorTest" />
    <testcase name="Parallelize" file="/opt/pytorch/nvfuser/tests/cpp/test_abstract_tensor.cpp" line="744" status="run" result="completed" time="0." timestamp="2025-04-30T07:30:42.342" classname="AbstractTensorTest" />
    <testcase name="MergeTaggedTensor" file="/opt/pytorch/nvfuser/tests/cpp/test_abstract_tensor.cpp" line="799" status="run" result="completed" time="0." timestamp="2025-04-30T07:30:42.342" classname="AbstractTensorTest" />
  </testsuite>
  <testsuite name="DynamicTransformTest" tests="9" failures="0" disabled="0" skipped="0" errors="0" time="1.184" timestamp="2025-04-30T07:30:42.342">
    <testcase name="DynamicTransform1" file="/opt/pytorch/nvfuser/tests/cpp/test_dynamic_transform.cpp" line="28" status="run" result="completed" time="0." timestamp="2025-04-30T07:30:42.342" classname="DynamicTransformTest" />
    <testcase name="DynamicTransform4" file="/opt/pytorch/nvfuser/tests/cpp/test_dynamic_transform.cpp" line="222" status="run" result="completed" time="0." timestamp="2025-04-30T07:30:42.343" classname="DynamicTransformTest" />
    <testcase name="DynamicTransform7" file="/opt/pytorch/nvfuser/tests/cpp/test_dynamic_transform.cpp" line="385" status="run" result="completed" time="0." timestamp="2025-04-30T07:30:42.343" classname="DynamicTransformTest" />
    <testcase name="DynamicTransform10" file="/opt/pytorch/nvfuser/tests/cpp/test_dynamic_transform.cpp" line="566" status="run" result="completed" time="0." timestamp="2025-04-30T07:30:42.344" classname="DynamicTransformTest" />
    <testcase name="FusionDynamicReshapeReductionShmoo" file="/opt/pytorch/nvfuser/tests/cpp/test_dynamic_transform.cpp" line="844" status="run" result="completed" time="0.675" timestamp="2025-04-30T07:30:42.344" classname="DynamicTransformTest" />
    <testcase name="FusionDynamicEmptyCat1" file="/opt/pytorch/nvfuser/tests/cpp/test_dynamic_transform.cpp" line="1022" status="run" result="completed" time="0.093" timestamp="2025-04-30T07:30:43.020" classname="DynamicTransformTest" />
    <testcase name="Issue249" file="/opt/pytorch/nvfuser/tests/cpp/test_dynamic_transform.cpp" line="1107" status="run" result="completed" time="0.115" timestamp="2025-04-30T07:30:43.113" classname="DynamicTransformTest" />
    <testcase name="SymbolicExpand" file="/opt/pytorch/nvfuser/tests/cpp/test_dynamic_transform.cpp" line="1214" status="run" result="completed" time="0.082" timestamp="2025-04-30T07:30:43.229" classname="DynamicTransformTest" />
    <testcase name="DynamicSqueezeTrivialWelford" file="/opt/pytorch/nvfuser/tests/cpp/test_dynamic_transform.cpp" line="1341" status="run" result="completed" time="0.215" timestamp="2025-04-30T07:30:43.312" classname="DynamicTransformTest" />
  </testsuite>
  <testsuite name="EmbeddingTest" tests="1" failures="0" disabled="0" skipped="0" errors="0" time="0." timestamp="2025-04-30T07:30:43.527">
    <testcase name="EmbeddingFwdNodeWithEpilogue" file="/opt/pytorch/nvfuser/tests/cpp/test_embedding_node.cpp" line="52" status="run" result="completed" time="0." timestamp="2025-04-30T07:30:43.527" classname="EmbeddingTest" />
  </testsuite>
  <testsuite name="ExprEvalTest" tests="8" failures="0" disabled="0" skipped="0" errors="0" time="0.001" timestamp="2025-04-30T07:30:43.527">
    <testcase name="Bindings" file="/opt/pytorch/nvfuser/tests/cpp/test_evaluator.cpp" line="79" status="run" result="completed" time="0." timestamp="2025-04-30T07:30:43.527" classname="ExprEvalTest" />
    <testcase name="Basic" file="/opt/pytorch/nvfuser/tests/cpp/test_evaluator.cpp" line="165" status="run" result="completed" time="0." timestamp="2025-04-30T07:30:43.527" classname="ExprEvalTest" />
    <testcase name="Array" file="/opt/pytorch/nvfuser/tests/cpp/test_evaluator.cpp" line="331" status="run" result="completed" time="0." timestamp="2025-04-30T07:30:43.528" classname="ExprEvalTest" />
    <testcase name="TensorEagerExecution" file="/opt/pytorch/nvfuser/tests/cpp/test_evaluator.cpp" line="433" status="run" result="completed" time="0." timestamp="2025-04-30T07:30:43.528" classname="ExprEvalTest" />
    <testcase name="ReverseArray" file="/opt/pytorch/nvfuser/tests/cpp/test_evaluator.cpp" line="505" status="run" result="completed" time="0." timestamp="2025-04-30T07:30:43.528" classname="ExprEvalTest" />
    <testcase name="ReshapePermuteReshape" file="/opt/pytorch/nvfuser/tests/cpp/test_evaluator.cpp" line="584" status="run" result="completed" time="0." timestamp="2025-04-30T07:30:43.528" classname="ExprEvalTest" />
    <testcase name="Reshape_MergeBroadcast" file="/opt/pytorch/nvfuser/tests/cpp/test_evaluator.cpp" line="658" status="run" result="completed" time="0." timestamp="2025-04-30T07:30:43.528" classname="ExprEvalTest" />
    <testcase name="UnaryOpSignbit" file="/opt/pytorch/nvfuser/tests/cpp/test_evaluator.cpp" line="727" status="run" result="completed" time="0." timestamp="2025-04-30T07:30:43.529" classname="ExprEvalTest" />
  </testsuite>
  <testsuite name="ExprSimplifierTest" tests="7" failures="0" disabled="0" skipped="0" errors="0" time="0.025" timestamp="2025-04-30T07:30:43.529">
    <testcase name="StupidSimpleCompiler" file="/opt/pytorch/nvfuser/tests/cpp/test_expr_simplifier.cpp" line="481" status="run" result="completed" time="0." timestamp="2025-04-30T07:30:43.529" classname="ExprSimplifierTest" />
    <testcase name="SimplifyDivisibleDivMod" file="/opt/pytorch/nvfuser/tests/cpp/test_expr_simplifier.cpp" line="624" status="run" result="completed" time="0.018" timestamp="2025-04-30T07:30:43.529" classname="ExprSimplifierTest" />
    <testcase name="PredicateProve" file="/opt/pytorch/nvfuser/tests/cpp/test_expr_simplifier.cpp" line="786" status="run" result="completed" time="0." timestamp="2025-04-30T07:30:43.547" classname="ExprSimplifierTest" />
    <testcase name="DistributeDivisibleDivMod" file="/opt/pytorch/nvfuser/tests/cpp/test_expr_simplifier.cpp" line="827" status="run" result="completed" time="0.001" timestamp="2025-04-30T07:30:43.548" classname="ExprSimplifierTest" />
    <testcase name="Compare" file="/opt/pytorch/nvfuser/tests/cpp/test_expr_simplifier.cpp" line="860" status="run" result="completed" time="0.001" timestamp="2025-04-30T07:30:43.549" classname="ExprSimplifierTest" />
    <testcase name="MinMax" file="/opt/pytorch/nvfuser/tests/cpp/test_expr_simplifier.cpp" line="1106" status="run" result="completed" time="0." timestamp="2025-04-30T07:30:43.551" classname="ExprSimplifierTest" />
    <testcase name="DivModLessThan" file="/opt/pytorch/nvfuser/tests/cpp/test_expr_simplifier.cpp" line="1136" status="run" result="completed" time="0.002" timestamp="2025-04-30T07:30:43.551" classname="ExprSimplifierTest" />
  </testsuite>
  <testsuite name="ExprSortTest" tests="2" failures="0" disabled="0" skipped="0" errors="0" time="0.078" timestamp="2025-04-30T07:30:43.554">
    <testcase name="IndirectNormalizationWithZeroDimTensors" file="/opt/pytorch/nvfuser/tests/cpp/test_expr_sort.cpp" line="35" status="run" result="completed" time="0.007" timestamp="2025-04-30T07:30:43.554" classname="ExprSortTest" />
    <testcase name="SegmentedGroup_Binary_SameOperand" file="/opt/pytorch/nvfuser/tests/cpp/test_expr_sort.cpp" line="215" status="run" result="completed" time="0.071" timestamp="2025-04-30T07:30:43.561" classname="ExprSortTest" />
  </testsuite>
  <testsuite name="GatherTest" tests="8" failures="0" disabled="1" skipped="0" errors="0" time="2.82" timestamp="2025-04-30T07:30:43.633">
    <testcase name="AddGatherSumAdd" file="/opt/pytorch/nvfuser/tests/cpp/test_gather.cpp" line="142" status="run" result="completed" time="1.594" timestamp="2025-04-30T07:30:43.633" classname="GatherTest" />
    <testcase name="GatherInput" file="/opt/pytorch/nvfuser/tests/cpp/test_gather.cpp" line="274" status="run" result="completed" time="0.115" timestamp="2025-04-30T07:30:45.227" classname="GatherTest" />
    <testcase name="GatherBroadcastInput" file="/opt/pytorch/nvfuser/tests/cpp/test_gather.cpp" line="379" status="run" result="completed" time="0.425" timestamp="2025-04-30T07:30:45.342" classname="GatherTest" />
    <testcase name="TakeAlongAxisIntermediateTensorReduction1" file="/opt/pytorch/nvfuser/tests/cpp/test_gather.cpp" line="558" status="run" result="completed" time="0.137" timestamp="2025-04-30T07:30:45.768" classname="GatherTest" />
    <testcase name="DISABLED_TakeAlongAxisIntermediateTensorReduction4" file="/opt/pytorch/nvfuser/tests/cpp/test_gather.cpp" line="667" status="notrun" result="suppressed" time="0." timestamp="1969-12-31T16:00:00.000" classname="GatherTest" />
    <testcase name="TakeAlongAxisIntermediateTensorNormalization1" file="/opt/pytorch/nvfuser/tests/cpp/test_gather.cpp" line="705" status="run" result="completed" time="0.125" timestamp="2025-04-30T07:30:45.906" classname="GatherTest" />
    <testcase name="TakeAlongAxisIntermediateTensorNormalizationAndReduction2" file="/opt/pytorch/nvfuser/tests/cpp/test_gather.cpp" line="881" status="run" result="completed" time="0.143" timestamp="2025-04-30T07:30:46.031" classname="GatherTest" />
    <testcase name="TakeAlongAxisIntermediateTensorTranspose3" file="/opt/pytorch/nvfuser/tests/cpp/test_gather.cpp" line="1010" status="run" result="completed" time="0.278" timestamp="2025-04-30T07:30:46.175" classname="GatherTest" />
  </testsuite>
  <testsuite name="ExpandedBroadcastGlobalIntermediateTest" tests="1" failures="0" disabled="0" skipped="0" errors="0" time="0.056" timestamp="2025-04-30T07:30:46.453">
    <testcase name="TheTest_CUDA" file="/opt/pytorch/nvfuser/tests/cpp/test_gpu3.cpp" line="6794" status="run" result="completed" time="0.056" timestamp="2025-04-30T07:30:46.453" classname="ExpandedBroadcastGlobalIntermediateTest" />
  </testsuite>
  <testsuite name="OuterReductionTest" tests="19" failures="0" disabled="0" skipped="0" errors="0" time="52.839" timestamp="2025-04-30T07:30:46.510">
    <testcase name="GridPersistentReductionOuterNormLikeHalf256x14x512" file="/opt/pytorch/nvfuser/tests/cpp/test_gpu_outer_reduction.cpp" line="675" status="run" result="completed" time="1.044" timestamp="2025-04-30T07:30:46.510" classname="OuterReductionTest" />
    <testcase name="GridPersistentReductionOuterNormLikeFloat256x14x512" file="/opt/pytorch/nvfuser/tests/cpp/test_gpu_outer_reduction.cpp" line="687" status="run" result="completed" time="0.518" timestamp="2025-04-30T07:30:47.554" classname="OuterReductionTest" />
    <testcase name="GridPersistentWelfordOuterNormLikeHalf256x14x512" file="/opt/pytorch/nvfuser/tests/cpp/test_gpu_outer_reduction.cpp" line="774" status="run" result="completed" time="1.293" timestamp="2025-04-30T07:30:48.073" classname="OuterReductionTest" />
    <testcase name="GridPersistentWelfordOuterNormLikeHalf32x32x128" file="/opt/pytorch/nvfuser/tests/cpp/test_gpu_outer_reduction.cpp" line="786" status="run" result="completed" time="0.895" timestamp="2025-04-30T07:30:49.367" classname="OuterReductionTest" />
    <testcase name="GridPersistentWelfordOuterNormLikeFloat256x28x512" file="/opt/pytorch/nvfuser/tests/cpp/test_gpu_outer_reduction.cpp" line="805" status="run" result="completed" time="1.005" timestamp="2025-04-30T07:30:50.262" classname="OuterReductionTest" />
    <testcase name="GridPersistentBatchNormChannelsLastHalf256x7x512" file="/opt/pytorch/nvfuser/tests/cpp/test_gpu_outer_reduction.cpp" line="944" status="run" result="completed" time="1.596" timestamp="2025-04-30T07:30:51.268" classname="OuterReductionTest" />
    <testcase name="GridPersistentBatchNormChannelsLastHalf256x28x128" file="/opt/pytorch/nvfuser/tests/cpp/test_gpu_outer_reduction.cpp" line="956" status="run" result="completed" time="1.635" timestamp="2025-04-30T07:30:52.864" classname="OuterReductionTest" />
    <testcase name="GridPersistentBatchNormChannelsLastFloat256x28x512" file="/opt/pytorch/nvfuser/tests/cpp/test_gpu_outer_reduction.cpp" line="968" status="run" result="completed" time="1.202" timestamp="2025-04-30T07:30:54.499" classname="OuterReductionTest" />
    <testcase name="GridPersistentReductionOuterNormBwdLikeHalf256x14x512" file="/opt/pytorch/nvfuser/tests/cpp/test_gpu_outer_reduction.cpp" line="1088" status="run" result="completed" time="3.404" timestamp="2025-04-30T07:30:55.702" classname="OuterReductionTest" />
    <testcase name="GridPersistentReductionOuterNormBwdLikeFloat256x14x512" file="/opt/pytorch/nvfuser/tests/cpp/test_gpu_outer_reduction.cpp" line="1106" status="run" result="completed" time="0.743" timestamp="2025-04-30T07:30:59.107" classname="OuterReductionTest" />
    <testcase name="GridPersistentBatchNormChannelsLastBwdHalf256x14x512" file="/opt/pytorch/nvfuser/tests/cpp/test_gpu_outer_reduction.cpp" line="1276" status="run" result="completed" time="3.561" timestamp="2025-04-30T07:30:59.850" classname="OuterReductionTest" />
    <testcase name="GridPersistentBatchNormChannelsLastBwdFloat256x14x512" file="/opt/pytorch/nvfuser/tests/cpp/test_gpu_outer_reduction.cpp" line="1294" status="run" result="completed" time="0.982" timestamp="2025-04-30T07:31:03.412" classname="OuterReductionTest" />
    <testcase name="GridPersistentWelfordOuterNormLikeHalf256x14x512Scheduler" file="/opt/pytorch/nvfuser/tests/cpp/test_gpu_outer_reduction.cpp" line="1612" status="run" result="completed" time="1.017" timestamp="2025-04-30T07:31:04.394" classname="OuterReductionTest" />
    <testcase name="GridPersistentWelfordOuterNormLikeFloat256x14x512Scheduler" file="/opt/pytorch/nvfuser/tests/cpp/test_gpu_outer_reduction.cpp" line="1633" status="run" result="completed" time="0.607" timestamp="2025-04-30T07:31:05.412" classname="OuterReductionTest" />
    <testcase name="GridPersistentWelfordOuterNormWithWeightsLikeWHalf256x14x512Scheduler" file="/opt/pytorch/nvfuser/tests/cpp/test_gpu_outer_reduction.cpp" line="1654" status="run" result="completed" time="1.187" timestamp="2025-04-30T07:31:06.020" classname="OuterReductionTest" />
    <testcase name="GridPersistentBatchNormChannelsLastHalf256x14x512Scheduler" file="/opt/pytorch/nvfuser/tests/cpp/test_gpu_outer_reduction.cpp" line="1795" status="run" result="completed" time="1.485" timestamp="2025-04-30T07:31:07.208" classname="OuterReductionTest" />
    <testcase name="GridPersistentBatchNormChannelsLastFloat256x14x512Scheduler" file="/opt/pytorch/nvfuser/tests/cpp/test_gpu_outer_reduction.cpp" line="1813" status="run" result="completed" time="0.866" timestamp="2025-04-30T07:31:08.693" classname="OuterReductionTest" />
    <testcase name="IterGroupedBlockReductionShmooTests" file="/opt/pytorch/nvfuser/tests/cpp/test_gpu_outer_reduction.cpp" line="2305" status="run" result="completed" time="29.409" timestamp="2025-04-30T07:31:09.559" classname="OuterReductionTest" />
    <testcase name="IterGroupedMultipleReductions" file="/opt/pytorch/nvfuser/tests/cpp/test_gpu_outer_reduction.cpp" line="2459" status="run" result="completed" time="0.38" timestamp="2025-04-30T07:31:38.968" classname="OuterReductionTest" />
  </testsuite>
  <testsuite name="TransposeTest" tests="13" failures="0" disabled="0" skipped="0" errors="0" time="5.571" timestamp="2025-04-30T07:31:39.349">
    <testcase name="FusionScheduleTransposeSimple" file="/opt/pytorch/nvfuser/tests/cpp/test_gpu_transpose.cpp" line="65" status="run" result="completed" time="1.089" timestamp="2025-04-30T07:31:39.349" classname="TransposeTest" />
    <testcase name="FusionScheduleTransposeMultipleOutput" file="/opt/pytorch/nvfuser/tests/cpp/test_gpu_transpose.cpp" line="144" status="run" result="completed" time="1.161" timestamp="2025-04-30T07:31:40.438" classname="TransposeTest" />
    <testcase name="FusionScheduleTransposeBroadcast" file="/opt/pytorch/nvfuser/tests/cpp/test_gpu_transpose.cpp" line="230" status="run" result="completed" time="0.284" timestamp="2025-04-30T07:31:41.600" classname="TransposeTest" />
    <testcase name="FusionScheduleTransposeComplexDAG1" file="/opt/pytorch/nvfuser/tests/cpp/test_gpu_transpose.cpp" line="339" status="run" result="completed" time="0.767" timestamp="2025-04-30T07:31:41.884" classname="TransposeTest" />
    <testcase name="FusionTransposeSelfMapping" file="/opt/pytorch/nvfuser/tests/cpp/test_gpu_transpose.cpp" line="570" status="run" result="completed" time="0.117" timestamp="2025-04-30T07:31:42.652" classname="TransposeTest" />
    <testcase name="FusionScheduleTransposeSmallInnerSize1" file="/opt/pytorch/nvfuser/tests/cpp/test_gpu_transpose.cpp" line="675" status="run" result="completed" time="0.63" timestamp="2025-04-30T07:31:42.770" classname="TransposeTest" />
    <testcase name="FusionScheduleTranspose2DSmallInnerSize" file="/opt/pytorch/nvfuser/tests/cpp/test_gpu_transpose.cpp" line="735" status="run" result="completed" time="0.953" timestamp="2025-04-30T07:31:43.400" classname="TransposeTest" />
    <testcase name="FusionTransposeBankConflict3" file="/opt/pytorch/nvfuser/tests/cpp/test_gpu_transpose.cpp" line="800" status="run" result="completed" time="0.006" timestamp="2025-04-30T07:31:44.353" classname="TransposeTest" />
    <testcase name="FusionTransposeBankConflict6" file="/opt/pytorch/nvfuser/tests/cpp/test_gpu_transpose.cpp" line="882" status="run" result="completed" time="0.004" timestamp="2025-04-30T07:31:44.360" classname="TransposeTest" />
    <testcase name="FusionTransposeBankConflict9" file="/opt/pytorch/nvfuser/tests/cpp/test_gpu_transpose.cpp" line="956" status="run" result="completed" time="0.155" timestamp="2025-04-30T07:31:44.364" classname="TransposeTest" />
    <testcase name="ViewTransposeReshape" file="/opt/pytorch/nvfuser/tests/cpp/test_gpu_transpose.cpp" line="1067" status="run" result="completed" time="0.093" timestamp="2025-04-30T07:31:44.520" classname="TransposeTest" />
    <testcase name="FusionReshapeSmallTransposeDimensionSchedule" file="/opt/pytorch/nvfuser/tests/cpp/test_gpu_transpose.cpp" line="1182" status="run" result="completed" time="0.12" timestamp="2025-04-30T07:31:44.614" classname="TransposeTest" />
    <testcase name="ReductionIterDomainOnInputsIssue1659" file="/opt/pytorch/nvfuser/tests/cpp/test_gpu_transpose.cpp" line="1290" status="run" result="completed" time="0.186" timestamp="2025-04-30T07:31:44.734" classname="TransposeTest" />
  </testsuite>
  <testsuite name="IdModelTest" tests="12" failures="0" disabled="0" skipped="0" errors="0" time="0.02" timestamp="2025-04-30T07:31:44.920">
    <testcase name="ValGraphStmtSort1" file="/opt/pytorch/nvfuser/tests/cpp/test_id_model.cpp" line="536" status="run" result="completed" time="0." timestamp="2025-04-30T07:31:44.920" classname="IdModelTest" />
    <testcase name="ValGraphStmtSort4" file="/opt/pytorch/nvfuser/tests/cpp/test_id_model.cpp" line="679" status="run" result="completed" time="0.003" timestamp="2025-04-30T07:31:44.921" classname="IdModelTest" />
    <testcase name="LoopPromotion3" file="/opt/pytorch/nvfuser/tests/cpp/test_id_model.cpp" line="866" status="run" result="completed" time="0." timestamp="2025-04-30T07:31:44.924" classname="IdModelTest" />
    <testcase name="LoopPromotion6" file="/opt/pytorch/nvfuser/tests/cpp/test_id_model.cpp" line="1230" status="run" result="completed" time="0.007" timestamp="2025-04-30T07:31:44.925" classname="IdModelTest" />
    <testcase name="LoopPromotionPromoteToSameLoopGroup" file="/opt/pytorch/nvfuser/tests/cpp/test_id_model.cpp" line="1870" status="run" result="completed" time="0.002" timestamp="2025-04-30T07:31:44.933" classname="IdModelTest" />
    <testcase name="SelfMappingInAlmostExactGraph" file="/opt/pytorch/nvfuser/tests/cpp/test_id_model.cpp" line="2119" status="run" result="completed" time="0." timestamp="2025-04-30T07:31:44.935" classname="IdModelTest" />
    <testcase name="LoopGraphWithSibling" file="/opt/pytorch/nvfuser/tests/cpp/test_id_model.cpp" line="2216" status="run" result="completed" time="0." timestamp="2025-04-30T07:31:44.935" classname="IdModelTest" />
    <testcase name="LoopPromotionCoverage" file="/opt/pytorch/nvfuser/tests/cpp/test_id_model.cpp" line="2343" status="run" result="completed" time="0.001" timestamp="2025-04-30T07:31:44.936" classname="IdModelTest" />
    <testcase name="BroadcastGraph" file="/opt/pytorch/nvfuser/tests/cpp/test_id_model.cpp" line="2483" status="run" result="completed" time="0." timestamp="2025-04-30T07:31:44.938" classname="IdModelTest" />
    <testcase name="LoopPromotionWithCyclicGraphRoPELike" file="/opt/pytorch/nvfuser/tests/cpp/test_id_model.cpp" line="2635" status="run" result="completed" time="0." timestamp="2025-04-30T07:31:44.938" classname="IdModelTest" />
    <testcase name="LoopPromotionCyclicGraphWar" file="/opt/pytorch/nvfuser/tests/cpp/test_id_model.cpp" line="2906" status="run" result="completed" time="0." timestamp="2025-04-30T07:31:44.939" classname="IdModelTest" />
    <testcase name="BroadcastOnlyNoLoopPromotion" file="/opt/pytorch/nvfuser/tests/cpp/test_id_model.cpp" line="3089" status="run" result="completed" time="0." timestamp="2025-04-30T07:31:44.940" classname="IdModelTest" />
  </testsuite>
  <testsuite name="IndexingTest" tests="13" failures="0" disabled="0" skipped="0" errors="0" time="0.219" timestamp="2025-04-30T07:31:44.941">
    <testcase name="SimpleReduction" file="/opt/pytorch/nvfuser/tests/cpp/test_indexing.cpp" line="639" status="run" result="completed" time="0.002" timestamp="2025-04-30T07:31:44.941" classname="IndexingTest" />
    <testcase name="Reshape" file="/opt/pytorch/nvfuser/tests/cpp/test_indexing.cpp" line="782" status="run" result="completed" time="0.007" timestamp="2025-04-30T07:31:44.943" classname="IndexingTest" />
    <testcase name="SimpleBroadcast3" file="/opt/pytorch/nvfuser/tests/cpp/test_indexing.cpp" line="975" status="run" result="completed" time="0.002" timestamp="2025-04-30T07:31:44.951" classname="IndexingTest" />
    <testcase name="MultiDevice1DSplit" file="/opt/pytorch/nvfuser/tests/cpp/test_indexing.cpp" line="1127" status="run" result="completed" time="0.001" timestamp="2025-04-30T07:31:44.953" classname="IndexingTest" />
    <testcase name="MultiDevice2DTranspose" file="/opt/pytorch/nvfuser/tests/cpp/test_indexing.cpp" line="1249" status="run" result="completed" time="0.001" timestamp="2025-04-30T07:31:44.955" classname="IndexingTest" />
    <testcase name="NonInnermostVectorize" file="/opt/pytorch/nvfuser/tests/cpp/test_indexing.cpp" line="1412" status="run" result="completed" time="0.005" timestamp="2025-04-30T07:31:44.956" classname="IndexingTest" />
    <testcase name="SimpleUnroll" file="/opt/pytorch/nvfuser/tests/cpp/test_indexing.cpp" line="1611" status="run" result="completed" time="0.006" timestamp="2025-04-30T07:31:44.962" classname="IndexingTest" />
    <testcase name="ResizePath" file="/opt/pytorch/nvfuser/tests/cpp/test_indexing.cpp" line="1832" status="run" result="completed" time="0.003" timestamp="2025-04-30T07:31:44.968" classname="IndexingTest" />
    <testcase name="DoubleBuffering6" file="/opt/pytorch/nvfuser/tests/cpp/test_indexing.cpp" line="2147" status="run" result="completed" time="0.013" timestamp="2025-04-30T07:31:44.972" classname="IndexingTest" />
    <testcase name="PerDimLogicalIndices" file="/opt/pytorch/nvfuser/tests/cpp/test_indexing.cpp" line="5371" status="run" result="completed" time="0.002" timestamp="2025-04-30T07:31:44.985" classname="IndexingTest" />
    <testcase name="ResizeRotation" file="/opt/pytorch/nvfuser/tests/cpp/test_indexing.cpp" line="5569" status="run" result="completed" time="0.098" timestamp="2025-04-30T07:31:44.988" classname="IndexingTest" />
    <testcase name="AlmostExactIndexingUpdate" file="/opt/pytorch/nvfuser/tests/cpp/test_indexing.cpp" line="5832" status="run" result="completed" time="0.069" timestamp="2025-04-30T07:31:45.087" classname="IndexingTest" />
    <testcase name="StaticIndexing" file="/opt/pytorch/nvfuser/tests/cpp/test_indexing.cpp" line="5938" status="run" result="completed" time="0.004" timestamp="2025-04-30T07:31:45.156" classname="IndexingTest" />
  </testsuite>
  <testsuite name="PredicateIndexingTest" tests="9" failures="0" disabled="0" skipped="0" errors="0" time="1.143" timestamp="2025-04-30T07:31:45.161">
    <testcase name="SimpleUnroll" file="/opt/pytorch/nvfuser/tests/cpp/test_indexing.cpp" line="2706" status="run" result="completed" time="0.006" timestamp="2025-04-30T07:31:45.161" classname="PredicateIndexingTest" />
    <testcase name="NonInnermostVectorize" file="/opt/pytorch/nvfuser/tests/cpp/test_indexing.cpp" line="2927" status="run" result="completed" time="0.006" timestamp="2025-04-30T07:31:45.167" classname="PredicateIndexingTest" />
    <testcase name="UnrolledCircularBuffering" file="/opt/pytorch/nvfuser/tests/cpp/test_indexing.cpp" line="3203" status="run" result="completed" time="0.483" timestamp="2025-04-30T07:31:45.174" classname="PredicateIndexingTest" />
    <testcase name="UnswitchedCircularBuffering3/false" value_param="false" file="/opt/pytorch/nvfuser/tests/cpp/test_indexing.cpp" line="3534" status="run" result="completed" time="0.126" timestamp="2025-04-30T07:31:45.657" classname="PredicateIndexingTest" />
    <testcase name="UnswitchedCircularBuffering4" file="/opt/pytorch/nvfuser/tests/cpp/test_indexing.cpp" line="3638" status="run" result="completed" time="0.104" timestamp="2025-04-30T07:31:45.784" classname="PredicateIndexingTest" />
    <testcase name="NonDivisibleSplitWithCircularBuffering" file="/opt/pytorch/nvfuser/tests/cpp/test_indexing.cpp" line="3893" status="run" result="completed" time="0.106" timestamp="2025-04-30T07:31:45.888" classname="PredicateIndexingTest" />
    <testcase name="UnswitchPredicateIssueRepro681/true" value_param="true" file="/opt/pytorch/nvfuser/tests/cpp/test_indexing.cpp" line="4097" status="run" result="completed" time="0.131" timestamp="2025-04-30T07:31:45.995" classname="PredicateIndexingTest" />
    <testcase name="UnswitchConsolidationDifferentThreading" file="/opt/pytorch/nvfuser/tests/cpp/test_indexing.cpp" line="4339" status="run" result="completed" time="0.086" timestamp="2025-04-30T07:31:46.127" classname="PredicateIndexingTest" />
    <testcase name="ParallelDimensionPredicateWithUnswitchAndSetLoopDomain" file="/opt/pytorch/nvfuser/tests/cpp/test_indexing.cpp" line="4630" status="run" result="completed" time="0.09" timestamp="2025-04-30T07:31:46.213" classname="PredicateIndexingTest" />
  </testsuite>
  <testsuite name="ContigIndexingTest" tests="2" failures="0" disabled="0" skipped="0" errors="0" time="0.075" timestamp="2025-04-30T07:31:46.304">
    <testcase name="BroadcastInlining" file="/opt/pytorch/nvfuser/tests/cpp/test_indexing.cpp" line="4860" status="run" result="completed" time="0.003" timestamp="2025-04-30T07:31:46.304" classname="ContigIndexingTest" />
    <testcase name="ConcretizedBroadcastMerge" file="/opt/pytorch/nvfuser/tests/cpp/test_indexing.cpp" line="5043" status="run" result="completed" time="0.072" timestamp="2025-04-30T07:31:46.307" classname="ContigIndexingTest" />
  </testsuite>
  <testsuite name="ContigPredicateIndexingTest" tests="1" failures="0" disabled="0" skipped="0" errors="0" time="0.082" timestamp="2025-04-30T07:31:46.379">
    <testcase name="NonDivisibleSplit1" file="/opt/pytorch/nvfuser/tests/cpp/test_indexing.cpp" line="5273" status="run" result="completed" time="0.082" timestamp="2025-04-30T07:31:46.379" classname="ContigPredicateIndexingTest" />
  </testsuite>
  <testsuite name="AdvancedIndexingIdModelTest" tests="1" failures="0" disabled="0" skipped="0" errors="0" time="0.157" timestamp="2025-04-30T07:31:46.461">
    <testcase name="MultiPromotion1" file="/opt/pytorch/nvfuser/tests/cpp/test_indexing_advanced.cpp" line="961" status="run" result="completed" time="0.157" timestamp="2025-04-30T07:31:46.461" classname="AdvancedIndexingIdModelTest" />
  </testsuite>
  <testsuite name="IndexSelectTest" tests="5" failures="0" disabled="0" skipped="0" errors="0" time="0.809" timestamp="2025-04-30T07:31:46.619">
    <testcase name="Simple1" file="/opt/pytorch/nvfuser/tests/cpp/test_index_select.cpp" line="82" status="run" result="completed" time="0.419" timestamp="2025-04-30T07:31:46.619" classname="IndexSelectTest" />
    <testcase name="3DTensor" file="/opt/pytorch/nvfuser/tests/cpp/test_index_select.cpp" line="187" status="run" result="completed" time="0.102" timestamp="2025-04-30T07:31:47.038" classname="IndexSelectTest" />
    <testcase name="IdxTvFuseable" file="/opt/pytorch/nvfuser/tests/cpp/test_index_select.cpp" line="359" status="run" result="completed" time="0.096" timestamp="2025-04-30T07:31:47.141" classname="IndexSelectTest" />
    <testcase name="Dim1InRank3" file="/opt/pytorch/nvfuser/tests/cpp/test_index_select.cpp" line="473" status="run" result="completed" time="0.098" timestamp="2025-04-30T07:31:47.237" classname="IndexSelectTest" />
    <testcase name="MultipleIndexSelectIssue" file="/opt/pytorch/nvfuser/tests/cpp/test_index_select.cpp" line="572" status="run" result="completed" time="0.091" timestamp="2025-04-30T07:31:47.336" classname="IndexSelectTest" />
  </testsuite>
  <testsuite name="InliningTest" tests="3" failures="0" disabled="0" skipped="0" errors="0" time="0.675" timestamp="2025-04-30T07:31:47.428">
    <testcase name="InliningMismatchedDims4" file="/opt/pytorch/nvfuser/tests/cpp/test_inlining.cpp" line="90" status="run" result="completed" time="0.673" timestamp="2025-04-30T07:31:47.428" classname="InliningTest" />
    <testcase name="IsAllowedID" file="/opt/pytorch/nvfuser/tests/cpp/test_inlining.cpp" line="187" status="run" result="completed" time="0." timestamp="2025-04-30T07:31:48.102" classname="InliningTest" />
    <testcase name="GetMaxPosAllNormalization" file="/opt/pytorch/nvfuser/tests/cpp/test_inlining.cpp" line="427" status="run" result="completed" time="0.001" timestamp="2025-04-30T07:31:48.102" classname="InliningTest" />
  </testsuite>
  <testsuite name="IntervalAnalysisTest" tests="2" failures="0" disabled="0" skipped="0" errors="0" time="0." timestamp="2025-04-30T07:31:48.103">
    <testcase name="UnaryOps" file="/opt/pytorch/nvfuser/tests/cpp/test_interval_analysis.cpp" line="166" status="run" result="completed" time="0." timestamp="2025-04-30T07:31:48.103" classname="IntervalAnalysisTest" />
    <testcase name="ParallelLoops" file="/opt/pytorch/nvfuser/tests/cpp/test_interval_analysis.cpp" line="356" status="run" result="completed" time="0." timestamp="2025-04-30T07:31:48.103" classname="IntervalAnalysisTest" />
  </testsuite>
  <testsuite name="IterVisitorTest" tests="1" failures="0" disabled="0" skipped="0" errors="0" time="0." timestamp="2025-04-30T07:31:48.104">
    <testcase name="IterVisitorGetInputsTo" file="/opt/pytorch/nvfuser/tests/cpp/test_iter_visitor.cpp" line="83" status="run" result="completed" time="0." timestamp="2025-04-30T07:31:48.104" classname="IterVisitorTest" />
  </testsuite>
  <testsuite name="LinkedHashMapTest" tests="2" failures="0" disabled="0" skipped="0" errors="0" time="0." timestamp="2025-04-30T07:31:48.104">
    <testcase name="Insert" file="/opt/pytorch/nvfuser/tests/cpp/test_linked_hash_map.cpp" line="76" status="run" result="completed" time="0." timestamp="2025-04-30T07:31:48.104" classname="LinkedHashMapTest" />
    <testcase name="MovableValue" file="/opt/pytorch/nvfuser/tests/cpp/test_linked_hash_map.cpp" line="122" status="run" result="completed" time="0." timestamp="2025-04-30T07:31:48.104" classname="LinkedHashMapTest" />
  </testsuite>
  <testsuite name="LoopDomainSchedulingTest" tests="4" failures="0" disabled="0" skipped="0" errors="0" time="0.088" timestamp="2025-04-30T07:31:48.104">
    <testcase name="ReshapeTraversalDirection" file="/opt/pytorch/nvfuser/tests/cpp/test_loop_domain_scheduling.cpp" line="188" status="run" result="completed" time="0." timestamp="2025-04-30T07:31:48.104" classname="LoopDomainSchedulingTest" />
    <testcase name="ScheduleLoopDomainsBy2" file="/opt/pytorch/nvfuser/tests/cpp/test_loop_domain_scheduling.cpp" line="414" status="run" result="completed" time="0." timestamp="2025-04-30T07:31:48.104" classname="LoopDomainSchedulingTest" />
    <testcase name="CancelReshape1" file="/opt/pytorch/nvfuser/tests/cpp/test_loop_domain_scheduling.cpp" line="541" status="run" result="completed" time="0.087" timestamp="2025-04-30T07:31:48.104" classname="LoopDomainSchedulingTest" />
    <testcase name="CancelReshape4" file="/opt/pytorch/nvfuser/tests/cpp/test_loop_domain_scheduling.cpp" line="697" status="run" result="completed" time="0." timestamp="2025-04-30T07:31:48.192" classname="LoopDomainSchedulingTest" />
  </testsuite>
  <testsuite name="LoopRotationTest" tests="2" failures="0" disabled="0" skipped="0" errors="0" time="0.284" timestamp="2025-04-30T07:31:48.192">
    <testcase name="RotateInner" file="/opt/pytorch/nvfuser/tests/cpp/test_loop_rotation.cpp" line="20" status="run" result="completed" time="0.118" timestamp="2025-04-30T07:31:48.192" classname="LoopRotationTest" />
    <testcase name="CircularBuffered" file="/opt/pytorch/nvfuser/tests/cpp/test_loop_rotation.cpp" line="291" status="run" result="completed" time="0.166" timestamp="2025-04-30T07:31:48.311" classname="LoopRotationTest" />
  </testsuite>
  <testsuite name="MBarrierTest" tests="1" failures="0" disabled="0" skipped="0" errors="0" time="0.114" timestamp="2025-04-30T07:31:48.477">
    <testcase name="Simple" file="/opt/pytorch/nvfuser/tests/cpp/test_mbarrier.cpp" line="32" status="run" result="completed" time="0.114" timestamp="2025-04-30T07:31:48.477" classname="MBarrierTest" />
  </testsuite>
  <testsuite name="TMAIndexingTest" tests="4" failures="0" disabled="0" skipped="0" errors="0" time="1.103" timestamp="2025-04-30T07:31:48.591">
    <testcase name="Load1DTensorWith2DTMA" file="/opt/pytorch/nvfuser/tests/cpp/test_memory.cpp" line="679" status="run" result="completed" time="0.068" timestamp="2025-04-30T07:31:48.591" classname="TMAIndexingTest" />
    <testcase name="DefineBoxByCompositing1" file="/opt/pytorch/nvfuser/tests/cpp/test_memory.cpp" line="824" status="run" result="completed" time="0.099" timestamp="2025-04-30T07:31:48.660" classname="TMAIndexingTest" />
    <testcase name="DefineBoxByRotation1" file="/opt/pytorch/nvfuser/tests/cpp/test_memory.cpp" line="976" status="run" result="completed" time="0.801" timestamp="2025-04-30T07:31:48.759" classname="TMAIndexingTest" />
    <testcase name="NonTrivialGmemAllocationDomain1" file="/opt/pytorch/nvfuser/tests/cpp/test_memory.cpp" line="1165" status="run" result="completed" time="0.134" timestamp="2025-04-30T07:31:49.561" classname="TMAIndexingTest" />
  </testsuite>
  <testsuite name="TMAMiscTest" tests="2" failures="0" disabled="0" skipped="0" errors="0" time="0.425" timestamp="2025-04-30T07:31:49.695">
    <testcase name="AdvancedThreadParallelizationStore" file="/opt/pytorch/nvfuser/tests/cpp/test_memory.cpp" line="1311" status="run" result="completed" time="0.064" timestamp="2025-04-30T07:31:49.695" classname="TMAMiscTest" />
    <testcase name="StoreSyncInsertion" file="/opt/pytorch/nvfuser/tests/cpp/test_memory.cpp" line="1423" status="run" result="completed" time="0.361" timestamp="2025-04-30T07:31:49.759" classname="TMAMiscTest" />
  </testsuite>
  <testsuite name="TMACompileTimeInvalidTest" tests="2" failures="0" disabled="0" skipped="0" errors="0" time="0.002" timestamp="2025-04-30T07:31:50.120">
    <testcase name="InvalidParallelType" file="/opt/pytorch/nvfuser/tests/cpp/test_memory.cpp" line="1745" status="run" result="completed" time="0." timestamp="2025-04-30T07:31:50.120" classname="TMACompileTimeInvalidTest" />
    <testcase name="MergeDiscontiguous" file="/opt/pytorch/nvfuser/tests/cpp/test_memory.cpp" line="2065" status="run" result="completed" time="0.001" timestamp="2025-04-30T07:31:50.121" classname="TMACompileTimeInvalidTest" />
  </testsuite>
  <testsuite name="TMARuntimeInvalidTest" tests="2" failures="0" disabled="0" skipped="0" errors="0" time="0.129" timestamp="2025-04-30T07:31:50.123">
    <testcase name="MisalignedGlobalAddress" file="/opt/pytorch/nvfuser/tests/cpp/test_memory.cpp" line="1773" status="run" result="completed" time="0.062" timestamp="2025-04-30T07:31:50.123" classname="TMARuntimeInvalidTest" />
    <testcase name="InvalidView" file="/opt/pytorch/nvfuser/tests/cpp/test_memory.cpp" line="1975" status="run" result="completed" time="0.066" timestamp="2025-04-30T07:31:50.186" classname="TMARuntimeInvalidTest" />
  </testsuite>
  <testsuite name="TMADocTest" tests="5" failures="0" disabled="0" skipped="4" errors="0" time="4.308" timestamp="2025-04-30T07:31:50.253">
    <testcase name="Figure13b" file="/opt/pytorch/nvfuser/tests/cpp/test_memory.cpp" line="2266" status="run" result="skipped" time="0." timestamp="2025-04-30T07:31:50.253" classname="TMADocTest">
      <skipped message="/opt/pytorch/nvfuser/tests/cpp/test_memory.cpp:2267&#x0A;TODO: add check for this invalid case.&#x0A;"><![CDATA[/opt/pytorch/nvfuser/tests/cpp/test_memory.cpp:2267
TODO: add check for this invalid case.
]]></skipped>
    </testcase>
    <testcase name="Figure14c" file="/opt/pytorch/nvfuser/tests/cpp/test_memory.cpp" line="2381" status="run" result="completed" time="4.308" timestamp="2025-04-30T07:31:50.253" classname="TMADocTest" />
    <testcase name="Figure13e" file="/opt/pytorch/nvfuser/tests/cpp/test_memory.cpp" line="2491" status="run" result="skipped" time="0." timestamp="2025-04-30T07:31:54.561" classname="TMADocTest">
      <skipped message="/opt/pytorch/nvfuser/tests/cpp/test_memory.cpp:2492&#x0A;TODO: add check for this invalid case.&#x0A;"><![CDATA[/opt/pytorch/nvfuser/tests/cpp/test_memory.cpp:2492
TODO: add check for this invalid case.
]]></skipped>
    </testcase>
    <testcase name="Figure15b" file="/opt/pytorch/nvfuser/tests/cpp/test_memory.cpp" line="2616" status="run" result="skipped" time="0." timestamp="2025-04-30T07:31:54.561" classname="TMADocTest">
      <skipped message="/opt/pytorch/nvfuser/tests/cpp/test_memory.cpp:2617&#x0A;TODO: requires IdModel based indexing.&#x0A;"><![CDATA[/opt/pytorch/nvfuser/tests/cpp/test_memory.cpp:2617
TODO: requires IdModel based indexing.
]]></skipped>
    </testcase>
    <testcase name="Figure15e" file="/opt/pytorch/nvfuser/tests/cpp/test_memory.cpp" line="2750" status="run" result="skipped" time="0." timestamp="2025-04-30T07:31:54.561" classname="TMADocTest">
      <skipped message="/opt/pytorch/nvfuser/tests/cpp/test_memory.cpp:2751&#x0A;TODO: add check for this invalid case.&#x0A;"><![CDATA[/opt/pytorch/nvfuser/tests/cpp/test_memory.cpp:2751
TODO: add check for this invalid case.
]]></skipped>
    </testcase>
  </testsuite>
  <testsuite name="MoveSplitCatTest" tests="6" failures="0" disabled="0" skipped="0" errors="0" time="0.576" timestamp="2025-04-30T07:31:54.561">
    <testcase name="Noncancellable_DifferentOrder" file="/opt/pytorch/nvfuser/tests/cpp/test_move_split_cat.cpp" line="50" status="run" result="completed" time="0.078" timestamp="2025-04-30T07:31:54.561" classname="MoveSplitCatTest" />
    <testcase name="Noncancellable_CatOnlySubsetOfSplitOutputs" file="/opt/pytorch/nvfuser/tests/cpp/test_move_split_cat.cpp" line="122" status="run" result="completed" time="0.081" timestamp="2025-04-30T07:31:54.639" classname="MoveSplitCatTest" />
    <testcase name="Cancellable_MultiplePermutesInBetween" file="/opt/pytorch/nvfuser/tests/cpp/test_move_split_cat.cpp" line="217" status="run" result="completed" time="0.003" timestamp="2025-04-30T07:31:54.720" classname="MoveSplitCatTest" />
    <testcase name="Noncancellable_PermutedDifferently" file="/opt/pytorch/nvfuser/tests/cpp/test_move_split_cat.cpp" line="303" status="run" result="completed" time="0.165" timestamp="2025-04-30T07:31:54.724" classname="MoveSplitCatTest" />
    <testcase name="Cancellable_ReshapeAndPermuteInBetween" file="/opt/pytorch/nvfuser/tests/cpp/test_move_split_cat.cpp" line="387" status="run" result="completed" time="0.003" timestamp="2025-04-30T07:31:54.889" classname="MoveSplitCatTest" />
    <testcase name="MultiplePairs" file="/opt/pytorch/nvfuser/tests/cpp/test_move_split_cat.cpp" line="497" status="run" result="completed" time="0.244" timestamp="2025-04-30T07:31:54.893" classname="MoveSplitCatTest" />
  </testsuite>
  <testsuite name="MovePadTest" tests="4" failures="0" disabled="0" skipped="0" errors="0" time="0.395" timestamp="2025-04-30T07:31:55.138">
    <testcase name="BinaryCat" file="/opt/pytorch/nvfuser/tests/cpp/test_move_pad.cpp" line="58" status="run" result="completed" time="0.088" timestamp="2025-04-30T07:31:55.138" classname="MovePadTest" />
    <testcase name="PadReplayOnMultipleUsesCase0" file="/opt/pytorch/nvfuser/tests/cpp/test_move_pad.cpp" line="161" status="run" result="completed" time="0.102" timestamp="2025-04-30T07:31:55.226" classname="MovePadTest" />
    <testcase name="CascadePadCase1" file="/opt/pytorch/nvfuser/tests/cpp/test_move_pad.cpp" line="282" status="run" result="completed" time="0.117" timestamp="2025-04-30T07:31:55.329" classname="MovePadTest" />
    <testcase name="BooleanCat" file="/opt/pytorch/nvfuser/tests/cpp/test_move_pad.cpp" line="401" status="run" result="completed" time="0.087" timestamp="2025-04-30T07:31:55.446" classname="MovePadTest" />
  </testsuite>
  <testsuite name="NoOpTest" tests="2" failures="0" disabled="0" skipped="0" errors="0" time="0.054" timestamp="2025-04-30T07:31:55.534">
    <testcase name="FusionNullScheduler2" file="/opt/pytorch/nvfuser/tests/cpp/test_no_op.cpp" line="58" status="run" result="completed" time="0.054" timestamp="2025-04-30T07:31:55.534" classname="NoOpTest" />
    <testcase name="FusionEmpty" file="/opt/pytorch/nvfuser/tests/cpp/test_no_op.cpp" line="137" status="run" result="completed" time="0." timestamp="2025-04-30T07:31:55.588" classname="NoOpTest" />
  </testsuite>
  <testsuite name="PersistentBufferTest" tests="9" failures="0" disabled="0" skipped="1" errors="0" time="0.834" timestamp="2025-04-30T07:31:55.588">
    <testcase name="FusionPersistentBufferCalculation1_CUDA" file="/opt/pytorch/nvfuser/tests/cpp/test_persistent_buffer.cpp" line="26" status="run" result="completed" time="0." timestamp="2025-04-30T07:31:55.588" classname="PersistentBufferTest" />
    <testcase name="FusionPersistentBufferCalculation4_CUDA" file="/opt/pytorch/nvfuser/tests/cpp/test_persistent_buffer.cpp" line="235" status="run" result="completed" time="0." timestamp="2025-04-30T07:31:55.589" classname="PersistentBufferTest" />
    <testcase name="FusionPersistentBufferProjectionAfterWelfordTranslate_CUDA" file="/opt/pytorch/nvfuser/tests/cpp/test_persistent_buffer.cpp" line="437" status="run" result="completed" time="0.305" timestamp="2025-04-30T07:31:55.590" classname="PersistentBufferTest" />
    <testcase name="ProjectPersistentBufferMultiScopes" file="/opt/pytorch/nvfuser/tests/cpp/test_persistent_buffer.cpp" line="675" status="run" result="completed" time="0.036" timestamp="2025-04-30T07:31:55.895" classname="PersistentBufferTest" />
    <testcase name="ProjectToInputsAndBroadcastTvs1" file="/opt/pytorch/nvfuser/tests/cpp/test_persistent_buffer.cpp" line="908" status="run" result="completed" time="0.037" timestamp="2025-04-30T07:31:55.931" classname="PersistentBufferTest" />
    <testcase name="PostReductionBroadcastCheck" file="/opt/pytorch/nvfuser/tests/cpp/test_persistent_buffer.cpp" line="1144" status="run" result="completed" time="0.116" timestamp="2025-04-30T07:31:55.969" classname="PersistentBufferTest" />
    <testcase name="SmemPersistent2DReduction" file="/opt/pytorch/nvfuser/tests/cpp/test_persistent_buffer.cpp" line="1253" status="run" result="completed" time="0.214" timestamp="2025-04-30T07:31:56.086" classname="PersistentBufferTest" />
    <testcase name="ProjectToUpcastInput" file="/opt/pytorch/nvfuser/tests/cpp/test_persistent_buffer.cpp" line="1566" status="run" result="completed" time="0.122" timestamp="2025-04-30T07:31:56.301" classname="PersistentBufferTest" />
    <testcase name="BroadcastSyncReshape" file="/opt/pytorch/nvfuser/tests/cpp/test_persistent_buffer.cpp" line="1752" status="run" result="skipped" time="0." timestamp="2025-04-30T07:31:56.423" classname="PersistentBufferTest">
      <skipped message="/opt/pytorch/nvfuser/tests/cpp/test_persistent_buffer.cpp:1753&#x0A;Disabled for now&#x0A;"><![CDATA[/opt/pytorch/nvfuser/tests/cpp/test_persistent_buffer.cpp:1753
Disabled for now
]]></skipped>
    </testcase>
  </testsuite>
  <testsuite name="PointwiseTest" tests="9" failures="0" disabled="0" skipped="0" errors="0" time="1.29" timestamp="2025-04-30T07:31:56.423">
    <testcase name="VectorizeStrideContiguity2D" file="/opt/pytorch/nvfuser/tests/cpp/test_pointwise.cpp" line="64" status="run" result="completed" time="0.263" timestamp="2025-04-30T07:31:56.423" classname="PointwiseTest" />
    <testcase name="VectorizeStrideMisalignedBase" file="/opt/pytorch/nvfuser/tests/cpp/test_pointwise.cpp" line="158" status="run" result="completed" time="0.342" timestamp="2025-04-30T07:31:56.687" classname="PointwiseTest" />
    <testcase name="Issue1567VectorizeAllocationDomain" file="/opt/pytorch/nvfuser/tests/cpp/test_pointwise.cpp" line="289" status="run" result="completed" time="0.111" timestamp="2025-04-30T07:31:57.029" classname="PointwiseTest" />
    <testcase name="Issue1567VectorizationFactorAnalysisCase2" file="/opt/pytorch/nvfuser/tests/cpp/test_pointwise.cpp" line="393" status="run" result="completed" time="0.094" timestamp="2025-04-30T07:31:57.141" classname="PointwiseTest" />
    <testcase name="VectorizeWithBroadcastAndReshape1" file="/opt/pytorch/nvfuser/tests/cpp/test_pointwise.cpp" line="559" status="run" result="completed" time="0.114" timestamp="2025-04-30T07:31:57.235" classname="PointwiseTest" />
    <testcase name="Heuristicst1Compute1Unroll2" file="/opt/pytorch/nvfuser/tests/cpp/test_pointwise.cpp" line="751" status="run" result="completed" time="0.078" timestamp="2025-04-30T07:31:57.350" classname="PointwiseTest" />
    <testcase name="VectorizePadLoweringPermuted" file="/opt/pytorch/nvfuser/tests/cpp/test_pointwise.cpp" line="845" status="run" result="completed" time="0.081" timestamp="2025-04-30T07:31:57.428" classname="PointwiseTest" />
    <testcase name="DomainMapTestEg2" file="/opt/pytorch/nvfuser/tests/cpp/test_pointwise.cpp" line="981" status="run" result="completed" time="0.081" timestamp="2025-04-30T07:31:57.510" classname="PointwiseTest" />
    <testcase name="DomainMapPad1" file="/opt/pytorch/nvfuser/tests/cpp/test_pointwise.cpp" line="1188" status="run" result="completed" time="0.122" timestamp="2025-04-30T07:31:57.591" classname="PointwiseTest" />
  </testsuite>
  <testsuite name="PolymorphicValueTest" tests="1" failures="0" disabled="0" skipped="0" errors="0" time="0." timestamp="2025-04-30T07:31:57.714">
    <testcase name="OpaqueEquality" file="/opt/pytorch/nvfuser/tests/cpp/test_polymorphic_value.cpp" line="24" status="run" result="completed" time="0." timestamp="2025-04-30T07:31:57.714" classname="PolymorphicValueTest" />
  </testsuite>
  <testsuite name="PredicateEliminationTest" tests="4" failures="0" disabled="0" skipped="0" errors="0" time="2.813" timestamp="2025-04-30T07:31:57.714">
    <testcase name="1" file="/opt/pytorch/nvfuser/tests/cpp/test_predicate_elimination.cpp" line="22" status="run" result="completed" time="0.011" timestamp="2025-04-30T07:31:57.714" classname="PredicateEliminationTest" />
    <testcase name="4" file="/opt/pytorch/nvfuser/tests/cpp/test_predicate_elimination.cpp" line="139" status="run" result="completed" time="2.599" timestamp="2025-04-30T07:31:57.725" classname="PredicateEliminationTest" />
    <testcase name="7" file="/opt/pytorch/nvfuser/tests/cpp/test_predicate_elimination.cpp" line="287" status="run" result="completed" time="0.111" timestamp="2025-04-30T07:32:00.325" classname="PredicateEliminationTest" />
    <testcase name="ExtentEqualToMaxParallelTypeExtent" file="/opt/pytorch/nvfuser/tests/cpp/test_predicate_elimination.cpp" line="438" status="run" result="completed" time="0.09" timestamp="2025-04-30T07:32:00.437" classname="PredicateEliminationTest" />
  </testsuite>
  <testsuite name="PresegTest" tests="9" failures="0" disabled="0" skipped="0" errors="0" time="0.56" timestamp="2025-04-30T07:32:00.527">
    <testcase name="FusionTestCastOptimization" file="/opt/pytorch/nvfuser/tests/cpp/test_preseg_passes.cpp" line="155" status="run" result="completed" time="0.003" timestamp="2025-04-30T07:32:00.527" classname="PresegTest" />
    <testcase name="FusionRemoveEmptyReductionWithNonReduction" file="/opt/pytorch/nvfuser/tests/cpp/test_preseg_passes.cpp" line="425" status="run" result="completed" time="0.058" timestamp="2025-04-30T07:32:00.530" classname="PresegTest" />
    <testcase name="FusionRemoveEmptyPad" file="/opt/pytorch/nvfuser/tests/cpp/test_preseg_passes.cpp" line="545" status="run" result="completed" time="0.059" timestamp="2025-04-30T07:32:00.589" classname="PresegTest" />
    <testcase name="ExtentSubstitution" file="/opt/pytorch/nvfuser/tests/cpp/test_preseg_passes.cpp" line="644" status="run" result="completed" time="0.08" timestamp="2025-04-30T07:32:00.649" classname="PresegTest" />
    <testcase name="TranslateRepeatToExpand1" file="/opt/pytorch/nvfuser/tests/cpp/test_preseg_passes.cpp" line="773" status="run" result="completed" time="0.069" timestamp="2025-04-30T07:32:00.729" classname="PresegTest" />
    <testcase name="TranslateRepeatToExpand4" file="/opt/pytorch/nvfuser/tests/cpp/test_preseg_passes.cpp" line="897" status="run" result="completed" time="0.13" timestamp="2025-04-30T07:32:00.799" classname="PresegTest" />
    <testcase name="FusionTestCastOptimizationMetaOp0" file="/opt/pytorch/nvfuser/tests/cpp/test_preseg_passes.cpp" line="1023" status="run" result="completed" time="0.002" timestamp="2025-04-30T07:32:00.929" classname="PresegTest" />
    <testcase name="FusionTestCastOptimizationMetaOp3" file="/opt/pytorch/nvfuser/tests/cpp/test_preseg_passes.cpp" line="1115" status="run" result="completed" time="0.082" timestamp="2025-04-30T07:32:00.931" classname="PresegTest" />
    <testcase name="FusionTestCastOptimizationMetaOp6" file="/opt/pytorch/nvfuser/tests/cpp/test_preseg_passes.cpp" line="1216" status="run" result="completed" time="0.074" timestamp="2025-04-30T07:32:01.013" classname="PresegTest" />
  </testsuite>
  <testsuite name="RemoveBcastSqueezeTest" tests="5" failures="0" disabled="0" skipped="0" errors="0" time="0.002" timestamp="2025-04-30T07:32:01.088">
    <testcase name="BcastSqueezeUnmatchedDim" file="/opt/pytorch/nvfuser/tests/cpp/test_remove_bcast_squeeze.cpp" line="103" status="run" result="completed" time="0." timestamp="2025-04-30T07:32:01.088" classname="RemoveBcastSqueezeTest" />
    <testcase name="BcastSqueezeInputBcast" file="/opt/pytorch/nvfuser/tests/cpp/test_remove_bcast_squeeze.cpp" line="172" status="run" result="completed" time="0." timestamp="2025-04-30T07:32:01.088" classname="RemoveBcastSqueezeTest" />
    <testcase name="SqueezeBcastOutputSqueeze" file="/opt/pytorch/nvfuser/tests/cpp/test_remove_bcast_squeeze.cpp" line="231" status="run" result="completed" time="0." timestamp="2025-04-30T07:32:01.088" classname="RemoveBcastSqueezeTest" />
    <testcase name="BcastSqueezeBcast" file="/opt/pytorch/nvfuser/tests/cpp/test_remove_bcast_squeeze.cpp" line="299" status="run" result="completed" time="0." timestamp="2025-04-30T07:32:01.089" classname="RemoveBcastSqueezeTest" />
    <testcase name="SqueezeBcastSetBcast" file="/opt/pytorch/nvfuser/tests/cpp/test_remove_bcast_squeeze.cpp" line="361" status="run" result="completed" time="0." timestamp="2025-04-30T07:32:01.089" classname="RemoveBcastSqueezeTest" />
  </testsuite>
  <testsuite name="RemoveTrivialOpsTest" tests="2" failures="0" disabled="0" skipped="0" errors="0" time="0.499" timestamp="2025-04-30T07:32:01.090">
    <testcase name="Broadcast" file="/opt/pytorch/nvfuser/tests/cpp/test_remove_trivial_ops.cpp" line="128" status="run" result="completed" time="0.248" timestamp="2025-04-30T07:32:01.090" classname="RemoveTrivialOpsTest" />
    <testcase name="BroadcastSqueeze" file="/opt/pytorch/nvfuser/tests/cpp/test_remove_trivial_ops.cpp" line="377" status="run" result="completed" time="0.25" timestamp="2025-04-30T07:32:01.339" classname="RemoveTrivialOpsTest" />
  </testsuite>
  <testsuite name="ReshardingTest" tests="20" failures="0" disabled="0" skipped="0" errors="0" time="0.039" timestamp="2025-04-30T07:32:01.589">
    <testcase name="SplitingView" file="/opt/pytorch/nvfuser/tests/cpp/test_resharding.cpp" line="79" status="run" result="completed" time="0." timestamp="2025-04-30T07:32:01.589" classname="ReshardingTest" />
    <testcase name="Set_DifferentMeshes" file="/opt/pytorch/nvfuser/tests/cpp/test_resharding.cpp" line="147" status="run" result="completed" time="0." timestamp="2025-04-30T07:32:01.590" classname="ReshardingTest" />
    <testcase name="Sum_SameMesh_NoParallelTypes" file="/opt/pytorch/nvfuser/tests/cpp/test_resharding.cpp" line="183" status="run" result="completed" time="0." timestamp="2025-04-30T07:32:01.590" classname="ReshardingTest" />
    <testcase name="Sum_UnshardedAxis" file="/opt/pytorch/nvfuser/tests/cpp/test_resharding.cpp" line="220" status="run" result="completed" time="0." timestamp="2025-04-30T07:32:01.590" classname="ReshardingTest" />
    <testcase name="Add_DifferentMeshes" file="/opt/pytorch/nvfuser/tests/cpp/test_resharding.cpp" line="259" status="run" result="completed" time="0." timestamp="2025-04-30T07:32:01.590" classname="ReshardingTest" />
    <testcase name="Add_SameMesh_SameParallelTypes" file="/opt/pytorch/nvfuser/tests/cpp/test_resharding.cpp" line="309" status="run" result="completed" time="0." timestamp="2025-04-30T07:32:01.590" classname="ReshardingTest" />
    <testcase name="Matmul_NoResharding" file="/opt/pytorch/nvfuser/tests/cpp/test_resharding.cpp" line="361" status="run" result="completed" time="0." timestamp="2025-04-30T07:32:01.590" classname="ReshardingTest" />
    <testcase name="ReduceScatter" file="/opt/pytorch/nvfuser/tests/cpp/test_resharding.cpp" line="413" status="run" result="completed" time="0." timestamp="2025-04-30T07:32:01.591" classname="ReshardingTest" />
    <testcase name="ReshardingSqueeze" file="/opt/pytorch/nvfuser/tests/cpp/test_resharding.cpp" line="468" status="run" result="completed" time="0." timestamp="2025-04-30T07:32:01.591" classname="ReshardingTest" />
    <testcase name="InsertShardedAxisReordering" file="/opt/pytorch/nvfuser/tests/cpp/test_resharding.cpp" line="573" status="run" result="completed" time="0.001" timestamp="2025-04-30T07:32:01.591" classname="ReshardingTest" />
    <testcase name="Insert/2" value_param="(DeviceMesh{0}, DeviceMesh{1 2}, DeviceMesh{0 1 2 3}, false, true, false)" file="/opt/pytorch/nvfuser/tests/cpp/test_resharding.cpp" line="610" status="run" result="completed" time="0.004" timestamp="2025-04-30T07:32:01.592" classname="ReshardingTest" />
    <testcase name="Insert/5" value_param="(DeviceMesh{0}, DeviceMesh{1 2}, DeviceMesh{0 1 2 3}, true, false, true)" file="/opt/pytorch/nvfuser/tests/cpp/test_resharding.cpp" line="610" status="run" result="completed" time="0.003" timestamp="2025-04-30T07:32:01.597" classname="ReshardingTest" />
    <testcase name="Insert/8" value_param="(DeviceMesh{0}, DeviceMesh{0 1 2 3}, DeviceMesh{0 1 2 3}, false, false, false)" file="/opt/pytorch/nvfuser/tests/cpp/test_resharding.cpp" line="610" status="run" result="completed" time="0.003" timestamp="2025-04-30T07:32:01.600" classname="ReshardingTest" />
    <testcase name="Insert/11" value_param="(DeviceMesh{0}, DeviceMesh{0 1 2 3}, DeviceMesh{0 1 2 3}, false, true, true)" file="/opt/pytorch/nvfuser/tests/cpp/test_resharding.cpp" line="610" status="run" result="completed" time="0.003" timestamp="2025-04-30T07:32:01.603" classname="ReshardingTest" />
    <testcase name="Insert/14" value_param="(DeviceMesh{0}, DeviceMesh{0 1 2 3}, DeviceMesh{0 1 2 3}, true, true, false)" file="/opt/pytorch/nvfuser/tests/cpp/test_resharding.cpp" line="610" status="run" result="completed" time="0.005" timestamp="2025-04-30T07:32:01.607" classname="ReshardingTest" />
    <testcase name="Insert/17" value_param="(DeviceMesh{0 1 2 3}, DeviceMesh{1 2}, DeviceMesh{0 1 2 3}, false, false, true)" file="/opt/pytorch/nvfuser/tests/cpp/test_resharding.cpp" line="610" status="run" result="completed" time="0.003" timestamp="2025-04-30T07:32:01.613" classname="ReshardingTest" />
    <testcase name="Insert/20" value_param="(DeviceMesh{0 1 2 3}, DeviceMesh{1 2}, DeviceMesh{0 1 2 3}, true, false, false)" file="/opt/pytorch/nvfuser/tests/cpp/test_resharding.cpp" line="610" status="run" result="completed" time="0.004" timestamp="2025-04-30T07:32:01.616" classname="ReshardingTest" />
    <testcase name="Insert/23" value_param="(DeviceMesh{0 1 2 3}, DeviceMesh{1 2}, DeviceMesh{0 1 2 3}, true, true, true)" file="/opt/pytorch/nvfuser/tests/cpp/test_resharding.cpp" line="610" status="run" result="completed" time="0.002" timestamp="2025-04-30T07:32:01.621" classname="ReshardingTest" />
    <testcase name="Insert/26" value_param="(DeviceMesh{0 1 2 3}, DeviceMesh{0 1 2 3}, DeviceMesh{0 1 2 3}, false, true, false)" file="/opt/pytorch/nvfuser/tests/cpp/test_resharding.cpp" line="610" status="run" result="completed" time="0.002" timestamp="2025-04-30T07:32:01.624" classname="ReshardingTest" />
    <testcase name="Insert/29" value_param="(DeviceMesh{0 1 2 3}, DeviceMesh{0 1 2 3}, DeviceMesh{0 1 2 3}, true, false, true)" file="/opt/pytorch/nvfuser/tests/cpp/test_resharding.cpp" line="610" status="run" result="completed" time="0.002" timestamp="2025-04-30T07:32:01.626" classname="ReshardingTest" />
  </testsuite>
  <testsuite name="ReshardingSelectOpTest" tests="1" failures="0" disabled="0" skipped="0" errors="0" time="0." timestamp="2025-04-30T07:32:01.628">
    <testcase name="NonResharding" file="/opt/pytorch/nvfuser/tests/cpp/test_resharding.cpp" line="681" status="run" result="completed" time="0." timestamp="2025-04-30T07:32:01.628" classname="ReshardingSelectOpTest" />
  </testsuite>
  <testsuite name="ResizeTest" tests="35" failures="0" disabled="0" skipped="0" errors="0" time="7.867" timestamp="2025-04-30T07:32:01.629">
    <testcase name="Pad1" file="/opt/pytorch/nvfuser/tests/cpp/test_resize.cpp" line="78" status="run" result="completed" time="0.059" timestamp="2025-04-30T07:32:01.629" classname="ResizeTest" />
    <testcase name="Pad4" file="/opt/pytorch/nvfuser/tests/cpp/test_resize.cpp" line="184" status="run" result="completed" time="0.057" timestamp="2025-04-30T07:32:01.688" classname="ResizeTest" />
    <testcase name="Pad7" file="/opt/pytorch/nvfuser/tests/cpp/test_resize.cpp" line="310" status="run" result="completed" time="0.075" timestamp="2025-04-30T07:32:01.745" classname="ResizeTest" />
    <testcase name="PadScheduler4" file="/opt/pytorch/nvfuser/tests/cpp/test_resize.cpp" line="500" status="run" result="completed" time="0.202" timestamp="2025-04-30T07:32:01.821" classname="ResizeTest" />
    <testcase name="Cat2" file="/opt/pytorch/nvfuser/tests/cpp/test_resize.cpp" line="603" status="run" result="completed" time="0.078" timestamp="2025-04-30T07:32:02.023" classname="ResizeTest" />
    <testcase name="Cat5" file="/opt/pytorch/nvfuser/tests/cpp/test_resize.cpp" line="717" status="run" result="completed" time="0.074" timestamp="2025-04-30T07:32:02.101" classname="ResizeTest" />
    <testcase name="CatScheduler1" file="/opt/pytorch/nvfuser/tests/cpp/test_resize.cpp" line="864" status="run" result="completed" time="0.075" timestamp="2025-04-30T07:32:02.176" classname="ResizeTest" />
    <testcase name="Slice1" file="/opt/pytorch/nvfuser/tests/cpp/test_resize.cpp" line="963" status="run" result="completed" time="0.061" timestamp="2025-04-30T07:32:02.252" classname="ResizeTest" />
    <testcase name="Slice4" file="/opt/pytorch/nvfuser/tests/cpp/test_resize.cpp" line="1039" status="run" result="completed" time="0.105" timestamp="2025-04-30T07:32:02.313" classname="ResizeTest" />
    <testcase name="SliceInputShmoo" file="/opt/pytorch/nvfuser/tests/cpp/test_resize.cpp" line="1224" status="run" result="completed" time="0.066" timestamp="2025-04-30T07:32:02.419" classname="ResizeTest" />
    <testcase name="SliceExtentSimplification" file="/opt/pytorch/nvfuser/tests/cpp/test_resize.cpp" line="1345" status="run" result="completed" time="0." timestamp="2025-04-30T07:32:02.485" classname="ResizeTest" />
    <testcase name="SliceReduceScheduler2" file="/opt/pytorch/nvfuser/tests/cpp/test_resize.cpp" line="1450" status="run" result="completed" time="0.631" timestamp="2025-04-30T07:32:02.485" classname="ResizeTest" />
    <testcase name="CatSoftmaxScheduler1" file="/opt/pytorch/nvfuser/tests/cpp/test_resize.cpp" line="1558" status="run" result="completed" time="0.144" timestamp="2025-04-30T07:32:03.117" classname="ResizeTest" />
    <testcase name="SoftmaxSliceScheduler2" file="/opt/pytorch/nvfuser/tests/cpp/test_resize.cpp" line="1644" status="run" result="completed" time="0.187" timestamp="2025-04-30T07:32:03.262" classname="ResizeTest" />
    <testcase name="PadHalfWithDoubleValue" file="/opt/pytorch/nvfuser/tests/cpp/test_resize.cpp" line="1738" status="run" result="completed" time="0.061" timestamp="2025-04-30T07:32:03.450" classname="ResizeTest" />
    <testcase name="SliceForNanoGPT3" file="/opt/pytorch/nvfuser/tests/cpp/test_resize.cpp" line="1945" status="run" result="completed" time="3.864" timestamp="2025-04-30T07:32:03.511" classname="ResizeTest" />
    <testcase name="FusionSizeZeroSliceSplit" file="/opt/pytorch/nvfuser/tests/cpp/test_resize.cpp" line="2130" status="run" result="completed" time="0.053" timestamp="2025-04-30T07:32:07.376" classname="ResizeTest" />
    <testcase name="SliceVectorization" file="/opt/pytorch/nvfuser/tests/cpp/test_resize.cpp" line="2261" status="run" result="completed" time="0.083" timestamp="2025-04-30T07:32:07.429" classname="ResizeTest" />
    <testcase name="ResizePadToBroadcastIssue596" file="/opt/pytorch/nvfuser/tests/cpp/test_resize.cpp" line="2452" status="run" result="completed" time="0.104" timestamp="2025-04-30T07:32:07.513" classname="ResizeTest" />
    <testcase name="Slice1DVectorize" file="/opt/pytorch/nvfuser/tests/cpp/test_resize.cpp" line="2560" status="run" result="completed" time="0.058" timestamp="2025-04-30T07:32:07.618" classname="ResizeTest" />
    <testcase name="Slice1DVectorize3" file="/opt/pytorch/nvfuser/tests/cpp/test_resize.cpp" line="2692" status="run" result="completed" time="0.061" timestamp="2025-04-30T07:32:07.677" classname="ResizeTest" />
    <testcase name="Slice2DVectorize1" file="/opt/pytorch/nvfuser/tests/cpp/test_resize.cpp" line="2816" status="run" result="completed" time="0.048" timestamp="2025-04-30T07:32:07.739" classname="ResizeTest" />
    <testcase name="SliceAndReshapeRepro540Manual" file="/opt/pytorch/nvfuser/tests/cpp/test_resize.cpp" line="2918" status="run" result="completed" time="0.138" timestamp="2025-04-30T07:32:07.787" classname="ResizeTest" />
    <testcase name="CatOfBroadcast" file="/opt/pytorch/nvfuser/tests/cpp/test_resize.cpp" line="3096" status="run" result="completed" time="0.069" timestamp="2025-04-30T07:32:07.925" classname="ResizeTest" />
    <testcase name="PadOfBroadcast" file="/opt/pytorch/nvfuser/tests/cpp/test_resize.cpp" line="3209" status="run" result="completed" time="0.057" timestamp="2025-04-30T07:32:07.995" classname="ResizeTest" />
    <testcase name="SqueezeSlicedExpand" file="/opt/pytorch/nvfuser/tests/cpp/test_resize.cpp" line="3309" status="run" result="completed" time="0.001" timestamp="2025-04-30T07:32:08.053" classname="ResizeTest" />
    <testcase name="PadDtypes" file="/opt/pytorch/nvfuser/tests/cpp/test_resize.cpp" line="3456" status="run" result="completed" time="0.851" timestamp="2025-04-30T07:32:08.055" classname="ResizeTest" />
    <testcase name="Chunk_SizeZero" file="/opt/pytorch/nvfuser/tests/cpp/test_resize.cpp" line="3547" status="run" result="completed" time="0.008" timestamp="2025-04-30T07:32:08.906" classname="ResizeTest" />
    <testcase name="PadScheduledLikeConsumer" file="/opt/pytorch/nvfuser/tests/cpp/test_resize.cpp" line="3640" status="run" result="completed" time="0.062" timestamp="2025-04-30T07:32:08.914" classname="ResizeTest" />
    <testcase name="SliceThenConcat" file="/opt/pytorch/nvfuser/tests/cpp/test_resize.cpp" line="3794" status="run" result="completed" time="0.065" timestamp="2025-04-30T07:32:08.977" classname="ResizeTest" />
    <testcase name="VectorizeWhereLowering" file="/opt/pytorch/nvfuser/tests/cpp/test_resize.cpp" line="5335" status="run" result="completed" time="0.062" timestamp="2025-04-30T07:32:09.042" classname="ResizeTest" />
    <testcase name="VectorizeFactorTwoPadZeroExtent" file="/opt/pytorch/nvfuser/tests/cpp/test_resize.cpp" line="5443" status="run" result="completed" time="0.071" timestamp="2025-04-30T07:32:09.104" classname="ResizeTest" />
    <testcase name="TraversalForInliningPosition" file="/opt/pytorch/nvfuser/tests/cpp/test_resize.cpp" line="5610" status="run" result="completed" time="0.091" timestamp="2025-04-30T07:32:09.176" classname="ResizeTest" />
    <testcase name="VectorizeInnermostWithReshapeSplit" file="/opt/pytorch/nvfuser/tests/cpp/test_resize.cpp" line="5818" status="run" result="completed" time="0.092" timestamp="2025-04-30T07:32:09.267" classname="ResizeTest" />
    <testcase name="VectorizeInnerSliceMultiplePaths" file="/opt/pytorch/nvfuser/tests/cpp/test_resize.cpp" line="5973" status="run" result="completed" time="0.136" timestamp="2025-04-30T07:32:09.360" classname="ResizeTest" />
  </testsuite>
  <testsuite name="ResizeSchedulerTest" tests="8" failures="0" disabled="0" skipped="0" errors="0" time="1.163" timestamp="2025-04-30T07:32:09.496">
    <testcase name="PropagateSliceToInputs/Scheduler" value_param="true" file="/opt/pytorch/nvfuser/tests/cpp/test_resize.cpp" line="3953" status="run" result="completed" time="0.123" timestamp="2025-04-30T07:32:09.496" classname="ResizeSchedulerTest" />
    <testcase name="PropagateSliceToInputsWithReshape2/Manual" value_param="false" file="/opt/pytorch/nvfuser/tests/cpp/test_resize.cpp" line="4133" status="run" result="completed" time="0.113" timestamp="2025-04-30T07:32:09.619" classname="ResizeSchedulerTest" />
    <testcase name="PropagateMultipleSlicesToInputs1/Scheduler" value_param="true" file="/opt/pytorch/nvfuser/tests/cpp/test_resize.cpp" line="4219" status="run" result="completed" time="0.129" timestamp="2025-04-30T07:32:09.733" classname="ResizeSchedulerTest" />
    <testcase name="PropagateMultipleSlicesToInputs2" file="/opt/pytorch/nvfuser/tests/cpp/test_resize.cpp" line="4331" status="run" result="completed" time="0.191" timestamp="2025-04-30T07:32:09.862" classname="ResizeSchedulerTest" />
    <testcase name="PropagateMultipleSlicesToInputs6" file="/opt/pytorch/nvfuser/tests/cpp/test_resize.cpp" line="4680" status="run" result="completed" time="0.202" timestamp="2025-04-30T07:32:10.054" classname="ResizeSchedulerTest" />
    <testcase name="SliceRotateCat/Manual" value_param="false" file="/opt/pytorch/nvfuser/tests/cpp/test_resize.cpp" line="4742" status="run" result="completed" time="0.121" timestamp="2025-04-30T07:32:10.256" classname="ResizeSchedulerTest" />
    <testcase name="SliceRotateCatResidual/Scheduler" value_param="true" file="/opt/pytorch/nvfuser/tests/cpp/test_resize.cpp" line="4868" status="run" result="completed" time="0.157" timestamp="2025-04-30T07:32:10.378" classname="ResizeSchedulerTest" />
    <testcase name="PropagateCatToInputs/Manual" value_param="false" file="/opt/pytorch/nvfuser/tests/cpp/test_resize.cpp" line="5200" status="run" result="completed" time="0.123" timestamp="2025-04-30T07:32:10.536" classname="ResizeSchedulerTest" />
  </testsuite>
  <testsuite name="PointwiseFusedReductionTest" tests="1" failures="0" disabled="0" skipped="0" errors="0" time="0.242" timestamp="2025-04-30T07:32:10.659">
    <testcase name="OuterReductionNonBroadcast" file="/opt/pytorch/nvfuser/tests/cpp/test_reduction_pointwise.cpp" line="72" status="run" result="completed" time="0.242" timestamp="2025-04-30T07:32:10.659" classname="PointwiseFusedReductionTest" />
  </testsuite>
  <testsuite name="RopeTest" tests="1" failures="0" disabled="0" skipped="0" errors="0" time="0.076" timestamp="2025-04-30T07:32:10.902">
    <testcase name="EndingRepeat" file="/opt/pytorch/nvfuser/tests/cpp/test_rope.cpp" line="1622" status="run" result="completed" time="0.076" timestamp="2025-04-30T07:32:10.902" classname="RopeTest" />
  </testsuite>
  <testsuite name="ScalarHoistTest" tests="1" failures="0" disabled="0" skipped="0" errors="0" time="0.075" timestamp="2025-04-30T07:32:10.978">
    <testcase name="IndexHoist2" file="/opt/pytorch/nvfuser/tests/cpp/test_scalar_hoisting.cpp" line="224" status="run" result="completed" time="0.075" timestamp="2025-04-30T07:32:10.978" classname="ScalarHoistTest" />
  </testsuite>
  <testsuite name="ScatterTest" tests="1" failures="0" disabled="0" skipped="0" errors="0" time="0.088" timestamp="2025-04-30T07:32:11.053">
    <testcase name="Scatter1DIndexZerosSelfTvSameShape" file="/opt/pytorch/nvfuser/tests/cpp/test_scatter.cpp" line="86" status="run" result="completed" time="0.088" timestamp="2025-04-30T07:32:11.053" classname="ScatterTest" />
  </testsuite>
  <testsuite name="SDPATest" tests="3" failures="0" disabled="0" skipped="0" errors="0" time="0.016" timestamp="2025-04-30T07:32:11.142">
    <testcase name="CausalAttn" file="/opt/pytorch/nvfuser/tests/cpp/test_sdpa_node.cpp" line="311" status="run" result="completed" time="0.003" timestamp="2025-04-30T07:32:11.142" classname="SDPATest" />
    <testcase name="NonCausalAttnSymbolicBwd" file="/opt/pytorch/nvfuser/tests/cpp/test_sdpa_node.cpp" line="531" status="run" result="completed" time="0.006" timestamp="2025-04-30T07:32:11.146" classname="SDPATest" />
    <testcase name="Sharded_SdpaFwd" file="/opt/pytorch/nvfuser/tests/cpp/test_sdpa_node.cpp" line="775" status="run" result="completed" time="0.006" timestamp="2025-04-30T07:32:11.153" classname="SDPATest" />
  </testsuite>
  <testsuite name="SegmentationTest" tests="8" failures="0" disabled="0" skipped="0" errors="0" time="1.092" timestamp="2025-04-30T07:32:11.159">
    <testcase name="Issue1284_Repro1" file="/opt/pytorch/nvfuser/tests/cpp/test_segmentation.cpp" line="24" status="run" result="completed" time="0.108" timestamp="2025-04-30T07:32:11.159" classname="SegmentationTest" />
    <testcase name="SegmentHintOnNonTerminatingOutput" file="/opt/pytorch/nvfuser/tests/cpp/test_segmentation.cpp" line="133" status="run" result="completed" time="0.111" timestamp="2025-04-30T07:32:11.267" classname="SegmentationTest" />
    <testcase name="InputForwardingUntilBinary" file="/opt/pytorch/nvfuser/tests/cpp/test_segmentation.cpp" line="232" status="run" result="completed" time="0.115" timestamp="2025-04-30T07:32:11.378" classname="SegmentationTest" />
    <testcase name="ForwardedExprsAreReplicated" file="/opt/pytorch/nvfuser/tests/cpp/test_segmentation.cpp" line="321" status="run" result="completed" time="0.143" timestamp="2025-04-30T07:32:11.494" classname="SegmentationTest" />
    <testcase name="ForceFp16NotAllCast" file="/opt/pytorch/nvfuser/tests/cpp/test_segmentation.cpp" line="433" status="run" result="completed" time="0.243" timestamp="2025-04-30T07:32:11.637" classname="SegmentationTest" />
    <testcase name="EraseReductionsInSegmentationEdges" file="/opt/pytorch/nvfuser/tests/cpp/test_segmentation.cpp" line="571" status="run" result="completed" time="0.171" timestamp="2025-04-30T07:32:11.880" classname="SegmentationTest" />
    <testcase name="ForwardInputsToSegmenterSetIssue2658" file="/opt/pytorch/nvfuser/tests/cpp/test_segmentation.cpp" line="671" status="run" result="completed" time="0.086" timestamp="2025-04-30T07:32:12.051" classname="SegmentationTest" />
    <testcase name="ForwardFull" file="/opt/pytorch/nvfuser/tests/cpp/test_segmentation.cpp" line="810" status="run" result="completed" time="0.113" timestamp="2025-04-30T07:32:12.138" classname="SegmentationTest" />
  </testsuite>
  <testsuite name="SelectTest" tests="1" failures="0" disabled="0" skipped="0" errors="0" time="0.232" timestamp="2025-04-30T07:32:12.251">
    <testcase name="Persistent" file="/opt/pytorch/nvfuser/tests/cpp/test_select.cpp" line="89" status="run" result="completed" time="0.232" timestamp="2025-04-30T07:32:12.251" classname="SelectTest" />
  </testsuite>
  <testsuite name="ShardingTest" tests="4" failures="0" disabled="0" skipped="0" errors="0" time="0.169" timestamp="2025-04-30T07:32:12.484">
    <testcase name="AllocationIsSharded" file="/opt/pytorch/nvfuser/tests/cpp/test_sharding.cpp" line="38" status="run" result="completed" time="0." timestamp="2025-04-30T07:32:12.484" classname="ShardingTest" />
    <testcase name="ReductionScatter" file="/opt/pytorch/nvfuser/tests/cpp/test_sharding.cpp" line="79" status="run" result="completed" time="0." timestamp="2025-04-30T07:32:12.484" classname="ShardingTest" />
    <testcase name="ComputeIndex/true" value_param="true" file="/opt/pytorch/nvfuser/tests/cpp/test_sharding.cpp" line="173" status="run" result="completed" time="0.169" timestamp="2025-04-30T07:32:12.484" classname="ShardingTest" />
    <testcase name="MultiDimDeviceMesh" file="/opt/pytorch/nvfuser/tests/cpp/test_sharding.cpp" line="210" status="run" result="completed" time="0." timestamp="2025-04-30T07:32:12.654" classname="ShardingTest" />
  </testsuite>
  <testsuite name="SmemReuseTest" tests="3" failures="0" disabled="0" skipped="0" errors="0" time="0.145" timestamp="2025-04-30T07:32:12.654">
    <testcase name="PromoteReuse" file="/opt/pytorch/nvfuser/tests/cpp/test_smem_reuse.cpp" line="222" status="run" result="completed" time="0.009" timestamp="2025-04-30T07:32:12.654" classname="SmemReuseTest" />
    <testcase name="SkippedSyncInterval" file="/opt/pytorch/nvfuser/tests/cpp/test_smem_reuse.cpp" line="423" status="run" result="completed" time="0.004" timestamp="2025-04-30T07:32:12.664" classname="SmemReuseTest" />
    <testcase name="ExpandInterferes" file="/opt/pytorch/nvfuser/tests/cpp/test_smem_reuse.cpp" line="633" status="run" result="completed" time="0.13" timestamp="2025-04-30T07:32:12.668" classname="SmemReuseTest" />
  </testsuite>
  <testsuite name="LegacySwizzleTest" tests="6" failures="0" disabled="0" skipped="0" errors="0" time="0.477" timestamp="2025-04-30T07:32:12.799">
    <testcase name="SimpleSwizzle1" file="/opt/pytorch/nvfuser/tests/cpp/test_swizzle.cpp" line="68" status="run" result="completed" time="0.17" timestamp="2025-04-30T07:32:12.799" classname="LegacySwizzleTest" />
    <testcase name="LoopSwizzle0" file="/opt/pytorch/nvfuser/tests/cpp/test_swizzle.cpp" line="262" status="run" result="completed" time="0.126" timestamp="2025-04-30T07:32:12.970" classname="LegacySwizzleTest" />
    <testcase name="LoopSwizzleCheck1" file="/opt/pytorch/nvfuser/tests/cpp/test_swizzle.cpp" line="357" status="run" result="completed" time="0.002" timestamp="2025-04-30T07:32:13.096" classname="LegacySwizzleTest" />
    <testcase name="TransposeBankConflictSwizzle2" file="/opt/pytorch/nvfuser/tests/cpp/test_swizzle.cpp" line="448" status="run" result="completed" time="0.007" timestamp="2025-04-30T07:32:13.099" classname="LegacySwizzleTest" />
    <testcase name="SwizzleExampleXor" file="/opt/pytorch/nvfuser/tests/cpp/test_swizzle.cpp" line="553" status="run" result="completed" time="0.169" timestamp="2025-04-30T07:32:13.106" classname="LegacySwizzleTest" />
    <testcase name="TransformPropagatorSkipSwizzleOnTarget" file="/opt/pytorch/nvfuser/tests/cpp/test_swizzle.cpp" line="626" status="run" result="completed" time="0." timestamp="2025-04-30T07:32:13.276" classname="LegacySwizzleTest" />
  </testsuite>
  <testsuite name="TensorFactoryTest" tests="4" failures="0" disabled="0" skipped="0" errors="0" time="8.74" timestamp="2025-04-30T07:32:13.276">
    <testcase name="StandaloneFull" file="/opt/pytorch/nvfuser/tests/cpp/test_tensor_factories.cpp" line="26" status="run" result="completed" time="4.57" timestamp="2025-04-30T07:32:13.276" classname="TensorFactoryTest" />
    <testcase name="StandaloneIota" file="/opt/pytorch/nvfuser/tests/cpp/test_tensor_factories.cpp" line="156" status="run" result="completed" time="0.985" timestamp="2025-04-30T07:32:17.847" classname="TensorFactoryTest" />
    <testcase name="StandaloneEye" file="/opt/pytorch/nvfuser/tests/cpp/test_tensor_factories.cpp" line="340" status="run" result="completed" time="3.122" timestamp="2025-04-30T07:32:18.832" classname="TensorFactoryTest" />
    <testcase name="NoInputs" file="/opt/pytorch/nvfuser/tests/cpp/test_tensor_factories.cpp" line="453" status="run" result="completed" time="0.061" timestamp="2025-04-30T07:32:21.955" classname="TensorFactoryTest" />
  </testsuite>
  <testsuite name="TMemTest" tests="2" failures="0" disabled="0" skipped="2" errors="0" time="0." timestamp="2025-04-30T07:32:22.016">
    <testcase name="AddKernelMultipleRegions" file="/opt/pytorch/nvfuser/tests/cpp/test_tmem.cpp" line="151" status="run" result="skipped" time="0." timestamp="2025-04-30T07:32:22.016" classname="TMemTest">
      <skipped message="/opt/pytorch/nvfuser/tests/cpp/utils.h:570&#x0A;skipping tests on non-Blackwell GPUs&#x0A;"><![CDATA[/opt/pytorch/nvfuser/tests/cpp/utils.h:570
skipping tests on non-Blackwell GPUs
]]></skipped>
    </testcase>
    <testcase name="InexactParallelType" file="/opt/pytorch/nvfuser/tests/cpp/test_tmem.cpp" line="348" status="run" result="skipped" time="0." timestamp="2025-04-30T07:32:22.016" classname="TMemTest">
      <skipped message="/opt/pytorch/nvfuser/tests/cpp/utils.h:570&#x0A;skipping tests on non-Blackwell GPUs&#x0A;"><![CDATA[/opt/pytorch/nvfuser/tests/cpp/utils.h:570
skipping tests on non-Blackwell GPUs
]]></skipped>
    </testcase>
  </testsuite>
  <testsuite name="VectorizeHelperTest" tests="7" failures="0" disabled="0" skipped="0" errors="0" time="0.002" timestamp="2025-04-30T07:32:22.016">
    <testcase name="BackwardMapper1" file="/opt/pytorch/nvfuser/tests/cpp/test_utils.cpp" line="308" status="run" result="completed" time="0." timestamp="2025-04-30T07:32:22.016" classname="VectorizeHelperTest" />
    <testcase name="BackwardMapper4" file="/opt/pytorch/nvfuser/tests/cpp/test_utils.cpp" line="424" status="run" result="completed" time="0." timestamp="2025-04-30T07:32:22.017" classname="VectorizeHelperTest" />
    <testcase name="BackwardMapper7" file="/opt/pytorch/nvfuser/tests/cpp/test_utils.cpp" line="535" status="run" result="completed" time="0." timestamp="2025-04-30T07:32:22.017" classname="VectorizeHelperTest" />
    <testcase name="ForwardMapper1" file="/opt/pytorch/nvfuser/tests/cpp/test_utils.cpp" line="631" status="run" result="completed" time="0." timestamp="2025-04-30T07:32:22.017" classname="VectorizeHelperTest" />
    <testcase name="ForwardMapper4" file="/opt/pytorch/nvfuser/tests/cpp/test_utils.cpp" line="746" status="run" result="completed" time="0." timestamp="2025-04-30T07:32:22.018" classname="VectorizeHelperTest" />
    <testcase name="ForwardMapper7" file="/opt/pytorch/nvfuser/tests/cpp/test_utils.cpp" line="857" status="run" result="completed" time="0." timestamp="2025-04-30T07:32:22.018" classname="VectorizeHelperTest" />
    <testcase name="MapperAdvanced" file="/opt/pytorch/nvfuser/tests/cpp/test_utils.cpp" line="954" status="run" result="completed" time="0.001" timestamp="2025-04-30T07:32:22.018" classname="VectorizeHelperTest" />
  </testsuite>
  <testsuite name="TestCpp23BackPort" tests="1" failures="0" disabled="0" skipped="0" errors="0" time="0." timestamp="2025-04-30T07:32:22.019">
    <testcase name="ZipWithReverse" file="/opt/pytorch/nvfuser/tests/cpp/test_utils.cpp" line="2015" status="run" result="completed" time="0." timestamp="2025-04-30T07:32:22.019" classname="TestCpp23BackPort" />
  </testsuite>
  <testsuite name="VectorizationAnalysisTest" tests="2" failures="0" disabled="0" skipped="0" errors="0" time="0.001" timestamp="2025-04-30T07:32:22.019">
    <testcase name="ContigInnerDimsMapperResizeFastestDimensionC2P" file="/opt/pytorch/nvfuser/tests/cpp/test_vectorization_analysis.cpp" line="112" status="run" result="completed" time="0." timestamp="2025-04-30T07:32:22.019" classname="VectorizationAnalysisTest" />
    <testcase name="ContigInnerDimsMapperResizeStacked" file="/opt/pytorch/nvfuser/tests/cpp/test_vectorization_analysis.cpp" line="215" status="run" result="completed" time="0." timestamp="2025-04-30T07:32:22.020" classname="VectorizationAnalysisTest" />
  </testsuite>
  <testsuite name="TmaWarpSpecializedTest" tests="22" failures="0" disabled="0" skipped="0" errors="0" time="14.513" timestamp="2025-04-30T07:32:22.021">
    <testcase name="SimpleFusion/ws_1_dtype_float_batch_19536_hidden_1024" value_param="(true, float, 19536, 1024)" file="/opt/pytorch/nvfuser/tests/cpp/test_combined_inner_outer_reduction.cpp" line="1071" status="run" result="completed" time="0.411" timestamp="2025-04-30T07:32:22.021" classname="TmaWarpSpecializedTest" />
    <testcase name="SimpleFusion/ws_1_dtype_float_batch_19536_hidden_4096" value_param="(true, float, 19536, 4096)" file="/opt/pytorch/nvfuser/tests/cpp/test_combined_inner_outer_reduction.cpp" line="1071" status="run" result="completed" time="0.548" timestamp="2025-04-30T07:32:22.433" classname="TmaWarpSpecializedTest" />
    <testcase name="SimpleFusion/ws_1_dtype_float_batch_19536_hidden_7168" value_param="(true, float, 19536, 7168)" file="/opt/pytorch/nvfuser/tests/cpp/test_combined_inner_outer_reduction.cpp" line="1071" status="run" result="completed" time="0.443" timestamp="2025-04-30T07:32:22.981" classname="TmaWarpSpecializedTest" />
    <testcase name="SimpleFusion/ws_1_dtype___bfloat_batch_19536_hidden_2048" value_param="(true, __bfloat, 19536, 2048)" file="/opt/pytorch/nvfuser/tests/cpp/test_combined_inner_outer_reduction.cpp" line="1071" status="run" result="completed" time="0.484" timestamp="2025-04-30T07:32:23.424" classname="TmaWarpSpecializedTest" />
    <testcase name="SimpleFusion/ws_1_dtype___bfloat_batch_19536_hidden_5120" value_param="(true, __bfloat, 19536, 5120)" file="/opt/pytorch/nvfuser/tests/cpp/test_combined_inner_outer_reduction.cpp" line="1071" status="run" result="completed" time="0.653" timestamp="2025-04-30T07:32:23.909" classname="TmaWarpSpecializedTest" />
    <testcase name="SimpleFusion/ws_1_dtype___bfloat_batch_19536_hidden_8192" value_param="(true, __bfloat, 19536, 8192)" file="/opt/pytorch/nvfuser/tests/cpp/test_combined_inner_outer_reduction.cpp" line="1071" status="run" result="completed" time="0.632" timestamp="2025-04-30T07:32:24.563" classname="TmaWarpSpecializedTest" />
    <testcase name="SimpleFusion/ws_0_dtype_float_batch_19536_hidden_3072" value_param="(false, float, 19536, 3072)" file="/opt/pytorch/nvfuser/tests/cpp/test_combined_inner_outer_reduction.cpp" line="1071" status="run" result="completed" time="0.447" timestamp="2025-04-30T07:32:25.196" classname="TmaWarpSpecializedTest" />
    <testcase name="SimpleFusion/ws_0_dtype_float_batch_19536_hidden_6144" value_param="(false, float, 19536, 6144)" file="/opt/pytorch/nvfuser/tests/cpp/test_combined_inner_outer_reduction.cpp" line="1071" status="run" result="completed" time="0.581" timestamp="2025-04-30T07:32:25.643" classname="TmaWarpSpecializedTest" />
    <testcase name="SimpleFusion/ws_0_dtype___bfloat_batch_19536_hidden_1024" value_param="(false, __bfloat, 19536, 1024)" file="/opt/pytorch/nvfuser/tests/cpp/test_combined_inner_outer_reduction.cpp" line="1071" status="run" result="completed" time="0.364" timestamp="2025-04-30T07:32:26.225" classname="TmaWarpSpecializedTest" />
    <testcase name="SimpleFusion/ws_0_dtype___bfloat_batch_19536_hidden_4096" value_param="(false, __bfloat, 19536, 4096)" file="/opt/pytorch/nvfuser/tests/cpp/test_combined_inner_outer_reduction.cpp" line="1071" status="run" result="completed" time="0.582" timestamp="2025-04-30T07:32:26.589" classname="TmaWarpSpecializedTest" />
    <testcase name="SimpleFusion/ws_0_dtype___bfloat_batch_19536_hidden_7168" value_param="(false, __bfloat, 19536, 7168)" file="/opt/pytorch/nvfuser/tests/cpp/test_combined_inner_outer_reduction.cpp" line="1071" status="run" result="completed" time="0.731" timestamp="2025-04-30T07:32:27.172" classname="TmaWarpSpecializedTest" />
    <testcase name="RMSNormBwd/ws_1_dtype_float_batch_19536_hidden_2048" value_param="(true, float, 19536, 2048)" file="/opt/pytorch/nvfuser/tests/cpp/test_combined_inner_outer_reduction.cpp" line="1107" status="run" result="completed" time="0.636" timestamp="2025-04-30T07:32:27.904" classname="TmaWarpSpecializedTest" />
    <testcase name="RMSNormBwd/ws_1_dtype_float_batch_19536_hidden_5120" value_param="(true, float, 19536, 5120)" file="/opt/pytorch/nvfuser/tests/cpp/test_combined_inner_outer_reduction.cpp" line="1107" status="run" result="completed" time="0.66" timestamp="2025-04-30T07:32:28.540" classname="TmaWarpSpecializedTest" />
    <testcase name="RMSNormBwd/ws_1_dtype_float_batch_19536_hidden_8192" value_param="(true, float, 19536, 8192)" file="/opt/pytorch/nvfuser/tests/cpp/test_combined_inner_outer_reduction.cpp" line="1107" status="run" result="completed" time="0.702" timestamp="2025-04-30T07:32:29.200" classname="TmaWarpSpecializedTest" />
    <testcase name="RMSNormBwd/ws_1_dtype___bfloat_batch_19536_hidden_3072" value_param="(true, __bfloat, 19536, 3072)" file="/opt/pytorch/nvfuser/tests/cpp/test_combined_inner_outer_reduction.cpp" line="1107" status="run" result="completed" time="0.729" timestamp="2025-04-30T07:32:29.902" classname="TmaWarpSpecializedTest" />
    <testcase name="RMSNormBwd/ws_1_dtype___bfloat_batch_19536_hidden_6144" value_param="(true, __bfloat, 19536, 6144)" file="/opt/pytorch/nvfuser/tests/cpp/test_combined_inner_outer_reduction.cpp" line="1107" status="run" result="completed" time="0.933" timestamp="2025-04-30T07:32:30.632" classname="TmaWarpSpecializedTest" />
    <testcase name="RMSNormBwd/ws_0_dtype_float_batch_19536_hidden_1024" value_param="(false, float, 19536, 1024)" file="/opt/pytorch/nvfuser/tests/cpp/test_combined_inner_outer_reduction.cpp" line="1107" status="run" result="completed" time="0.591" timestamp="2025-04-30T07:32:31.566" classname="TmaWarpSpecializedTest" />
    <testcase name="RMSNormBwd/ws_0_dtype_float_batch_19536_hidden_4096" value_param="(false, float, 19536, 4096)" file="/opt/pytorch/nvfuser/tests/cpp/test_combined_inner_outer_reduction.cpp" line="1107" status="run" result="completed" time="0.822" timestamp="2025-04-30T07:32:32.157" classname="TmaWarpSpecializedTest" />
    <testcase name="RMSNormBwd/ws_0_dtype_float_batch_19536_hidden_7168" value_param="(false, float, 19536, 7168)" file="/opt/pytorch/nvfuser/tests/cpp/test_combined_inner_outer_reduction.cpp" line="1107" status="run" result="completed" time="0.92" timestamp="2025-04-30T07:32:32.980" classname="TmaWarpSpecializedTest" />
    <testcase name="RMSNormBwd/ws_0_dtype___bfloat_batch_19536_hidden_2048" value_param="(false, __bfloat, 19536, 2048)" file="/opt/pytorch/nvfuser/tests/cpp/test_combined_inner_outer_reduction.cpp" line="1107" status="run" result="completed" time="0.741" timestamp="2025-04-30T07:32:33.900" classname="TmaWarpSpecializedTest" />
    <testcase name="RMSNormBwd/ws_0_dtype___bfloat_batch_19536_hidden_5120" value_param="(false, __bfloat, 19536, 5120)" file="/opt/pytorch/nvfuser/tests/cpp/test_combined_inner_outer_reduction.cpp" line="1107" status="run" result="completed" time="0.962" timestamp="2025-04-30T07:32:34.642" classname="TmaWarpSpecializedTest" />
    <testcase name="RMSNormBwd/ws_0_dtype___bfloat_batch_19536_hidden_8192" value_param="(false, __bfloat, 19536, 8192)" file="/opt/pytorch/nvfuser/tests/cpp/test_combined_inner_outer_reduction.cpp" line="1107" status="run" result="completed" time="0.929" timestamp="2025-04-30T07:32:35.605" classname="TmaWarpSpecializedTest" />
  </testsuite>
  <testsuite name="NonTma/CircularBufferingTest" tests="149" failures="0" disabled="0" skipped="0" errors="0" time="57.194" timestamp="2025-04-30T07:32:36.534">
    <testcase name="SingleDim1/stage_2_prefetch_0" value_param="(2, 0)" file="/opt/pytorch/nvfuser/tests/cpp/test_circular_buffering.cpp" line="267" status="run" result="completed" time="0.077" timestamp="2025-04-30T07:32:36.534" classname="NonTma/CircularBufferingTest" />
    <testcase name="SingleDim1/stage_5_prefetch_neg4" value_param="(5, -4)" file="/opt/pytorch/nvfuser/tests/cpp/test_circular_buffering.cpp" line="267" status="run" result="completed" time="0.071" timestamp="2025-04-30T07:32:36.612" classname="NonTma/CircularBufferingTest" />
    <testcase name="SingleDim1/stage_5_prefetch_neg1" value_param="(5, -1)" file="/opt/pytorch/nvfuser/tests/cpp/test_circular_buffering.cpp" line="267" status="run" result="completed" time="0.089" timestamp="2025-04-30T07:32:36.683" classname="NonTma/CircularBufferingTest" />
    <testcase name="SingleDim1/stage_5_prefetch_2" value_param="(5, 2)" file="/opt/pytorch/nvfuser/tests/cpp/test_circular_buffering.cpp" line="267" status="run" result="completed" time="0.081" timestamp="2025-04-30T07:32:36.773" classname="NonTma/CircularBufferingTest" />
    <testcase name="SingleDim1/stage_9_prefetch_neg9" value_param="(9, -9)" file="/opt/pytorch/nvfuser/tests/cpp/test_circular_buffering.cpp" line="267" status="run" result="completed" time="0.075" timestamp="2025-04-30T07:32:36.854" classname="NonTma/CircularBufferingTest" />
    <testcase name="SingleDim1/stage_9_prefetch_neg6" value_param="(9, -6)" file="/opt/pytorch/nvfuser/tests/cpp/test_circular_buffering.cpp" line="267" status="run" result="completed" time="0.087" timestamp="2025-04-30T07:32:36.930" classname="NonTma/CircularBufferingTest" />
    <testcase name="SingleDim1/stage_9_prefetch_neg3" value_param="(9, -3)" file="/opt/pytorch/nvfuser/tests/cpp/test_circular_buffering.cpp" line="267" status="run" result="completed" time="0.096" timestamp="2025-04-30T07:32:37.017" classname="NonTma/CircularBufferingTest" />
    <testcase name="SingleDim1/stage_9_prefetch_0" value_param="(9, 0)" file="/opt/pytorch/nvfuser/tests/cpp/test_circular_buffering.cpp" line="267" status="run" result="completed" time="0.074" timestamp="2025-04-30T07:32:37.114" classname="NonTma/CircularBufferingTest" />
    <testcase name="SingleDim1/stage_9_prefetch_3" value_param="(9, 3)" file="/opt/pytorch/nvfuser/tests/cpp/test_circular_buffering.cpp" line="267" status="run" result="completed" time="0.086" timestamp="2025-04-30T07:32:37.189" classname="NonTma/CircularBufferingTest" />
    <testcase name="SingleDim1/stage_9_prefetch_6" value_param="(9, 6)" file="/opt/pytorch/nvfuser/tests/cpp/test_circular_buffering.cpp" line="267" status="run" result="completed" time="0.05" timestamp="2025-04-30T07:32:37.275" classname="NonTma/CircularBufferingTest" />
    <testcase name="SingleDim2/stage_2_prefetch_neg2" value_param="(2, -2)" file="/opt/pytorch/nvfuser/tests/cpp/test_circular_buffering.cpp" line="317" status="run" result="completed" time="0.069" timestamp="2025-04-30T07:32:37.326" classname="NonTma/CircularBufferingTest" />
    <testcase name="SingleDim2/stage_2_prefetch_1" value_param="(2, 1)" file="/opt/pytorch/nvfuser/tests/cpp/test_circular_buffering.cpp" line="317" status="run" result="completed" time="0.069" timestamp="2025-04-30T07:32:37.396" classname="NonTma/CircularBufferingTest" />
    <testcase name="SingleDim2/stage_5_prefetch_neg3" value_param="(5, -3)" file="/opt/pytorch/nvfuser/tests/cpp/test_circular_buffering.cpp" line="317" status="run" result="completed" time="0.083" timestamp="2025-04-30T07:32:37.465" classname="NonTma/CircularBufferingTest" />
    <testcase name="SingleDim2/stage_5_prefetch_0" value_param="(5, 0)" file="/opt/pytorch/nvfuser/tests/cpp/test_circular_buffering.cpp" line="317" status="run" result="completed" time="0.07" timestamp="2025-04-30T07:32:37.549" classname="NonTma/CircularBufferingTest" />
    <testcase name="SingleDim2/stage_5_prefetch_3" value_param="(5, 3)" file="/opt/pytorch/nvfuser/tests/cpp/test_circular_buffering.cpp" line="317" status="run" result="completed" time="0.093" timestamp="2025-04-30T07:32:37.619" classname="NonTma/CircularBufferingTest" />
    <testcase name="SingleDim2/stage_9_prefetch_neg8" value_param="(9, -8)" file="/opt/pytorch/nvfuser/tests/cpp/test_circular_buffering.cpp" line="317" status="run" result="completed" time="0.072" timestamp="2025-04-30T07:32:37.713" classname="NonTma/CircularBufferingTest" />
    <testcase name="SingleDim2/stage_9_prefetch_neg5" value_param="(9, -5)" file="/opt/pytorch/nvfuser/tests/cpp/test_circular_buffering.cpp" line="317" status="run" result="completed" time="0.09" timestamp="2025-04-30T07:32:37.785" classname="NonTma/CircularBufferingTest" />
    <testcase name="SingleDim2/stage_9_prefetch_neg2" value_param="(9, -2)" file="/opt/pytorch/nvfuser/tests/cpp/test_circular_buffering.cpp" line="317" status="run" result="completed" time="0.106" timestamp="2025-04-30T07:32:37.876" classname="NonTma/CircularBufferingTest" />
    <testcase name="SingleDim2/stage_9_prefetch_1" value_param="(9, 1)" file="/opt/pytorch/nvfuser/tests/cpp/test_circular_buffering.cpp" line="317" status="run" result="completed" time="0.049" timestamp="2025-04-30T07:32:37.982" classname="NonTma/CircularBufferingTest" />
    <testcase name="SingleDim2/stage_9_prefetch_4" value_param="(9, 4)" file="/opt/pytorch/nvfuser/tests/cpp/test_circular_buffering.cpp" line="317" status="run" result="completed" time="0.089" timestamp="2025-04-30T07:32:38.032" classname="NonTma/CircularBufferingTest" />
    <testcase name="SingleDim2/stage_9_prefetch_7" value_param="(9, 7)" file="/opt/pytorch/nvfuser/tests/cpp/test_circular_buffering.cpp" line="317" status="run" result="completed" time="0.106" timestamp="2025-04-30T07:32:38.121" classname="NonTma/CircularBufferingTest" />
    <testcase name="SingleDim3/stage_2_prefetch_neg1" value_param="(2, -1)" file="/opt/pytorch/nvfuser/tests/cpp/test_circular_buffering.cpp" line="365" status="run" result="completed" time="0.079" timestamp="2025-04-30T07:32:38.228" classname="NonTma/CircularBufferingTest" />
    <testcase name="SingleDim3/stage_5_prefetch_neg5" value_param="(5, -5)" file="/opt/pytorch/nvfuser/tests/cpp/test_circular_buffering.cpp" line="365" status="run" result="completed" time="0.074" timestamp="2025-04-30T07:32:38.307" classname="NonTma/CircularBufferingTest" />
    <testcase name="SingleDim3/stage_5_prefetch_neg2" value_param="(5, -2)" file="/opt/pytorch/nvfuser/tests/cpp/test_circular_buffering.cpp" line="365" status="run" result="completed" time="0.077" timestamp="2025-04-30T07:32:38.382" classname="NonTma/CircularBufferingTest" />
    <testcase name="SingleDim3/stage_5_prefetch_1" value_param="(5, 1)" file="/opt/pytorch/nvfuser/tests/cpp/test_circular_buffering.cpp" line="365" status="run" result="completed" time="0.08" timestamp="2025-04-30T07:32:38.459" classname="NonTma/CircularBufferingTest" />
    <testcase name="SingleDim3/stage_5_prefetch_4" value_param="(5, 4)" file="/opt/pytorch/nvfuser/tests/cpp/test_circular_buffering.cpp" line="365" status="run" result="completed" time="0.078" timestamp="2025-04-30T07:32:38.539" classname="NonTma/CircularBufferingTest" />
    <testcase name="SingleDim3/stage_9_prefetch_neg7" value_param="(9, -7)" file="/opt/pytorch/nvfuser/tests/cpp/test_circular_buffering.cpp" line="365" status="run" result="completed" time="0.078" timestamp="2025-04-30T07:32:38.618" classname="NonTma/CircularBufferingTest" />
    <testcase name="SingleDim3/stage_9_prefetch_neg4" value_param="(9, -4)" file="/opt/pytorch/nvfuser/tests/cpp/test_circular_buffering.cpp" line="365" status="run" result="completed" time="0.08" timestamp="2025-04-30T07:32:38.697" classname="NonTma/CircularBufferingTest" />
    <testcase name="SingleDim3/stage_9_prefetch_neg1" value_param="(9, -1)" file="/opt/pytorch/nvfuser/tests/cpp/test_circular_buffering.cpp" line="365" status="run" result="completed" time="0.081" timestamp="2025-04-30T07:32:38.777" classname="NonTma/CircularBufferingTest" />
    <testcase name="SingleDim3/stage_9_prefetch_2" value_param="(9, 2)" file="/opt/pytorch/nvfuser/tests/cpp/test_circular_buffering.cpp" line="365" status="run" result="completed" time="0.051" timestamp="2025-04-30T07:32:38.859" classname="NonTma/CircularBufferingTest" />
    <testcase name="SingleDim3/stage_9_prefetch_5" value_param="(9, 5)" file="/opt/pytorch/nvfuser/tests/cpp/test_circular_buffering.cpp" line="365" status="run" result="completed" time="0.051" timestamp="2025-04-30T07:32:38.911" classname="NonTma/CircularBufferingTest" />
    <testcase name="SingleDim3/stage_9_prefetch_8" value_param="(9, 8)" file="/opt/pytorch/nvfuser/tests/cpp/test_circular_buffering.cpp" line="365" status="run" result="completed" time="0.051" timestamp="2025-04-30T07:32:38.962" classname="NonTma/CircularBufferingTest" />
    <testcase name="SingleDimUnswitch1/stage_2_prefetch_0" value_param="(2, 0)" file="/opt/pytorch/nvfuser/tests/cpp/test_circular_buffering.cpp" line="421" status="run" result="completed" time="0.09" timestamp="2025-04-30T07:32:39.013" classname="NonTma/CircularBufferingTest" />
    <testcase name="SingleDimUnswitch1/stage_5_prefetch_neg4" value_param="(5, -4)" file="/opt/pytorch/nvfuser/tests/cpp/test_circular_buffering.cpp" line="421" status="run" result="completed" time="0.102" timestamp="2025-04-30T07:32:39.104" classname="NonTma/CircularBufferingTest" />
    <testcase name="SingleDimUnswitch1/stage_5_prefetch_neg1" value_param="(5, -1)" file="/opt/pytorch/nvfuser/tests/cpp/test_circular_buffering.cpp" line="421" status="run" result="completed" time="0.1" timestamp="2025-04-30T07:32:39.207" classname="NonTma/CircularBufferingTest" />
    <testcase name="SingleDimUnswitch1/stage_5_prefetch_2" value_param="(5, 2)" file="/opt/pytorch/nvfuser/tests/cpp/test_circular_buffering.cpp" line="421" status="run" result="completed" time="0.102" timestamp="2025-04-30T07:32:39.308" classname="NonTma/CircularBufferingTest" />
    <testcase name="SingleDimUnswitch1/stage_9_prefetch_neg9" value_param="(9, -9)" file="/opt/pytorch/nvfuser/tests/cpp/test_circular_buffering.cpp" line="421" status="run" result="completed" time="0.09" timestamp="2025-04-30T07:32:39.410" classname="NonTma/CircularBufferingTest" />
    <testcase name="SingleDimUnswitch1/stage_9_prefetch_neg6" value_param="(9, -6)" file="/opt/pytorch/nvfuser/tests/cpp/test_circular_buffering.cpp" line="421" status="run" result="completed" time="0.099" timestamp="2025-04-30T07:32:39.501" classname="NonTma/CircularBufferingTest" />
    <testcase name="SingleDimUnswitch1/stage_9_prefetch_neg3" value_param="(9, -3)" file="/opt/pytorch/nvfuser/tests/cpp/test_circular_buffering.cpp" line="421" status="run" result="completed" time="0.106" timestamp="2025-04-30T07:32:39.600" classname="NonTma/CircularBufferingTest" />
    <testcase name="SingleDimUnswitch1/stage_9_prefetch_0" value_param="(9, 0)" file="/opt/pytorch/nvfuser/tests/cpp/test_circular_buffering.cpp" line="421" status="run" result="completed" time="0.055" timestamp="2025-04-30T07:32:39.707" classname="NonTma/CircularBufferingTest" />
    <testcase name="SingleDimUnswitch1/stage_9_prefetch_3" value_param="(9, 3)" file="/opt/pytorch/nvfuser/tests/cpp/test_circular_buffering.cpp" line="421" status="run" result="completed" time="0.057" timestamp="2025-04-30T07:32:39.763" classname="NonTma/CircularBufferingTest" />
    <testcase name="SingleDimUnswitch1/stage_9_prefetch_6" value_param="(9, 6)" file="/opt/pytorch/nvfuser/tests/cpp/test_circular_buffering.cpp" line="421" status="run" result="completed" time="0.062" timestamp="2025-04-30T07:32:39.821" classname="NonTma/CircularBufferingTest" />
    <testcase name="SingleDimUnswitch2/stage_2_prefetch_neg2" value_param="(2, -2)" file="/opt/pytorch/nvfuser/tests/cpp/test_circular_buffering.cpp" line="474" status="run" result="completed" time="0.082" timestamp="2025-04-30T07:32:39.883" classname="NonTma/CircularBufferingTest" />
    <testcase name="SingleDimUnswitch2/stage_2_prefetch_1" value_param="(2, 1)" file="/opt/pytorch/nvfuser/tests/cpp/test_circular_buffering.cpp" line="474" status="run" result="completed" time="0.087" timestamp="2025-04-30T07:32:39.965" classname="NonTma/CircularBufferingTest" />
    <testcase name="SingleDimUnswitch2/stage_5_prefetch_neg3" value_param="(5, -3)" file="/opt/pytorch/nvfuser/tests/cpp/test_circular_buffering.cpp" line="474" status="run" result="completed" time="0.098" timestamp="2025-04-30T07:32:40.053" classname="NonTma/CircularBufferingTest" />
    <testcase name="SingleDimUnswitch2/stage_5_prefetch_0" value_param="(5, 0)" file="/opt/pytorch/nvfuser/tests/cpp/test_circular_buffering.cpp" line="474" status="run" result="completed" time="0.083" timestamp="2025-04-30T07:32:40.151" classname="NonTma/CircularBufferingTest" />
    <testcase name="SingleDimUnswitch2/stage_5_prefetch_3" value_param="(5, 3)" file="/opt/pytorch/nvfuser/tests/cpp/test_circular_buffering.cpp" line="474" status="run" result="completed" time="0.107" timestamp="2025-04-30T07:32:40.234" classname="NonTma/CircularBufferingTest" />
    <testcase name="SingleDimUnswitch2/stage_9_prefetch_neg8" value_param="(9, -8)" file="/opt/pytorch/nvfuser/tests/cpp/test_circular_buffering.cpp" line="474" status="run" result="completed" time="0.087" timestamp="2025-04-30T07:32:40.342" classname="NonTma/CircularBufferingTest" />
    <testcase name="SingleDimUnswitch2/stage_9_prefetch_neg5" value_param="(9, -5)" file="/opt/pytorch/nvfuser/tests/cpp/test_circular_buffering.cpp" line="474" status="run" result="completed" time="0.097" timestamp="2025-04-30T07:32:40.429" classname="NonTma/CircularBufferingTest" />
    <testcase name="SingleDimUnswitch2/stage_9_prefetch_neg2" value_param="(9, -2)" file="/opt/pytorch/nvfuser/tests/cpp/test_circular_buffering.cpp" line="474" status="run" result="completed" time="0.101" timestamp="2025-04-30T07:32:40.527" classname="NonTma/CircularBufferingTest" />
    <testcase name="SingleDimUnswitch2/stage_9_prefetch_1" value_param="(9, 1)" file="/opt/pytorch/nvfuser/tests/cpp/test_circular_buffering.cpp" line="474" status="run" result="completed" time="0.056" timestamp="2025-04-30T07:32:40.629" classname="NonTma/CircularBufferingTest" />
    <testcase name="SingleDimUnswitch2/stage_9_prefetch_4" value_param="(9, 4)" file="/opt/pytorch/nvfuser/tests/cpp/test_circular_buffering.cpp" line="474" status="run" result="completed" time="0.056" timestamp="2025-04-30T07:32:40.685" classname="NonTma/CircularBufferingTest" />
    <testcase name="SingleDimUnswitch2/stage_9_prefetch_7" value_param="(9, 7)" file="/opt/pytorch/nvfuser/tests/cpp/test_circular_buffering.cpp" line="474" status="run" result="completed" time="0.056" timestamp="2025-04-30T07:32:40.741" classname="NonTma/CircularBufferingTest" />
    <testcase name="SingleDimUnroll/stage_2_prefetch_neg1" value_param="(2, -1)" file="/opt/pytorch/nvfuser/tests/cpp/test_circular_buffering.cpp" line="526" status="run" result="completed" time="0.247" timestamp="2025-04-30T07:32:40.798" classname="NonTma/CircularBufferingTest" />
    <testcase name="SingleDimUnroll/stage_5_prefetch_neg5" value_param="(5, -5)" file="/opt/pytorch/nvfuser/tests/cpp/test_circular_buffering.cpp" line="526" status="run" result="completed" time="0.233" timestamp="2025-04-30T07:32:41.045" classname="NonTma/CircularBufferingTest" />
    <testcase name="SingleDimUnroll/stage_5_prefetch_neg2" value_param="(5, -2)" file="/opt/pytorch/nvfuser/tests/cpp/test_circular_buffering.cpp" line="526" status="run" result="completed" time="0.263" timestamp="2025-04-30T07:32:41.278" classname="NonTma/CircularBufferingTest" />
    <testcase name="SingleDimUnroll/stage_5_prefetch_1" value_param="(5, 1)" file="/opt/pytorch/nvfuser/tests/cpp/test_circular_buffering.cpp" line="526" status="run" result="completed" time="0.246" timestamp="2025-04-30T07:32:41.542" classname="NonTma/CircularBufferingTest" />
    <testcase name="SingleDimUnroll/stage_5_prefetch_4" value_param="(5, 4)" file="/opt/pytorch/nvfuser/tests/cpp/test_circular_buffering.cpp" line="526" status="run" result="completed" time="0.268" timestamp="2025-04-30T07:32:41.788" classname="NonTma/CircularBufferingTest" />
    <testcase name="SingleDimUnroll/stage_9_prefetch_neg7" value_param="(9, -7)" file="/opt/pytorch/nvfuser/tests/cpp/test_circular_buffering.cpp" line="526" status="run" result="completed" time="0.251" timestamp="2025-04-30T07:32:42.056" classname="NonTma/CircularBufferingTest" />
    <testcase name="SingleDimUnroll/stage_9_prefetch_neg4" value_param="(9, -4)" file="/opt/pytorch/nvfuser/tests/cpp/test_circular_buffering.cpp" line="526" status="run" result="completed" time="0.271" timestamp="2025-04-30T07:32:42.308" classname="NonTma/CircularBufferingTest" />
    <testcase name="SingleDimUnroll/stage_9_prefetch_neg1" value_param="(9, -1)" file="/opt/pytorch/nvfuser/tests/cpp/test_circular_buffering.cpp" line="526" status="run" result="completed" time="0.286" timestamp="2025-04-30T07:32:42.580" classname="NonTma/CircularBufferingTest" />
    <testcase name="SingleDimUnroll/stage_9_prefetch_2" value_param="(9, 2)" file="/opt/pytorch/nvfuser/tests/cpp/test_circular_buffering.cpp" line="526" status="run" result="completed" time="0.073" timestamp="2025-04-30T07:32:42.867" classname="NonTma/CircularBufferingTest" />
    <testcase name="SingleDimUnroll/stage_9_prefetch_5" value_param="(9, 5)" file="/opt/pytorch/nvfuser/tests/cpp/test_circular_buffering.cpp" line="526" status="run" result="completed" time="0.075" timestamp="2025-04-30T07:32:42.940" classname="NonTma/CircularBufferingTest" />
    <testcase name="SingleDimUnroll/stage_9_prefetch_8" value_param="(9, 8)" file="/opt/pytorch/nvfuser/tests/cpp/test_circular_buffering.cpp" line="526" status="run" result="completed" time="0.286" timestamp="2025-04-30T07:32:43.016" classname="NonTma/CircularBufferingTest" />
    <testcase name="SingleDimVectorize/stage_2_prefetch_0" value_param="(2, 0)" file="/opt/pytorch/nvfuser/tests/cpp/test_circular_buffering.cpp" line="580" status="run" result="completed" time="0.078" timestamp="2025-04-30T07:32:43.302" classname="NonTma/CircularBufferingTest" />
    <testcase name="SingleDimVectorize/stage_5_prefetch_neg4" value_param="(5, -4)" file="/opt/pytorch/nvfuser/tests/cpp/test_circular_buffering.cpp" line="580" status="run" result="completed" time="0.076" timestamp="2025-04-30T07:32:43.381" classname="NonTma/CircularBufferingTest" />
    <testcase name="SingleDimVectorize/stage_5_prefetch_neg1" value_param="(5, -1)" file="/opt/pytorch/nvfuser/tests/cpp/test_circular_buffering.cpp" line="580" status="run" result="completed" time="0.104" timestamp="2025-04-30T07:32:43.457" classname="NonTma/CircularBufferingTest" />
    <testcase name="SingleDimVectorize/stage_5_prefetch_2" value_param="(5, 2)" file="/opt/pytorch/nvfuser/tests/cpp/test_circular_buffering.cpp" line="580" status="run" result="completed" time="0.088" timestamp="2025-04-30T07:32:43.561" classname="NonTma/CircularBufferingTest" />
    <testcase name="SingleDimVectorize/stage_9_prefetch_neg9" value_param="(9, -9)" file="/opt/pytorch/nvfuser/tests/cpp/test_circular_buffering.cpp" line="580" status="run" result="completed" time="0.081" timestamp="2025-04-30T07:32:43.650" classname="NonTma/CircularBufferingTest" />
    <testcase name="SingleDimVectorize/stage_9_prefetch_neg6" value_param="(9, -6)" file="/opt/pytorch/nvfuser/tests/cpp/test_circular_buffering.cpp" line="580" status="run" result="completed" time="0.101" timestamp="2025-04-30T07:32:43.731" classname="NonTma/CircularBufferingTest" />
    <testcase name="SingleDimVectorize/stage_9_prefetch_neg3" value_param="(9, -3)" file="/opt/pytorch/nvfuser/tests/cpp/test_circular_buffering.cpp" line="580" status="run" result="completed" time="0.118" timestamp="2025-04-30T07:32:43.832" classname="NonTma/CircularBufferingTest" />
    <testcase name="SingleDimVectorize/stage_9_prefetch_0" value_param="(9, 0)" file="/opt/pytorch/nvfuser/tests/cpp/test_circular_buffering.cpp" line="580" status="run" result="completed" time="0.048" timestamp="2025-04-30T07:32:43.951" classname="NonTma/CircularBufferingTest" />
    <testcase name="SingleDimVectorize/stage_9_prefetch_3" value_param="(9, 3)" file="/opt/pytorch/nvfuser/tests/cpp/test_circular_buffering.cpp" line="580" status="run" result="completed" time="0.1" timestamp="2025-04-30T07:32:44.000" classname="NonTma/CircularBufferingTest" />
    <testcase name="SingleDimVectorize/stage_9_prefetch_6" value_param="(9, 6)" file="/opt/pytorch/nvfuser/tests/cpp/test_circular_buffering.cpp" line="580" status="run" result="completed" time="0.119" timestamp="2025-04-30T07:32:44.100" classname="NonTma/CircularBufferingTest" />
    <testcase name="MultipleTensors/stage_2_prefetch_neg2" value_param="(2, -2)" file="/opt/pytorch/nvfuser/tests/cpp/test_circular_buffering.cpp" line="627" status="run" result="completed" time="0.084" timestamp="2025-04-30T07:32:44.220" classname="NonTma/CircularBufferingTest" />
    <testcase name="MultipleTensors/stage_2_prefetch_1" value_param="(2, 1)" file="/opt/pytorch/nvfuser/tests/cpp/test_circular_buffering.cpp" line="627" status="run" result="completed" time="0.094" timestamp="2025-04-30T07:32:44.304" classname="NonTma/CircularBufferingTest" />
    <testcase name="MultipleTensors/stage_5_prefetch_neg3" value_param="(5, -3)" file="/opt/pytorch/nvfuser/tests/cpp/test_circular_buffering.cpp" line="627" status="run" result="completed" time="0.126" timestamp="2025-04-30T07:32:44.399" classname="NonTma/CircularBufferingTest" />
    <testcase name="MultipleTensors/stage_5_prefetch_0" value_param="(5, 0)" file="/opt/pytorch/nvfuser/tests/cpp/test_circular_buffering.cpp" line="627" status="run" result="completed" time="0.084" timestamp="2025-04-30T07:32:44.525" classname="NonTma/CircularBufferingTest" />
    <testcase name="MultipleTensors/stage_5_prefetch_3" value_param="(5, 3)" file="/opt/pytorch/nvfuser/tests/cpp/test_circular_buffering.cpp" line="627" status="run" result="completed" time="0.153" timestamp="2025-04-30T07:32:44.609" classname="NonTma/CircularBufferingTest" />
    <testcase name="MultipleTensors/stage_9_prefetch_neg8" value_param="(9, -8)" file="/opt/pytorch/nvfuser/tests/cpp/test_circular_buffering.cpp" line="627" status="run" result="completed" time="0.096" timestamp="2025-04-30T07:32:44.763" classname="NonTma/CircularBufferingTest" />
    <testcase name="MultipleTensors/stage_9_prefetch_neg5" value_param="(9, -5)" file="/opt/pytorch/nvfuser/tests/cpp/test_circular_buffering.cpp" line="627" status="run" result="completed" time="0.166" timestamp="2025-04-30T07:32:44.859" classname="NonTma/CircularBufferingTest" />
    <testcase name="MultipleTensors/stage_9_prefetch_neg2" value_param="(9, -2)" file="/opt/pytorch/nvfuser/tests/cpp/test_circular_buffering.cpp" line="627" status="run" result="completed" time="0.23" timestamp="2025-04-30T07:32:45.026" classname="NonTma/CircularBufferingTest" />
    <testcase name="MultipleTensors/stage_9_prefetch_1" value_param="(9, 1)" file="/opt/pytorch/nvfuser/tests/cpp/test_circular_buffering.cpp" line="627" status="run" result="completed" time="0.095" timestamp="2025-04-30T07:32:45.257" classname="NonTma/CircularBufferingTest" />
    <testcase name="MultipleTensors/stage_9_prefetch_4" value_param="(9, 4)" file="/opt/pytorch/nvfuser/tests/cpp/test_circular_buffering.cpp" line="627" status="run" result="completed" time="0.166" timestamp="2025-04-30T07:32:45.352" classname="NonTma/CircularBufferingTest" />
    <testcase name="MultipleTensors/stage_9_prefetch_7" value_param="(9, 7)" file="/opt/pytorch/nvfuser/tests/cpp/test_circular_buffering.cpp" line="627" status="run" result="completed" time="0.058" timestamp="2025-04-30T07:32:45.518" classname="NonTma/CircularBufferingTest" />
    <testcase name="NestedTensors/stage_2_prefetch_neg1" value_param="(2, -1)" file="/opt/pytorch/nvfuser/tests/cpp/test_circular_buffering.cpp" line="678" status="run" result="completed" time="0.09" timestamp="2025-04-30T07:32:45.577" classname="NonTma/CircularBufferingTest" />
    <testcase name="NestedTensors/stage_5_prefetch_neg5" value_param="(5, -5)" file="/opt/pytorch/nvfuser/tests/cpp/test_circular_buffering.cpp" line="678" status="run" result="completed" time="0.078" timestamp="2025-04-30T07:32:45.667" classname="NonTma/CircularBufferingTest" />
    <testcase name="NestedTensors/stage_5_prefetch_neg2" value_param="(5, -2)" file="/opt/pytorch/nvfuser/tests/cpp/test_circular_buffering.cpp" line="678" status="run" result="completed" time="0.133" timestamp="2025-04-30T07:32:45.746" classname="NonTma/CircularBufferingTest" />
    <testcase name="NestedTensors/stage_5_prefetch_1" value_param="(5, 1)" file="/opt/pytorch/nvfuser/tests/cpp/test_circular_buffering.cpp" line="678" status="run" result="completed" time="0.091" timestamp="2025-04-30T07:32:45.879" classname="NonTma/CircularBufferingTest" />
    <testcase name="NestedTensors/stage_5_prefetch_4" value_param="(5, 4)" file="/opt/pytorch/nvfuser/tests/cpp/test_circular_buffering.cpp" line="678" status="run" result="completed" time="0.141" timestamp="2025-04-30T07:32:45.971" classname="NonTma/CircularBufferingTest" />
    <testcase name="NestedTensors/stage_9_prefetch_neg7" value_param="(9, -7)" file="/opt/pytorch/nvfuser/tests/cpp/test_circular_buffering.cpp" line="678" status="run" result="completed" time="0.114" timestamp="2025-04-30T07:32:46.113" classname="NonTma/CircularBufferingTest" />
    <testcase name="NestedTensors/stage_9_prefetch_neg4" value_param="(9, -4)" file="/opt/pytorch/nvfuser/tests/cpp/test_circular_buffering.cpp" line="678" status="run" result="completed" time="0.168" timestamp="2025-04-30T07:32:46.228" classname="NonTma/CircularBufferingTest" />
    <testcase name="NestedTensors/stage_9_prefetch_neg1" value_param="(9, -1)" file="/opt/pytorch/nvfuser/tests/cpp/test_circular_buffering.cpp" line="678" status="run" result="completed" time="0.218" timestamp="2025-04-30T07:32:46.397" classname="NonTma/CircularBufferingTest" />
    <testcase name="NestedTensors/stage_9_prefetch_2" value_param="(9, 2)" file="/opt/pytorch/nvfuser/tests/cpp/test_circular_buffering.cpp" line="678" status="run" result="completed" time="0.057" timestamp="2025-04-30T07:32:46.615" classname="NonTma/CircularBufferingTest" />
    <testcase name="NestedTensors/stage_9_prefetch_5" value_param="(9, 5)" file="/opt/pytorch/nvfuser/tests/cpp/test_circular_buffering.cpp" line="678" status="run" result="completed" time="0.057" timestamp="2025-04-30T07:32:46.673" classname="NonTma/CircularBufferingTest" />
    <testcase name="NestedTensors/stage_9_prefetch_8" value_param="(9, 8)" file="/opt/pytorch/nvfuser/tests/cpp/test_circular_buffering.cpp" line="678" status="run" result="completed" time="0.057" timestamp="2025-04-30T07:32:46.730" classname="NonTma/CircularBufferingTest" />
    <testcase name="SmemBlockGemmCache/stage_2_prefetch_0" value_param="(2, 0)" file="/opt/pytorch/nvfuser/tests/cpp/test_circular_buffering.cpp" line="731" status="run" result="completed" time="0.921" timestamp="2025-04-30T07:32:46.787" classname="NonTma/CircularBufferingTest" />
    <testcase name="SmemBlockGemmCache/stage_5_prefetch_neg4" value_param="(5, -4)" file="/opt/pytorch/nvfuser/tests/cpp/test_circular_buffering.cpp" line="731" status="run" result="completed" time="1.274" timestamp="2025-04-30T07:32:47.708" classname="NonTma/CircularBufferingTest" />
    <testcase name="SmemBlockGemmCache/stage_5_prefetch_neg1" value_param="(5, -1)" file="/opt/pytorch/nvfuser/tests/cpp/test_circular_buffering.cpp" line="731" status="run" result="completed" time="3.99" timestamp="2025-04-30T07:32:48.983" classname="NonTma/CircularBufferingTest" />
    <testcase name="SmemBlockGemmCache/stage_5_prefetch_2" value_param="(5, 2)" file="/opt/pytorch/nvfuser/tests/cpp/test_circular_buffering.cpp" line="731" status="run" result="completed" time="5.783" timestamp="2025-04-30T07:32:52.973" classname="NonTma/CircularBufferingTest" />
    <testcase name="SmemBlockGemmCache/stage_9_prefetch_neg9" value_param="(9, -9)" file="/opt/pytorch/nvfuser/tests/cpp/test_circular_buffering.cpp" line="731" status="run" result="completed" time="0.995" timestamp="2025-04-30T07:32:58.757" classname="NonTma/CircularBufferingTest" />
    <testcase name="SmemBlockGemmCache/stage_9_prefetch_neg6" value_param="(9, -6)" file="/opt/pytorch/nvfuser/tests/cpp/test_circular_buffering.cpp" line="731" status="run" result="completed" time="7.686" timestamp="2025-04-30T07:32:59.752" classname="NonTma/CircularBufferingTest" />
    <testcase name="SmemBlockGemmCache/stage_9_prefetch_neg3" value_param="(9, -3)" file="/opt/pytorch/nvfuser/tests/cpp/test_circular_buffering.cpp" line="731" status="run" result="completed" time="6.883" timestamp="2025-04-30T07:33:07.438" classname="NonTma/CircularBufferingTest" />
    <testcase name="SmemBlockGemmCache/stage_9_prefetch_0" value_param="(9, 0)" file="/opt/pytorch/nvfuser/tests/cpp/test_circular_buffering.cpp" line="731" status="run" result="completed" time="0.996" timestamp="2025-04-30T07:33:14.321" classname="NonTma/CircularBufferingTest" />
    <testcase name="SmemBlockGemmCache/stage_9_prefetch_3" value_param="(9, 3)" file="/opt/pytorch/nvfuser/tests/cpp/test_circular_buffering.cpp" line="731" status="run" result="completed" time="7.633" timestamp="2025-04-30T07:33:15.318" classname="NonTma/CircularBufferingTest" />
    <testcase name="SmemBlockGemmCache/stage_9_prefetch_6" value_param="(9, 6)" file="/opt/pytorch/nvfuser/tests/cpp/test_circular_buffering.cpp" line="731" status="run" result="completed" time="6.94" timestamp="2025-04-30T07:33:22.951" classname="NonTma/CircularBufferingTest" />
    <testcase name="Vector/stage_2_prefetch_neg2" value_param="(2, -2)" file="/opt/pytorch/nvfuser/tests/cpp/test_circular_buffering.cpp" line="827" status="run" result="completed" time="0.102" timestamp="2025-04-30T07:33:29.892" classname="NonTma/CircularBufferingTest" />
    <testcase name="Vector/stage_2_prefetch_1" value_param="(2, 1)" file="/opt/pytorch/nvfuser/tests/cpp/test_circular_buffering.cpp" line="827" status="run" result="completed" time="0.1" timestamp="2025-04-30T07:33:29.994" classname="NonTma/CircularBufferingTest" />
    <testcase name="Vector/stage_5_prefetch_neg3" value_param="(5, -3)" file="/opt/pytorch/nvfuser/tests/cpp/test_circular_buffering.cpp" line="827" status="run" result="completed" time="0.111" timestamp="2025-04-30T07:33:30.095" classname="NonTma/CircularBufferingTest" />
    <testcase name="Vector/stage_5_prefetch_0" value_param="(5, 0)" file="/opt/pytorch/nvfuser/tests/cpp/test_circular_buffering.cpp" line="827" status="run" result="completed" time="0.101" timestamp="2025-04-30T07:33:30.206" classname="NonTma/CircularBufferingTest" />
    <testcase name="Vector/stage_5_prefetch_3" value_param="(5, 3)" file="/opt/pytorch/nvfuser/tests/cpp/test_circular_buffering.cpp" line="827" status="run" result="completed" time="0.115" timestamp="2025-04-30T07:33:30.307" classname="NonTma/CircularBufferingTest" />
    <testcase name="Vector/stage_9_prefetch_neg8" value_param="(9, -8)" file="/opt/pytorch/nvfuser/tests/cpp/test_circular_buffering.cpp" line="827" status="run" result="completed" time="0.099" timestamp="2025-04-30T07:33:30.423" classname="NonTma/CircularBufferingTest" />
    <testcase name="Vector/stage_9_prefetch_neg5" value_param="(9, -5)" file="/opt/pytorch/nvfuser/tests/cpp/test_circular_buffering.cpp" line="827" status="run" result="completed" time="0.105" timestamp="2025-04-30T07:33:30.522" classname="NonTma/CircularBufferingTest" />
    <testcase name="Vector/stage_9_prefetch_neg2" value_param="(9, -2)" file="/opt/pytorch/nvfuser/tests/cpp/test_circular_buffering.cpp" line="827" status="run" result="completed" time="0.104" timestamp="2025-04-30T07:33:30.628" classname="NonTma/CircularBufferingTest" />
    <testcase name="Vector/stage_9_prefetch_1" value_param="(9, 1)" file="/opt/pytorch/nvfuser/tests/cpp/test_circular_buffering.cpp" line="827" status="run" result="completed" time="0.05" timestamp="2025-04-30T07:33:30.732" classname="NonTma/CircularBufferingTest" />
    <testcase name="Vector/stage_9_prefetch_4" value_param="(9, 4)" file="/opt/pytorch/nvfuser/tests/cpp/test_circular_buffering.cpp" line="827" status="run" result="completed" time="0.05" timestamp="2025-04-30T07:33:30.783" classname="NonTma/CircularBufferingTest" />
    <testcase name="Vector/stage_9_prefetch_7" value_param="(9, 7)" file="/opt/pytorch/nvfuser/tests/cpp/test_circular_buffering.cpp" line="827" status="run" result="completed" time="0.049" timestamp="2025-04-30T07:33:30.833" classname="NonTma/CircularBufferingTest" />
    <testcase name="CpAsync1/stage_2_prefetch_neg1" value_param="(2, -1)" file="/opt/pytorch/nvfuser/tests/cpp/test_circular_buffering.cpp" line="877" status="run" result="completed" time="0.074" timestamp="2025-04-30T07:33:30.883" classname="NonTma/CircularBufferingTest" />
    <testcase name="CpAsync1/stage_5_prefetch_neg5" value_param="(5, -5)" file="/opt/pytorch/nvfuser/tests/cpp/test_circular_buffering.cpp" line="877" status="run" result="completed" time="0.078" timestamp="2025-04-30T07:33:30.957" classname="NonTma/CircularBufferingTest" />
    <testcase name="CpAsync1/stage_5_prefetch_neg2" value_param="(5, -2)" file="/opt/pytorch/nvfuser/tests/cpp/test_circular_buffering.cpp" line="877" status="run" result="completed" time="0.092" timestamp="2025-04-30T07:33:31.036" classname="NonTma/CircularBufferingTest" />
    <testcase name="CpAsync1/stage_5_prefetch_1" value_param="(5, 1)" file="/opt/pytorch/nvfuser/tests/cpp/test_circular_buffering.cpp" line="877" status="run" result="completed" time="0.075" timestamp="2025-04-30T07:33:31.129" classname="NonTma/CircularBufferingTest" />
    <testcase name="CpAsync1/stage_5_prefetch_4" value_param="(5, 4)" file="/opt/pytorch/nvfuser/tests/cpp/test_circular_buffering.cpp" line="877" status="run" result="completed" time="0.096" timestamp="2025-04-30T07:33:31.204" classname="NonTma/CircularBufferingTest" />
    <testcase name="CpAsync1/stage_9_prefetch_neg7" value_param="(9, -7)" file="/opt/pytorch/nvfuser/tests/cpp/test_circular_buffering.cpp" line="877" status="run" result="completed" time="0.084" timestamp="2025-04-30T07:33:31.301" classname="NonTma/CircularBufferingTest" />
    <testcase name="CpAsync1/stage_9_prefetch_neg4" value_param="(9, -4)" file="/opt/pytorch/nvfuser/tests/cpp/test_circular_buffering.cpp" line="877" status="run" result="completed" time="0.101" timestamp="2025-04-30T07:33:31.386" classname="NonTma/CircularBufferingTest" />
    <testcase name="CpAsync1/stage_9_prefetch_neg1" value_param="(9, -1)" file="/opt/pytorch/nvfuser/tests/cpp/test_circular_buffering.cpp" line="877" status="run" result="completed" time="0.118" timestamp="2025-04-30T07:33:31.487" classname="NonTma/CircularBufferingTest" />
    <testcase name="CpAsync1/stage_9_prefetch_2" value_param="(9, 2)" file="/opt/pytorch/nvfuser/tests/cpp/test_circular_buffering.cpp" line="877" status="run" result="completed" time="0.05" timestamp="2025-04-30T07:33:31.606" classname="NonTma/CircularBufferingTest" />
    <testcase name="CpAsync1/stage_9_prefetch_5" value_param="(9, 5)" file="/opt/pytorch/nvfuser/tests/cpp/test_circular_buffering.cpp" line="877" status="run" result="completed" time="0.049" timestamp="2025-04-30T07:33:31.657" classname="NonTma/CircularBufferingTest" />
    <testcase name="CpAsync1/stage_9_prefetch_8" value_param="(9, 8)" file="/opt/pytorch/nvfuser/tests/cpp/test_circular_buffering.cpp" line="877" status="run" result="completed" time="0.049" timestamp="2025-04-30T07:33:31.707" classname="NonTma/CircularBufferingTest" />
    <testcase name="CpAsync2/stage_2_prefetch_0" value_param="(2, 0)" file="/opt/pytorch/nvfuser/tests/cpp/test_circular_buffering.cpp" line="931" status="run" result="completed" time="0.077" timestamp="2025-04-30T07:33:31.756" classname="NonTma/CircularBufferingTest" />
    <testcase name="CpAsync2/stage_5_prefetch_neg4" value_param="(5, -4)" file="/opt/pytorch/nvfuser/tests/cpp/test_circular_buffering.cpp" line="931" status="run" result="completed" time="0.086" timestamp="2025-04-30T07:33:31.833" classname="NonTma/CircularBufferingTest" />
    <testcase name="CpAsync2/stage_5_prefetch_neg1" value_param="(5, -1)" file="/opt/pytorch/nvfuser/tests/cpp/test_circular_buffering.cpp" line="931" status="run" result="completed" time="0.125" timestamp="2025-04-30T07:33:31.920" classname="NonTma/CircularBufferingTest" />
    <testcase name="CpAsync2/stage_5_prefetch_2" value_param="(5, 2)" file="/opt/pytorch/nvfuser/tests/cpp/test_circular_buffering.cpp" line="931" status="run" result="completed" time="0.1" timestamp="2025-04-30T07:33:32.045" classname="NonTma/CircularBufferingTest" />
    <testcase name="CpAsync2/stage_9_prefetch_neg9" value_param="(9, -9)" file="/opt/pytorch/nvfuser/tests/cpp/test_circular_buffering.cpp" line="931" status="run" result="completed" time="0.078" timestamp="2025-04-30T07:33:32.145" classname="NonTma/CircularBufferingTest" />
    <testcase name="CpAsync2/stage_9_prefetch_neg6" value_param="(9, -6)" file="/opt/pytorch/nvfuser/tests/cpp/test_circular_buffering.cpp" line="931" status="run" result="completed" time="0.11" timestamp="2025-04-30T07:33:32.224" classname="NonTma/CircularBufferingTest" />
    <testcase name="CpAsync2/stage_9_prefetch_neg3" value_param="(9, -3)" file="/opt/pytorch/nvfuser/tests/cpp/test_circular_buffering.cpp" line="931" status="run" result="completed" time="0.145" timestamp="2025-04-30T07:33:32.334" classname="NonTma/CircularBufferingTest" />
    <testcase name="CpAsync2/stage_9_prefetch_0" value_param="(9, 0)" file="/opt/pytorch/nvfuser/tests/cpp/test_circular_buffering.cpp" line="931" status="run" result="completed" time="0.05" timestamp="2025-04-30T07:33:32.480" classname="NonTma/CircularBufferingTest" />
    <testcase name="CpAsync2/stage_9_prefetch_3" value_param="(9, 3)" file="/opt/pytorch/nvfuser/tests/cpp/test_circular_buffering.cpp" line="931" status="run" result="completed" time="0.052" timestamp="2025-04-30T07:33:32.530" classname="NonTma/CircularBufferingTest" />
    <testcase name="CpAsync2/stage_9_prefetch_6" value_param="(9, 6)" file="/opt/pytorch/nvfuser/tests/cpp/test_circular_buffering.cpp" line="931" status="run" result="completed" time="0.052" timestamp="2025-04-30T07:33:32.582" classname="NonTma/CircularBufferingTest" />
    <testcase name="NoSync/stage_2_prefetch_neg2" value_param="(2, -2)" file="/opt/pytorch/nvfuser/tests/cpp/test_circular_buffering.cpp" line="985" status="run" result="completed" time="0.081" timestamp="2025-04-30T07:33:32.634" classname="NonTma/CircularBufferingTest" />
    <testcase name="NoSync/stage_2_prefetch_1" value_param="(2, 1)" file="/opt/pytorch/nvfuser/tests/cpp/test_circular_buffering.cpp" line="985" status="run" result="completed" time="0.092" timestamp="2025-04-30T07:33:32.715" classname="NonTma/CircularBufferingTest" />
    <testcase name="NoSync/stage_5_prefetch_neg3" value_param="(5, -3)" file="/opt/pytorch/nvfuser/tests/cpp/test_circular_buffering.cpp" line="985" status="run" result="completed" time="0.111" timestamp="2025-04-30T07:33:32.808" classname="NonTma/CircularBufferingTest" />
    <testcase name="NoSync/stage_5_prefetch_0" value_param="(5, 0)" file="/opt/pytorch/nvfuser/tests/cpp/test_circular_buffering.cpp" line="985" status="run" result="completed" time="0.083" timestamp="2025-04-30T07:33:32.920" classname="NonTma/CircularBufferingTest" />
    <testcase name="NoSync/stage_5_prefetch_3" value_param="(5, 3)" file="/opt/pytorch/nvfuser/tests/cpp/test_circular_buffering.cpp" line="985" status="run" result="completed" time="0.126" timestamp="2025-04-30T07:33:33.003" classname="NonTma/CircularBufferingTest" />
    <testcase name="NoSync/stage_9_prefetch_neg8" value_param="(9, -8)" file="/opt/pytorch/nvfuser/tests/cpp/test_circular_buffering.cpp" line="985" status="run" result="completed" time="0.094" timestamp="2025-04-30T07:33:33.130" classname="NonTma/CircularBufferingTest" />
    <testcase name="NoSync/stage_9_prefetch_neg5" value_param="(9, -5)" file="/opt/pytorch/nvfuser/tests/cpp/test_circular_buffering.cpp" line="985" status="run" result="completed" time="0.141" timestamp="2025-04-30T07:33:33.224" classname="NonTma/CircularBufferingTest" />
    <testcase name="NoSync/stage_9_prefetch_neg2" value_param="(9, -2)" file="/opt/pytorch/nvfuser/tests/cpp/test_circular_buffering.cpp" line="985" status="run" result="completed" time="0.187" timestamp="2025-04-30T07:33:33.366" classname="NonTma/CircularBufferingTest" />
    <testcase name="NoSync/stage_9_prefetch_1" value_param="(9, 1)" file="/opt/pytorch/nvfuser/tests/cpp/test_circular_buffering.cpp" line="985" status="run" result="completed" time="0.058" timestamp="2025-04-30T07:33:33.553" classname="NonTma/CircularBufferingTest" />
    <testcase name="NoSync/stage_9_prefetch_4" value_param="(9, 4)" file="/opt/pytorch/nvfuser/tests/cpp/test_circular_buffering.cpp" line="985" status="run" result="completed" time="0.058" timestamp="2025-04-30T07:33:33.611" classname="NonTma/CircularBufferingTest" />
    <testcase name="NoSync/stage_9_prefetch_7" value_param="(9, 7)" file="/opt/pytorch/nvfuser/tests/cpp/test_circular_buffering.cpp" line="985" status="run" result="completed" time="0.058" timestamp="2025-04-30T07:33:33.670" classname="NonTma/CircularBufferingTest" />
  </testsuite>
  <testsuite name="Hopper/TmaCircularBufferingTest" tests="528" failures="0" disabled="0" skipped="150" errors="0" time="55.548" timestamp="2025-04-30T07:33:33.728">
    <testcase name="SingleDim/stage_2_prefetch_neg2_M_128_N_1024_PipelinedMBarrierForWAR_CpAsyncBulkTensorTile" value_param="(2, -2, 128, 1024, (&apos;nvfuser::Pipelined(index = 0)&apos; with value PipelinedMBarrierForWAR), CpAsyncBulkTensorTile)" file="/opt/pytorch/nvfuser/tests/cpp/test_circular_buffering.cpp" line="1260" status="run" result="completed" time="0.09" timestamp="2025-04-30T07:33:33.728" classname="Hopper/TmaCircularBufferingTest" />
    <testcase name="SingleDim/stage_2_prefetch_neg2_M_500_N_1024_PipelinedMBarrierForWAR_CpAsyncBulk" value_param="(2, -2, 500, 1024, (&apos;nvfuser::Pipelined(index = 0)&apos; with value PipelinedMBarrierForWAR), CpAsyncBulk)" file="/opt/pytorch/nvfuser/tests/cpp/test_circular_buffering.cpp" line="1260" status="run" result="completed" time="0.09" timestamp="2025-04-30T07:33:33.819" classname="Hopper/TmaCircularBufferingTest" />
    <testcase name="SingleDim/stage_2_prefetch_neg2_M_500_N_2048_WarpSpecializedOnTIDyRegisterSharing_64_168_CpAsyncBulkTensorTile" value_param="(2, -2, 500, 2048, (&apos;nvfuser::WarpSpecialized(index = 1)&apos; with value WarpSpecializedOnTIDyRegisterSharing_64_168), CpAsyncBulkTensorTile)" file="/opt/pytorch/nvfuser/tests/cpp/test_circular_buffering.cpp" line="1260" status="run" result="completed" time="0.109" timestamp="2025-04-30T07:33:33.909" classname="Hopper/TmaCircularBufferingTest" />
    <testcase name="SingleDim/stage_2_prefetch_neg2_M_1024_N_2048_WarpSpecializedOnTIDyRegisterSharing_64_168_CpAsyncBulk" value_param="(2, -2, 1024, 2048, (&apos;nvfuser::WarpSpecialized(index = 1)&apos; with value WarpSpecializedOnTIDyRegisterSharing_64_168), CpAsyncBulk)" file="/opt/pytorch/nvfuser/tests/cpp/test_circular_buffering.cpp" line="1260" status="run" result="completed" time="0.109" timestamp="2025-04-30T07:33:34.019" classname="Hopper/TmaCircularBufferingTest" />
    <testcase name="SingleDim/stage_2_prefetch_neg1_M_128_N_1024_WarpSpecializedOnTIDyRegisterSharing_None_CpAsyncBulkTensorTile" value_param="(2, -1, 128, 1024, (&apos;nvfuser::WarpSpecialized(index = 1)&apos; with value WarpSpecializedOnTIDyRegisterSharing_None), CpAsyncBulkTensorTile)" file="/opt/pytorch/nvfuser/tests/cpp/test_circular_buffering.cpp" line="1260" status="run" result="completed" time="0.085" timestamp="2025-04-30T07:33:34.128" classname="Hopper/TmaCircularBufferingTest" />
    <testcase name="SingleDim/stage_2_prefetch_neg1_M_500_N_1024_WarpSpecializedOnTIDyRegisterSharing_None_CpAsyncBulk" value_param="(2, -1, 500, 1024, (&apos;nvfuser::WarpSpecialized(index = 1)&apos; with value WarpSpecializedOnTIDyRegisterSharing_None), CpAsyncBulk)" file="/opt/pytorch/nvfuser/tests/cpp/test_circular_buffering.cpp" line="1260" status="run" result="completed" time="0.086" timestamp="2025-04-30T07:33:34.214" classname="Hopper/TmaCircularBufferingTest" />
    <testcase name="SingleDim/stage_2_prefetch_neg1_M_500_N_2048_WarpSpecializedOnTIDyRegisterSharing_64_168_CpAsyncBulkTensorTile" value_param="(2, -1, 500, 2048, (&apos;nvfuser::WarpSpecialized(index = 1)&apos; with value WarpSpecializedOnTIDyRegisterSharing_64_168), CpAsyncBulkTensorTile)" file="/opt/pytorch/nvfuser/tests/cpp/test_circular_buffering.cpp" line="1260" status="run" result="completed" time="0.088" timestamp="2025-04-30T07:33:34.300" classname="Hopper/TmaCircularBufferingTest" />
    <testcase name="SingleDim/stage_2_prefetch_neg1_M_1024_N_2048_WarpSpecializedOnTIDyRegisterSharing_64_168_CpAsyncBulk" value_param="(2, -1, 1024, 2048, (&apos;nvfuser::WarpSpecialized(index = 1)&apos; with value WarpSpecializedOnTIDyRegisterSharing_64_168), CpAsyncBulk)" file="/opt/pytorch/nvfuser/tests/cpp/test_circular_buffering.cpp" line="1260" status="run" result="completed" time="0.087" timestamp="2025-04-30T07:33:34.389" classname="Hopper/TmaCircularBufferingTest" />
    <testcase name="SingleDim/stage_2_prefetch_0_M_128_N_1024_WarpSpecializedOnTIDyRegisterSharing_None_CpAsyncBulkTensorTile" value_param="(2, 0, 128, 1024, (&apos;nvfuser::WarpSpecialized(index = 1)&apos; with value WarpSpecializedOnTIDyRegisterSharing_None), CpAsyncBulkTensorTile)" file="/opt/pytorch/nvfuser/tests/cpp/test_circular_buffering.cpp" line="1260" status="run" result="completed" time="0.109" timestamp="2025-04-30T07:33:34.477" classname="Hopper/TmaCircularBufferingTest" />
    <testcase name="SingleDim/stage_2_prefetch_0_M_500_N_1024_Pipelined_CpAsyncBulk" value_param="(2, 0, 500, 1024, (&apos;nvfuser::Pipelined(index = 0)&apos; with value Pipelined), CpAsyncBulk)" file="/opt/pytorch/nvfuser/tests/cpp/test_circular_buffering.cpp" line="1260" status="run" result="completed" time="0.084" timestamp="2025-04-30T07:33:34.586" classname="Hopper/TmaCircularBufferingTest" />
    <testcase name="SingleDim/stage_2_prefetch_0_M_500_N_2048_WarpSpecializedOnTIDyRegisterSharing_None_CpAsyncBulkTensorTile" value_param="(2, 0, 500, 2048, (&apos;nvfuser::WarpSpecialized(index = 1)&apos; with value WarpSpecializedOnTIDyRegisterSharing_None), CpAsyncBulkTensorTile)" file="/opt/pytorch/nvfuser/tests/cpp/test_circular_buffering.cpp" line="1260" status="run" result="completed" time="0.052" timestamp="2025-04-30T07:33:34.671" classname="Hopper/TmaCircularBufferingTest" />
    <testcase name="SingleDim/stage_2_prefetch_0_M_1024_N_2048_Pipelined_CpAsyncBulk" value_param="(2, 0, 1024, 2048, (&apos;nvfuser::Pipelined(index = 0)&apos; with value Pipelined), CpAsyncBulk)" file="/opt/pytorch/nvfuser/tests/cpp/test_circular_buffering.cpp" line="1260" status="run" result="completed" time="0.047" timestamp="2025-04-30T07:33:34.723" classname="Hopper/TmaCircularBufferingTest" />
    <testcase name="SingleDim/stage_2_prefetch_1_M_128_N_1024_WarpSpecializedOnTIDxRegisterSharing_64_168_CpAsyncBulkTensorTile" value_param="(2, 1, 128, 1024, (&apos;nvfuser::WarpSpecialized(index = 1)&apos; with value WarpSpecializedOnTIDxRegisterSharing_64_168), CpAsyncBulkTensorTile)" file="/opt/pytorch/nvfuser/tests/cpp/test_circular_buffering.cpp" line="1260" status="run" result="completed" time="0.086" timestamp="2025-04-30T07:33:34.770" classname="Hopper/TmaCircularBufferingTest" />
    <testcase name="SingleDim/stage_2_prefetch_1_M_500_N_1024_WarpSpecializedOnTIDyRegisterSharing_64_168_CpAsyncBulk" value_param="(2, 1, 500, 1024, (&apos;nvfuser::WarpSpecialized(index = 1)&apos; with value WarpSpecializedOnTIDyRegisterSharing_64_168), CpAsyncBulk)" file="/opt/pytorch/nvfuser/tests/cpp/test_circular_buffering.cpp" line="1260" status="run" result="completed" time="0.05" timestamp="2025-04-30T07:33:34.856" classname="Hopper/TmaCircularBufferingTest" />
    <testcase name="SingleDim/stage_2_prefetch_1_M_500_N_2048_WarpSpecializedOnTIDyRegisterSharing_64_168_CpAsyncBulkTensorTile" value_param="(2, 1, 500, 2048, (&apos;nvfuser::WarpSpecialized(index = 1)&apos; with value WarpSpecializedOnTIDyRegisterSharing_64_168), CpAsyncBulkTensorTile)" file="/opt/pytorch/nvfuser/tests/cpp/test_circular_buffering.cpp" line="1260" status="run" result="completed" time="0.05" timestamp="2025-04-30T07:33:34.907" classname="Hopper/TmaCircularBufferingTest" />
    <testcase name="SingleDim/stage_2_prefetch_1_M_1024_N_2048_WarpSpecializedOnTIDyRegisterSharing_64_168_CpAsyncBulk" value_param="(2, 1, 1024, 2048, (&apos;nvfuser::WarpSpecialized(index = 1)&apos; with value WarpSpecializedOnTIDyRegisterSharing_64_168), CpAsyncBulk)" file="/opt/pytorch/nvfuser/tests/cpp/test_circular_buffering.cpp" line="1260" status="run" result="completed" time="0.049" timestamp="2025-04-30T07:33:34.957" classname="Hopper/TmaCircularBufferingTest" />
    <testcase name="SingleDim/stage_4_prefetch_neg4_M_128_N_1024_PipelinedMBarrierForWAR_CpAsyncBulkTensorTile" value_param="(4, -4, 128, 1024, (&apos;nvfuser::Pipelined(index = 0)&apos; with value PipelinedMBarrierForWAR), CpAsyncBulkTensorTile)" file="/opt/pytorch/nvfuser/tests/cpp/test_circular_buffering.cpp" line="1260" status="run" result="completed" time="0.098" timestamp="2025-04-30T07:33:35.007" classname="Hopper/TmaCircularBufferingTest" />
    <testcase name="SingleDim/stage_4_prefetch_neg4_M_500_N_1024_WarpSpecializedOnTIDxRegisterSharing_64_168_CpAsyncBulk" value_param="(4, -4, 500, 1024, (&apos;nvfuser::WarpSpecialized(index = 1)&apos; with value WarpSpecializedOnTIDxRegisterSharing_64_168), CpAsyncBulk)" file="/opt/pytorch/nvfuser/tests/cpp/test_circular_buffering.cpp" line="1260" status="run" result="completed" time="0.116" timestamp="2025-04-30T07:33:35.105" classname="Hopper/TmaCircularBufferingTest" />
    <testcase name="SingleDim/stage_4_prefetch_neg4_M_500_N_2048_WarpSpecializedOnTIDxRegisterSharing_None_CpAsyncBulkTensorTile" value_param="(4, -4, 500, 2048, (&apos;nvfuser::WarpSpecialized(index = 1)&apos; with value WarpSpecializedOnTIDxRegisterSharing_None), CpAsyncBulkTensorTile)" file="/opt/pytorch/nvfuser/tests/cpp/test_circular_buffering.cpp" line="1260" status="run" result="completed" time="0.11" timestamp="2025-04-30T07:33:35.222" classname="Hopper/TmaCircularBufferingTest" />
    <testcase name="SingleDim/stage_4_prefetch_neg4_M_1024_N_2048_WarpSpecializedOnTIDyRegisterSharing_64_168_CpAsyncBulk" value_param="(4, -4, 1024, 2048, (&apos;nvfuser::WarpSpecialized(index = 1)&apos; with value WarpSpecializedOnTIDyRegisterSharing_64_168), CpAsyncBulk)" file="/opt/pytorch/nvfuser/tests/cpp/test_circular_buffering.cpp" line="1260" status="run" result="completed" time="0.117" timestamp="2025-04-30T07:33:35.332" classname="Hopper/TmaCircularBufferingTest" />
    <testcase name="SingleDim/stage_4_prefetch_neg3_M_128_N_1024_WarpSpecializedOnTIDxRegisterSharing_None_CpAsyncBulkTensorTile" value_param="(4, -3, 128, 1024, (&apos;nvfuser::WarpSpecialized(index = 1)&apos; with value WarpSpecializedOnTIDxRegisterSharing_None), CpAsyncBulkTensorTile)" file="/opt/pytorch/nvfuser/tests/cpp/test_circular_buffering.cpp" line="1260" status="run" result="completed" time="0.09" timestamp="2025-04-30T07:33:35.450" classname="Hopper/TmaCircularBufferingTest" />
    <testcase name="SingleDim/stage_4_prefetch_neg3_M_500_N_1024_WarpSpecializedOnTIDyRegisterSharing_None_CpAsyncBulk" value_param="(4, -3, 500, 1024, (&apos;nvfuser::WarpSpecialized(index = 1)&apos; with value WarpSpecializedOnTIDyRegisterSharing_None), CpAsyncBulk)" file="/opt/pytorch/nvfuser/tests/cpp/test_circular_buffering.cpp" line="1260" status="run" result="completed" time="0.092" timestamp="2025-04-30T07:33:35.540" classname="Hopper/TmaCircularBufferingTest" />
    <testcase name="SingleDim/stage_4_prefetch_neg3_M_500_N_2048_WarpSpecializedOnTIDxRegisterSharing_64_168_CpAsyncBulkTensorTile" value_param="(4, -3, 500, 2048, (&apos;nvfuser::WarpSpecialized(index = 1)&apos; with value WarpSpecializedOnTIDxRegisterSharing_64_168), CpAsyncBulkTensorTile)" file="/opt/pytorch/nvfuser/tests/cpp/test_circular_buffering.cpp" line="1260" status="run" result="completed" time="0.092" timestamp="2025-04-30T07:33:35.633" classname="Hopper/TmaCircularBufferingTest" />
    <testcase name="SingleDim/stage_4_prefetch_neg3_M_1024_N_2048_WarpSpecializedOnTIDxRegisterSharing_None_CpAsyncBulk" value_param="(4, -3, 1024, 2048, (&apos;nvfuser::WarpSpecialized(index = 1)&apos; with value WarpSpecializedOnTIDxRegisterSharing_None), CpAsyncBulk)" file="/opt/pytorch/nvfuser/tests/cpp/test_circular_buffering.cpp" line="1260" status="run" result="completed" time="0.089" timestamp="2025-04-30T07:33:35.725" classname="Hopper/TmaCircularBufferingTest" />
    <testcase name="SingleDim/stage_4_prefetch_neg2_M_128_N_1024_Pipelined_CpAsyncBulkTensorTile" value_param="(4, -2, 128, 1024, (&apos;nvfuser::Pipelined(index = 0)&apos; with value Pipelined), CpAsyncBulkTensorTile)" file="/opt/pytorch/nvfuser/tests/cpp/test_circular_buffering.cpp" line="1260" status="run" result="completed" time="0.099" timestamp="2025-04-30T07:33:35.815" classname="Hopper/TmaCircularBufferingTest" />
    <testcase name="SingleDim/stage_4_prefetch_neg2_M_500_N_1024_Pipelined_CpAsyncBulk" value_param="(4, -2, 500, 1024, (&apos;nvfuser::Pipelined(index = 0)&apos; with value Pipelined), CpAsyncBulk)" file="/opt/pytorch/nvfuser/tests/cpp/test_circular_buffering.cpp" line="1260" status="run" result="completed" time="0.098" timestamp="2025-04-30T07:33:35.914" classname="Hopper/TmaCircularBufferingTest" />
    <testcase name="SingleDim/stage_4_prefetch_neg2_M_500_N_2048_WarpSpecializedOnTIDyRegisterSharing_None_CpAsyncBulkTensorTile" value_param="(4, -2, 500, 2048, (&apos;nvfuser::WarpSpecialized(index = 1)&apos; with value WarpSpecializedOnTIDyRegisterSharing_None), CpAsyncBulkTensorTile)" file="/opt/pytorch/nvfuser/tests/cpp/test_circular_buffering.cpp" line="1260" status="run" result="completed" time="0.107" timestamp="2025-04-30T07:33:36.013" classname="Hopper/TmaCircularBufferingTest" />
    <testcase name="SingleDim/stage_4_prefetch_neg2_M_1024_N_2048_Pipelined_CpAsyncBulk" value_param="(4, -2, 1024, 2048, (&apos;nvfuser::Pipelined(index = 0)&apos; with value Pipelined), CpAsyncBulk)" file="/opt/pytorch/nvfuser/tests/cpp/test_circular_buffering.cpp" line="1260" status="run" result="completed" time="0.098" timestamp="2025-04-30T07:33:36.120" classname="Hopper/TmaCircularBufferingTest" />
    <testcase name="SingleDim/stage_4_prefetch_neg1_M_128_N_1024_Pipelined_CpAsyncBulkTensorTile" value_param="(4, -1, 128, 1024, (&apos;nvfuser::Pipelined(index = 0)&apos; with value Pipelined), CpAsyncBulkTensorTile)" file="/opt/pytorch/nvfuser/tests/cpp/test_circular_buffering.cpp" line="1260" status="run" result="completed" time="0.109" timestamp="2025-04-30T07:33:36.219" classname="Hopper/TmaCircularBufferingTest" />
    <testcase name="SingleDim/stage_4_prefetch_neg1_M_500_N_1024_WarpSpecializedOnTIDyRegisterSharing_None_CpAsyncBulk" value_param="(4, -1, 500, 1024, (&apos;nvfuser::WarpSpecialized(index = 1)&apos; with value WarpSpecializedOnTIDyRegisterSharing_None), CpAsyncBulk)" file="/opt/pytorch/nvfuser/tests/cpp/test_circular_buffering.cpp" line="1260" status="run" result="completed" time="0.117" timestamp="2025-04-30T07:33:36.329" classname="Hopper/TmaCircularBufferingTest" />
    <testcase name="SingleDim/stage_4_prefetch_neg1_M_500_N_2048_WarpSpecializedOnTIDyRegisterSharing_64_168_CpAsyncBulkTensorTile" value_param="(4, -1, 500, 2048, (&apos;nvfuser::WarpSpecialized(index = 1)&apos; with value WarpSpecializedOnTIDyRegisterSharing_64_168), CpAsyncBulkTensorTile)" file="/opt/pytorch/nvfuser/tests/cpp/test_circular_buffering.cpp" line="1260" status="run" result="completed" time="0.12" timestamp="2025-04-30T07:33:36.446" classname="Hopper/TmaCircularBufferingTest" />
    <testcase name="SingleDim/stage_4_prefetch_neg1_M_1024_N_2048_WarpSpecializedOnTIDxRegisterSharing_64_168_CpAsyncBulk" value_param="(4, -1, 1024, 2048, (&apos;nvfuser::WarpSpecialized(index = 1)&apos; with value WarpSpecializedOnTIDxRegisterSharing_64_168), CpAsyncBulk)" file="/opt/pytorch/nvfuser/tests/cpp/test_circular_buffering.cpp" line="1260" status="run" result="completed" time="0.117" timestamp="2025-04-30T07:33:36.567" classname="Hopper/TmaCircularBufferingTest" />
    <testcase name="SingleDim/stage_4_prefetch_0_M_128_N_1024_PipelinedMBarrierForWAR_CpAsyncBulkTensorTile" value_param="(4, 0, 128, 1024, (&apos;nvfuser::Pipelined(index = 0)&apos; with value PipelinedMBarrierForWAR), CpAsyncBulkTensorTile)" file="/opt/pytorch/nvfuser/tests/cpp/test_circular_buffering.cpp" line="1260" status="run" result="completed" time="0.098" timestamp="2025-04-30T07:33:36.684" classname="Hopper/TmaCircularBufferingTest" />
    <testcase name="SingleDim/stage_4_prefetch_0_M_500_N_1024_WarpSpecializedOnTIDyRegisterSharing_64_168_CpAsyncBulk" value_param="(4, 0, 500, 1024, (&apos;nvfuser::WarpSpecialized(index = 1)&apos; with value WarpSpecializedOnTIDyRegisterSharing_64_168), CpAsyncBulk)" file="/opt/pytorch/nvfuser/tests/cpp/test_circular_buffering.cpp" line="1260" status="run" result="completed" time="0.117" timestamp="2025-04-30T07:33:36.783" classname="Hopper/TmaCircularBufferingTest" />
    <testcase name="SingleDim/stage_4_prefetch_0_M_500_N_2048_WarpSpecializedOnTIDyRegisterSharing_None_CpAsyncBulkTensorTile" value_param="(4, 0, 500, 2048, (&apos;nvfuser::WarpSpecialized(index = 1)&apos; with value WarpSpecializedOnTIDyRegisterSharing_None), CpAsyncBulkTensorTile)" file="/opt/pytorch/nvfuser/tests/cpp/test_circular_buffering.cpp" line="1260" status="run" result="completed" time="0.114" timestamp="2025-04-30T07:33:36.900" classname="Hopper/TmaCircularBufferingTest" />
    <testcase name="SingleDim/stage_4_prefetch_0_M_1024_N_2048_WarpSpecializedOnTIDxRegisterSharing_64_168_CpAsyncBulk" value_param="(4, 0, 1024, 2048, (&apos;nvfuser::WarpSpecialized(index = 1)&apos; with value WarpSpecializedOnTIDxRegisterSharing_64_168), CpAsyncBulk)" file="/opt/pytorch/nvfuser/tests/cpp/test_circular_buffering.cpp" line="1260" status="run" result="completed" time="0.115" timestamp="2025-04-30T07:33:37.015" classname="Hopper/TmaCircularBufferingTest" />
    <testcase name="SingleDim/stage_4_prefetch_1_M_128_N_1024_WarpSpecializedOnTIDxRegisterSharing_64_168_CpAsyncBulkTensorTile" value_param="(4, 1, 128, 1024, (&apos;nvfuser::WarpSpecialized(index = 1)&apos; with value WarpSpecializedOnTIDxRegisterSharing_64_168), CpAsyncBulkTensorTile)" file="/opt/pytorch/nvfuser/tests/cpp/test_circular_buffering.cpp" line="1260" status="run" result="completed" time="0.092" timestamp="2025-04-30T07:33:37.130" classname="Hopper/TmaCircularBufferingTest" />
    <testcase name="SingleDim/stage_4_prefetch_1_M_500_N_1024_PipelinedMBarrierForWAR_CpAsyncBulk" value_param="(4, 1, 500, 1024, (&apos;nvfuser::Pipelined(index = 0)&apos; with value PipelinedMBarrierForWAR), CpAsyncBulk)" file="/opt/pytorch/nvfuser/tests/cpp/test_circular_buffering.cpp" line="1260" status="run" result="completed" time="0.098" timestamp="2025-04-30T07:33:37.223" classname="Hopper/TmaCircularBufferingTest" />
    <testcase name="SingleDim/stage_4_prefetch_1_M_500_N_2048_WarpSpecializedOnTIDyRegisterSharing_None_CpAsyncBulkTensorTile" value_param="(4, 1, 500, 2048, (&apos;nvfuser::WarpSpecialized(index = 1)&apos; with value WarpSpecializedOnTIDyRegisterSharing_None), CpAsyncBulkTensorTile)" file="/opt/pytorch/nvfuser/tests/cpp/test_circular_buffering.cpp" line="1260" status="run" result="completed" time="0.093" timestamp="2025-04-30T07:33:37.322" classname="Hopper/TmaCircularBufferingTest" />
    <testcase name="SingleDim/stage_4_prefetch_1_M_1024_N_2048_WarpSpecializedOnTIDyRegisterSharing_64_168_CpAsyncBulk" value_param="(4, 1, 1024, 2048, (&apos;nvfuser::WarpSpecialized(index = 1)&apos; with value WarpSpecializedOnTIDyRegisterSharing_64_168), CpAsyncBulk)" file="/opt/pytorch/nvfuser/tests/cpp/test_circular_buffering.cpp" line="1260" status="run" result="completed" time="0.093" timestamp="2025-04-30T07:33:37.415" classname="Hopper/TmaCircularBufferingTest" />
    <testcase name="SingleDim/stage_4_prefetch_2_M_128_N_1024_WarpSpecializedOnTIDxRegisterSharing_64_168_CpAsyncBulkTensorTile" value_param="(4, 2, 128, 1024, (&apos;nvfuser::WarpSpecialized(index = 1)&apos; with value WarpSpecializedOnTIDxRegisterSharing_64_168), CpAsyncBulkTensorTile)" file="/opt/pytorch/nvfuser/tests/cpp/test_circular_buffering.cpp" line="1260" status="run" result="completed" time="0.107" timestamp="2025-04-30T07:33:37.509" classname="Hopper/TmaCircularBufferingTest" />
    <testcase name="SingleDim/stage_4_prefetch_2_M_500_N_1024_WarpSpecializedOnTIDyRegisterSharing_64_168_CpAsyncBulk" value_param="(4, 2, 500, 1024, (&apos;nvfuser::WarpSpecialized(index = 1)&apos; with value WarpSpecializedOnTIDyRegisterSharing_64_168), CpAsyncBulk)" file="/opt/pytorch/nvfuser/tests/cpp/test_circular_buffering.cpp" line="1260" status="run" result="completed" time="0.109" timestamp="2025-04-30T07:33:37.616" classname="Hopper/TmaCircularBufferingTest" />
    <testcase name="SingleDim/stage_4_prefetch_2_M_500_N_2048_WarpSpecializedOnTIDyRegisterSharing_64_168_CpAsyncBulkTensorTile" value_param="(4, 2, 500, 2048, (&apos;nvfuser::WarpSpecialized(index = 1)&apos; with value WarpSpecializedOnTIDyRegisterSharing_64_168), CpAsyncBulkTensorTile)" file="/opt/pytorch/nvfuser/tests/cpp/test_circular_buffering.cpp" line="1260" status="run" result="completed" time="0.109" timestamp="2025-04-30T07:33:37.726" classname="Hopper/TmaCircularBufferingTest" />
    <testcase name="SingleDim/stage_4_prefetch_2_M_1024_N_2048_Pipelined_CpAsyncBulk" value_param="(4, 2, 1024, 2048, (&apos;nvfuser::Pipelined(index = 0)&apos; with value Pipelined), CpAsyncBulk)" file="/opt/pytorch/nvfuser/tests/cpp/test_circular_buffering.cpp" line="1260" status="run" result="completed" time="0.098" timestamp="2025-04-30T07:33:37.835" classname="Hopper/TmaCircularBufferingTest" />
    <testcase name="SingleDim/stage_4_prefetch_3_M_128_N_1024_PipelinedMBarrierForWAR_CpAsyncBulkTensorTile" value_param="(4, 3, 128, 1024, (&apos;nvfuser::Pipelined(index = 0)&apos; with value PipelinedMBarrierForWAR), CpAsyncBulkTensorTile)" file="/opt/pytorch/nvfuser/tests/cpp/test_circular_buffering.cpp" line="1260" status="run" result="completed" time="0.125" timestamp="2025-04-30T07:33:37.934" classname="Hopper/TmaCircularBufferingTest" />
    <testcase name="SingleDim/stage_4_prefetch_3_M_500_N_1024_WarpSpecializedOnTIDxRegisterSharing_64_168_CpAsyncBulk" value_param="(4, 3, 500, 1024, (&apos;nvfuser::WarpSpecialized(index = 1)&apos; with value WarpSpecializedOnTIDxRegisterSharing_64_168), CpAsyncBulk)" file="/opt/pytorch/nvfuser/tests/cpp/test_circular_buffering.cpp" line="1260" status="run" result="completed" time="0.118" timestamp="2025-04-30T07:33:38.059" classname="Hopper/TmaCircularBufferingTest" />
    <testcase name="SingleDim/stage_4_prefetch_3_M_500_N_2048_WarpSpecializedOnTIDxRegisterSharing_None_CpAsyncBulkTensorTile" value_param="(4, 3, 500, 2048, (&apos;nvfuser::WarpSpecialized(index = 1)&apos; with value WarpSpecializedOnTIDxRegisterSharing_None), CpAsyncBulkTensorTile)" file="/opt/pytorch/nvfuser/tests/cpp/test_circular_buffering.cpp" line="1260" status="run" result="completed" time="0.112" timestamp="2025-04-30T07:33:38.177" classname="Hopper/TmaCircularBufferingTest" />
    <testcase name="SingleDim/stage_4_prefetch_3_M_1024_N_2048_WarpSpecializedOnTIDyRegisterSharing_64_168_CpAsyncBulk" value_param="(4, 3, 1024, 2048, (&apos;nvfuser::WarpSpecialized(index = 1)&apos; with value WarpSpecializedOnTIDyRegisterSharing_64_168), CpAsyncBulk)" file="/opt/pytorch/nvfuser/tests/cpp/test_circular_buffering.cpp" line="1260" status="run" result="completed" time="0.12" timestamp="2025-04-30T07:33:38.289" classname="Hopper/TmaCircularBufferingTest" />
    <testcase name="SingleDimUnroll/stage_2_prefetch_neg2_M_128_N_1024_PipelinedMBarrierForWAR_CpAsyncBulkTensorTile" value_param="(2, -2, 128, 1024, (&apos;nvfuser::Pipelined(index = 0)&apos; with value PipelinedMBarrierForWAR), CpAsyncBulkTensorTile)" file="/opt/pytorch/nvfuser/tests/cpp/test_circular_buffering.cpp" line="1314" status="run" result="completed" time="0.096" timestamp="2025-04-30T07:33:38.410" classname="Hopper/TmaCircularBufferingTest" />
    <testcase name="SingleDimUnroll/stage_2_prefetch_neg2_M_500_N_1024_PipelinedMBarrierForWAR_CpAsyncBulk" value_param="(2, -2, 500, 1024, (&apos;nvfuser::Pipelined(index = 0)&apos; with value PipelinedMBarrierForWAR), CpAsyncBulk)" file="/opt/pytorch/nvfuser/tests/cpp/test_circular_buffering.cpp" line="1314" status="run" result="completed" time="0.097" timestamp="2025-04-30T07:33:38.506" classname="Hopper/TmaCircularBufferingTest" />
    <testcase name="SingleDimUnroll/stage_2_prefetch_neg2_M_500_N_2048_WarpSpecializedOnTIDyRegisterSharing_64_168_CpAsyncBulkTensorTile" value_param="(2, -2, 500, 2048, (&apos;nvfuser::WarpSpecialized(index = 1)&apos; with value WarpSpecializedOnTIDyRegisterSharing_64_168), CpAsyncBulkTensorTile)" file="/opt/pytorch/nvfuser/tests/cpp/test_circular_buffering.cpp" line="1314" status="run" result="completed" time="0.119" timestamp="2025-04-30T07:33:38.603" classname="Hopper/TmaCircularBufferingTest" />
    <testcase name="SingleDimUnroll/stage_2_prefetch_neg2_M_1024_N_2048_WarpSpecializedOnTIDyRegisterSharing_64_168_CpAsyncBulk" value_param="(2, -2, 1024, 2048, (&apos;nvfuser::WarpSpecialized(index = 1)&apos; with value WarpSpecializedOnTIDyRegisterSharing_64_168), CpAsyncBulk)" file="/opt/pytorch/nvfuser/tests/cpp/test_circular_buffering.cpp" line="1314" status="run" result="completed" time="0.12" timestamp="2025-04-30T07:33:38.723" classname="Hopper/TmaCircularBufferingTest" />
    <testcase name="SingleDimUnroll/stage_2_prefetch_neg1_M_128_N_1024_WarpSpecializedOnTIDyRegisterSharing_None_CpAsyncBulkTensorTile" value_param="(2, -1, 128, 1024, (&apos;nvfuser::WarpSpecialized(index = 1)&apos; with value WarpSpecializedOnTIDyRegisterSharing_None), CpAsyncBulkTensorTile)" file="/opt/pytorch/nvfuser/tests/cpp/test_circular_buffering.cpp" line="1314" status="run" result="completed" time="0.102" timestamp="2025-04-30T07:33:38.844" classname="Hopper/TmaCircularBufferingTest" />
    <testcase name="SingleDimUnroll/stage_2_prefetch_neg1_M_500_N_1024_WarpSpecializedOnTIDyRegisterSharing_None_CpAsyncBulk" value_param="(2, -1, 500, 1024, (&apos;nvfuser::WarpSpecialized(index = 1)&apos; with value WarpSpecializedOnTIDyRegisterSharing_None), CpAsyncBulk)" file="/opt/pytorch/nvfuser/tests/cpp/test_circular_buffering.cpp" line="1314" status="run" result="completed" time="0.102" timestamp="2025-04-30T07:33:38.947" classname="Hopper/TmaCircularBufferingTest" />
    <testcase name="SingleDimUnroll/stage_2_prefetch_neg1_M_500_N_2048_WarpSpecializedOnTIDyRegisterSharing_64_168_CpAsyncBulkTensorTile" value_param="(2, -1, 500, 2048, (&apos;nvfuser::WarpSpecialized(index = 1)&apos; with value WarpSpecializedOnTIDyRegisterSharing_64_168), CpAsyncBulkTensorTile)" file="/opt/pytorch/nvfuser/tests/cpp/test_circular_buffering.cpp" line="1314" status="run" result="completed" time="0.105" timestamp="2025-04-30T07:33:39.050" classname="Hopper/TmaCircularBufferingTest" />
    <testcase name="SingleDimUnroll/stage_2_prefetch_neg1_M_1024_N_2048_WarpSpecializedOnTIDyRegisterSharing_64_168_CpAsyncBulk" value_param="(2, -1, 1024, 2048, (&apos;nvfuser::WarpSpecialized(index = 1)&apos; with value WarpSpecializedOnTIDyRegisterSharing_64_168), CpAsyncBulk)" file="/opt/pytorch/nvfuser/tests/cpp/test_circular_buffering.cpp" line="1314" status="run" result="completed" time="0.105" timestamp="2025-04-30T07:33:39.156" classname="Hopper/TmaCircularBufferingTest" />
    <testcase name="SingleDimUnroll/stage_2_prefetch_0_M_128_N_1024_WarpSpecializedOnTIDyRegisterSharing_None_CpAsyncBulkTensorTile" value_param="(2, 0, 128, 1024, (&apos;nvfuser::WarpSpecialized(index = 1)&apos; with value WarpSpecializedOnTIDyRegisterSharing_None), CpAsyncBulkTensorTile)" file="/opt/pytorch/nvfuser/tests/cpp/test_circular_buffering.cpp" line="1314" status="run" result="completed" time="0.118" timestamp="2025-04-30T07:33:39.261" classname="Hopper/TmaCircularBufferingTest" />
    <testcase name="SingleDimUnroll/stage_2_prefetch_0_M_500_N_1024_Pipelined_CpAsyncBulk" value_param="(2, 0, 500, 1024, (&apos;nvfuser::Pipelined(index = 0)&apos; with value Pipelined), CpAsyncBulk)" file="/opt/pytorch/nvfuser/tests/cpp/test_circular_buffering.cpp" line="1314" status="run" result="completed" time="0.089" timestamp="2025-04-30T07:33:39.380" classname="Hopper/TmaCircularBufferingTest" />
    <testcase name="SingleDimUnroll/stage_2_prefetch_0_M_500_N_2048_WarpSpecializedOnTIDyRegisterSharing_None_CpAsyncBulkTensorTile" value_param="(2, 0, 500, 2048, (&apos;nvfuser::WarpSpecialized(index = 1)&apos; with value WarpSpecializedOnTIDyRegisterSharing_None), CpAsyncBulkTensorTile)" file="/opt/pytorch/nvfuser/tests/cpp/test_circular_buffering.cpp" line="1314" status="run" result="completed" time="0.055" timestamp="2025-04-30T07:33:39.469" classname="Hopper/TmaCircularBufferingTest" />
    <testcase name="SingleDimUnroll/stage_2_prefetch_0_M_1024_N_2048_Pipelined_CpAsyncBulk" value_param="(2, 0, 1024, 2048, (&apos;nvfuser::Pipelined(index = 0)&apos; with value Pipelined), CpAsyncBulk)" file="/opt/pytorch/nvfuser/tests/cpp/test_circular_buffering.cpp" line="1314" status="run" result="completed" time="0.05" timestamp="2025-04-30T07:33:39.525" classname="Hopper/TmaCircularBufferingTest" />
    <testcase name="SingleDimUnroll/stage_2_prefetch_1_M_128_N_1024_WarpSpecializedOnTIDxRegisterSharing_64_168_CpAsyncBulkTensorTile" value_param="(2, 1, 128, 1024, (&apos;nvfuser::WarpSpecialized(index = 1)&apos; with value WarpSpecializedOnTIDxRegisterSharing_64_168), CpAsyncBulkTensorTile)" file="/opt/pytorch/nvfuser/tests/cpp/test_circular_buffering.cpp" line="1314" status="run" result="completed" time="0.101" timestamp="2025-04-30T07:33:39.576" classname="Hopper/TmaCircularBufferingTest" />
    <testcase name="SingleDimUnroll/stage_2_prefetch_1_M_500_N_1024_WarpSpecializedOnTIDyRegisterSharing_64_168_CpAsyncBulk" value_param="(2, 1, 500, 1024, (&apos;nvfuser::WarpSpecialized(index = 1)&apos; with value WarpSpecializedOnTIDyRegisterSharing_64_168), CpAsyncBulk)" file="/opt/pytorch/nvfuser/tests/cpp/test_circular_buffering.cpp" line="1314" status="run" result="completed" time="0.056" timestamp="2025-04-30T07:33:39.677" classname="Hopper/TmaCircularBufferingTest" />
    <testcase name="SingleDimUnroll/stage_2_prefetch_1_M_500_N_2048_WarpSpecializedOnTIDyRegisterSharing_64_168_CpAsyncBulkTensorTile" value_param="(2, 1, 500, 2048, (&apos;nvfuser::WarpSpecialized(index = 1)&apos; with value WarpSpecializedOnTIDyRegisterSharing_64_168), CpAsyncBulkTensorTile)" file="/opt/pytorch/nvfuser/tests/cpp/test_circular_buffering.cpp" line="1314" status="run" result="completed" time="0.054" timestamp="2025-04-30T07:33:39.734" classname="Hopper/TmaCircularBufferingTest" />
    <testcase name="SingleDimUnroll/stage_2_prefetch_1_M_1024_N_2048_WarpSpecializedOnTIDyRegisterSharing_64_168_CpAsyncBulk" value_param="(2, 1, 1024, 2048, (&apos;nvfuser::WarpSpecialized(index = 1)&apos; with value WarpSpecializedOnTIDyRegisterSharing_64_168), CpAsyncBulk)" file="/opt/pytorch/nvfuser/tests/cpp/test_circular_buffering.cpp" line="1314" status="run" result="completed" time="0.054" timestamp="2025-04-30T07:33:39.788" classname="Hopper/TmaCircularBufferingTest" />
    <testcase name="SingleDimUnroll/stage_4_prefetch_neg4_M_128_N_1024_PipelinedMBarrierForWAR_CpAsyncBulkTensorTile" value_param="(4, -4, 128, 1024, (&apos;nvfuser::Pipelined(index = 0)&apos; with value PipelinedMBarrierForWAR), CpAsyncBulkTensorTile)" file="/opt/pytorch/nvfuser/tests/cpp/test_circular_buffering.cpp" line="1314" status="run" result="completed" time="0.102" timestamp="2025-04-30T07:33:39.843" classname="Hopper/TmaCircularBufferingTest" />
    <testcase name="SingleDimUnroll/stage_4_prefetch_neg4_M_500_N_1024_WarpSpecializedOnTIDxRegisterSharing_64_168_CpAsyncBulk" value_param="(4, -4, 500, 1024, (&apos;nvfuser::WarpSpecialized(index = 1)&apos; with value WarpSpecializedOnTIDxRegisterSharing_64_168), CpAsyncBulk)" file="/opt/pytorch/nvfuser/tests/cpp/test_circular_buffering.cpp" line="1314" status="run" result="completed" time="0.124" timestamp="2025-04-30T07:33:39.946" classname="Hopper/TmaCircularBufferingTest" />
    <testcase name="SingleDimUnroll/stage_4_prefetch_neg4_M_500_N_2048_WarpSpecializedOnTIDxRegisterSharing_None_CpAsyncBulkTensorTile" value_param="(4, -4, 500, 2048, (&apos;nvfuser::WarpSpecialized(index = 1)&apos; with value WarpSpecializedOnTIDxRegisterSharing_None), CpAsyncBulkTensorTile)" file="/opt/pytorch/nvfuser/tests/cpp/test_circular_buffering.cpp" line="1314" status="run" result="completed" time="0.119" timestamp="2025-04-30T07:33:40.070" classname="Hopper/TmaCircularBufferingTest" />
    <testcase name="SingleDimUnroll/stage_4_prefetch_neg4_M_1024_N_2048_WarpSpecializedOnTIDyRegisterSharing_64_168_CpAsyncBulk" value_param="(4, -4, 1024, 2048, (&apos;nvfuser::WarpSpecialized(index = 1)&apos; with value WarpSpecializedOnTIDyRegisterSharing_64_168), CpAsyncBulk)" file="/opt/pytorch/nvfuser/tests/cpp/test_circular_buffering.cpp" line="1314" status="run" result="completed" time="0.127" timestamp="2025-04-30T07:33:40.190" classname="Hopper/TmaCircularBufferingTest" />
    <testcase name="SingleDimUnroll/stage_4_prefetch_neg3_M_128_N_1024_WarpSpecializedOnTIDxRegisterSharing_None_CpAsyncBulkTensorTile" value_param="(4, -3, 128, 1024, (&apos;nvfuser::WarpSpecialized(index = 1)&apos; with value WarpSpecializedOnTIDxRegisterSharing_None), CpAsyncBulkTensorTile)" file="/opt/pytorch/nvfuser/tests/cpp/test_circular_buffering.cpp" line="1314" status="run" result="completed" time="0.106" timestamp="2025-04-30T07:33:40.318" classname="Hopper/TmaCircularBufferingTest" />
    <testcase name="SingleDimUnroll/stage_4_prefetch_neg3_M_500_N_1024_WarpSpecializedOnTIDyRegisterSharing_None_CpAsyncBulk" value_param="(4, -3, 500, 1024, (&apos;nvfuser::WarpSpecialized(index = 1)&apos; with value WarpSpecializedOnTIDyRegisterSharing_None), CpAsyncBulk)" file="/opt/pytorch/nvfuser/tests/cpp/test_circular_buffering.cpp" line="1314" status="run" result="completed" time="0.114" timestamp="2025-04-30T07:33:40.424" classname="Hopper/TmaCircularBufferingTest" />
    <testcase name="SingleDimUnroll/stage_4_prefetch_neg3_M_500_N_2048_WarpSpecializedOnTIDxRegisterSharing_64_168_CpAsyncBulkTensorTile" value_param="(4, -3, 500, 2048, (&apos;nvfuser::WarpSpecialized(index = 1)&apos; with value WarpSpecializedOnTIDxRegisterSharing_64_168), CpAsyncBulkTensorTile)" file="/opt/pytorch/nvfuser/tests/cpp/test_circular_buffering.cpp" line="1314" status="run" result="completed" time="0.11" timestamp="2025-04-30T07:33:40.539" classname="Hopper/TmaCircularBufferingTest" />
    <testcase name="SingleDimUnroll/stage_4_prefetch_neg3_M_1024_N_2048_WarpSpecializedOnTIDxRegisterSharing_None_CpAsyncBulk" value_param="(4, -3, 1024, 2048, (&apos;nvfuser::WarpSpecialized(index = 1)&apos; with value WarpSpecializedOnTIDxRegisterSharing_None), CpAsyncBulk)" file="/opt/pytorch/nvfuser/tests/cpp/test_circular_buffering.cpp" line="1314" status="run" result="completed" time="0.107" timestamp="2025-04-30T07:33:40.649" classname="Hopper/TmaCircularBufferingTest" />
    <testcase name="SingleDimUnroll/stage_4_prefetch_neg2_M_128_N_1024_Pipelined_CpAsyncBulkTensorTile" value_param="(4, -2, 128, 1024, (&apos;nvfuser::Pipelined(index = 0)&apos; with value Pipelined), CpAsyncBulkTensorTile)" file="/opt/pytorch/nvfuser/tests/cpp/test_circular_buffering.cpp" line="1314" status="run" result="completed" time="0.149" timestamp="2025-04-30T07:33:40.756" classname="Hopper/TmaCircularBufferingTest" />
    <testcase name="SingleDimUnroll/stage_4_prefetch_neg2_M_500_N_1024_Pipelined_CpAsyncBulk" value_param="(4, -2, 500, 1024, (&apos;nvfuser::Pipelined(index = 0)&apos; with value Pipelined), CpAsyncBulk)" file="/opt/pytorch/nvfuser/tests/cpp/test_circular_buffering.cpp" line="1314" status="run" result="completed" time="0.152" timestamp="2025-04-30T07:33:40.906" classname="Hopper/TmaCircularBufferingTest" />
    <testcase name="SingleDimUnroll/stage_4_prefetch_neg2_M_500_N_2048_WarpSpecializedOnTIDyRegisterSharing_None_CpAsyncBulkTensorTile" value_param="(4, -2, 500, 2048, (&apos;nvfuser::WarpSpecialized(index = 1)&apos; with value WarpSpecializedOnTIDyRegisterSharing_None), CpAsyncBulkTensorTile)" file="/opt/pytorch/nvfuser/tests/cpp/test_circular_buffering.cpp" line="1314" status="run" result="completed" time="0.141" timestamp="2025-04-30T07:33:41.058" classname="Hopper/TmaCircularBufferingTest" />
    <testcase name="SingleDimUnroll/stage_4_prefetch_neg2_M_1024_N_2048_Pipelined_CpAsyncBulk" value_param="(4, -2, 1024, 2048, (&apos;nvfuser::Pipelined(index = 0)&apos; with value Pipelined), CpAsyncBulk)" file="/opt/pytorch/nvfuser/tests/cpp/test_circular_buffering.cpp" line="1314" status="run" result="completed" time="0.151" timestamp="2025-04-30T07:33:41.200" classname="Hopper/TmaCircularBufferingTest" />
    <testcase name="SingleDimUnroll/stage_4_prefetch_neg1_M_128_N_1024_Pipelined_CpAsyncBulkTensorTile" value_param="(4, -1, 128, 1024, (&apos;nvfuser::Pipelined(index = 0)&apos; with value Pipelined), CpAsyncBulkTensorTile)" file="/opt/pytorch/nvfuser/tests/cpp/test_circular_buffering.cpp" line="1314" status="run" result="completed" time="0.18" timestamp="2025-04-30T07:33:41.352" classname="Hopper/TmaCircularBufferingTest" />
    <testcase name="SingleDimUnroll/stage_4_prefetch_neg1_M_500_N_1024_WarpSpecializedOnTIDyRegisterSharing_None_CpAsyncBulk" value_param="(4, -1, 500, 1024, (&apos;nvfuser::WarpSpecialized(index = 1)&apos; with value WarpSpecializedOnTIDyRegisterSharing_None), CpAsyncBulk)" file="/opt/pytorch/nvfuser/tests/cpp/test_circular_buffering.cpp" line="1314" status="run" result="completed" time="0.164" timestamp="2025-04-30T07:33:41.532" classname="Hopper/TmaCircularBufferingTest" />
    <testcase name="SingleDimUnroll/stage_4_prefetch_neg1_M_500_N_2048_WarpSpecializedOnTIDyRegisterSharing_64_168_CpAsyncBulkTensorTile" value_param="(4, -1, 500, 2048, (&apos;nvfuser::WarpSpecialized(index = 1)&apos; with value WarpSpecializedOnTIDyRegisterSharing_64_168), CpAsyncBulkTensorTile)" file="/opt/pytorch/nvfuser/tests/cpp/test_circular_buffering.cpp" line="1314" status="run" result="completed" time="0.168" timestamp="2025-04-30T07:33:41.697" classname="Hopper/TmaCircularBufferingTest" />
    <testcase name="SingleDimUnroll/stage_4_prefetch_neg1_M_1024_N_2048_WarpSpecializedOnTIDxRegisterSharing_64_168_CpAsyncBulk" value_param="(4, -1, 1024, 2048, (&apos;nvfuser::WarpSpecialized(index = 1)&apos; with value WarpSpecializedOnTIDxRegisterSharing_64_168), CpAsyncBulk)" file="/opt/pytorch/nvfuser/tests/cpp/test_circular_buffering.cpp" line="1314" status="run" result="completed" time="0.165" timestamp="2025-04-30T07:33:41.865" classname="Hopper/TmaCircularBufferingTest" />
    <testcase name="SingleDimUnroll/stage_4_prefetch_0_M_128_N_1024_PipelinedMBarrierForWAR_CpAsyncBulkTensorTile" value_param="(4, 0, 128, 1024, (&apos;nvfuser::Pipelined(index = 0)&apos; with value PipelinedMBarrierForWAR), CpAsyncBulkTensorTile)" file="/opt/pytorch/nvfuser/tests/cpp/test_circular_buffering.cpp" line="1314" status="run" result="completed" time="0.104" timestamp="2025-04-30T07:33:42.031" classname="Hopper/TmaCircularBufferingTest" />
    <testcase name="SingleDimUnroll/stage_4_prefetch_0_M_500_N_1024_WarpSpecializedOnTIDyRegisterSharing_64_168_CpAsyncBulk" value_param="(4, 0, 500, 1024, (&apos;nvfuser::WarpSpecialized(index = 1)&apos; with value WarpSpecializedOnTIDyRegisterSharing_64_168), CpAsyncBulk)" file="/opt/pytorch/nvfuser/tests/cpp/test_circular_buffering.cpp" line="1314" status="run" result="completed" time="0.128" timestamp="2025-04-30T07:33:42.135" classname="Hopper/TmaCircularBufferingTest" />
    <testcase name="SingleDimUnroll/stage_4_prefetch_0_M_500_N_2048_WarpSpecializedOnTIDyRegisterSharing_None_CpAsyncBulkTensorTile" value_param="(4, 0, 500, 2048, (&apos;nvfuser::WarpSpecialized(index = 1)&apos; with value WarpSpecializedOnTIDyRegisterSharing_None), CpAsyncBulkTensorTile)" file="/opt/pytorch/nvfuser/tests/cpp/test_circular_buffering.cpp" line="1314" status="run" result="completed" time="0.124" timestamp="2025-04-30T07:33:42.263" classname="Hopper/TmaCircularBufferingTest" />
    <testcase name="SingleDimUnroll/stage_4_prefetch_0_M_1024_N_2048_WarpSpecializedOnTIDxRegisterSharing_64_168_CpAsyncBulk" value_param="(4, 0, 1024, 2048, (&apos;nvfuser::WarpSpecialized(index = 1)&apos; with value WarpSpecializedOnTIDxRegisterSharing_64_168), CpAsyncBulk)" file="/opt/pytorch/nvfuser/tests/cpp/test_circular_buffering.cpp" line="1314" status="run" result="completed" time="0.125" timestamp="2025-04-30T07:33:42.387" classname="Hopper/TmaCircularBufferingTest" />
    <testcase name="SingleDimUnroll/stage_4_prefetch_1_M_128_N_1024_WarpSpecializedOnTIDxRegisterSharing_64_168_CpAsyncBulkTensorTile" value_param="(4, 1, 128, 1024, (&apos;nvfuser::WarpSpecialized(index = 1)&apos; with value WarpSpecializedOnTIDxRegisterSharing_64_168), CpAsyncBulkTensorTile)" file="/opt/pytorch/nvfuser/tests/cpp/test_circular_buffering.cpp" line="1314" status="run" result="completed" time="0.107" timestamp="2025-04-30T07:33:42.512" classname="Hopper/TmaCircularBufferingTest" />
    <testcase name="SingleDimUnroll/stage_4_prefetch_1_M_500_N_1024_PipelinedMBarrierForWAR_CpAsyncBulk" value_param="(4, 1, 500, 1024, (&apos;nvfuser::Pipelined(index = 0)&apos; with value PipelinedMBarrierForWAR), CpAsyncBulk)" file="/opt/pytorch/nvfuser/tests/cpp/test_circular_buffering.cpp" line="1314" status="run" result="completed" time="0.129" timestamp="2025-04-30T07:33:42.620" classname="Hopper/TmaCircularBufferingTest" />
    <testcase name="SingleDimUnroll/stage_4_prefetch_1_M_500_N_2048_WarpSpecializedOnTIDyRegisterSharing_None_CpAsyncBulkTensorTile" value_param="(4, 1, 500, 2048, (&apos;nvfuser::WarpSpecialized(index = 1)&apos; with value WarpSpecializedOnTIDyRegisterSharing_None), CpAsyncBulkTensorTile)" file="/opt/pytorch/nvfuser/tests/cpp/test_circular_buffering.cpp" line="1314" status="run" result="completed" time="0.109" timestamp="2025-04-30T07:33:42.750" classname="Hopper/TmaCircularBufferingTest" />
    <testcase name="SingleDimUnroll/stage_4_prefetch_1_M_1024_N_2048_WarpSpecializedOnTIDyRegisterSharing_64_168_CpAsyncBulk" value_param="(4, 1, 1024, 2048, (&apos;nvfuser::WarpSpecialized(index = 1)&apos; with value WarpSpecializedOnTIDyRegisterSharing_64_168), CpAsyncBulk)" file="/opt/pytorch/nvfuser/tests/cpp/test_circular_buffering.cpp" line="1314" status="run" result="completed" time="0.111" timestamp="2025-04-30T07:33:42.859" classname="Hopper/TmaCircularBufferingTest" />
    <testcase name="SingleDimUnroll/stage_4_prefetch_2_M_128_N_1024_WarpSpecializedOnTIDxRegisterSharing_64_168_CpAsyncBulkTensorTile" value_param="(4, 2, 128, 1024, (&apos;nvfuser::WarpSpecialized(index = 1)&apos; with value WarpSpecializedOnTIDxRegisterSharing_64_168), CpAsyncBulkTensorTile)" file="/opt/pytorch/nvfuser/tests/cpp/test_circular_buffering.cpp" line="1314" status="run" result="completed" time="0.14" timestamp="2025-04-30T07:33:42.971" classname="Hopper/TmaCircularBufferingTest" />
    <testcase name="SingleDimUnroll/stage_4_prefetch_2_M_500_N_1024_WarpSpecializedOnTIDyRegisterSharing_64_168_CpAsyncBulk" value_param="(4, 2, 500, 1024, (&apos;nvfuser::WarpSpecialized(index = 1)&apos; with value WarpSpecializedOnTIDyRegisterSharing_64_168), CpAsyncBulk)" file="/opt/pytorch/nvfuser/tests/cpp/test_circular_buffering.cpp" line="1314" status="run" result="completed" time="0.143" timestamp="2025-04-30T07:33:43.111" classname="Hopper/TmaCircularBufferingTest" />
    <testcase name="SingleDimUnroll/stage_4_prefetch_2_M_500_N_2048_WarpSpecializedOnTIDyRegisterSharing_64_168_CpAsyncBulkTensorTile" value_param="(4, 2, 500, 2048, (&apos;nvfuser::WarpSpecialized(index = 1)&apos; with value WarpSpecializedOnTIDyRegisterSharing_64_168), CpAsyncBulkTensorTile)" file="/opt/pytorch/nvfuser/tests/cpp/test_circular_buffering.cpp" line="1314" status="run" result="completed" time="0.144" timestamp="2025-04-30T07:33:43.255" classname="Hopper/TmaCircularBufferingTest" />
    <testcase name="SingleDimUnroll/stage_4_prefetch_2_M_1024_N_2048_Pipelined_CpAsyncBulk" value_param="(4, 2, 1024, 2048, (&apos;nvfuser::Pipelined(index = 0)&apos; with value Pipelined), CpAsyncBulk)" file="/opt/pytorch/nvfuser/tests/cpp/test_circular_buffering.cpp" line="1314" status="run" result="completed" time="0.152" timestamp="2025-04-30T07:33:43.400" classname="Hopper/TmaCircularBufferingTest" />
    <testcase name="SingleDimUnroll/stage_4_prefetch_3_M_128_N_1024_PipelinedMBarrierForWAR_CpAsyncBulkTensorTile" value_param="(4, 3, 128, 1024, (&apos;nvfuser::Pipelined(index = 0)&apos; with value PipelinedMBarrierForWAR), CpAsyncBulkTensorTile)" file="/opt/pytorch/nvfuser/tests/cpp/test_circular_buffering.cpp" line="1314" status="run" result="completed" time="0.196" timestamp="2025-04-30T07:33:43.552" classname="Hopper/TmaCircularBufferingTest" />
    <testcase name="SingleDimUnroll/stage_4_prefetch_3_M_500_N_1024_WarpSpecializedOnTIDxRegisterSharing_64_168_CpAsyncBulk" value_param="(4, 3, 500, 1024, (&apos;nvfuser::WarpSpecialized(index = 1)&apos; with value WarpSpecializedOnTIDxRegisterSharing_64_168), CpAsyncBulk)" file="/opt/pytorch/nvfuser/tests/cpp/test_circular_buffering.cpp" line="1314" status="run" result="completed" time="0.163" timestamp="2025-04-30T07:33:43.749" classname="Hopper/TmaCircularBufferingTest" />
    <testcase name="SingleDimUnroll/stage_4_prefetch_3_M_500_N_2048_WarpSpecializedOnTIDxRegisterSharing_None_CpAsyncBulkTensorTile" value_param="(4, 3, 500, 2048, (&apos;nvfuser::WarpSpecialized(index = 1)&apos; with value WarpSpecializedOnTIDxRegisterSharing_None), CpAsyncBulkTensorTile)" file="/opt/pytorch/nvfuser/tests/cpp/test_circular_buffering.cpp" line="1314" status="run" result="completed" time="0.158" timestamp="2025-04-30T07:33:43.912" classname="Hopper/TmaCircularBufferingTest" />
    <testcase name="SingleDimUnroll/stage_4_prefetch_3_M_1024_N_2048_WarpSpecializedOnTIDyRegisterSharing_64_168_CpAsyncBulk" value_param="(4, 3, 1024, 2048, (&apos;nvfuser::WarpSpecialized(index = 1)&apos; with value WarpSpecializedOnTIDyRegisterSharing_64_168), CpAsyncBulk)" file="/opt/pytorch/nvfuser/tests/cpp/test_circular_buffering.cpp" line="1314" status="run" result="completed" time="0.167" timestamp="2025-04-30T07:33:44.070" classname="Hopper/TmaCircularBufferingTest" />
    <testcase name="SingleDimUnswitch/stage_2_prefetch_neg2_M_128_N_1024_PipelinedMBarrierForWAR_CpAsyncBulkTensorTile" value_param="(2, -2, 128, 1024, (&apos;nvfuser::Pipelined(index = 0)&apos; with value PipelinedMBarrierForWAR), CpAsyncBulkTensorTile)" file="/opt/pytorch/nvfuser/tests/cpp/test_circular_buffering.cpp" line="1380" status="run" result="completed" time="0.092" timestamp="2025-04-30T07:33:44.238" classname="Hopper/TmaCircularBufferingTest" />
    <testcase name="SingleDimUnswitch/stage_2_prefetch_neg2_M_500_N_1024_PipelinedMBarrierForWAR_CpAsyncBulk" value_param="(2, -2, 500, 1024, (&apos;nvfuser::Pipelined(index = 0)&apos; with value PipelinedMBarrierForWAR), CpAsyncBulk)" file="/opt/pytorch/nvfuser/tests/cpp/test_circular_buffering.cpp" line="1380" status="run" result="completed" time="0.092" timestamp="2025-04-30T07:33:44.331" classname="Hopper/TmaCircularBufferingTest" />
    <testcase name="SingleDimUnswitch/stage_2_prefetch_neg2_M_500_N_2048_WarpSpecializedOnTIDyRegisterSharing_64_168_CpAsyncBulkTensorTile" value_param="(2, -2, 500, 2048, (&apos;nvfuser::WarpSpecialized(index = 1)&apos; with value WarpSpecializedOnTIDyRegisterSharing_64_168), CpAsyncBulkTensorTile)" file="/opt/pytorch/nvfuser/tests/cpp/test_circular_buffering.cpp" line="1380" status="run" result="completed" time="0.115" timestamp="2025-04-30T07:33:44.423" classname="Hopper/TmaCircularBufferingTest" />
    <testcase name="SingleDimUnswitch/stage_2_prefetch_neg2_M_1024_N_2048_WarpSpecializedOnTIDyRegisterSharing_64_168_CpAsyncBulk" value_param="(2, -2, 1024, 2048, (&apos;nvfuser::WarpSpecialized(index = 1)&apos; with value WarpSpecializedOnTIDyRegisterSharing_64_168), CpAsyncBulk)" file="/opt/pytorch/nvfuser/tests/cpp/test_circular_buffering.cpp" line="1380" status="run" result="completed" time="0.115" timestamp="2025-04-30T07:33:44.538" classname="Hopper/TmaCircularBufferingTest" />
    <testcase name="SingleDimUnswitch/stage_2_prefetch_neg1_M_128_N_1024_WarpSpecializedOnTIDyRegisterSharing_None_CpAsyncBulkTensorTile" value_param="(2, -1, 128, 1024, (&apos;nvfuser::WarpSpecialized(index = 1)&apos; with value WarpSpecializedOnTIDyRegisterSharing_None), CpAsyncBulkTensorTile)" file="/opt/pytorch/nvfuser/tests/cpp/test_circular_buffering.cpp" line="1380" status="run" result="completed" time="0.097" timestamp="2025-04-30T07:33:44.654" classname="Hopper/TmaCircularBufferingTest" />
    <testcase name="SingleDimUnswitch/stage_2_prefetch_neg1_M_500_N_1024_WarpSpecializedOnTIDyRegisterSharing_None_CpAsyncBulk" value_param="(2, -1, 500, 1024, (&apos;nvfuser::WarpSpecialized(index = 1)&apos; with value WarpSpecializedOnTIDyRegisterSharing_None), CpAsyncBulk)" file="/opt/pytorch/nvfuser/tests/cpp/test_circular_buffering.cpp" line="1380" status="run" result="completed" time="0.097" timestamp="2025-04-30T07:33:44.752" classname="Hopper/TmaCircularBufferingTest" />
    <testcase name="SingleDimUnswitch/stage_2_prefetch_neg1_M_500_N_2048_WarpSpecializedOnTIDyRegisterSharing_64_168_CpAsyncBulkTensorTile" value_param="(2, -1, 500, 2048, (&apos;nvfuser::WarpSpecialized(index = 1)&apos; with value WarpSpecializedOnTIDyRegisterSharing_64_168), CpAsyncBulkTensorTile)" file="/opt/pytorch/nvfuser/tests/cpp/test_circular_buffering.cpp" line="1380" status="run" result="completed" time="0.099" timestamp="2025-04-30T07:33:44.849" classname="Hopper/TmaCircularBufferingTest" />
    <testcase name="SingleDimUnswitch/stage_2_prefetch_neg1_M_1024_N_2048_WarpSpecializedOnTIDyRegisterSharing_64_168_CpAsyncBulk" value_param="(2, -1, 1024, 2048, (&apos;nvfuser::WarpSpecialized(index = 1)&apos; with value WarpSpecializedOnTIDyRegisterSharing_64_168), CpAsyncBulk)" file="/opt/pytorch/nvfuser/tests/cpp/test_circular_buffering.cpp" line="1380" status="run" result="completed" time="0.1" timestamp="2025-04-30T07:33:44.949" classname="Hopper/TmaCircularBufferingTest" />
    <testcase name="SingleDimUnswitch/stage_2_prefetch_0_M_128_N_1024_WarpSpecializedOnTIDyRegisterSharing_None_CpAsyncBulkTensorTile" value_param="(2, 0, 128, 1024, (&apos;nvfuser::WarpSpecialized(index = 1)&apos; with value WarpSpecializedOnTIDyRegisterSharing_None), CpAsyncBulkTensorTile)" file="/opt/pytorch/nvfuser/tests/cpp/test_circular_buffering.cpp" line="1380" status="run" result="completed" time="0.111" timestamp="2025-04-30T07:33:45.050" classname="Hopper/TmaCircularBufferingTest" />
    <testcase name="SingleDimUnswitch/stage_2_prefetch_0_M_500_N_1024_Pipelined_CpAsyncBulk" value_param="(2, 0, 500, 1024, (&apos;nvfuser::Pipelined(index = 0)&apos; with value Pipelined), CpAsyncBulk)" file="/opt/pytorch/nvfuser/tests/cpp/test_circular_buffering.cpp" line="1380" status="run" result="completed" time="0.084" timestamp="2025-04-30T07:33:45.161" classname="Hopper/TmaCircularBufferingTest" />
    <testcase name="SingleDimUnswitch/stage_2_prefetch_0_M_500_N_2048_WarpSpecializedOnTIDyRegisterSharing_None_CpAsyncBulkTensorTile" value_param="(2, 0, 500, 2048, (&apos;nvfuser::WarpSpecialized(index = 1)&apos; with value WarpSpecializedOnTIDyRegisterSharing_None), CpAsyncBulkTensorTile)" file="/opt/pytorch/nvfuser/tests/cpp/test_circular_buffering.cpp" line="1380" status="run" result="completed" time="0.055" timestamp="2025-04-30T07:33:45.246" classname="Hopper/TmaCircularBufferingTest" />
    <testcase name="SingleDimUnswitch/stage_2_prefetch_0_M_1024_N_2048_Pipelined_CpAsyncBulk" value_param="(2, 0, 1024, 2048, (&apos;nvfuser::Pipelined(index = 0)&apos; with value Pipelined), CpAsyncBulk)" file="/opt/pytorch/nvfuser/tests/cpp/test_circular_buffering.cpp" line="1380" status="run" result="completed" time="0.05" timestamp="2025-04-30T07:33:45.301" classname="Hopper/TmaCircularBufferingTest" />
    <testcase name="SingleDimUnswitch/stage_2_prefetch_1_M_128_N_1024_WarpSpecializedOnTIDxRegisterSharing_64_168_CpAsyncBulkTensorTile" value_param="(2, 1, 128, 1024, (&apos;nvfuser::WarpSpecialized(index = 1)&apos; with value WarpSpecializedOnTIDxRegisterSharing_64_168), CpAsyncBulkTensorTile)" file="/opt/pytorch/nvfuser/tests/cpp/test_circular_buffering.cpp" line="1380" status="run" result="completed" time="0.097" timestamp="2025-04-30T07:33:45.352" classname="Hopper/TmaCircularBufferingTest" />
    <testcase name="SingleDimUnswitch/stage_2_prefetch_1_M_500_N_1024_WarpSpecializedOnTIDyRegisterSharing_64_168_CpAsyncBulk" value_param="(2, 1, 500, 1024, (&apos;nvfuser::WarpSpecialized(index = 1)&apos; with value WarpSpecializedOnTIDyRegisterSharing_64_168), CpAsyncBulk)" file="/opt/pytorch/nvfuser/tests/cpp/test_circular_buffering.cpp" line="1380" status="run" result="completed" time="0.1" timestamp="2025-04-30T07:33:45.449" classname="Hopper/TmaCircularBufferingTest" />
    <testcase name="SingleDimUnswitch/stage_2_prefetch_1_M_500_N_2048_WarpSpecializedOnTIDyRegisterSharing_64_168_CpAsyncBulkTensorTile" value_param="(2, 1, 500, 2048, (&apos;nvfuser::WarpSpecialized(index = 1)&apos; with value WarpSpecializedOnTIDyRegisterSharing_64_168), CpAsyncBulkTensorTile)" file="/opt/pytorch/nvfuser/tests/cpp/test_circular_buffering.cpp" line="1380" status="run" result="completed" time="0.101" timestamp="2025-04-30T07:33:45.549" classname="Hopper/TmaCircularBufferingTest" />
    <testcase name="SingleDimUnswitch/stage_2_prefetch_1_M_1024_N_2048_WarpSpecializedOnTIDyRegisterSharing_64_168_CpAsyncBulk" value_param="(2, 1, 1024, 2048, (&apos;nvfuser::WarpSpecialized(index = 1)&apos; with value WarpSpecializedOnTIDyRegisterSharing_64_168), CpAsyncBulk)" file="/opt/pytorch/nvfuser/tests/cpp/test_circular_buffering.cpp" line="1380" status="run" result="completed" time="0.055" timestamp="2025-04-30T07:33:45.651" classname="Hopper/TmaCircularBufferingTest" />
    <testcase name="SingleDimUnswitch/stage_4_prefetch_neg4_M_128_N_1024_PipelinedMBarrierForWAR_CpAsyncBulkTensorTile" value_param="(4, -4, 128, 1024, (&apos;nvfuser::Pipelined(index = 0)&apos; with value PipelinedMBarrierForWAR), CpAsyncBulkTensorTile)" file="/opt/pytorch/nvfuser/tests/cpp/test_circular_buffering.cpp" line="1380" status="run" result="completed" time="0.097" timestamp="2025-04-30T07:33:45.706" classname="Hopper/TmaCircularBufferingTest" />
    <testcase name="SingleDimUnswitch/stage_4_prefetch_neg4_M_500_N_1024_WarpSpecializedOnTIDxRegisterSharing_64_168_CpAsyncBulk" value_param="(4, -4, 500, 1024, (&apos;nvfuser::WarpSpecialized(index = 1)&apos; with value WarpSpecializedOnTIDxRegisterSharing_64_168), CpAsyncBulk)" file="/opt/pytorch/nvfuser/tests/cpp/test_circular_buffering.cpp" line="1380" status="run" result="completed" time="0.12" timestamp="2025-04-30T07:33:45.804" classname="Hopper/TmaCircularBufferingTest" />
    <testcase name="SingleDimUnswitch/stage_4_prefetch_neg4_M_500_N_2048_WarpSpecializedOnTIDxRegisterSharing_None_CpAsyncBulkTensorTile" value_param="(4, -4, 500, 2048, (&apos;nvfuser::WarpSpecialized(index = 1)&apos; with value WarpSpecializedOnTIDxRegisterSharing_None), CpAsyncBulkTensorTile)" file="/opt/pytorch/nvfuser/tests/cpp/test_circular_buffering.cpp" line="1380" status="run" result="completed" time="0.114" timestamp="2025-04-30T07:33:45.924" classname="Hopper/TmaCircularBufferingTest" />
    <testcase name="SingleDimUnswitch/stage_4_prefetch_neg4_M_1024_N_2048_WarpSpecializedOnTIDyRegisterSharing_64_168_CpAsyncBulk" value_param="(4, -4, 1024, 2048, (&apos;nvfuser::WarpSpecialized(index = 1)&apos; with value WarpSpecializedOnTIDyRegisterSharing_64_168), CpAsyncBulk)" file="/opt/pytorch/nvfuser/tests/cpp/test_circular_buffering.cpp" line="1380" status="run" result="completed" time="0.124" timestamp="2025-04-30T07:33:46.039" classname="Hopper/TmaCircularBufferingTest" />
    <testcase name="SingleDimUnswitch/stage_4_prefetch_neg3_M_128_N_1024_WarpSpecializedOnTIDxRegisterSharing_None_CpAsyncBulkTensorTile" value_param="(4, -3, 128, 1024, (&apos;nvfuser::WarpSpecialized(index = 1)&apos; with value WarpSpecializedOnTIDxRegisterSharing_None), CpAsyncBulkTensorTile)" file="/opt/pytorch/nvfuser/tests/cpp/test_circular_buffering.cpp" line="1380" status="run" result="completed" time="0.102" timestamp="2025-04-30T07:33:46.163" classname="Hopper/TmaCircularBufferingTest" />
    <testcase name="SingleDimUnswitch/stage_4_prefetch_neg3_M_500_N_1024_WarpSpecializedOnTIDyRegisterSharing_None_CpAsyncBulk" value_param="(4, -3, 500, 1024, (&apos;nvfuser::WarpSpecialized(index = 1)&apos; with value WarpSpecializedOnTIDyRegisterSharing_None), CpAsyncBulk)" file="/opt/pytorch/nvfuser/tests/cpp/test_circular_buffering.cpp" line="1380" status="run" result="completed" time="0.104" timestamp="2025-04-30T07:33:46.265" classname="Hopper/TmaCircularBufferingTest" />
    <testcase name="SingleDimUnswitch/stage_4_prefetch_neg3_M_500_N_2048_WarpSpecializedOnTIDxRegisterSharing_64_168_CpAsyncBulkTensorTile" value_param="(4, -3, 500, 2048, (&apos;nvfuser::WarpSpecialized(index = 1)&apos; with value WarpSpecializedOnTIDxRegisterSharing_64_168), CpAsyncBulkTensorTile)" file="/opt/pytorch/nvfuser/tests/cpp/test_circular_buffering.cpp" line="1380" status="run" result="completed" time="0.104" timestamp="2025-04-30T07:33:46.370" classname="Hopper/TmaCircularBufferingTest" />
    <testcase name="SingleDimUnswitch/stage_4_prefetch_neg3_M_1024_N_2048_WarpSpecializedOnTIDxRegisterSharing_None_CpAsyncBulk" value_param="(4, -3, 1024, 2048, (&apos;nvfuser::WarpSpecialized(index = 1)&apos; with value WarpSpecializedOnTIDxRegisterSharing_None), CpAsyncBulk)" file="/opt/pytorch/nvfuser/tests/cpp/test_circular_buffering.cpp" line="1380" status="run" result="completed" time="0.101" timestamp="2025-04-30T07:33:46.474" classname="Hopper/TmaCircularBufferingTest" />
    <testcase name="SingleDimUnswitch/stage_4_prefetch_neg2_M_128_N_1024_Pipelined_CpAsyncBulkTensorTile" value_param="(4, -2, 128, 1024, (&apos;nvfuser::Pipelined(index = 0)&apos; with value Pipelined), CpAsyncBulkTensorTile)" file="/opt/pytorch/nvfuser/tests/cpp/test_circular_buffering.cpp" line="1380" status="run" result="completed" time="0.133" timestamp="2025-04-30T07:33:46.576" classname="Hopper/TmaCircularBufferingTest" />
    <testcase name="SingleDimUnswitch/stage_4_prefetch_neg2_M_500_N_1024_Pipelined_CpAsyncBulk" value_param="(4, -2, 500, 1024, (&apos;nvfuser::Pipelined(index = 0)&apos; with value Pipelined), CpAsyncBulk)" file="/opt/pytorch/nvfuser/tests/cpp/test_circular_buffering.cpp" line="1380" status="run" result="completed" time="0.135" timestamp="2025-04-30T07:33:46.710" classname="Hopper/TmaCircularBufferingTest" />
    <testcase name="SingleDimUnswitch/stage_4_prefetch_neg2_M_500_N_2048_WarpSpecializedOnTIDyRegisterSharing_None_CpAsyncBulkTensorTile" value_param="(4, -2, 500, 2048, (&apos;nvfuser::WarpSpecialized(index = 1)&apos; with value WarpSpecializedOnTIDyRegisterSharing_None), CpAsyncBulkTensorTile)" file="/opt/pytorch/nvfuser/tests/cpp/test_circular_buffering.cpp" line="1380" status="run" result="completed" time="0.128" timestamp="2025-04-30T07:33:46.845" classname="Hopper/TmaCircularBufferingTest" />
    <testcase name="SingleDimUnswitch/stage_4_prefetch_neg2_M_1024_N_2048_Pipelined_CpAsyncBulk" value_param="(4, -2, 1024, 2048, (&apos;nvfuser::Pipelined(index = 0)&apos; with value Pipelined), CpAsyncBulk)" file="/opt/pytorch/nvfuser/tests/cpp/test_circular_buffering.cpp" line="1380" status="run" result="completed" time="0.057" timestamp="2025-04-30T07:33:46.974" classname="Hopper/TmaCircularBufferingTest" />
    <testcase name="SingleDimUnswitch/stage_4_prefetch_neg1_M_128_N_1024_Pipelined_CpAsyncBulkTensorTile" value_param="(4, -1, 128, 1024, (&apos;nvfuser::Pipelined(index = 0)&apos; with value Pipelined), CpAsyncBulkTensorTile)" file="/opt/pytorch/nvfuser/tests/cpp/test_circular_buffering.cpp" line="1380" status="run" result="completed" time="0.151" timestamp="2025-04-30T07:33:47.032" classname="Hopper/TmaCircularBufferingTest" />
    <testcase name="SingleDimUnswitch/stage_4_prefetch_neg1_M_500_N_1024_WarpSpecializedOnTIDyRegisterSharing_None_CpAsyncBulk" value_param="(4, -1, 500, 1024, (&apos;nvfuser::WarpSpecialized(index = 1)&apos; with value WarpSpecializedOnTIDyRegisterSharing_None), CpAsyncBulk)" file="/opt/pytorch/nvfuser/tests/cpp/test_circular_buffering.cpp" line="1380" status="run" result="completed" time="0.142" timestamp="2025-04-30T07:33:47.183" classname="Hopper/TmaCircularBufferingTest" />
    <testcase name="SingleDimUnswitch/stage_4_prefetch_neg1_M_500_N_2048_WarpSpecializedOnTIDyRegisterSharing_64_168_CpAsyncBulkTensorTile" value_param="(4, -1, 500, 2048, (&apos;nvfuser::WarpSpecialized(index = 1)&apos; with value WarpSpecializedOnTIDyRegisterSharing_64_168), CpAsyncBulkTensorTile)" file="/opt/pytorch/nvfuser/tests/cpp/test_circular_buffering.cpp" line="1380" status="run" result="completed" time="0.146" timestamp="2025-04-30T07:33:47.326" classname="Hopper/TmaCircularBufferingTest" />
    <testcase name="SingleDimUnswitch/stage_4_prefetch_neg1_M_1024_N_2048_WarpSpecializedOnTIDxRegisterSharing_64_168_CpAsyncBulk" value_param="(4, -1, 1024, 2048, (&apos;nvfuser::WarpSpecialized(index = 1)&apos; with value WarpSpecializedOnTIDxRegisterSharing_64_168), CpAsyncBulk)" file="/opt/pytorch/nvfuser/tests/cpp/test_circular_buffering.cpp" line="1380" status="run" result="completed" time="0.143" timestamp="2025-04-30T07:33:47.472" classname="Hopper/TmaCircularBufferingTest" />
    <testcase name="SingleDimUnswitch/stage_4_prefetch_0_M_128_N_1024_PipelinedMBarrierForWAR_CpAsyncBulkTensorTile" value_param="(4, 0, 128, 1024, (&apos;nvfuser::Pipelined(index = 0)&apos; with value PipelinedMBarrierForWAR), CpAsyncBulkTensorTile)" file="/opt/pytorch/nvfuser/tests/cpp/test_circular_buffering.cpp" line="1380" status="run" result="completed" time="0.098" timestamp="2025-04-30T07:33:47.616" classname="Hopper/TmaCircularBufferingTest" />
    <testcase name="SingleDimUnswitch/stage_4_prefetch_0_M_500_N_1024_WarpSpecializedOnTIDyRegisterSharing_64_168_CpAsyncBulk" value_param="(4, 0, 500, 1024, (&apos;nvfuser::WarpSpecialized(index = 1)&apos; with value WarpSpecializedOnTIDyRegisterSharing_64_168), CpAsyncBulk)" file="/opt/pytorch/nvfuser/tests/cpp/test_circular_buffering.cpp" line="1380" status="run" result="completed" time="0.123" timestamp="2025-04-30T07:33:47.714" classname="Hopper/TmaCircularBufferingTest" />
    <testcase name="SingleDimUnswitch/stage_4_prefetch_0_M_500_N_2048_WarpSpecializedOnTIDyRegisterSharing_None_CpAsyncBulkTensorTile" value_param="(4, 0, 500, 2048, (&apos;nvfuser::WarpSpecialized(index = 1)&apos; with value WarpSpecializedOnTIDyRegisterSharing_None), CpAsyncBulkTensorTile)" file="/opt/pytorch/nvfuser/tests/cpp/test_circular_buffering.cpp" line="1380" status="run" result="completed" time="0.119" timestamp="2025-04-30T07:33:47.838" classname="Hopper/TmaCircularBufferingTest" />
    <testcase name="SingleDimUnswitch/stage_4_prefetch_0_M_1024_N_2048_WarpSpecializedOnTIDxRegisterSharing_64_168_CpAsyncBulk" value_param="(4, 0, 1024, 2048, (&apos;nvfuser::WarpSpecialized(index = 1)&apos; with value WarpSpecializedOnTIDxRegisterSharing_64_168), CpAsyncBulk)" file="/opt/pytorch/nvfuser/tests/cpp/test_circular_buffering.cpp" line="1380" status="run" result="completed" time="0.12" timestamp="2025-04-30T07:33:47.957" classname="Hopper/TmaCircularBufferingTest" />
    <testcase name="SingleDimUnswitch/stage_4_prefetch_1_M_128_N_1024_WarpSpecializedOnTIDxRegisterSharing_64_168_CpAsyncBulkTensorTile" value_param="(4, 1, 128, 1024, (&apos;nvfuser::WarpSpecialized(index = 1)&apos; with value WarpSpecializedOnTIDxRegisterSharing_64_168), CpAsyncBulkTensorTile)" file="/opt/pytorch/nvfuser/tests/cpp/test_circular_buffering.cpp" line="1380" status="run" result="completed" time="0.104" timestamp="2025-04-30T07:33:48.078" classname="Hopper/TmaCircularBufferingTest" />
    <testcase name="SingleDimUnswitch/stage_4_prefetch_1_M_500_N_1024_PipelinedMBarrierForWAR_CpAsyncBulk" value_param="(4, 1, 500, 1024, (&apos;nvfuser::Pipelined(index = 0)&apos; with value PipelinedMBarrierForWAR), CpAsyncBulk)" file="/opt/pytorch/nvfuser/tests/cpp/test_circular_buffering.cpp" line="1380" status="run" result="completed" time="0.12" timestamp="2025-04-30T07:33:48.182" classname="Hopper/TmaCircularBufferingTest" />
    <testcase name="SingleDimUnswitch/stage_4_prefetch_1_M_500_N_2048_WarpSpecializedOnTIDyRegisterSharing_None_CpAsyncBulkTensorTile" value_param="(4, 1, 500, 2048, (&apos;nvfuser::WarpSpecialized(index = 1)&apos; with value WarpSpecializedOnTIDyRegisterSharing_None), CpAsyncBulkTensorTile)" file="/opt/pytorch/nvfuser/tests/cpp/test_circular_buffering.cpp" line="1380" status="run" result="completed" time="0.105" timestamp="2025-04-30T07:33:48.303" classname="Hopper/TmaCircularBufferingTest" />
    <testcase name="SingleDimUnswitch/stage_4_prefetch_1_M_1024_N_2048_WarpSpecializedOnTIDyRegisterSharing_64_168_CpAsyncBulk" value_param="(4, 1, 1024, 2048, (&apos;nvfuser::WarpSpecialized(index = 1)&apos; with value WarpSpecializedOnTIDyRegisterSharing_64_168), CpAsyncBulk)" file="/opt/pytorch/nvfuser/tests/cpp/test_circular_buffering.cpp" line="1380" status="run" result="completed" time="0.107" timestamp="2025-04-30T07:33:48.408" classname="Hopper/TmaCircularBufferingTest" />
    <testcase name="SingleDimUnswitch/stage_4_prefetch_2_M_128_N_1024_WarpSpecializedOnTIDxRegisterSharing_64_168_CpAsyncBulkTensorTile" value_param="(4, 2, 128, 1024, (&apos;nvfuser::WarpSpecialized(index = 1)&apos; with value WarpSpecializedOnTIDxRegisterSharing_64_168), CpAsyncBulkTensorTile)" file="/opt/pytorch/nvfuser/tests/cpp/test_circular_buffering.cpp" line="1380" status="run" result="completed" time="0.13" timestamp="2025-04-30T07:33:48.516" classname="Hopper/TmaCircularBufferingTest" />
    <testcase name="SingleDimUnswitch/stage_4_prefetch_2_M_500_N_1024_WarpSpecializedOnTIDyRegisterSharing_64_168_CpAsyncBulk" value_param="(4, 2, 500, 1024, (&apos;nvfuser::WarpSpecialized(index = 1)&apos; with value WarpSpecializedOnTIDyRegisterSharing_64_168), CpAsyncBulk)" file="/opt/pytorch/nvfuser/tests/cpp/test_circular_buffering.cpp" line="1380" status="run" result="completed" time="0.133" timestamp="2025-04-30T07:33:48.646" classname="Hopper/TmaCircularBufferingTest" />
    <testcase name="SingleDimUnswitch/stage_4_prefetch_2_M_500_N_2048_WarpSpecializedOnTIDyRegisterSharing_64_168_CpAsyncBulkTensorTile" value_param="(4, 2, 500, 2048, (&apos;nvfuser::WarpSpecialized(index = 1)&apos; with value WarpSpecializedOnTIDyRegisterSharing_64_168), CpAsyncBulkTensorTile)" file="/opt/pytorch/nvfuser/tests/cpp/test_circular_buffering.cpp" line="1380" status="run" result="completed" time="0.132" timestamp="2025-04-30T07:33:48.780" classname="Hopper/TmaCircularBufferingTest" />
    <testcase name="SingleDimUnswitch/stage_4_prefetch_2_M_1024_N_2048_Pipelined_CpAsyncBulk" value_param="(4, 2, 1024, 2048, (&apos;nvfuser::Pipelined(index = 0)&apos; with value Pipelined), CpAsyncBulk)" file="/opt/pytorch/nvfuser/tests/cpp/test_circular_buffering.cpp" line="1380" status="run" result="completed" time="0.135" timestamp="2025-04-30T07:33:48.912" classname="Hopper/TmaCircularBufferingTest" />
    <testcase name="SingleDimUnswitch/stage_4_prefetch_3_M_128_N_1024_PipelinedMBarrierForWAR_CpAsyncBulkTensorTile" value_param="(4, 3, 128, 1024, (&apos;nvfuser::Pipelined(index = 0)&apos; with value PipelinedMBarrierForWAR), CpAsyncBulkTensorTile)" file="/opt/pytorch/nvfuser/tests/cpp/test_circular_buffering.cpp" line="1380" status="run" result="completed" time="0.17" timestamp="2025-04-30T07:33:49.048" classname="Hopper/TmaCircularBufferingTest" />
    <testcase name="SingleDimUnswitch/stage_4_prefetch_3_M_500_N_1024_WarpSpecializedOnTIDxRegisterSharing_64_168_CpAsyncBulk" value_param="(4, 3, 500, 1024, (&apos;nvfuser::WarpSpecialized(index = 1)&apos; with value WarpSpecializedOnTIDxRegisterSharing_64_168), CpAsyncBulk)" file="/opt/pytorch/nvfuser/tests/cpp/test_circular_buffering.cpp" line="1380" status="run" result="completed" time="0.144" timestamp="2025-04-30T07:33:49.219" classname="Hopper/TmaCircularBufferingTest" />
    <testcase name="SingleDimUnswitch/stage_4_prefetch_3_M_500_N_2048_WarpSpecializedOnTIDxRegisterSharing_None_CpAsyncBulkTensorTile" value_param="(4, 3, 500, 2048, (&apos;nvfuser::WarpSpecialized(index = 1)&apos; with value WarpSpecializedOnTIDxRegisterSharing_None), CpAsyncBulkTensorTile)" file="/opt/pytorch/nvfuser/tests/cpp/test_circular_buffering.cpp" line="1380" status="run" result="completed" time="0.137" timestamp="2025-04-30T07:33:49.364" classname="Hopper/TmaCircularBufferingTest" />
    <testcase name="SingleDimUnswitch/stage_4_prefetch_3_M_1024_N_2048_WarpSpecializedOnTIDyRegisterSharing_64_168_CpAsyncBulk" value_param="(4, 3, 1024, 2048, (&apos;nvfuser::WarpSpecialized(index = 1)&apos; with value WarpSpecializedOnTIDyRegisterSharing_64_168), CpAsyncBulk)" file="/opt/pytorch/nvfuser/tests/cpp/test_circular_buffering.cpp" line="1380" status="run" result="completed" time="0.146" timestamp="2025-04-30T07:33:49.501" classname="Hopper/TmaCircularBufferingTest" />
    <testcase name="MultiDim/stage_2_prefetch_neg2_M_128_N_1024_PipelinedMBarrierForWAR_CpAsyncBulkTensorTile" value_param="(2, -2, 128, 1024, (&apos;nvfuser::Pipelined(index = 0)&apos; with value PipelinedMBarrierForWAR), CpAsyncBulkTensorTile)" file="/opt/pytorch/nvfuser/tests/cpp/test_circular_buffering.cpp" line="1446" status="run" result="completed" time="0.094" timestamp="2025-04-30T07:33:49.648" classname="Hopper/TmaCircularBufferingTest" />
    <testcase name="MultiDim/stage_2_prefetch_neg2_M_500_N_1024_PipelinedMBarrierForWAR_CpAsyncBulk" value_param="(2, -2, 500, 1024, (&apos;nvfuser::Pipelined(index = 0)&apos; with value PipelinedMBarrierForWAR), CpAsyncBulk)" file="/opt/pytorch/nvfuser/tests/cpp/test_circular_buffering.cpp" line="1446" status="run" result="skipped" time="0." timestamp="2025-04-30T07:33:49.742" classname="Hopper/TmaCircularBufferingTest">
      <skipped message="/opt/pytorch/nvfuser/tests/cpp/test_circular_buffering.cpp:1449&#x0A;LoadStoreOpType::CpAsyncBulk only supports 1D TMA&#x0A;"><![CDATA[/opt/pytorch/nvfuser/tests/cpp/test_circular_buffering.cpp:1449
LoadStoreOpType::CpAsyncBulk only supports 1D TMA
]]></skipped>
    </testcase>
    <testcase name="MultiDim/stage_2_prefetch_neg2_M_500_N_2048_WarpSpecializedOnTIDyRegisterSharing_64_168_CpAsyncBulkTensorTile" value_param="(2, -2, 500, 2048, (&apos;nvfuser::WarpSpecialized(index = 1)&apos; with value WarpSpecializedOnTIDyRegisterSharing_64_168), CpAsyncBulkTensorTile)" file="/opt/pytorch/nvfuser/tests/cpp/test_circular_buffering.cpp" line="1446" status="run" result="completed" time="0.114" timestamp="2025-04-30T07:33:49.742" classname="Hopper/TmaCircularBufferingTest" />
    <testcase name="MultiDim/stage_2_prefetch_neg2_M_1024_N_2048_WarpSpecializedOnTIDyRegisterSharing_64_168_CpAsyncBulk" value_param="(2, -2, 1024, 2048, (&apos;nvfuser::WarpSpecialized(index = 1)&apos; with value WarpSpecializedOnTIDyRegisterSharing_64_168), CpAsyncBulk)" file="/opt/pytorch/nvfuser/tests/cpp/test_circular_buffering.cpp" line="1446" status="run" result="skipped" time="0." timestamp="2025-04-30T07:33:49.857" classname="Hopper/TmaCircularBufferingTest">
      <skipped message="/opt/pytorch/nvfuser/tests/cpp/test_circular_buffering.cpp:1449&#x0A;LoadStoreOpType::CpAsyncBulk only supports 1D TMA&#x0A;"><![CDATA[/opt/pytorch/nvfuser/tests/cpp/test_circular_buffering.cpp:1449
LoadStoreOpType::CpAsyncBulk only supports 1D TMA
]]></skipped>
    </testcase>
    <testcase name="MultiDim/stage_2_prefetch_neg1_M_128_N_1024_WarpSpecializedOnTIDyRegisterSharing_None_CpAsyncBulkTensorTile" value_param="(2, -1, 128, 1024, (&apos;nvfuser::WarpSpecialized(index = 1)&apos; with value WarpSpecializedOnTIDyRegisterSharing_None), CpAsyncBulkTensorTile)" file="/opt/pytorch/nvfuser/tests/cpp/test_circular_buffering.cpp" line="1446" status="run" result="completed" time="0.1" timestamp="2025-04-30T07:33:49.857" classname="Hopper/TmaCircularBufferingTest" />
    <testcase name="MultiDim/stage_2_prefetch_neg1_M_500_N_1024_WarpSpecializedOnTIDyRegisterSharing_None_CpAsyncBulk" value_param="(2, -1, 500, 1024, (&apos;nvfuser::WarpSpecialized(index = 1)&apos; with value WarpSpecializedOnTIDyRegisterSharing_None), CpAsyncBulk)" file="/opt/pytorch/nvfuser/tests/cpp/test_circular_buffering.cpp" line="1446" status="run" result="skipped" time="0." timestamp="2025-04-30T07:33:49.957" classname="Hopper/TmaCircularBufferingTest">
      <skipped message="/opt/pytorch/nvfuser/tests/cpp/test_circular_buffering.cpp:1449&#x0A;LoadStoreOpType::CpAsyncBulk only supports 1D TMA&#x0A;"><![CDATA[/opt/pytorch/nvfuser/tests/cpp/test_circular_buffering.cpp:1449
LoadStoreOpType::CpAsyncBulk only supports 1D TMA
]]></skipped>
    </testcase>
    <testcase name="MultiDim/stage_2_prefetch_neg1_M_500_N_2048_WarpSpecializedOnTIDyRegisterSharing_64_168_CpAsyncBulkTensorTile" value_param="(2, -1, 500, 2048, (&apos;nvfuser::WarpSpecialized(index = 1)&apos; with value WarpSpecializedOnTIDyRegisterSharing_64_168), CpAsyncBulkTensorTile)" file="/opt/pytorch/nvfuser/tests/cpp/test_circular_buffering.cpp" line="1446" status="run" result="completed" time="0.103" timestamp="2025-04-30T07:33:49.957" classname="Hopper/TmaCircularBufferingTest" />
    <testcase name="MultiDim/stage_2_prefetch_neg1_M_1024_N_2048_WarpSpecializedOnTIDyRegisterSharing_64_168_CpAsyncBulk" value_param="(2, -1, 1024, 2048, (&apos;nvfuser::WarpSpecialized(index = 1)&apos; with value WarpSpecializedOnTIDyRegisterSharing_64_168), CpAsyncBulk)" file="/opt/pytorch/nvfuser/tests/cpp/test_circular_buffering.cpp" line="1446" status="run" result="skipped" time="0." timestamp="2025-04-30T07:33:50.061" classname="Hopper/TmaCircularBufferingTest">
      <skipped message="/opt/pytorch/nvfuser/tests/cpp/test_circular_buffering.cpp:1449&#x0A;LoadStoreOpType::CpAsyncBulk only supports 1D TMA&#x0A;"><![CDATA[/opt/pytorch/nvfuser/tests/cpp/test_circular_buffering.cpp:1449
LoadStoreOpType::CpAsyncBulk only supports 1D TMA
]]></skipped>
    </testcase>
    <testcase name="MultiDim/stage_2_prefetch_0_M_128_N_1024_WarpSpecializedOnTIDyRegisterSharing_None_CpAsyncBulkTensorTile" value_param="(2, 0, 128, 1024, (&apos;nvfuser::WarpSpecialized(index = 1)&apos; with value WarpSpecializedOnTIDyRegisterSharing_None), CpAsyncBulkTensorTile)" file="/opt/pytorch/nvfuser/tests/cpp/test_circular_buffering.cpp" line="1446" status="run" result="completed" time="0.108" timestamp="2025-04-30T07:33:50.061" classname="Hopper/TmaCircularBufferingTest" />
    <testcase name="MultiDim/stage_2_prefetch_0_M_500_N_1024_Pipelined_CpAsyncBulk" value_param="(2, 0, 500, 1024, (&apos;nvfuser::Pipelined(index = 0)&apos; with value Pipelined), CpAsyncBulk)" file="/opt/pytorch/nvfuser/tests/cpp/test_circular_buffering.cpp" line="1446" status="run" result="skipped" time="0." timestamp="2025-04-30T07:33:50.169" classname="Hopper/TmaCircularBufferingTest">
      <skipped message="/opt/pytorch/nvfuser/tests/cpp/test_circular_buffering.cpp:1449&#x0A;LoadStoreOpType::CpAsyncBulk only supports 1D TMA&#x0A;"><![CDATA[/opt/pytorch/nvfuser/tests/cpp/test_circular_buffering.cpp:1449
LoadStoreOpType::CpAsyncBulk only supports 1D TMA
]]></skipped>
    </testcase>
    <testcase name="MultiDim/stage_2_prefetch_0_M_500_N_2048_WarpSpecializedOnTIDyRegisterSharing_None_CpAsyncBulkTensorTile" value_param="(2, 0, 500, 2048, (&apos;nvfuser::WarpSpecialized(index = 1)&apos; with value WarpSpecializedOnTIDyRegisterSharing_None), CpAsyncBulkTensorTile)" file="/opt/pytorch/nvfuser/tests/cpp/test_circular_buffering.cpp" line="1446" status="run" result="completed" time="0.058" timestamp="2025-04-30T07:33:50.169" classname="Hopper/TmaCircularBufferingTest" />
    <testcase name="MultiDim/stage_2_prefetch_0_M_1024_N_2048_Pipelined_CpAsyncBulk" value_param="(2, 0, 1024, 2048, (&apos;nvfuser::Pipelined(index = 0)&apos; with value Pipelined), CpAsyncBulk)" file="/opt/pytorch/nvfuser/tests/cpp/test_circular_buffering.cpp" line="1446" status="run" result="skipped" time="0." timestamp="2025-04-30T07:33:50.228" classname="Hopper/TmaCircularBufferingTest">
      <skipped message="/opt/pytorch/nvfuser/tests/cpp/test_circular_buffering.cpp:1449&#x0A;LoadStoreOpType::CpAsyncBulk only supports 1D TMA&#x0A;"><![CDATA[/opt/pytorch/nvfuser/tests/cpp/test_circular_buffering.cpp:1449
LoadStoreOpType::CpAsyncBulk only supports 1D TMA
]]></skipped>
    </testcase>
    <testcase name="MultiDim/stage_2_prefetch_1_M_128_N_1024_WarpSpecializedOnTIDxRegisterSharing_64_168_CpAsyncBulkTensorTile" value_param="(2, 1, 128, 1024, (&apos;nvfuser::WarpSpecialized(index = 1)&apos; with value WarpSpecializedOnTIDxRegisterSharing_64_168), CpAsyncBulkTensorTile)" file="/opt/pytorch/nvfuser/tests/cpp/test_circular_buffering.cpp" line="1446" status="run" result="completed" time="0.099" timestamp="2025-04-30T07:33:50.228" classname="Hopper/TmaCircularBufferingTest" />
    <testcase name="MultiDim/stage_2_prefetch_1_M_500_N_1024_WarpSpecializedOnTIDyRegisterSharing_64_168_CpAsyncBulk" value_param="(2, 1, 500, 1024, (&apos;nvfuser::WarpSpecialized(index = 1)&apos; with value WarpSpecializedOnTIDyRegisterSharing_64_168), CpAsyncBulk)" file="/opt/pytorch/nvfuser/tests/cpp/test_circular_buffering.cpp" line="1446" status="run" result="skipped" time="0." timestamp="2025-04-30T07:33:50.328" classname="Hopper/TmaCircularBufferingTest">
      <skipped message="/opt/pytorch/nvfuser/tests/cpp/test_circular_buffering.cpp:1449&#x0A;LoadStoreOpType::CpAsyncBulk only supports 1D TMA&#x0A;"><![CDATA[/opt/pytorch/nvfuser/tests/cpp/test_circular_buffering.cpp:1449
LoadStoreOpType::CpAsyncBulk only supports 1D TMA
]]></skipped>
    </testcase>
    <testcase name="MultiDim/stage_2_prefetch_1_M_500_N_2048_WarpSpecializedOnTIDyRegisterSharing_64_168_CpAsyncBulkTensorTile" value_param="(2, 1, 500, 2048, (&apos;nvfuser::WarpSpecialized(index = 1)&apos; with value WarpSpecializedOnTIDyRegisterSharing_64_168), CpAsyncBulkTensorTile)" file="/opt/pytorch/nvfuser/tests/cpp/test_circular_buffering.cpp" line="1446" status="run" result="completed" time="0.103" timestamp="2025-04-30T07:33:50.328" classname="Hopper/TmaCircularBufferingTest" />
    <testcase name="MultiDim/stage_2_prefetch_1_M_1024_N_2048_WarpSpecializedOnTIDyRegisterSharing_64_168_CpAsyncBulk" value_param="(2, 1, 1024, 2048, (&apos;nvfuser::WarpSpecialized(index = 1)&apos; with value WarpSpecializedOnTIDyRegisterSharing_64_168), CpAsyncBulk)" file="/opt/pytorch/nvfuser/tests/cpp/test_circular_buffering.cpp" line="1446" status="run" result="skipped" time="0." timestamp="2025-04-30T07:33:50.431" classname="Hopper/TmaCircularBufferingTest">
      <skipped message="/opt/pytorch/nvfuser/tests/cpp/test_circular_buffering.cpp:1449&#x0A;LoadStoreOpType::CpAsyncBulk only supports 1D TMA&#x0A;"><![CDATA[/opt/pytorch/nvfuser/tests/cpp/test_circular_buffering.cpp:1449
LoadStoreOpType::CpAsyncBulk only supports 1D TMA
]]></skipped>
    </testcase>
    <testcase name="MultiDim/stage_4_prefetch_neg4_M_128_N_1024_PipelinedMBarrierForWAR_CpAsyncBulkTensorTile" value_param="(4, -4, 128, 1024, (&apos;nvfuser::Pipelined(index = 0)&apos; with value PipelinedMBarrierForWAR), CpAsyncBulkTensorTile)" file="/opt/pytorch/nvfuser/tests/cpp/test_circular_buffering.cpp" line="1446" status="run" result="completed" time="0.1" timestamp="2025-04-30T07:33:50.431" classname="Hopper/TmaCircularBufferingTest" />
    <testcase name="MultiDim/stage_4_prefetch_neg4_M_500_N_1024_WarpSpecializedOnTIDxRegisterSharing_64_168_CpAsyncBulk" value_param="(4, -4, 500, 1024, (&apos;nvfuser::WarpSpecialized(index = 1)&apos; with value WarpSpecializedOnTIDxRegisterSharing_64_168), CpAsyncBulk)" file="/opt/pytorch/nvfuser/tests/cpp/test_circular_buffering.cpp" line="1446" status="run" result="skipped" time="0." timestamp="2025-04-30T07:33:50.532" classname="Hopper/TmaCircularBufferingTest">
      <skipped message="/opt/pytorch/nvfuser/tests/cpp/test_circular_buffering.cpp:1449&#x0A;LoadStoreOpType::CpAsyncBulk only supports 1D TMA&#x0A;"><![CDATA[/opt/pytorch/nvfuser/tests/cpp/test_circular_buffering.cpp:1449
LoadStoreOpType::CpAsyncBulk only supports 1D TMA
]]></skipped>
    </testcase>
    <testcase name="MultiDim/stage_4_prefetch_neg4_M_500_N_2048_WarpSpecializedOnTIDxRegisterSharing_None_CpAsyncBulkTensorTile" value_param="(4, -4, 500, 2048, (&apos;nvfuser::WarpSpecialized(index = 1)&apos; with value WarpSpecializedOnTIDxRegisterSharing_None), CpAsyncBulkTensorTile)" file="/opt/pytorch/nvfuser/tests/cpp/test_circular_buffering.cpp" line="1446" status="run" result="completed" time="0.113" timestamp="2025-04-30T07:33:50.532" classname="Hopper/TmaCircularBufferingTest" />
    <testcase name="MultiDim/stage_4_prefetch_neg4_M_1024_N_2048_WarpSpecializedOnTIDyRegisterSharing_64_168_CpAsyncBulk" value_param="(4, -4, 1024, 2048, (&apos;nvfuser::WarpSpecialized(index = 1)&apos; with value WarpSpecializedOnTIDyRegisterSharing_64_168), CpAsyncBulk)" file="/opt/pytorch/nvfuser/tests/cpp/test_circular_buffering.cpp" line="1446" status="run" result="skipped" time="0." timestamp="2025-04-30T07:33:50.646" classname="Hopper/TmaCircularBufferingTest">
      <skipped message="/opt/pytorch/nvfuser/tests/cpp/test_circular_buffering.cpp:1449&#x0A;LoadStoreOpType::CpAsyncBulk only supports 1D TMA&#x0A;"><![CDATA[/opt/pytorch/nvfuser/tests/cpp/test_circular_buffering.cpp:1449
LoadStoreOpType::CpAsyncBulk only supports 1D TMA
]]></skipped>
    </testcase>
    <testcase name="MultiDim/stage_4_prefetch_neg3_M_128_N_1024_WarpSpecializedOnTIDxRegisterSharing_None_CpAsyncBulkTensorTile" value_param="(4, -3, 128, 1024, (&apos;nvfuser::WarpSpecialized(index = 1)&apos; with value WarpSpecializedOnTIDxRegisterSharing_None), CpAsyncBulkTensorTile)" file="/opt/pytorch/nvfuser/tests/cpp/test_circular_buffering.cpp" line="1446" status="run" result="completed" time="0.104" timestamp="2025-04-30T07:33:50.646" classname="Hopper/TmaCircularBufferingTest" />
    <testcase name="MultiDim/stage_4_prefetch_neg3_M_500_N_1024_WarpSpecializedOnTIDyRegisterSharing_None_CpAsyncBulk" value_param="(4, -3, 500, 1024, (&apos;nvfuser::WarpSpecialized(index = 1)&apos; with value WarpSpecializedOnTIDyRegisterSharing_None), CpAsyncBulk)" file="/opt/pytorch/nvfuser/tests/cpp/test_circular_buffering.cpp" line="1446" status="run" result="skipped" time="0." timestamp="2025-04-30T07:33:50.750" classname="Hopper/TmaCircularBufferingTest">
      <skipped message="/opt/pytorch/nvfuser/tests/cpp/test_circular_buffering.cpp:1449&#x0A;LoadStoreOpType::CpAsyncBulk only supports 1D TMA&#x0A;"><![CDATA[/opt/pytorch/nvfuser/tests/cpp/test_circular_buffering.cpp:1449
LoadStoreOpType::CpAsyncBulk only supports 1D TMA
]]></skipped>
    </testcase>
    <testcase name="MultiDim/stage_4_prefetch_neg3_M_500_N_2048_WarpSpecializedOnTIDxRegisterSharing_64_168_CpAsyncBulkTensorTile" value_param="(4, -3, 500, 2048, (&apos;nvfuser::WarpSpecialized(index = 1)&apos; with value WarpSpecializedOnTIDxRegisterSharing_64_168), CpAsyncBulkTensorTile)" file="/opt/pytorch/nvfuser/tests/cpp/test_circular_buffering.cpp" line="1446" status="run" result="completed" time="0.107" timestamp="2025-04-30T07:33:50.750" classname="Hopper/TmaCircularBufferingTest" />
    <testcase name="MultiDim/stage_4_prefetch_neg3_M_1024_N_2048_WarpSpecializedOnTIDxRegisterSharing_None_CpAsyncBulk" value_param="(4, -3, 1024, 2048, (&apos;nvfuser::WarpSpecialized(index = 1)&apos; with value WarpSpecializedOnTIDxRegisterSharing_None), CpAsyncBulk)" file="/opt/pytorch/nvfuser/tests/cpp/test_circular_buffering.cpp" line="1446" status="run" result="skipped" time="0." timestamp="2025-04-30T07:33:50.858" classname="Hopper/TmaCircularBufferingTest">
      <skipped message="/opt/pytorch/nvfuser/tests/cpp/test_circular_buffering.cpp:1449&#x0A;LoadStoreOpType::CpAsyncBulk only supports 1D TMA&#x0A;"><![CDATA[/opt/pytorch/nvfuser/tests/cpp/test_circular_buffering.cpp:1449
LoadStoreOpType::CpAsyncBulk only supports 1D TMA
]]></skipped>
    </testcase>
    <testcase name="MultiDim/stage_4_prefetch_neg2_M_128_N_1024_Pipelined_CpAsyncBulkTensorTile" value_param="(4, -2, 128, 1024, (&apos;nvfuser::Pipelined(index = 0)&apos; with value Pipelined), CpAsyncBulkTensorTile)" file="/opt/pytorch/nvfuser/tests/cpp/test_circular_buffering.cpp" line="1446" status="run" result="completed" time="0.13" timestamp="2025-04-30T07:33:50.858" classname="Hopper/TmaCircularBufferingTest" />
    <testcase name="MultiDim/stage_4_prefetch_neg2_M_500_N_1024_Pipelined_CpAsyncBulk" value_param="(4, -2, 500, 1024, (&apos;nvfuser::Pipelined(index = 0)&apos; with value Pipelined), CpAsyncBulk)" file="/opt/pytorch/nvfuser/tests/cpp/test_circular_buffering.cpp" line="1446" status="run" result="skipped" time="0." timestamp="2025-04-30T07:33:50.988" classname="Hopper/TmaCircularBufferingTest">
      <skipped message="/opt/pytorch/nvfuser/tests/cpp/test_circular_buffering.cpp:1449&#x0A;LoadStoreOpType::CpAsyncBulk only supports 1D TMA&#x0A;"><![CDATA[/opt/pytorch/nvfuser/tests/cpp/test_circular_buffering.cpp:1449
LoadStoreOpType::CpAsyncBulk only supports 1D TMA
]]></skipped>
    </testcase>
    <testcase name="MultiDim/stage_4_prefetch_neg2_M_500_N_2048_WarpSpecializedOnTIDyRegisterSharing_None_CpAsyncBulkTensorTile" value_param="(4, -2, 500, 2048, (&apos;nvfuser::WarpSpecialized(index = 1)&apos; with value WarpSpecializedOnTIDyRegisterSharing_None), CpAsyncBulkTensorTile)" file="/opt/pytorch/nvfuser/tests/cpp/test_circular_buffering.cpp" line="1446" status="run" result="completed" time="0.132" timestamp="2025-04-30T07:33:50.989" classname="Hopper/TmaCircularBufferingTest" />
    <testcase name="MultiDim/stage_4_prefetch_neg2_M_1024_N_2048_Pipelined_CpAsyncBulk" value_param="(4, -2, 1024, 2048, (&apos;nvfuser::Pipelined(index = 0)&apos; with value Pipelined), CpAsyncBulk)" file="/opt/pytorch/nvfuser/tests/cpp/test_circular_buffering.cpp" line="1446" status="run" result="skipped" time="0." timestamp="2025-04-30T07:33:51.121" classname="Hopper/TmaCircularBufferingTest">
      <skipped message="/opt/pytorch/nvfuser/tests/cpp/test_circular_buffering.cpp:1449&#x0A;LoadStoreOpType::CpAsyncBulk only supports 1D TMA&#x0A;"><![CDATA[/opt/pytorch/nvfuser/tests/cpp/test_circular_buffering.cpp:1449
LoadStoreOpType::CpAsyncBulk only supports 1D TMA
]]></skipped>
    </testcase>
    <testcase name="MultiDim/stage_4_prefetch_neg1_M_128_N_1024_Pipelined_CpAsyncBulkTensorTile" value_param="(4, -1, 128, 1024, (&apos;nvfuser::Pipelined(index = 0)&apos; with value Pipelined), CpAsyncBulkTensorTile)" file="/opt/pytorch/nvfuser/tests/cpp/test_circular_buffering.cpp" line="1446" status="run" result="completed" time="0.153" timestamp="2025-04-30T07:33:51.121" classname="Hopper/TmaCircularBufferingTest" />
    <testcase name="MultiDim/stage_4_prefetch_neg1_M_500_N_1024_WarpSpecializedOnTIDyRegisterSharing_None_CpAsyncBulk" value_param="(4, -1, 500, 1024, (&apos;nvfuser::WarpSpecialized(index = 1)&apos; with value WarpSpecializedOnTIDyRegisterSharing_None), CpAsyncBulk)" file="/opt/pytorch/nvfuser/tests/cpp/test_circular_buffering.cpp" line="1446" status="run" result="skipped" time="0." timestamp="2025-04-30T07:33:51.274" classname="Hopper/TmaCircularBufferingTest">
      <skipped message="/opt/pytorch/nvfuser/tests/cpp/test_circular_buffering.cpp:1449&#x0A;LoadStoreOpType::CpAsyncBulk only supports 1D TMA&#x0A;"><![CDATA[/opt/pytorch/nvfuser/tests/cpp/test_circular_buffering.cpp:1449
LoadStoreOpType::CpAsyncBulk only supports 1D TMA
]]></skipped>
    </testcase>
    <testcase name="MultiDim/stage_4_prefetch_neg1_M_500_N_2048_WarpSpecializedOnTIDyRegisterSharing_64_168_CpAsyncBulkTensorTile" value_param="(4, -1, 500, 2048, (&apos;nvfuser::WarpSpecialized(index = 1)&apos; with value WarpSpecializedOnTIDyRegisterSharing_64_168), CpAsyncBulkTensorTile)" file="/opt/pytorch/nvfuser/tests/cpp/test_circular_buffering.cpp" line="1446" status="run" result="completed" time="0.152" timestamp="2025-04-30T07:33:51.274" classname="Hopper/TmaCircularBufferingTest" />
    <testcase name="MultiDim/stage_4_prefetch_neg1_M_1024_N_2048_WarpSpecializedOnTIDxRegisterSharing_64_168_CpAsyncBulk" value_param="(4, -1, 1024, 2048, (&apos;nvfuser::WarpSpecialized(index = 1)&apos; with value WarpSpecializedOnTIDxRegisterSharing_64_168), CpAsyncBulk)" file="/opt/pytorch/nvfuser/tests/cpp/test_circular_buffering.cpp" line="1446" status="run" result="skipped" time="0." timestamp="2025-04-30T07:33:51.427" classname="Hopper/TmaCircularBufferingTest">
      <skipped message="/opt/pytorch/nvfuser/tests/cpp/test_circular_buffering.cpp:1449&#x0A;LoadStoreOpType::CpAsyncBulk only supports 1D TMA&#x0A;"><![CDATA[/opt/pytorch/nvfuser/tests/cpp/test_circular_buffering.cpp:1449
LoadStoreOpType::CpAsyncBulk only supports 1D TMA
]]></skipped>
    </testcase>
    <testcase name="MultiDim/stage_4_prefetch_0_M_128_N_1024_PipelinedMBarrierForWAR_CpAsyncBulkTensorTile" value_param="(4, 0, 128, 1024, (&apos;nvfuser::Pipelined(index = 0)&apos; with value PipelinedMBarrierForWAR), CpAsyncBulkTensorTile)" file="/opt/pytorch/nvfuser/tests/cpp/test_circular_buffering.cpp" line="1446" status="run" result="completed" time="0.099" timestamp="2025-04-30T07:33:51.427" classname="Hopper/TmaCircularBufferingTest" />
    <testcase name="MultiDim/stage_4_prefetch_0_M_500_N_1024_WarpSpecializedOnTIDyRegisterSharing_64_168_CpAsyncBulk" value_param="(4, 0, 500, 1024, (&apos;nvfuser::WarpSpecialized(index = 1)&apos; with value WarpSpecializedOnTIDyRegisterSharing_64_168), CpAsyncBulk)" file="/opt/pytorch/nvfuser/tests/cpp/test_circular_buffering.cpp" line="1446" status="run" result="skipped" time="0." timestamp="2025-04-30T07:33:51.527" classname="Hopper/TmaCircularBufferingTest">
      <skipped message="/opt/pytorch/nvfuser/tests/cpp/test_circular_buffering.cpp:1449&#x0A;LoadStoreOpType::CpAsyncBulk only supports 1D TMA&#x0A;"><![CDATA[/opt/pytorch/nvfuser/tests/cpp/test_circular_buffering.cpp:1449
LoadStoreOpType::CpAsyncBulk only supports 1D TMA
]]></skipped>
    </testcase>
    <testcase name="MultiDim/stage_4_prefetch_0_M_500_N_2048_WarpSpecializedOnTIDyRegisterSharing_None_CpAsyncBulkTensorTile" value_param="(4, 0, 500, 2048, (&apos;nvfuser::WarpSpecialized(index = 1)&apos; with value WarpSpecializedOnTIDyRegisterSharing_None), CpAsyncBulkTensorTile)" file="/opt/pytorch/nvfuser/tests/cpp/test_circular_buffering.cpp" line="1446" status="run" result="completed" time="0.118" timestamp="2025-04-30T07:33:51.527" classname="Hopper/TmaCircularBufferingTest" />
    <testcase name="MultiDim/stage_4_prefetch_0_M_1024_N_2048_WarpSpecializedOnTIDxRegisterSharing_64_168_CpAsyncBulk" value_param="(4, 0, 1024, 2048, (&apos;nvfuser::WarpSpecialized(index = 1)&apos; with value WarpSpecializedOnTIDxRegisterSharing_64_168), CpAsyncBulk)" file="/opt/pytorch/nvfuser/tests/cpp/test_circular_buffering.cpp" line="1446" status="run" result="skipped" time="0." timestamp="2025-04-30T07:33:51.646" classname="Hopper/TmaCircularBufferingTest">
      <skipped message="/opt/pytorch/nvfuser/tests/cpp/test_circular_buffering.cpp:1449&#x0A;LoadStoreOpType::CpAsyncBulk only supports 1D TMA&#x0A;"><![CDATA[/opt/pytorch/nvfuser/tests/cpp/test_circular_buffering.cpp:1449
LoadStoreOpType::CpAsyncBulk only supports 1D TMA
]]></skipped>
    </testcase>
    <testcase name="MultiDim/stage_4_prefetch_1_M_128_N_1024_WarpSpecializedOnTIDxRegisterSharing_64_168_CpAsyncBulkTensorTile" value_param="(4, 1, 128, 1024, (&apos;nvfuser::WarpSpecialized(index = 1)&apos; with value WarpSpecializedOnTIDxRegisterSharing_64_168), CpAsyncBulkTensorTile)" file="/opt/pytorch/nvfuser/tests/cpp/test_circular_buffering.cpp" line="1446" status="run" result="completed" time="0.105" timestamp="2025-04-30T07:33:51.646" classname="Hopper/TmaCircularBufferingTest" />
    <testcase name="MultiDim/stage_4_prefetch_1_M_500_N_1024_PipelinedMBarrierForWAR_CpAsyncBulk" value_param="(4, 1, 500, 1024, (&apos;nvfuser::Pipelined(index = 0)&apos; with value PipelinedMBarrierForWAR), CpAsyncBulk)" file="/opt/pytorch/nvfuser/tests/cpp/test_circular_buffering.cpp" line="1446" status="run" result="skipped" time="0." timestamp="2025-04-30T07:33:51.752" classname="Hopper/TmaCircularBufferingTest">
      <skipped message="/opt/pytorch/nvfuser/tests/cpp/test_circular_buffering.cpp:1449&#x0A;LoadStoreOpType::CpAsyncBulk only supports 1D TMA&#x0A;"><![CDATA[/opt/pytorch/nvfuser/tests/cpp/test_circular_buffering.cpp:1449
LoadStoreOpType::CpAsyncBulk only supports 1D TMA
]]></skipped>
    </testcase>
    <testcase name="MultiDim/stage_4_prefetch_1_M_500_N_2048_WarpSpecializedOnTIDyRegisterSharing_None_CpAsyncBulkTensorTile" value_param="(4, 1, 500, 2048, (&apos;nvfuser::WarpSpecialized(index = 1)&apos; with value WarpSpecializedOnTIDyRegisterSharing_None), CpAsyncBulkTensorTile)" file="/opt/pytorch/nvfuser/tests/cpp/test_circular_buffering.cpp" line="1446" status="run" result="completed" time="0.109" timestamp="2025-04-30T07:33:51.752" classname="Hopper/TmaCircularBufferingTest" />
    <testcase name="MultiDim/stage_4_prefetch_1_M_1024_N_2048_WarpSpecializedOnTIDyRegisterSharing_64_168_CpAsyncBulk" value_param="(4, 1, 1024, 2048, (&apos;nvfuser::WarpSpecialized(index = 1)&apos; with value WarpSpecializedOnTIDyRegisterSharing_64_168), CpAsyncBulk)" file="/opt/pytorch/nvfuser/tests/cpp/test_circular_buffering.cpp" line="1446" status="run" result="skipped" time="0." timestamp="2025-04-30T07:33:51.861" classname="Hopper/TmaCircularBufferingTest">
      <skipped message="/opt/pytorch/nvfuser/tests/cpp/test_circular_buffering.cpp:1449&#x0A;LoadStoreOpType::CpAsyncBulk only supports 1D TMA&#x0A;"><![CDATA[/opt/pytorch/nvfuser/tests/cpp/test_circular_buffering.cpp:1449
LoadStoreOpType::CpAsyncBulk only supports 1D TMA
]]></skipped>
    </testcase>
    <testcase name="MultiDim/stage_4_prefetch_2_M_128_N_1024_WarpSpecializedOnTIDxRegisterSharing_64_168_CpAsyncBulkTensorTile" value_param="(4, 2, 128, 1024, (&apos;nvfuser::WarpSpecialized(index = 1)&apos; with value WarpSpecializedOnTIDxRegisterSharing_64_168), CpAsyncBulkTensorTile)" file="/opt/pytorch/nvfuser/tests/cpp/test_circular_buffering.cpp" line="1446" status="run" result="completed" time="0.128" timestamp="2025-04-30T07:33:51.861" classname="Hopper/TmaCircularBufferingTest" />
    <testcase name="MultiDim/stage_4_prefetch_2_M_500_N_1024_WarpSpecializedOnTIDyRegisterSharing_64_168_CpAsyncBulk" value_param="(4, 2, 500, 1024, (&apos;nvfuser::WarpSpecialized(index = 1)&apos; with value WarpSpecializedOnTIDyRegisterSharing_64_168), CpAsyncBulk)" file="/opt/pytorch/nvfuser/tests/cpp/test_circular_buffering.cpp" line="1446" status="run" result="skipped" time="0." timestamp="2025-04-30T07:33:51.990" classname="Hopper/TmaCircularBufferingTest">
      <skipped message="/opt/pytorch/nvfuser/tests/cpp/test_circular_buffering.cpp:1449&#x0A;LoadStoreOpType::CpAsyncBulk only supports 1D TMA&#x0A;"><![CDATA[/opt/pytorch/nvfuser/tests/cpp/test_circular_buffering.cpp:1449
LoadStoreOpType::CpAsyncBulk only supports 1D TMA
]]></skipped>
    </testcase>
    <testcase name="MultiDim/stage_4_prefetch_2_M_500_N_2048_WarpSpecializedOnTIDyRegisterSharing_64_168_CpAsyncBulkTensorTile" value_param="(4, 2, 500, 2048, (&apos;nvfuser::WarpSpecialized(index = 1)&apos; with value WarpSpecializedOnTIDyRegisterSharing_64_168), CpAsyncBulkTensorTile)" file="/opt/pytorch/nvfuser/tests/cpp/test_circular_buffering.cpp" line="1446" status="run" result="completed" time="0.134" timestamp="2025-04-30T07:33:51.990" classname="Hopper/TmaCircularBufferingTest" />
    <testcase name="MultiDim/stage_4_prefetch_2_M_1024_N_2048_Pipelined_CpAsyncBulk" value_param="(4, 2, 1024, 2048, (&apos;nvfuser::Pipelined(index = 0)&apos; with value Pipelined), CpAsyncBulk)" file="/opt/pytorch/nvfuser/tests/cpp/test_circular_buffering.cpp" line="1446" status="run" result="skipped" time="0." timestamp="2025-04-30T07:33:52.125" classname="Hopper/TmaCircularBufferingTest">
      <skipped message="/opt/pytorch/nvfuser/tests/cpp/test_circular_buffering.cpp:1449&#x0A;LoadStoreOpType::CpAsyncBulk only supports 1D TMA&#x0A;"><![CDATA[/opt/pytorch/nvfuser/tests/cpp/test_circular_buffering.cpp:1449
LoadStoreOpType::CpAsyncBulk only supports 1D TMA
]]></skipped>
    </testcase>
    <testcase name="MultiDim/stage_4_prefetch_3_M_128_N_1024_PipelinedMBarrierForWAR_CpAsyncBulkTensorTile" value_param="(4, 3, 128, 1024, (&apos;nvfuser::Pipelined(index = 0)&apos; with value PipelinedMBarrierForWAR), CpAsyncBulkTensorTile)" file="/opt/pytorch/nvfuser/tests/cpp/test_circular_buffering.cpp" line="1446" status="run" result="completed" time="0.17" timestamp="2025-04-30T07:33:52.125" classname="Hopper/TmaCircularBufferingTest" />
    <testcase name="MultiDim/stage_4_prefetch_3_M_500_N_1024_WarpSpecializedOnTIDxRegisterSharing_64_168_CpAsyncBulk" value_param="(4, 3, 500, 1024, (&apos;nvfuser::WarpSpecialized(index = 1)&apos; with value WarpSpecializedOnTIDxRegisterSharing_64_168), CpAsyncBulk)" file="/opt/pytorch/nvfuser/tests/cpp/test_circular_buffering.cpp" line="1446" status="run" result="skipped" time="0." timestamp="2025-04-30T07:33:52.296" classname="Hopper/TmaCircularBufferingTest">
      <skipped message="/opt/pytorch/nvfuser/tests/cpp/test_circular_buffering.cpp:1449&#x0A;LoadStoreOpType::CpAsyncBulk only supports 1D TMA&#x0A;"><![CDATA[/opt/pytorch/nvfuser/tests/cpp/test_circular_buffering.cpp:1449
LoadStoreOpType::CpAsyncBulk only supports 1D TMA
]]></skipped>
    </testcase>
    <testcase name="MultiDim/stage_4_prefetch_3_M_500_N_2048_WarpSpecializedOnTIDxRegisterSharing_None_CpAsyncBulkTensorTile" value_param="(4, 3, 500, 2048, (&apos;nvfuser::WarpSpecialized(index = 1)&apos; with value WarpSpecializedOnTIDxRegisterSharing_None), CpAsyncBulkTensorTile)" file="/opt/pytorch/nvfuser/tests/cpp/test_circular_buffering.cpp" line="1446" status="run" result="completed" time="0.143" timestamp="2025-04-30T07:33:52.296" classname="Hopper/TmaCircularBufferingTest" />
    <testcase name="MultiDim/stage_4_prefetch_3_M_1024_N_2048_WarpSpecializedOnTIDyRegisterSharing_64_168_CpAsyncBulk" value_param="(4, 3, 1024, 2048, (&apos;nvfuser::WarpSpecialized(index = 1)&apos; with value WarpSpecializedOnTIDyRegisterSharing_64_168), CpAsyncBulk)" file="/opt/pytorch/nvfuser/tests/cpp/test_circular_buffering.cpp" line="1446" status="run" result="skipped" time="0." timestamp="2025-04-30T07:33:52.439" classname="Hopper/TmaCircularBufferingTest">
      <skipped message="/opt/pytorch/nvfuser/tests/cpp/test_circular_buffering.cpp:1449&#x0A;LoadStoreOpType::CpAsyncBulk only supports 1D TMA&#x0A;"><![CDATA[/opt/pytorch/nvfuser/tests/cpp/test_circular_buffering.cpp:1449
LoadStoreOpType::CpAsyncBulk only supports 1D TMA
]]></skipped>
    </testcase>
    <testcase name="Pointwise/stage_2_prefetch_neg2_M_128_N_1024_PipelinedMBarrierForWAR_CpAsyncBulkTensorTile" value_param="(2, -2, 128, 1024, (&apos;nvfuser::Pipelined(index = 0)&apos; with value PipelinedMBarrierForWAR), CpAsyncBulkTensorTile)" file="/opt/pytorch/nvfuser/tests/cpp/test_circular_buffering.cpp" line="1515" status="run" result="completed" time="0.096" timestamp="2025-04-30T07:33:52.439" classname="Hopper/TmaCircularBufferingTest" />
    <testcase name="Pointwise/stage_2_prefetch_neg2_M_500_N_1024_PipelinedMBarrierForWAR_CpAsyncBulk" value_param="(2, -2, 500, 1024, (&apos;nvfuser::Pipelined(index = 0)&apos; with value PipelinedMBarrierForWAR), CpAsyncBulk)" file="/opt/pytorch/nvfuser/tests/cpp/test_circular_buffering.cpp" line="1515" status="run" result="completed" time="0.097" timestamp="2025-04-30T07:33:52.536" classname="Hopper/TmaCircularBufferingTest" />
    <testcase name="Pointwise/stage_2_prefetch_neg2_M_500_N_2048_WarpSpecializedOnTIDyRegisterSharing_64_168_CpAsyncBulkTensorTile" value_param="(2, -2, 500, 2048, (&apos;nvfuser::WarpSpecialized(index = 1)&apos; with value WarpSpecializedOnTIDyRegisterSharing_64_168), CpAsyncBulkTensorTile)" file="/opt/pytorch/nvfuser/tests/cpp/test_circular_buffering.cpp" line="1515" status="run" result="completed" time="0.118" timestamp="2025-04-30T07:33:52.634" classname="Hopper/TmaCircularBufferingTest" />
    <testcase name="Pointwise/stage_2_prefetch_neg2_M_1024_N_2048_WarpSpecializedOnTIDyRegisterSharing_64_168_CpAsyncBulk" value_param="(2, -2, 1024, 2048, (&apos;nvfuser::WarpSpecialized(index = 1)&apos; with value WarpSpecializedOnTIDyRegisterSharing_64_168), CpAsyncBulk)" file="/opt/pytorch/nvfuser/tests/cpp/test_circular_buffering.cpp" line="1515" status="run" result="completed" time="0.123" timestamp="2025-04-30T07:33:52.752" classname="Hopper/TmaCircularBufferingTest" />
    <testcase name="Pointwise/stage_2_prefetch_neg1_M_128_N_1024_WarpSpecializedOnTIDyRegisterSharing_None_CpAsyncBulkTensorTile" value_param="(2, -1, 128, 1024, (&apos;nvfuser::WarpSpecialized(index = 1)&apos; with value WarpSpecializedOnTIDyRegisterSharing_None), CpAsyncBulkTensorTile)" file="/opt/pytorch/nvfuser/tests/cpp/test_circular_buffering.cpp" line="1515" status="run" result="completed" time="0.093" timestamp="2025-04-30T07:33:52.876" classname="Hopper/TmaCircularBufferingTest" />
    <testcase name="Pointwise/stage_2_prefetch_neg1_M_500_N_1024_WarpSpecializedOnTIDyRegisterSharing_None_CpAsyncBulk" value_param="(2, -1, 500, 1024, (&apos;nvfuser::WarpSpecialized(index = 1)&apos; with value WarpSpecializedOnTIDyRegisterSharing_None), CpAsyncBulk)" file="/opt/pytorch/nvfuser/tests/cpp/test_circular_buffering.cpp" line="1515" status="run" result="completed" time="0.093" timestamp="2025-04-30T07:33:52.969" classname="Hopper/TmaCircularBufferingTest" />
    <testcase name="Pointwise/stage_2_prefetch_neg1_M_500_N_2048_WarpSpecializedOnTIDyRegisterSharing_64_168_CpAsyncBulkTensorTile" value_param="(2, -1, 500, 2048, (&apos;nvfuser::WarpSpecialized(index = 1)&apos; with value WarpSpecializedOnTIDyRegisterSharing_64_168), CpAsyncBulkTensorTile)" file="/opt/pytorch/nvfuser/tests/cpp/test_circular_buffering.cpp" line="1515" status="run" result="completed" time="0.097" timestamp="2025-04-30T07:33:53.063" classname="Hopper/TmaCircularBufferingTest" />
    <testcase name="Pointwise/stage_2_prefetch_neg1_M_1024_N_2048_WarpSpecializedOnTIDyRegisterSharing_64_168_CpAsyncBulk" value_param="(2, -1, 1024, 2048, (&apos;nvfuser::WarpSpecialized(index = 1)&apos; with value WarpSpecializedOnTIDyRegisterSharing_64_168), CpAsyncBulk)" file="/opt/pytorch/nvfuser/tests/cpp/test_circular_buffering.cpp" line="1515" status="run" result="completed" time="0.1" timestamp="2025-04-30T07:33:53.160" classname="Hopper/TmaCircularBufferingTest" />
    <testcase name="Pointwise/stage_2_prefetch_0_M_128_N_1024_WarpSpecializedOnTIDyRegisterSharing_None_CpAsyncBulkTensorTile" value_param="(2, 0, 128, 1024, (&apos;nvfuser::WarpSpecialized(index = 1)&apos; with value WarpSpecializedOnTIDyRegisterSharing_None), CpAsyncBulkTensorTile)" file="/opt/pytorch/nvfuser/tests/cpp/test_circular_buffering.cpp" line="1515" status="run" result="completed" time="0.113" timestamp="2025-04-30T07:33:53.261" classname="Hopper/TmaCircularBufferingTest" />
    <testcase name="Pointwise/stage_2_prefetch_0_M_500_N_1024_Pipelined_CpAsyncBulk" value_param="(2, 0, 500, 1024, (&apos;nvfuser::Pipelined(index = 0)&apos; with value Pipelined), CpAsyncBulk)" file="/opt/pytorch/nvfuser/tests/cpp/test_circular_buffering.cpp" line="1515" status="run" result="completed" time="0.089" timestamp="2025-04-30T07:33:53.375" classname="Hopper/TmaCircularBufferingTest" />
    <testcase name="Pointwise/stage_2_prefetch_0_M_500_N_2048_WarpSpecializedOnTIDyRegisterSharing_None_CpAsyncBulkTensorTile" value_param="(2, 0, 500, 2048, (&apos;nvfuser::WarpSpecialized(index = 1)&apos; with value WarpSpecializedOnTIDyRegisterSharing_None), CpAsyncBulkTensorTile)" file="/opt/pytorch/nvfuser/tests/cpp/test_circular_buffering.cpp" line="1515" status="run" result="completed" time="0.058" timestamp="2025-04-30T07:33:53.464" classname="Hopper/TmaCircularBufferingTest" />
    <testcase name="Pointwise/stage_2_prefetch_0_M_1024_N_2048_Pipelined_CpAsyncBulk" value_param="(2, 0, 1024, 2048, (&apos;nvfuser::Pipelined(index = 0)&apos; with value Pipelined), CpAsyncBulk)" file="/opt/pytorch/nvfuser/tests/cpp/test_circular_buffering.cpp" line="1515" status="run" result="completed" time="0.055" timestamp="2025-04-30T07:33:53.522" classname="Hopper/TmaCircularBufferingTest" />
    <testcase name="Pointwise/stage_2_prefetch_1_M_128_N_1024_WarpSpecializedOnTIDxRegisterSharing_64_168_CpAsyncBulkTensorTile" value_param="(2, 1, 128, 1024, (&apos;nvfuser::WarpSpecialized(index = 1)&apos; with value WarpSpecializedOnTIDxRegisterSharing_64_168), CpAsyncBulkTensorTile)" file="/opt/pytorch/nvfuser/tests/cpp/test_circular_buffering.cpp" line="1515" status="run" result="completed" time="0.091" timestamp="2025-04-30T07:33:53.577" classname="Hopper/TmaCircularBufferingTest" />
    <testcase name="Pointwise/stage_2_prefetch_1_M_500_N_1024_WarpSpecializedOnTIDyRegisterSharing_64_168_CpAsyncBulk" value_param="(2, 1, 500, 1024, (&apos;nvfuser::WarpSpecialized(index = 1)&apos; with value WarpSpecializedOnTIDyRegisterSharing_64_168), CpAsyncBulk)" file="/opt/pytorch/nvfuser/tests/cpp/test_circular_buffering.cpp" line="1515" status="run" result="completed" time="0.057" timestamp="2025-04-30T07:33:53.669" classname="Hopper/TmaCircularBufferingTest" />
    <testcase name="Pointwise/stage_2_prefetch_1_M_500_N_2048_WarpSpecializedOnTIDyRegisterSharing_64_168_CpAsyncBulkTensorTile" value_param="(2, 1, 500, 2048, (&apos;nvfuser::WarpSpecialized(index = 1)&apos; with value WarpSpecializedOnTIDyRegisterSharing_64_168), CpAsyncBulkTensorTile)" file="/opt/pytorch/nvfuser/tests/cpp/test_circular_buffering.cpp" line="1515" status="run" result="completed" time="0.057" timestamp="2025-04-30T07:33:53.727" classname="Hopper/TmaCircularBufferingTest" />
    <testcase name="Pointwise/stage_2_prefetch_1_M_1024_N_2048_WarpSpecializedOnTIDyRegisterSharing_64_168_CpAsyncBulk" value_param="(2, 1, 1024, 2048, (&apos;nvfuser::WarpSpecialized(index = 1)&apos; with value WarpSpecializedOnTIDyRegisterSharing_64_168), CpAsyncBulk)" file="/opt/pytorch/nvfuser/tests/cpp/test_circular_buffering.cpp" line="1515" status="run" result="completed" time="0.059" timestamp="2025-04-30T07:33:53.784" classname="Hopper/TmaCircularBufferingTest" />
    <testcase name="Pointwise/stage_4_prefetch_neg4_M_128_N_1024_PipelinedMBarrierForWAR_CpAsyncBulkTensorTile" value_param="(4, -4, 128, 1024, (&apos;nvfuser::Pipelined(index = 0)&apos; with value PipelinedMBarrierForWAR), CpAsyncBulkTensorTile)" file="/opt/pytorch/nvfuser/tests/cpp/test_circular_buffering.cpp" line="1515" status="run" result="completed" time="0.103" timestamp="2025-04-30T07:33:53.843" classname="Hopper/TmaCircularBufferingTest" />
    <testcase name="Pointwise/stage_4_prefetch_neg4_M_500_N_1024_WarpSpecializedOnTIDxRegisterSharing_64_168_CpAsyncBulk" value_param="(4, -4, 500, 1024, (&apos;nvfuser::WarpSpecialized(index = 1)&apos; with value WarpSpecializedOnTIDxRegisterSharing_64_168), CpAsyncBulk)" file="/opt/pytorch/nvfuser/tests/cpp/test_circular_buffering.cpp" line="1515" status="run" result="completed" time="0.124" timestamp="2025-04-30T07:33:53.947" classname="Hopper/TmaCircularBufferingTest" />
    <testcase name="Pointwise/stage_4_prefetch_neg4_M_500_N_2048_WarpSpecializedOnTIDxRegisterSharing_None_CpAsyncBulkTensorTile" value_param="(4, -4, 500, 2048, (&apos;nvfuser::WarpSpecialized(index = 1)&apos; with value WarpSpecializedOnTIDxRegisterSharing_None), CpAsyncBulkTensorTile)" file="/opt/pytorch/nvfuser/tests/cpp/test_circular_buffering.cpp" line="1515" status="run" result="completed" time="0.12" timestamp="2025-04-30T07:33:54.072" classname="Hopper/TmaCircularBufferingTest" />
    <testcase name="Pointwise/stage_4_prefetch_neg4_M_1024_N_2048_WarpSpecializedOnTIDyRegisterSharing_64_168_CpAsyncBulk" value_param="(4, -4, 1024, 2048, (&apos;nvfuser::WarpSpecialized(index = 1)&apos; with value WarpSpecializedOnTIDyRegisterSharing_64_168), CpAsyncBulk)" file="/opt/pytorch/nvfuser/tests/cpp/test_circular_buffering.cpp" line="1515" status="run" result="completed" time="0.13" timestamp="2025-04-30T07:33:54.192" classname="Hopper/TmaCircularBufferingTest" />
    <testcase name="Pointwise/stage_4_prefetch_neg3_M_128_N_1024_WarpSpecializedOnTIDxRegisterSharing_None_CpAsyncBulkTensorTile" value_param="(4, -3, 128, 1024, (&apos;nvfuser::WarpSpecialized(index = 1)&apos; with value WarpSpecializedOnTIDxRegisterSharing_None), CpAsyncBulkTensorTile)" file="/opt/pytorch/nvfuser/tests/cpp/test_circular_buffering.cpp" line="1515" status="run" result="completed" time="0.095" timestamp="2025-04-30T07:33:54.322" classname="Hopper/TmaCircularBufferingTest" />
    <testcase name="Pointwise/stage_4_prefetch_neg3_M_500_N_1024_WarpSpecializedOnTIDyRegisterSharing_None_CpAsyncBulk" value_param="(4, -3, 500, 1024, (&apos;nvfuser::WarpSpecialized(index = 1)&apos; with value WarpSpecializedOnTIDyRegisterSharing_None), CpAsyncBulk)" file="/opt/pytorch/nvfuser/tests/cpp/test_circular_buffering.cpp" line="1515" status="run" result="completed" time="0.099" timestamp="2025-04-30T07:33:54.418" classname="Hopper/TmaCircularBufferingTest" />
    <testcase name="Pointwise/stage_4_prefetch_neg3_M_500_N_2048_WarpSpecializedOnTIDxRegisterSharing_64_168_CpAsyncBulkTensorTile" value_param="(4, -3, 500, 2048, (&apos;nvfuser::WarpSpecialized(index = 1)&apos; with value WarpSpecializedOnTIDxRegisterSharing_64_168), CpAsyncBulkTensorTile)" file="/opt/pytorch/nvfuser/tests/cpp/test_circular_buffering.cpp" line="1515" status="run" result="completed" time="0.099" timestamp="2025-04-30T07:33:54.518" classname="Hopper/TmaCircularBufferingTest" />
    <testcase name="Pointwise/stage_4_prefetch_neg3_M_1024_N_2048_WarpSpecializedOnTIDxRegisterSharing_None_CpAsyncBulk" value_param="(4, -3, 1024, 2048, (&apos;nvfuser::WarpSpecialized(index = 1)&apos; with value WarpSpecializedOnTIDxRegisterSharing_None), CpAsyncBulk)" file="/opt/pytorch/nvfuser/tests/cpp/test_circular_buffering.cpp" line="1515" status="run" result="completed" time="0.099" timestamp="2025-04-30T07:33:54.617" classname="Hopper/TmaCircularBufferingTest" />
    <testcase name="Pointwise/stage_4_prefetch_neg2_M_128_N_1024_Pipelined_CpAsyncBulkTensorTile" value_param="(4, -2, 128, 1024, (&apos;nvfuser::Pipelined(index = 0)&apos; with value Pipelined), CpAsyncBulkTensorTile)" file="/opt/pytorch/nvfuser/tests/cpp/test_circular_buffering.cpp" line="1515" status="run" result="completed" time="0.108" timestamp="2025-04-30T07:33:54.717" classname="Hopper/TmaCircularBufferingTest" />
    <testcase name="Pointwise/stage_4_prefetch_neg2_M_500_N_1024_Pipelined_CpAsyncBulk" value_param="(4, -2, 500, 1024, (&apos;nvfuser::Pipelined(index = 0)&apos; with value Pipelined), CpAsyncBulk)" file="/opt/pytorch/nvfuser/tests/cpp/test_circular_buffering.cpp" line="1515" status="run" result="completed" time="0.11" timestamp="2025-04-30T07:33:54.825" classname="Hopper/TmaCircularBufferingTest" />
    <testcase name="Pointwise/stage_4_prefetch_neg2_M_500_N_2048_WarpSpecializedOnTIDyRegisterSharing_None_CpAsyncBulkTensorTile" value_param="(4, -2, 500, 2048, (&apos;nvfuser::WarpSpecialized(index = 1)&apos; with value WarpSpecializedOnTIDyRegisterSharing_None), CpAsyncBulkTensorTile)" file="/opt/pytorch/nvfuser/tests/cpp/test_circular_buffering.cpp" line="1515" status="run" result="completed" time="0.115" timestamp="2025-04-30T07:33:54.935" classname="Hopper/TmaCircularBufferingTest" />
    <testcase name="Pointwise/stage_4_prefetch_neg2_M_1024_N_2048_Pipelined_CpAsyncBulk" value_param="(4, -2, 1024, 2048, (&apos;nvfuser::Pipelined(index = 0)&apos; with value Pipelined), CpAsyncBulk)" file="/opt/pytorch/nvfuser/tests/cpp/test_circular_buffering.cpp" line="1515" status="run" result="completed" time="0.112" timestamp="2025-04-30T07:33:55.051" classname="Hopper/TmaCircularBufferingTest" />
    <testcase name="Pointwise/stage_4_prefetch_neg1_M_128_N_1024_Pipelined_CpAsyncBulkTensorTile" value_param="(4, -1, 128, 1024, (&apos;nvfuser::Pipelined(index = 0)&apos; with value Pipelined), CpAsyncBulkTensorTile)" file="/opt/pytorch/nvfuser/tests/cpp/test_circular_buffering.cpp" line="1515" status="run" result="completed" time="0.12" timestamp="2025-04-30T07:33:55.163" classname="Hopper/TmaCircularBufferingTest" />
    <testcase name="Pointwise/stage_4_prefetch_neg1_M_500_N_1024_WarpSpecializedOnTIDyRegisterSharing_None_CpAsyncBulk" value_param="(4, -1, 500, 1024, (&apos;nvfuser::WarpSpecialized(index = 1)&apos; with value WarpSpecializedOnTIDyRegisterSharing_None), CpAsyncBulk)" file="/opt/pytorch/nvfuser/tests/cpp/test_circular_buffering.cpp" line="1515" status="run" result="completed" time="0.127" timestamp="2025-04-30T07:33:55.283" classname="Hopper/TmaCircularBufferingTest" />
    <testcase name="Pointwise/stage_4_prefetch_neg1_M_500_N_2048_WarpSpecializedOnTIDyRegisterSharing_64_168_CpAsyncBulkTensorTile" value_param="(4, -1, 500, 2048, (&apos;nvfuser::WarpSpecialized(index = 1)&apos; with value WarpSpecializedOnTIDyRegisterSharing_64_168), CpAsyncBulkTensorTile)" file="/opt/pytorch/nvfuser/tests/cpp/test_circular_buffering.cpp" line="1515" status="run" result="completed" time="0.13" timestamp="2025-04-30T07:33:55.411" classname="Hopper/TmaCircularBufferingTest" />
    <testcase name="Pointwise/stage_4_prefetch_neg1_M_1024_N_2048_WarpSpecializedOnTIDxRegisterSharing_64_168_CpAsyncBulk" value_param="(4, -1, 1024, 2048, (&apos;nvfuser::WarpSpecialized(index = 1)&apos; with value WarpSpecializedOnTIDxRegisterSharing_64_168), CpAsyncBulk)" file="/opt/pytorch/nvfuser/tests/cpp/test_circular_buffering.cpp" line="1515" status="run" result="completed" time="0.13" timestamp="2025-04-30T07:33:55.541" classname="Hopper/TmaCircularBufferingTest" />
    <testcase name="Pointwise/stage_4_prefetch_0_M_128_N_1024_PipelinedMBarrierForWAR_CpAsyncBulkTensorTile" value_param="(4, 0, 128, 1024, (&apos;nvfuser::Pipelined(index = 0)&apos; with value PipelinedMBarrierForWAR), CpAsyncBulkTensorTile)" file="/opt/pytorch/nvfuser/tests/cpp/test_circular_buffering.cpp" line="1515" status="run" result="completed" time="0.104" timestamp="2025-04-30T07:33:55.672" classname="Hopper/TmaCircularBufferingTest" />
    <testcase name="Pointwise/stage_4_prefetch_0_M_500_N_1024_WarpSpecializedOnTIDyRegisterSharing_64_168_CpAsyncBulk" value_param="(4, 0, 500, 1024, (&apos;nvfuser::WarpSpecialized(index = 1)&apos; with value WarpSpecializedOnTIDyRegisterSharing_64_168), CpAsyncBulk)" file="/opt/pytorch/nvfuser/tests/cpp/test_circular_buffering.cpp" line="1515" status="run" result="completed" time="0.127" timestamp="2025-04-30T07:33:55.776" classname="Hopper/TmaCircularBufferingTest" />
    <testcase name="Pointwise/stage_4_prefetch_0_M_500_N_2048_WarpSpecializedOnTIDyRegisterSharing_None_CpAsyncBulkTensorTile" value_param="(4, 0, 500, 2048, (&apos;nvfuser::WarpSpecialized(index = 1)&apos; with value WarpSpecializedOnTIDyRegisterSharing_None), CpAsyncBulkTensorTile)" file="/opt/pytorch/nvfuser/tests/cpp/test_circular_buffering.cpp" line="1515" status="run" result="completed" time="0.125" timestamp="2025-04-30T07:33:55.904" classname="Hopper/TmaCircularBufferingTest" />
    <testcase name="Pointwise/stage_4_prefetch_0_M_1024_N_2048_WarpSpecializedOnTIDxRegisterSharing_64_168_CpAsyncBulk" value_param="(4, 0, 1024, 2048, (&apos;nvfuser::WarpSpecialized(index = 1)&apos; with value WarpSpecializedOnTIDxRegisterSharing_64_168), CpAsyncBulk)" file="/opt/pytorch/nvfuser/tests/cpp/test_circular_buffering.cpp" line="1515" status="run" result="completed" time="0.128" timestamp="2025-04-30T07:33:56.029" classname="Hopper/TmaCircularBufferingTest" />
    <testcase name="Pointwise/stage_4_prefetch_1_M_128_N_1024_WarpSpecializedOnTIDxRegisterSharing_64_168_CpAsyncBulkTensorTile" value_param="(4, 1, 128, 1024, (&apos;nvfuser::WarpSpecialized(index = 1)&apos; with value WarpSpecializedOnTIDxRegisterSharing_64_168), CpAsyncBulkTensorTile)" file="/opt/pytorch/nvfuser/tests/cpp/test_circular_buffering.cpp" line="1515" status="run" result="completed" time="0.097" timestamp="2025-04-30T07:33:56.157" classname="Hopper/TmaCircularBufferingTest" />
    <testcase name="Pointwise/stage_4_prefetch_1_M_500_N_1024_PipelinedMBarrierForWAR_CpAsyncBulk" value_param="(4, 1, 500, 1024, (&apos;nvfuser::Pipelined(index = 0)&apos; with value PipelinedMBarrierForWAR), CpAsyncBulk)" file="/opt/pytorch/nvfuser/tests/cpp/test_circular_buffering.cpp" line="1515" status="run" result="completed" time="0.108" timestamp="2025-04-30T07:33:56.255" classname="Hopper/TmaCircularBufferingTest" />
    <testcase name="Pointwise/stage_4_prefetch_1_M_500_N_2048_WarpSpecializedOnTIDyRegisterSharing_None_CpAsyncBulkTensorTile" value_param="(4, 1, 500, 2048, (&apos;nvfuser::WarpSpecialized(index = 1)&apos; with value WarpSpecializedOnTIDyRegisterSharing_None), CpAsyncBulkTensorTile)" file="/opt/pytorch/nvfuser/tests/cpp/test_circular_buffering.cpp" line="1515" status="run" result="completed" time="0.1" timestamp="2025-04-30T07:33:56.363" classname="Hopper/TmaCircularBufferingTest" />
    <testcase name="Pointwise/stage_4_prefetch_1_M_1024_N_2048_WarpSpecializedOnTIDyRegisterSharing_64_168_CpAsyncBulk" value_param="(4, 1, 1024, 2048, (&apos;nvfuser::WarpSpecialized(index = 1)&apos; with value WarpSpecializedOnTIDyRegisterSharing_64_168), CpAsyncBulk)" file="/opt/pytorch/nvfuser/tests/cpp/test_circular_buffering.cpp" line="1515" status="run" result="completed" time="0.104" timestamp="2025-04-30T07:33:56.464" classname="Hopper/TmaCircularBufferingTest" />
    <testcase name="Pointwise/stage_4_prefetch_2_M_128_N_1024_WarpSpecializedOnTIDxRegisterSharing_64_168_CpAsyncBulkTensorTile" value_param="(4, 2, 128, 1024, (&apos;nvfuser::WarpSpecialized(index = 1)&apos; with value WarpSpecializedOnTIDxRegisterSharing_64_168), CpAsyncBulkTensorTile)" file="/opt/pytorch/nvfuser/tests/cpp/test_circular_buffering.cpp" line="1515" status="run" result="completed" time="0.112" timestamp="2025-04-30T07:33:56.568" classname="Hopper/TmaCircularBufferingTest" />
    <testcase name="Pointwise/stage_4_prefetch_2_M_500_N_1024_WarpSpecializedOnTIDyRegisterSharing_64_168_CpAsyncBulk" value_param="(4, 2, 500, 1024, (&apos;nvfuser::WarpSpecialized(index = 1)&apos; with value WarpSpecializedOnTIDyRegisterSharing_64_168), CpAsyncBulk)" file="/opt/pytorch/nvfuser/tests/cpp/test_circular_buffering.cpp" line="1515" status="run" result="completed" time="0.118" timestamp="2025-04-30T07:33:56.681" classname="Hopper/TmaCircularBufferingTest" />
    <testcase name="Pointwise/stage_4_prefetch_2_M_500_N_2048_WarpSpecializedOnTIDyRegisterSharing_64_168_CpAsyncBulkTensorTile" value_param="(4, 2, 500, 2048, (&apos;nvfuser::WarpSpecialized(index = 1)&apos; with value WarpSpecializedOnTIDyRegisterSharing_64_168), CpAsyncBulkTensorTile)" file="/opt/pytorch/nvfuser/tests/cpp/test_circular_buffering.cpp" line="1515" status="run" result="completed" time="0.118" timestamp="2025-04-30T07:33:56.799" classname="Hopper/TmaCircularBufferingTest" />
    <testcase name="Pointwise/stage_4_prefetch_2_M_1024_N_2048_Pipelined_CpAsyncBulk" value_param="(4, 2, 1024, 2048, (&apos;nvfuser::Pipelined(index = 0)&apos; with value Pipelined), CpAsyncBulk)" file="/opt/pytorch/nvfuser/tests/cpp/test_circular_buffering.cpp" line="1515" status="run" result="completed" time="0.112" timestamp="2025-04-30T07:33:56.918" classname="Hopper/TmaCircularBufferingTest" />
    <testcase name="Pointwise/stage_4_prefetch_3_M_128_N_1024_PipelinedMBarrierForWAR_CpAsyncBulkTensorTile" value_param="(4, 3, 128, 1024, (&apos;nvfuser::Pipelined(index = 0)&apos; with value PipelinedMBarrierForWAR), CpAsyncBulkTensorTile)" file="/opt/pytorch/nvfuser/tests/cpp/test_circular_buffering.cpp" line="1515" status="run" result="completed" time="0.135" timestamp="2025-04-30T07:33:57.031" classname="Hopper/TmaCircularBufferingTest" />
    <testcase name="Pointwise/stage_4_prefetch_3_M_500_N_1024_WarpSpecializedOnTIDxRegisterSharing_64_168_CpAsyncBulk" value_param="(4, 3, 500, 1024, (&apos;nvfuser::WarpSpecialized(index = 1)&apos; with value WarpSpecializedOnTIDxRegisterSharing_64_168), CpAsyncBulk)" file="/opt/pytorch/nvfuser/tests/cpp/test_circular_buffering.cpp" line="1515" status="run" result="completed" time="0.128" timestamp="2025-04-30T07:33:57.166" classname="Hopper/TmaCircularBufferingTest" />
    <testcase name="Pointwise/stage_4_prefetch_3_M_500_N_2048_WarpSpecializedOnTIDxRegisterSharing_None_CpAsyncBulkTensorTile" value_param="(4, 3, 500, 2048, (&apos;nvfuser::WarpSpecialized(index = 1)&apos; with value WarpSpecializedOnTIDxRegisterSharing_None), CpAsyncBulkTensorTile)" file="/opt/pytorch/nvfuser/tests/cpp/test_circular_buffering.cpp" line="1515" status="run" result="completed" time="0.122" timestamp="2025-04-30T07:33:57.295" classname="Hopper/TmaCircularBufferingTest" />
    <testcase name="Pointwise/stage_4_prefetch_3_M_1024_N_2048_WarpSpecializedOnTIDyRegisterSharing_64_168_CpAsyncBulk" value_param="(4, 3, 1024, 2048, (&apos;nvfuser::WarpSpecialized(index = 1)&apos; with value WarpSpecializedOnTIDyRegisterSharing_64_168), CpAsyncBulk)" file="/opt/pytorch/nvfuser/tests/cpp/test_circular_buffering.cpp" line="1515" status="run" result="completed" time="0.133" timestamp="2025-04-30T07:33:57.418" classname="Hopper/TmaCircularBufferingTest" />
    <testcase name="PointwiseCpAsync/stage_2_prefetch_neg2_M_128_N_1024_PipelinedMBarrierForWAR_CpAsyncBulkTensorTile" value_param="(2, -2, 128, 1024, (&apos;nvfuser::Pipelined(index = 0)&apos; with value PipelinedMBarrierForWAR), CpAsyncBulkTensorTile)" file="/opt/pytorch/nvfuser/tests/cpp/test_circular_buffering.cpp" line="1583" status="run" result="skipped" time="0." timestamp="2025-04-30T07:33:57.551" classname="Hopper/TmaCircularBufferingTest">
      <skipped message="/opt/pytorch/nvfuser/tests/cpp/test_circular_buffering.cpp:1584&#x0A;Needs shared memory predicate, but current needsSharedMemoryPredicate() returns false&#x0A;"><![CDATA[/opt/pytorch/nvfuser/tests/cpp/test_circular_buffering.cpp:1584
Needs shared memory predicate, but current needsSharedMemoryPredicate() returns false
]]></skipped>
    </testcase>
    <testcase name="PointwiseCpAsync/stage_2_prefetch_neg2_M_500_N_1024_PipelinedMBarrierForWAR_CpAsyncBulk" value_param="(2, -2, 500, 1024, (&apos;nvfuser::Pipelined(index = 0)&apos; with value PipelinedMBarrierForWAR), CpAsyncBulk)" file="/opt/pytorch/nvfuser/tests/cpp/test_circular_buffering.cpp" line="1583" status="run" result="skipped" time="0." timestamp="2025-04-30T07:33:57.551" classname="Hopper/TmaCircularBufferingTest">
      <skipped message="/opt/pytorch/nvfuser/tests/cpp/test_circular_buffering.cpp:1584&#x0A;Needs shared memory predicate, but current needsSharedMemoryPredicate() returns false&#x0A;"><![CDATA[/opt/pytorch/nvfuser/tests/cpp/test_circular_buffering.cpp:1584
Needs shared memory predicate, but current needsSharedMemoryPredicate() returns false
]]></skipped>
    </testcase>
    <testcase name="PointwiseCpAsync/stage_2_prefetch_neg2_M_500_N_2048_WarpSpecializedOnTIDyRegisterSharing_64_168_CpAsyncBulkTensorTile" value_param="(2, -2, 500, 2048, (&apos;nvfuser::WarpSpecialized(index = 1)&apos; with value WarpSpecializedOnTIDyRegisterSharing_64_168), CpAsyncBulkTensorTile)" file="/opt/pytorch/nvfuser/tests/cpp/test_circular_buffering.cpp" line="1583" status="run" result="skipped" time="0." timestamp="2025-04-30T07:33:57.551" classname="Hopper/TmaCircularBufferingTest">
      <skipped message="/opt/pytorch/nvfuser/tests/cpp/test_circular_buffering.cpp:1584&#x0A;Needs shared memory predicate, but current needsSharedMemoryPredicate() returns false&#x0A;"><![CDATA[/opt/pytorch/nvfuser/tests/cpp/test_circular_buffering.cpp:1584
Needs shared memory predicate, but current needsSharedMemoryPredicate() returns false
]]></skipped>
    </testcase>
    <testcase name="PointwiseCpAsync/stage_2_prefetch_neg2_M_1024_N_2048_WarpSpecializedOnTIDyRegisterSharing_64_168_CpAsyncBulk" value_param="(2, -2, 1024, 2048, (&apos;nvfuser::WarpSpecialized(index = 1)&apos; with value WarpSpecializedOnTIDyRegisterSharing_64_168), CpAsyncBulk)" file="/opt/pytorch/nvfuser/tests/cpp/test_circular_buffering.cpp" line="1583" status="run" result="skipped" time="0." timestamp="2025-04-30T07:33:57.551" classname="Hopper/TmaCircularBufferingTest">
      <skipped message="/opt/pytorch/nvfuser/tests/cpp/test_circular_buffering.cpp:1584&#x0A;Needs shared memory predicate, but current needsSharedMemoryPredicate() returns false&#x0A;"><![CDATA[/opt/pytorch/nvfuser/tests/cpp/test_circular_buffering.cpp:1584
Needs shared memory predicate, but current needsSharedMemoryPredicate() returns false
]]></skipped>
    </testcase>
    <testcase name="PointwiseCpAsync/stage_2_prefetch_neg1_M_128_N_1024_WarpSpecializedOnTIDyRegisterSharing_None_CpAsyncBulkTensorTile" value_param="(2, -1, 128, 1024, (&apos;nvfuser::WarpSpecialized(index = 1)&apos; with value WarpSpecializedOnTIDyRegisterSharing_None), CpAsyncBulkTensorTile)" file="/opt/pytorch/nvfuser/tests/cpp/test_circular_buffering.cpp" line="1583" status="run" result="skipped" time="0." timestamp="2025-04-30T07:33:57.551" classname="Hopper/TmaCircularBufferingTest">
      <skipped message="/opt/pytorch/nvfuser/tests/cpp/test_circular_buffering.cpp:1584&#x0A;Needs shared memory predicate, but current needsSharedMemoryPredicate() returns false&#x0A;"><![CDATA[/opt/pytorch/nvfuser/tests/cpp/test_circular_buffering.cpp:1584
Needs shared memory predicate, but current needsSharedMemoryPredicate() returns false
]]></skipped>
    </testcase>
    <testcase name="PointwiseCpAsync/stage_2_prefetch_neg1_M_500_N_1024_WarpSpecializedOnTIDyRegisterSharing_None_CpAsyncBulk" value_param="(2, -1, 500, 1024, (&apos;nvfuser::WarpSpecialized(index = 1)&apos; with value WarpSpecializedOnTIDyRegisterSharing_None), CpAsyncBulk)" file="/opt/pytorch/nvfuser/tests/cpp/test_circular_buffering.cpp" line="1583" status="run" result="skipped" time="0." timestamp="2025-04-30T07:33:57.551" classname="Hopper/TmaCircularBufferingTest">
      <skipped message="/opt/pytorch/nvfuser/tests/cpp/test_circular_buffering.cpp:1584&#x0A;Needs shared memory predicate, but current needsSharedMemoryPredicate() returns false&#x0A;"><![CDATA[/opt/pytorch/nvfuser/tests/cpp/test_circular_buffering.cpp:1584
Needs shared memory predicate, but current needsSharedMemoryPredicate() returns false
]]></skipped>
    </testcase>
    <testcase name="PointwiseCpAsync/stage_2_prefetch_neg1_M_500_N_2048_WarpSpecializedOnTIDyRegisterSharing_64_168_CpAsyncBulkTensorTile" value_param="(2, -1, 500, 2048, (&apos;nvfuser::WarpSpecialized(index = 1)&apos; with value WarpSpecializedOnTIDyRegisterSharing_64_168), CpAsyncBulkTensorTile)" file="/opt/pytorch/nvfuser/tests/cpp/test_circular_buffering.cpp" line="1583" status="run" result="skipped" time="0." timestamp="2025-04-30T07:33:57.551" classname="Hopper/TmaCircularBufferingTest">
      <skipped message="/opt/pytorch/nvfuser/tests/cpp/test_circular_buffering.cpp:1584&#x0A;Needs shared memory predicate, but current needsSharedMemoryPredicate() returns false&#x0A;"><![CDATA[/opt/pytorch/nvfuser/tests/cpp/test_circular_buffering.cpp:1584
Needs shared memory predicate, but current needsSharedMemoryPredicate() returns false
]]></skipped>
    </testcase>
    <testcase name="PointwiseCpAsync/stage_2_prefetch_neg1_M_1024_N_2048_WarpSpecializedOnTIDyRegisterSharing_64_168_CpAsyncBulk" value_param="(2, -1, 1024, 2048, (&apos;nvfuser::WarpSpecialized(index = 1)&apos; with value WarpSpecializedOnTIDyRegisterSharing_64_168), CpAsyncBulk)" file="/opt/pytorch/nvfuser/tests/cpp/test_circular_buffering.cpp" line="1583" status="run" result="skipped" time="0." timestamp="2025-04-30T07:33:57.551" classname="Hopper/TmaCircularBufferingTest">
      <skipped message="/opt/pytorch/nvfuser/tests/cpp/test_circular_buffering.cpp:1584&#x0A;Needs shared memory predicate, but current needsSharedMemoryPredicate() returns false&#x0A;"><![CDATA[/opt/pytorch/nvfuser/tests/cpp/test_circular_buffering.cpp:1584
Needs shared memory predicate, but current needsSharedMemoryPredicate() returns false
]]></skipped>
    </testcase>
    <testcase name="PointwiseCpAsync/stage_2_prefetch_0_M_128_N_1024_WarpSpecializedOnTIDyRegisterSharing_None_CpAsyncBulkTensorTile" value_param="(2, 0, 128, 1024, (&apos;nvfuser::WarpSpecialized(index = 1)&apos; with value WarpSpecializedOnTIDyRegisterSharing_None), CpAsyncBulkTensorTile)" file="/opt/pytorch/nvfuser/tests/cpp/test_circular_buffering.cpp" line="1583" status="run" result="skipped" time="0." timestamp="2025-04-30T07:33:57.551" classname="Hopper/TmaCircularBufferingTest">
      <skipped message="/opt/pytorch/nvfuser/tests/cpp/test_circular_buffering.cpp:1584&#x0A;Needs shared memory predicate, but current needsSharedMemoryPredicate() returns false&#x0A;"><![CDATA[/opt/pytorch/nvfuser/tests/cpp/test_circular_buffering.cpp:1584
Needs shared memory predicate, but current needsSharedMemoryPredicate() returns false
]]></skipped>
    </testcase>
    <testcase name="PointwiseCpAsync/stage_2_prefetch_0_M_500_N_1024_Pipelined_CpAsyncBulk" value_param="(2, 0, 500, 1024, (&apos;nvfuser::Pipelined(index = 0)&apos; with value Pipelined), CpAsyncBulk)" file="/opt/pytorch/nvfuser/tests/cpp/test_circular_buffering.cpp" line="1583" status="run" result="skipped" time="0." timestamp="2025-04-30T07:33:57.551" classname="Hopper/TmaCircularBufferingTest">
      <skipped message="/opt/pytorch/nvfuser/tests/cpp/test_circular_buffering.cpp:1584&#x0A;Needs shared memory predicate, but current needsSharedMemoryPredicate() returns false&#x0A;"><![CDATA[/opt/pytorch/nvfuser/tests/cpp/test_circular_buffering.cpp:1584
Needs shared memory predicate, but current needsSharedMemoryPredicate() returns false
]]></skipped>
    </testcase>
    <testcase name="PointwiseCpAsync/stage_2_prefetch_0_M_500_N_2048_WarpSpecializedOnTIDyRegisterSharing_None_CpAsyncBulkTensorTile" value_param="(2, 0, 500, 2048, (&apos;nvfuser::WarpSpecialized(index = 1)&apos; with value WarpSpecializedOnTIDyRegisterSharing_None), CpAsyncBulkTensorTile)" file="/opt/pytorch/nvfuser/tests/cpp/test_circular_buffering.cpp" line="1583" status="run" result="skipped" time="0." timestamp="2025-04-30T07:33:57.551" classname="Hopper/TmaCircularBufferingTest">
      <skipped message="/opt/pytorch/nvfuser/tests/cpp/test_circular_buffering.cpp:1584&#x0A;Needs shared memory predicate, but current needsSharedMemoryPredicate() returns false&#x0A;"><![CDATA[/opt/pytorch/nvfuser/tests/cpp/test_circular_buffering.cpp:1584
Needs shared memory predicate, but current needsSharedMemoryPredicate() returns false
]]></skipped>
    </testcase>
    <testcase name="PointwiseCpAsync/stage_2_prefetch_0_M_1024_N_2048_Pipelined_CpAsyncBulk" value_param="(2, 0, 1024, 2048, (&apos;nvfuser::Pipelined(index = 0)&apos; with value Pipelined), CpAsyncBulk)" file="/opt/pytorch/nvfuser/tests/cpp/test_circular_buffering.cpp" line="1583" status="run" result="skipped" time="0." timestamp="2025-04-30T07:33:57.551" classname="Hopper/TmaCircularBufferingTest">
      <skipped message="/opt/pytorch/nvfuser/tests/cpp/test_circular_buffering.cpp:1584&#x0A;Needs shared memory predicate, but current needsSharedMemoryPredicate() returns false&#x0A;"><![CDATA[/opt/pytorch/nvfuser/tests/cpp/test_circular_buffering.cpp:1584
Needs shared memory predicate, but current needsSharedMemoryPredicate() returns false
]]></skipped>
    </testcase>
    <testcase name="PointwiseCpAsync/stage_2_prefetch_1_M_128_N_1024_WarpSpecializedOnTIDxRegisterSharing_64_168_CpAsyncBulkTensorTile" value_param="(2, 1, 128, 1024, (&apos;nvfuser::WarpSpecialized(index = 1)&apos; with value WarpSpecializedOnTIDxRegisterSharing_64_168), CpAsyncBulkTensorTile)" file="/opt/pytorch/nvfuser/tests/cpp/test_circular_buffering.cpp" line="1583" status="run" result="skipped" time="0." timestamp="2025-04-30T07:33:57.551" classname="Hopper/TmaCircularBufferingTest">
      <skipped message="/opt/pytorch/nvfuser/tests/cpp/test_circular_buffering.cpp:1584&#x0A;Needs shared memory predicate, but current needsSharedMemoryPredicate() returns false&#x0A;"><![CDATA[/opt/pytorch/nvfuser/tests/cpp/test_circular_buffering.cpp:1584
Needs shared memory predicate, but current needsSharedMemoryPredicate() returns false
]]></skipped>
    </testcase>
    <testcase name="PointwiseCpAsync/stage_2_prefetch_1_M_500_N_1024_WarpSpecializedOnTIDyRegisterSharing_64_168_CpAsyncBulk" value_param="(2, 1, 500, 1024, (&apos;nvfuser::WarpSpecialized(index = 1)&apos; with value WarpSpecializedOnTIDyRegisterSharing_64_168), CpAsyncBulk)" file="/opt/pytorch/nvfuser/tests/cpp/test_circular_buffering.cpp" line="1583" status="run" result="skipped" time="0." timestamp="2025-04-30T07:33:57.551" classname="Hopper/TmaCircularBufferingTest">
      <skipped message="/opt/pytorch/nvfuser/tests/cpp/test_circular_buffering.cpp:1584&#x0A;Needs shared memory predicate, but current needsSharedMemoryPredicate() returns false&#x0A;"><![CDATA[/opt/pytorch/nvfuser/tests/cpp/test_circular_buffering.cpp:1584
Needs shared memory predicate, but current needsSharedMemoryPredicate() returns false
]]></skipped>
    </testcase>
    <testcase name="PointwiseCpAsync/stage_2_prefetch_1_M_500_N_2048_WarpSpecializedOnTIDyRegisterSharing_64_168_CpAsyncBulkTensorTile" value_param="(2, 1, 500, 2048, (&apos;nvfuser::WarpSpecialized(index = 1)&apos; with value WarpSpecializedOnTIDyRegisterSharing_64_168), CpAsyncBulkTensorTile)" file="/opt/pytorch/nvfuser/tests/cpp/test_circular_buffering.cpp" line="1583" status="run" result="skipped" time="0." timestamp="2025-04-30T07:33:57.551" classname="Hopper/TmaCircularBufferingTest">
      <skipped message="/opt/pytorch/nvfuser/tests/cpp/test_circular_buffering.cpp:1584&#x0A;Needs shared memory predicate, but current needsSharedMemoryPredicate() returns false&#x0A;"><![CDATA[/opt/pytorch/nvfuser/tests/cpp/test_circular_buffering.cpp:1584
Needs shared memory predicate, but current needsSharedMemoryPredicate() returns false
]]></skipped>
    </testcase>
    <testcase name="PointwiseCpAsync/stage_2_prefetch_1_M_1024_N_2048_WarpSpecializedOnTIDyRegisterSharing_64_168_CpAsyncBulk" value_param="(2, 1, 1024, 2048, (&apos;nvfuser::WarpSpecialized(index = 1)&apos; with value WarpSpecializedOnTIDyRegisterSharing_64_168), CpAsyncBulk)" file="/opt/pytorch/nvfuser/tests/cpp/test_circular_buffering.cpp" line="1583" status="run" result="skipped" time="0." timestamp="2025-04-30T07:33:57.551" classname="Hopper/TmaCircularBufferingTest">
      <skipped message="/opt/pytorch/nvfuser/tests/cpp/test_circular_buffering.cpp:1584&#x0A;Needs shared memory predicate, but current needsSharedMemoryPredicate() returns false&#x0A;"><![CDATA[/opt/pytorch/nvfuser/tests/cpp/test_circular_buffering.cpp:1584
Needs shared memory predicate, but current needsSharedMemoryPredicate() returns false
]]></skipped>
    </testcase>
    <testcase name="PointwiseCpAsync/stage_4_prefetch_neg4_M_128_N_1024_PipelinedMBarrierForWAR_CpAsyncBulkTensorTile" value_param="(4, -4, 128, 1024, (&apos;nvfuser::Pipelined(index = 0)&apos; with value PipelinedMBarrierForWAR), CpAsyncBulkTensorTile)" file="/opt/pytorch/nvfuser/tests/cpp/test_circular_buffering.cpp" line="1583" status="run" result="skipped" time="0." timestamp="2025-04-30T07:33:57.551" classname="Hopper/TmaCircularBufferingTest">
      <skipped message="/opt/pytorch/nvfuser/tests/cpp/test_circular_buffering.cpp:1584&#x0A;Needs shared memory predicate, but current needsSharedMemoryPredicate() returns false&#x0A;"><![CDATA[/opt/pytorch/nvfuser/tests/cpp/test_circular_buffering.cpp:1584
Needs shared memory predicate, but current needsSharedMemoryPredicate() returns false
]]></skipped>
    </testcase>
    <testcase name="PointwiseCpAsync/stage_4_prefetch_neg4_M_500_N_1024_WarpSpecializedOnTIDxRegisterSharing_64_168_CpAsyncBulk" value_param="(4, -4, 500, 1024, (&apos;nvfuser::WarpSpecialized(index = 1)&apos; with value WarpSpecializedOnTIDxRegisterSharing_64_168), CpAsyncBulk)" file="/opt/pytorch/nvfuser/tests/cpp/test_circular_buffering.cpp" line="1583" status="run" result="skipped" time="0." timestamp="2025-04-30T07:33:57.551" classname="Hopper/TmaCircularBufferingTest">
      <skipped message="/opt/pytorch/nvfuser/tests/cpp/test_circular_buffering.cpp:1584&#x0A;Needs shared memory predicate, but current needsSharedMemoryPredicate() returns false&#x0A;"><![CDATA[/opt/pytorch/nvfuser/tests/cpp/test_circular_buffering.cpp:1584
Needs shared memory predicate, but current needsSharedMemoryPredicate() returns false
]]></skipped>
    </testcase>
    <testcase name="PointwiseCpAsync/stage_4_prefetch_neg4_M_500_N_2048_WarpSpecializedOnTIDxRegisterSharing_None_CpAsyncBulkTensorTile" value_param="(4, -4, 500, 2048, (&apos;nvfuser::WarpSpecialized(index = 1)&apos; with value WarpSpecializedOnTIDxRegisterSharing_None), CpAsyncBulkTensorTile)" file="/opt/pytorch/nvfuser/tests/cpp/test_circular_buffering.cpp" line="1583" status="run" result="skipped" time="0." timestamp="2025-04-30T07:33:57.551" classname="Hopper/TmaCircularBufferingTest">
      <skipped message="/opt/pytorch/nvfuser/tests/cpp/test_circular_buffering.cpp:1584&#x0A;Needs shared memory predicate, but current needsSharedMemoryPredicate() returns false&#x0A;"><![CDATA[/opt/pytorch/nvfuser/tests/cpp/test_circular_buffering.cpp:1584
Needs shared memory predicate, but current needsSharedMemoryPredicate() returns false
]]></skipped>
    </testcase>
    <testcase name="PointwiseCpAsync/stage_4_prefetch_neg4_M_1024_N_2048_WarpSpecializedOnTIDyRegisterSharing_64_168_CpAsyncBulk" value_param="(4, -4, 1024, 2048, (&apos;nvfuser::WarpSpecialized(index = 1)&apos; with value WarpSpecializedOnTIDyRegisterSharing_64_168), CpAsyncBulk)" file="/opt/pytorch/nvfuser/tests/cpp/test_circular_buffering.cpp" line="1583" status="run" result="skipped" time="0." timestamp="2025-04-30T07:33:57.551" classname="Hopper/TmaCircularBufferingTest">
      <skipped message="/opt/pytorch/nvfuser/tests/cpp/test_circular_buffering.cpp:1584&#x0A;Needs shared memory predicate, but current needsSharedMemoryPredicate() returns false&#x0A;"><![CDATA[/opt/pytorch/nvfuser/tests/cpp/test_circular_buffering.cpp:1584
Needs shared memory predicate, but current needsSharedMemoryPredicate() returns false
]]></skipped>
    </testcase>
    <testcase name="PointwiseCpAsync/stage_4_prefetch_neg3_M_128_N_1024_WarpSpecializedOnTIDxRegisterSharing_None_CpAsyncBulkTensorTile" value_param="(4, -3, 128, 1024, (&apos;nvfuser::WarpSpecialized(index = 1)&apos; with value WarpSpecializedOnTIDxRegisterSharing_None), CpAsyncBulkTensorTile)" file="/opt/pytorch/nvfuser/tests/cpp/test_circular_buffering.cpp" line="1583" status="run" result="skipped" time="0." timestamp="2025-04-30T07:33:57.551" classname="Hopper/TmaCircularBufferingTest">
      <skipped message="/opt/pytorch/nvfuser/tests/cpp/test_circular_buffering.cpp:1584&#x0A;Needs shared memory predicate, but current needsSharedMemoryPredicate() returns false&#x0A;"><![CDATA[/opt/pytorch/nvfuser/tests/cpp/test_circular_buffering.cpp:1584
Needs shared memory predicate, but current needsSharedMemoryPredicate() returns false
]]></skipped>
    </testcase>
    <testcase name="PointwiseCpAsync/stage_4_prefetch_neg3_M_500_N_1024_WarpSpecializedOnTIDyRegisterSharing_None_CpAsyncBulk" value_param="(4, -3, 500, 1024, (&apos;nvfuser::WarpSpecialized(index = 1)&apos; with value WarpSpecializedOnTIDyRegisterSharing_None), CpAsyncBulk)" file="/opt/pytorch/nvfuser/tests/cpp/test_circular_buffering.cpp" line="1583" status="run" result="skipped" time="0." timestamp="2025-04-30T07:33:57.552" classname="Hopper/TmaCircularBufferingTest">
      <skipped message="/opt/pytorch/nvfuser/tests/cpp/test_circular_buffering.cpp:1584&#x0A;Needs shared memory predicate, but current needsSharedMemoryPredicate() returns false&#x0A;"><![CDATA[/opt/pytorch/nvfuser/tests/cpp/test_circular_buffering.cpp:1584
Needs shared memory predicate, but current needsSharedMemoryPredicate() returns false
]]></skipped>
    </testcase>
    <testcase name="PointwiseCpAsync/stage_4_prefetch_neg3_M_500_N_2048_WarpSpecializedOnTIDxRegisterSharing_64_168_CpAsyncBulkTensorTile" value_param="(4, -3, 500, 2048, (&apos;nvfuser::WarpSpecialized(index = 1)&apos; with value WarpSpecializedOnTIDxRegisterSharing_64_168), CpAsyncBulkTensorTile)" file="/opt/pytorch/nvfuser/tests/cpp/test_circular_buffering.cpp" line="1583" status="run" result="skipped" time="0." timestamp="2025-04-30T07:33:57.552" classname="Hopper/TmaCircularBufferingTest">
      <skipped message="/opt/pytorch/nvfuser/tests/cpp/test_circular_buffering.cpp:1584&#x0A;Needs shared memory predicate, but current needsSharedMemoryPredicate() returns false&#x0A;"><![CDATA[/opt/pytorch/nvfuser/tests/cpp/test_circular_buffering.cpp:1584
Needs shared memory predicate, but current needsSharedMemoryPredicate() returns false
]]></skipped>
    </testcase>
    <testcase name="PointwiseCpAsync/stage_4_prefetch_neg3_M_1024_N_2048_WarpSpecializedOnTIDxRegisterSharing_None_CpAsyncBulk" value_param="(4, -3, 1024, 2048, (&apos;nvfuser::WarpSpecialized(index = 1)&apos; with value WarpSpecializedOnTIDxRegisterSharing_None), CpAsyncBulk)" file="/opt/pytorch/nvfuser/tests/cpp/test_circular_buffering.cpp" line="1583" status="run" result="skipped" time="0." timestamp="2025-04-30T07:33:57.552" classname="Hopper/TmaCircularBufferingTest">
      <skipped message="/opt/pytorch/nvfuser/tests/cpp/test_circular_buffering.cpp:1584&#x0A;Needs shared memory predicate, but current needsSharedMemoryPredicate() returns false&#x0A;"><![CDATA[/opt/pytorch/nvfuser/tests/cpp/test_circular_buffering.cpp:1584
Needs shared memory predicate, but current needsSharedMemoryPredicate() returns false
]]></skipped>
    </testcase>
    <testcase name="PointwiseCpAsync/stage_4_prefetch_neg2_M_128_N_1024_Pipelined_CpAsyncBulkTensorTile" value_param="(4, -2, 128, 1024, (&apos;nvfuser::Pipelined(index = 0)&apos; with value Pipelined), CpAsyncBulkTensorTile)" file="/opt/pytorch/nvfuser/tests/cpp/test_circular_buffering.cpp" line="1583" status="run" result="skipped" time="0." timestamp="2025-04-30T07:33:57.552" classname="Hopper/TmaCircularBufferingTest">
      <skipped message="/opt/pytorch/nvfuser/tests/cpp/test_circular_buffering.cpp:1584&#x0A;Needs shared memory predicate, but current needsSharedMemoryPredicate() returns false&#x0A;"><![CDATA[/opt/pytorch/nvfuser/tests/cpp/test_circular_buffering.cpp:1584
Needs shared memory predicate, but current needsSharedMemoryPredicate() returns false
]]></skipped>
    </testcase>
    <testcase name="PointwiseCpAsync/stage_4_prefetch_neg2_M_500_N_1024_Pipelined_CpAsyncBulk" value_param="(4, -2, 500, 1024, (&apos;nvfuser::Pipelined(index = 0)&apos; with value Pipelined), CpAsyncBulk)" file="/opt/pytorch/nvfuser/tests/cpp/test_circular_buffering.cpp" line="1583" status="run" result="skipped" time="0." timestamp="2025-04-30T07:33:57.552" classname="Hopper/TmaCircularBufferingTest">
      <skipped message="/opt/pytorch/nvfuser/tests/cpp/test_circular_buffering.cpp:1584&#x0A;Needs shared memory predicate, but current needsSharedMemoryPredicate() returns false&#x0A;"><![CDATA[/opt/pytorch/nvfuser/tests/cpp/test_circular_buffering.cpp:1584
Needs shared memory predicate, but current needsSharedMemoryPredicate() returns false
]]></skipped>
    </testcase>
    <testcase name="PointwiseCpAsync/stage_4_prefetch_neg2_M_500_N_2048_WarpSpecializedOnTIDyRegisterSharing_None_CpAsyncBulkTensorTile" value_param="(4, -2, 500, 2048, (&apos;nvfuser::WarpSpecialized(index = 1)&apos; with value WarpSpecializedOnTIDyRegisterSharing_None), CpAsyncBulkTensorTile)" file="/opt/pytorch/nvfuser/tests/cpp/test_circular_buffering.cpp" line="1583" status="run" result="skipped" time="0." timestamp="2025-04-30T07:33:57.552" classname="Hopper/TmaCircularBufferingTest">
      <skipped message="/opt/pytorch/nvfuser/tests/cpp/test_circular_buffering.cpp:1584&#x0A;Needs shared memory predicate, but current needsSharedMemoryPredicate() returns false&#x0A;"><![CDATA[/opt/pytorch/nvfuser/tests/cpp/test_circular_buffering.cpp:1584
Needs shared memory predicate, but current needsSharedMemoryPredicate() returns false
]]></skipped>
    </testcase>
    <testcase name="PointwiseCpAsync/stage_4_prefetch_neg2_M_1024_N_2048_Pipelined_CpAsyncBulk" value_param="(4, -2, 1024, 2048, (&apos;nvfuser::Pipelined(index = 0)&apos; with value Pipelined), CpAsyncBulk)" file="/opt/pytorch/nvfuser/tests/cpp/test_circular_buffering.cpp" line="1583" status="run" result="skipped" time="0." timestamp="2025-04-30T07:33:57.552" classname="Hopper/TmaCircularBufferingTest">
      <skipped message="/opt/pytorch/nvfuser/tests/cpp/test_circular_buffering.cpp:1584&#x0A;Needs shared memory predicate, but current needsSharedMemoryPredicate() returns false&#x0A;"><![CDATA[/opt/pytorch/nvfuser/tests/cpp/test_circular_buffering.cpp:1584
Needs shared memory predicate, but current needsSharedMemoryPredicate() returns false
]]></skipped>
    </testcase>
    <testcase name="PointwiseCpAsync/stage_4_prefetch_neg1_M_128_N_1024_Pipelined_CpAsyncBulkTensorTile" value_param="(4, -1, 128, 1024, (&apos;nvfuser::Pipelined(index = 0)&apos; with value Pipelined), CpAsyncBulkTensorTile)" file="/opt/pytorch/nvfuser/tests/cpp/test_circular_buffering.cpp" line="1583" status="run" result="skipped" time="0." timestamp="2025-04-30T07:33:57.552" classname="Hopper/TmaCircularBufferingTest">
      <skipped message="/opt/pytorch/nvfuser/tests/cpp/test_circular_buffering.cpp:1584&#x0A;Needs shared memory predicate, but current needsSharedMemoryPredicate() returns false&#x0A;"><![CDATA[/opt/pytorch/nvfuser/tests/cpp/test_circular_buffering.cpp:1584
Needs shared memory predicate, but current needsSharedMemoryPredicate() returns false
]]></skipped>
    </testcase>
    <testcase name="PointwiseCpAsync/stage_4_prefetch_neg1_M_500_N_1024_WarpSpecializedOnTIDyRegisterSharing_None_CpAsyncBulk" value_param="(4, -1, 500, 1024, (&apos;nvfuser::WarpSpecialized(index = 1)&apos; with value WarpSpecializedOnTIDyRegisterSharing_None), CpAsyncBulk)" file="/opt/pytorch/nvfuser/tests/cpp/test_circular_buffering.cpp" line="1583" status="run" result="skipped" time="0." timestamp="2025-04-30T07:33:57.552" classname="Hopper/TmaCircularBufferingTest">
      <skipped message="/opt/pytorch/nvfuser/tests/cpp/test_circular_buffering.cpp:1584&#x0A;Needs shared memory predicate, but current needsSharedMemoryPredicate() returns false&#x0A;"><![CDATA[/opt/pytorch/nvfuser/tests/cpp/test_circular_buffering.cpp:1584
Needs shared memory predicate, but current needsSharedMemoryPredicate() returns false
]]></skipped>
    </testcase>
    <testcase name="PointwiseCpAsync/stage_4_prefetch_neg1_M_500_N_2048_WarpSpecializedOnTIDyRegisterSharing_64_168_CpAsyncBulkTensorTile" value_param="(4, -1, 500, 2048, (&apos;nvfuser::WarpSpecialized(index = 1)&apos; with value WarpSpecializedOnTIDyRegisterSharing_64_168), CpAsyncBulkTensorTile)" file="/opt/pytorch/nvfuser/tests/cpp/test_circular_buffering.cpp" line="1583" status="run" result="skipped" time="0." timestamp="2025-04-30T07:33:57.552" classname="Hopper/TmaCircularBufferingTest">
      <skipped message="/opt/pytorch/nvfuser/tests/cpp/test_circular_buffering.cpp:1584&#x0A;Needs shared memory predicate, but current needsSharedMemoryPredicate() returns false&#x0A;"><![CDATA[/opt/pytorch/nvfuser/tests/cpp/test_circular_buffering.cpp:1584
Needs shared memory predicate, but current needsSharedMemoryPredicate() returns false
]]></skipped>
    </testcase>
    <testcase name="PointwiseCpAsync/stage_4_prefetch_neg1_M_1024_N_2048_WarpSpecializedOnTIDxRegisterSharing_64_168_CpAsyncBulk" value_param="(4, -1, 1024, 2048, (&apos;nvfuser::WarpSpecialized(index = 1)&apos; with value WarpSpecializedOnTIDxRegisterSharing_64_168), CpAsyncBulk)" file="/opt/pytorch/nvfuser/tests/cpp/test_circular_buffering.cpp" line="1583" status="run" result="skipped" time="0." timestamp="2025-04-30T07:33:57.552" classname="Hopper/TmaCircularBufferingTest">
      <skipped message="/opt/pytorch/nvfuser/tests/cpp/test_circular_buffering.cpp:1584&#x0A;Needs shared memory predicate, but current needsSharedMemoryPredicate() returns false&#x0A;"><![CDATA[/opt/pytorch/nvfuser/tests/cpp/test_circular_buffering.cpp:1584
Needs shared memory predicate, but current needsSharedMemoryPredicate() returns false
]]></skipped>
    </testcase>
    <testcase name="PointwiseCpAsync/stage_4_prefetch_0_M_128_N_1024_PipelinedMBarrierForWAR_CpAsyncBulkTensorTile" value_param="(4, 0, 128, 1024, (&apos;nvfuser::Pipelined(index = 0)&apos; with value PipelinedMBarrierForWAR), CpAsyncBulkTensorTile)" file="/opt/pytorch/nvfuser/tests/cpp/test_circular_buffering.cpp" line="1583" status="run" result="skipped" time="0." timestamp="2025-04-30T07:33:57.552" classname="Hopper/TmaCircularBufferingTest">
      <skipped message="/opt/pytorch/nvfuser/tests/cpp/test_circular_buffering.cpp:1584&#x0A;Needs shared memory predicate, but current needsSharedMemoryPredicate() returns false&#x0A;"><![CDATA[/opt/pytorch/nvfuser/tests/cpp/test_circular_buffering.cpp:1584
Needs shared memory predicate, but current needsSharedMemoryPredicate() returns false
]]></skipped>
    </testcase>
    <testcase name="PointwiseCpAsync/stage_4_prefetch_0_M_500_N_1024_WarpSpecializedOnTIDyRegisterSharing_64_168_CpAsyncBulk" value_param="(4, 0, 500, 1024, (&apos;nvfuser::WarpSpecialized(index = 1)&apos; with value WarpSpecializedOnTIDyRegisterSharing_64_168), CpAsyncBulk)" file="/opt/pytorch/nvfuser/tests/cpp/test_circular_buffering.cpp" line="1583" status="run" result="skipped" time="0." timestamp="2025-04-30T07:33:57.552" classname="Hopper/TmaCircularBufferingTest">
      <skipped message="/opt/pytorch/nvfuser/tests/cpp/test_circular_buffering.cpp:1584&#x0A;Needs shared memory predicate, but current needsSharedMemoryPredicate() returns false&#x0A;"><![CDATA[/opt/pytorch/nvfuser/tests/cpp/test_circular_buffering.cpp:1584
Needs shared memory predicate, but current needsSharedMemoryPredicate() returns false
]]></skipped>
    </testcase>
    <testcase name="PointwiseCpAsync/stage_4_prefetch_0_M_500_N_2048_WarpSpecializedOnTIDyRegisterSharing_None_CpAsyncBulkTensorTile" value_param="(4, 0, 500, 2048, (&apos;nvfuser::WarpSpecialized(index = 1)&apos; with value WarpSpecializedOnTIDyRegisterSharing_None), CpAsyncBulkTensorTile)" file="/opt/pytorch/nvfuser/tests/cpp/test_circular_buffering.cpp" line="1583" status="run" result="skipped" time="0." timestamp="2025-04-30T07:33:57.552" classname="Hopper/TmaCircularBufferingTest">
      <skipped message="/opt/pytorch/nvfuser/tests/cpp/test_circular_buffering.cpp:1584&#x0A;Needs shared memory predicate, but current needsSharedMemoryPredicate() returns false&#x0A;"><![CDATA[/opt/pytorch/nvfuser/tests/cpp/test_circular_buffering.cpp:1584
Needs shared memory predicate, but current needsSharedMemoryPredicate() returns false
]]></skipped>
    </testcase>
    <testcase name="PointwiseCpAsync/stage_4_prefetch_0_M_1024_N_2048_WarpSpecializedOnTIDxRegisterSharing_64_168_CpAsyncBulk" value_param="(4, 0, 1024, 2048, (&apos;nvfuser::WarpSpecialized(index = 1)&apos; with value WarpSpecializedOnTIDxRegisterSharing_64_168), CpAsyncBulk)" file="/opt/pytorch/nvfuser/tests/cpp/test_circular_buffering.cpp" line="1583" status="run" result="skipped" time="0." timestamp="2025-04-30T07:33:57.552" classname="Hopper/TmaCircularBufferingTest">
      <skipped message="/opt/pytorch/nvfuser/tests/cpp/test_circular_buffering.cpp:1584&#x0A;Needs shared memory predicate, but current needsSharedMemoryPredicate() returns false&#x0A;"><![CDATA[/opt/pytorch/nvfuser/tests/cpp/test_circular_buffering.cpp:1584
Needs shared memory predicate, but current needsSharedMemoryPredicate() returns false
]]></skipped>
    </testcase>
    <testcase name="PointwiseCpAsync/stage_4_prefetch_1_M_128_N_1024_WarpSpecializedOnTIDxRegisterSharing_64_168_CpAsyncBulkTensorTile" value_param="(4, 1, 128, 1024, (&apos;nvfuser::WarpSpecialized(index = 1)&apos; with value WarpSpecializedOnTIDxRegisterSharing_64_168), CpAsyncBulkTensorTile)" file="/opt/pytorch/nvfuser/tests/cpp/test_circular_buffering.cpp" line="1583" status="run" result="skipped" time="0." timestamp="2025-04-30T07:33:57.552" classname="Hopper/TmaCircularBufferingTest">
      <skipped message="/opt/pytorch/nvfuser/tests/cpp/test_circular_buffering.cpp:1584&#x0A;Needs shared memory predicate, but current needsSharedMemoryPredicate() returns false&#x0A;"><![CDATA[/opt/pytorch/nvfuser/tests/cpp/test_circular_buffering.cpp:1584
Needs shared memory predicate, but current needsSharedMemoryPredicate() returns false
]]></skipped>
    </testcase>
    <testcase name="PointwiseCpAsync/stage_4_prefetch_1_M_500_N_1024_PipelinedMBarrierForWAR_CpAsyncBulk" value_param="(4, 1, 500, 1024, (&apos;nvfuser::Pipelined(index = 0)&apos; with value PipelinedMBarrierForWAR), CpAsyncBulk)" file="/opt/pytorch/nvfuser/tests/cpp/test_circular_buffering.cpp" line="1583" status="run" result="skipped" time="0." timestamp="2025-04-30T07:33:57.552" classname="Hopper/TmaCircularBufferingTest">
      <skipped message="/opt/pytorch/nvfuser/tests/cpp/test_circular_buffering.cpp:1584&#x0A;Needs shared memory predicate, but current needsSharedMemoryPredicate() returns false&#x0A;"><![CDATA[/opt/pytorch/nvfuser/tests/cpp/test_circular_buffering.cpp:1584
Needs shared memory predicate, but current needsSharedMemoryPredicate() returns false
]]></skipped>
    </testcase>
    <testcase name="PointwiseCpAsync/stage_4_prefetch_1_M_500_N_2048_WarpSpecializedOnTIDyRegisterSharing_None_CpAsyncBulkTensorTile" value_param="(4, 1, 500, 2048, (&apos;nvfuser::WarpSpecialized(index = 1)&apos; with value WarpSpecializedOnTIDyRegisterSharing_None), CpAsyncBulkTensorTile)" file="/opt/pytorch/nvfuser/tests/cpp/test_circular_buffering.cpp" line="1583" status="run" result="skipped" time="0." timestamp="2025-04-30T07:33:57.552" classname="Hopper/TmaCircularBufferingTest">
      <skipped message="/opt/pytorch/nvfuser/tests/cpp/test_circular_buffering.cpp:1584&#x0A;Needs shared memory predicate, but current needsSharedMemoryPredicate() returns false&#x0A;"><![CDATA[/opt/pytorch/nvfuser/tests/cpp/test_circular_buffering.cpp:1584
Needs shared memory predicate, but current needsSharedMemoryPredicate() returns false
]]></skipped>
    </testcase>
    <testcase name="PointwiseCpAsync/stage_4_prefetch_1_M_1024_N_2048_WarpSpecializedOnTIDyRegisterSharing_64_168_CpAsyncBulk" value_param="(4, 1, 1024, 2048, (&apos;nvfuser::WarpSpecialized(index = 1)&apos; with value WarpSpecializedOnTIDyRegisterSharing_64_168), CpAsyncBulk)" file="/opt/pytorch/nvfuser/tests/cpp/test_circular_buffering.cpp" line="1583" status="run" result="skipped" time="0." timestamp="2025-04-30T07:33:57.552" classname="Hopper/TmaCircularBufferingTest">
      <skipped message="/opt/pytorch/nvfuser/tests/cpp/test_circular_buffering.cpp:1584&#x0A;Needs shared memory predicate, but current needsSharedMemoryPredicate() returns false&#x0A;"><![CDATA[/opt/pytorch/nvfuser/tests/cpp/test_circular_buffering.cpp:1584
Needs shared memory predicate, but current needsSharedMemoryPredicate() returns false
]]></skipped>
    </testcase>
    <testcase name="PointwiseCpAsync/stage_4_prefetch_2_M_128_N_1024_WarpSpecializedOnTIDxRegisterSharing_64_168_CpAsyncBulkTensorTile" value_param="(4, 2, 128, 1024, (&apos;nvfuser::WarpSpecialized(index = 1)&apos; with value WarpSpecializedOnTIDxRegisterSharing_64_168), CpAsyncBulkTensorTile)" file="/opt/pytorch/nvfuser/tests/cpp/test_circular_buffering.cpp" line="1583" status="run" result="skipped" time="0." timestamp="2025-04-30T07:33:57.552" classname="Hopper/TmaCircularBufferingTest">
      <skipped message="/opt/pytorch/nvfuser/tests/cpp/test_circular_buffering.cpp:1584&#x0A;Needs shared memory predicate, but current needsSharedMemoryPredicate() returns false&#x0A;"><![CDATA[/opt/pytorch/nvfuser/tests/cpp/test_circular_buffering.cpp:1584
Needs shared memory predicate, but current needsSharedMemoryPredicate() returns false
]]></skipped>
    </testcase>
    <testcase name="PointwiseCpAsync/stage_4_prefetch_2_M_500_N_1024_WarpSpecializedOnTIDyRegisterSharing_64_168_CpAsyncBulk" value_param="(4, 2, 500, 1024, (&apos;nvfuser::WarpSpecialized(index = 1)&apos; with value WarpSpecializedOnTIDyRegisterSharing_64_168), CpAsyncBulk)" file="/opt/pytorch/nvfuser/tests/cpp/test_circular_buffering.cpp" line="1583" status="run" result="skipped" time="0." timestamp="2025-04-30T07:33:57.552" classname="Hopper/TmaCircularBufferingTest">
      <skipped message="/opt/pytorch/nvfuser/tests/cpp/test_circular_buffering.cpp:1584&#x0A;Needs shared memory predicate, but current needsSharedMemoryPredicate() returns false&#x0A;"><![CDATA[/opt/pytorch/nvfuser/tests/cpp/test_circular_buffering.cpp:1584
Needs shared memory predicate, but current needsSharedMemoryPredicate() returns false
]]></skipped>
    </testcase>
    <testcase name="PointwiseCpAsync/stage_4_prefetch_2_M_500_N_2048_WarpSpecializedOnTIDyRegisterSharing_64_168_CpAsyncBulkTensorTile" value_param="(4, 2, 500, 2048, (&apos;nvfuser::WarpSpecialized(index = 1)&apos; with value WarpSpecializedOnTIDyRegisterSharing_64_168), CpAsyncBulkTensorTile)" file="/opt/pytorch/nvfuser/tests/cpp/test_circular_buffering.cpp" line="1583" status="run" result="skipped" time="0." timestamp="2025-04-30T07:33:57.552" classname="Hopper/TmaCircularBufferingTest">
      <skipped message="/opt/pytorch/nvfuser/tests/cpp/test_circular_buffering.cpp:1584&#x0A;Needs shared memory predicate, but current needsSharedMemoryPredicate() returns false&#x0A;"><![CDATA[/opt/pytorch/nvfuser/tests/cpp/test_circular_buffering.cpp:1584
Needs shared memory predicate, but current needsSharedMemoryPredicate() returns false
]]></skipped>
    </testcase>
    <testcase name="PointwiseCpAsync/stage_4_prefetch_2_M_1024_N_2048_Pipelined_CpAsyncBulk" value_param="(4, 2, 1024, 2048, (&apos;nvfuser::Pipelined(index = 0)&apos; with value Pipelined), CpAsyncBulk)" file="/opt/pytorch/nvfuser/tests/cpp/test_circular_buffering.cpp" line="1583" status="run" result="skipped" time="0." timestamp="2025-04-30T07:33:57.552" classname="Hopper/TmaCircularBufferingTest">
      <skipped message="/opt/pytorch/nvfuser/tests/cpp/test_circular_buffering.cpp:1584&#x0A;Needs shared memory predicate, but current needsSharedMemoryPredicate() returns false&#x0A;"><![CDATA[/opt/pytorch/nvfuser/tests/cpp/test_circular_buffering.cpp:1584
Needs shared memory predicate, but current needsSharedMemoryPredicate() returns false
]]></skipped>
    </testcase>
    <testcase name="PointwiseCpAsync/stage_4_prefetch_3_M_128_N_1024_PipelinedMBarrierForWAR_CpAsyncBulkTensorTile" value_param="(4, 3, 128, 1024, (&apos;nvfuser::Pipelined(index = 0)&apos; with value PipelinedMBarrierForWAR), CpAsyncBulkTensorTile)" file="/opt/pytorch/nvfuser/tests/cpp/test_circular_buffering.cpp" line="1583" status="run" result="skipped" time="0." timestamp="2025-04-30T07:33:57.552" classname="Hopper/TmaCircularBufferingTest">
      <skipped message="/opt/pytorch/nvfuser/tests/cpp/test_circular_buffering.cpp:1584&#x0A;Needs shared memory predicate, but current needsSharedMemoryPredicate() returns false&#x0A;"><![CDATA[/opt/pytorch/nvfuser/tests/cpp/test_circular_buffering.cpp:1584
Needs shared memory predicate, but current needsSharedMemoryPredicate() returns false
]]></skipped>
    </testcase>
    <testcase name="PointwiseCpAsync/stage_4_prefetch_3_M_500_N_1024_WarpSpecializedOnTIDxRegisterSharing_64_168_CpAsyncBulk" value_param="(4, 3, 500, 1024, (&apos;nvfuser::WarpSpecialized(index = 1)&apos; with value WarpSpecializedOnTIDxRegisterSharing_64_168), CpAsyncBulk)" file="/opt/pytorch/nvfuser/tests/cpp/test_circular_buffering.cpp" line="1583" status="run" result="skipped" time="0." timestamp="2025-04-30T07:33:57.552" classname="Hopper/TmaCircularBufferingTest">
      <skipped message="/opt/pytorch/nvfuser/tests/cpp/test_circular_buffering.cpp:1584&#x0A;Needs shared memory predicate, but current needsSharedMemoryPredicate() returns false&#x0A;"><![CDATA[/opt/pytorch/nvfuser/tests/cpp/test_circular_buffering.cpp:1584
Needs shared memory predicate, but current needsSharedMemoryPredicate() returns false
]]></skipped>
    </testcase>
    <testcase name="PointwiseCpAsync/stage_4_prefetch_3_M_500_N_2048_WarpSpecializedOnTIDxRegisterSharing_None_CpAsyncBulkTensorTile" value_param="(4, 3, 500, 2048, (&apos;nvfuser::WarpSpecialized(index = 1)&apos; with value WarpSpecializedOnTIDxRegisterSharing_None), CpAsyncBulkTensorTile)" file="/opt/pytorch/nvfuser/tests/cpp/test_circular_buffering.cpp" line="1583" status="run" result="skipped" time="0." timestamp="2025-04-30T07:33:57.552" classname="Hopper/TmaCircularBufferingTest">
      <skipped message="/opt/pytorch/nvfuser/tests/cpp/test_circular_buffering.cpp:1584&#x0A;Needs shared memory predicate, but current needsSharedMemoryPredicate() returns false&#x0A;"><![CDATA[/opt/pytorch/nvfuser/tests/cpp/test_circular_buffering.cpp:1584
Needs shared memory predicate, but current needsSharedMemoryPredicate() returns false
]]></skipped>
    </testcase>
    <testcase name="PointwiseCpAsync/stage_4_prefetch_3_M_1024_N_2048_WarpSpecializedOnTIDyRegisterSharing_64_168_CpAsyncBulk" value_param="(4, 3, 1024, 2048, (&apos;nvfuser::WarpSpecialized(index = 1)&apos; with value WarpSpecializedOnTIDyRegisterSharing_64_168), CpAsyncBulk)" file="/opt/pytorch/nvfuser/tests/cpp/test_circular_buffering.cpp" line="1583" status="run" result="skipped" time="0." timestamp="2025-04-30T07:33:57.552" classname="Hopper/TmaCircularBufferingTest">
      <skipped message="/opt/pytorch/nvfuser/tests/cpp/test_circular_buffering.cpp:1584&#x0A;Needs shared memory predicate, but current needsSharedMemoryPredicate() returns false&#x0A;"><![CDATA[/opt/pytorch/nvfuser/tests/cpp/test_circular_buffering.cpp:1584
Needs shared memory predicate, but current needsSharedMemoryPredicate() returns false
]]></skipped>
    </testcase>
    <testcase name="InnerReduction/stage_2_prefetch_neg2_M_128_N_1024_PipelinedMBarrierForWAR_CpAsyncBulkTensorTile" value_param="(2, -2, 128, 1024, (&apos;nvfuser::Pipelined(index = 0)&apos; with value PipelinedMBarrierForWAR), CpAsyncBulkTensorTile)" file="/opt/pytorch/nvfuser/tests/cpp/test_circular_buffering.cpp" line="1655" status="run" result="completed" time="0.102" timestamp="2025-04-30T07:33:57.552" classname="Hopper/TmaCircularBufferingTest" />
    <testcase name="InnerReduction/stage_2_prefetch_neg2_M_500_N_1024_PipelinedMBarrierForWAR_CpAsyncBulk" value_param="(2, -2, 500, 1024, (&apos;nvfuser::Pipelined(index = 0)&apos; with value PipelinedMBarrierForWAR), CpAsyncBulk)" file="/opt/pytorch/nvfuser/tests/cpp/test_circular_buffering.cpp" line="1655" status="run" result="completed" time="0.104" timestamp="2025-04-30T07:33:57.654" classname="Hopper/TmaCircularBufferingTest" />
    <testcase name="InnerReduction/stage_2_prefetch_neg2_M_500_N_2048_WarpSpecializedOnTIDyRegisterSharing_64_168_CpAsyncBulkTensorTile" value_param="(2, -2, 500, 2048, (&apos;nvfuser::WarpSpecialized(index = 1)&apos; with value WarpSpecializedOnTIDyRegisterSharing_64_168), CpAsyncBulkTensorTile)" file="/opt/pytorch/nvfuser/tests/cpp/test_circular_buffering.cpp" line="1655" status="run" result="completed" time="0.118" timestamp="2025-04-30T07:33:57.759" classname="Hopper/TmaCircularBufferingTest" />
    <testcase name="InnerReduction/stage_2_prefetch_neg2_M_1024_N_2048_WarpSpecializedOnTIDyRegisterSharing_64_168_CpAsyncBulk" value_param="(2, -2, 1024, 2048, (&apos;nvfuser::WarpSpecialized(index = 1)&apos; with value WarpSpecializedOnTIDyRegisterSharing_64_168), CpAsyncBulk)" file="/opt/pytorch/nvfuser/tests/cpp/test_circular_buffering.cpp" line="1655" status="run" result="completed" time="0.12" timestamp="2025-04-30T07:33:57.878" classname="Hopper/TmaCircularBufferingTest" />
    <testcase name="InnerReduction/stage_2_prefetch_neg1_M_128_N_1024_WarpSpecializedOnTIDyRegisterSharing_None_CpAsyncBulkTensorTile" value_param="(2, -1, 128, 1024, (&apos;nvfuser::WarpSpecialized(index = 1)&apos; with value WarpSpecializedOnTIDyRegisterSharing_None), CpAsyncBulkTensorTile)" file="/opt/pytorch/nvfuser/tests/cpp/test_circular_buffering.cpp" line="1655" status="run" result="completed" time="0.109" timestamp="2025-04-30T07:33:57.998" classname="Hopper/TmaCircularBufferingTest" />
    <testcase name="InnerReduction/stage_2_prefetch_neg1_M_500_N_1024_WarpSpecializedOnTIDyRegisterSharing_None_CpAsyncBulk" value_param="(2, -1, 500, 1024, (&apos;nvfuser::WarpSpecialized(index = 1)&apos; with value WarpSpecializedOnTIDyRegisterSharing_None), CpAsyncBulk)" file="/opt/pytorch/nvfuser/tests/cpp/test_circular_buffering.cpp" line="1655" status="run" result="completed" time="0.11" timestamp="2025-04-30T07:33:58.107" classname="Hopper/TmaCircularBufferingTest" />
    <testcase name="InnerReduction/stage_2_prefetch_neg1_M_500_N_2048_WarpSpecializedOnTIDyRegisterSharing_64_168_CpAsyncBulkTensorTile" value_param="(2, -1, 500, 2048, (&apos;nvfuser::WarpSpecialized(index = 1)&apos; with value WarpSpecializedOnTIDyRegisterSharing_64_168), CpAsyncBulkTensorTile)" file="/opt/pytorch/nvfuser/tests/cpp/test_circular_buffering.cpp" line="1655" status="run" result="completed" time="0.111" timestamp="2025-04-30T07:33:58.218" classname="Hopper/TmaCircularBufferingTest" />
    <testcase name="InnerReduction/stage_2_prefetch_neg1_M_1024_N_2048_WarpSpecializedOnTIDyRegisterSharing_64_168_CpAsyncBulk" value_param="(2, -1, 1024, 2048, (&apos;nvfuser::WarpSpecialized(index = 1)&apos; with value WarpSpecializedOnTIDyRegisterSharing_64_168), CpAsyncBulk)" file="/opt/pytorch/nvfuser/tests/cpp/test_circular_buffering.cpp" line="1655" status="run" result="completed" time="0.111" timestamp="2025-04-30T07:33:58.330" classname="Hopper/TmaCircularBufferingTest" />
    <testcase name="InnerReduction/stage_2_prefetch_0_M_128_N_1024_WarpSpecializedOnTIDyRegisterSharing_None_CpAsyncBulkTensorTile" value_param="(2, 0, 128, 1024, (&apos;nvfuser::WarpSpecialized(index = 1)&apos; with value WarpSpecializedOnTIDyRegisterSharing_None), CpAsyncBulkTensorTile)" file="/opt/pytorch/nvfuser/tests/cpp/test_circular_buffering.cpp" line="1655" status="run" result="completed" time="0.115" timestamp="2025-04-30T07:33:58.442" classname="Hopper/TmaCircularBufferingTest" />
    <testcase name="InnerReduction/stage_2_prefetch_0_M_500_N_1024_Pipelined_CpAsyncBulk" value_param="(2, 0, 500, 1024, (&apos;nvfuser::Pipelined(index = 0)&apos; with value Pipelined), CpAsyncBulk)" file="/opt/pytorch/nvfuser/tests/cpp/test_circular_buffering.cpp" line="1655" status="run" result="completed" time="0.095" timestamp="2025-04-30T07:33:58.557" classname="Hopper/TmaCircularBufferingTest" />
    <testcase name="InnerReduction/stage_2_prefetch_0_M_500_N_2048_WarpSpecializedOnTIDyRegisterSharing_None_CpAsyncBulkTensorTile" value_param="(2, 0, 500, 2048, (&apos;nvfuser::WarpSpecialized(index = 1)&apos; with value WarpSpecializedOnTIDyRegisterSharing_None), CpAsyncBulkTensorTile)" file="/opt/pytorch/nvfuser/tests/cpp/test_circular_buffering.cpp" line="1655" status="run" result="completed" time="0.059" timestamp="2025-04-30T07:33:58.653" classname="Hopper/TmaCircularBufferingTest" />
    <testcase name="InnerReduction/stage_2_prefetch_0_M_1024_N_2048_Pipelined_CpAsyncBulk" value_param="(2, 0, 1024, 2048, (&apos;nvfuser::Pipelined(index = 0)&apos; with value Pipelined), CpAsyncBulk)" file="/opt/pytorch/nvfuser/tests/cpp/test_circular_buffering.cpp" line="1655" status="run" result="completed" time="0.055" timestamp="2025-04-30T07:33:58.712" classname="Hopper/TmaCircularBufferingTest" />
    <testcase name="InnerReduction/stage_2_prefetch_1_M_128_N_1024_WarpSpecializedOnTIDxRegisterSharing_64_168_CpAsyncBulkTensorTile" value_param="(2, 1, 128, 1024, (&apos;nvfuser::WarpSpecialized(index = 1)&apos; with value WarpSpecializedOnTIDxRegisterSharing_64_168), CpAsyncBulkTensorTile)" file="/opt/pytorch/nvfuser/tests/cpp/test_circular_buffering.cpp" line="1655" status="run" result="completed" time="0.108" timestamp="2025-04-30T07:33:58.767" classname="Hopper/TmaCircularBufferingTest" />
    <testcase name="InnerReduction/stage_2_prefetch_1_M_500_N_1024_WarpSpecializedOnTIDyRegisterSharing_64_168_CpAsyncBulk" value_param="(2, 1, 500, 1024, (&apos;nvfuser::WarpSpecialized(index = 1)&apos; with value WarpSpecializedOnTIDyRegisterSharing_64_168), CpAsyncBulk)" file="/opt/pytorch/nvfuser/tests/cpp/test_circular_buffering.cpp" line="1655" status="run" result="completed" time="0.06" timestamp="2025-04-30T07:33:58.876" classname="Hopper/TmaCircularBufferingTest" />
    <testcase name="InnerReduction/stage_2_prefetch_1_M_500_N_2048_WarpSpecializedOnTIDyRegisterSharing_64_168_CpAsyncBulkTensorTile" value_param="(2, 1, 500, 2048, (&apos;nvfuser::WarpSpecialized(index = 1)&apos; with value WarpSpecializedOnTIDyRegisterSharing_64_168), CpAsyncBulkTensorTile)" file="/opt/pytorch/nvfuser/tests/cpp/test_circular_buffering.cpp" line="1655" status="run" result="completed" time="0.059" timestamp="2025-04-30T07:33:58.936" classname="Hopper/TmaCircularBufferingTest" />
    <testcase name="InnerReduction/stage_2_prefetch_1_M_1024_N_2048_WarpSpecializedOnTIDyRegisterSharing_64_168_CpAsyncBulk" value_param="(2, 1, 1024, 2048, (&apos;nvfuser::WarpSpecialized(index = 1)&apos; with value WarpSpecializedOnTIDyRegisterSharing_64_168), CpAsyncBulk)" file="/opt/pytorch/nvfuser/tests/cpp/test_circular_buffering.cpp" line="1655" status="run" result="completed" time="0.111" timestamp="2025-04-30T07:33:58.996" classname="Hopper/TmaCircularBufferingTest" />
    <testcase name="InnerReduction/stage_4_prefetch_neg4_M_128_N_1024_PipelinedMBarrierForWAR_CpAsyncBulkTensorTile" value_param="(4, -4, 128, 1024, (&apos;nvfuser::Pipelined(index = 0)&apos; with value PipelinedMBarrierForWAR), CpAsyncBulkTensorTile)" file="/opt/pytorch/nvfuser/tests/cpp/test_circular_buffering.cpp" line="1655" status="run" result="completed" time="0.107" timestamp="2025-04-30T07:33:59.107" classname="Hopper/TmaCircularBufferingTest" />
    <testcase name="InnerReduction/stage_4_prefetch_neg4_M_500_N_1024_WarpSpecializedOnTIDxRegisterSharing_64_168_CpAsyncBulk" value_param="(4, -4, 500, 1024, (&apos;nvfuser::WarpSpecialized(index = 1)&apos; with value WarpSpecializedOnTIDxRegisterSharing_64_168), CpAsyncBulk)" file="/opt/pytorch/nvfuser/tests/cpp/test_circular_buffering.cpp" line="1655" status="run" result="completed" time="0.126" timestamp="2025-04-30T07:33:59.215" classname="Hopper/TmaCircularBufferingTest" />
    <testcase name="InnerReduction/stage_4_prefetch_neg4_M_500_N_2048_WarpSpecializedOnTIDxRegisterSharing_None_CpAsyncBulkTensorTile" value_param="(4, -4, 500, 2048, (&apos;nvfuser::WarpSpecialized(index = 1)&apos; with value WarpSpecializedOnTIDxRegisterSharing_None), CpAsyncBulkTensorTile)" file="/opt/pytorch/nvfuser/tests/cpp/test_circular_buffering.cpp" line="1655" status="run" result="completed" time="0.118" timestamp="2025-04-30T07:33:59.341" classname="Hopper/TmaCircularBufferingTest" />
    <testcase name="InnerReduction/stage_4_prefetch_neg4_M_1024_N_2048_WarpSpecializedOnTIDyRegisterSharing_64_168_CpAsyncBulk" value_param="(4, -4, 1024, 2048, (&apos;nvfuser::WarpSpecialized(index = 1)&apos; with value WarpSpecializedOnTIDyRegisterSharing_64_168), CpAsyncBulk)" file="/opt/pytorch/nvfuser/tests/cpp/test_circular_buffering.cpp" line="1655" status="run" result="completed" time="0.128" timestamp="2025-04-30T07:33:59.459" classname="Hopper/TmaCircularBufferingTest" />
    <testcase name="InnerReduction/stage_4_prefetch_neg3_M_128_N_1024_WarpSpecializedOnTIDxRegisterSharing_None_CpAsyncBulkTensorTile" value_param="(4, -3, 128, 1024, (&apos;nvfuser::WarpSpecialized(index = 1)&apos; with value WarpSpecializedOnTIDxRegisterSharing_None), CpAsyncBulkTensorTile)" file="/opt/pytorch/nvfuser/tests/cpp/test_circular_buffering.cpp" line="1655" status="run" result="completed" time="0.112" timestamp="2025-04-30T07:33:59.588" classname="Hopper/TmaCircularBufferingTest" />
    <testcase name="InnerReduction/stage_4_prefetch_neg3_M_500_N_1024_WarpSpecializedOnTIDyRegisterSharing_None_CpAsyncBulk" value_param="(4, -3, 500, 1024, (&apos;nvfuser::WarpSpecialized(index = 1)&apos; with value WarpSpecializedOnTIDyRegisterSharing_None), CpAsyncBulk)" file="/opt/pytorch/nvfuser/tests/cpp/test_circular_buffering.cpp" line="1655" status="run" result="completed" time="0.119" timestamp="2025-04-30T07:33:59.700" classname="Hopper/TmaCircularBufferingTest" />
    <testcase name="InnerReduction/stage_4_prefetch_neg3_M_500_N_2048_WarpSpecializedOnTIDxRegisterSharing_64_168_CpAsyncBulkTensorTile" value_param="(4, -3, 500, 2048, (&apos;nvfuser::WarpSpecialized(index = 1)&apos; with value WarpSpecializedOnTIDxRegisterSharing_64_168), CpAsyncBulkTensorTile)" file="/opt/pytorch/nvfuser/tests/cpp/test_circular_buffering.cpp" line="1655" status="run" result="completed" time="0.115" timestamp="2025-04-30T07:33:59.819" classname="Hopper/TmaCircularBufferingTest" />
    <testcase name="InnerReduction/stage_4_prefetch_neg3_M_1024_N_2048_WarpSpecializedOnTIDxRegisterSharing_None_CpAsyncBulk" value_param="(4, -3, 1024, 2048, (&apos;nvfuser::WarpSpecialized(index = 1)&apos; with value WarpSpecializedOnTIDxRegisterSharing_None), CpAsyncBulk)" file="/opt/pytorch/nvfuser/tests/cpp/test_circular_buffering.cpp" line="1655" status="run" result="completed" time="0.112" timestamp="2025-04-30T07:33:59.935" classname="Hopper/TmaCircularBufferingTest" />
    <testcase name="InnerReduction/stage_4_prefetch_neg2_M_128_N_1024_Pipelined_CpAsyncBulkTensorTile" value_param="(4, -2, 128, 1024, (&apos;nvfuser::Pipelined(index = 0)&apos; with value Pipelined), CpAsyncBulkTensorTile)" file="/opt/pytorch/nvfuser/tests/cpp/test_circular_buffering.cpp" line="1655" status="run" result="completed" time="0.131" timestamp="2025-04-30T07:34:00.047" classname="Hopper/TmaCircularBufferingTest" />
    <testcase name="InnerReduction/stage_4_prefetch_neg2_M_500_N_1024_Pipelined_CpAsyncBulk" value_param="(4, -2, 500, 1024, (&apos;nvfuser::Pipelined(index = 0)&apos; with value Pipelined), CpAsyncBulk)" file="/opt/pytorch/nvfuser/tests/cpp/test_circular_buffering.cpp" line="1655" status="run" result="completed" time="0.134" timestamp="2025-04-30T07:34:00.179" classname="Hopper/TmaCircularBufferingTest" />
    <testcase name="InnerReduction/stage_4_prefetch_neg2_M_500_N_2048_WarpSpecializedOnTIDyRegisterSharing_None_CpAsyncBulkTensorTile" value_param="(4, -2, 500, 2048, (&apos;nvfuser::WarpSpecialized(index = 1)&apos; with value WarpSpecializedOnTIDyRegisterSharing_None), CpAsyncBulkTensorTile)" file="/opt/pytorch/nvfuser/tests/cpp/test_circular_buffering.cpp" line="1655" status="run" result="completed" time="0.129" timestamp="2025-04-30T07:34:00.313" classname="Hopper/TmaCircularBufferingTest" />
    <testcase name="InnerReduction/stage_4_prefetch_neg2_M_1024_N_2048_Pipelined_CpAsyncBulk" value_param="(4, -2, 1024, 2048, (&apos;nvfuser::Pipelined(index = 0)&apos; with value Pipelined), CpAsyncBulk)" file="/opt/pytorch/nvfuser/tests/cpp/test_circular_buffering.cpp" line="1655" status="run" result="completed" time="0.064" timestamp="2025-04-30T07:34:00.443" classname="Hopper/TmaCircularBufferingTest" />
    <testcase name="InnerReduction/stage_4_prefetch_neg1_M_128_N_1024_Pipelined_CpAsyncBulkTensorTile" value_param="(4, -1, 128, 1024, (&apos;nvfuser::Pipelined(index = 0)&apos; with value Pipelined), CpAsyncBulkTensorTile)" file="/opt/pytorch/nvfuser/tests/cpp/test_circular_buffering.cpp" line="1655" status="run" result="completed" time="0.129" timestamp="2025-04-30T07:34:00.507" classname="Hopper/TmaCircularBufferingTest" />
    <testcase name="InnerReduction/stage_4_prefetch_neg1_M_500_N_1024_WarpSpecializedOnTIDyRegisterSharing_None_CpAsyncBulk" value_param="(4, -1, 500, 1024, (&apos;nvfuser::WarpSpecialized(index = 1)&apos; with value WarpSpecializedOnTIDyRegisterSharing_None), CpAsyncBulk)" file="/opt/pytorch/nvfuser/tests/cpp/test_circular_buffering.cpp" line="1655" status="run" result="completed" time="0.143" timestamp="2025-04-30T07:34:00.636" classname="Hopper/TmaCircularBufferingTest" />
    <testcase name="InnerReduction/stage_4_prefetch_neg1_M_500_N_2048_WarpSpecializedOnTIDyRegisterSharing_64_168_CpAsyncBulkTensorTile" value_param="(4, -1, 500, 2048, (&apos;nvfuser::WarpSpecialized(index = 1)&apos; with value WarpSpecializedOnTIDyRegisterSharing_64_168), CpAsyncBulkTensorTile)" file="/opt/pytorch/nvfuser/tests/cpp/test_circular_buffering.cpp" line="1655" status="run" result="completed" time="0.143" timestamp="2025-04-30T07:34:00.780" classname="Hopper/TmaCircularBufferingTest" />
    <testcase name="InnerReduction/stage_4_prefetch_neg1_M_1024_N_2048_WarpSpecializedOnTIDxRegisterSharing_64_168_CpAsyncBulk" value_param="(4, -1, 1024, 2048, (&apos;nvfuser::WarpSpecialized(index = 1)&apos; with value WarpSpecializedOnTIDxRegisterSharing_64_168), CpAsyncBulk)" file="/opt/pytorch/nvfuser/tests/cpp/test_circular_buffering.cpp" line="1655" status="run" result="completed" time="0.143" timestamp="2025-04-30T07:34:00.923" classname="Hopper/TmaCircularBufferingTest" />
    <testcase name="InnerReduction/stage_4_prefetch_0_M_128_N_1024_PipelinedMBarrierForWAR_CpAsyncBulkTensorTile" value_param="(4, 0, 128, 1024, (&apos;nvfuser::Pipelined(index = 0)&apos; with value PipelinedMBarrierForWAR), CpAsyncBulkTensorTile)" file="/opt/pytorch/nvfuser/tests/cpp/test_circular_buffering.cpp" line="1655" status="run" result="completed" time="0.108" timestamp="2025-04-30T07:34:01.067" classname="Hopper/TmaCircularBufferingTest" />
    <testcase name="InnerReduction/stage_4_prefetch_0_M_500_N_1024_WarpSpecializedOnTIDyRegisterSharing_64_168_CpAsyncBulk" value_param="(4, 0, 500, 1024, (&apos;nvfuser::WarpSpecialized(index = 1)&apos; with value WarpSpecializedOnTIDyRegisterSharing_64_168), CpAsyncBulk)" file="/opt/pytorch/nvfuser/tests/cpp/test_circular_buffering.cpp" line="1655" status="run" result="completed" time="0.126" timestamp="2025-04-30T07:34:01.176" classname="Hopper/TmaCircularBufferingTest" />
    <testcase name="InnerReduction/stage_4_prefetch_0_M_500_N_2048_WarpSpecializedOnTIDyRegisterSharing_None_CpAsyncBulkTensorTile" value_param="(4, 0, 500, 2048, (&apos;nvfuser::WarpSpecialized(index = 1)&apos; with value WarpSpecializedOnTIDyRegisterSharing_None), CpAsyncBulkTensorTile)" file="/opt/pytorch/nvfuser/tests/cpp/test_circular_buffering.cpp" line="1655" status="run" result="completed" time="0.121" timestamp="2025-04-30T07:34:01.302" classname="Hopper/TmaCircularBufferingTest" />
    <testcase name="InnerReduction/stage_4_prefetch_0_M_1024_N_2048_WarpSpecializedOnTIDxRegisterSharing_64_168_CpAsyncBulk" value_param="(4, 0, 1024, 2048, (&apos;nvfuser::WarpSpecialized(index = 1)&apos; with value WarpSpecializedOnTIDxRegisterSharing_64_168), CpAsyncBulk)" file="/opt/pytorch/nvfuser/tests/cpp/test_circular_buffering.cpp" line="1655" status="run" result="completed" time="0.122" timestamp="2025-04-30T07:34:01.424" classname="Hopper/TmaCircularBufferingTest" />
    <testcase name="InnerReduction/stage_4_prefetch_1_M_128_N_1024_WarpSpecializedOnTIDxRegisterSharing_64_168_CpAsyncBulkTensorTile" value_param="(4, 1, 128, 1024, (&apos;nvfuser::WarpSpecialized(index = 1)&apos; with value WarpSpecializedOnTIDxRegisterSharing_64_168), CpAsyncBulkTensorTile)" file="/opt/pytorch/nvfuser/tests/cpp/test_circular_buffering.cpp" line="1655" status="run" result="completed" time="0.112" timestamp="2025-04-30T07:34:01.547" classname="Hopper/TmaCircularBufferingTest" />
    <testcase name="InnerReduction/stage_4_prefetch_1_M_500_N_1024_PipelinedMBarrierForWAR_CpAsyncBulk" value_param="(4, 1, 500, 1024, (&apos;nvfuser::Pipelined(index = 0)&apos; with value PipelinedMBarrierForWAR), CpAsyncBulk)" file="/opt/pytorch/nvfuser/tests/cpp/test_circular_buffering.cpp" line="1655" status="run" result="completed" time="0.13" timestamp="2025-04-30T07:34:01.660" classname="Hopper/TmaCircularBufferingTest" />
    <testcase name="InnerReduction/stage_4_prefetch_1_M_500_N_2048_WarpSpecializedOnTIDyRegisterSharing_None_CpAsyncBulkTensorTile" value_param="(4, 1, 500, 2048, (&apos;nvfuser::WarpSpecialized(index = 1)&apos; with value WarpSpecializedOnTIDyRegisterSharing_None), CpAsyncBulkTensorTile)" file="/opt/pytorch/nvfuser/tests/cpp/test_circular_buffering.cpp" line="1655" status="run" result="completed" time="0.115" timestamp="2025-04-30T07:34:01.790" classname="Hopper/TmaCircularBufferingTest" />
    <testcase name="InnerReduction/stage_4_prefetch_1_M_1024_N_2048_WarpSpecializedOnTIDyRegisterSharing_64_168_CpAsyncBulk" value_param="(4, 1, 1024, 2048, (&apos;nvfuser::WarpSpecialized(index = 1)&apos; with value WarpSpecializedOnTIDyRegisterSharing_64_168), CpAsyncBulk)" file="/opt/pytorch/nvfuser/tests/cpp/test_circular_buffering.cpp" line="1655" status="run" result="completed" time="0.116" timestamp="2025-04-30T07:34:01.905" classname="Hopper/TmaCircularBufferingTest" />
    <testcase name="InnerReduction/stage_4_prefetch_2_M_128_N_1024_WarpSpecializedOnTIDxRegisterSharing_64_168_CpAsyncBulkTensorTile" value_param="(4, 2, 128, 1024, (&apos;nvfuser::WarpSpecialized(index = 1)&apos; with value WarpSpecializedOnTIDxRegisterSharing_64_168), CpAsyncBulkTensorTile)" file="/opt/pytorch/nvfuser/tests/cpp/test_circular_buffering.cpp" line="1655" status="run" result="completed" time="0.126" timestamp="2025-04-30T07:34:02.021" classname="Hopper/TmaCircularBufferingTest" />
    <testcase name="InnerReduction/stage_4_prefetch_2_M_500_N_1024_WarpSpecializedOnTIDyRegisterSharing_64_168_CpAsyncBulk" value_param="(4, 2, 500, 1024, (&apos;nvfuser::WarpSpecialized(index = 1)&apos; with value WarpSpecializedOnTIDyRegisterSharing_64_168), CpAsyncBulk)" file="/opt/pytorch/nvfuser/tests/cpp/test_circular_buffering.cpp" line="1655" status="run" result="completed" time="0.132" timestamp="2025-04-30T07:34:02.148" classname="Hopper/TmaCircularBufferingTest" />
    <testcase name="InnerReduction/stage_4_prefetch_2_M_500_N_2048_WarpSpecializedOnTIDyRegisterSharing_64_168_CpAsyncBulkTensorTile" value_param="(4, 2, 500, 2048, (&apos;nvfuser::WarpSpecialized(index = 1)&apos; with value WarpSpecializedOnTIDyRegisterSharing_64_168), CpAsyncBulkTensorTile)" file="/opt/pytorch/nvfuser/tests/cpp/test_circular_buffering.cpp" line="1655" status="run" result="completed" time="0.129" timestamp="2025-04-30T07:34:02.280" classname="Hopper/TmaCircularBufferingTest" />
    <testcase name="InnerReduction/stage_4_prefetch_2_M_1024_N_2048_Pipelined_CpAsyncBulk" value_param="(4, 2, 1024, 2048, (&apos;nvfuser::Pipelined(index = 0)&apos; with value Pipelined), CpAsyncBulk)" file="/opt/pytorch/nvfuser/tests/cpp/test_circular_buffering.cpp" line="1655" status="run" result="completed" time="0.134" timestamp="2025-04-30T07:34:02.410" classname="Hopper/TmaCircularBufferingTest" />
    <testcase name="InnerReduction/stage_4_prefetch_3_M_128_N_1024_PipelinedMBarrierForWAR_CpAsyncBulkTensorTile" value_param="(4, 3, 128, 1024, (&apos;nvfuser::Pipelined(index = 0)&apos; with value PipelinedMBarrierForWAR), CpAsyncBulkTensorTile)" file="/opt/pytorch/nvfuser/tests/cpp/test_circular_buffering.cpp" line="1655" status="run" result="completed" time="0.139" timestamp="2025-04-30T07:34:02.545" classname="Hopper/TmaCircularBufferingTest" />
    <testcase name="InnerReduction/stage_4_prefetch_3_M_500_N_1024_WarpSpecializedOnTIDxRegisterSharing_64_168_CpAsyncBulk" value_param="(4, 3, 500, 1024, (&apos;nvfuser::WarpSpecialized(index = 1)&apos; with value WarpSpecializedOnTIDxRegisterSharing_64_168), CpAsyncBulk)" file="/opt/pytorch/nvfuser/tests/cpp/test_circular_buffering.cpp" line="1655" status="run" result="completed" time="0.142" timestamp="2025-04-30T07:34:02.685" classname="Hopper/TmaCircularBufferingTest" />
    <testcase name="InnerReduction/stage_4_prefetch_3_M_500_N_2048_WarpSpecializedOnTIDxRegisterSharing_None_CpAsyncBulkTensorTile" value_param="(4, 3, 500, 2048, (&apos;nvfuser::WarpSpecialized(index = 1)&apos; with value WarpSpecializedOnTIDxRegisterSharing_None), CpAsyncBulkTensorTile)" file="/opt/pytorch/nvfuser/tests/cpp/test_circular_buffering.cpp" line="1655" status="run" result="completed" time="0.136" timestamp="2025-04-30T07:34:02.828" classname="Hopper/TmaCircularBufferingTest" />
    <testcase name="InnerReduction/stage_4_prefetch_3_M_1024_N_2048_WarpSpecializedOnTIDyRegisterSharing_64_168_CpAsyncBulk" value_param="(4, 3, 1024, 2048, (&apos;nvfuser::WarpSpecialized(index = 1)&apos; with value WarpSpecializedOnTIDyRegisterSharing_64_168), CpAsyncBulk)" file="/opt/pytorch/nvfuser/tests/cpp/test_circular_buffering.cpp" line="1655" status="run" result="completed" time="0.145" timestamp="2025-04-30T07:34:02.964" classname="Hopper/TmaCircularBufferingTest" />
    <testcase name="OuterReduction/stage_2_prefetch_neg2_M_128_N_1024_PipelinedMBarrierForWAR_CpAsyncBulkTensorTile" value_param="(2, -2, 128, 1024, (&apos;nvfuser::Pipelined(index = 0)&apos; with value PipelinedMBarrierForWAR), CpAsyncBulkTensorTile)" file="/opt/pytorch/nvfuser/tests/cpp/test_circular_buffering.cpp" line="1720" status="run" result="completed" time="0.09" timestamp="2025-04-30T07:34:03.110" classname="Hopper/TmaCircularBufferingTest" />
    <testcase name="OuterReduction/stage_2_prefetch_neg2_M_500_N_1024_PipelinedMBarrierForWAR_CpAsyncBulk" value_param="(2, -2, 500, 1024, (&apos;nvfuser::Pipelined(index = 0)&apos; with value PipelinedMBarrierForWAR), CpAsyncBulk)" file="/opt/pytorch/nvfuser/tests/cpp/test_circular_buffering.cpp" line="1720" status="run" result="completed" time="0.091" timestamp="2025-04-30T07:34:03.200" classname="Hopper/TmaCircularBufferingTest" />
    <testcase name="OuterReduction/stage_2_prefetch_neg2_M_500_N_2048_WarpSpecializedOnTIDyRegisterSharing_64_168_CpAsyncBulkTensorTile" value_param="(2, -2, 500, 2048, (&apos;nvfuser::WarpSpecialized(index = 1)&apos; with value WarpSpecializedOnTIDyRegisterSharing_64_168), CpAsyncBulkTensorTile)" file="/opt/pytorch/nvfuser/tests/cpp/test_circular_buffering.cpp" line="1720" status="run" result="completed" time="0.105" timestamp="2025-04-30T07:34:03.291" classname="Hopper/TmaCircularBufferingTest" />
    <testcase name="OuterReduction/stage_2_prefetch_neg2_M_1024_N_2048_WarpSpecializedOnTIDyRegisterSharing_64_168_CpAsyncBulk" value_param="(2, -2, 1024, 2048, (&apos;nvfuser::WarpSpecialized(index = 1)&apos; with value WarpSpecializedOnTIDyRegisterSharing_64_168), CpAsyncBulk)" file="/opt/pytorch/nvfuser/tests/cpp/test_circular_buffering.cpp" line="1720" status="run" result="completed" time="0.108" timestamp="2025-04-30T07:34:03.397" classname="Hopper/TmaCircularBufferingTest" />
    <testcase name="OuterReduction/stage_2_prefetch_neg1_M_128_N_1024_WarpSpecializedOnTIDyRegisterSharing_None_CpAsyncBulkTensorTile" value_param="(2, -1, 128, 1024, (&apos;nvfuser::WarpSpecialized(index = 1)&apos; with value WarpSpecializedOnTIDyRegisterSharing_None), CpAsyncBulkTensorTile)" file="/opt/pytorch/nvfuser/tests/cpp/test_circular_buffering.cpp" line="1720" status="run" result="completed" time="0.085" timestamp="2025-04-30T07:34:03.505" classname="Hopper/TmaCircularBufferingTest" />
    <testcase name="OuterReduction/stage_2_prefetch_neg1_M_500_N_1024_WarpSpecializedOnTIDyRegisterSharing_None_CpAsyncBulk" value_param="(2, -1, 500, 1024, (&apos;nvfuser::WarpSpecialized(index = 1)&apos; with value WarpSpecializedOnTIDyRegisterSharing_None), CpAsyncBulk)" file="/opt/pytorch/nvfuser/tests/cpp/test_circular_buffering.cpp" line="1720" status="run" result="completed" time="0.086" timestamp="2025-04-30T07:34:03.591" classname="Hopper/TmaCircularBufferingTest" />
    <testcase name="OuterReduction/stage_2_prefetch_neg1_M_500_N_2048_WarpSpecializedOnTIDyRegisterSharing_64_168_CpAsyncBulkTensorTile" value_param="(2, -1, 500, 2048, (&apos;nvfuser::WarpSpecialized(index = 1)&apos; with value WarpSpecializedOnTIDyRegisterSharing_64_168), CpAsyncBulkTensorTile)" file="/opt/pytorch/nvfuser/tests/cpp/test_circular_buffering.cpp" line="1720" status="run" result="completed" time="0.088" timestamp="2025-04-30T07:34:03.678" classname="Hopper/TmaCircularBufferingTest" />
    <testcase name="OuterReduction/stage_2_prefetch_neg1_M_1024_N_2048_WarpSpecializedOnTIDyRegisterSharing_64_168_CpAsyncBulk" value_param="(2, -1, 1024, 2048, (&apos;nvfuser::WarpSpecialized(index = 1)&apos; with value WarpSpecializedOnTIDyRegisterSharing_64_168), CpAsyncBulk)" file="/opt/pytorch/nvfuser/tests/cpp/test_circular_buffering.cpp" line="1720" status="run" result="completed" time="0.088" timestamp="2025-04-30T07:34:03.766" classname="Hopper/TmaCircularBufferingTest" />
    <testcase name="OuterReduction/stage_2_prefetch_0_M_128_N_1024_WarpSpecializedOnTIDyRegisterSharing_None_CpAsyncBulkTensorTile" value_param="(2, 0, 128, 1024, (&apos;nvfuser::WarpSpecialized(index = 1)&apos; with value WarpSpecializedOnTIDyRegisterSharing_None), CpAsyncBulkTensorTile)" file="/opt/pytorch/nvfuser/tests/cpp/test_circular_buffering.cpp" line="1720" status="run" result="completed" time="0.101" timestamp="2025-04-30T07:34:03.855" classname="Hopper/TmaCircularBufferingTest" />
    <testcase name="OuterReduction/stage_2_prefetch_0_M_500_N_1024_Pipelined_CpAsyncBulk" value_param="(2, 0, 500, 1024, (&apos;nvfuser::Pipelined(index = 0)&apos; with value Pipelined), CpAsyncBulk)" file="/opt/pytorch/nvfuser/tests/cpp/test_circular_buffering.cpp" line="1720" status="run" result="completed" time="0.087" timestamp="2025-04-30T07:34:03.957" classname="Hopper/TmaCircularBufferingTest" />
    <testcase name="OuterReduction/stage_2_prefetch_0_M_500_N_2048_WarpSpecializedOnTIDyRegisterSharing_None_CpAsyncBulkTensorTile" value_param="(2, 0, 500, 2048, (&apos;nvfuser::WarpSpecialized(index = 1)&apos; with value WarpSpecializedOnTIDyRegisterSharing_None), CpAsyncBulkTensorTile)" file="/opt/pytorch/nvfuser/tests/cpp/test_circular_buffering.cpp" line="1720" status="run" result="completed" time="0.101" timestamp="2025-04-30T07:34:04.045" classname="Hopper/TmaCircularBufferingTest" />
    <testcase name="OuterReduction/stage_2_prefetch_0_M_1024_N_2048_Pipelined_CpAsyncBulk" value_param="(2, 0, 1024, 2048, (&apos;nvfuser::Pipelined(index = 0)&apos; with value Pipelined), CpAsyncBulk)" file="/opt/pytorch/nvfuser/tests/cpp/test_circular_buffering.cpp" line="1720" status="run" result="completed" time="0.086" timestamp="2025-04-30T07:34:04.147" classname="Hopper/TmaCircularBufferingTest" />
    <testcase name="OuterReduction/stage_2_prefetch_1_M_128_N_1024_WarpSpecializedOnTIDxRegisterSharing_64_168_CpAsyncBulkTensorTile" value_param="(2, 1, 128, 1024, (&apos;nvfuser::WarpSpecialized(index = 1)&apos; with value WarpSpecializedOnTIDxRegisterSharing_64_168), CpAsyncBulkTensorTile)" file="/opt/pytorch/nvfuser/tests/cpp/test_circular_buffering.cpp" line="1720" status="run" result="completed" time="0.086" timestamp="2025-04-30T07:34:04.233" classname="Hopper/TmaCircularBufferingTest" />
    <testcase name="OuterReduction/stage_2_prefetch_1_M_500_N_1024_WarpSpecializedOnTIDyRegisterSharing_64_168_CpAsyncBulk" value_param="(2, 1, 500, 1024, (&apos;nvfuser::WarpSpecialized(index = 1)&apos; with value WarpSpecializedOnTIDyRegisterSharing_64_168), CpAsyncBulk)" file="/opt/pytorch/nvfuser/tests/cpp/test_circular_buffering.cpp" line="1720" status="run" result="completed" time="0.088" timestamp="2025-04-30T07:34:04.320" classname="Hopper/TmaCircularBufferingTest" />
    <testcase name="OuterReduction/stage_2_prefetch_1_M_500_N_2048_WarpSpecializedOnTIDyRegisterSharing_64_168_CpAsyncBulkTensorTile" value_param="(2, 1, 500, 2048, (&apos;nvfuser::WarpSpecialized(index = 1)&apos; with value WarpSpecializedOnTIDyRegisterSharing_64_168), CpAsyncBulkTensorTile)" file="/opt/pytorch/nvfuser/tests/cpp/test_circular_buffering.cpp" line="1720" status="run" result="completed" time="0.088" timestamp="2025-04-30T07:34:04.409" classname="Hopper/TmaCircularBufferingTest" />
    <testcase name="OuterReduction/stage_2_prefetch_1_M_1024_N_2048_WarpSpecializedOnTIDyRegisterSharing_64_168_CpAsyncBulk" value_param="(2, 1, 1024, 2048, (&apos;nvfuser::WarpSpecialized(index = 1)&apos; with value WarpSpecializedOnTIDyRegisterSharing_64_168), CpAsyncBulk)" file="/opt/pytorch/nvfuser/tests/cpp/test_circular_buffering.cpp" line="1720" status="run" result="completed" time="0.052" timestamp="2025-04-30T07:34:04.497" classname="Hopper/TmaCircularBufferingTest" />
    <testcase name="OuterReduction/stage_4_prefetch_neg4_M_128_N_1024_PipelinedMBarrierForWAR_CpAsyncBulkTensorTile" value_param="(4, -4, 128, 1024, (&apos;nvfuser::Pipelined(index = 0)&apos; with value PipelinedMBarrierForWAR), CpAsyncBulkTensorTile)" file="/opt/pytorch/nvfuser/tests/cpp/test_circular_buffering.cpp" line="1720" status="run" result="completed" time="0.095" timestamp="2025-04-30T07:34:04.550" classname="Hopper/TmaCircularBufferingTest" />
    <testcase name="OuterReduction/stage_4_prefetch_neg4_M_500_N_1024_WarpSpecializedOnTIDxRegisterSharing_64_168_CpAsyncBulk" value_param="(4, -4, 500, 1024, (&apos;nvfuser::WarpSpecialized(index = 1)&apos; with value WarpSpecializedOnTIDxRegisterSharing_64_168), CpAsyncBulk)" file="/opt/pytorch/nvfuser/tests/cpp/test_circular_buffering.cpp" line="1720" status="run" result="completed" time="0.113" timestamp="2025-04-30T07:34:04.645" classname="Hopper/TmaCircularBufferingTest" />
    <testcase name="OuterReduction/stage_4_prefetch_neg4_M_500_N_2048_WarpSpecializedOnTIDxRegisterSharing_None_CpAsyncBulkTensorTile" value_param="(4, -4, 500, 2048, (&apos;nvfuser::WarpSpecialized(index = 1)&apos; with value WarpSpecializedOnTIDxRegisterSharing_None), CpAsyncBulkTensorTile)" file="/opt/pytorch/nvfuser/tests/cpp/test_circular_buffering.cpp" line="1720" status="run" result="completed" time="0.105" timestamp="2025-04-30T07:34:04.759" classname="Hopper/TmaCircularBufferingTest" />
    <testcase name="OuterReduction/stage_4_prefetch_neg4_M_1024_N_2048_WarpSpecializedOnTIDyRegisterSharing_64_168_CpAsyncBulk" value_param="(4, -4, 1024, 2048, (&apos;nvfuser::WarpSpecialized(index = 1)&apos; with value WarpSpecializedOnTIDyRegisterSharing_64_168), CpAsyncBulk)" file="/opt/pytorch/nvfuser/tests/cpp/test_circular_buffering.cpp" line="1720" status="run" result="completed" time="0.116" timestamp="2025-04-30T07:34:04.865" classname="Hopper/TmaCircularBufferingTest" />
    <testcase name="OuterReduction/stage_4_prefetch_neg3_M_128_N_1024_WarpSpecializedOnTIDxRegisterSharing_None_CpAsyncBulkTensorTile" value_param="(4, -3, 128, 1024, (&apos;nvfuser::WarpSpecialized(index = 1)&apos; with value WarpSpecializedOnTIDxRegisterSharing_None), CpAsyncBulkTensorTile)" file="/opt/pytorch/nvfuser/tests/cpp/test_circular_buffering.cpp" line="1720" status="run" result="completed" time="0.089" timestamp="2025-04-30T07:34:04.981" classname="Hopper/TmaCircularBufferingTest" />
    <testcase name="OuterReduction/stage_4_prefetch_neg3_M_500_N_1024_WarpSpecializedOnTIDyRegisterSharing_None_CpAsyncBulk" value_param="(4, -3, 500, 1024, (&apos;nvfuser::WarpSpecialized(index = 1)&apos; with value WarpSpecializedOnTIDyRegisterSharing_None), CpAsyncBulk)" file="/opt/pytorch/nvfuser/tests/cpp/test_circular_buffering.cpp" line="1720" status="run" result="completed" time="0.093" timestamp="2025-04-30T07:34:05.071" classname="Hopper/TmaCircularBufferingTest" />
    <testcase name="OuterReduction/stage_4_prefetch_neg3_M_500_N_2048_WarpSpecializedOnTIDxRegisterSharing_64_168_CpAsyncBulkTensorTile" value_param="(4, -3, 500, 2048, (&apos;nvfuser::WarpSpecialized(index = 1)&apos; with value WarpSpecializedOnTIDxRegisterSharing_64_168), CpAsyncBulkTensorTile)" file="/opt/pytorch/nvfuser/tests/cpp/test_circular_buffering.cpp" line="1720" status="run" result="completed" time="0.092" timestamp="2025-04-30T07:34:05.164" classname="Hopper/TmaCircularBufferingTest" />
    <testcase name="OuterReduction/stage_4_prefetch_neg3_M_1024_N_2048_WarpSpecializedOnTIDxRegisterSharing_None_CpAsyncBulk" value_param="(4, -3, 1024, 2048, (&apos;nvfuser::WarpSpecialized(index = 1)&apos; with value WarpSpecializedOnTIDxRegisterSharing_None), CpAsyncBulk)" file="/opt/pytorch/nvfuser/tests/cpp/test_circular_buffering.cpp" line="1720" status="run" result="completed" time="0.09" timestamp="2025-04-30T07:34:05.256" classname="Hopper/TmaCircularBufferingTest" />
    <testcase name="OuterReduction/stage_4_prefetch_neg2_M_128_N_1024_Pipelined_CpAsyncBulkTensorTile" value_param="(4, -2, 128, 1024, (&apos;nvfuser::Pipelined(index = 0)&apos; with value Pipelined), CpAsyncBulkTensorTile)" file="/opt/pytorch/nvfuser/tests/cpp/test_circular_buffering.cpp" line="1720" status="run" result="completed" time="0.101" timestamp="2025-04-30T07:34:05.347" classname="Hopper/TmaCircularBufferingTest" />
    <testcase name="OuterReduction/stage_4_prefetch_neg2_M_500_N_1024_Pipelined_CpAsyncBulk" value_param="(4, -2, 500, 1024, (&apos;nvfuser::Pipelined(index = 0)&apos; with value Pipelined), CpAsyncBulk)" file="/opt/pytorch/nvfuser/tests/cpp/test_circular_buffering.cpp" line="1720" status="run" result="completed" time="0.104" timestamp="2025-04-30T07:34:05.448" classname="Hopper/TmaCircularBufferingTest" />
    <testcase name="OuterReduction/stage_4_prefetch_neg2_M_500_N_2048_WarpSpecializedOnTIDyRegisterSharing_None_CpAsyncBulkTensorTile" value_param="(4, -2, 500, 2048, (&apos;nvfuser::WarpSpecialized(index = 1)&apos; with value WarpSpecializedOnTIDyRegisterSharing_None), CpAsyncBulkTensorTile)" file="/opt/pytorch/nvfuser/tests/cpp/test_circular_buffering.cpp" line="1720" status="run" result="completed" time="0.103" timestamp="2025-04-30T07:34:05.552" classname="Hopper/TmaCircularBufferingTest" />
    <testcase name="OuterReduction/stage_4_prefetch_neg2_M_1024_N_2048_Pipelined_CpAsyncBulk" value_param="(4, -2, 1024, 2048, (&apos;nvfuser::Pipelined(index = 0)&apos; with value Pipelined), CpAsyncBulk)" file="/opt/pytorch/nvfuser/tests/cpp/test_circular_buffering.cpp" line="1720" status="run" result="completed" time="0.053" timestamp="2025-04-30T07:34:05.656" classname="Hopper/TmaCircularBufferingTest" />
    <testcase name="OuterReduction/stage_4_prefetch_neg1_M_128_N_1024_Pipelined_CpAsyncBulkTensorTile" value_param="(4, -1, 128, 1024, (&apos;nvfuser::Pipelined(index = 0)&apos; with value Pipelined), CpAsyncBulkTensorTile)" file="/opt/pytorch/nvfuser/tests/cpp/test_circular_buffering.cpp" line="1720" status="run" result="completed" time="0.113" timestamp="2025-04-30T07:34:05.709" classname="Hopper/TmaCircularBufferingTest" />
    <testcase name="OuterReduction/stage_4_prefetch_neg1_M_500_N_1024_WarpSpecializedOnTIDyRegisterSharing_None_CpAsyncBulk" value_param="(4, -1, 500, 1024, (&apos;nvfuser::WarpSpecialized(index = 1)&apos; with value WarpSpecializedOnTIDyRegisterSharing_None), CpAsyncBulk)" file="/opt/pytorch/nvfuser/tests/cpp/test_circular_buffering.cpp" line="1720" status="run" result="completed" time="0.115" timestamp="2025-04-30T07:34:05.823" classname="Hopper/TmaCircularBufferingTest" />
    <testcase name="OuterReduction/stage_4_prefetch_neg1_M_500_N_2048_WarpSpecializedOnTIDyRegisterSharing_64_168_CpAsyncBulkTensorTile" value_param="(4, -1, 500, 2048, (&apos;nvfuser::WarpSpecialized(index = 1)&apos; with value WarpSpecializedOnTIDyRegisterSharing_64_168), CpAsyncBulkTensorTile)" file="/opt/pytorch/nvfuser/tests/cpp/test_circular_buffering.cpp" line="1720" status="run" result="completed" time="0.116" timestamp="2025-04-30T07:34:05.938" classname="Hopper/TmaCircularBufferingTest" />
    <testcase name="OuterReduction/stage_4_prefetch_neg1_M_1024_N_2048_WarpSpecializedOnTIDxRegisterSharing_64_168_CpAsyncBulk" value_param="(4, -1, 1024, 2048, (&apos;nvfuser::WarpSpecialized(index = 1)&apos; with value WarpSpecializedOnTIDxRegisterSharing_64_168), CpAsyncBulk)" file="/opt/pytorch/nvfuser/tests/cpp/test_circular_buffering.cpp" line="1720" status="run" result="completed" time="0.117" timestamp="2025-04-30T07:34:06.055" classname="Hopper/TmaCircularBufferingTest" />
    <testcase name="OuterReduction/stage_4_prefetch_0_M_128_N_1024_PipelinedMBarrierForWAR_CpAsyncBulkTensorTile" value_param="(4, 0, 128, 1024, (&apos;nvfuser::Pipelined(index = 0)&apos; with value PipelinedMBarrierForWAR), CpAsyncBulkTensorTile)" file="/opt/pytorch/nvfuser/tests/cpp/test_circular_buffering.cpp" line="1720" status="run" result="completed" time="0.096" timestamp="2025-04-30T07:34:06.173" classname="Hopper/TmaCircularBufferingTest" />
    <testcase name="OuterReduction/stage_4_prefetch_0_M_500_N_1024_WarpSpecializedOnTIDyRegisterSharing_64_168_CpAsyncBulk" value_param="(4, 0, 500, 1024, (&apos;nvfuser::WarpSpecialized(index = 1)&apos; with value WarpSpecializedOnTIDyRegisterSharing_64_168), CpAsyncBulk)" file="/opt/pytorch/nvfuser/tests/cpp/test_circular_buffering.cpp" line="1720" status="run" result="completed" time="0.117" timestamp="2025-04-30T07:34:06.269" classname="Hopper/TmaCircularBufferingTest" />
    <testcase name="OuterReduction/stage_4_prefetch_0_M_500_N_2048_WarpSpecializedOnTIDyRegisterSharing_None_CpAsyncBulkTensorTile" value_param="(4, 0, 500, 2048, (&apos;nvfuser::WarpSpecialized(index = 1)&apos; with value WarpSpecializedOnTIDyRegisterSharing_None), CpAsyncBulkTensorTile)" file="/opt/pytorch/nvfuser/tests/cpp/test_circular_buffering.cpp" line="1720" status="run" result="completed" time="0.111" timestamp="2025-04-30T07:34:06.387" classname="Hopper/TmaCircularBufferingTest" />
    <testcase name="OuterReduction/stage_4_prefetch_0_M_1024_N_2048_WarpSpecializedOnTIDxRegisterSharing_64_168_CpAsyncBulk" value_param="(4, 0, 1024, 2048, (&apos;nvfuser::WarpSpecialized(index = 1)&apos; with value WarpSpecializedOnTIDxRegisterSharing_64_168), CpAsyncBulk)" file="/opt/pytorch/nvfuser/tests/cpp/test_circular_buffering.cpp" line="1720" status="run" result="completed" time="0.113" timestamp="2025-04-30T07:34:06.498" classname="Hopper/TmaCircularBufferingTest" />
    <testcase name="OuterReduction/stage_4_prefetch_1_M_128_N_1024_WarpSpecializedOnTIDxRegisterSharing_64_168_CpAsyncBulkTensorTile" value_param="(4, 1, 128, 1024, (&apos;nvfuser::WarpSpecialized(index = 1)&apos; with value WarpSpecializedOnTIDxRegisterSharing_64_168), CpAsyncBulkTensorTile)" file="/opt/pytorch/nvfuser/tests/cpp/test_circular_buffering.cpp" line="1720" status="run" result="completed" time="0.092" timestamp="2025-04-30T07:34:06.612" classname="Hopper/TmaCircularBufferingTest" />
    <testcase name="OuterReduction/stage_4_prefetch_1_M_500_N_1024_PipelinedMBarrierForWAR_CpAsyncBulk" value_param="(4, 1, 500, 1024, (&apos;nvfuser::Pipelined(index = 0)&apos; with value PipelinedMBarrierForWAR), CpAsyncBulk)" file="/opt/pytorch/nvfuser/tests/cpp/test_circular_buffering.cpp" line="1720" status="run" result="completed" time="0.097" timestamp="2025-04-30T07:34:06.704" classname="Hopper/TmaCircularBufferingTest" />
    <testcase name="OuterReduction/stage_4_prefetch_1_M_500_N_2048_WarpSpecializedOnTIDyRegisterSharing_None_CpAsyncBulkTensorTile" value_param="(4, 1, 500, 2048, (&apos;nvfuser::WarpSpecialized(index = 1)&apos; with value WarpSpecializedOnTIDyRegisterSharing_None), CpAsyncBulkTensorTile)" file="/opt/pytorch/nvfuser/tests/cpp/test_circular_buffering.cpp" line="1720" status="run" result="completed" time="0.093" timestamp="2025-04-30T07:34:06.801" classname="Hopper/TmaCircularBufferingTest" />
    <testcase name="OuterReduction/stage_4_prefetch_1_M_1024_N_2048_WarpSpecializedOnTIDyRegisterSharing_64_168_CpAsyncBulk" value_param="(4, 1, 1024, 2048, (&apos;nvfuser::WarpSpecialized(index = 1)&apos; with value WarpSpecializedOnTIDyRegisterSharing_64_168), CpAsyncBulk)" file="/opt/pytorch/nvfuser/tests/cpp/test_circular_buffering.cpp" line="1720" status="run" result="completed" time="0.094" timestamp="2025-04-30T07:34:06.895" classname="Hopper/TmaCircularBufferingTest" />
    <testcase name="OuterReduction/stage_4_prefetch_2_M_128_N_1024_WarpSpecializedOnTIDxRegisterSharing_64_168_CpAsyncBulkTensorTile" value_param="(4, 2, 128, 1024, (&apos;nvfuser::WarpSpecialized(index = 1)&apos; with value WarpSpecializedOnTIDxRegisterSharing_64_168), CpAsyncBulkTensorTile)" file="/opt/pytorch/nvfuser/tests/cpp/test_circular_buffering.cpp" line="1720" status="run" result="completed" time="0.104" timestamp="2025-04-30T07:34:06.990" classname="Hopper/TmaCircularBufferingTest" />
    <testcase name="OuterReduction/stage_4_prefetch_2_M_500_N_1024_WarpSpecializedOnTIDyRegisterSharing_64_168_CpAsyncBulk" value_param="(4, 2, 500, 1024, (&apos;nvfuser::WarpSpecialized(index = 1)&apos; with value WarpSpecializedOnTIDyRegisterSharing_64_168), CpAsyncBulk)" file="/opt/pytorch/nvfuser/tests/cpp/test_circular_buffering.cpp" line="1720" status="run" result="completed" time="0.109" timestamp="2025-04-30T07:34:07.094" classname="Hopper/TmaCircularBufferingTest" />
    <testcase name="OuterReduction/stage_4_prefetch_2_M_500_N_2048_WarpSpecializedOnTIDyRegisterSharing_64_168_CpAsyncBulkTensorTile" value_param="(4, 2, 500, 2048, (&apos;nvfuser::WarpSpecialized(index = 1)&apos; with value WarpSpecializedOnTIDyRegisterSharing_64_168), CpAsyncBulkTensorTile)" file="/opt/pytorch/nvfuser/tests/cpp/test_circular_buffering.cpp" line="1720" status="run" result="completed" time="0.107" timestamp="2025-04-30T07:34:07.204" classname="Hopper/TmaCircularBufferingTest" />
    <testcase name="OuterReduction/stage_4_prefetch_2_M_1024_N_2048_Pipelined_CpAsyncBulk" value_param="(4, 2, 1024, 2048, (&apos;nvfuser::Pipelined(index = 0)&apos; with value Pipelined), CpAsyncBulk)" file="/opt/pytorch/nvfuser/tests/cpp/test_circular_buffering.cpp" line="1720" status="run" result="completed" time="0.103" timestamp="2025-04-30T07:34:07.312" classname="Hopper/TmaCircularBufferingTest" />
    <testcase name="OuterReduction/stage_4_prefetch_3_M_128_N_1024_PipelinedMBarrierForWAR_CpAsyncBulkTensorTile" value_param="(4, 3, 128, 1024, (&apos;nvfuser::Pipelined(index = 0)&apos; with value PipelinedMBarrierForWAR), CpAsyncBulkTensorTile)" file="/opt/pytorch/nvfuser/tests/cpp/test_circular_buffering.cpp" line="1720" status="run" result="completed" time="0.128" timestamp="2025-04-30T07:34:07.415" classname="Hopper/TmaCircularBufferingTest" />
    <testcase name="OuterReduction/stage_4_prefetch_3_M_500_N_1024_WarpSpecializedOnTIDxRegisterSharing_64_168_CpAsyncBulk" value_param="(4, 3, 500, 1024, (&apos;nvfuser::WarpSpecialized(index = 1)&apos; with value WarpSpecializedOnTIDxRegisterSharing_64_168), CpAsyncBulk)" file="/opt/pytorch/nvfuser/tests/cpp/test_circular_buffering.cpp" line="1720" status="run" result="completed" time="0.115" timestamp="2025-04-30T07:34:07.543" classname="Hopper/TmaCircularBufferingTest" />
    <testcase name="OuterReduction/stage_4_prefetch_3_M_500_N_2048_WarpSpecializedOnTIDxRegisterSharing_None_CpAsyncBulkTensorTile" value_param="(4, 3, 500, 2048, (&apos;nvfuser::WarpSpecialized(index = 1)&apos; with value WarpSpecializedOnTIDxRegisterSharing_None), CpAsyncBulkTensorTile)" file="/opt/pytorch/nvfuser/tests/cpp/test_circular_buffering.cpp" line="1720" status="run" result="completed" time="0.108" timestamp="2025-04-30T07:34:07.659" classname="Hopper/TmaCircularBufferingTest" />
    <testcase name="OuterReduction/stage_4_prefetch_3_M_1024_N_2048_WarpSpecializedOnTIDyRegisterSharing_64_168_CpAsyncBulk" value_param="(4, 3, 1024, 2048, (&apos;nvfuser::WarpSpecialized(index = 1)&apos; with value WarpSpecializedOnTIDyRegisterSharing_64_168), CpAsyncBulk)" file="/opt/pytorch/nvfuser/tests/cpp/test_circular_buffering.cpp" line="1720" status="run" result="completed" time="0.119" timestamp="2025-04-30T07:34:07.767" classname="Hopper/TmaCircularBufferingTest" />
    <testcase name="Persistent/stage_2_prefetch_neg2_M_128_N_1024_PipelinedMBarrierForWAR_CpAsyncBulkTensorTile" value_param="(2, -2, 128, 1024, (&apos;nvfuser::Pipelined(index = 0)&apos; with value PipelinedMBarrierForWAR), CpAsyncBulkTensorTile)" file="/opt/pytorch/nvfuser/tests/cpp/test_circular_buffering.cpp" line="1777" status="run" result="completed" time="0.186" timestamp="2025-04-30T07:34:07.886" classname="Hopper/TmaCircularBufferingTest" />
    <testcase name="Persistent/stage_2_prefetch_neg2_M_500_N_1024_PipelinedMBarrierForWAR_CpAsyncBulk" value_param="(2, -2, 500, 1024, (&apos;nvfuser::Pipelined(index = 0)&apos; with value PipelinedMBarrierForWAR), CpAsyncBulk)" file="/opt/pytorch/nvfuser/tests/cpp/test_circular_buffering.cpp" line="1777" status="run" result="completed" time="0.189" timestamp="2025-04-30T07:34:08.073" classname="Hopper/TmaCircularBufferingTest" />
    <testcase name="Persistent/stage_2_prefetch_neg2_M_500_N_2048_WarpSpecializedOnTIDyRegisterSharing_64_168_CpAsyncBulkTensorTile" value_param="(2, -2, 500, 2048, (&apos;nvfuser::WarpSpecialized(index = 1)&apos; with value WarpSpecializedOnTIDyRegisterSharing_64_168), CpAsyncBulkTensorTile)" file="/opt/pytorch/nvfuser/tests/cpp/test_circular_buffering.cpp" line="1777" status="run" result="skipped" time="0." timestamp="2025-04-30T07:34:08.262" classname="Hopper/TmaCircularBufferingTest">
      <skipped message="/opt/pytorch/nvfuser/tests/cpp/test_circular_buffering.cpp:1780&#x0A;Bdimx is dynamic, register Sharing is disabled&#x0A;"><![CDATA[/opt/pytorch/nvfuser/tests/cpp/test_circular_buffering.cpp:1780
Bdimx is dynamic, register Sharing is disabled
]]></skipped>
    </testcase>
    <testcase name="Persistent/stage_2_prefetch_neg2_M_1024_N_2048_WarpSpecializedOnTIDyRegisterSharing_64_168_CpAsyncBulk" value_param="(2, -2, 1024, 2048, (&apos;nvfuser::WarpSpecialized(index = 1)&apos; with value WarpSpecializedOnTIDyRegisterSharing_64_168), CpAsyncBulk)" file="/opt/pytorch/nvfuser/tests/cpp/test_circular_buffering.cpp" line="1777" status="run" result="skipped" time="0." timestamp="2025-04-30T07:34:08.262" classname="Hopper/TmaCircularBufferingTest">
      <skipped message="/opt/pytorch/nvfuser/tests/cpp/test_circular_buffering.cpp:1780&#x0A;Bdimx is dynamic, register Sharing is disabled&#x0A;"><![CDATA[/opt/pytorch/nvfuser/tests/cpp/test_circular_buffering.cpp:1780
Bdimx is dynamic, register Sharing is disabled
]]></skipped>
    </testcase>
    <testcase name="Persistent/stage_2_prefetch_neg1_M_128_N_1024_WarpSpecializedOnTIDyRegisterSharing_None_CpAsyncBulkTensorTile" value_param="(2, -1, 128, 1024, (&apos;nvfuser::WarpSpecialized(index = 1)&apos; with value WarpSpecializedOnTIDyRegisterSharing_None), CpAsyncBulkTensorTile)" file="/opt/pytorch/nvfuser/tests/cpp/test_circular_buffering.cpp" line="1777" status="run" result="completed" time="0.194" timestamp="2025-04-30T07:34:08.262" classname="Hopper/TmaCircularBufferingTest" />
    <testcase name="Persistent/stage_2_prefetch_neg1_M_500_N_1024_WarpSpecializedOnTIDyRegisterSharing_None_CpAsyncBulk" value_param="(2, -1, 500, 1024, (&apos;nvfuser::WarpSpecialized(index = 1)&apos; with value WarpSpecializedOnTIDyRegisterSharing_None), CpAsyncBulk)" file="/opt/pytorch/nvfuser/tests/cpp/test_circular_buffering.cpp" line="1777" status="run" result="completed" time="0.195" timestamp="2025-04-30T07:34:08.457" classname="Hopper/TmaCircularBufferingTest" />
    <testcase name="Persistent/stage_2_prefetch_neg1_M_500_N_2048_WarpSpecializedOnTIDyRegisterSharing_64_168_CpAsyncBulkTensorTile" value_param="(2, -1, 500, 2048, (&apos;nvfuser::WarpSpecialized(index = 1)&apos; with value WarpSpecializedOnTIDyRegisterSharing_64_168), CpAsyncBulkTensorTile)" file="/opt/pytorch/nvfuser/tests/cpp/test_circular_buffering.cpp" line="1777" status="run" result="skipped" time="0." timestamp="2025-04-30T07:34:08.652" classname="Hopper/TmaCircularBufferingTest">
      <skipped message="/opt/pytorch/nvfuser/tests/cpp/test_circular_buffering.cpp:1780&#x0A;Bdimx is dynamic, register Sharing is disabled&#x0A;"><![CDATA[/opt/pytorch/nvfuser/tests/cpp/test_circular_buffering.cpp:1780
Bdimx is dynamic, register Sharing is disabled
]]></skipped>
    </testcase>
    <testcase name="Persistent/stage_2_prefetch_neg1_M_1024_N_2048_WarpSpecializedOnTIDyRegisterSharing_64_168_CpAsyncBulk" value_param="(2, -1, 1024, 2048, (&apos;nvfuser::WarpSpecialized(index = 1)&apos; with value WarpSpecializedOnTIDyRegisterSharing_64_168), CpAsyncBulk)" file="/opt/pytorch/nvfuser/tests/cpp/test_circular_buffering.cpp" line="1777" status="run" result="skipped" time="0." timestamp="2025-04-30T07:34:08.652" classname="Hopper/TmaCircularBufferingTest">
      <skipped message="/opt/pytorch/nvfuser/tests/cpp/test_circular_buffering.cpp:1780&#x0A;Bdimx is dynamic, register Sharing is disabled&#x0A;"><![CDATA[/opt/pytorch/nvfuser/tests/cpp/test_circular_buffering.cpp:1780
Bdimx is dynamic, register Sharing is disabled
]]></skipped>
    </testcase>
    <testcase name="Persistent/stage_2_prefetch_0_M_128_N_1024_WarpSpecializedOnTIDyRegisterSharing_None_CpAsyncBulkTensorTile" value_param="(2, 0, 128, 1024, (&apos;nvfuser::WarpSpecialized(index = 1)&apos; with value WarpSpecializedOnTIDyRegisterSharing_None), CpAsyncBulkTensorTile)" file="/opt/pytorch/nvfuser/tests/cpp/test_circular_buffering.cpp" line="1777" status="run" result="completed" time="0.201" timestamp="2025-04-30T07:34:08.652" classname="Hopper/TmaCircularBufferingTest" />
    <testcase name="Persistent/stage_2_prefetch_0_M_500_N_1024_Pipelined_CpAsyncBulk" value_param="(2, 0, 500, 1024, (&apos;nvfuser::Pipelined(index = 0)&apos; with value Pipelined), CpAsyncBulk)" file="/opt/pytorch/nvfuser/tests/cpp/test_circular_buffering.cpp" line="1777" status="run" result="completed" time="0.178" timestamp="2025-04-30T07:34:08.854" classname="Hopper/TmaCircularBufferingTest" />
    <testcase name="Persistent/stage_2_prefetch_0_M_500_N_2048_WarpSpecializedOnTIDyRegisterSharing_None_CpAsyncBulkTensorTile" value_param="(2, 0, 500, 2048, (&apos;nvfuser::WarpSpecialized(index = 1)&apos; with value WarpSpecializedOnTIDyRegisterSharing_None), CpAsyncBulkTensorTile)" file="/opt/pytorch/nvfuser/tests/cpp/test_circular_buffering.cpp" line="1777" status="run" result="completed" time="0.219" timestamp="2025-04-30T07:34:09.033" classname="Hopper/TmaCircularBufferingTest" />
    <testcase name="Persistent/stage_2_prefetch_0_M_1024_N_2048_Pipelined_CpAsyncBulk" value_param="(2, 0, 1024, 2048, (&apos;nvfuser::Pipelined(index = 0)&apos; with value Pipelined), CpAsyncBulk)" file="/opt/pytorch/nvfuser/tests/cpp/test_circular_buffering.cpp" line="1777" status="run" result="completed" time="0.198" timestamp="2025-04-30T07:34:09.252" classname="Hopper/TmaCircularBufferingTest" />
    <testcase name="Persistent/stage_2_prefetch_1_M_128_N_1024_WarpSpecializedOnTIDxRegisterSharing_64_168_CpAsyncBulkTensorTile" value_param="(2, 1, 128, 1024, (&apos;nvfuser::WarpSpecialized(index = 1)&apos; with value WarpSpecializedOnTIDxRegisterSharing_64_168), CpAsyncBulkTensorTile)" file="/opt/pytorch/nvfuser/tests/cpp/test_circular_buffering.cpp" line="1777" status="run" result="skipped" time="0." timestamp="2025-04-30T07:34:09.451" classname="Hopper/TmaCircularBufferingTest">
      <skipped message="/opt/pytorch/nvfuser/tests/cpp/test_circular_buffering.cpp:1780&#x0A;Bdimx is dynamic, register Sharing is disabled&#x0A;"><![CDATA[/opt/pytorch/nvfuser/tests/cpp/test_circular_buffering.cpp:1780
Bdimx is dynamic, register Sharing is disabled
]]></skipped>
    </testcase>
    <testcase name="Persistent/stage_2_prefetch_1_M_500_N_1024_WarpSpecializedOnTIDyRegisterSharing_64_168_CpAsyncBulk" value_param="(2, 1, 500, 1024, (&apos;nvfuser::WarpSpecialized(index = 1)&apos; with value WarpSpecializedOnTIDyRegisterSharing_64_168), CpAsyncBulk)" file="/opt/pytorch/nvfuser/tests/cpp/test_circular_buffering.cpp" line="1777" status="run" result="skipped" time="0." timestamp="2025-04-30T07:34:09.451" classname="Hopper/TmaCircularBufferingTest">
      <skipped message="/opt/pytorch/nvfuser/tests/cpp/test_circular_buffering.cpp:1780&#x0A;Bdimx is dynamic, register Sharing is disabled&#x0A;"><![CDATA[/opt/pytorch/nvfuser/tests/cpp/test_circular_buffering.cpp:1780
Bdimx is dynamic, register Sharing is disabled
]]></skipped>
    </testcase>
    <testcase name="Persistent/stage_2_prefetch_1_M_500_N_2048_WarpSpecializedOnTIDyRegisterSharing_64_168_CpAsyncBulkTensorTile" value_param="(2, 1, 500, 2048, (&apos;nvfuser::WarpSpecialized(index = 1)&apos; with value WarpSpecializedOnTIDyRegisterSharing_64_168), CpAsyncBulkTensorTile)" file="/opt/pytorch/nvfuser/tests/cpp/test_circular_buffering.cpp" line="1777" status="run" result="skipped" time="0." timestamp="2025-04-30T07:34:09.451" classname="Hopper/TmaCircularBufferingTest">
      <skipped message="/opt/pytorch/nvfuser/tests/cpp/test_circular_buffering.cpp:1780&#x0A;Bdimx is dynamic, register Sharing is disabled&#x0A;"><![CDATA[/opt/pytorch/nvfuser/tests/cpp/test_circular_buffering.cpp:1780
Bdimx is dynamic, register Sharing is disabled
]]></skipped>
    </testcase>
    <testcase name="Persistent/stage_2_prefetch_1_M_1024_N_2048_WarpSpecializedOnTIDyRegisterSharing_64_168_CpAsyncBulk" value_param="(2, 1, 1024, 2048, (&apos;nvfuser::WarpSpecialized(index = 1)&apos; with value WarpSpecializedOnTIDyRegisterSharing_64_168), CpAsyncBulk)" file="/opt/pytorch/nvfuser/tests/cpp/test_circular_buffering.cpp" line="1777" status="run" result="skipped" time="0." timestamp="2025-04-30T07:34:09.451" classname="Hopper/TmaCircularBufferingTest">
      <skipped message="/opt/pytorch/nvfuser/tests/cpp/test_circular_buffering.cpp:1780&#x0A;Bdimx is dynamic, register Sharing is disabled&#x0A;"><![CDATA[/opt/pytorch/nvfuser/tests/cpp/test_circular_buffering.cpp:1780
Bdimx is dynamic, register Sharing is disabled
]]></skipped>
    </testcase>
    <testcase name="Persistent/stage_4_prefetch_neg4_M_128_N_1024_PipelinedMBarrierForWAR_CpAsyncBulkTensorTile" value_param="(4, -4, 128, 1024, (&apos;nvfuser::Pipelined(index = 0)&apos; with value PipelinedMBarrierForWAR), CpAsyncBulkTensorTile)" file="/opt/pytorch/nvfuser/tests/cpp/test_circular_buffering.cpp" line="1777" status="run" result="completed" time="0.192" timestamp="2025-04-30T07:34:09.451" classname="Hopper/TmaCircularBufferingTest" />
    <testcase name="Persistent/stage_4_prefetch_neg4_M_500_N_1024_WarpSpecializedOnTIDxRegisterSharing_64_168_CpAsyncBulk" value_param="(4, -4, 500, 1024, (&apos;nvfuser::WarpSpecialized(index = 1)&apos; with value WarpSpecializedOnTIDxRegisterSharing_64_168), CpAsyncBulk)" file="/opt/pytorch/nvfuser/tests/cpp/test_circular_buffering.cpp" line="1777" status="run" result="skipped" time="0." timestamp="2025-04-30T07:34:09.643" classname="Hopper/TmaCircularBufferingTest">
      <skipped message="/opt/pytorch/nvfuser/tests/cpp/test_circular_buffering.cpp:1780&#x0A;Bdimx is dynamic, register Sharing is disabled&#x0A;"><![CDATA[/opt/pytorch/nvfuser/tests/cpp/test_circular_buffering.cpp:1780
Bdimx is dynamic, register Sharing is disabled
]]></skipped>
    </testcase>
    <testcase name="Persistent/stage_4_prefetch_neg4_M_500_N_2048_WarpSpecializedOnTIDxRegisterSharing_None_CpAsyncBulkTensorTile" value_param="(4, -4, 500, 2048, (&apos;nvfuser::WarpSpecialized(index = 1)&apos; with value WarpSpecializedOnTIDxRegisterSharing_None), CpAsyncBulkTensorTile)" file="/opt/pytorch/nvfuser/tests/cpp/test_circular_buffering.cpp" line="1777" status="run" result="completed" time="0.221" timestamp="2025-04-30T07:34:09.643" classname="Hopper/TmaCircularBufferingTest" />
    <testcase name="Persistent/stage_4_prefetch_neg4_M_1024_N_2048_WarpSpecializedOnTIDyRegisterSharing_64_168_CpAsyncBulk" value_param="(4, -4, 1024, 2048, (&apos;nvfuser::WarpSpecialized(index = 1)&apos; with value WarpSpecializedOnTIDyRegisterSharing_64_168), CpAsyncBulk)" file="/opt/pytorch/nvfuser/tests/cpp/test_circular_buffering.cpp" line="1777" status="run" result="skipped" time="0." timestamp="2025-04-30T07:34:09.865" classname="Hopper/TmaCircularBufferingTest">
      <skipped message="/opt/pytorch/nvfuser/tests/cpp/test_circular_buffering.cpp:1780&#x0A;Bdimx is dynamic, register Sharing is disabled&#x0A;"><![CDATA[/opt/pytorch/nvfuser/tests/cpp/test_circular_buffering.cpp:1780
Bdimx is dynamic, register Sharing is disabled
]]></skipped>
    </testcase>
    <testcase name="Persistent/stage_4_prefetch_neg3_M_128_N_1024_WarpSpecializedOnTIDxRegisterSharing_None_CpAsyncBulkTensorTile" value_param="(4, -3, 128, 1024, (&apos;nvfuser::WarpSpecialized(index = 1)&apos; with value WarpSpecializedOnTIDxRegisterSharing_None), CpAsyncBulkTensorTile)" file="/opt/pytorch/nvfuser/tests/cpp/test_circular_buffering.cpp" line="1777" status="run" result="completed" time="0.198" timestamp="2025-04-30T07:34:09.865" classname="Hopper/TmaCircularBufferingTest" />
    <testcase name="Persistent/stage_4_prefetch_neg3_M_500_N_1024_WarpSpecializedOnTIDyRegisterSharing_None_CpAsyncBulk" value_param="(4, -3, 500, 1024, (&apos;nvfuser::WarpSpecialized(index = 1)&apos; with value WarpSpecializedOnTIDyRegisterSharing_None), CpAsyncBulk)" file="/opt/pytorch/nvfuser/tests/cpp/test_circular_buffering.cpp" line="1777" status="run" result="completed" time="0.202" timestamp="2025-04-30T07:34:10.064" classname="Hopper/TmaCircularBufferingTest" />
    <testcase name="Persistent/stage_4_prefetch_neg3_M_500_N_2048_WarpSpecializedOnTIDxRegisterSharing_64_168_CpAsyncBulkTensorTile" value_param="(4, -3, 500, 2048, (&apos;nvfuser::WarpSpecialized(index = 1)&apos; with value WarpSpecializedOnTIDxRegisterSharing_64_168), CpAsyncBulkTensorTile)" file="/opt/pytorch/nvfuser/tests/cpp/test_circular_buffering.cpp" line="1777" status="run" result="skipped" time="0." timestamp="2025-04-30T07:34:10.266" classname="Hopper/TmaCircularBufferingTest">
      <skipped message="/opt/pytorch/nvfuser/tests/cpp/test_circular_buffering.cpp:1780&#x0A;Bdimx is dynamic, register Sharing is disabled&#x0A;"><![CDATA[/opt/pytorch/nvfuser/tests/cpp/test_circular_buffering.cpp:1780
Bdimx is dynamic, register Sharing is disabled
]]></skipped>
    </testcase>
    <testcase name="Persistent/stage_4_prefetch_neg3_M_1024_N_2048_WarpSpecializedOnTIDxRegisterSharing_None_CpAsyncBulk" value_param="(4, -3, 1024, 2048, (&apos;nvfuser::WarpSpecialized(index = 1)&apos; with value WarpSpecializedOnTIDxRegisterSharing_None), CpAsyncBulk)" file="/opt/pytorch/nvfuser/tests/cpp/test_circular_buffering.cpp" line="1777" status="run" result="completed" time="0.219" timestamp="2025-04-30T07:34:10.266" classname="Hopper/TmaCircularBufferingTest" />
    <testcase name="Persistent/stage_4_prefetch_neg2_M_128_N_1024_Pipelined_CpAsyncBulkTensorTile" value_param="(4, -2, 128, 1024, (&apos;nvfuser::Pipelined(index = 0)&apos; with value Pipelined), CpAsyncBulkTensorTile)" file="/opt/pytorch/nvfuser/tests/cpp/test_circular_buffering.cpp" line="1777" status="run" result="completed" time="0.284" timestamp="2025-04-30T07:34:10.486" classname="Hopper/TmaCircularBufferingTest" />
    <testcase name="Persistent/stage_4_prefetch_neg2_M_500_N_1024_Pipelined_CpAsyncBulk" value_param="(4, -2, 500, 1024, (&apos;nvfuser::Pipelined(index = 0)&apos; with value Pipelined), CpAsyncBulk)" file="/opt/pytorch/nvfuser/tests/cpp/test_circular_buffering.cpp" line="1777" status="run" result="completed" time="0.289" timestamp="2025-04-30T07:34:10.771" classname="Hopper/TmaCircularBufferingTest" />
    <testcase name="Persistent/stage_4_prefetch_neg2_M_500_N_2048_WarpSpecializedOnTIDyRegisterSharing_None_CpAsyncBulkTensorTile" value_param="(4, -2, 500, 2048, (&apos;nvfuser::WarpSpecialized(index = 1)&apos; with value WarpSpecializedOnTIDyRegisterSharing_None), CpAsyncBulkTensorTile)" file="/opt/pytorch/nvfuser/tests/cpp/test_circular_buffering.cpp" line="1777" status="run" result="completed" time="0.254" timestamp="2025-04-30T07:34:11.060" classname="Hopper/TmaCircularBufferingTest" />
    <testcase name="Persistent/stage_4_prefetch_neg2_M_1024_N_2048_Pipelined_CpAsyncBulk" value_param="(4, -2, 1024, 2048, (&apos;nvfuser::Pipelined(index = 0)&apos; with value Pipelined), CpAsyncBulk)" file="/opt/pytorch/nvfuser/tests/cpp/test_circular_buffering.cpp" line="1777" status="run" result="completed" time="0.338" timestamp="2025-04-30T07:34:11.315" classname="Hopper/TmaCircularBufferingTest" />
    <testcase name="Persistent/stage_4_prefetch_neg1_M_128_N_1024_Pipelined_CpAsyncBulkTensorTile" value_param="(4, -1, 128, 1024, (&apos;nvfuser::Pipelined(index = 0)&apos; with value Pipelined), CpAsyncBulkTensorTile)" file="/opt/pytorch/nvfuser/tests/cpp/test_circular_buffering.cpp" line="1777" status="run" result="completed" time="0.273" timestamp="2025-04-30T07:34:11.654" classname="Hopper/TmaCircularBufferingTest" />
    <testcase name="Persistent/stage_4_prefetch_neg1_M_500_N_1024_WarpSpecializedOnTIDyRegisterSharing_None_CpAsyncBulk" value_param="(4, -1, 500, 1024, (&apos;nvfuser::WarpSpecialized(index = 1)&apos; with value WarpSpecializedOnTIDyRegisterSharing_None), CpAsyncBulk)" file="/opt/pytorch/nvfuser/tests/cpp/test_circular_buffering.cpp" line="1777" status="run" result="completed" time="0.256" timestamp="2025-04-30T07:34:11.928" classname="Hopper/TmaCircularBufferingTest" />
    <testcase name="Persistent/stage_4_prefetch_neg1_M_500_N_2048_WarpSpecializedOnTIDyRegisterSharing_64_168_CpAsyncBulkTensorTile" value_param="(4, -1, 500, 2048, (&apos;nvfuser::WarpSpecialized(index = 1)&apos; with value WarpSpecializedOnTIDyRegisterSharing_64_168), CpAsyncBulkTensorTile)" file="/opt/pytorch/nvfuser/tests/cpp/test_circular_buffering.cpp" line="1777" status="run" result="skipped" time="0." timestamp="2025-04-30T07:34:12.184" classname="Hopper/TmaCircularBufferingTest">
      <skipped message="/opt/pytorch/nvfuser/tests/cpp/test_circular_buffering.cpp:1780&#x0A;Bdimx is dynamic, register Sharing is disabled&#x0A;"><![CDATA[/opt/pytorch/nvfuser/tests/cpp/test_circular_buffering.cpp:1780
Bdimx is dynamic, register Sharing is disabled
]]></skipped>
    </testcase>
    <testcase name="Persistent/stage_4_prefetch_neg1_M_1024_N_2048_WarpSpecializedOnTIDxRegisterSharing_64_168_CpAsyncBulk" value_param="(4, -1, 1024, 2048, (&apos;nvfuser::WarpSpecialized(index = 1)&apos; with value WarpSpecializedOnTIDxRegisterSharing_64_168), CpAsyncBulk)" file="/opt/pytorch/nvfuser/tests/cpp/test_circular_buffering.cpp" line="1777" status="run" result="skipped" time="0." timestamp="2025-04-30T07:34:12.184" classname="Hopper/TmaCircularBufferingTest">
      <skipped message="/opt/pytorch/nvfuser/tests/cpp/test_circular_buffering.cpp:1780&#x0A;Bdimx is dynamic, register Sharing is disabled&#x0A;"><![CDATA[/opt/pytorch/nvfuser/tests/cpp/test_circular_buffering.cpp:1780
Bdimx is dynamic, register Sharing is disabled
]]></skipped>
    </testcase>
    <testcase name="Persistent/stage_4_prefetch_0_M_128_N_1024_PipelinedMBarrierForWAR_CpAsyncBulkTensorTile" value_param="(4, 0, 128, 1024, (&apos;nvfuser::Pipelined(index = 0)&apos; with value PipelinedMBarrierForWAR), CpAsyncBulkTensorTile)" file="/opt/pytorch/nvfuser/tests/cpp/test_circular_buffering.cpp" line="1777" status="run" result="completed" time="0.191" timestamp="2025-04-30T07:34:12.184" classname="Hopper/TmaCircularBufferingTest" />
    <testcase name="Persistent/stage_4_prefetch_0_M_500_N_1024_WarpSpecializedOnTIDyRegisterSharing_64_168_CpAsyncBulk" value_param="(4, 0, 500, 1024, (&apos;nvfuser::WarpSpecialized(index = 1)&apos; with value WarpSpecializedOnTIDyRegisterSharing_64_168), CpAsyncBulk)" file="/opt/pytorch/nvfuser/tests/cpp/test_circular_buffering.cpp" line="1777" status="run" result="skipped" time="0." timestamp="2025-04-30T07:34:12.375" classname="Hopper/TmaCircularBufferingTest">
      <skipped message="/opt/pytorch/nvfuser/tests/cpp/test_circular_buffering.cpp:1780&#x0A;Bdimx is dynamic, register Sharing is disabled&#x0A;"><![CDATA[/opt/pytorch/nvfuser/tests/cpp/test_circular_buffering.cpp:1780
Bdimx is dynamic, register Sharing is disabled
]]></skipped>
    </testcase>
    <testcase name="Persistent/stage_4_prefetch_0_M_500_N_2048_WarpSpecializedOnTIDyRegisterSharing_None_CpAsyncBulkTensorTile" value_param="(4, 0, 500, 2048, (&apos;nvfuser::WarpSpecialized(index = 1)&apos; with value WarpSpecializedOnTIDyRegisterSharing_None), CpAsyncBulkTensorTile)" file="/opt/pytorch/nvfuser/tests/cpp/test_circular_buffering.cpp" line="1777" status="run" result="completed" time="0.226" timestamp="2025-04-30T07:34:12.376" classname="Hopper/TmaCircularBufferingTest" />
    <testcase name="Persistent/stage_4_prefetch_0_M_1024_N_2048_WarpSpecializedOnTIDxRegisterSharing_64_168_CpAsyncBulk" value_param="(4, 0, 1024, 2048, (&apos;nvfuser::WarpSpecialized(index = 1)&apos; with value WarpSpecializedOnTIDxRegisterSharing_64_168), CpAsyncBulk)" file="/opt/pytorch/nvfuser/tests/cpp/test_circular_buffering.cpp" line="1777" status="run" result="skipped" time="0." timestamp="2025-04-30T07:34:12.602" classname="Hopper/TmaCircularBufferingTest">
      <skipped message="/opt/pytorch/nvfuser/tests/cpp/test_circular_buffering.cpp:1780&#x0A;Bdimx is dynamic, register Sharing is disabled&#x0A;"><![CDATA[/opt/pytorch/nvfuser/tests/cpp/test_circular_buffering.cpp:1780
Bdimx is dynamic, register Sharing is disabled
]]></skipped>
    </testcase>
    <testcase name="Persistent/stage_4_prefetch_1_M_128_N_1024_WarpSpecializedOnTIDxRegisterSharing_64_168_CpAsyncBulkTensorTile" value_param="(4, 1, 128, 1024, (&apos;nvfuser::WarpSpecialized(index = 1)&apos; with value WarpSpecializedOnTIDxRegisterSharing_64_168), CpAsyncBulkTensorTile)" file="/opt/pytorch/nvfuser/tests/cpp/test_circular_buffering.cpp" line="1777" status="run" result="skipped" time="0." timestamp="2025-04-30T07:34:12.602" classname="Hopper/TmaCircularBufferingTest">
      <skipped message="/opt/pytorch/nvfuser/tests/cpp/test_circular_buffering.cpp:1780&#x0A;Bdimx is dynamic, register Sharing is disabled&#x0A;"><![CDATA[/opt/pytorch/nvfuser/tests/cpp/test_circular_buffering.cpp:1780
Bdimx is dynamic, register Sharing is disabled
]]></skipped>
    </testcase>
    <testcase name="Persistent/stage_4_prefetch_1_M_500_N_1024_PipelinedMBarrierForWAR_CpAsyncBulk" value_param="(4, 1, 500, 1024, (&apos;nvfuser::Pipelined(index = 0)&apos; with value PipelinedMBarrierForWAR), CpAsyncBulk)" file="/opt/pytorch/nvfuser/tests/cpp/test_circular_buffering.cpp" line="1777" status="run" result="completed" time="0.252" timestamp="2025-04-30T07:34:12.602" classname="Hopper/TmaCircularBufferingTest" />
    <testcase name="Persistent/stage_4_prefetch_1_M_500_N_2048_WarpSpecializedOnTIDyRegisterSharing_None_CpAsyncBulkTensorTile" value_param="(4, 1, 500, 2048, (&apos;nvfuser::WarpSpecialized(index = 1)&apos; with value WarpSpecializedOnTIDyRegisterSharing_None), CpAsyncBulkTensorTile)" file="/opt/pytorch/nvfuser/tests/cpp/test_circular_buffering.cpp" line="1777" status="run" result="completed" time="0.219" timestamp="2025-04-30T07:34:12.855" classname="Hopper/TmaCircularBufferingTest" />
    <testcase name="Persistent/stage_4_prefetch_1_M_1024_N_2048_WarpSpecializedOnTIDyRegisterSharing_64_168_CpAsyncBulk" value_param="(4, 1, 1024, 2048, (&apos;nvfuser::WarpSpecialized(index = 1)&apos; with value WarpSpecializedOnTIDyRegisterSharing_64_168), CpAsyncBulk)" file="/opt/pytorch/nvfuser/tests/cpp/test_circular_buffering.cpp" line="1777" status="run" result="skipped" time="0." timestamp="2025-04-30T07:34:13.074" classname="Hopper/TmaCircularBufferingTest">
      <skipped message="/opt/pytorch/nvfuser/tests/cpp/test_circular_buffering.cpp:1780&#x0A;Bdimx is dynamic, register Sharing is disabled&#x0A;"><![CDATA[/opt/pytorch/nvfuser/tests/cpp/test_circular_buffering.cpp:1780
Bdimx is dynamic, register Sharing is disabled
]]></skipped>
    </testcase>
    <testcase name="Persistent/stage_4_prefetch_2_M_128_N_1024_WarpSpecializedOnTIDxRegisterSharing_64_168_CpAsyncBulkTensorTile" value_param="(4, 2, 128, 1024, (&apos;nvfuser::WarpSpecialized(index = 1)&apos; with value WarpSpecializedOnTIDxRegisterSharing_64_168), CpAsyncBulkTensorTile)" file="/opt/pytorch/nvfuser/tests/cpp/test_circular_buffering.cpp" line="1777" status="run" result="skipped" time="0." timestamp="2025-04-30T07:34:13.074" classname="Hopper/TmaCircularBufferingTest">
      <skipped message="/opt/pytorch/nvfuser/tests/cpp/test_circular_buffering.cpp:1780&#x0A;Bdimx is dynamic, register Sharing is disabled&#x0A;"><![CDATA[/opt/pytorch/nvfuser/tests/cpp/test_circular_buffering.cpp:1780
Bdimx is dynamic, register Sharing is disabled
]]></skipped>
    </testcase>
    <testcase name="Persistent/stage_4_prefetch_2_M_500_N_1024_WarpSpecializedOnTIDyRegisterSharing_64_168_CpAsyncBulk" value_param="(4, 2, 500, 1024, (&apos;nvfuser::WarpSpecialized(index = 1)&apos; with value WarpSpecializedOnTIDyRegisterSharing_64_168), CpAsyncBulk)" file="/opt/pytorch/nvfuser/tests/cpp/test_circular_buffering.cpp" line="1777" status="run" result="skipped" time="0." timestamp="2025-04-30T07:34:13.074" classname="Hopper/TmaCircularBufferingTest">
      <skipped message="/opt/pytorch/nvfuser/tests/cpp/test_circular_buffering.cpp:1780&#x0A;Bdimx is dynamic, register Sharing is disabled&#x0A;"><![CDATA[/opt/pytorch/nvfuser/tests/cpp/test_circular_buffering.cpp:1780
Bdimx is dynamic, register Sharing is disabled
]]></skipped>
    </testcase>
    <testcase name="Persistent/stage_4_prefetch_2_M_500_N_2048_WarpSpecializedOnTIDyRegisterSharing_64_168_CpAsyncBulkTensorTile" value_param="(4, 2, 500, 2048, (&apos;nvfuser::WarpSpecialized(index = 1)&apos; with value WarpSpecializedOnTIDyRegisterSharing_64_168), CpAsyncBulkTensorTile)" file="/opt/pytorch/nvfuser/tests/cpp/test_circular_buffering.cpp" line="1777" status="run" result="skipped" time="0." timestamp="2025-04-30T07:34:13.074" classname="Hopper/TmaCircularBufferingTest">
      <skipped message="/opt/pytorch/nvfuser/tests/cpp/test_circular_buffering.cpp:1780&#x0A;Bdimx is dynamic, register Sharing is disabled&#x0A;"><![CDATA[/opt/pytorch/nvfuser/tests/cpp/test_circular_buffering.cpp:1780
Bdimx is dynamic, register Sharing is disabled
]]></skipped>
    </testcase>
    <testcase name="Persistent/stage_4_prefetch_2_M_1024_N_2048_Pipelined_CpAsyncBulk" value_param="(4, 2, 1024, 2048, (&apos;nvfuser::Pipelined(index = 0)&apos; with value Pipelined), CpAsyncBulk)" file="/opt/pytorch/nvfuser/tests/cpp/test_circular_buffering.cpp" line="1777" status="run" result="completed" time="0.338" timestamp="2025-04-30T07:34:13.074" classname="Hopper/TmaCircularBufferingTest" />
    <testcase name="Persistent/stage_4_prefetch_3_M_128_N_1024_PipelinedMBarrierForWAR_CpAsyncBulkTensorTile" value_param="(4, 3, 128, 1024, (&apos;nvfuser::Pipelined(index = 0)&apos; with value PipelinedMBarrierForWAR), CpAsyncBulkTensorTile)" file="/opt/pytorch/nvfuser/tests/cpp/test_circular_buffering.cpp" line="1777" status="run" result="completed" time="0.282" timestamp="2025-04-30T07:34:13.413" classname="Hopper/TmaCircularBufferingTest" />
    <testcase name="Persistent/stage_4_prefetch_3_M_500_N_1024_WarpSpecializedOnTIDxRegisterSharing_64_168_CpAsyncBulk" value_param="(4, 3, 500, 1024, (&apos;nvfuser::WarpSpecialized(index = 1)&apos; with value WarpSpecializedOnTIDxRegisterSharing_64_168), CpAsyncBulk)" file="/opt/pytorch/nvfuser/tests/cpp/test_circular_buffering.cpp" line="1777" status="run" result="skipped" time="0." timestamp="2025-04-30T07:34:13.695" classname="Hopper/TmaCircularBufferingTest">
      <skipped message="/opt/pytorch/nvfuser/tests/cpp/test_circular_buffering.cpp:1780&#x0A;Bdimx is dynamic, register Sharing is disabled&#x0A;"><![CDATA[/opt/pytorch/nvfuser/tests/cpp/test_circular_buffering.cpp:1780
Bdimx is dynamic, register Sharing is disabled
]]></skipped>
    </testcase>
    <testcase name="Persistent/stage_4_prefetch_3_M_500_N_2048_WarpSpecializedOnTIDxRegisterSharing_None_CpAsyncBulkTensorTile" value_param="(4, 3, 500, 2048, (&apos;nvfuser::WarpSpecialized(index = 1)&apos; with value WarpSpecializedOnTIDxRegisterSharing_None), CpAsyncBulkTensorTile)" file="/opt/pytorch/nvfuser/tests/cpp/test_circular_buffering.cpp" line="1777" status="run" result="completed" time="0.282" timestamp="2025-04-30T07:34:13.695" classname="Hopper/TmaCircularBufferingTest" />
    <testcase name="Persistent/stage_4_prefetch_3_M_1024_N_2048_WarpSpecializedOnTIDyRegisterSharing_64_168_CpAsyncBulk" value_param="(4, 3, 1024, 2048, (&apos;nvfuser::WarpSpecialized(index = 1)&apos; with value WarpSpecializedOnTIDyRegisterSharing_64_168), CpAsyncBulk)" file="/opt/pytorch/nvfuser/tests/cpp/test_circular_buffering.cpp" line="1777" status="run" result="skipped" time="0." timestamp="2025-04-30T07:34:13.977" classname="Hopper/TmaCircularBufferingTest">
      <skipped message="/opt/pytorch/nvfuser/tests/cpp/test_circular_buffering.cpp:1780&#x0A;Bdimx is dynamic, register Sharing is disabled&#x0A;"><![CDATA[/opt/pytorch/nvfuser/tests/cpp/test_circular_buffering.cpp:1780
Bdimx is dynamic, register Sharing is disabled
]]></skipped>
    </testcase>
    <testcase name="Matmul/stage_2_prefetch_neg2_M_128_N_1024_PipelinedMBarrierForWAR_CpAsyncBulkTensorTile" value_param="(2, -2, 128, 1024, (&apos;nvfuser::Pipelined(index = 0)&apos; with value PipelinedMBarrierForWAR), CpAsyncBulkTensorTile)" file="/opt/pytorch/nvfuser/tests/cpp/test_circular_buffering.cpp" line="1917" status="run" result="completed" time="0.282" timestamp="2025-04-30T07:34:13.977" classname="Hopper/TmaCircularBufferingTest" />
    <testcase name="Matmul/stage_2_prefetch_neg2_M_500_N_1024_PipelinedMBarrierForWAR_CpAsyncBulk" value_param="(2, -2, 500, 1024, (&apos;nvfuser::Pipelined(index = 0)&apos; with value PipelinedMBarrierForWAR), CpAsyncBulk)" file="/opt/pytorch/nvfuser/tests/cpp/test_circular_buffering.cpp" line="1917" status="run" result="skipped" time="0." timestamp="2025-04-30T07:34:14.260" classname="Hopper/TmaCircularBufferingTest">
      <skipped message="/opt/pytorch/nvfuser/tests/cpp/test_circular_buffering.cpp:1936&#x0A;LoadStoreOpType::CpAsyncBulk only supports 1D TMA&#x0A;"><![CDATA[/opt/pytorch/nvfuser/tests/cpp/test_circular_buffering.cpp:1936
LoadStoreOpType::CpAsyncBulk only supports 1D TMA
]]></skipped>
    </testcase>
    <testcase name="Matmul/stage_2_prefetch_neg2_M_500_N_2048_WarpSpecializedOnTIDyRegisterSharing_64_168_CpAsyncBulkTensorTile" value_param="(2, -2, 500, 2048, (&apos;nvfuser::WarpSpecialized(index = 1)&apos; with value WarpSpecializedOnTIDyRegisterSharing_64_168), CpAsyncBulkTensorTile)" file="/opt/pytorch/nvfuser/tests/cpp/test_circular_buffering.cpp" line="1917" status="run" result="completed" time="0.315" timestamp="2025-04-30T07:34:14.260" classname="Hopper/TmaCircularBufferingTest" />
    <testcase name="Matmul/stage_2_prefetch_neg2_M_1024_N_2048_WarpSpecializedOnTIDyRegisterSharing_64_168_CpAsyncBulk" value_param="(2, -2, 1024, 2048, (&apos;nvfuser::WarpSpecialized(index = 1)&apos; with value WarpSpecializedOnTIDyRegisterSharing_64_168), CpAsyncBulk)" file="/opt/pytorch/nvfuser/tests/cpp/test_circular_buffering.cpp" line="1917" status="run" result="skipped" time="0.002" timestamp="2025-04-30T07:34:14.575" classname="Hopper/TmaCircularBufferingTest">
      <skipped message="/opt/pytorch/nvfuser/tests/cpp/test_circular_buffering.cpp:1936&#x0A;LoadStoreOpType::CpAsyncBulk only supports 1D TMA&#x0A;"><![CDATA[/opt/pytorch/nvfuser/tests/cpp/test_circular_buffering.cpp:1936
LoadStoreOpType::CpAsyncBulk only supports 1D TMA
]]></skipped>
    </testcase>
    <testcase name="Matmul/stage_2_prefetch_neg1_M_128_N_1024_WarpSpecializedOnTIDyRegisterSharing_None_CpAsyncBulkTensorTile" value_param="(2, -1, 128, 1024, (&apos;nvfuser::WarpSpecialized(index = 1)&apos; with value WarpSpecializedOnTIDyRegisterSharing_None), CpAsyncBulkTensorTile)" file="/opt/pytorch/nvfuser/tests/cpp/test_circular_buffering.cpp" line="1917" status="run" result="completed" time="0.191" timestamp="2025-04-30T07:34:14.577" classname="Hopper/TmaCircularBufferingTest" />
    <testcase name="Matmul/stage_2_prefetch_neg1_M_500_N_1024_WarpSpecializedOnTIDyRegisterSharing_None_CpAsyncBulk" value_param="(2, -1, 500, 1024, (&apos;nvfuser::WarpSpecialized(index = 1)&apos; with value WarpSpecializedOnTIDyRegisterSharing_None), CpAsyncBulk)" file="/opt/pytorch/nvfuser/tests/cpp/test_circular_buffering.cpp" line="1917" status="run" result="skipped" time="0." timestamp="2025-04-30T07:34:14.769" classname="Hopper/TmaCircularBufferingTest">
      <skipped message="/opt/pytorch/nvfuser/tests/cpp/test_circular_buffering.cpp:1936&#x0A;LoadStoreOpType::CpAsyncBulk only supports 1D TMA&#x0A;"><![CDATA[/opt/pytorch/nvfuser/tests/cpp/test_circular_buffering.cpp:1936
LoadStoreOpType::CpAsyncBulk only supports 1D TMA
]]></skipped>
    </testcase>
    <testcase name="Matmul/stage_2_prefetch_neg1_M_500_N_2048_WarpSpecializedOnTIDyRegisterSharing_64_168_CpAsyncBulkTensorTile" value_param="(2, -1, 500, 2048, (&apos;nvfuser::WarpSpecialized(index = 1)&apos; with value WarpSpecializedOnTIDyRegisterSharing_64_168), CpAsyncBulkTensorTile)" file="/opt/pytorch/nvfuser/tests/cpp/test_circular_buffering.cpp" line="1917" status="run" result="completed" time="0.195" timestamp="2025-04-30T07:34:14.769" classname="Hopper/TmaCircularBufferingTest" />
    <testcase name="Matmul/stage_2_prefetch_neg1_M_1024_N_2048_WarpSpecializedOnTIDyRegisterSharing_64_168_CpAsyncBulk" value_param="(2, -1, 1024, 2048, (&apos;nvfuser::WarpSpecialized(index = 1)&apos; with value WarpSpecializedOnTIDyRegisterSharing_64_168), CpAsyncBulk)" file="/opt/pytorch/nvfuser/tests/cpp/test_circular_buffering.cpp" line="1917" status="run" result="skipped" time="0.001" timestamp="2025-04-30T07:34:14.964" classname="Hopper/TmaCircularBufferingTest">
      <skipped message="/opt/pytorch/nvfuser/tests/cpp/test_circular_buffering.cpp:1936&#x0A;LoadStoreOpType::CpAsyncBulk only supports 1D TMA&#x0A;"><![CDATA[/opt/pytorch/nvfuser/tests/cpp/test_circular_buffering.cpp:1936
LoadStoreOpType::CpAsyncBulk only supports 1D TMA
]]></skipped>
    </testcase>
    <testcase name="Matmul/stage_2_prefetch_0_M_128_N_1024_WarpSpecializedOnTIDyRegisterSharing_None_CpAsyncBulkTensorTile" value_param="(2, 0, 128, 1024, (&apos;nvfuser::WarpSpecialized(index = 1)&apos; with value WarpSpecializedOnTIDyRegisterSharing_None), CpAsyncBulkTensorTile)" file="/opt/pytorch/nvfuser/tests/cpp/test_circular_buffering.cpp" line="1917" status="run" result="completed" time="0.313" timestamp="2025-04-30T07:34:14.966" classname="Hopper/TmaCircularBufferingTest" />
    <testcase name="Matmul/stage_2_prefetch_0_M_500_N_1024_Pipelined_CpAsyncBulk" value_param="(2, 0, 500, 1024, (&apos;nvfuser::Pipelined(index = 0)&apos; with value Pipelined), CpAsyncBulk)" file="/opt/pytorch/nvfuser/tests/cpp/test_circular_buffering.cpp" line="1917" status="run" result="skipped" time="0." timestamp="2025-04-30T07:34:15.280" classname="Hopper/TmaCircularBufferingTest">
      <skipped message="/opt/pytorch/nvfuser/tests/cpp/test_circular_buffering.cpp:1936&#x0A;LoadStoreOpType::CpAsyncBulk only supports 1D TMA&#x0A;"><![CDATA[/opt/pytorch/nvfuser/tests/cpp/test_circular_buffering.cpp:1936
LoadStoreOpType::CpAsyncBulk only supports 1D TMA
]]></skipped>
    </testcase>
    <testcase name="Matmul/stage_2_prefetch_0_M_500_N_2048_WarpSpecializedOnTIDyRegisterSharing_None_CpAsyncBulkTensorTile" value_param="(2, 0, 500, 2048, (&apos;nvfuser::WarpSpecialized(index = 1)&apos; with value WarpSpecializedOnTIDyRegisterSharing_None), CpAsyncBulkTensorTile)" file="/opt/pytorch/nvfuser/tests/cpp/test_circular_buffering.cpp" line="1917" status="run" result="completed" time="0.095" timestamp="2025-04-30T07:34:15.280" classname="Hopper/TmaCircularBufferingTest" />
    <testcase name="Matmul/stage_2_prefetch_0_M_1024_N_2048_Pipelined_CpAsyncBulk" value_param="(2, 0, 1024, 2048, (&apos;nvfuser::Pipelined(index = 0)&apos; with value Pipelined), CpAsyncBulk)" file="/opt/pytorch/nvfuser/tests/cpp/test_circular_buffering.cpp" line="1917" status="run" result="skipped" time="0.001" timestamp="2025-04-30T07:34:15.375" classname="Hopper/TmaCircularBufferingTest">
      <skipped message="/opt/pytorch/nvfuser/tests/cpp/test_circular_buffering.cpp:1936&#x0A;LoadStoreOpType::CpAsyncBulk only supports 1D TMA&#x0A;"><![CDATA[/opt/pytorch/nvfuser/tests/cpp/test_circular_buffering.cpp:1936
LoadStoreOpType::CpAsyncBulk only supports 1D TMA
]]></skipped>
    </testcase>
    <testcase name="Matmul/stage_2_prefetch_1_M_128_N_1024_WarpSpecializedOnTIDxRegisterSharing_64_168_CpAsyncBulkTensorTile" value_param="(2, 1, 128, 1024, (&apos;nvfuser::WarpSpecialized(index = 1)&apos; with value WarpSpecializedOnTIDxRegisterSharing_64_168), CpAsyncBulkTensorTile)" file="/opt/pytorch/nvfuser/tests/cpp/test_circular_buffering.cpp" line="1917" status="run" result="skipped" time="0." timestamp="2025-04-30T07:34:15.377" classname="Hopper/TmaCircularBufferingTest">
      <skipped message="/opt/pytorch/nvfuser/tests/cpp/test_circular_buffering.cpp:1921&#x0A;Register Sharing with TIDx used for both computation and load, requires TIDx to be a multiple of 128.&#x0A;"><![CDATA[/opt/pytorch/nvfuser/tests/cpp/test_circular_buffering.cpp:1921
Register Sharing with TIDx used for both computation and load, requires TIDx to be a multiple of 128.
]]></skipped>
    </testcase>
    <testcase name="Matmul/stage_2_prefetch_1_M_500_N_1024_WarpSpecializedOnTIDyRegisterSharing_64_168_CpAsyncBulk" value_param="(2, 1, 500, 1024, (&apos;nvfuser::WarpSpecialized(index = 1)&apos; with value WarpSpecializedOnTIDyRegisterSharing_64_168), CpAsyncBulk)" file="/opt/pytorch/nvfuser/tests/cpp/test_circular_buffering.cpp" line="1917" status="run" result="skipped" time="0." timestamp="2025-04-30T07:34:15.377" classname="Hopper/TmaCircularBufferingTest">
      <skipped message="/opt/pytorch/nvfuser/tests/cpp/test_circular_buffering.cpp:1936&#x0A;LoadStoreOpType::CpAsyncBulk only supports 1D TMA&#x0A;"><![CDATA[/opt/pytorch/nvfuser/tests/cpp/test_circular_buffering.cpp:1936
LoadStoreOpType::CpAsyncBulk only supports 1D TMA
]]></skipped>
    </testcase>
    <testcase name="Matmul/stage_2_prefetch_1_M_500_N_2048_WarpSpecializedOnTIDyRegisterSharing_64_168_CpAsyncBulkTensorTile" value_param="(2, 1, 500, 2048, (&apos;nvfuser::WarpSpecialized(index = 1)&apos; with value WarpSpecializedOnTIDyRegisterSharing_64_168), CpAsyncBulkTensorTile)" file="/opt/pytorch/nvfuser/tests/cpp/test_circular_buffering.cpp" line="1917" status="run" result="completed" time="0.195" timestamp="2025-04-30T07:34:15.377" classname="Hopper/TmaCircularBufferingTest" />
    <testcase name="Matmul/stage_2_prefetch_1_M_1024_N_2048_WarpSpecializedOnTIDyRegisterSharing_64_168_CpAsyncBulk" value_param="(2, 1, 1024, 2048, (&apos;nvfuser::WarpSpecialized(index = 1)&apos; with value WarpSpecializedOnTIDyRegisterSharing_64_168), CpAsyncBulk)" file="/opt/pytorch/nvfuser/tests/cpp/test_circular_buffering.cpp" line="1917" status="run" result="skipped" time="0." timestamp="2025-04-30T07:34:15.573" classname="Hopper/TmaCircularBufferingTest">
      <skipped message="/opt/pytorch/nvfuser/tests/cpp/test_circular_buffering.cpp:1936&#x0A;LoadStoreOpType::CpAsyncBulk only supports 1D TMA&#x0A;"><![CDATA[/opt/pytorch/nvfuser/tests/cpp/test_circular_buffering.cpp:1936
LoadStoreOpType::CpAsyncBulk only supports 1D TMA
]]></skipped>
    </testcase>
    <testcase name="Matmul/stage_4_prefetch_neg4_M_128_N_1024_PipelinedMBarrierForWAR_CpAsyncBulkTensorTile" value_param="(4, -4, 128, 1024, (&apos;nvfuser::Pipelined(index = 0)&apos; with value PipelinedMBarrierForWAR), CpAsyncBulkTensorTile)" file="/opt/pytorch/nvfuser/tests/cpp/test_circular_buffering.cpp" line="1917" status="run" result="completed" time="0.292" timestamp="2025-04-30T07:34:15.573" classname="Hopper/TmaCircularBufferingTest" />
    <testcase name="Matmul/stage_4_prefetch_neg4_M_500_N_1024_WarpSpecializedOnTIDxRegisterSharing_64_168_CpAsyncBulk" value_param="(4, -4, 500, 1024, (&apos;nvfuser::WarpSpecialized(index = 1)&apos; with value WarpSpecializedOnTIDxRegisterSharing_64_168), CpAsyncBulk)" file="/opt/pytorch/nvfuser/tests/cpp/test_circular_buffering.cpp" line="1917" status="run" result="skipped" time="0." timestamp="2025-04-30T07:34:15.865" classname="Hopper/TmaCircularBufferingTest">
      <skipped message="/opt/pytorch/nvfuser/tests/cpp/test_circular_buffering.cpp:1921&#x0A;Register Sharing with TIDx used for both computation and load, requires TIDx to be a multiple of 128.&#x0A;"><![CDATA[/opt/pytorch/nvfuser/tests/cpp/test_circular_buffering.cpp:1921
Register Sharing with TIDx used for both computation and load, requires TIDx to be a multiple of 128.
]]></skipped>
    </testcase>
    <testcase name="Matmul/stage_4_prefetch_neg4_M_500_N_2048_WarpSpecializedOnTIDxRegisterSharing_None_CpAsyncBulkTensorTile" value_param="(4, -4, 500, 2048, (&apos;nvfuser::WarpSpecialized(index = 1)&apos; with value WarpSpecializedOnTIDxRegisterSharing_None), CpAsyncBulkTensorTile)" file="/opt/pytorch/nvfuser/tests/cpp/test_circular_buffering.cpp" line="1917" status="run" result="completed" time="0.323" timestamp="2025-04-30T07:34:15.866" classname="Hopper/TmaCircularBufferingTest" />
    <testcase name="Matmul/stage_4_prefetch_neg4_M_1024_N_2048_WarpSpecializedOnTIDyRegisterSharing_64_168_CpAsyncBulk" value_param="(4, -4, 1024, 2048, (&apos;nvfuser::WarpSpecialized(index = 1)&apos; with value WarpSpecializedOnTIDyRegisterSharing_64_168), CpAsyncBulk)" file="/opt/pytorch/nvfuser/tests/cpp/test_circular_buffering.cpp" line="1917" status="run" result="skipped" time="0." timestamp="2025-04-30T07:34:16.189" classname="Hopper/TmaCircularBufferingTest">
      <skipped message="/opt/pytorch/nvfuser/tests/cpp/test_circular_buffering.cpp:1936&#x0A;LoadStoreOpType::CpAsyncBulk only supports 1D TMA&#x0A;"><![CDATA[/opt/pytorch/nvfuser/tests/cpp/test_circular_buffering.cpp:1936
LoadStoreOpType::CpAsyncBulk only supports 1D TMA
]]></skipped>
    </testcase>
    <testcase name="Matmul/stage_4_prefetch_neg3_M_128_N_1024_WarpSpecializedOnTIDxRegisterSharing_None_CpAsyncBulkTensorTile" value_param="(4, -3, 128, 1024, (&apos;nvfuser::WarpSpecialized(index = 1)&apos; with value WarpSpecializedOnTIDxRegisterSharing_None), CpAsyncBulkTensorTile)" file="/opt/pytorch/nvfuser/tests/cpp/test_circular_buffering.cpp" line="1917" status="run" result="completed" time="0.195" timestamp="2025-04-30T07:34:16.189" classname="Hopper/TmaCircularBufferingTest" />
    <testcase name="Matmul/stage_4_prefetch_neg3_M_500_N_1024_WarpSpecializedOnTIDyRegisterSharing_None_CpAsyncBulk" value_param="(4, -3, 500, 1024, (&apos;nvfuser::WarpSpecialized(index = 1)&apos; with value WarpSpecializedOnTIDyRegisterSharing_None), CpAsyncBulk)" file="/opt/pytorch/nvfuser/tests/cpp/test_circular_buffering.cpp" line="1917" status="run" result="skipped" time="0." timestamp="2025-04-30T07:34:16.385" classname="Hopper/TmaCircularBufferingTest">
      <skipped message="/opt/pytorch/nvfuser/tests/cpp/test_circular_buffering.cpp:1936&#x0A;LoadStoreOpType::CpAsyncBulk only supports 1D TMA&#x0A;"><![CDATA[/opt/pytorch/nvfuser/tests/cpp/test_circular_buffering.cpp:1936
LoadStoreOpType::CpAsyncBulk only supports 1D TMA
]]></skipped>
    </testcase>
    <testcase name="Matmul/stage_4_prefetch_neg3_M_500_N_2048_WarpSpecializedOnTIDxRegisterSharing_64_168_CpAsyncBulkTensorTile" value_param="(4, -3, 500, 2048, (&apos;nvfuser::WarpSpecialized(index = 1)&apos; with value WarpSpecializedOnTIDxRegisterSharing_64_168), CpAsyncBulkTensorTile)" file="/opt/pytorch/nvfuser/tests/cpp/test_circular_buffering.cpp" line="1917" status="run" result="skipped" time="0." timestamp="2025-04-30T07:34:16.385" classname="Hopper/TmaCircularBufferingTest">
      <skipped message="/opt/pytorch/nvfuser/tests/cpp/test_circular_buffering.cpp:1921&#x0A;Register Sharing with TIDx used for both computation and load, requires TIDx to be a multiple of 128.&#x0A;"><![CDATA[/opt/pytorch/nvfuser/tests/cpp/test_circular_buffering.cpp:1921
Register Sharing with TIDx used for both computation and load, requires TIDx to be a multiple of 128.
]]></skipped>
    </testcase>
    <testcase name="Matmul/stage_4_prefetch_neg3_M_1024_N_2048_WarpSpecializedOnTIDxRegisterSharing_None_CpAsyncBulk" value_param="(4, -3, 1024, 2048, (&apos;nvfuser::WarpSpecialized(index = 1)&apos; with value WarpSpecializedOnTIDxRegisterSharing_None), CpAsyncBulk)" file="/opt/pytorch/nvfuser/tests/cpp/test_circular_buffering.cpp" line="1917" status="run" result="skipped" time="0." timestamp="2025-04-30T07:34:16.385" classname="Hopper/TmaCircularBufferingTest">
      <skipped message="/opt/pytorch/nvfuser/tests/cpp/test_circular_buffering.cpp:1936&#x0A;LoadStoreOpType::CpAsyncBulk only supports 1D TMA&#x0A;"><![CDATA[/opt/pytorch/nvfuser/tests/cpp/test_circular_buffering.cpp:1936
LoadStoreOpType::CpAsyncBulk only supports 1D TMA
]]></skipped>
    </testcase>
    <testcase name="Matmul/stage_4_prefetch_neg2_M_128_N_1024_Pipelined_CpAsyncBulkTensorTile" value_param="(4, -2, 128, 1024, (&apos;nvfuser::Pipelined(index = 0)&apos; with value Pipelined), CpAsyncBulkTensorTile)" file="/opt/pytorch/nvfuser/tests/cpp/test_circular_buffering.cpp" line="1917" status="run" result="completed" time="0.554" timestamp="2025-04-30T07:34:16.385" classname="Hopper/TmaCircularBufferingTest" />
    <testcase name="Matmul/stage_4_prefetch_neg2_M_500_N_1024_Pipelined_CpAsyncBulk" value_param="(4, -2, 500, 1024, (&apos;nvfuser::Pipelined(index = 0)&apos; with value Pipelined), CpAsyncBulk)" file="/opt/pytorch/nvfuser/tests/cpp/test_circular_buffering.cpp" line="1917" status="run" result="skipped" time="0." timestamp="2025-04-30T07:34:16.939" classname="Hopper/TmaCircularBufferingTest">
      <skipped message="/opt/pytorch/nvfuser/tests/cpp/test_circular_buffering.cpp:1936&#x0A;LoadStoreOpType::CpAsyncBulk only supports 1D TMA&#x0A;"><![CDATA[/opt/pytorch/nvfuser/tests/cpp/test_circular_buffering.cpp:1936
LoadStoreOpType::CpAsyncBulk only supports 1D TMA
]]></skipped>
    </testcase>
    <testcase name="Matmul/stage_4_prefetch_neg2_M_500_N_2048_WarpSpecializedOnTIDyRegisterSharing_None_CpAsyncBulkTensorTile" value_param="(4, -2, 500, 2048, (&apos;nvfuser::WarpSpecialized(index = 1)&apos; with value WarpSpecializedOnTIDyRegisterSharing_None), CpAsyncBulkTensorTile)" file="/opt/pytorch/nvfuser/tests/cpp/test_circular_buffering.cpp" line="1917" status="run" result="completed" time="0.403" timestamp="2025-04-30T07:34:16.939" classname="Hopper/TmaCircularBufferingTest" />
    <testcase name="Matmul/stage_4_prefetch_neg2_M_1024_N_2048_Pipelined_CpAsyncBulk" value_param="(4, -2, 1024, 2048, (&apos;nvfuser::Pipelined(index = 0)&apos; with value Pipelined), CpAsyncBulk)" file="/opt/pytorch/nvfuser/tests/cpp/test_circular_buffering.cpp" line="1917" status="run" result="skipped" time="0." timestamp="2025-04-30T07:34:17.343" classname="Hopper/TmaCircularBufferingTest">
      <skipped message="/opt/pytorch/nvfuser/tests/cpp/test_circular_buffering.cpp:1936&#x0A;LoadStoreOpType::CpAsyncBulk only supports 1D TMA&#x0A;"><![CDATA[/opt/pytorch/nvfuser/tests/cpp/test_circular_buffering.cpp:1936
LoadStoreOpType::CpAsyncBulk only supports 1D TMA
]]></skipped>
    </testcase>
    <testcase name="Matmul/stage_4_prefetch_neg1_M_128_N_1024_Pipelined_CpAsyncBulkTensorTile" value_param="(4, -1, 128, 1024, (&apos;nvfuser::Pipelined(index = 0)&apos; with value Pipelined), CpAsyncBulkTensorTile)" file="/opt/pytorch/nvfuser/tests/cpp/test_circular_buffering.cpp" line="1917" status="run" result="completed" time="0.915" timestamp="2025-04-30T07:34:17.343" classname="Hopper/TmaCircularBufferingTest" />
    <testcase name="Matmul/stage_4_prefetch_neg1_M_500_N_1024_WarpSpecializedOnTIDyRegisterSharing_None_CpAsyncBulk" value_param="(4, -1, 500, 1024, (&apos;nvfuser::WarpSpecialized(index = 1)&apos; with value WarpSpecializedOnTIDyRegisterSharing_None), CpAsyncBulk)" file="/opt/pytorch/nvfuser/tests/cpp/test_circular_buffering.cpp" line="1917" status="run" result="skipped" time="0." timestamp="2025-04-30T07:34:18.258" classname="Hopper/TmaCircularBufferingTest">
      <skipped message="/opt/pytorch/nvfuser/tests/cpp/test_circular_buffering.cpp:1936&#x0A;LoadStoreOpType::CpAsyncBulk only supports 1D TMA&#x0A;"><![CDATA[/opt/pytorch/nvfuser/tests/cpp/test_circular_buffering.cpp:1936
LoadStoreOpType::CpAsyncBulk only supports 1D TMA
]]></skipped>
    </testcase>
    <testcase name="Matmul/stage_4_prefetch_neg1_M_500_N_2048_WarpSpecializedOnTIDyRegisterSharing_64_168_CpAsyncBulkTensorTile" value_param="(4, -1, 500, 2048, (&apos;nvfuser::WarpSpecialized(index = 1)&apos; with value WarpSpecializedOnTIDyRegisterSharing_64_168), CpAsyncBulkTensorTile)" file="/opt/pytorch/nvfuser/tests/cpp/test_circular_buffering.cpp" line="1917" status="run" result="completed" time="0.628" timestamp="2025-04-30T07:34:18.258" classname="Hopper/TmaCircularBufferingTest" />
    <testcase name="Matmul/stage_4_prefetch_neg1_M_1024_N_2048_WarpSpecializedOnTIDxRegisterSharing_64_168_CpAsyncBulk" value_param="(4, -1, 1024, 2048, (&apos;nvfuser::WarpSpecialized(index = 1)&apos; with value WarpSpecializedOnTIDxRegisterSharing_64_168), CpAsyncBulk)" file="/opt/pytorch/nvfuser/tests/cpp/test_circular_buffering.cpp" line="1917" status="run" result="skipped" time="0." timestamp="2025-04-30T07:34:18.886" classname="Hopper/TmaCircularBufferingTest">
      <skipped message="/opt/pytorch/nvfuser/tests/cpp/test_circular_buffering.cpp:1921&#x0A;Register Sharing with TIDx used for both computation and load, requires TIDx to be a multiple of 128.&#x0A;"><![CDATA[/opt/pytorch/nvfuser/tests/cpp/test_circular_buffering.cpp:1921
Register Sharing with TIDx used for both computation and load, requires TIDx to be a multiple of 128.
]]></skipped>
    </testcase>
    <testcase name="Matmul/stage_4_prefetch_0_M_128_N_1024_PipelinedMBarrierForWAR_CpAsyncBulkTensorTile" value_param="(4, 0, 128, 1024, (&apos;nvfuser::Pipelined(index = 0)&apos; with value PipelinedMBarrierForWAR), CpAsyncBulkTensorTile)" file="/opt/pytorch/nvfuser/tests/cpp/test_circular_buffering.cpp" line="1917" status="run" result="completed" time="0.285" timestamp="2025-04-30T07:34:18.886" classname="Hopper/TmaCircularBufferingTest" />
    <testcase name="Matmul/stage_4_prefetch_0_M_500_N_1024_WarpSpecializedOnTIDyRegisterSharing_64_168_CpAsyncBulk" value_param="(4, 0, 500, 1024, (&apos;nvfuser::WarpSpecialized(index = 1)&apos; with value WarpSpecializedOnTIDyRegisterSharing_64_168), CpAsyncBulk)" file="/opt/pytorch/nvfuser/tests/cpp/test_circular_buffering.cpp" line="1917" status="run" result="skipped" time="0." timestamp="2025-04-30T07:34:19.172" classname="Hopper/TmaCircularBufferingTest">
      <skipped message="/opt/pytorch/nvfuser/tests/cpp/test_circular_buffering.cpp:1936&#x0A;LoadStoreOpType::CpAsyncBulk only supports 1D TMA&#x0A;"><![CDATA[/opt/pytorch/nvfuser/tests/cpp/test_circular_buffering.cpp:1936
LoadStoreOpType::CpAsyncBulk only supports 1D TMA
]]></skipped>
    </testcase>
    <testcase name="Matmul/stage_4_prefetch_0_M_500_N_2048_WarpSpecializedOnTIDyRegisterSharing_None_CpAsyncBulkTensorTile" value_param="(4, 0, 500, 2048, (&apos;nvfuser::WarpSpecialized(index = 1)&apos; with value WarpSpecializedOnTIDyRegisterSharing_None), CpAsyncBulkTensorTile)" file="/opt/pytorch/nvfuser/tests/cpp/test_circular_buffering.cpp" line="1917" status="run" result="completed" time="0.317" timestamp="2025-04-30T07:34:19.172" classname="Hopper/TmaCircularBufferingTest" />
    <testcase name="Matmul/stage_4_prefetch_0_M_1024_N_2048_WarpSpecializedOnTIDxRegisterSharing_64_168_CpAsyncBulk" value_param="(4, 0, 1024, 2048, (&apos;nvfuser::WarpSpecialized(index = 1)&apos; with value WarpSpecializedOnTIDxRegisterSharing_64_168), CpAsyncBulk)" file="/opt/pytorch/nvfuser/tests/cpp/test_circular_buffering.cpp" line="1917" status="run" result="skipped" time="0." timestamp="2025-04-30T07:34:19.489" classname="Hopper/TmaCircularBufferingTest">
      <skipped message="/opt/pytorch/nvfuser/tests/cpp/test_circular_buffering.cpp:1921&#x0A;Register Sharing with TIDx used for both computation and load, requires TIDx to be a multiple of 128.&#x0A;"><![CDATA[/opt/pytorch/nvfuser/tests/cpp/test_circular_buffering.cpp:1921
Register Sharing with TIDx used for both computation and load, requires TIDx to be a multiple of 128.
]]></skipped>
    </testcase>
    <testcase name="Matmul/stage_4_prefetch_1_M_128_N_1024_WarpSpecializedOnTIDxRegisterSharing_64_168_CpAsyncBulkTensorTile" value_param="(4, 1, 128, 1024, (&apos;nvfuser::WarpSpecialized(index = 1)&apos; with value WarpSpecializedOnTIDxRegisterSharing_64_168), CpAsyncBulkTensorTile)" file="/opt/pytorch/nvfuser/tests/cpp/test_circular_buffering.cpp" line="1917" status="run" result="skipped" time="0." timestamp="2025-04-30T07:34:19.489" classname="Hopper/TmaCircularBufferingTest">
      <skipped message="/opt/pytorch/nvfuser/tests/cpp/test_circular_buffering.cpp:1921&#x0A;Register Sharing with TIDx used for both computation and load, requires TIDx to be a multiple of 128.&#x0A;"><![CDATA[/opt/pytorch/nvfuser/tests/cpp/test_circular_buffering.cpp:1921
Register Sharing with TIDx used for both computation and load, requires TIDx to be a multiple of 128.
]]></skipped>
    </testcase>
    <testcase name="Matmul/stage_4_prefetch_1_M_500_N_1024_PipelinedMBarrierForWAR_CpAsyncBulk" value_param="(4, 1, 500, 1024, (&apos;nvfuser::Pipelined(index = 0)&apos; with value PipelinedMBarrierForWAR), CpAsyncBulk)" file="/opt/pytorch/nvfuser/tests/cpp/test_circular_buffering.cpp" line="1917" status="run" result="skipped" time="0." timestamp="2025-04-30T07:34:19.489" classname="Hopper/TmaCircularBufferingTest">
      <skipped message="/opt/pytorch/nvfuser/tests/cpp/test_circular_buffering.cpp:1936&#x0A;LoadStoreOpType::CpAsyncBulk only supports 1D TMA&#x0A;"><![CDATA[/opt/pytorch/nvfuser/tests/cpp/test_circular_buffering.cpp:1936
LoadStoreOpType::CpAsyncBulk only supports 1D TMA
]]></skipped>
    </testcase>
    <testcase name="Matmul/stage_4_prefetch_1_M_500_N_2048_WarpSpecializedOnTIDyRegisterSharing_None_CpAsyncBulkTensorTile" value_param="(4, 1, 500, 2048, (&apos;nvfuser::WarpSpecialized(index = 1)&apos; with value WarpSpecializedOnTIDyRegisterSharing_None), CpAsyncBulkTensorTile)" file="/opt/pytorch/nvfuser/tests/cpp/test_circular_buffering.cpp" line="1917" status="run" result="completed" time="0.201" timestamp="2025-04-30T07:34:19.489" classname="Hopper/TmaCircularBufferingTest" />
    <testcase name="Matmul/stage_4_prefetch_1_M_1024_N_2048_WarpSpecializedOnTIDyRegisterSharing_64_168_CpAsyncBulk" value_param="(4, 1, 1024, 2048, (&apos;nvfuser::WarpSpecialized(index = 1)&apos; with value WarpSpecializedOnTIDyRegisterSharing_64_168), CpAsyncBulk)" file="/opt/pytorch/nvfuser/tests/cpp/test_circular_buffering.cpp" line="1917" status="run" result="skipped" time="0." timestamp="2025-04-30T07:34:19.691" classname="Hopper/TmaCircularBufferingTest">
      <skipped message="/opt/pytorch/nvfuser/tests/cpp/test_circular_buffering.cpp:1936&#x0A;LoadStoreOpType::CpAsyncBulk only supports 1D TMA&#x0A;"><![CDATA[/opt/pytorch/nvfuser/tests/cpp/test_circular_buffering.cpp:1936
LoadStoreOpType::CpAsyncBulk only supports 1D TMA
]]></skipped>
    </testcase>
    <testcase name="Matmul/stage_4_prefetch_2_M_128_N_1024_WarpSpecializedOnTIDxRegisterSharing_64_168_CpAsyncBulkTensorTile" value_param="(4, 2, 128, 1024, (&apos;nvfuser::WarpSpecialized(index = 1)&apos; with value WarpSpecializedOnTIDxRegisterSharing_64_168), CpAsyncBulkTensorTile)" file="/opt/pytorch/nvfuser/tests/cpp/test_circular_buffering.cpp" line="1917" status="run" result="skipped" time="0." timestamp="2025-04-30T07:34:19.691" classname="Hopper/TmaCircularBufferingTest">
      <skipped message="/opt/pytorch/nvfuser/tests/cpp/test_circular_buffering.cpp:1921&#x0A;Register Sharing with TIDx used for both computation and load, requires TIDx to be a multiple of 128.&#x0A;"><![CDATA[/opt/pytorch/nvfuser/tests/cpp/test_circular_buffering.cpp:1921
Register Sharing with TIDx used for both computation and load, requires TIDx to be a multiple of 128.
]]></skipped>
    </testcase>
    <testcase name="Matmul/stage_4_prefetch_2_M_500_N_1024_WarpSpecializedOnTIDyRegisterSharing_64_168_CpAsyncBulk" value_param="(4, 2, 500, 1024, (&apos;nvfuser::WarpSpecialized(index = 1)&apos; with value WarpSpecializedOnTIDyRegisterSharing_64_168), CpAsyncBulk)" file="/opt/pytorch/nvfuser/tests/cpp/test_circular_buffering.cpp" line="1917" status="run" result="skipped" time="0." timestamp="2025-04-30T07:34:19.691" classname="Hopper/TmaCircularBufferingTest">
      <skipped message="/opt/pytorch/nvfuser/tests/cpp/test_circular_buffering.cpp:1936&#x0A;LoadStoreOpType::CpAsyncBulk only supports 1D TMA&#x0A;"><![CDATA[/opt/pytorch/nvfuser/tests/cpp/test_circular_buffering.cpp:1936
LoadStoreOpType::CpAsyncBulk only supports 1D TMA
]]></skipped>
    </testcase>
    <testcase name="Matmul/stage_4_prefetch_2_M_500_N_2048_WarpSpecializedOnTIDyRegisterSharing_64_168_CpAsyncBulkTensorTile" value_param="(4, 2, 500, 2048, (&apos;nvfuser::WarpSpecialized(index = 1)&apos; with value WarpSpecializedOnTIDyRegisterSharing_64_168), CpAsyncBulkTensorTile)" file="/opt/pytorch/nvfuser/tests/cpp/test_circular_buffering.cpp" line="1917" status="run" result="completed" time="0.406" timestamp="2025-04-30T07:34:19.691" classname="Hopper/TmaCircularBufferingTest" />
    <testcase name="Matmul/stage_4_prefetch_2_M_1024_N_2048_Pipelined_CpAsyncBulk" value_param="(4, 2, 1024, 2048, (&apos;nvfuser::Pipelined(index = 0)&apos; with value Pipelined), CpAsyncBulk)" file="/opt/pytorch/nvfuser/tests/cpp/test_circular_buffering.cpp" line="1917" status="run" result="skipped" time="0." timestamp="2025-04-30T07:34:20.098" classname="Hopper/TmaCircularBufferingTest">
      <skipped message="/opt/pytorch/nvfuser/tests/cpp/test_circular_buffering.cpp:1936&#x0A;LoadStoreOpType::CpAsyncBulk only supports 1D TMA&#x0A;"><![CDATA[/opt/pytorch/nvfuser/tests/cpp/test_circular_buffering.cpp:1936
LoadStoreOpType::CpAsyncBulk only supports 1D TMA
]]></skipped>
    </testcase>
    <testcase name="Matmul/stage_4_prefetch_3_M_128_N_1024_PipelinedMBarrierForWAR_CpAsyncBulkTensorTile" value_param="(4, 3, 128, 1024, (&apos;nvfuser::Pipelined(index = 0)&apos; with value PipelinedMBarrierForWAR), CpAsyncBulkTensorTile)" file="/opt/pytorch/nvfuser/tests/cpp/test_circular_buffering.cpp" line="1917" status="run" result="completed" time="0.945" timestamp="2025-04-30T07:34:20.098" classname="Hopper/TmaCircularBufferingTest" />
    <testcase name="Matmul/stage_4_prefetch_3_M_500_N_1024_WarpSpecializedOnTIDxRegisterSharing_64_168_CpAsyncBulk" value_param="(4, 3, 500, 1024, (&apos;nvfuser::WarpSpecialized(index = 1)&apos; with value WarpSpecializedOnTIDxRegisterSharing_64_168), CpAsyncBulk)" file="/opt/pytorch/nvfuser/tests/cpp/test_circular_buffering.cpp" line="1917" status="run" result="skipped" time="0." timestamp="2025-04-30T07:34:21.043" classname="Hopper/TmaCircularBufferingTest">
      <skipped message="/opt/pytorch/nvfuser/tests/cpp/test_circular_buffering.cpp:1921&#x0A;Register Sharing with TIDx used for both computation and load, requires TIDx to be a multiple of 128.&#x0A;"><![CDATA[/opt/pytorch/nvfuser/tests/cpp/test_circular_buffering.cpp:1921
Register Sharing with TIDx used for both computation and load, requires TIDx to be a multiple of 128.
]]></skipped>
    </testcase>
    <testcase name="Matmul/stage_4_prefetch_3_M_500_N_2048_WarpSpecializedOnTIDxRegisterSharing_None_CpAsyncBulkTensorTile" value_param="(4, 3, 500, 2048, (&apos;nvfuser::WarpSpecialized(index = 1)&apos; with value WarpSpecializedOnTIDxRegisterSharing_None), CpAsyncBulkTensorTile)" file="/opt/pytorch/nvfuser/tests/cpp/test_circular_buffering.cpp" line="1917" status="run" result="completed" time="0.626" timestamp="2025-04-30T07:34:21.044" classname="Hopper/TmaCircularBufferingTest" />
    <testcase name="Matmul/stage_4_prefetch_3_M_1024_N_2048_WarpSpecializedOnTIDyRegisterSharing_64_168_CpAsyncBulk" value_param="(4, 3, 1024, 2048, (&apos;nvfuser::WarpSpecialized(index = 1)&apos; with value WarpSpecializedOnTIDyRegisterSharing_64_168), CpAsyncBulk)" file="/opt/pytorch/nvfuser/tests/cpp/test_circular_buffering.cpp" line="1917" status="run" result="skipped" time="0." timestamp="2025-04-30T07:34:21.670" classname="Hopper/TmaCircularBufferingTest">
      <skipped message="/opt/pytorch/nvfuser/tests/cpp/test_circular_buffering.cpp:1936&#x0A;LoadStoreOpType::CpAsyncBulk only supports 1D TMA&#x0A;"><![CDATA[/opt/pytorch/nvfuser/tests/cpp/test_circular_buffering.cpp:1936
LoadStoreOpType::CpAsyncBulk only supports 1D TMA
]]></skipped>
    </testcase>
    <testcase name="MatmulWithBroadcastedInput/stage_2_prefetch_neg2_M_128_N_1024_PipelinedMBarrierForWAR_CpAsyncBulkTensorTile" value_param="(2, -2, 128, 1024, (&apos;nvfuser::Pipelined(index = 0)&apos; with value PipelinedMBarrierForWAR), CpAsyncBulkTensorTile)" file="/opt/pytorch/nvfuser/tests/cpp/test_circular_buffering.cpp" line="2060" status="run" result="completed" time="0.283" timestamp="2025-04-30T07:34:21.670" classname="Hopper/TmaCircularBufferingTest" />
    <testcase name="MatmulWithBroadcastedInput/stage_2_prefetch_neg2_M_500_N_1024_PipelinedMBarrierForWAR_CpAsyncBulk" value_param="(2, -2, 500, 1024, (&apos;nvfuser::Pipelined(index = 0)&apos; with value PipelinedMBarrierForWAR), CpAsyncBulk)" file="/opt/pytorch/nvfuser/tests/cpp/test_circular_buffering.cpp" line="2060" status="run" result="skipped" time="0." timestamp="2025-04-30T07:34:21.953" classname="Hopper/TmaCircularBufferingTest">
      <skipped message="/opt/pytorch/nvfuser/tests/cpp/test_circular_buffering.cpp:2079&#x0A;LoadStoreOpType::CpAsyncBulk only supports 1D TMA&#x0A;"><![CDATA[/opt/pytorch/nvfuser/tests/cpp/test_circular_buffering.cpp:2079
LoadStoreOpType::CpAsyncBulk only supports 1D TMA
]]></skipped>
    </testcase>
    <testcase name="MatmulWithBroadcastedInput/stage_2_prefetch_neg2_M_500_N_2048_WarpSpecializedOnTIDyRegisterSharing_64_168_CpAsyncBulkTensorTile" value_param="(2, -2, 500, 2048, (&apos;nvfuser::WarpSpecialized(index = 1)&apos; with value WarpSpecializedOnTIDyRegisterSharing_64_168), CpAsyncBulkTensorTile)" file="/opt/pytorch/nvfuser/tests/cpp/test_circular_buffering.cpp" line="2060" status="run" result="completed" time="0.315" timestamp="2025-04-30T07:34:21.953" classname="Hopper/TmaCircularBufferingTest" />
    <testcase name="MatmulWithBroadcastedInput/stage_2_prefetch_neg2_M_1024_N_2048_WarpSpecializedOnTIDyRegisterSharing_64_168_CpAsyncBulk" value_param="(2, -2, 1024, 2048, (&apos;nvfuser::WarpSpecialized(index = 1)&apos; with value WarpSpecializedOnTIDyRegisterSharing_64_168), CpAsyncBulk)" file="/opt/pytorch/nvfuser/tests/cpp/test_circular_buffering.cpp" line="2060" status="run" result="skipped" time="0." timestamp="2025-04-30T07:34:22.269" classname="Hopper/TmaCircularBufferingTest">
      <skipped message="/opt/pytorch/nvfuser/tests/cpp/test_circular_buffering.cpp:2079&#x0A;LoadStoreOpType::CpAsyncBulk only supports 1D TMA&#x0A;"><![CDATA[/opt/pytorch/nvfuser/tests/cpp/test_circular_buffering.cpp:2079
LoadStoreOpType::CpAsyncBulk only supports 1D TMA
]]></skipped>
    </testcase>
    <testcase name="MatmulWithBroadcastedInput/stage_2_prefetch_neg1_M_128_N_1024_WarpSpecializedOnTIDyRegisterSharing_None_CpAsyncBulkTensorTile" value_param="(2, -1, 128, 1024, (&apos;nvfuser::WarpSpecialized(index = 1)&apos; with value WarpSpecializedOnTIDyRegisterSharing_None), CpAsyncBulkTensorTile)" file="/opt/pytorch/nvfuser/tests/cpp/test_circular_buffering.cpp" line="2060" status="run" result="completed" time="0.185" timestamp="2025-04-30T07:34:22.269" classname="Hopper/TmaCircularBufferingTest" />
    <testcase name="MatmulWithBroadcastedInput/stage_2_prefetch_neg1_M_500_N_1024_WarpSpecializedOnTIDyRegisterSharing_None_CpAsyncBulk" value_param="(2, -1, 500, 1024, (&apos;nvfuser::WarpSpecialized(index = 1)&apos; with value WarpSpecializedOnTIDyRegisterSharing_None), CpAsyncBulk)" file="/opt/pytorch/nvfuser/tests/cpp/test_circular_buffering.cpp" line="2060" status="run" result="skipped" time="0." timestamp="2025-04-30T07:34:22.454" classname="Hopper/TmaCircularBufferingTest">
      <skipped message="/opt/pytorch/nvfuser/tests/cpp/test_circular_buffering.cpp:2079&#x0A;LoadStoreOpType::CpAsyncBulk only supports 1D TMA&#x0A;"><![CDATA[/opt/pytorch/nvfuser/tests/cpp/test_circular_buffering.cpp:2079
LoadStoreOpType::CpAsyncBulk only supports 1D TMA
]]></skipped>
    </testcase>
    <testcase name="MatmulWithBroadcastedInput/stage_2_prefetch_neg1_M_500_N_2048_WarpSpecializedOnTIDyRegisterSharing_64_168_CpAsyncBulkTensorTile" value_param="(2, -1, 500, 2048, (&apos;nvfuser::WarpSpecialized(index = 1)&apos; with value WarpSpecializedOnTIDyRegisterSharing_64_168), CpAsyncBulkTensorTile)" file="/opt/pytorch/nvfuser/tests/cpp/test_circular_buffering.cpp" line="2060" status="run" result="completed" time="0.19" timestamp="2025-04-30T07:34:22.454" classname="Hopper/TmaCircularBufferingTest" />
    <testcase name="MatmulWithBroadcastedInput/stage_2_prefetch_neg1_M_1024_N_2048_WarpSpecializedOnTIDyRegisterSharing_64_168_CpAsyncBulk" value_param="(2, -1, 1024, 2048, (&apos;nvfuser::WarpSpecialized(index = 1)&apos; with value WarpSpecializedOnTIDyRegisterSharing_64_168), CpAsyncBulk)" file="/opt/pytorch/nvfuser/tests/cpp/test_circular_buffering.cpp" line="2060" status="run" result="skipped" time="0." timestamp="2025-04-30T07:34:22.644" classname="Hopper/TmaCircularBufferingTest">
      <skipped message="/opt/pytorch/nvfuser/tests/cpp/test_circular_buffering.cpp:2079&#x0A;LoadStoreOpType::CpAsyncBulk only supports 1D TMA&#x0A;"><![CDATA[/opt/pytorch/nvfuser/tests/cpp/test_circular_buffering.cpp:2079
LoadStoreOpType::CpAsyncBulk only supports 1D TMA
]]></skipped>
    </testcase>
    <testcase name="MatmulWithBroadcastedInput/stage_2_prefetch_0_M_128_N_1024_WarpSpecializedOnTIDyRegisterSharing_None_CpAsyncBulkTensorTile" value_param="(2, 0, 128, 1024, (&apos;nvfuser::WarpSpecialized(index = 1)&apos; with value WarpSpecializedOnTIDyRegisterSharing_None), CpAsyncBulkTensorTile)" file="/opt/pytorch/nvfuser/tests/cpp/test_circular_buffering.cpp" line="2060" status="run" result="completed" time="0.309" timestamp="2025-04-30T07:34:22.644" classname="Hopper/TmaCircularBufferingTest" />
    <testcase name="MatmulWithBroadcastedInput/stage_2_prefetch_0_M_500_N_1024_Pipelined_CpAsyncBulk" value_param="(2, 0, 500, 1024, (&apos;nvfuser::Pipelined(index = 0)&apos; with value Pipelined), CpAsyncBulk)" file="/opt/pytorch/nvfuser/tests/cpp/test_circular_buffering.cpp" line="2060" status="run" result="skipped" time="0." timestamp="2025-04-30T07:34:22.954" classname="Hopper/TmaCircularBufferingTest">
      <skipped message="/opt/pytorch/nvfuser/tests/cpp/test_circular_buffering.cpp:2079&#x0A;LoadStoreOpType::CpAsyncBulk only supports 1D TMA&#x0A;"><![CDATA[/opt/pytorch/nvfuser/tests/cpp/test_circular_buffering.cpp:2079
LoadStoreOpType::CpAsyncBulk only supports 1D TMA
]]></skipped>
    </testcase>
    <testcase name="MatmulWithBroadcastedInput/stage_2_prefetch_0_M_500_N_2048_WarpSpecializedOnTIDyRegisterSharing_None_CpAsyncBulkTensorTile" value_param="(2, 0, 500, 2048, (&apos;nvfuser::WarpSpecialized(index = 1)&apos; with value WarpSpecializedOnTIDyRegisterSharing_None), CpAsyncBulkTensorTile)" file="/opt/pytorch/nvfuser/tests/cpp/test_circular_buffering.cpp" line="2060" status="run" result="completed" time="0.093" timestamp="2025-04-30T07:34:22.954" classname="Hopper/TmaCircularBufferingTest" />
    <testcase name="MatmulWithBroadcastedInput/stage_2_prefetch_0_M_1024_N_2048_Pipelined_CpAsyncBulk" value_param="(2, 0, 1024, 2048, (&apos;nvfuser::Pipelined(index = 0)&apos; with value Pipelined), CpAsyncBulk)" file="/opt/pytorch/nvfuser/tests/cpp/test_circular_buffering.cpp" line="2060" status="run" result="skipped" time="0." timestamp="2025-04-30T07:34:23.048" classname="Hopper/TmaCircularBufferingTest">
      <skipped message="/opt/pytorch/nvfuser/tests/cpp/test_circular_buffering.cpp:2079&#x0A;LoadStoreOpType::CpAsyncBulk only supports 1D TMA&#x0A;"><![CDATA[/opt/pytorch/nvfuser/tests/cpp/test_circular_buffering.cpp:2079
LoadStoreOpType::CpAsyncBulk only supports 1D TMA
]]></skipped>
    </testcase>
    <testcase name="MatmulWithBroadcastedInput/stage_2_prefetch_1_M_128_N_1024_WarpSpecializedOnTIDxRegisterSharing_64_168_CpAsyncBulkTensorTile" value_param="(2, 1, 128, 1024, (&apos;nvfuser::WarpSpecialized(index = 1)&apos; with value WarpSpecializedOnTIDxRegisterSharing_64_168), CpAsyncBulkTensorTile)" file="/opt/pytorch/nvfuser/tests/cpp/test_circular_buffering.cpp" line="2060" status="run" result="skipped" time="0." timestamp="2025-04-30T07:34:23.048" classname="Hopper/TmaCircularBufferingTest">
      <skipped message="/opt/pytorch/nvfuser/tests/cpp/test_circular_buffering.cpp:2064&#x0A;Register Sharing with TIDx used for both computation and load, requires TIDx to be a multiple of 128.&#x0A;"><![CDATA[/opt/pytorch/nvfuser/tests/cpp/test_circular_buffering.cpp:2064
Register Sharing with TIDx used for both computation and load, requires TIDx to be a multiple of 128.
]]></skipped>
    </testcase>
    <testcase name="MatmulWithBroadcastedInput/stage_2_prefetch_1_M_500_N_1024_WarpSpecializedOnTIDyRegisterSharing_64_168_CpAsyncBulk" value_param="(2, 1, 500, 1024, (&apos;nvfuser::WarpSpecialized(index = 1)&apos; with value WarpSpecializedOnTIDyRegisterSharing_64_168), CpAsyncBulk)" file="/opt/pytorch/nvfuser/tests/cpp/test_circular_buffering.cpp" line="2060" status="run" result="skipped" time="0." timestamp="2025-04-30T07:34:23.048" classname="Hopper/TmaCircularBufferingTest">
      <skipped message="/opt/pytorch/nvfuser/tests/cpp/test_circular_buffering.cpp:2079&#x0A;LoadStoreOpType::CpAsyncBulk only supports 1D TMA&#x0A;"><![CDATA[/opt/pytorch/nvfuser/tests/cpp/test_circular_buffering.cpp:2079
LoadStoreOpType::CpAsyncBulk only supports 1D TMA
]]></skipped>
    </testcase>
    <testcase name="MatmulWithBroadcastedInput/stage_2_prefetch_1_M_500_N_2048_WarpSpecializedOnTIDyRegisterSharing_64_168_CpAsyncBulkTensorTile" value_param="(2, 1, 500, 2048, (&apos;nvfuser::WarpSpecialized(index = 1)&apos; with value WarpSpecializedOnTIDyRegisterSharing_64_168), CpAsyncBulkTensorTile)" file="/opt/pytorch/nvfuser/tests/cpp/test_circular_buffering.cpp" line="2060" status="run" result="completed" time="0.19" timestamp="2025-04-30T07:34:23.048" classname="Hopper/TmaCircularBufferingTest" />
    <testcase name="MatmulWithBroadcastedInput/stage_2_prefetch_1_M_1024_N_2048_WarpSpecializedOnTIDyRegisterSharing_64_168_CpAsyncBulk" value_param="(2, 1, 1024, 2048, (&apos;nvfuser::WarpSpecialized(index = 1)&apos; with value WarpSpecializedOnTIDyRegisterSharing_64_168), CpAsyncBulk)" file="/opt/pytorch/nvfuser/tests/cpp/test_circular_buffering.cpp" line="2060" status="run" result="skipped" time="0." timestamp="2025-04-30T07:34:23.238" classname="Hopper/TmaCircularBufferingTest">
      <skipped message="/opt/pytorch/nvfuser/tests/cpp/test_circular_buffering.cpp:2079&#x0A;LoadStoreOpType::CpAsyncBulk only supports 1D TMA&#x0A;"><![CDATA[/opt/pytorch/nvfuser/tests/cpp/test_circular_buffering.cpp:2079
LoadStoreOpType::CpAsyncBulk only supports 1D TMA
]]></skipped>
    </testcase>
    <testcase name="MatmulWithBroadcastedInput/stage_4_prefetch_neg4_M_128_N_1024_PipelinedMBarrierForWAR_CpAsyncBulkTensorTile" value_param="(4, -4, 128, 1024, (&apos;nvfuser::Pipelined(index = 0)&apos; with value PipelinedMBarrierForWAR), CpAsyncBulkTensorTile)" file="/opt/pytorch/nvfuser/tests/cpp/test_circular_buffering.cpp" line="2060" status="run" result="completed" time="0.286" timestamp="2025-04-30T07:34:23.238" classname="Hopper/TmaCircularBufferingTest" />
    <testcase name="MatmulWithBroadcastedInput/stage_4_prefetch_neg4_M_500_N_1024_WarpSpecializedOnTIDxRegisterSharing_64_168_CpAsyncBulk" value_param="(4, -4, 500, 1024, (&apos;nvfuser::WarpSpecialized(index = 1)&apos; with value WarpSpecializedOnTIDxRegisterSharing_64_168), CpAsyncBulk)" file="/opt/pytorch/nvfuser/tests/cpp/test_circular_buffering.cpp" line="2060" status="run" result="skipped" time="0." timestamp="2025-04-30T07:34:23.524" classname="Hopper/TmaCircularBufferingTest">
      <skipped message="/opt/pytorch/nvfuser/tests/cpp/test_circular_buffering.cpp:2064&#x0A;Register Sharing with TIDx used for both computation and load, requires TIDx to be a multiple of 128.&#x0A;"><![CDATA[/opt/pytorch/nvfuser/tests/cpp/test_circular_buffering.cpp:2064
Register Sharing with TIDx used for both computation and load, requires TIDx to be a multiple of 128.
]]></skipped>
    </testcase>
    <testcase name="MatmulWithBroadcastedInput/stage_4_prefetch_neg4_M_500_N_2048_WarpSpecializedOnTIDxRegisterSharing_None_CpAsyncBulkTensorTile" value_param="(4, -4, 500, 2048, (&apos;nvfuser::WarpSpecialized(index = 1)&apos; with value WarpSpecializedOnTIDxRegisterSharing_None), CpAsyncBulkTensorTile)" file="/opt/pytorch/nvfuser/tests/cpp/test_circular_buffering.cpp" line="2060" status="run" result="completed" time="0.319" timestamp="2025-04-30T07:34:23.524" classname="Hopper/TmaCircularBufferingTest" />
    <testcase name="MatmulWithBroadcastedInput/stage_4_prefetch_neg4_M_1024_N_2048_WarpSpecializedOnTIDyRegisterSharing_64_168_CpAsyncBulk" value_param="(4, -4, 1024, 2048, (&apos;nvfuser::WarpSpecialized(index = 1)&apos; with value WarpSpecializedOnTIDyRegisterSharing_64_168), CpAsyncBulk)" file="/opt/pytorch/nvfuser/tests/cpp/test_circular_buffering.cpp" line="2060" status="run" result="skipped" time="0." timestamp="2025-04-30T07:34:23.844" classname="Hopper/TmaCircularBufferingTest">
      <skipped message="/opt/pytorch/nvfuser/tests/cpp/test_circular_buffering.cpp:2079&#x0A;LoadStoreOpType::CpAsyncBulk only supports 1D TMA&#x0A;"><![CDATA[/opt/pytorch/nvfuser/tests/cpp/test_circular_buffering.cpp:2079
LoadStoreOpType::CpAsyncBulk only supports 1D TMA
]]></skipped>
    </testcase>
    <testcase name="MatmulWithBroadcastedInput/stage_4_prefetch_neg3_M_128_N_1024_WarpSpecializedOnTIDxRegisterSharing_None_CpAsyncBulkTensorTile" value_param="(4, -3, 128, 1024, (&apos;nvfuser::WarpSpecialized(index = 1)&apos; with value WarpSpecializedOnTIDxRegisterSharing_None), CpAsyncBulkTensorTile)" file="/opt/pytorch/nvfuser/tests/cpp/test_circular_buffering.cpp" line="2060" status="run" result="completed" time="0.193" timestamp="2025-04-30T07:34:23.844" classname="Hopper/TmaCircularBufferingTest" />
    <testcase name="MatmulWithBroadcastedInput/stage_4_prefetch_neg3_M_500_N_1024_WarpSpecializedOnTIDyRegisterSharing_None_CpAsyncBulk" value_param="(4, -3, 500, 1024, (&apos;nvfuser::WarpSpecialized(index = 1)&apos; with value WarpSpecializedOnTIDyRegisterSharing_None), CpAsyncBulk)" file="/opt/pytorch/nvfuser/tests/cpp/test_circular_buffering.cpp" line="2060" status="run" result="skipped" time="0." timestamp="2025-04-30T07:34:24.037" classname="Hopper/TmaCircularBufferingTest">
      <skipped message="/opt/pytorch/nvfuser/tests/cpp/test_circular_buffering.cpp:2079&#x0A;LoadStoreOpType::CpAsyncBulk only supports 1D TMA&#x0A;"><![CDATA[/opt/pytorch/nvfuser/tests/cpp/test_circular_buffering.cpp:2079
LoadStoreOpType::CpAsyncBulk only supports 1D TMA
]]></skipped>
    </testcase>
    <testcase name="MatmulWithBroadcastedInput/stage_4_prefetch_neg3_M_500_N_2048_WarpSpecializedOnTIDxRegisterSharing_64_168_CpAsyncBulkTensorTile" value_param="(4, -3, 500, 2048, (&apos;nvfuser::WarpSpecialized(index = 1)&apos; with value WarpSpecializedOnTIDxRegisterSharing_64_168), CpAsyncBulkTensorTile)" file="/opt/pytorch/nvfuser/tests/cpp/test_circular_buffering.cpp" line="2060" status="run" result="skipped" time="0." timestamp="2025-04-30T07:34:24.037" classname="Hopper/TmaCircularBufferingTest">
      <skipped message="/opt/pytorch/nvfuser/tests/cpp/test_circular_buffering.cpp:2064&#x0A;Register Sharing with TIDx used for both computation and load, requires TIDx to be a multiple of 128.&#x0A;"><![CDATA[/opt/pytorch/nvfuser/tests/cpp/test_circular_buffering.cpp:2064
Register Sharing with TIDx used for both computation and load, requires TIDx to be a multiple of 128.
]]></skipped>
    </testcase>
    <testcase name="MatmulWithBroadcastedInput/stage_4_prefetch_neg3_M_1024_N_2048_WarpSpecializedOnTIDxRegisterSharing_None_CpAsyncBulk" value_param="(4, -3, 1024, 2048, (&apos;nvfuser::WarpSpecialized(index = 1)&apos; with value WarpSpecializedOnTIDxRegisterSharing_None), CpAsyncBulk)" file="/opt/pytorch/nvfuser/tests/cpp/test_circular_buffering.cpp" line="2060" status="run" result="skipped" time="0." timestamp="2025-04-30T07:34:24.037" classname="Hopper/TmaCircularBufferingTest">
      <skipped message="/opt/pytorch/nvfuser/tests/cpp/test_circular_buffering.cpp:2079&#x0A;LoadStoreOpType::CpAsyncBulk only supports 1D TMA&#x0A;"><![CDATA[/opt/pytorch/nvfuser/tests/cpp/test_circular_buffering.cpp:2079
LoadStoreOpType::CpAsyncBulk only supports 1D TMA
]]></skipped>
    </testcase>
    <testcase name="MatmulWithBroadcastedInput/stage_4_prefetch_neg2_M_128_N_1024_Pipelined_CpAsyncBulkTensorTile" value_param="(4, -2, 128, 1024, (&apos;nvfuser::Pipelined(index = 0)&apos; with value Pipelined), CpAsyncBulkTensorTile)" file="/opt/pytorch/nvfuser/tests/cpp/test_circular_buffering.cpp" line="2060" status="run" result="completed" time="0.548" timestamp="2025-04-30T07:34:24.037" classname="Hopper/TmaCircularBufferingTest" />
    <testcase name="MatmulWithBroadcastedInput/stage_4_prefetch_neg2_M_500_N_1024_Pipelined_CpAsyncBulk" value_param="(4, -2, 500, 1024, (&apos;nvfuser::Pipelined(index = 0)&apos; with value Pipelined), CpAsyncBulk)" file="/opt/pytorch/nvfuser/tests/cpp/test_circular_buffering.cpp" line="2060" status="run" result="skipped" time="0." timestamp="2025-04-30T07:34:24.585" classname="Hopper/TmaCircularBufferingTest">
      <skipped message="/opt/pytorch/nvfuser/tests/cpp/test_circular_buffering.cpp:2079&#x0A;LoadStoreOpType::CpAsyncBulk only supports 1D TMA&#x0A;"><![CDATA[/opt/pytorch/nvfuser/tests/cpp/test_circular_buffering.cpp:2079
LoadStoreOpType::CpAsyncBulk only supports 1D TMA
]]></skipped>
    </testcase>
    <testcase name="MatmulWithBroadcastedInput/stage_4_prefetch_neg2_M_500_N_2048_WarpSpecializedOnTIDyRegisterSharing_None_CpAsyncBulkTensorTile" value_param="(4, -2, 500, 2048, (&apos;nvfuser::WarpSpecialized(index = 1)&apos; with value WarpSpecializedOnTIDyRegisterSharing_None), CpAsyncBulkTensorTile)" file="/opt/pytorch/nvfuser/tests/cpp/test_circular_buffering.cpp" line="2060" status="run" result="completed" time="0.4" timestamp="2025-04-30T07:34:24.585" classname="Hopper/TmaCircularBufferingTest" />
    <testcase name="MatmulWithBroadcastedInput/stage_4_prefetch_neg2_M_1024_N_2048_Pipelined_CpAsyncBulk" value_param="(4, -2, 1024, 2048, (&apos;nvfuser::Pipelined(index = 0)&apos; with value Pipelined), CpAsyncBulk)" file="/opt/pytorch/nvfuser/tests/cpp/test_circular_buffering.cpp" line="2060" status="run" result="skipped" time="0." timestamp="2025-04-30T07:34:24.985" classname="Hopper/TmaCircularBufferingTest">
      <skipped message="/opt/pytorch/nvfuser/tests/cpp/test_circular_buffering.cpp:2079&#x0A;LoadStoreOpType::CpAsyncBulk only supports 1D TMA&#x0A;"><![CDATA[/opt/pytorch/nvfuser/tests/cpp/test_circular_buffering.cpp:2079
LoadStoreOpType::CpAsyncBulk only supports 1D TMA
]]></skipped>
    </testcase>
    <testcase name="MatmulWithBroadcastedInput/stage_4_prefetch_neg1_M_128_N_1024_Pipelined_CpAsyncBulkTensorTile" value_param="(4, -1, 128, 1024, (&apos;nvfuser::Pipelined(index = 0)&apos; with value Pipelined), CpAsyncBulkTensorTile)" file="/opt/pytorch/nvfuser/tests/cpp/test_circular_buffering.cpp" line="2060" status="run" result="completed" time="0.907" timestamp="2025-04-30T07:34:24.985" classname="Hopper/TmaCircularBufferingTest" />
    <testcase name="MatmulWithBroadcastedInput/stage_4_prefetch_neg1_M_500_N_1024_WarpSpecializedOnTIDyRegisterSharing_None_CpAsyncBulk" value_param="(4, -1, 500, 1024, (&apos;nvfuser::WarpSpecialized(index = 1)&apos; with value WarpSpecializedOnTIDyRegisterSharing_None), CpAsyncBulk)" file="/opt/pytorch/nvfuser/tests/cpp/test_circular_buffering.cpp" line="2060" status="run" result="skipped" time="0." timestamp="2025-04-30T07:34:25.893" classname="Hopper/TmaCircularBufferingTest">
      <skipped message="/opt/pytorch/nvfuser/tests/cpp/test_circular_buffering.cpp:2079&#x0A;LoadStoreOpType::CpAsyncBulk only supports 1D TMA&#x0A;"><![CDATA[/opt/pytorch/nvfuser/tests/cpp/test_circular_buffering.cpp:2079
LoadStoreOpType::CpAsyncBulk only supports 1D TMA
]]></skipped>
    </testcase>
    <testcase name="MatmulWithBroadcastedInput/stage_4_prefetch_neg1_M_500_N_2048_WarpSpecializedOnTIDyRegisterSharing_64_168_CpAsyncBulkTensorTile" value_param="(4, -1, 500, 2048, (&apos;nvfuser::WarpSpecialized(index = 1)&apos; with value WarpSpecializedOnTIDyRegisterSharing_64_168), CpAsyncBulkTensorTile)" file="/opt/pytorch/nvfuser/tests/cpp/test_circular_buffering.cpp" line="2060" status="run" result="completed" time="0.623" timestamp="2025-04-30T07:34:25.893" classname="Hopper/TmaCircularBufferingTest" />
    <testcase name="MatmulWithBroadcastedInput/stage_4_prefetch_neg1_M_1024_N_2048_WarpSpecializedOnTIDxRegisterSharing_64_168_CpAsyncBulk" value_param="(4, -1, 1024, 2048, (&apos;nvfuser::WarpSpecialized(index = 1)&apos; with value WarpSpecializedOnTIDxRegisterSharing_64_168), CpAsyncBulk)" file="/opt/pytorch/nvfuser/tests/cpp/test_circular_buffering.cpp" line="2060" status="run" result="skipped" time="0." timestamp="2025-04-30T07:34:26.516" classname="Hopper/TmaCircularBufferingTest">
      <skipped message="/opt/pytorch/nvfuser/tests/cpp/test_circular_buffering.cpp:2064&#x0A;Register Sharing with TIDx used for both computation and load, requires TIDx to be a multiple of 128.&#x0A;"><![CDATA[/opt/pytorch/nvfuser/tests/cpp/test_circular_buffering.cpp:2064
Register Sharing with TIDx used for both computation and load, requires TIDx to be a multiple of 128.
]]></skipped>
    </testcase>
    <testcase name="MatmulWithBroadcastedInput/stage_4_prefetch_0_M_128_N_1024_PipelinedMBarrierForWAR_CpAsyncBulkTensorTile" value_param="(4, 0, 128, 1024, (&apos;nvfuser::Pipelined(index = 0)&apos; with value PipelinedMBarrierForWAR), CpAsyncBulkTensorTile)" file="/opt/pytorch/nvfuser/tests/cpp/test_circular_buffering.cpp" line="2060" status="run" result="completed" time="0.286" timestamp="2025-04-30T07:34:26.516" classname="Hopper/TmaCircularBufferingTest" />
    <testcase name="MatmulWithBroadcastedInput/stage_4_prefetch_0_M_500_N_1024_WarpSpecializedOnTIDyRegisterSharing_64_168_CpAsyncBulk" value_param="(4, 0, 500, 1024, (&apos;nvfuser::WarpSpecialized(index = 1)&apos; with value WarpSpecializedOnTIDyRegisterSharing_64_168), CpAsyncBulk)" file="/opt/pytorch/nvfuser/tests/cpp/test_circular_buffering.cpp" line="2060" status="run" result="skipped" time="0." timestamp="2025-04-30T07:34:26.803" classname="Hopper/TmaCircularBufferingTest">
      <skipped message="/opt/pytorch/nvfuser/tests/cpp/test_circular_buffering.cpp:2079&#x0A;LoadStoreOpType::CpAsyncBulk only supports 1D TMA&#x0A;"><![CDATA[/opt/pytorch/nvfuser/tests/cpp/test_circular_buffering.cpp:2079
LoadStoreOpType::CpAsyncBulk only supports 1D TMA
]]></skipped>
    </testcase>
    <testcase name="MatmulWithBroadcastedInput/stage_4_prefetch_0_M_500_N_2048_WarpSpecializedOnTIDyRegisterSharing_None_CpAsyncBulkTensorTile" value_param="(4, 0, 500, 2048, (&apos;nvfuser::WarpSpecialized(index = 1)&apos; with value WarpSpecializedOnTIDyRegisterSharing_None), CpAsyncBulkTensorTile)" file="/opt/pytorch/nvfuser/tests/cpp/test_circular_buffering.cpp" line="2060" status="run" result="completed" time="0.318" timestamp="2025-04-30T07:34:26.803" classname="Hopper/TmaCircularBufferingTest" />
    <testcase name="MatmulWithBroadcastedInput/stage_4_prefetch_0_M_1024_N_2048_WarpSpecializedOnTIDxRegisterSharing_64_168_CpAsyncBulk" value_param="(4, 0, 1024, 2048, (&apos;nvfuser::WarpSpecialized(index = 1)&apos; with value WarpSpecializedOnTIDxRegisterSharing_64_168), CpAsyncBulk)" file="/opt/pytorch/nvfuser/tests/cpp/test_circular_buffering.cpp" line="2060" status="run" result="skipped" time="0." timestamp="2025-04-30T07:34:27.121" classname="Hopper/TmaCircularBufferingTest">
      <skipped message="/opt/pytorch/nvfuser/tests/cpp/test_circular_buffering.cpp:2064&#x0A;Register Sharing with TIDx used for both computation and load, requires TIDx to be a multiple of 128.&#x0A;"><![CDATA[/opt/pytorch/nvfuser/tests/cpp/test_circular_buffering.cpp:2064
Register Sharing with TIDx used for both computation and load, requires TIDx to be a multiple of 128.
]]></skipped>
    </testcase>
    <testcase name="MatmulWithBroadcastedInput/stage_4_prefetch_1_M_128_N_1024_WarpSpecializedOnTIDxRegisterSharing_64_168_CpAsyncBulkTensorTile" value_param="(4, 1, 128, 1024, (&apos;nvfuser::WarpSpecialized(index = 1)&apos; with value WarpSpecializedOnTIDxRegisterSharing_64_168), CpAsyncBulkTensorTile)" file="/opt/pytorch/nvfuser/tests/cpp/test_circular_buffering.cpp" line="2060" status="run" result="skipped" time="0." timestamp="2025-04-30T07:34:27.121" classname="Hopper/TmaCircularBufferingTest">
      <skipped message="/opt/pytorch/nvfuser/tests/cpp/test_circular_buffering.cpp:2064&#x0A;Register Sharing with TIDx used for both computation and load, requires TIDx to be a multiple of 128.&#x0A;"><![CDATA[/opt/pytorch/nvfuser/tests/cpp/test_circular_buffering.cpp:2064
Register Sharing with TIDx used for both computation and load, requires TIDx to be a multiple of 128.
]]></skipped>
    </testcase>
    <testcase name="MatmulWithBroadcastedInput/stage_4_prefetch_1_M_500_N_1024_PipelinedMBarrierForWAR_CpAsyncBulk" value_param="(4, 1, 500, 1024, (&apos;nvfuser::Pipelined(index = 0)&apos; with value PipelinedMBarrierForWAR), CpAsyncBulk)" file="/opt/pytorch/nvfuser/tests/cpp/test_circular_buffering.cpp" line="2060" status="run" result="skipped" time="0." timestamp="2025-04-30T07:34:27.121" classname="Hopper/TmaCircularBufferingTest">
      <skipped message="/opt/pytorch/nvfuser/tests/cpp/test_circular_buffering.cpp:2079&#x0A;LoadStoreOpType::CpAsyncBulk only supports 1D TMA&#x0A;"><![CDATA[/opt/pytorch/nvfuser/tests/cpp/test_circular_buffering.cpp:2079
LoadStoreOpType::CpAsyncBulk only supports 1D TMA
]]></skipped>
    </testcase>
    <testcase name="MatmulWithBroadcastedInput/stage_4_prefetch_1_M_500_N_2048_WarpSpecializedOnTIDyRegisterSharing_None_CpAsyncBulkTensorTile" value_param="(4, 1, 500, 2048, (&apos;nvfuser::WarpSpecialized(index = 1)&apos; with value WarpSpecializedOnTIDyRegisterSharing_None), CpAsyncBulkTensorTile)" file="/opt/pytorch/nvfuser/tests/cpp/test_circular_buffering.cpp" line="2060" status="run" result="completed" time="0.195" timestamp="2025-04-30T07:34:27.121" classname="Hopper/TmaCircularBufferingTest" />
    <testcase name="MatmulWithBroadcastedInput/stage_4_prefetch_1_M_1024_N_2048_WarpSpecializedOnTIDyRegisterSharing_64_168_CpAsyncBulk" value_param="(4, 1, 1024, 2048, (&apos;nvfuser::WarpSpecialized(index = 1)&apos; with value WarpSpecializedOnTIDyRegisterSharing_64_168), CpAsyncBulk)" file="/opt/pytorch/nvfuser/tests/cpp/test_circular_buffering.cpp" line="2060" status="run" result="skipped" time="0." timestamp="2025-04-30T07:34:27.317" classname="Hopper/TmaCircularBufferingTest">
      <skipped message="/opt/pytorch/nvfuser/tests/cpp/test_circular_buffering.cpp:2079&#x0A;LoadStoreOpType::CpAsyncBulk only supports 1D TMA&#x0A;"><![CDATA[/opt/pytorch/nvfuser/tests/cpp/test_circular_buffering.cpp:2079
LoadStoreOpType::CpAsyncBulk only supports 1D TMA
]]></skipped>
    </testcase>
    <testcase name="MatmulWithBroadcastedInput/stage_4_prefetch_2_M_128_N_1024_WarpSpecializedOnTIDxRegisterSharing_64_168_CpAsyncBulkTensorTile" value_param="(4, 2, 128, 1024, (&apos;nvfuser::WarpSpecialized(index = 1)&apos; with value WarpSpecializedOnTIDxRegisterSharing_64_168), CpAsyncBulkTensorTile)" file="/opt/pytorch/nvfuser/tests/cpp/test_circular_buffering.cpp" line="2060" status="run" result="skipped" time="0." timestamp="2025-04-30T07:34:27.317" classname="Hopper/TmaCircularBufferingTest">
      <skipped message="/opt/pytorch/nvfuser/tests/cpp/test_circular_buffering.cpp:2064&#x0A;Register Sharing with TIDx used for both computation and load, requires TIDx to be a multiple of 128.&#x0A;"><![CDATA[/opt/pytorch/nvfuser/tests/cpp/test_circular_buffering.cpp:2064
Register Sharing with TIDx used for both computation and load, requires TIDx to be a multiple of 128.
]]></skipped>
    </testcase>
    <testcase name="MatmulWithBroadcastedInput/stage_4_prefetch_2_M_500_N_1024_WarpSpecializedOnTIDyRegisterSharing_64_168_CpAsyncBulk" value_param="(4, 2, 500, 1024, (&apos;nvfuser::WarpSpecialized(index = 1)&apos; with value WarpSpecializedOnTIDyRegisterSharing_64_168), CpAsyncBulk)" file="/opt/pytorch/nvfuser/tests/cpp/test_circular_buffering.cpp" line="2060" status="run" result="skipped" time="0." timestamp="2025-04-30T07:34:27.317" classname="Hopper/TmaCircularBufferingTest">
      <skipped message="/opt/pytorch/nvfuser/tests/cpp/test_circular_buffering.cpp:2079&#x0A;LoadStoreOpType::CpAsyncBulk only supports 1D TMA&#x0A;"><![CDATA[/opt/pytorch/nvfuser/tests/cpp/test_circular_buffering.cpp:2079
LoadStoreOpType::CpAsyncBulk only supports 1D TMA
]]></skipped>
    </testcase>
    <testcase name="MatmulWithBroadcastedInput/stage_4_prefetch_2_M_500_N_2048_WarpSpecializedOnTIDyRegisterSharing_64_168_CpAsyncBulkTensorTile" value_param="(4, 2, 500, 2048, (&apos;nvfuser::WarpSpecialized(index = 1)&apos; with value WarpSpecializedOnTIDyRegisterSharing_64_168), CpAsyncBulkTensorTile)" file="/opt/pytorch/nvfuser/tests/cpp/test_circular_buffering.cpp" line="2060" status="run" result="completed" time="0.4" timestamp="2025-04-30T07:34:27.317" classname="Hopper/TmaCircularBufferingTest" />
    <testcase name="MatmulWithBroadcastedInput/stage_4_prefetch_2_M_1024_N_2048_Pipelined_CpAsyncBulk" value_param="(4, 2, 1024, 2048, (&apos;nvfuser::Pipelined(index = 0)&apos; with value Pipelined), CpAsyncBulk)" file="/opt/pytorch/nvfuser/tests/cpp/test_circular_buffering.cpp" line="2060" status="run" result="skipped" time="0." timestamp="2025-04-30T07:34:27.718" classname="Hopper/TmaCircularBufferingTest">
      <skipped message="/opt/pytorch/nvfuser/tests/cpp/test_circular_buffering.cpp:2079&#x0A;LoadStoreOpType::CpAsyncBulk only supports 1D TMA&#x0A;"><![CDATA[/opt/pytorch/nvfuser/tests/cpp/test_circular_buffering.cpp:2079
LoadStoreOpType::CpAsyncBulk only supports 1D TMA
]]></skipped>
    </testcase>
    <testcase name="MatmulWithBroadcastedInput/stage_4_prefetch_3_M_128_N_1024_PipelinedMBarrierForWAR_CpAsyncBulkTensorTile" value_param="(4, 3, 128, 1024, (&apos;nvfuser::Pipelined(index = 0)&apos; with value PipelinedMBarrierForWAR), CpAsyncBulkTensorTile)" file="/opt/pytorch/nvfuser/tests/cpp/test_circular_buffering.cpp" line="2060" status="run" result="completed" time="0.937" timestamp="2025-04-30T07:34:27.718" classname="Hopper/TmaCircularBufferingTest" />
    <testcase name="MatmulWithBroadcastedInput/stage_4_prefetch_3_M_500_N_1024_WarpSpecializedOnTIDxRegisterSharing_64_168_CpAsyncBulk" value_param="(4, 3, 500, 1024, (&apos;nvfuser::WarpSpecialized(index = 1)&apos; with value WarpSpecializedOnTIDxRegisterSharing_64_168), CpAsyncBulk)" file="/opt/pytorch/nvfuser/tests/cpp/test_circular_buffering.cpp" line="2060" status="run" result="skipped" time="0." timestamp="2025-04-30T07:34:28.655" classname="Hopper/TmaCircularBufferingTest">
      <skipped message="/opt/pytorch/nvfuser/tests/cpp/test_circular_buffering.cpp:2064&#x0A;Register Sharing with TIDx used for both computation and load, requires TIDx to be a multiple of 128.&#x0A;"><![CDATA[/opt/pytorch/nvfuser/tests/cpp/test_circular_buffering.cpp:2064
Register Sharing with TIDx used for both computation and load, requires TIDx to be a multiple of 128.
]]></skipped>
    </testcase>
    <testcase name="MatmulWithBroadcastedInput/stage_4_prefetch_3_M_500_N_2048_WarpSpecializedOnTIDxRegisterSharing_None_CpAsyncBulkTensorTile" value_param="(4, 3, 500, 2048, (&apos;nvfuser::WarpSpecialized(index = 1)&apos; with value WarpSpecializedOnTIDxRegisterSharing_None), CpAsyncBulkTensorTile)" file="/opt/pytorch/nvfuser/tests/cpp/test_circular_buffering.cpp" line="2060" status="run" result="completed" time="0.621" timestamp="2025-04-30T07:34:28.655" classname="Hopper/TmaCircularBufferingTest" />
    <testcase name="MatmulWithBroadcastedInput/stage_4_prefetch_3_M_1024_N_2048_WarpSpecializedOnTIDyRegisterSharing_64_168_CpAsyncBulk" value_param="(4, 3, 1024, 2048, (&apos;nvfuser::WarpSpecialized(index = 1)&apos; with value WarpSpecializedOnTIDyRegisterSharing_64_168), CpAsyncBulk)" file="/opt/pytorch/nvfuser/tests/cpp/test_circular_buffering.cpp" line="2060" status="run" result="skipped" time="0." timestamp="2025-04-30T07:34:29.276" classname="Hopper/TmaCircularBufferingTest">
      <skipped message="/opt/pytorch/nvfuser/tests/cpp/test_circular_buffering.cpp:2079&#x0A;LoadStoreOpType::CpAsyncBulk only supports 1D TMA&#x0A;"><![CDATA[/opt/pytorch/nvfuser/tests/cpp/test_circular_buffering.cpp:2079
LoadStoreOpType::CpAsyncBulk only supports 1D TMA
]]></skipped>
    </testcase>
  </testsuite>
  <testsuite name="Hopper/TmaRegisterSharingTest" tests="3" failures="0" disabled="0" skipped="0" errors="0" time="0.286" timestamp="2025-04-30T07:34:29.276">
    <testcase name="RegisterSharingCtaShapes/cta_32_4_2_pt_threadIdx_y" value_param="(12-byte object &lt;20-00 00-00 04-00 00-00 02-00 00-00&gt;, threadIdx.y)" file="/opt/pytorch/nvfuser/tests/cpp/test_circular_buffering.cpp" line="2262" status="run" result="completed" time="0.096" timestamp="2025-04-30T07:34:29.276" classname="Hopper/TmaRegisterSharingTest" />
    <testcase name="RegisterSharingCtaShapes/cta_128_2_1_pt_threadIdx_y" value_param="(12-byte object &lt;80-00 00-00 02-00 00-00 01-00 00-00&gt;, threadIdx.y)" file="/opt/pytorch/nvfuser/tests/cpp/test_circular_buffering.cpp" line="2262" status="run" result="completed" time="0.095" timestamp="2025-04-30T07:34:29.373" classname="Hopper/TmaRegisterSharingTest" />
    <testcase name="RegisterSharingCtaShapes/cta_256_1_1_pt_threadIdx_y" value_param="(12-byte object &lt;00-01 00-00 01-00 00-00 01-00 00-00&gt;, threadIdx.y)" file="/opt/pytorch/nvfuser/tests/cpp/test_circular_buffering.cpp" line="2262" status="run" result="completed" time="0.094" timestamp="2025-04-30T07:34:29.468" classname="Hopper/TmaRegisterSharingTest" />
  </testsuite>
  <testsuite name="ReductionNoODim" tests="42" failures="0" disabled="0" skipped="0" errors="0" time="3.345" timestamp="2025-04-30T07:34:29.563">
    <testcase name="Test/dtype_double_rsize_2" value_param="(double, 2)" file="/opt/pytorch/nvfuser/tests/cpp/test_gpu1.cpp" line="5384" status="run" result="completed" time="0.077" timestamp="2025-04-30T07:34:29.563" classname="ReductionNoODim" />
    <testcase name="Test/dtype_double_rsize_16" value_param="(double, 16)" file="/opt/pytorch/nvfuser/tests/cpp/test_gpu1.cpp" line="5384" status="run" result="completed" time="0.049" timestamp="2025-04-30T07:34:29.640" classname="ReductionNoODim" />
    <testcase name="Test/dtype_double_rsize_128" value_param="(double, 128)" file="/opt/pytorch/nvfuser/tests/cpp/test_gpu1.cpp" line="5384" status="run" result="completed" time="0.048" timestamp="2025-04-30T07:34:29.689" classname="ReductionNoODim" />
    <testcase name="Test/dtype_double_rsize_1024" value_param="(double, 1024)" file="/opt/pytorch/nvfuser/tests/cpp/test_gpu1.cpp" line="5384" status="run" result="completed" time="0.085" timestamp="2025-04-30T07:34:29.737" classname="ReductionNoODim" />
    <testcase name="Test/dtype_double_rsize_8192" value_param="(double, 8192)" file="/opt/pytorch/nvfuser/tests/cpp/test_gpu1.cpp" line="5384" status="run" result="completed" time="0.117" timestamp="2025-04-30T07:34:29.823" classname="ReductionNoODim" />
    <testcase name="Test/dtype_double_rsize_65536" value_param="(double, 65536)" file="/opt/pytorch/nvfuser/tests/cpp/test_gpu1.cpp" line="5384" status="run" result="completed" time="0.063" timestamp="2025-04-30T07:34:29.941" classname="ReductionNoODim" />
    <testcase name="Test/dtype_double_rsize_524288" value_param="(double, 524288)" file="/opt/pytorch/nvfuser/tests/cpp/test_gpu1.cpp" line="5384" status="run" result="completed" time="0.116" timestamp="2025-04-30T07:34:30.004" classname="ReductionNoODim" />
    <testcase name="Test/dtype_float_rsize_2" value_param="(float, 2)" file="/opt/pytorch/nvfuser/tests/cpp/test_gpu1.cpp" line="5384" status="run" result="completed" time="0.078" timestamp="2025-04-30T07:34:30.121" classname="ReductionNoODim" />
    <testcase name="Test/dtype_float_rsize_16" value_param="(float, 16)" file="/opt/pytorch/nvfuser/tests/cpp/test_gpu1.cpp" line="5384" status="run" result="completed" time="0.048" timestamp="2025-04-30T07:34:30.199" classname="ReductionNoODim" />
    <testcase name="Test/dtype_float_rsize_128" value_param="(float, 128)" file="/opt/pytorch/nvfuser/tests/cpp/test_gpu1.cpp" line="5384" status="run" result="completed" time="0.048" timestamp="2025-04-30T07:34:30.248" classname="ReductionNoODim" />
    <testcase name="Test/dtype_float_rsize_1024" value_param="(float, 1024)" file="/opt/pytorch/nvfuser/tests/cpp/test_gpu1.cpp" line="5384" status="run" result="completed" time="0.088" timestamp="2025-04-30T07:34:30.296" classname="ReductionNoODim" />
    <testcase name="Test/dtype_float_rsize_8192" value_param="(float, 8192)" file="/opt/pytorch/nvfuser/tests/cpp/test_gpu1.cpp" line="5384" status="run" result="completed" time="0.121" timestamp="2025-04-30T07:34:30.385" classname="ReductionNoODim" />
    <testcase name="Test/dtype_float_rsize_65536" value_param="(float, 65536)" file="/opt/pytorch/nvfuser/tests/cpp/test_gpu1.cpp" line="5384" status="run" result="completed" time="0.064" timestamp="2025-04-30T07:34:30.506" classname="ReductionNoODim" />
    <testcase name="Test/dtype_float_rsize_524288" value_param="(float, 524288)" file="/opt/pytorch/nvfuser/tests/cpp/test_gpu1.cpp" line="5384" status="run" result="completed" time="0.063" timestamp="2025-04-30T07:34:30.571" classname="ReductionNoODim" />
    <testcase name="Test/dtype___half_rsize_2" value_param="(__half, 2)" file="/opt/pytorch/nvfuser/tests/cpp/test_gpu1.cpp" line="5384" status="run" result="completed" time="0.078" timestamp="2025-04-30T07:34:30.635" classname="ReductionNoODim" />
    <testcase name="Test/dtype___half_rsize_16" value_param="(__half, 16)" file="/opt/pytorch/nvfuser/tests/cpp/test_gpu1.cpp" line="5384" status="run" result="completed" time="0.055" timestamp="2025-04-30T07:34:30.713" classname="ReductionNoODim" />
    <testcase name="Test/dtype___half_rsize_128" value_param="(__half, 128)" file="/opt/pytorch/nvfuser/tests/cpp/test_gpu1.cpp" line="5384" status="run" result="completed" time="0.079" timestamp="2025-04-30T07:34:30.769" classname="ReductionNoODim" />
    <testcase name="Test/dtype___half_rsize_1024" value_param="(__half, 1024)" file="/opt/pytorch/nvfuser/tests/cpp/test_gpu1.cpp" line="5384" status="run" result="completed" time="0.1" timestamp="2025-04-30T07:34:30.849" classname="ReductionNoODim" />
    <testcase name="Test/dtype___half_rsize_8192" value_param="(__half, 8192)" file="/opt/pytorch/nvfuser/tests/cpp/test_gpu1.cpp" line="5384" status="run" result="completed" time="0.134" timestamp="2025-04-30T07:34:30.949" classname="ReductionNoODim" />
    <testcase name="Test/dtype___half_rsize_65536" value_param="(__half, 65536)" file="/opt/pytorch/nvfuser/tests/cpp/test_gpu1.cpp" line="5384" status="run" result="completed" time="0.135" timestamp="2025-04-30T07:34:31.084" classname="ReductionNoODim" />
    <testcase name="Test/dtype___half_rsize_524288" value_param="(__half, 524288)" file="/opt/pytorch/nvfuser/tests/cpp/test_gpu1.cpp" line="5384" status="run" result="completed" time="0.068" timestamp="2025-04-30T07:34:31.220" classname="ReductionNoODim" />
    <testcase name="Test/dtype_std__complex_float__rsize_2" value_param="(std::complex&lt;float&gt;, 2)" file="/opt/pytorch/nvfuser/tests/cpp/test_gpu1.cpp" line="5384" status="run" result="completed" time="0.079" timestamp="2025-04-30T07:34:31.288" classname="ReductionNoODim" />
    <testcase name="Test/dtype_std__complex_float__rsize_16" value_param="(std::complex&lt;float&gt;, 16)" file="/opt/pytorch/nvfuser/tests/cpp/test_gpu1.cpp" line="5384" status="run" result="completed" time="0.049" timestamp="2025-04-30T07:34:31.368" classname="ReductionNoODim" />
    <testcase name="Test/dtype_std__complex_float__rsize_128" value_param="(std::complex&lt;float&gt;, 128)" file="/opt/pytorch/nvfuser/tests/cpp/test_gpu1.cpp" line="5384" status="run" result="completed" time="0.048" timestamp="2025-04-30T07:34:31.417" classname="ReductionNoODim" />
    <testcase name="Test/dtype_std__complex_float__rsize_1024" value_param="(std::complex&lt;float&gt;, 1024)" file="/opt/pytorch/nvfuser/tests/cpp/test_gpu1.cpp" line="5384" status="run" result="completed" time="0.089" timestamp="2025-04-30T07:34:31.466" classname="ReductionNoODim" />
    <testcase name="Test/dtype_std__complex_float__rsize_8192" value_param="(std::complex&lt;float&gt;, 8192)" file="/opt/pytorch/nvfuser/tests/cpp/test_gpu1.cpp" line="5384" status="run" result="completed" time="0.124" timestamp="2025-04-30T07:34:31.556" classname="ReductionNoODim" />
    <testcase name="Test/dtype_std__complex_float__rsize_65536" value_param="(std::complex&lt;float&gt;, 65536)" file="/opt/pytorch/nvfuser/tests/cpp/test_gpu1.cpp" line="5384" status="run" result="completed" time="0.064" timestamp="2025-04-30T07:34:31.680" classname="ReductionNoODim" />
    <testcase name="Test/dtype_std__complex_float__rsize_524288" value_param="(std::complex&lt;float&gt;, 524288)" file="/opt/pytorch/nvfuser/tests/cpp/test_gpu1.cpp" line="5384" status="run" result="completed" time="0.064" timestamp="2025-04-30T07:34:31.745" classname="ReductionNoODim" />
    <testcase name="Test/dtype_std__complex_double__rsize_2" value_param="(std::complex&lt;double&gt;, 2)" file="/opt/pytorch/nvfuser/tests/cpp/test_gpu1.cpp" line="5384" status="run" result="completed" time="0.08" timestamp="2025-04-30T07:34:31.810" classname="ReductionNoODim" />
    <testcase name="Test/dtype_std__complex_double__rsize_16" value_param="(std::complex&lt;double&gt;, 16)" file="/opt/pytorch/nvfuser/tests/cpp/test_gpu1.cpp" line="5384" status="run" result="completed" time="0.049" timestamp="2025-04-30T07:34:31.891" classname="ReductionNoODim" />
    <testcase name="Test/dtype_std__complex_double__rsize_128" value_param="(std::complex&lt;double&gt;, 128)" file="/opt/pytorch/nvfuser/tests/cpp/test_gpu1.cpp" line="5384" status="run" result="completed" time="0.048" timestamp="2025-04-30T07:34:31.940" classname="ReductionNoODim" />
    <testcase name="Test/dtype_std__complex_double__rsize_1024" value_param="(std::complex&lt;double&gt;, 1024)" file="/opt/pytorch/nvfuser/tests/cpp/test_gpu1.cpp" line="5384" status="run" result="completed" time="0.09" timestamp="2025-04-30T07:34:31.989" classname="ReductionNoODim" />
    <testcase name="Test/dtype_std__complex_double__rsize_8192" value_param="(std::complex&lt;double&gt;, 8192)" file="/opt/pytorch/nvfuser/tests/cpp/test_gpu1.cpp" line="5384" status="run" result="completed" time="0.124" timestamp="2025-04-30T07:34:32.079" classname="ReductionNoODim" />
    <testcase name="Test/dtype_std__complex_double__rsize_65536" value_param="(std::complex&lt;double&gt;, 65536)" file="/opt/pytorch/nvfuser/tests/cpp/test_gpu1.cpp" line="5384" status="run" result="completed" time="0.065" timestamp="2025-04-30T07:34:32.204" classname="ReductionNoODim" />
    <testcase name="Test/dtype_std__complex_double__rsize_524288" value_param="(std::complex&lt;double&gt;, 524288)" file="/opt/pytorch/nvfuser/tests/cpp/test_gpu1.cpp" line="5384" status="run" result="completed" time="0.063" timestamp="2025-04-30T07:34:32.269" classname="ReductionNoODim" />
    <testcase name="Test/dtype___bfloat_rsize_2" value_param="(__bfloat, 2)" file="/opt/pytorch/nvfuser/tests/cpp/test_gpu1.cpp" line="5384" status="run" result="completed" time="0.078" timestamp="2025-04-30T07:34:32.333" classname="ReductionNoODim" />
    <testcase name="Test/dtype___bfloat_rsize_16" value_param="(__bfloat, 16)" file="/opt/pytorch/nvfuser/tests/cpp/test_gpu1.cpp" line="5384" status="run" result="completed" time="0.05" timestamp="2025-04-30T07:34:32.411" classname="ReductionNoODim" />
    <testcase name="Test/dtype___bfloat_rsize_128" value_param="(__bfloat, 128)" file="/opt/pytorch/nvfuser/tests/cpp/test_gpu1.cpp" line="5384" status="run" result="completed" time="0.076" timestamp="2025-04-30T07:34:32.462" classname="ReductionNoODim" />
    <testcase name="Test/dtype___bfloat_rsize_1024" value_param="(__bfloat, 1024)" file="/opt/pytorch/nvfuser/tests/cpp/test_gpu1.cpp" line="5384" status="run" result="completed" time="0.099" timestamp="2025-04-30T07:34:32.538" classname="ReductionNoODim" />
    <testcase name="Test/dtype___bfloat_rsize_8192" value_param="(__bfloat, 8192)" file="/opt/pytorch/nvfuser/tests/cpp/test_gpu1.cpp" line="5384" status="run" result="completed" time="0.134" timestamp="2025-04-30T07:34:32.638" classname="ReductionNoODim" />
    <testcase name="Test/dtype___bfloat_rsize_65536" value_param="(__bfloat, 65536)" file="/opt/pytorch/nvfuser/tests/cpp/test_gpu1.cpp" line="5384" status="run" result="completed" time="0.068" timestamp="2025-04-30T07:34:32.772" classname="ReductionNoODim" />
    <testcase name="Test/dtype___bfloat_rsize_524288" value_param="(__bfloat, 524288)" file="/opt/pytorch/nvfuser/tests/cpp/test_gpu1.cpp" line="5384" status="run" result="completed" time="0.067" timestamp="2025-04-30T07:34:32.841" classname="ReductionNoODim" />
  </testsuite>
  <testsuite name="ReductionWithIterDim" tests="168" failures="0" disabled="0" skipped="0" errors="0" time="21.072" timestamp="2025-04-30T07:34:32.909">
    <testcase name="Test/dtype_double_rsize_1_isize_160_raxis_1" value_param="(double, 1, 160, 1)" file="/opt/pytorch/nvfuser/tests/cpp/test_gpu1.cpp" line="5457" status="run" result="completed" time="0.081" timestamp="2025-04-30T07:34:32.909" classname="ReductionWithIterDim" />
    <testcase name="Test/dtype_double_rsize_2_isize_160_raxis_0" value_param="(double, 2, 160, 0)" file="/opt/pytorch/nvfuser/tests/cpp/test_gpu1.cpp" line="5457" status="run" result="completed" time="0.082" timestamp="2025-04-30T07:34:32.990" classname="ReductionWithIterDim" />
    <testcase name="Test/dtype_double_rsize_2_isize_320_raxis_1" value_param="(double, 2, 320, 1)" file="/opt/pytorch/nvfuser/tests/cpp/test_gpu1.cpp" line="5457" status="run" result="completed" time="0.082" timestamp="2025-04-30T07:34:33.073" classname="ReductionWithIterDim" />
    <testcase name="Test/dtype_double_rsize_4_isize_320_raxis_0" value_param="(double, 4, 320, 0)" file="/opt/pytorch/nvfuser/tests/cpp/test_gpu1.cpp" line="5457" status="run" result="completed" time="0.103" timestamp="2025-04-30T07:34:33.156" classname="ReductionWithIterDim" />
    <testcase name="Test/dtype_double_rsize_8_isize_160_raxis_1" value_param="(double, 8, 160, 1)" file="/opt/pytorch/nvfuser/tests/cpp/test_gpu1.cpp" line="5457" status="run" result="completed" time="0.053" timestamp="2025-04-30T07:34:33.259" classname="ReductionWithIterDim" />
    <testcase name="Test/dtype_double_rsize_16_isize_160_raxis_0" value_param="(double, 16, 160, 0)" file="/opt/pytorch/nvfuser/tests/cpp/test_gpu1.cpp" line="5457" status="run" result="completed" time="0.103" timestamp="2025-04-30T07:34:33.313" classname="ReductionWithIterDim" />
    <testcase name="Test/dtype_double_rsize_16_isize_320_raxis_1" value_param="(double, 16, 320, 1)" file="/opt/pytorch/nvfuser/tests/cpp/test_gpu1.cpp" line="5457" status="run" result="completed" time="0.053" timestamp="2025-04-30T07:34:33.416" classname="ReductionWithIterDim" />
    <testcase name="Test/dtype_double_rsize_32_isize_320_raxis_0" value_param="(double, 32, 320, 0)" file="/opt/pytorch/nvfuser/tests/cpp/test_gpu1.cpp" line="5457" status="run" result="completed" time="0.148" timestamp="2025-04-30T07:34:33.469" classname="ReductionWithIterDim" />
    <testcase name="Test/dtype_double_rsize_64_isize_160_raxis_1" value_param="(double, 64, 160, 1)" file="/opt/pytorch/nvfuser/tests/cpp/test_gpu1.cpp" line="5457" status="run" result="completed" time="0.053" timestamp="2025-04-30T07:34:33.618" classname="ReductionWithIterDim" />
    <testcase name="Test/dtype_double_rsize_128_isize_160_raxis_0" value_param="(double, 128, 160, 0)" file="/opt/pytorch/nvfuser/tests/cpp/test_gpu1.cpp" line="5457" status="run" result="completed" time="0.122" timestamp="2025-04-30T07:34:33.671" classname="ReductionWithIterDim" />
    <testcase name="Test/dtype_double_rsize_128_isize_320_raxis_1" value_param="(double, 128, 320, 1)" file="/opt/pytorch/nvfuser/tests/cpp/test_gpu1.cpp" line="5457" status="run" result="completed" time="0.053" timestamp="2025-04-30T07:34:33.793" classname="ReductionWithIterDim" />
    <testcase name="Test/dtype_double_rsize_256_isize_320_raxis_0" value_param="(double, 256, 320, 0)" file="/opt/pytorch/nvfuser/tests/cpp/test_gpu1.cpp" line="5457" status="run" result="completed" time="0.074" timestamp="2025-04-30T07:34:33.846" classname="ReductionWithIterDim" />
    <testcase name="Test/dtype_double_rsize_512_isize_160_raxis_1" value_param="(double, 512, 160, 1)" file="/opt/pytorch/nvfuser/tests/cpp/test_gpu1.cpp" line="5457" status="run" result="completed" time="0.093" timestamp="2025-04-30T07:34:33.921" classname="ReductionWithIterDim" />
    <testcase name="Test/dtype_double_rsize_1024_isize_160_raxis_0" value_param="(double, 1024, 160, 0)" file="/opt/pytorch/nvfuser/tests/cpp/test_gpu1.cpp" line="5457" status="run" result="completed" time="0.122" timestamp="2025-04-30T07:34:34.015" classname="ReductionWithIterDim" />
    <testcase name="Test/dtype_double_rsize_1024_isize_320_raxis_1" value_param="(double, 1024, 320, 1)" file="/opt/pytorch/nvfuser/tests/cpp/test_gpu1.cpp" line="5457" status="run" result="completed" time="0.091" timestamp="2025-04-30T07:34:34.137" classname="ReductionWithIterDim" />
    <testcase name="Test/dtype_double_rsize_2048_isize_320_raxis_0" value_param="(double, 2048, 320, 0)" file="/opt/pytorch/nvfuser/tests/cpp/test_gpu1.cpp" line="5457" status="run" result="completed" time="0.232" timestamp="2025-04-30T07:34:34.228" classname="ReductionWithIterDim" />
    <testcase name="Test/dtype_double_rsize_4096_isize_160_raxis_1" value_param="(double, 4096, 160, 1)" file="/opt/pytorch/nvfuser/tests/cpp/test_gpu1.cpp" line="5457" status="run" result="completed" time="0.055" timestamp="2025-04-30T07:34:34.461" classname="ReductionWithIterDim" />
    <testcase name="Test/dtype_double_rsize_8192_isize_160_raxis_0" value_param="(double, 8192, 160, 0)" file="/opt/pytorch/nvfuser/tests/cpp/test_gpu1.cpp" line="5457" status="run" result="completed" time="0.095" timestamp="2025-04-30T07:34:34.517" classname="ReductionWithIterDim" />
    <testcase name="Test/dtype_double_rsize_8192_isize_320_raxis_1" value_param="(double, 8192, 320, 1)" file="/opt/pytorch/nvfuser/tests/cpp/test_gpu1.cpp" line="5457" status="run" result="completed" time="0.055" timestamp="2025-04-30T07:34:34.612" classname="ReductionWithIterDim" />
    <testcase name="Test/dtype_double_rsize_16384_isize_320_raxis_0" value_param="(double, 16384, 320, 0)" file="/opt/pytorch/nvfuser/tests/cpp/test_gpu1.cpp" line="5457" status="run" result="completed" time="0.096" timestamp="2025-04-30T07:34:34.668" classname="ReductionWithIterDim" />
    <testcase name="Test/dtype_double_rsize_32768_isize_160_raxis_1" value_param="(double, 32768, 160, 1)" file="/opt/pytorch/nvfuser/tests/cpp/test_gpu1.cpp" line="5457" status="run" result="completed" time="0.054" timestamp="2025-04-30T07:34:34.764" classname="ReductionWithIterDim" />
    <testcase name="Test/dtype_double_rsize_65536_isize_160_raxis_0" value_param="(double, 65536, 160, 0)" file="/opt/pytorch/nvfuser/tests/cpp/test_gpu1.cpp" line="5457" status="run" result="completed" time="0.159" timestamp="2025-04-30T07:34:34.819" classname="ReductionWithIterDim" />
    <testcase name="Test/dtype_double_rsize_65536_isize_320_raxis_1" value_param="(double, 65536, 320, 1)" file="/opt/pytorch/nvfuser/tests/cpp/test_gpu1.cpp" line="5457" status="run" result="completed" time="0.055" timestamp="2025-04-30T07:34:34.978" classname="ReductionWithIterDim" />
    <testcase name="Test/dtype_double_rsize_131072_isize_320_raxis_0" value_param="(double, 131072, 320, 0)" file="/opt/pytorch/nvfuser/tests/cpp/test_gpu1.cpp" line="5457" status="run" result="completed" time="0.231" timestamp="2025-04-30T07:34:35.034" classname="ReductionWithIterDim" />
    <testcase name="Test/dtype_double_rsize_262144_isize_160_raxis_1" value_param="(double, 262144, 160, 1)" file="/opt/pytorch/nvfuser/tests/cpp/test_gpu1.cpp" line="5457" status="run" result="completed" time="0.09" timestamp="2025-04-30T07:34:35.266" classname="ReductionWithIterDim" />
    <testcase name="Test/dtype_double_rsize_524288_isize_160_raxis_0" value_param="(double, 524288, 160, 0)" file="/opt/pytorch/nvfuser/tests/cpp/test_gpu1.cpp" line="5457" status="run" result="completed" time="0.159" timestamp="2025-04-30T07:34:35.356" classname="ReductionWithIterDim" />
    <testcase name="Test/dtype_double_rsize_524288_isize_320_raxis_1" value_param="(double, 524288, 320, 1)" file="/opt/pytorch/nvfuser/tests/cpp/test_gpu1.cpp" line="5457" status="run" result="completed" time="0.056" timestamp="2025-04-30T07:34:35.515" classname="ReductionWithIterDim" />
    <testcase name="Test/dtype_double_rsize_1048576_isize_320_raxis_0" value_param="(double, 1048576, 320, 0)" file="/opt/pytorch/nvfuser/tests/cpp/test_gpu1.cpp" line="5457" status="run" result="completed" time="0.098" timestamp="2025-04-30T07:34:35.572" classname="ReductionWithIterDim" />
    <testcase name="Test/dtype_float_rsize_1_isize_160_raxis_1" value_param="(float, 1, 160, 1)" file="/opt/pytorch/nvfuser/tests/cpp/test_gpu1.cpp" line="5457" status="run" result="completed" time="0.085" timestamp="2025-04-30T07:34:35.670" classname="ReductionWithIterDim" />
    <testcase name="Test/dtype_float_rsize_2_isize_160_raxis_0" value_param="(float, 2, 160, 0)" file="/opt/pytorch/nvfuser/tests/cpp/test_gpu1.cpp" line="5457" status="run" result="completed" time="0.085" timestamp="2025-04-30T07:34:35.755" classname="ReductionWithIterDim" />
    <testcase name="Test/dtype_float_rsize_2_isize_320_raxis_1" value_param="(float, 2, 320, 1)" file="/opt/pytorch/nvfuser/tests/cpp/test_gpu1.cpp" line="5457" status="run" result="completed" time="0.082" timestamp="2025-04-30T07:34:35.841" classname="ReductionWithIterDim" />
    <testcase name="Test/dtype_float_rsize_4_isize_320_raxis_0" value_param="(float, 4, 320, 0)" file="/opt/pytorch/nvfuser/tests/cpp/test_gpu1.cpp" line="5457" status="run" result="completed" time="0.102" timestamp="2025-04-30T07:34:35.924" classname="ReductionWithIterDim" />
    <testcase name="Test/dtype_float_rsize_8_isize_160_raxis_1" value_param="(float, 8, 160, 1)" file="/opt/pytorch/nvfuser/tests/cpp/test_gpu1.cpp" line="5457" status="run" result="completed" time="0.082" timestamp="2025-04-30T07:34:36.026" classname="ReductionWithIterDim" />
    <testcase name="Test/dtype_float_rsize_16_isize_160_raxis_0" value_param="(float, 16, 160, 0)" file="/opt/pytorch/nvfuser/tests/cpp/test_gpu1.cpp" line="5457" status="run" result="completed" time="0.103" timestamp="2025-04-30T07:34:36.109" classname="ReductionWithIterDim" />
    <testcase name="Test/dtype_float_rsize_16_isize_320_raxis_1" value_param="(float, 16, 320, 1)" file="/opt/pytorch/nvfuser/tests/cpp/test_gpu1.cpp" line="5457" status="run" result="completed" time="0.053" timestamp="2025-04-30T07:34:36.212" classname="ReductionWithIterDim" />
    <testcase name="Test/dtype_float_rsize_32_isize_320_raxis_0" value_param="(float, 32, 320, 0)" file="/opt/pytorch/nvfuser/tests/cpp/test_gpu1.cpp" line="5457" status="run" result="completed" time="0.174" timestamp="2025-04-30T07:34:36.266" classname="ReductionWithIterDim" />
    <testcase name="Test/dtype_float_rsize_64_isize_160_raxis_1" value_param="(float, 64, 160, 1)" file="/opt/pytorch/nvfuser/tests/cpp/test_gpu1.cpp" line="5457" status="run" result="completed" time="0.052" timestamp="2025-04-30T07:34:36.441" classname="ReductionWithIterDim" />
    <testcase name="Test/dtype_float_rsize_128_isize_160_raxis_0" value_param="(float, 128, 160, 0)" file="/opt/pytorch/nvfuser/tests/cpp/test_gpu1.cpp" line="5457" status="run" result="completed" time="0.161" timestamp="2025-04-30T07:34:36.494" classname="ReductionWithIterDim" />
    <testcase name="Test/dtype_float_rsize_128_isize_320_raxis_1" value_param="(float, 128, 320, 1)" file="/opt/pytorch/nvfuser/tests/cpp/test_gpu1.cpp" line="5457" status="run" result="completed" time="0.052" timestamp="2025-04-30T07:34:36.655" classname="ReductionWithIterDim" />
    <testcase name="Test/dtype_float_rsize_256_isize_320_raxis_0" value_param="(float, 256, 320, 0)" file="/opt/pytorch/nvfuser/tests/cpp/test_gpu1.cpp" line="5457" status="run" result="completed" time="0.074" timestamp="2025-04-30T07:34:36.708" classname="ReductionWithIterDim" />
    <testcase name="Test/dtype_float_rsize_512_isize_160_raxis_1" value_param="(float, 512, 160, 1)" file="/opt/pytorch/nvfuser/tests/cpp/test_gpu1.cpp" line="5457" status="run" result="completed" time="0.097" timestamp="2025-04-30T07:34:36.782" classname="ReductionWithIterDim" />
    <testcase name="Test/dtype_float_rsize_1024_isize_160_raxis_0" value_param="(float, 1024, 160, 0)" file="/opt/pytorch/nvfuser/tests/cpp/test_gpu1.cpp" line="5457" status="run" result="completed" time="0.062" timestamp="2025-04-30T07:34:36.880" classname="ReductionWithIterDim" />
    <testcase name="Test/dtype_float_rsize_1024_isize_320_raxis_1" value_param="(float, 1024, 320, 1)" file="/opt/pytorch/nvfuser/tests/cpp/test_gpu1.cpp" line="5457" status="run" result="completed" time="0.058" timestamp="2025-04-30T07:34:36.942" classname="ReductionWithIterDim" />
    <testcase name="Test/dtype_float_rsize_2048_isize_320_raxis_0" value_param="(float, 2048, 320, 0)" file="/opt/pytorch/nvfuser/tests/cpp/test_gpu1.cpp" line="5457" status="run" result="completed" time="0.175" timestamp="2025-04-30T07:34:37.001" classname="ReductionWithIterDim" />
    <testcase name="Test/dtype_float_rsize_4096_isize_160_raxis_1" value_param="(float, 4096, 160, 1)" file="/opt/pytorch/nvfuser/tests/cpp/test_gpu1.cpp" line="5457" status="run" result="completed" time="0.095" timestamp="2025-04-30T07:34:37.176" classname="ReductionWithIterDim" />
    <testcase name="Test/dtype_float_rsize_8192_isize_160_raxis_0" value_param="(float, 8192, 160, 0)" file="/opt/pytorch/nvfuser/tests/cpp/test_gpu1.cpp" line="5457" status="run" result="completed" time="0.257" timestamp="2025-04-30T07:34:37.271" classname="ReductionWithIterDim" />
    <testcase name="Test/dtype_float_rsize_8192_isize_320_raxis_1" value_param="(float, 8192, 320, 1)" file="/opt/pytorch/nvfuser/tests/cpp/test_gpu1.cpp" line="5457" status="run" result="completed" time="0.055" timestamp="2025-04-30T07:34:37.528" classname="ReductionWithIterDim" />
    <testcase name="Test/dtype_float_rsize_16384_isize_320_raxis_0" value_param="(float, 16384, 320, 0)" file="/opt/pytorch/nvfuser/tests/cpp/test_gpu1.cpp" line="5457" status="run" result="completed" time="0.266" timestamp="2025-04-30T07:34:37.584" classname="ReductionWithIterDim" />
    <testcase name="Test/dtype_float_rsize_32768_isize_160_raxis_1" value_param="(float, 32768, 160, 1)" file="/opt/pytorch/nvfuser/tests/cpp/test_gpu1.cpp" line="5457" status="run" result="completed" time="0.055" timestamp="2025-04-30T07:34:37.850" classname="ReductionWithIterDim" />
    <testcase name="Test/dtype_float_rsize_65536_isize_160_raxis_0" value_param="(float, 65536, 160, 0)" file="/opt/pytorch/nvfuser/tests/cpp/test_gpu1.cpp" line="5457" status="run" result="completed" time="0.095" timestamp="2025-04-30T07:34:37.906" classname="ReductionWithIterDim" />
    <testcase name="Test/dtype_float_rsize_65536_isize_320_raxis_1" value_param="(float, 65536, 320, 1)" file="/opt/pytorch/nvfuser/tests/cpp/test_gpu1.cpp" line="5457" status="run" result="completed" time="0.092" timestamp="2025-04-30T07:34:38.002" classname="ReductionWithIterDim" />
    <testcase name="Test/dtype_float_rsize_131072_isize_320_raxis_0" value_param="(float, 131072, 320, 0)" file="/opt/pytorch/nvfuser/tests/cpp/test_gpu1.cpp" line="5457" status="run" result="completed" time="0.255" timestamp="2025-04-30T07:34:38.094" classname="ReductionWithIterDim" />
    <testcase name="Test/dtype_float_rsize_262144_isize_160_raxis_1" value_param="(float, 262144, 160, 1)" file="/opt/pytorch/nvfuser/tests/cpp/test_gpu1.cpp" line="5457" status="run" result="completed" time="0.055" timestamp="2025-04-30T07:34:38.350" classname="ReductionWithIterDim" />
    <testcase name="Test/dtype_float_rsize_524288_isize_160_raxis_0" value_param="(float, 524288, 160, 0)" file="/opt/pytorch/nvfuser/tests/cpp/test_gpu1.cpp" line="5457" status="run" result="completed" time="0.201" timestamp="2025-04-30T07:34:38.406" classname="ReductionWithIterDim" />
    <testcase name="Test/dtype_float_rsize_524288_isize_320_raxis_1" value_param="(float, 524288, 320, 1)" file="/opt/pytorch/nvfuser/tests/cpp/test_gpu1.cpp" line="5457" status="run" result="completed" time="0.056" timestamp="2025-04-30T07:34:38.607" classname="ReductionWithIterDim" />
    <testcase name="Test/dtype_float_rsize_1048576_isize_320_raxis_0" value_param="(float, 1048576, 320, 0)" file="/opt/pytorch/nvfuser/tests/cpp/test_gpu1.cpp" line="5457" status="run" result="completed" time="0.098" timestamp="2025-04-30T07:34:38.664" classname="ReductionWithIterDim" />
    <testcase name="Test/dtype___half_rsize_1_isize_160_raxis_1" value_param="(__half, 1, 160, 1)" file="/opt/pytorch/nvfuser/tests/cpp/test_gpu1.cpp" line="5457" status="run" result="completed" time="0.087" timestamp="2025-04-30T07:34:38.762" classname="ReductionWithIterDim" />
    <testcase name="Test/dtype___half_rsize_2_isize_160_raxis_0" value_param="(__half, 2, 160, 0)" file="/opt/pytorch/nvfuser/tests/cpp/test_gpu1.cpp" line="5457" status="run" result="completed" time="0.089" timestamp="2025-04-30T07:34:38.850" classname="ReductionWithIterDim" />
    <testcase name="Test/dtype___half_rsize_2_isize_320_raxis_1" value_param="(__half, 2, 320, 1)" file="/opt/pytorch/nvfuser/tests/cpp/test_gpu1.cpp" line="5457" status="run" result="completed" time="0.084" timestamp="2025-04-30T07:34:38.939" classname="ReductionWithIterDim" />
    <testcase name="Test/dtype___half_rsize_4_isize_320_raxis_0" value_param="(__half, 4, 320, 0)" file="/opt/pytorch/nvfuser/tests/cpp/test_gpu1.cpp" line="5457" status="run" result="completed" time="0.112" timestamp="2025-04-30T07:34:39.024" classname="ReductionWithIterDim" />
    <testcase name="Test/dtype___half_rsize_8_isize_160_raxis_1" value_param="(__half, 8, 160, 1)" file="/opt/pytorch/nvfuser/tests/cpp/test_gpu1.cpp" line="5457" status="run" result="completed" time="0.084" timestamp="2025-04-30T07:34:39.136" classname="ReductionWithIterDim" />
    <testcase name="Test/dtype___half_rsize_16_isize_160_raxis_0" value_param="(__half, 16, 160, 0)" file="/opt/pytorch/nvfuser/tests/cpp/test_gpu1.cpp" line="5457" status="run" result="completed" time="0.115" timestamp="2025-04-30T07:34:39.221" classname="ReductionWithIterDim" />
    <testcase name="Test/dtype___half_rsize_16_isize_320_raxis_1" value_param="(__half, 16, 320, 1)" file="/opt/pytorch/nvfuser/tests/cpp/test_gpu1.cpp" line="5457" status="run" result="completed" time="0.056" timestamp="2025-04-30T07:34:39.336" classname="ReductionWithIterDim" />
    <testcase name="Test/dtype___half_rsize_32_isize_320_raxis_0" value_param="(__half, 32, 320, 0)" file="/opt/pytorch/nvfuser/tests/cpp/test_gpu1.cpp" line="5457" status="run" result="completed" time="0.224" timestamp="2025-04-30T07:34:39.393" classname="ReductionWithIterDim" />
    <testcase name="Test/dtype___half_rsize_64_isize_160_raxis_1" value_param="(__half, 64, 160, 1)" file="/opt/pytorch/nvfuser/tests/cpp/test_gpu1.cpp" line="5457" status="run" result="completed" time="0.083" timestamp="2025-04-30T07:34:39.617" classname="ReductionWithIterDim" />
    <testcase name="Test/dtype___half_rsize_128_isize_160_raxis_0" value_param="(__half, 128, 160, 0)" file="/opt/pytorch/nvfuser/tests/cpp/test_gpu1.cpp" line="5457" status="run" result="completed" time="0.331" timestamp="2025-04-30T07:34:39.700" classname="ReductionWithIterDim" />
    <testcase name="Test/dtype___half_rsize_128_isize_320_raxis_1" value_param="(__half, 128, 320, 1)" file="/opt/pytorch/nvfuser/tests/cpp/test_gpu1.cpp" line="5457" status="run" result="completed" time="0.082" timestamp="2025-04-30T07:34:40.032" classname="ReductionWithIterDim" />
    <testcase name="Test/dtype___half_rsize_256_isize_320_raxis_0" value_param="(__half, 256, 320, 0)" file="/opt/pytorch/nvfuser/tests/cpp/test_gpu1.cpp" line="5457" status="run" result="completed" time="0.286" timestamp="2025-04-30T07:34:40.115" classname="ReductionWithIterDim" />
    <testcase name="Test/dtype___half_rsize_512_isize_160_raxis_1" value_param="(__half, 512, 160, 1)" file="/opt/pytorch/nvfuser/tests/cpp/test_gpu1.cpp" line="5457" status="run" result="completed" time="0.103" timestamp="2025-04-30T07:34:40.401" classname="ReductionWithIterDim" />
    <testcase name="Test/dtype___half_rsize_1024_isize_160_raxis_0" value_param="(__half, 1024, 160, 0)" file="/opt/pytorch/nvfuser/tests/cpp/test_gpu1.cpp" line="5457" status="run" result="completed" time="0.333" timestamp="2025-04-30T07:34:40.505" classname="ReductionWithIterDim" />
    <testcase name="Test/dtype___half_rsize_1024_isize_320_raxis_1" value_param="(__half, 1024, 320, 1)" file="/opt/pytorch/nvfuser/tests/cpp/test_gpu1.cpp" line="5457" status="run" result="completed" time="0.109" timestamp="2025-04-30T07:34:40.838" classname="ReductionWithIterDim" />
    <testcase name="Test/dtype___half_rsize_2048_isize_320_raxis_0" value_param="(__half, 2048, 320, 0)" file="/opt/pytorch/nvfuser/tests/cpp/test_gpu1.cpp" line="5457" status="run" result="completed" time="0.284" timestamp="2025-04-30T07:34:40.947" classname="ReductionWithIterDim" />
    <testcase name="Test/dtype___half_rsize_4096_isize_160_raxis_1" value_param="(__half, 4096, 160, 1)" file="/opt/pytorch/nvfuser/tests/cpp/test_gpu1.cpp" line="5457" status="run" result="completed" time="0.103" timestamp="2025-04-30T07:34:41.232" classname="ReductionWithIterDim" />
    <testcase name="Test/dtype___half_rsize_8192_isize_160_raxis_0" value_param="(__half, 8192, 160, 0)" file="/opt/pytorch/nvfuser/tests/cpp/test_gpu1.cpp" line="5457" status="run" result="completed" time="0.339" timestamp="2025-04-30T07:34:41.335" classname="ReductionWithIterDim" />
    <testcase name="Test/dtype___half_rsize_8192_isize_320_raxis_1" value_param="(__half, 8192, 320, 1)" file="/opt/pytorch/nvfuser/tests/cpp/test_gpu1.cpp" line="5457" status="run" result="completed" time="0.058" timestamp="2025-04-30T07:34:41.675" classname="ReductionWithIterDim" />
    <testcase name="Test/dtype___half_rsize_16384_isize_320_raxis_0" value_param="(__half, 16384, 320, 0)" file="/opt/pytorch/nvfuser/tests/cpp/test_gpu1.cpp" line="5457" status="run" result="completed" time="0.394" timestamp="2025-04-30T07:34:41.733" classname="ReductionWithIterDim" />
    <testcase name="Test/dtype___half_rsize_32768_isize_160_raxis_1" value_param="(__half, 32768, 160, 1)" file="/opt/pytorch/nvfuser/tests/cpp/test_gpu1.cpp" line="5457" status="run" result="completed" time="0.104" timestamp="2025-04-30T07:34:42.128" classname="ReductionWithIterDim" />
    <testcase name="Test/dtype___half_rsize_65536_isize_160_raxis_0" value_param="(__half, 65536, 160, 0)" file="/opt/pytorch/nvfuser/tests/cpp/test_gpu1.cpp" line="5457" status="run" result="completed" time="0.382" timestamp="2025-04-30T07:34:42.232" classname="ReductionWithIterDim" />
    <testcase name="Test/dtype___half_rsize_65536_isize_320_raxis_1" value_param="(__half, 65536, 320, 1)" file="/opt/pytorch/nvfuser/tests/cpp/test_gpu1.cpp" line="5457" status="run" result="completed" time="0.057" timestamp="2025-04-30T07:34:42.614" classname="ReductionWithIterDim" />
    <testcase name="Test/dtype___half_rsize_131072_isize_320_raxis_0" value_param="(__half, 131072, 320, 0)" file="/opt/pytorch/nvfuser/tests/cpp/test_gpu1.cpp" line="5457" status="run" result="completed" time="0.108" timestamp="2025-04-30T07:34:42.672" classname="ReductionWithIterDim" />
    <testcase name="Test/dtype___half_rsize_262144_isize_160_raxis_1" value_param="(__half, 262144, 160, 1)" file="/opt/pytorch/nvfuser/tests/cpp/test_gpu1.cpp" line="5457" status="run" result="completed" time="0.058" timestamp="2025-04-30T07:34:42.781" classname="ReductionWithIterDim" />
    <testcase name="Test/dtype___half_rsize_524288_isize_160_raxis_0" value_param="(__half, 524288, 160, 0)" file="/opt/pytorch/nvfuser/tests/cpp/test_gpu1.cpp" line="5457" status="run" result="completed" time="0.393" timestamp="2025-04-30T07:34:42.839" classname="ReductionWithIterDim" />
    <testcase name="Test/dtype___half_rsize_524288_isize_320_raxis_1" value_param="(__half, 524288, 320, 1)" file="/opt/pytorch/nvfuser/tests/cpp/test_gpu1.cpp" line="5457" status="run" result="completed" time="0.104" timestamp="2025-04-30T07:34:43.233" classname="ReductionWithIterDim" />
    <testcase name="Test/dtype___half_rsize_1048576_isize_320_raxis_0" value_param="(__half, 1048576, 320, 0)" file="/opt/pytorch/nvfuser/tests/cpp/test_gpu1.cpp" line="5457" status="run" result="completed" time="0.386" timestamp="2025-04-30T07:34:43.337" classname="ReductionWithIterDim" />
    <testcase name="Test/dtype_std__complex_float__rsize_1_isize_160_raxis_1" value_param="(std::complex&lt;float&gt;, 1, 160, 1)" file="/opt/pytorch/nvfuser/tests/cpp/test_gpu1.cpp" line="5457" status="run" result="completed" time="0.089" timestamp="2025-04-30T07:34:43.723" classname="ReductionWithIterDim" />
    <testcase name="Test/dtype_std__complex_float__rsize_2_isize_160_raxis_0" value_param="(std::complex&lt;float&gt;, 2, 160, 0)" file="/opt/pytorch/nvfuser/tests/cpp/test_gpu1.cpp" line="5457" status="run" result="completed" time="0.083" timestamp="2025-04-30T07:34:43.813" classname="ReductionWithIterDim" />
    <testcase name="Test/dtype_std__complex_float__rsize_2_isize_320_raxis_1" value_param="(std::complex&lt;float&gt;, 2, 320, 1)" file="/opt/pytorch/nvfuser/tests/cpp/test_gpu1.cpp" line="5457" status="run" result="completed" time="0.085" timestamp="2025-04-30T07:34:43.897" classname="ReductionWithIterDim" />
    <testcase name="Test/dtype_std__complex_float__rsize_4_isize_320_raxis_0" value_param="(std::complex&lt;float&gt;, 4, 320, 0)" file="/opt/pytorch/nvfuser/tests/cpp/test_gpu1.cpp" line="5457" status="run" result="completed" time="0.107" timestamp="2025-04-30T07:34:43.983" classname="ReductionWithIterDim" />
    <testcase name="Test/dtype_std__complex_float__rsize_8_isize_160_raxis_1" value_param="(std::complex&lt;float&gt;, 8, 160, 1)" file="/opt/pytorch/nvfuser/tests/cpp/test_gpu1.cpp" line="5457" status="run" result="completed" time="0.086" timestamp="2025-04-30T07:34:44.090" classname="ReductionWithIterDim" />
    <testcase name="Test/dtype_std__complex_float__rsize_16_isize_160_raxis_0" value_param="(std::complex&lt;float&gt;, 16, 160, 0)" file="/opt/pytorch/nvfuser/tests/cpp/test_gpu1.cpp" line="5457" status="run" result="completed" time="0.114" timestamp="2025-04-30T07:34:44.176" classname="ReductionWithIterDim" />
    <testcase name="Test/dtype_std__complex_float__rsize_16_isize_320_raxis_1" value_param="(std::complex&lt;float&gt;, 16, 320, 1)" file="/opt/pytorch/nvfuser/tests/cpp/test_gpu1.cpp" line="5457" status="run" result="completed" time="0.053" timestamp="2025-04-30T07:34:44.291" classname="ReductionWithIterDim" />
    <testcase name="Test/dtype_std__complex_float__rsize_32_isize_320_raxis_0" value_param="(std::complex&lt;float&gt;, 32, 320, 0)" file="/opt/pytorch/nvfuser/tests/cpp/test_gpu1.cpp" line="5457" status="run" result="completed" time="0.162" timestamp="2025-04-30T07:34:44.345" classname="ReductionWithIterDim" />
    <testcase name="Test/dtype_std__complex_float__rsize_64_isize_160_raxis_1" value_param="(std::complex&lt;float&gt;, 64, 160, 1)" file="/opt/pytorch/nvfuser/tests/cpp/test_gpu1.cpp" line="5457" status="run" result="completed" time="0.053" timestamp="2025-04-30T07:34:44.507" classname="ReductionWithIterDim" />
    <testcase name="Test/dtype_std__complex_float__rsize_128_isize_160_raxis_0" value_param="(std::complex&lt;float&gt;, 128, 160, 0)" file="/opt/pytorch/nvfuser/tests/cpp/test_gpu1.cpp" line="5457" status="run" result="completed" time="0.136" timestamp="2025-04-30T07:34:44.561" classname="ReductionWithIterDim" />
    <testcase name="Test/dtype_std__complex_float__rsize_128_isize_320_raxis_1" value_param="(std::complex&lt;float&gt;, 128, 320, 1)" file="/opt/pytorch/nvfuser/tests/cpp/test_gpu1.cpp" line="5457" status="run" result="completed" time="0.053" timestamp="2025-04-30T07:34:44.697" classname="ReductionWithIterDim" />
    <testcase name="Test/dtype_std__complex_float__rsize_256_isize_320_raxis_0" value_param="(std::complex&lt;float&gt;, 256, 320, 0)" file="/opt/pytorch/nvfuser/tests/cpp/test_gpu1.cpp" line="5457" status="run" result="completed" time="0.075" timestamp="2025-04-30T07:34:44.751" classname="ReductionWithIterDim" />
    <testcase name="Test/dtype_std__complex_float__rsize_512_isize_160_raxis_1" value_param="(std::complex&lt;float&gt;, 512, 160, 1)" file="/opt/pytorch/nvfuser/tests/cpp/test_gpu1.cpp" line="5457" status="run" result="completed" time="0.098" timestamp="2025-04-30T07:34:44.826" classname="ReductionWithIterDim" />
    <testcase name="Test/dtype_std__complex_float__rsize_1024_isize_160_raxis_0" value_param="(std::complex&lt;float&gt;, 1024, 160, 0)" file="/opt/pytorch/nvfuser/tests/cpp/test_gpu1.cpp" line="5457" status="run" result="completed" time="0.136" timestamp="2025-04-30T07:34:44.924" classname="ReductionWithIterDim" />
    <testcase name="Test/dtype_std__complex_float__rsize_1024_isize_320_raxis_1" value_param="(std::complex&lt;float&gt;, 1024, 320, 1)" file="/opt/pytorch/nvfuser/tests/cpp/test_gpu1.cpp" line="5457" status="run" result="completed" time="0.092" timestamp="2025-04-30T07:34:45.060" classname="ReductionWithIterDim" />
    <testcase name="Test/dtype_std__complex_float__rsize_2048_isize_320_raxis_0" value_param="(std::complex&lt;float&gt;, 2048, 320, 0)" file="/opt/pytorch/nvfuser/tests/cpp/test_gpu1.cpp" line="5457" status="run" result="completed" time="0.255" timestamp="2025-04-30T07:34:45.153" classname="ReductionWithIterDim" />
    <testcase name="Test/dtype_std__complex_float__rsize_4096_isize_160_raxis_1" value_param="(std::complex&lt;float&gt;, 4096, 160, 1)" file="/opt/pytorch/nvfuser/tests/cpp/test_gpu1.cpp" line="5457" status="run" result="completed" time="0.055" timestamp="2025-04-30T07:34:45.408" classname="ReductionWithIterDim" />
    <testcase name="Test/dtype_std__complex_float__rsize_8192_isize_160_raxis_0" value_param="(std::complex&lt;float&gt;, 8192, 160, 0)" file="/opt/pytorch/nvfuser/tests/cpp/test_gpu1.cpp" line="5457" status="run" result="completed" time="0.098" timestamp="2025-04-30T07:34:45.464" classname="ReductionWithIterDim" />
    <testcase name="Test/dtype_std__complex_float__rsize_8192_isize_320_raxis_1" value_param="(std::complex&lt;float&gt;, 8192, 320, 1)" file="/opt/pytorch/nvfuser/tests/cpp/test_gpu1.cpp" line="5457" status="run" result="completed" time="0.056" timestamp="2025-04-30T07:34:45.563" classname="ReductionWithIterDim" />
    <testcase name="Test/dtype_std__complex_float__rsize_16384_isize_320_raxis_0" value_param="(std::complex&lt;float&gt;, 16384, 320, 0)" file="/opt/pytorch/nvfuser/tests/cpp/test_gpu1.cpp" line="5457" status="run" result="completed" time="0.097" timestamp="2025-04-30T07:34:45.620" classname="ReductionWithIterDim" />
    <testcase name="Test/dtype_std__complex_float__rsize_32768_isize_160_raxis_1" value_param="(std::complex&lt;float&gt;, 32768, 160, 1)" file="/opt/pytorch/nvfuser/tests/cpp/test_gpu1.cpp" line="5457" status="run" result="completed" time="0.055" timestamp="2025-04-30T07:34:45.718" classname="ReductionWithIterDim" />
    <testcase name="Test/dtype_std__complex_float__rsize_65536_isize_160_raxis_0" value_param="(std::complex&lt;float&gt;, 65536, 160, 0)" file="/opt/pytorch/nvfuser/tests/cpp/test_gpu1.cpp" line="5457" status="run" result="completed" time="0.176" timestamp="2025-04-30T07:34:45.773" classname="ReductionWithIterDim" />
    <testcase name="Test/dtype_std__complex_float__rsize_65536_isize_320_raxis_1" value_param="(std::complex&lt;float&gt;, 65536, 320, 1)" file="/opt/pytorch/nvfuser/tests/cpp/test_gpu1.cpp" line="5457" status="run" result="completed" time="0.056" timestamp="2025-04-30T07:34:45.950" classname="ReductionWithIterDim" />
    <testcase name="Test/dtype_std__complex_float__rsize_131072_isize_320_raxis_0" value_param="(std::complex&lt;float&gt;, 131072, 320, 0)" file="/opt/pytorch/nvfuser/tests/cpp/test_gpu1.cpp" line="5457" status="run" result="completed" time="0.254" timestamp="2025-04-30T07:34:46.007" classname="ReductionWithIterDim" />
    <testcase name="Test/dtype_std__complex_float__rsize_262144_isize_160_raxis_1" value_param="(std::complex&lt;float&gt;, 262144, 160, 1)" file="/opt/pytorch/nvfuser/tests/cpp/test_gpu1.cpp" line="5457" status="run" result="completed" time="0.094" timestamp="2025-04-30T07:34:46.261" classname="ReductionWithIterDim" />
    <testcase name="Test/dtype_std__complex_float__rsize_524288_isize_160_raxis_0" value_param="(std::complex&lt;float&gt;, 524288, 160, 0)" file="/opt/pytorch/nvfuser/tests/cpp/test_gpu1.cpp" line="5457" status="run" result="completed" time="0.177" timestamp="2025-04-30T07:34:46.355" classname="ReductionWithIterDim" />
    <testcase name="Test/dtype_std__complex_float__rsize_524288_isize_320_raxis_1" value_param="(std::complex&lt;float&gt;, 524288, 320, 1)" file="/opt/pytorch/nvfuser/tests/cpp/test_gpu1.cpp" line="5457" status="run" result="completed" time="0.057" timestamp="2025-04-30T07:34:46.533" classname="ReductionWithIterDim" />
    <testcase name="Test/dtype_std__complex_float__rsize_1048576_isize_320_raxis_0" value_param="(std::complex&lt;float&gt;, 1048576, 320, 0)" file="/opt/pytorch/nvfuser/tests/cpp/test_gpu1.cpp" line="5457" status="run" result="completed" time="0.105" timestamp="2025-04-30T07:34:46.591" classname="ReductionWithIterDim" />
    <testcase name="Test/dtype_std__complex_double__rsize_1_isize_160_raxis_1" value_param="(std::complex&lt;double&gt;, 1, 160, 1)" file="/opt/pytorch/nvfuser/tests/cpp/test_gpu1.cpp" line="5457" status="run" result="completed" time="0.088" timestamp="2025-04-30T07:34:46.696" classname="ReductionWithIterDim" />
    <testcase name="Test/dtype_std__complex_double__rsize_2_isize_160_raxis_0" value_param="(std::complex&lt;double&gt;, 2, 160, 0)" file="/opt/pytorch/nvfuser/tests/cpp/test_gpu1.cpp" line="5457" status="run" result="completed" time="0.084" timestamp="2025-04-30T07:34:46.785" classname="ReductionWithIterDim" />
    <testcase name="Test/dtype_std__complex_double__rsize_2_isize_320_raxis_1" value_param="(std::complex&lt;double&gt;, 2, 320, 1)" file="/opt/pytorch/nvfuser/tests/cpp/test_gpu1.cpp" line="5457" status="run" result="completed" time="0.086" timestamp="2025-04-30T07:34:46.869" classname="ReductionWithIterDim" />
    <testcase name="Test/dtype_std__complex_double__rsize_4_isize_320_raxis_0" value_param="(std::complex&lt;double&gt;, 4, 320, 0)" file="/opt/pytorch/nvfuser/tests/cpp/test_gpu1.cpp" line="5457" status="run" result="completed" time="0.088" timestamp="2025-04-30T07:34:46.956" classname="ReductionWithIterDim" />
    <testcase name="Test/dtype_std__complex_double__rsize_8_isize_160_raxis_1" value_param="(std::complex&lt;double&gt;, 8, 160, 1)" file="/opt/pytorch/nvfuser/tests/cpp/test_gpu1.cpp" line="5457" status="run" result="completed" time="0.085" timestamp="2025-04-30T07:34:47.045" classname="ReductionWithIterDim" />
    <testcase name="Test/dtype_std__complex_double__rsize_16_isize_160_raxis_0" value_param="(std::complex&lt;double&gt;, 16, 160, 0)" file="/opt/pytorch/nvfuser/tests/cpp/test_gpu1.cpp" line="5457" status="run" result="completed" time="0.118" timestamp="2025-04-30T07:34:47.131" classname="ReductionWithIterDim" />
    <testcase name="Test/dtype_std__complex_double__rsize_16_isize_320_raxis_1" value_param="(std::complex&lt;double&gt;, 16, 320, 1)" file="/opt/pytorch/nvfuser/tests/cpp/test_gpu1.cpp" line="5457" status="run" result="completed" time="0.053" timestamp="2025-04-30T07:34:47.249" classname="ReductionWithIterDim" />
    <testcase name="Test/dtype_std__complex_double__rsize_32_isize_320_raxis_0" value_param="(std::complex&lt;double&gt;, 32, 320, 0)" file="/opt/pytorch/nvfuser/tests/cpp/test_gpu1.cpp" line="5457" status="run" result="completed" time="0.062" timestamp="2025-04-30T07:34:47.303" classname="ReductionWithIterDim" />
    <testcase name="Test/dtype_std__complex_double__rsize_64_isize_160_raxis_1" value_param="(std::complex&lt;double&gt;, 64, 160, 1)" file="/opt/pytorch/nvfuser/tests/cpp/test_gpu1.cpp" line="5457" status="run" result="completed" time="0.052" timestamp="2025-04-30T07:34:47.365" classname="ReductionWithIterDim" />
    <testcase name="Test/dtype_std__complex_double__rsize_128_isize_160_raxis_0" value_param="(std::complex&lt;double&gt;, 128, 160, 0)" file="/opt/pytorch/nvfuser/tests/cpp/test_gpu1.cpp" line="5457" status="run" result="completed" time="0.062" timestamp="2025-04-30T07:34:47.418" classname="ReductionWithIterDim" />
    <testcase name="Test/dtype_std__complex_double__rsize_128_isize_320_raxis_1" value_param="(std::complex&lt;double&gt;, 128, 320, 1)" file="/opt/pytorch/nvfuser/tests/cpp/test_gpu1.cpp" line="5457" status="run" result="completed" time="0.052" timestamp="2025-04-30T07:34:47.480" classname="ReductionWithIterDim" />
    <testcase name="Test/dtype_std__complex_double__rsize_256_isize_320_raxis_0" value_param="(std::complex&lt;double&gt;, 256, 320, 0)" file="/opt/pytorch/nvfuser/tests/cpp/test_gpu1.cpp" line="5457" status="run" result="completed" time="0.062" timestamp="2025-04-30T07:34:47.533" classname="ReductionWithIterDim" />
    <testcase name="Test/dtype_std__complex_double__rsize_512_isize_160_raxis_1" value_param="(std::complex&lt;double&gt;, 512, 160, 1)" file="/opt/pytorch/nvfuser/tests/cpp/test_gpu1.cpp" line="5457" status="run" result="completed" time="0.1" timestamp="2025-04-30T07:34:47.595" classname="ReductionWithIterDim" />
    <testcase name="Test/dtype_std__complex_double__rsize_1024_isize_160_raxis_0" value_param="(std::complex&lt;double&gt;, 1024, 160, 0)" file="/opt/pytorch/nvfuser/tests/cpp/test_gpu1.cpp" line="5457" status="run" result="completed" time="0.158" timestamp="2025-04-30T07:34:47.696" classname="ReductionWithIterDim" />
    <testcase name="Test/dtype_std__complex_double__rsize_1024_isize_320_raxis_1" value_param="(std::complex&lt;double&gt;, 1024, 320, 1)" file="/opt/pytorch/nvfuser/tests/cpp/test_gpu1.cpp" line="5457" status="run" result="completed" time="0.093" timestamp="2025-04-30T07:34:47.854" classname="ReductionWithIterDim" />
    <testcase name="Test/dtype_std__complex_double__rsize_2048_isize_320_raxis_0" value_param="(std::complex&lt;double&gt;, 2048, 320, 0)" file="/opt/pytorch/nvfuser/tests/cpp/test_gpu1.cpp" line="5457" status="run" result="completed" time="0.156" timestamp="2025-04-30T07:34:47.948" classname="ReductionWithIterDim" />
    <testcase name="Test/dtype_std__complex_double__rsize_4096_isize_160_raxis_1" value_param="(std::complex&lt;double&gt;, 4096, 160, 1)" file="/opt/pytorch/nvfuser/tests/cpp/test_gpu1.cpp" line="5457" status="run" result="completed" time="0.095" timestamp="2025-04-30T07:34:48.104" classname="ReductionWithIterDim" />
    <testcase name="Test/dtype_std__complex_double__rsize_8192_isize_160_raxis_0" value_param="(std::complex&lt;double&gt;, 8192, 160, 0)" file="/opt/pytorch/nvfuser/tests/cpp/test_gpu1.cpp" line="5457" status="run" result="completed" time="0.157" timestamp="2025-04-30T07:34:48.200" classname="ReductionWithIterDim" />
    <testcase name="Test/dtype_std__complex_double__rsize_8192_isize_320_raxis_1" value_param="(std::complex&lt;double&gt;, 8192, 320, 1)" file="/opt/pytorch/nvfuser/tests/cpp/test_gpu1.cpp" line="5457" status="run" result="completed" time="0.056" timestamp="2025-04-30T07:34:48.357" classname="ReductionWithIterDim" />
    <testcase name="Test/dtype_std__complex_double__rsize_16384_isize_320_raxis_0" value_param="(std::complex&lt;double&gt;, 16384, 320, 0)" file="/opt/pytorch/nvfuser/tests/cpp/test_gpu1.cpp" line="5457" status="run" result="completed" time="0.077" timestamp="2025-04-30T07:34:48.414" classname="ReductionWithIterDim" />
    <testcase name="Test/dtype_std__complex_double__rsize_32768_isize_160_raxis_1" value_param="(std::complex&lt;double&gt;, 32768, 160, 1)" file="/opt/pytorch/nvfuser/tests/cpp/test_gpu1.cpp" line="5457" status="run" result="completed" time="0.055" timestamp="2025-04-30T07:34:48.491" classname="ReductionWithIterDim" />
    <testcase name="Test/dtype_std__complex_double__rsize_65536_isize_160_raxis_0" value_param="(std::complex&lt;double&gt;, 65536, 160, 0)" file="/opt/pytorch/nvfuser/tests/cpp/test_gpu1.cpp" line="5457" status="run" result="completed" time="0.077" timestamp="2025-04-30T07:34:48.547" classname="ReductionWithIterDim" />
    <testcase name="Test/dtype_std__complex_double__rsize_65536_isize_320_raxis_1" value_param="(std::complex&lt;double&gt;, 65536, 320, 1)" file="/opt/pytorch/nvfuser/tests/cpp/test_gpu1.cpp" line="5457" status="run" result="completed" time="0.055" timestamp="2025-04-30T07:34:48.624" classname="ReductionWithIterDim" />
    <testcase name="Test/dtype_std__complex_double__rsize_131072_isize_320_raxis_0" value_param="(std::complex&lt;double&gt;, 131072, 320, 0)" file="/opt/pytorch/nvfuser/tests/cpp/test_gpu1.cpp" line="5457" status="run" result="completed" time="0.077" timestamp="2025-04-30T07:34:48.680" classname="ReductionWithIterDim" />
    <testcase name="Test/dtype_std__complex_double__rsize_262144_isize_160_raxis_1" value_param="(std::complex&lt;double&gt;, 262144, 160, 1)" file="/opt/pytorch/nvfuser/tests/cpp/test_gpu1.cpp" line="5457" status="run" result="completed" time="0.055" timestamp="2025-04-30T07:34:48.758" classname="ReductionWithIterDim" />
    <testcase name="Test/dtype_std__complex_double__rsize_524288_isize_160_raxis_0" value_param="(std::complex&lt;double&gt;, 524288, 160, 0)" file="/opt/pytorch/nvfuser/tests/cpp/test_gpu1.cpp" line="5457" status="run" result="completed" time="0.079" timestamp="2025-04-30T07:34:48.813" classname="ReductionWithIterDim" />
    <testcase name="Test/dtype_std__complex_double__rsize_524288_isize_320_raxis_1" value_param="(std::complex&lt;double&gt;, 524288, 320, 1)" file="/opt/pytorch/nvfuser/tests/cpp/test_gpu1.cpp" line="5457" status="run" result="completed" time="0.059" timestamp="2025-04-30T07:34:48.893" classname="ReductionWithIterDim" />
    <testcase name="Test/dtype_std__complex_double__rsize_1048576_isize_320_raxis_0" value_param="(std::complex&lt;double&gt;, 1048576, 320, 0)" file="/opt/pytorch/nvfuser/tests/cpp/test_gpu1.cpp" line="5457" status="run" result="completed" time="0.088" timestamp="2025-04-30T07:34:48.952" classname="ReductionWithIterDim" />
    <testcase name="Test/dtype___bfloat_rsize_1_isize_160_raxis_1" value_param="(__bfloat, 1, 160, 1)" file="/opt/pytorch/nvfuser/tests/cpp/test_gpu1.cpp" line="5457" status="run" result="completed" time="0.088" timestamp="2025-04-30T07:34:49.040" classname="ReductionWithIterDim" />
    <testcase name="Test/dtype___bfloat_rsize_2_isize_160_raxis_0" value_param="(__bfloat, 2, 160, 0)" file="/opt/pytorch/nvfuser/tests/cpp/test_gpu1.cpp" line="5457" status="run" result="completed" time="0.089" timestamp="2025-04-30T07:34:49.129" classname="ReductionWithIterDim" />
    <testcase name="Test/dtype___bfloat_rsize_2_isize_320_raxis_1" value_param="(__bfloat, 2, 320, 1)" file="/opt/pytorch/nvfuser/tests/cpp/test_gpu1.cpp" line="5457" status="run" result="completed" time="0.084" timestamp="2025-04-30T07:34:49.219" classname="ReductionWithIterDim" />
    <testcase name="Test/dtype___bfloat_rsize_4_isize_320_raxis_0" value_param="(__bfloat, 4, 320, 0)" file="/opt/pytorch/nvfuser/tests/cpp/test_gpu1.cpp" line="5457" status="run" result="completed" time="0.113" timestamp="2025-04-30T07:34:49.304" classname="ReductionWithIterDim" />
    <testcase name="Test/dtype___bfloat_rsize_8_isize_160_raxis_1" value_param="(__bfloat, 8, 160, 1)" file="/opt/pytorch/nvfuser/tests/cpp/test_gpu1.cpp" line="5457" status="run" result="completed" time="0.055" timestamp="2025-04-30T07:34:49.417" classname="ReductionWithIterDim" />
    <testcase name="Test/dtype___bfloat_rsize_16_isize_160_raxis_0" value_param="(__bfloat, 16, 160, 0)" file="/opt/pytorch/nvfuser/tests/cpp/test_gpu1.cpp" line="5457" status="run" result="completed" time="0.114" timestamp="2025-04-30T07:34:49.473" classname="ReductionWithIterDim" />
    <testcase name="Test/dtype___bfloat_rsize_16_isize_320_raxis_1" value_param="(__bfloat, 16, 320, 1)" file="/opt/pytorch/nvfuser/tests/cpp/test_gpu1.cpp" line="5457" status="run" result="completed" time="0.055" timestamp="2025-04-30T07:34:49.587" classname="ReductionWithIterDim" />
    <testcase name="Test/dtype___bfloat_rsize_32_isize_320_raxis_0" value_param="(__bfloat, 32, 320, 0)" file="/opt/pytorch/nvfuser/tests/cpp/test_gpu1.cpp" line="5457" status="run" result="completed" time="0.223" timestamp="2025-04-30T07:34:49.643" classname="ReductionWithIterDim" />
    <testcase name="Test/dtype___bfloat_rsize_64_isize_160_raxis_1" value_param="(__bfloat, 64, 160, 1)" file="/opt/pytorch/nvfuser/tests/cpp/test_gpu1.cpp" line="5457" status="run" result="completed" time="0.083" timestamp="2025-04-30T07:34:49.866" classname="ReductionWithIterDim" />
    <testcase name="Test/dtype___bfloat_rsize_128_isize_160_raxis_0" value_param="(__bfloat, 128, 160, 0)" file="/opt/pytorch/nvfuser/tests/cpp/test_gpu1.cpp" line="5457" status="run" result="completed" time="0.331" timestamp="2025-04-30T07:34:49.950" classname="ReductionWithIterDim" />
    <testcase name="Test/dtype___bfloat_rsize_128_isize_320_raxis_1" value_param="(__bfloat, 128, 320, 1)" file="/opt/pytorch/nvfuser/tests/cpp/test_gpu1.cpp" line="5457" status="run" result="completed" time="0.083" timestamp="2025-04-30T07:34:50.281" classname="ReductionWithIterDim" />
    <testcase name="Test/dtype___bfloat_rsize_256_isize_320_raxis_0" value_param="(__bfloat, 256, 320, 0)" file="/opt/pytorch/nvfuser/tests/cpp/test_gpu1.cpp" line="5457" status="run" result="completed" time="0.285" timestamp="2025-04-30T07:34:50.364" classname="ReductionWithIterDim" />
    <testcase name="Test/dtype___bfloat_rsize_512_isize_160_raxis_1" value_param="(__bfloat, 512, 160, 1)" file="/opt/pytorch/nvfuser/tests/cpp/test_gpu1.cpp" line="5457" status="run" result="completed" time="0.102" timestamp="2025-04-30T07:34:50.650" classname="ReductionWithIterDim" />
    <testcase name="Test/dtype___bfloat_rsize_1024_isize_160_raxis_0" value_param="(__bfloat, 1024, 160, 0)" file="/opt/pytorch/nvfuser/tests/cpp/test_gpu1.cpp" line="5457" status="run" result="completed" time="0.334" timestamp="2025-04-30T07:34:50.752" classname="ReductionWithIterDim" />
    <testcase name="Test/dtype___bfloat_rsize_1024_isize_320_raxis_1" value_param="(__bfloat, 1024, 320, 1)" file="/opt/pytorch/nvfuser/tests/cpp/test_gpu1.cpp" line="5457" status="run" result="completed" time="0.109" timestamp="2025-04-30T07:34:51.086" classname="ReductionWithIterDim" />
    <testcase name="Test/dtype___bfloat_rsize_2048_isize_320_raxis_0" value_param="(__bfloat, 2048, 320, 0)" file="/opt/pytorch/nvfuser/tests/cpp/test_gpu1.cpp" line="5457" status="run" result="completed" time="0.281" timestamp="2025-04-30T07:34:51.196" classname="ReductionWithIterDim" />
    <testcase name="Test/dtype___bfloat_rsize_4096_isize_160_raxis_1" value_param="(__bfloat, 4096, 160, 1)" file="/opt/pytorch/nvfuser/tests/cpp/test_gpu1.cpp" line="5457" status="run" result="completed" time="0.103" timestamp="2025-04-30T07:34:51.478" classname="ReductionWithIterDim" />
    <testcase name="Test/dtype___bfloat_rsize_8192_isize_160_raxis_0" value_param="(__bfloat, 8192, 160, 0)" file="/opt/pytorch/nvfuser/tests/cpp/test_gpu1.cpp" line="5457" status="run" result="completed" time="0.341" timestamp="2025-04-30T07:34:51.581" classname="ReductionWithIterDim" />
    <testcase name="Test/dtype___bfloat_rsize_8192_isize_320_raxis_1" value_param="(__bfloat, 8192, 320, 1)" file="/opt/pytorch/nvfuser/tests/cpp/test_gpu1.cpp" line="5457" status="run" result="completed" time="0.057" timestamp="2025-04-30T07:34:51.923" classname="ReductionWithIterDim" />
    <testcase name="Test/dtype___bfloat_rsize_16384_isize_320_raxis_0" value_param="(__bfloat, 16384, 320, 0)" file="/opt/pytorch/nvfuser/tests/cpp/test_gpu1.cpp" line="5457" status="run" result="completed" time="0.39" timestamp="2025-04-30T07:34:51.981" classname="ReductionWithIterDim" />
    <testcase name="Test/dtype___bfloat_rsize_32768_isize_160_raxis_1" value_param="(__bfloat, 32768, 160, 1)" file="/opt/pytorch/nvfuser/tests/cpp/test_gpu1.cpp" line="5457" status="run" result="completed" time="0.104" timestamp="2025-04-30T07:34:52.371" classname="ReductionWithIterDim" />
    <testcase name="Test/dtype___bfloat_rsize_65536_isize_160_raxis_0" value_param="(__bfloat, 65536, 160, 0)" file="/opt/pytorch/nvfuser/tests/cpp/test_gpu1.cpp" line="5457" status="run" result="completed" time="0.385" timestamp="2025-04-30T07:34:52.476" classname="ReductionWithIterDim" />
    <testcase name="Test/dtype___bfloat_rsize_65536_isize_320_raxis_1" value_param="(__bfloat, 65536, 320, 1)" file="/opt/pytorch/nvfuser/tests/cpp/test_gpu1.cpp" line="5457" status="run" result="completed" time="0.058" timestamp="2025-04-30T07:34:52.861" classname="ReductionWithIterDim" />
    <testcase name="Test/dtype___bfloat_rsize_131072_isize_320_raxis_0" value_param="(__bfloat, 131072, 320, 0)" file="/opt/pytorch/nvfuser/tests/cpp/test_gpu1.cpp" line="5457" status="run" result="completed" time="0.114" timestamp="2025-04-30T07:34:52.919" classname="ReductionWithIterDim" />
    <testcase name="Test/dtype___bfloat_rsize_262144_isize_160_raxis_1" value_param="(__bfloat, 262144, 160, 1)" file="/opt/pytorch/nvfuser/tests/cpp/test_gpu1.cpp" line="5457" status="run" result="completed" time="0.109" timestamp="2025-04-30T07:34:53.034" classname="ReductionWithIterDim" />
    <testcase name="Test/dtype___bfloat_rsize_524288_isize_160_raxis_0" value_param="(__bfloat, 524288, 160, 0)" file="/opt/pytorch/nvfuser/tests/cpp/test_gpu1.cpp" line="5457" status="run" result="completed" time="0.394" timestamp="2025-04-30T07:34:53.143" classname="ReductionWithIterDim" />
    <testcase name="Test/dtype___bfloat_rsize_524288_isize_320_raxis_1" value_param="(__bfloat, 524288, 320, 1)" file="/opt/pytorch/nvfuser/tests/cpp/test_gpu1.cpp" line="5457" status="run" result="completed" time="0.059" timestamp="2025-04-30T07:34:53.537" classname="ReductionWithIterDim" />
    <testcase name="Test/dtype___bfloat_rsize_1048576_isize_320_raxis_0" value_param="(__bfloat, 1048576, 320, 0)" file="/opt/pytorch/nvfuser/tests/cpp/test_gpu1.cpp" line="5457" status="run" result="completed" time="0.385" timestamp="2025-04-30T07:34:53.597" classname="ReductionWithIterDim" />
  </testsuite>
  <testsuite name="WelfordReduction" tests="168" failures="0" disabled="0" skipped="14" errors="0" time="60.031" timestamp="2025-04-30T07:34:53.982">
    <testcase name="Test/dtype_double_redu_1_iter_160_axis_1" value_param="(double, 1, 160, 1)" file="/opt/pytorch/nvfuser/tests/cpp/test_gpu2.cpp" line="2511" status="run" result="completed" time="0.124" timestamp="2025-04-30T07:34:53.982" classname="WelfordReduction" />
    <testcase name="Test/dtype_double_redu_2_iter_160_axis_0" value_param="(double, 2, 160, 0)" file="/opt/pytorch/nvfuser/tests/cpp/test_gpu2.cpp" line="2511" status="run" result="completed" time="0.201" timestamp="2025-04-30T07:34:54.106" classname="WelfordReduction" />
    <testcase name="Test/dtype_double_redu_2_iter_320_axis_1" value_param="(double, 2, 320, 1)" file="/opt/pytorch/nvfuser/tests/cpp/test_gpu2.cpp" line="2511" status="run" result="completed" time="0.12" timestamp="2025-04-30T07:34:54.307" classname="WelfordReduction" />
    <testcase name="Test/dtype_double_redu_4_iter_320_axis_0" value_param="(double, 4, 320, 0)" file="/opt/pytorch/nvfuser/tests/cpp/test_gpu2.cpp" line="2511" status="run" result="completed" time="0.257" timestamp="2025-04-30T07:34:54.428" classname="WelfordReduction" />
    <testcase name="Test/dtype_double_redu_8_iter_160_axis_1" value_param="(double, 8, 160, 1)" file="/opt/pytorch/nvfuser/tests/cpp/test_gpu2.cpp" line="2511" status="run" result="completed" time="0.067" timestamp="2025-04-30T07:34:54.685" classname="WelfordReduction" />
    <testcase name="Test/dtype_double_redu_16_iter_160_axis_0" value_param="(double, 16, 160, 0)" file="/opt/pytorch/nvfuser/tests/cpp/test_gpu2.cpp" line="2511" status="run" result="completed" time="0.336" timestamp="2025-04-30T07:34:54.753" classname="WelfordReduction" />
    <testcase name="Test/dtype_double_redu_16_iter_320_axis_1" value_param="(double, 16, 320, 1)" file="/opt/pytorch/nvfuser/tests/cpp/test_gpu2.cpp" line="2511" status="run" result="completed" time="0.119" timestamp="2025-04-30T07:34:55.089" classname="WelfordReduction" />
    <testcase name="Test/dtype_double_redu_32_iter_320_axis_0" value_param="(double, 32, 320, 0)" file="/opt/pytorch/nvfuser/tests/cpp/test_gpu2.cpp" line="2511" status="run" result="completed" time="0.41" timestamp="2025-04-30T07:34:55.209" classname="WelfordReduction" />
    <testcase name="Test/dtype_double_redu_64_iter_160_axis_1" value_param="(double, 64, 160, 1)" file="/opt/pytorch/nvfuser/tests/cpp/test_gpu2.cpp" line="2511" status="run" result="completed" time="0.066" timestamp="2025-04-30T07:34:55.619" classname="WelfordReduction" />
    <testcase name="Test/dtype_double_redu_128_iter_160_axis_0" value_param="(double, 128, 160, 0)" file="/opt/pytorch/nvfuser/tests/cpp/test_gpu2.cpp" line="2511" status="run" result="completed" time="0.405" timestamp="2025-04-30T07:34:55.686" classname="WelfordReduction" />
    <testcase name="Test/dtype_double_redu_128_iter_320_axis_1" value_param="(double, 128, 320, 1)" file="/opt/pytorch/nvfuser/tests/cpp/test_gpu2.cpp" line="2511" status="run" result="completed" time="0.12" timestamp="2025-04-30T07:34:56.091" classname="WelfordReduction" />
    <testcase name="Test/dtype_double_redu_256_iter_320_axis_0" value_param="(double, 256, 320, 0)" file="/opt/pytorch/nvfuser/tests/cpp/test_gpu2.cpp" line="2511" status="run" result="completed" time="0.41" timestamp="2025-04-30T07:34:56.212" classname="WelfordReduction" />
    <testcase name="Test/dtype_double_redu_512_iter_160_axis_1" value_param="(double, 512, 160, 1)" file="/opt/pytorch/nvfuser/tests/cpp/test_gpu2.cpp" line="2511" status="run" result="completed" time="0.145" timestamp="2025-04-30T07:34:56.622" classname="WelfordReduction" />
    <testcase name="Test/dtype_double_redu_1024_iter_160_axis_0" value_param="(double, 1024, 160, 0)" file="/opt/pytorch/nvfuser/tests/cpp/test_gpu2.cpp" line="2511" status="run" result="completed" time="0.405" timestamp="2025-04-30T07:34:56.768" classname="WelfordReduction" />
    <testcase name="Test/dtype_double_redu_1024_iter_320_axis_1" value_param="(double, 1024, 320, 1)" file="/opt/pytorch/nvfuser/tests/cpp/test_gpu2.cpp" line="2511" status="run" result="completed" time="0.132" timestamp="2025-04-30T07:34:57.174" classname="WelfordReduction" />
    <testcase name="Test/dtype_double_redu_2048_iter_320_axis_0" value_param="(double, 2048, 320, 0)" file="/opt/pytorch/nvfuser/tests/cpp/test_gpu2.cpp" line="2511" status="run" result="completed" time="0.743" timestamp="2025-04-30T07:34:57.306" classname="WelfordReduction" />
    <testcase name="Test/dtype_double_redu_4096_iter_160_axis_1" value_param="(double, 4096, 160, 1)" file="/opt/pytorch/nvfuser/tests/cpp/test_gpu2.cpp" line="2511" status="run" result="completed" time="0.132" timestamp="2025-04-30T07:34:58.050" classname="WelfordReduction" />
    <testcase name="Test/dtype_double_redu_8192_iter_160_axis_0" value_param="(double, 8192, 160, 0)" file="/opt/pytorch/nvfuser/tests/cpp/test_gpu2.cpp" line="2511" status="run" result="completed" time="0.747" timestamp="2025-04-30T07:34:58.183" classname="WelfordReduction" />
    <testcase name="Test/dtype_double_redu_8192_iter_320_axis_1" value_param="(double, 8192, 320, 1)" file="/opt/pytorch/nvfuser/tests/cpp/test_gpu2.cpp" line="2511" status="run" result="completed" time="0.068" timestamp="2025-04-30T07:34:58.931" classname="WelfordReduction" />
    <testcase name="Test/dtype_double_redu_16384_iter_320_axis_0" value_param="(double, 16384, 320, 0)" file="/opt/pytorch/nvfuser/tests/cpp/test_gpu2.cpp" line="2511" status="run" result="completed" time="0.742" timestamp="2025-04-30T07:34:58.999" classname="WelfordReduction" />
    <testcase name="Test/dtype_double_redu_32768_iter_160_axis_1" value_param="(double, 32768, 160, 1)" file="/opt/pytorch/nvfuser/tests/cpp/test_gpu2.cpp" line="2511" status="run" result="completed" time="0.132" timestamp="2025-04-30T07:34:59.742" classname="WelfordReduction" />
    <testcase name="Test/dtype_double_redu_65536_iter_160_axis_0" value_param="(double, 65536, 160, 0)" file="/opt/pytorch/nvfuser/tests/cpp/test_gpu2.cpp" line="2511" status="run" result="completed" time="0.53" timestamp="2025-04-30T07:34:59.874" classname="WelfordReduction" />
    <testcase name="Test/dtype_double_redu_65536_iter_320_axis_1" value_param="(double, 65536, 320, 1)" file="/opt/pytorch/nvfuser/tests/cpp/test_gpu2.cpp" line="2511" status="run" result="completed" time="0.131" timestamp="2025-04-30T07:35:00.405" classname="WelfordReduction" />
    <testcase name="Test/dtype_double_redu_131072_iter_320_axis_0" value_param="(double, 131072, 320, 0)" file="/opt/pytorch/nvfuser/tests/cpp/test_gpu2.cpp" line="2511" status="run" result="completed" time="0.746" timestamp="2025-04-30T07:35:00.537" classname="WelfordReduction" />
    <testcase name="Test/dtype_double_redu_262144_iter_160_axis_1" value_param="(double, 262144, 160, 1)" file="/opt/pytorch/nvfuser/tests/cpp/test_gpu2.cpp" line="2511" status="run" result="completed" time="0.133" timestamp="2025-04-30T07:35:01.283" classname="WelfordReduction" />
    <testcase name="Test/dtype_double_redu_524288_iter_160_axis_0" value_param="(double, 524288, 160, 0)" file="/opt/pytorch/nvfuser/tests/cpp/test_gpu2.cpp" line="2511" status="run" result="completed" time="0.529" timestamp="2025-04-30T07:35:01.417" classname="WelfordReduction" />
    <testcase name="Test/dtype_double_redu_524288_iter_320_axis_1" value_param="(double, 524288, 320, 1)" file="/opt/pytorch/nvfuser/tests/cpp/test_gpu2.cpp" line="2511" status="run" result="completed" time="0.071" timestamp="2025-04-30T07:35:01.946" classname="WelfordReduction" />
    <testcase name="Test/dtype_double_redu_1048576_iter_320_axis_0" value_param="(double, 1048576, 320, 0)" file="/opt/pytorch/nvfuser/tests/cpp/test_gpu2.cpp" line="2511" status="run" result="completed" time="0.753" timestamp="2025-04-30T07:35:02.018" classname="WelfordReduction" />
    <testcase name="Test/dtype_float_redu_1_iter_160_axis_1" value_param="(float, 1, 160, 1)" file="/opt/pytorch/nvfuser/tests/cpp/test_gpu2.cpp" line="2511" status="run" result="completed" time="0.123" timestamp="2025-04-30T07:35:02.771" classname="WelfordReduction" />
    <testcase name="Test/dtype_float_redu_2_iter_160_axis_0" value_param="(float, 2, 160, 0)" file="/opt/pytorch/nvfuser/tests/cpp/test_gpu2.cpp" line="2511" status="run" result="completed" time="0.2" timestamp="2025-04-30T07:35:02.894" classname="WelfordReduction" />
    <testcase name="Test/dtype_float_redu_2_iter_320_axis_1" value_param="(float, 2, 320, 1)" file="/opt/pytorch/nvfuser/tests/cpp/test_gpu2.cpp" line="2511" status="run" result="completed" time="0.119" timestamp="2025-04-30T07:35:03.095" classname="WelfordReduction" />
    <testcase name="Test/dtype_float_redu_4_iter_320_axis_0" value_param="(float, 4, 320, 0)" file="/opt/pytorch/nvfuser/tests/cpp/test_gpu2.cpp" line="2511" status="run" result="completed" time="0.252" timestamp="2025-04-30T07:35:03.214" classname="WelfordReduction" />
    <testcase name="Test/dtype_float_redu_8_iter_160_axis_1" value_param="(float, 8, 160, 1)" file="/opt/pytorch/nvfuser/tests/cpp/test_gpu2.cpp" line="2511" status="run" result="completed" time="0.066" timestamp="2025-04-30T07:35:03.467" classname="WelfordReduction" />
    <testcase name="Test/dtype_float_redu_16_iter_160_axis_0" value_param="(float, 16, 160, 0)" file="/opt/pytorch/nvfuser/tests/cpp/test_gpu2.cpp" line="2511" status="run" result="completed" time="0.326" timestamp="2025-04-30T07:35:03.533" classname="WelfordReduction" />
    <testcase name="Test/dtype_float_redu_16_iter_320_axis_1" value_param="(float, 16, 320, 1)" file="/opt/pytorch/nvfuser/tests/cpp/test_gpu2.cpp" line="2511" status="run" result="completed" time="0.066" timestamp="2025-04-30T07:35:03.860" classname="WelfordReduction" />
    <testcase name="Test/dtype_float_redu_32_iter_320_axis_0" value_param="(float, 32, 320, 0)" file="/opt/pytorch/nvfuser/tests/cpp/test_gpu2.cpp" line="2511" status="run" result="completed" time="0.401" timestamp="2025-04-30T07:35:03.927" classname="WelfordReduction" />
    <testcase name="Test/dtype_float_redu_64_iter_160_axis_1" value_param="(float, 64, 160, 1)" file="/opt/pytorch/nvfuser/tests/cpp/test_gpu2.cpp" line="2511" status="run" result="completed" time="0.118" timestamp="2025-04-30T07:35:04.328" classname="WelfordReduction" />
    <testcase name="Test/dtype_float_redu_128_iter_160_axis_0" value_param="(float, 128, 160, 0)" file="/opt/pytorch/nvfuser/tests/cpp/test_gpu2.cpp" line="2511" status="run" result="completed" time="0.587" timestamp="2025-04-30T07:35:04.447" classname="WelfordReduction" />
    <testcase name="Test/dtype_float_redu_128_iter_320_axis_1" value_param="(float, 128, 320, 1)" file="/opt/pytorch/nvfuser/tests/cpp/test_gpu2.cpp" line="2511" status="run" result="completed" time="0.119" timestamp="2025-04-30T07:35:05.034" classname="WelfordReduction" />
    <testcase name="Test/dtype_float_redu_256_iter_320_axis_0" value_param="(float, 256, 320, 0)" file="/opt/pytorch/nvfuser/tests/cpp/test_gpu2.cpp" line="2511" status="run" result="completed" time="0.4" timestamp="2025-04-30T07:35:05.154" classname="WelfordReduction" />
    <testcase name="Test/dtype_float_redu_512_iter_160_axis_1" value_param="(float, 512, 160, 1)" file="/opt/pytorch/nvfuser/tests/cpp/test_gpu2.cpp" line="2511" status="run" result="completed" time="0.153" timestamp="2025-04-30T07:35:05.554" classname="WelfordReduction" />
    <testcase name="Test/dtype_float_redu_1024_iter_160_axis_0" value_param="(float, 1024, 160, 0)" file="/opt/pytorch/nvfuser/tests/cpp/test_gpu2.cpp" line="2511" status="run" result="completed" time="0.59" timestamp="2025-04-30T07:35:05.708" classname="WelfordReduction" />
    <testcase name="Test/dtype_float_redu_1024_iter_320_axis_1" value_param="(float, 1024, 320, 1)" file="/opt/pytorch/nvfuser/tests/cpp/test_gpu2.cpp" line="2511" status="run" result="completed" time="0.154" timestamp="2025-04-30T07:35:06.299" classname="WelfordReduction" />
    <testcase name="Test/dtype_float_redu_2048_iter_320_axis_0" value_param="(float, 2048, 320, 0)" file="/opt/pytorch/nvfuser/tests/cpp/test_gpu2.cpp" line="2511" status="run" result="completed" time="0.281" timestamp="2025-04-30T07:35:06.453" classname="WelfordReduction" />
    <testcase name="Test/dtype_float_redu_4096_iter_160_axis_1" value_param="(float, 4096, 160, 1)" file="/opt/pytorch/nvfuser/tests/cpp/test_gpu2.cpp" line="2511" status="run" result="completed" time="0.14" timestamp="2025-04-30T07:35:06.734" classname="WelfordReduction" />
    <testcase name="Test/dtype_float_redu_8192_iter_160_axis_0" value_param="(float, 8192, 160, 0)" file="/opt/pytorch/nvfuser/tests/cpp/test_gpu2.cpp" line="2511" status="run" result="completed" time="0.714" timestamp="2025-04-30T07:35:06.874" classname="WelfordReduction" />
    <testcase name="Test/dtype_float_redu_8192_iter_320_axis_1" value_param="(float, 8192, 320, 1)" file="/opt/pytorch/nvfuser/tests/cpp/test_gpu2.cpp" line="2511" status="run" result="completed" time="0.141" timestamp="2025-04-30T07:35:07.588" classname="WelfordReduction" />
    <testcase name="Test/dtype_float_redu_16384_iter_320_axis_0" value_param="(float, 16384, 320, 0)" file="/opt/pytorch/nvfuser/tests/cpp/test_gpu2.cpp" line="2511" status="run" result="completed" time="1.109" timestamp="2025-04-30T07:35:07.730" classname="WelfordReduction" />
    <testcase name="Test/dtype_float_redu_32768_iter_160_axis_1" value_param="(float, 32768, 160, 1)" file="/opt/pytorch/nvfuser/tests/cpp/test_gpu2.cpp" line="2511" status="run" result="completed" time="0.141" timestamp="2025-04-30T07:35:08.839" classname="WelfordReduction" />
    <testcase name="Test/dtype_float_redu_65536_iter_160_axis_0" value_param="(float, 65536, 160, 0)" file="/opt/pytorch/nvfuser/tests/cpp/test_gpu2.cpp" line="2511" status="run" result="completed" time="0.709" timestamp="2025-04-30T07:35:08.981" classname="WelfordReduction" />
    <testcase name="Test/dtype_float_redu_65536_iter_320_axis_1" value_param="(float, 65536, 320, 1)" file="/opt/pytorch/nvfuser/tests/cpp/test_gpu2.cpp" line="2511" status="run" result="completed" time="0.14" timestamp="2025-04-30T07:35:09.691" classname="WelfordReduction" />
    <testcase name="Test/dtype_float_redu_131072_iter_320_axis_0" value_param="(float, 131072, 320, 0)" file="/opt/pytorch/nvfuser/tests/cpp/test_gpu2.cpp" line="2511" status="run" result="completed" time="0.19" timestamp="2025-04-30T07:35:09.831" classname="WelfordReduction" />
    <testcase name="Test/dtype_float_redu_262144_iter_160_axis_1" value_param="(float, 262144, 160, 1)" file="/opt/pytorch/nvfuser/tests/cpp/test_gpu2.cpp" line="2511" status="run" result="completed" time="0.14" timestamp="2025-04-30T07:35:10.022" classname="WelfordReduction" />
    <testcase name="Test/dtype_float_redu_524288_iter_160_axis_0" value_param="(float, 524288, 160, 0)" file="/opt/pytorch/nvfuser/tests/cpp/test_gpu2.cpp" line="2511" status="run" result="completed" time="0.73" timestamp="2025-04-30T07:35:10.163" classname="WelfordReduction" />
    <testcase name="Test/dtype_float_redu_524288_iter_320_axis_1" value_param="(float, 524288, 320, 1)" file="/opt/pytorch/nvfuser/tests/cpp/test_gpu2.cpp" line="2511" status="run" result="completed" time="0.07" timestamp="2025-04-30T07:35:10.893" classname="WelfordReduction" />
    <testcase name="Test/dtype_float_redu_1048576_iter_320_axis_0" value_param="(float, 1048576, 320, 0)" file="/opt/pytorch/nvfuser/tests/cpp/test_gpu2.cpp" line="2511" status="run" result="completed" time="0.714" timestamp="2025-04-30T07:35:10.963" classname="WelfordReduction" />
    <testcase name="Test/dtype___half_redu_1_iter_160_axis_1" value_param="(__half, 1, 160, 1)" file="/opt/pytorch/nvfuser/tests/cpp/test_gpu2.cpp" line="2511" status="run" result="completed" time="0.129" timestamp="2025-04-30T07:35:11.678" classname="WelfordReduction" />
    <testcase name="Test/dtype___half_redu_2_iter_160_axis_0" value_param="(__half, 2, 160, 0)" file="/opt/pytorch/nvfuser/tests/cpp/test_gpu2.cpp" line="2511" status="run" result="completed" time="0.209" timestamp="2025-04-30T07:35:11.807" classname="WelfordReduction" />
    <testcase name="Test/dtype___half_redu_2_iter_320_axis_1" value_param="(__half, 2, 320, 1)" file="/opt/pytorch/nvfuser/tests/cpp/test_gpu2.cpp" line="2511" status="run" result="completed" time="0.125" timestamp="2025-04-30T07:35:12.017" classname="WelfordReduction" />
    <testcase name="Test/dtype___half_redu_4_iter_320_axis_0" value_param="(__half, 4, 320, 0)" file="/opt/pytorch/nvfuser/tests/cpp/test_gpu2.cpp" line="2511" status="run" result="completed" time="0.27" timestamp="2025-04-30T07:35:12.142" classname="WelfordReduction" />
    <testcase name="Test/dtype___half_redu_8_iter_160_axis_1" value_param="(__half, 8, 160, 1)" file="/opt/pytorch/nvfuser/tests/cpp/test_gpu2.cpp" line="2511" status="run" result="completed" time="0.071" timestamp="2025-04-30T07:35:12.413" classname="WelfordReduction" />
    <testcase name="Test/dtype___half_redu_16_iter_160_axis_0" value_param="(__half, 16, 160, 0)" file="/opt/pytorch/nvfuser/tests/cpp/test_gpu2.cpp" line="2511" status="run" result="completed" time="0.344" timestamp="2025-04-30T07:35:12.484" classname="WelfordReduction" />
    <testcase name="Test/dtype___half_redu_16_iter_320_axis_1" value_param="(__half, 16, 320, 1)" file="/opt/pytorch/nvfuser/tests/cpp/test_gpu2.cpp" line="2511" status="run" result="completed" time="0.071" timestamp="2025-04-30T07:35:12.829" classname="WelfordReduction" />
    <testcase name="Test/dtype___half_redu_32_iter_320_axis_0" value_param="(__half, 32, 320, 0)" file="/opt/pytorch/nvfuser/tests/cpp/test_gpu2.cpp" line="2511" status="run" result="completed" time="0.419" timestamp="2025-04-30T07:35:12.900" classname="WelfordReduction" />
    <testcase name="Test/dtype___half_redu_64_iter_160_axis_1" value_param="(__half, 64, 160, 1)" file="/opt/pytorch/nvfuser/tests/cpp/test_gpu2.cpp" line="2511" status="run" result="completed" time="0.126" timestamp="2025-04-30T07:35:13.320" classname="WelfordReduction" />
    <testcase name="Test/dtype___half_redu_128_iter_160_axis_0" value_param="(__half, 128, 160, 0)" file="/opt/pytorch/nvfuser/tests/cpp/test_gpu2.cpp" line="2511" status="run" result="completed" time="0.615" timestamp="2025-04-30T07:35:13.447" classname="WelfordReduction" />
    <testcase name="Test/dtype___half_redu_128_iter_320_axis_1" value_param="(__half, 128, 320, 1)" file="/opt/pytorch/nvfuser/tests/cpp/test_gpu2.cpp" line="2511" status="run" result="completed" time="0.126" timestamp="2025-04-30T07:35:14.063" classname="WelfordReduction" />
    <testcase name="Test/dtype___half_redu_256_iter_320_axis_0" value_param="(__half, 256, 320, 0)" file="/opt/pytorch/nvfuser/tests/cpp/test_gpu2.cpp" line="2511" status="run" result="completed" time="0.42" timestamp="2025-04-30T07:35:14.189" classname="WelfordReduction" />
    <testcase name="Test/dtype___half_redu_512_iter_160_axis_1" value_param="(__half, 512, 160, 1)" file="/opt/pytorch/nvfuser/tests/cpp/test_gpu2.cpp" line="2511" status="run" result="completed" time="0.161" timestamp="2025-04-30T07:35:14.609" classname="WelfordReduction" />
    <testcase name="Test/dtype___half_redu_1024_iter_160_axis_0" value_param="(__half, 1024, 160, 0)" file="/opt/pytorch/nvfuser/tests/cpp/test_gpu2.cpp" line="2511" status="run" result="completed" time="0.615" timestamp="2025-04-30T07:35:14.771" classname="WelfordReduction" />
    <testcase name="Test/dtype___half_redu_1024_iter_320_axis_1" value_param="(__half, 1024, 320, 1)" file="/opt/pytorch/nvfuser/tests/cpp/test_gpu2.cpp" line="2511" status="run" result="completed" time="0.178" timestamp="2025-04-30T07:35:15.387" classname="WelfordReduction" />
    <testcase name="Test/dtype___half_redu_2048_iter_320_axis_0" value_param="(__half, 2048, 320, 0)" file="/opt/pytorch/nvfuser/tests/cpp/test_gpu2.cpp" line="2511" status="run" result="completed" time="0.297" timestamp="2025-04-30T07:35:15.566" classname="WelfordReduction" />
    <testcase name="Test/dtype___half_redu_4096_iter_160_axis_1" value_param="(__half, 4096, 160, 1)" file="/opt/pytorch/nvfuser/tests/cpp/test_gpu2.cpp" line="2511" status="run" result="completed" time="0.166" timestamp="2025-04-30T07:35:15.863" classname="WelfordReduction" />
    <testcase name="Test/dtype___half_redu_8192_iter_160_axis_0" value_param="(__half, 8192, 160, 0)" file="/opt/pytorch/nvfuser/tests/cpp/test_gpu2.cpp" line="2511" status="run" result="completed" time="0.734" timestamp="2025-04-30T07:35:16.029" classname="WelfordReduction" />
    <testcase name="Test/dtype___half_redu_8192_iter_320_axis_1" value_param="(__half, 8192, 320, 1)" file="/opt/pytorch/nvfuser/tests/cpp/test_gpu2.cpp" line="2511" status="run" result="completed" time="0.165" timestamp="2025-04-30T07:35:16.764" classname="WelfordReduction" />
    <testcase name="Test/dtype___half_redu_16384_iter_320_axis_0" value_param="(__half, 16384, 320, 0)" file="/opt/pytorch/nvfuser/tests/cpp/test_gpu2.cpp" line="2511" status="run" result="completed" time="1.137" timestamp="2025-04-30T07:35:16.930" classname="WelfordReduction" />
    <testcase name="Test/dtype___half_redu_32768_iter_160_axis_1" value_param="(__half, 32768, 160, 1)" file="/opt/pytorch/nvfuser/tests/cpp/test_gpu2.cpp" line="2511" status="run" result="completed" time="0.165" timestamp="2025-04-30T07:35:18.067" classname="WelfordReduction" />
    <testcase name="Test/dtype___half_redu_65536_iter_160_axis_0" value_param="(__half, 65536, 160, 0)" file="/opt/pytorch/nvfuser/tests/cpp/test_gpu2.cpp" line="2511" status="run" result="skipped" time="0." timestamp="2025-04-30T07:35:18.233" classname="WelfordReduction">
      <skipped message="/opt/pytorch/nvfuser/tests/cpp/test_gpu2.cpp:2524&#x0A;Skipping large reduction dims (65536) for half and bfloat16&#x0A;"><![CDATA[/opt/pytorch/nvfuser/tests/cpp/test_gpu2.cpp:2524
Skipping large reduction dims (65536) for half and bfloat16
]]></skipped>
    </testcase>
    <testcase name="Test/dtype___half_redu_65536_iter_320_axis_1" value_param="(__half, 65536, 320, 1)" file="/opt/pytorch/nvfuser/tests/cpp/test_gpu2.cpp" line="2511" status="run" result="skipped" time="0." timestamp="2025-04-30T07:35:18.233" classname="WelfordReduction">
      <skipped message="/opt/pytorch/nvfuser/tests/cpp/test_gpu2.cpp:2524&#x0A;Skipping large reduction dims (65536) for half and bfloat16&#x0A;"><![CDATA[/opt/pytorch/nvfuser/tests/cpp/test_gpu2.cpp:2524
Skipping large reduction dims (65536) for half and bfloat16
]]></skipped>
    </testcase>
    <testcase name="Test/dtype___half_redu_131072_iter_320_axis_0" value_param="(__half, 131072, 320, 0)" file="/opt/pytorch/nvfuser/tests/cpp/test_gpu2.cpp" line="2511" status="run" result="skipped" time="0." timestamp="2025-04-30T07:35:18.233" classname="WelfordReduction">
      <skipped message="/opt/pytorch/nvfuser/tests/cpp/test_gpu2.cpp:2524&#x0A;Skipping large reduction dims (131072) for half and bfloat16&#x0A;"><![CDATA[/opt/pytorch/nvfuser/tests/cpp/test_gpu2.cpp:2524
Skipping large reduction dims (131072) for half and bfloat16
]]></skipped>
    </testcase>
    <testcase name="Test/dtype___half_redu_262144_iter_160_axis_1" value_param="(__half, 262144, 160, 1)" file="/opt/pytorch/nvfuser/tests/cpp/test_gpu2.cpp" line="2511" status="run" result="skipped" time="0." timestamp="2025-04-30T07:35:18.233" classname="WelfordReduction">
      <skipped message="/opt/pytorch/nvfuser/tests/cpp/test_gpu2.cpp:2524&#x0A;Skipping large reduction dims (262144) for half and bfloat16&#x0A;"><![CDATA[/opt/pytorch/nvfuser/tests/cpp/test_gpu2.cpp:2524
Skipping large reduction dims (262144) for half and bfloat16
]]></skipped>
    </testcase>
    <testcase name="Test/dtype___half_redu_524288_iter_160_axis_0" value_param="(__half, 524288, 160, 0)" file="/opt/pytorch/nvfuser/tests/cpp/test_gpu2.cpp" line="2511" status="run" result="skipped" time="0." timestamp="2025-04-30T07:35:18.233" classname="WelfordReduction">
      <skipped message="/opt/pytorch/nvfuser/tests/cpp/test_gpu2.cpp:2524&#x0A;Skipping large reduction dims (524288) for half and bfloat16&#x0A;"><![CDATA[/opt/pytorch/nvfuser/tests/cpp/test_gpu2.cpp:2524
Skipping large reduction dims (524288) for half and bfloat16
]]></skipped>
    </testcase>
    <testcase name="Test/dtype___half_redu_524288_iter_320_axis_1" value_param="(__half, 524288, 320, 1)" file="/opt/pytorch/nvfuser/tests/cpp/test_gpu2.cpp" line="2511" status="run" result="skipped" time="0." timestamp="2025-04-30T07:35:18.233" classname="WelfordReduction">
      <skipped message="/opt/pytorch/nvfuser/tests/cpp/test_gpu2.cpp:2524&#x0A;Skipping large reduction dims (524288) for half and bfloat16&#x0A;"><![CDATA[/opt/pytorch/nvfuser/tests/cpp/test_gpu2.cpp:2524
Skipping large reduction dims (524288) for half and bfloat16
]]></skipped>
    </testcase>
    <testcase name="Test/dtype___half_redu_1048576_iter_320_axis_0" value_param="(__half, 1048576, 320, 0)" file="/opt/pytorch/nvfuser/tests/cpp/test_gpu2.cpp" line="2511" status="run" result="skipped" time="0." timestamp="2025-04-30T07:35:18.233" classname="WelfordReduction">
      <skipped message="/opt/pytorch/nvfuser/tests/cpp/test_gpu2.cpp:2524&#x0A;Skipping large reduction dims (1048576) for half and bfloat16&#x0A;"><![CDATA[/opt/pytorch/nvfuser/tests/cpp/test_gpu2.cpp:2524
Skipping large reduction dims (1048576) for half and bfloat16
]]></skipped>
    </testcase>
    <testcase name="Test/dtype_std__complex_float__redu_1_iter_160_axis_1" value_param="(std::complex&lt;float&gt;, 1, 160, 1)" file="/opt/pytorch/nvfuser/tests/cpp/test_gpu2.cpp" line="2511" status="run" result="completed" time="0.17" timestamp="2025-04-30T07:35:18.233" classname="WelfordReduction" />
    <testcase name="Test/dtype_std__complex_float__redu_2_iter_160_axis_0" value_param="(std::complex&lt;float&gt;, 2, 160, 0)" file="/opt/pytorch/nvfuser/tests/cpp/test_gpu2.cpp" line="2511" status="run" result="completed" time="0.29" timestamp="2025-04-30T07:35:18.404" classname="WelfordReduction" />
    <testcase name="Test/dtype_std__complex_float__redu_2_iter_320_axis_1" value_param="(std::complex&lt;float&gt;, 2, 320, 1)" file="/opt/pytorch/nvfuser/tests/cpp/test_gpu2.cpp" line="2511" status="run" result="completed" time="0.17" timestamp="2025-04-30T07:35:18.695" classname="WelfordReduction" />
    <testcase name="Test/dtype_std__complex_float__redu_4_iter_320_axis_0" value_param="(std::complex&lt;float&gt;, 4, 320, 0)" file="/opt/pytorch/nvfuser/tests/cpp/test_gpu2.cpp" line="2511" status="run" result="completed" time="0.383" timestamp="2025-04-30T07:35:18.866" classname="WelfordReduction" />
    <testcase name="Test/dtype_std__complex_float__redu_8_iter_160_axis_1" value_param="(std::complex&lt;float&gt;, 8, 160, 1)" file="/opt/pytorch/nvfuser/tests/cpp/test_gpu2.cpp" line="2511" status="run" result="completed" time="0.17" timestamp="2025-04-30T07:35:19.249" classname="WelfordReduction" />
    <testcase name="Test/dtype_std__complex_float__redu_16_iter_160_axis_0" value_param="(std::complex&lt;float&gt;, 16, 160, 0)" file="/opt/pytorch/nvfuser/tests/cpp/test_gpu2.cpp" line="2511" status="run" result="completed" time="0.71" timestamp="2025-04-30T07:35:19.419" classname="WelfordReduction" />
    <testcase name="Test/dtype_std__complex_float__redu_16_iter_320_axis_1" value_param="(std::complex&lt;float&gt;, 16, 320, 1)" file="/opt/pytorch/nvfuser/tests/cpp/test_gpu2.cpp" line="2511" status="run" result="completed" time="0.175" timestamp="2025-04-30T07:35:20.129" classname="WelfordReduction" />
    <testcase name="Test/dtype_std__complex_float__redu_32_iter_320_axis_0" value_param="(std::complex&lt;float&gt;, 32, 320, 0)" file="/opt/pytorch/nvfuser/tests/cpp/test_gpu2.cpp" line="2511" status="run" result="completed" time="0.663" timestamp="2025-04-30T07:35:20.305" classname="WelfordReduction" />
    <testcase name="Test/dtype_std__complex_float__redu_64_iter_160_axis_1" value_param="(std::complex&lt;float&gt;, 64, 160, 1)" file="/opt/pytorch/nvfuser/tests/cpp/test_gpu2.cpp" line="2511" status="run" result="completed" time="0.171" timestamp="2025-04-30T07:35:20.969" classname="WelfordReduction" />
    <testcase name="Test/dtype_std__complex_float__redu_128_iter_160_axis_0" value_param="(std::complex&lt;float&gt;, 128, 160, 0)" file="/opt/pytorch/nvfuser/tests/cpp/test_gpu2.cpp" line="2511" status="run" result="completed" time="0.801" timestamp="2025-04-30T07:35:21.141" classname="WelfordReduction" />
    <testcase name="Test/dtype_std__complex_float__redu_128_iter_320_axis_1" value_param="(std::complex&lt;float&gt;, 128, 320, 1)" file="/opt/pytorch/nvfuser/tests/cpp/test_gpu2.cpp" line="2511" status="run" result="completed" time="0.091" timestamp="2025-04-30T07:35:21.943" classname="WelfordReduction" />
    <testcase name="Test/dtype_std__complex_float__redu_256_iter_320_axis_0" value_param="(std::complex&lt;float&gt;, 256, 320, 0)" file="/opt/pytorch/nvfuser/tests/cpp/test_gpu2.cpp" line="2511" status="run" result="completed" time="0.665" timestamp="2025-04-30T07:35:22.034" classname="WelfordReduction" />
    <testcase name="Test/dtype_std__complex_float__redu_512_iter_160_axis_1" value_param="(std::complex&lt;float&gt;, 512, 160, 1)" file="/opt/pytorch/nvfuser/tests/cpp/test_gpu2.cpp" line="2511" status="run" result="completed" time="0.22" timestamp="2025-04-30T07:35:22.699" classname="WelfordReduction" />
    <testcase name="Test/dtype_std__complex_float__redu_1024_iter_160_axis_0" value_param="(std::complex&lt;float&gt;, 1024, 160, 0)" file="/opt/pytorch/nvfuser/tests/cpp/test_gpu2.cpp" line="2511" status="run" result="completed" time="0.798" timestamp="2025-04-30T07:35:22.920" classname="WelfordReduction" />
    <testcase name="Test/dtype_std__complex_float__redu_1024_iter_320_axis_1" value_param="(std::complex&lt;float&gt;, 1024, 320, 1)" file="/opt/pytorch/nvfuser/tests/cpp/test_gpu2.cpp" line="2511" status="run" result="completed" time="0.198" timestamp="2025-04-30T07:35:23.718" classname="WelfordReduction" />
    <testcase name="Test/dtype_std__complex_float__redu_2048_iter_320_axis_0" value_param="(std::complex&lt;float&gt;, 2048, 320, 0)" file="/opt/pytorch/nvfuser/tests/cpp/test_gpu2.cpp" line="2511" status="run" result="completed" time="1.28" timestamp="2025-04-30T07:35:23.916" classname="WelfordReduction" />
    <testcase name="Test/dtype_std__complex_float__redu_4096_iter_160_axis_1" value_param="(std::complex&lt;float&gt;, 4096, 160, 1)" file="/opt/pytorch/nvfuser/tests/cpp/test_gpu2.cpp" line="2511" status="run" result="completed" time="0.198" timestamp="2025-04-30T07:35:25.197" classname="WelfordReduction" />
    <testcase name="Test/dtype_std__complex_float__redu_8192_iter_160_axis_0" value_param="(std::complex&lt;float&gt;, 8192, 160, 0)" file="/opt/pytorch/nvfuser/tests/cpp/test_gpu2.cpp" line="2511" status="run" result="completed" time="1.283" timestamp="2025-04-30T07:35:25.396" classname="WelfordReduction" />
    <testcase name="Test/dtype_std__complex_float__redu_8192_iter_320_axis_1" value_param="(std::complex&lt;float&gt;, 8192, 320, 1)" file="/opt/pytorch/nvfuser/tests/cpp/test_gpu2.cpp" line="2511" status="run" result="completed" time="0.2" timestamp="2025-04-30T07:35:26.680" classname="WelfordReduction" />
    <testcase name="Test/dtype_std__complex_float__redu_16384_iter_320_axis_0" value_param="(std::complex&lt;float&gt;, 16384, 320, 0)" file="/opt/pytorch/nvfuser/tests/cpp/test_gpu2.cpp" line="2511" status="run" result="completed" time="1.28" timestamp="2025-04-30T07:35:26.880" classname="WelfordReduction" />
    <testcase name="Test/dtype_std__complex_float__redu_32768_iter_160_axis_1" value_param="(std::complex&lt;float&gt;, 32768, 160, 1)" file="/opt/pytorch/nvfuser/tests/cpp/test_gpu2.cpp" line="2511" status="run" result="completed" time="0.201" timestamp="2025-04-30T07:35:28.160" classname="WelfordReduction" />
    <testcase name="Test/dtype_std__complex_float__redu_65536_iter_160_axis_0" value_param="(std::complex&lt;float&gt;, 65536, 160, 0)" file="/opt/pytorch/nvfuser/tests/cpp/test_gpu2.cpp" line="2511" status="run" result="completed" time="1.019" timestamp="2025-04-30T07:35:28.362" classname="WelfordReduction" />
    <testcase name="Test/dtype_std__complex_float__redu_65536_iter_320_axis_1" value_param="(std::complex&lt;float&gt;, 65536, 320, 1)" file="/opt/pytorch/nvfuser/tests/cpp/test_gpu2.cpp" line="2511" status="run" result="completed" time="0.199" timestamp="2025-04-30T07:35:29.382" classname="WelfordReduction" />
    <testcase name="Test/dtype_std__complex_float__redu_131072_iter_320_axis_0" value_param="(std::complex&lt;float&gt;, 131072, 320, 0)" file="/opt/pytorch/nvfuser/tests/cpp/test_gpu2.cpp" line="2511" status="run" result="completed" time="1.28" timestamp="2025-04-30T07:35:29.581" classname="WelfordReduction" />
    <testcase name="Test/dtype_std__complex_float__redu_262144_iter_160_axis_1" value_param="(std::complex&lt;float&gt;, 262144, 160, 1)" file="/opt/pytorch/nvfuser/tests/cpp/test_gpu2.cpp" line="2511" status="run" result="completed" time="0.199" timestamp="2025-04-30T07:35:30.862" classname="WelfordReduction" />
    <testcase name="Test/dtype_std__complex_float__redu_524288_iter_160_axis_0" value_param="(std::complex&lt;float&gt;, 524288, 160, 0)" file="/opt/pytorch/nvfuser/tests/cpp/test_gpu2.cpp" line="2511" status="run" result="completed" time="1.017" timestamp="2025-04-30T07:35:31.062" classname="WelfordReduction" />
    <testcase name="Test/dtype_std__complex_float__redu_524288_iter_320_axis_1" value_param="(std::complex&lt;float&gt;, 524288, 320, 1)" file="/opt/pytorch/nvfuser/tests/cpp/test_gpu2.cpp" line="2511" status="run" result="completed" time="0.201" timestamp="2025-04-30T07:35:32.079" classname="WelfordReduction" />
    <testcase name="Test/dtype_std__complex_float__redu_1048576_iter_320_axis_0" value_param="(std::complex&lt;float&gt;, 1048576, 320, 0)" file="/opt/pytorch/nvfuser/tests/cpp/test_gpu2.cpp" line="2511" status="run" result="completed" time="1.292" timestamp="2025-04-30T07:35:32.281" classname="WelfordReduction" />
    <testcase name="Test/dtype_std__complex_double__redu_1_iter_160_axis_1" value_param="(std::complex&lt;double&gt;, 1, 160, 1)" file="/opt/pytorch/nvfuser/tests/cpp/test_gpu2.cpp" line="2511" status="run" result="completed" time="0.183" timestamp="2025-04-30T07:35:33.573" classname="WelfordReduction" />
    <testcase name="Test/dtype_std__complex_double__redu_2_iter_160_axis_0" value_param="(std::complex&lt;double&gt;, 2, 160, 0)" file="/opt/pytorch/nvfuser/tests/cpp/test_gpu2.cpp" line="2511" status="run" result="completed" time="0.338" timestamp="2025-04-30T07:35:33.756" classname="WelfordReduction" />
    <testcase name="Test/dtype_std__complex_double__redu_2_iter_320_axis_1" value_param="(std::complex&lt;double&gt;, 2, 320, 1)" file="/opt/pytorch/nvfuser/tests/cpp/test_gpu2.cpp" line="2511" status="run" result="completed" time="0.178" timestamp="2025-04-30T07:35:34.095" classname="WelfordReduction" />
    <testcase name="Test/dtype_std__complex_double__redu_4_iter_320_axis_0" value_param="(std::complex&lt;double&gt;, 4, 320, 0)" file="/opt/pytorch/nvfuser/tests/cpp/test_gpu2.cpp" line="2511" status="run" result="completed" time="0.438" timestamp="2025-04-30T07:35:34.273" classname="WelfordReduction" />
    <testcase name="Test/dtype_std__complex_double__redu_8_iter_160_axis_1" value_param="(std::complex&lt;double&gt;, 8, 160, 1)" file="/opt/pytorch/nvfuser/tests/cpp/test_gpu2.cpp" line="2511" status="run" result="completed" time="0.09" timestamp="2025-04-30T07:35:34.711" classname="WelfordReduction" />
    <testcase name="Test/dtype_std__complex_double__redu_16_iter_160_axis_0" value_param="(std::complex&lt;double&gt;, 16, 160, 0)" file="/opt/pytorch/nvfuser/tests/cpp/test_gpu2.cpp" line="2511" status="run" result="completed" time="0.74" timestamp="2025-04-30T07:35:34.802" classname="WelfordReduction" />
    <testcase name="Test/dtype_std__complex_double__redu_16_iter_320_axis_1" value_param="(std::complex&lt;double&gt;, 16, 320, 1)" file="/opt/pytorch/nvfuser/tests/cpp/test_gpu2.cpp" line="2511" status="run" result="completed" time="0.178" timestamp="2025-04-30T07:35:35.543" classname="WelfordReduction" />
    <testcase name="Test/dtype_std__complex_double__redu_32_iter_320_axis_0" value_param="(std::complex&lt;double&gt;, 32, 320, 0)" file="/opt/pytorch/nvfuser/tests/cpp/test_gpu2.cpp" line="2511" status="run" result="completed" time="0.738" timestamp="2025-04-30T07:35:35.721" classname="WelfordReduction" />
    <testcase name="Test/dtype_std__complex_double__redu_64_iter_160_axis_1" value_param="(std::complex&lt;double&gt;, 64, 160, 1)" file="/opt/pytorch/nvfuser/tests/cpp/test_gpu2.cpp" line="2511" status="run" result="completed" time="0.177" timestamp="2025-04-30T07:35:36.460" classname="WelfordReduction" />
    <testcase name="Test/dtype_std__complex_double__redu_128_iter_160_axis_0" value_param="(std::complex&lt;double&gt;, 128, 160, 0)" file="/opt/pytorch/nvfuser/tests/cpp/test_gpu2.cpp" line="2511" status="run" result="completed" time="0.738" timestamp="2025-04-30T07:35:36.637" classname="WelfordReduction" />
    <testcase name="Test/dtype_std__complex_double__redu_128_iter_320_axis_1" value_param="(std::complex&lt;double&gt;, 128, 320, 1)" file="/opt/pytorch/nvfuser/tests/cpp/test_gpu2.cpp" line="2511" status="run" result="completed" time="0.179" timestamp="2025-04-30T07:35:37.375" classname="WelfordReduction" />
    <testcase name="Test/dtype_std__complex_double__redu_256_iter_320_axis_0" value_param="(std::complex&lt;double&gt;, 256, 320, 0)" file="/opt/pytorch/nvfuser/tests/cpp/test_gpu2.cpp" line="2511" status="run" result="completed" time="0.454" timestamp="2025-04-30T07:35:37.554" classname="WelfordReduction" />
    <testcase name="Test/dtype_std__complex_double__redu_512_iter_160_axis_1" value_param="(std::complex&lt;double&gt;, 512, 160, 1)" file="/opt/pytorch/nvfuser/tests/cpp/test_gpu2.cpp" line="2511" status="run" result="completed" time="0.243" timestamp="2025-04-30T07:35:38.009" classname="WelfordReduction" />
    <testcase name="Test/dtype_std__complex_double__redu_1024_iter_160_axis_0" value_param="(std::complex&lt;double&gt;, 1024, 160, 0)" file="/opt/pytorch/nvfuser/tests/cpp/test_gpu2.cpp" line="2511" status="run" result="completed" time="0.957" timestamp="2025-04-30T07:35:38.252" classname="WelfordReduction" />
    <testcase name="Test/dtype_std__complex_double__redu_1024_iter_320_axis_1" value_param="(std::complex&lt;double&gt;, 1024, 320, 1)" file="/opt/pytorch/nvfuser/tests/cpp/test_gpu2.cpp" line="2511" status="run" result="completed" time="0.227" timestamp="2025-04-30T07:35:39.209" classname="WelfordReduction" />
    <testcase name="Test/dtype_std__complex_double__redu_2048_iter_320_axis_0" value_param="(std::complex&lt;double&gt;, 2048, 320, 0)" file="/opt/pytorch/nvfuser/tests/cpp/test_gpu2.cpp" line="2511" status="run" result="completed" time="0.946" timestamp="2025-04-30T07:35:39.437" classname="WelfordReduction" />
    <testcase name="Test/dtype_std__complex_double__redu_4096_iter_160_axis_1" value_param="(std::complex&lt;double&gt;, 4096, 160, 1)" file="/opt/pytorch/nvfuser/tests/cpp/test_gpu2.cpp" line="2511" status="run" result="completed" time="0.222" timestamp="2025-04-30T07:35:40.384" classname="WelfordReduction" />
    <testcase name="Test/dtype_std__complex_double__redu_8192_iter_160_axis_0" value_param="(std::complex&lt;double&gt;, 8192, 160, 0)" file="/opt/pytorch/nvfuser/tests/cpp/test_gpu2.cpp" line="2511" status="run" result="completed" time="0.947" timestamp="2025-04-30T07:35:40.606" classname="WelfordReduction" />
    <testcase name="Test/dtype_std__complex_double__redu_8192_iter_320_axis_1" value_param="(std::complex&lt;double&gt;, 8192, 320, 1)" file="/opt/pytorch/nvfuser/tests/cpp/test_gpu2.cpp" line="2511" status="run" result="completed" time="0.221" timestamp="2025-04-30T07:35:41.554" classname="WelfordReduction" />
    <testcase name="Test/dtype_std__complex_double__redu_16384_iter_320_axis_0" value_param="(std::complex&lt;double&gt;, 16384, 320, 0)" file="/opt/pytorch/nvfuser/tests/cpp/test_gpu2.cpp" line="2511" status="run" result="completed" time="0.951" timestamp="2025-04-30T07:35:41.775" classname="WelfordReduction" />
    <testcase name="Test/dtype_std__complex_double__redu_32768_iter_160_axis_1" value_param="(std::complex&lt;double&gt;, 32768, 160, 1)" file="/opt/pytorch/nvfuser/tests/cpp/test_gpu2.cpp" line="2511" status="run" result="completed" time="0.222" timestamp="2025-04-30T07:35:42.727" classname="WelfordReduction" />
    <testcase name="Test/dtype_std__complex_double__redu_65536_iter_160_axis_0" value_param="(std::complex&lt;double&gt;, 65536, 160, 0)" file="/opt/pytorch/nvfuser/tests/cpp/test_gpu2.cpp" line="2511" status="run" result="completed" time="0.946" timestamp="2025-04-30T07:35:42.949" classname="WelfordReduction" />
    <testcase name="Test/dtype_std__complex_double__redu_65536_iter_320_axis_1" value_param="(std::complex&lt;double&gt;, 65536, 320, 1)" file="/opt/pytorch/nvfuser/tests/cpp/test_gpu2.cpp" line="2511" status="run" result="completed" time="0.22" timestamp="2025-04-30T07:35:43.896" classname="WelfordReduction" />
    <testcase name="Test/dtype_std__complex_double__redu_131072_iter_320_axis_0" value_param="(std::complex&lt;double&gt;, 131072, 320, 0)" file="/opt/pytorch/nvfuser/tests/cpp/test_gpu2.cpp" line="2511" status="run" result="completed" time="0.946" timestamp="2025-04-30T07:35:44.117" classname="WelfordReduction" />
    <testcase name="Test/dtype_std__complex_double__redu_262144_iter_160_axis_1" value_param="(std::complex&lt;double&gt;, 262144, 160, 1)" file="/opt/pytorch/nvfuser/tests/cpp/test_gpu2.cpp" line="2511" status="run" result="completed" time="0.222" timestamp="2025-04-30T07:35:45.063" classname="WelfordReduction" />
    <testcase name="Test/dtype_std__complex_double__redu_524288_iter_160_axis_0" value_param="(std::complex&lt;double&gt;, 524288, 160, 0)" file="/opt/pytorch/nvfuser/tests/cpp/test_gpu2.cpp" line="2511" status="run" result="completed" time="0.951" timestamp="2025-04-30T07:35:45.286" classname="WelfordReduction" />
    <testcase name="Test/dtype_std__complex_double__redu_524288_iter_320_axis_1" value_param="(std::complex&lt;double&gt;, 524288, 320, 1)" file="/opt/pytorch/nvfuser/tests/cpp/test_gpu2.cpp" line="2511" status="run" result="completed" time="0.232" timestamp="2025-04-30T07:35:46.237" classname="WelfordReduction" />
    <testcase name="Test/dtype_std__complex_double__redu_1048576_iter_320_axis_0" value_param="(std::complex&lt;double&gt;, 1048576, 320, 0)" file="/opt/pytorch/nvfuser/tests/cpp/test_gpu2.cpp" line="2511" status="run" result="completed" time="0.966" timestamp="2025-04-30T07:35:46.470" classname="WelfordReduction" />
    <testcase name="Test/dtype___bfloat_redu_1_iter_160_axis_1" value_param="(__bfloat, 1, 160, 1)" file="/opt/pytorch/nvfuser/tests/cpp/test_gpu2.cpp" line="2511" status="run" result="completed" time="0.133" timestamp="2025-04-30T07:35:47.436" classname="WelfordReduction" />
    <testcase name="Test/dtype___bfloat_redu_2_iter_160_axis_0" value_param="(__bfloat, 2, 160, 0)" file="/opt/pytorch/nvfuser/tests/cpp/test_gpu2.cpp" line="2511" status="run" result="completed" time="0.211" timestamp="2025-04-30T07:35:47.569" classname="WelfordReduction" />
    <testcase name="Test/dtype___bfloat_redu_2_iter_320_axis_1" value_param="(__bfloat, 2, 320, 1)" file="/opt/pytorch/nvfuser/tests/cpp/test_gpu2.cpp" line="2511" status="run" result="completed" time="0.126" timestamp="2025-04-30T07:35:47.781" classname="WelfordReduction" />
    <testcase name="Test/dtype___bfloat_redu_4_iter_320_axis_0" value_param="(__bfloat, 4, 320, 0)" file="/opt/pytorch/nvfuser/tests/cpp/test_gpu2.cpp" line="2511" status="run" result="completed" time="0.27" timestamp="2025-04-30T07:35:47.908" classname="WelfordReduction" />
    <testcase name="Test/dtype___bfloat_redu_8_iter_160_axis_1" value_param="(__bfloat, 8, 160, 1)" file="/opt/pytorch/nvfuser/tests/cpp/test_gpu2.cpp" line="2511" status="run" result="completed" time="0.125" timestamp="2025-04-30T07:35:48.179" classname="WelfordReduction" />
    <testcase name="Test/dtype___bfloat_redu_16_iter_160_axis_0" value_param="(__bfloat, 16, 160, 0)" file="/opt/pytorch/nvfuser/tests/cpp/test_gpu2.cpp" line="2511" status="run" result="completed" time="0.344" timestamp="2025-04-30T07:35:48.304" classname="WelfordReduction" />
    <testcase name="Test/dtype___bfloat_redu_16_iter_320_axis_1" value_param="(__bfloat, 16, 320, 1)" file="/opt/pytorch/nvfuser/tests/cpp/test_gpu2.cpp" line="2511" status="run" result="completed" time="0.071" timestamp="2025-04-30T07:35:48.649" classname="WelfordReduction" />
    <testcase name="Test/dtype___bfloat_redu_32_iter_320_axis_0" value_param="(__bfloat, 32, 320, 0)" file="/opt/pytorch/nvfuser/tests/cpp/test_gpu2.cpp" line="2511" status="run" result="completed" time="0.42" timestamp="2025-04-30T07:35:48.720" classname="WelfordReduction" />
    <testcase name="Test/dtype___bfloat_redu_64_iter_160_axis_1" value_param="(__bfloat, 64, 160, 1)" file="/opt/pytorch/nvfuser/tests/cpp/test_gpu2.cpp" line="2511" status="run" result="completed" time="0.126" timestamp="2025-04-30T07:35:49.141" classname="WelfordReduction" />
    <testcase name="Test/dtype___bfloat_redu_128_iter_160_axis_0" value_param="(__bfloat, 128, 160, 0)" file="/opt/pytorch/nvfuser/tests/cpp/test_gpu2.cpp" line="2511" status="run" result="completed" time="0.62" timestamp="2025-04-30T07:35:49.268" classname="WelfordReduction" />
    <testcase name="Test/dtype___bfloat_redu_128_iter_320_axis_1" value_param="(__bfloat, 128, 320, 1)" file="/opt/pytorch/nvfuser/tests/cpp/test_gpu2.cpp" line="2511" status="run" result="completed" time="0.072" timestamp="2025-04-30T07:35:49.888" classname="WelfordReduction" />
    <testcase name="Test/dtype___bfloat_redu_256_iter_320_axis_0" value_param="(__bfloat, 256, 320, 0)" file="/opt/pytorch/nvfuser/tests/cpp/test_gpu2.cpp" line="2511" status="run" result="completed" time="0.422" timestamp="2025-04-30T07:35:49.960" classname="WelfordReduction" />
    <testcase name="Test/dtype___bfloat_redu_512_iter_160_axis_1" value_param="(__bfloat, 512, 160, 1)" file="/opt/pytorch/nvfuser/tests/cpp/test_gpu2.cpp" line="2511" status="run" result="completed" time="0.16" timestamp="2025-04-30T07:35:50.382" classname="WelfordReduction" />
    <testcase name="Test/dtype___bfloat_redu_1024_iter_160_axis_0" value_param="(__bfloat, 1024, 160, 0)" file="/opt/pytorch/nvfuser/tests/cpp/test_gpu2.cpp" line="2511" status="run" result="completed" time="0.619" timestamp="2025-04-30T07:35:50.543" classname="WelfordReduction" />
    <testcase name="Test/dtype___bfloat_redu_1024_iter_320_axis_1" value_param="(__bfloat, 1024, 320, 1)" file="/opt/pytorch/nvfuser/tests/cpp/test_gpu2.cpp" line="2511" status="run" result="completed" time="0.18" timestamp="2025-04-30T07:35:51.163" classname="WelfordReduction" />
    <testcase name="Test/dtype___bfloat_redu_2048_iter_320_axis_0" value_param="(__bfloat, 2048, 320, 0)" file="/opt/pytorch/nvfuser/tests/cpp/test_gpu2.cpp" line="2511" status="run" result="completed" time="0.297" timestamp="2025-04-30T07:35:51.343" classname="WelfordReduction" />
    <testcase name="Test/dtype___bfloat_redu_4096_iter_160_axis_1" value_param="(__bfloat, 4096, 160, 1)" file="/opt/pytorch/nvfuser/tests/cpp/test_gpu2.cpp" line="2511" status="run" result="completed" time="0.165" timestamp="2025-04-30T07:35:51.641" classname="WelfordReduction" />
    <testcase name="Test/dtype___bfloat_redu_8192_iter_160_axis_0" value_param="(__bfloat, 8192, 160, 0)" file="/opt/pytorch/nvfuser/tests/cpp/test_gpu2.cpp" line="2511" status="run" result="completed" time="0.735" timestamp="2025-04-30T07:35:51.807" classname="WelfordReduction" />
    <testcase name="Test/dtype___bfloat_redu_8192_iter_320_axis_1" value_param="(__bfloat, 8192, 320, 1)" file="/opt/pytorch/nvfuser/tests/cpp/test_gpu2.cpp" line="2511" status="run" result="completed" time="0.165" timestamp="2025-04-30T07:35:52.542" classname="WelfordReduction" />
    <testcase name="Test/dtype___bfloat_redu_16384_iter_320_axis_0" value_param="(__bfloat, 16384, 320, 0)" file="/opt/pytorch/nvfuser/tests/cpp/test_gpu2.cpp" line="2511" status="run" result="completed" time="1.14" timestamp="2025-04-30T07:35:52.707" classname="WelfordReduction" />
    <testcase name="Test/dtype___bfloat_redu_32768_iter_160_axis_1" value_param="(__bfloat, 32768, 160, 1)" file="/opt/pytorch/nvfuser/tests/cpp/test_gpu2.cpp" line="2511" status="run" result="completed" time="0.165" timestamp="2025-04-30T07:35:53.848" classname="WelfordReduction" />
    <testcase name="Test/dtype___bfloat_redu_65536_iter_160_axis_0" value_param="(__bfloat, 65536, 160, 0)" file="/opt/pytorch/nvfuser/tests/cpp/test_gpu2.cpp" line="2511" status="run" result="skipped" time="0." timestamp="2025-04-30T07:35:54.014" classname="WelfordReduction">
      <skipped message="/opt/pytorch/nvfuser/tests/cpp/test_gpu2.cpp:2524&#x0A;Skipping large reduction dims (65536) for half and bfloat16&#x0A;"><![CDATA[/opt/pytorch/nvfuser/tests/cpp/test_gpu2.cpp:2524
Skipping large reduction dims (65536) for half and bfloat16
]]></skipped>
    </testcase>
    <testcase name="Test/dtype___bfloat_redu_65536_iter_320_axis_1" value_param="(__bfloat, 65536, 320, 1)" file="/opt/pytorch/nvfuser/tests/cpp/test_gpu2.cpp" line="2511" status="run" result="skipped" time="0." timestamp="2025-04-30T07:35:54.014" classname="WelfordReduction">
      <skipped message="/opt/pytorch/nvfuser/tests/cpp/test_gpu2.cpp:2524&#x0A;Skipping large reduction dims (65536) for half and bfloat16&#x0A;"><![CDATA[/opt/pytorch/nvfuser/tests/cpp/test_gpu2.cpp:2524
Skipping large reduction dims (65536) for half and bfloat16
]]></skipped>
    </testcase>
    <testcase name="Test/dtype___bfloat_redu_131072_iter_320_axis_0" value_param="(__bfloat, 131072, 320, 0)" file="/opt/pytorch/nvfuser/tests/cpp/test_gpu2.cpp" line="2511" status="run" result="skipped" time="0." timestamp="2025-04-30T07:35:54.014" classname="WelfordReduction">
      <skipped message="/opt/pytorch/nvfuser/tests/cpp/test_gpu2.cpp:2524&#x0A;Skipping large reduction dims (131072) for half and bfloat16&#x0A;"><![CDATA[/opt/pytorch/nvfuser/tests/cpp/test_gpu2.cpp:2524
Skipping large reduction dims (131072) for half and bfloat16
]]></skipped>
    </testcase>
    <testcase name="Test/dtype___bfloat_redu_262144_iter_160_axis_1" value_param="(__bfloat, 262144, 160, 1)" file="/opt/pytorch/nvfuser/tests/cpp/test_gpu2.cpp" line="2511" status="run" result="skipped" time="0." timestamp="2025-04-30T07:35:54.014" classname="WelfordReduction">
      <skipped message="/opt/pytorch/nvfuser/tests/cpp/test_gpu2.cpp:2524&#x0A;Skipping large reduction dims (262144) for half and bfloat16&#x0A;"><![CDATA[/opt/pytorch/nvfuser/tests/cpp/test_gpu2.cpp:2524
Skipping large reduction dims (262144) for half and bfloat16
]]></skipped>
    </testcase>
    <testcase name="Test/dtype___bfloat_redu_524288_iter_160_axis_0" value_param="(__bfloat, 524288, 160, 0)" file="/opt/pytorch/nvfuser/tests/cpp/test_gpu2.cpp" line="2511" status="run" result="skipped" time="0." timestamp="2025-04-30T07:35:54.014" classname="WelfordReduction">
      <skipped message="/opt/pytorch/nvfuser/tests/cpp/test_gpu2.cpp:2524&#x0A;Skipping large reduction dims (524288) for half and bfloat16&#x0A;"><![CDATA[/opt/pytorch/nvfuser/tests/cpp/test_gpu2.cpp:2524
Skipping large reduction dims (524288) for half and bfloat16
]]></skipped>
    </testcase>
    <testcase name="Test/dtype___bfloat_redu_524288_iter_320_axis_1" value_param="(__bfloat, 524288, 320, 1)" file="/opt/pytorch/nvfuser/tests/cpp/test_gpu2.cpp" line="2511" status="run" result="skipped" time="0." timestamp="2025-04-30T07:35:54.014" classname="WelfordReduction">
      <skipped message="/opt/pytorch/nvfuser/tests/cpp/test_gpu2.cpp:2524&#x0A;Skipping large reduction dims (524288) for half and bfloat16&#x0A;"><![CDATA[/opt/pytorch/nvfuser/tests/cpp/test_gpu2.cpp:2524
Skipping large reduction dims (524288) for half and bfloat16
]]></skipped>
    </testcase>
    <testcase name="Test/dtype___bfloat_redu_1048576_iter_320_axis_0" value_param="(__bfloat, 1048576, 320, 0)" file="/opt/pytorch/nvfuser/tests/cpp/test_gpu2.cpp" line="2511" status="run" result="skipped" time="0." timestamp="2025-04-30T07:35:54.014" classname="WelfordReduction">
      <skipped message="/opt/pytorch/nvfuser/tests/cpp/test_gpu2.cpp:2524&#x0A;Skipping large reduction dims (1048576) for half and bfloat16&#x0A;"><![CDATA[/opt/pytorch/nvfuser/tests/cpp/test_gpu2.cpp:2524
Skipping large reduction dims (1048576) for half and bfloat16
]]></skipped>
    </testcase>
  </testsuite>
  <testsuite name="AdvancedIndexingTest" tests="13" failures="0" disabled="0" skipped="0" errors="0" time="2.429" timestamp="2025-04-30T07:35:54.014">
    <testcase name="InlineBroadcast/IdModel" value_param="true" file="/opt/pytorch/nvfuser/tests/cpp/test_indexing_advanced.cpp" line="41" status="run" result="completed" time="0.139" timestamp="2025-04-30T07:35:54.014" classname="AdvancedIndexingTest" />
    <testcase name="2/Legacy" value_param="false" file="/opt/pytorch/nvfuser/tests/cpp/test_indexing_advanced.cpp" line="126" status="run" result="completed" time="0.168" timestamp="2025-04-30T07:35:54.153" classname="AdvancedIndexingTest" />
    <testcase name="3/IdModel" value_param="true" file="/opt/pytorch/nvfuser/tests/cpp/test_indexing_advanced.cpp" line="175" status="run" result="completed" time="0.107" timestamp="2025-04-30T07:35:54.322" classname="AdvancedIndexingTest" />
    <testcase name="5/Legacy" value_param="false" file="/opt/pytorch/nvfuser/tests/cpp/test_indexing_advanced.cpp" line="226" status="run" result="completed" time="0.111" timestamp="2025-04-30T07:35:54.430" classname="AdvancedIndexingTest" />
    <testcase name="6/IdModel" value_param="true" file="/opt/pytorch/nvfuser/tests/cpp/test_indexing_advanced.cpp" line="258" status="run" result="completed" time="0.263" timestamp="2025-04-30T07:35:54.542" classname="AdvancedIndexingTest" />
    <testcase name="8/Legacy" value_param="false" file="/opt/pytorch/nvfuser/tests/cpp/test_indexing_advanced.cpp" line="342" status="run" result="completed" time="0.819" timestamp="2025-04-30T07:35:54.806" classname="AdvancedIndexingTest" />
    <testcase name="9/IdModel" value_param="true" file="/opt/pytorch/nvfuser/tests/cpp/test_indexing_advanced.cpp" line="388" status="run" result="completed" time="0.166" timestamp="2025-04-30T07:35:55.625" classname="AdvancedIndexingTest" />
    <testcase name="11/Legacy" value_param="false" file="/opt/pytorch/nvfuser/tests/cpp/test_indexing_advanced.cpp" line="477" status="run" result="completed" time="0.072" timestamp="2025-04-30T07:35:55.792" classname="AdvancedIndexingTest" />
    <testcase name="12/IdModel" value_param="true" file="/opt/pytorch/nvfuser/tests/cpp/test_indexing_advanced.cpp" line="525" status="run" result="completed" time="0.191" timestamp="2025-04-30T07:35:55.864" classname="AdvancedIndexingTest" />
    <testcase name="14/Legacy" value_param="false" file="/opt/pytorch/nvfuser/tests/cpp/test_indexing_advanced.cpp" line="609" status="run" result="completed" time="0.066" timestamp="2025-04-30T07:35:56.056" classname="AdvancedIndexingTest" />
    <testcase name="15/IdModel" value_param="true" file="/opt/pytorch/nvfuser/tests/cpp/test_indexing_advanced.cpp" line="652" status="run" result="completed" time="0.116" timestamp="2025-04-30T07:35:56.123" classname="AdvancedIndexingTest" />
    <testcase name="17/Legacy" value_param="false" file="/opt/pytorch/nvfuser/tests/cpp/test_indexing_advanced.cpp" line="713" status="run" result="completed" time="0.116" timestamp="2025-04-30T07:35:56.239" classname="AdvancedIndexingTest" />
    <testcase name="18/IdModel" value_param="true" file="/opt/pytorch/nvfuser/tests/cpp/test_indexing_advanced.cpp" line="747" status="run" result="completed" time="0.087" timestamp="2025-04-30T07:35:56.356" classname="AdvancedIndexingTest" />
  </testsuite>
  <testsuite name="IndexPut" tests="3" failures="0" disabled="0" skipped="0" errors="0" time="0.19" timestamp="2025-04-30T07:35:56.444">
    <testcase name="AccumulateOpWithBroadcastIDs/0" value_param="24-byte object &lt;01-00 00-00 00-00 00-00 01-00 00-00 00-00 00-00 01-00 00-00 00-00 00-00&gt;" file="/opt/pytorch/nvfuser/tests/cpp/test_index_put.cpp" line="57" status="run" result="completed" time="0.059" timestamp="2025-04-30T07:35:56.444" classname="IndexPut" />
    <testcase name="AccumulateOpWithBroadcastIDs/3" value_param="24-byte object &lt;01-00 00-00 00-00 00-00 00-0E 00-00 00-00 00-00 B8-0B 00-00 00-00 00-00&gt;" file="/opt/pytorch/nvfuser/tests/cpp/test_index_put.cpp" line="57" status="run" result="completed" time="0.064" timestamp="2025-04-30T07:35:56.503" classname="IndexPut" />
    <testcase name="AccumulateOpWithBroadcastIDs/6" value_param="24-byte object &lt;00-04 00-00 00-00 00-00 00-0E 00-00 00-00 00-00 01-00 00-00 00-00 00-00&gt;" file="/opt/pytorch/nvfuser/tests/cpp/test_index_put.cpp" line="57" status="run" result="completed" time="0.066" timestamp="2025-04-30T07:35:56.568" classname="IndexPut" />
  </testsuite>
  <testsuite name="CacheGlobalLoads/MemoryTest" tests="1" failures="0" disabled="0" skipped="0" errors="0" time="0.067" timestamp="2025-04-30T07:35:56.634">
    <testcase name="LoadCache/Global" value_param="(Global, &quot;cg&quot;)" file="/opt/pytorch/nvfuser/tests/cpp/test_memory.cpp" line="48" status="run" result="completed" time="0.067" timestamp="2025-04-30T07:35:56.634" classname="CacheGlobalLoads/MemoryTest" />
  </testsuite>
  <testsuite name="TMASimpleLdstTest" tests="40" failures="0" disabled="0" skipped="0" errors="0" time="6.069" timestamp="2025-04-30T07:35:56.702">
    <testcase name="Load/2D_NoSwizzle___half" value_param="(NoSwizzle, __half, 2)" file="/opt/pytorch/nvfuser/tests/cpp/test_memory.cpp" line="467" status="run" result="completed" time="0.071" timestamp="2025-04-30T07:35:56.702" classname="TMASimpleLdstTest" />
    <testcase name="Load/5D_NoSwizzle___half" value_param="(NoSwizzle, __half, 5)" file="/opt/pytorch/nvfuser/tests/cpp/test_memory.cpp" line="467" status="run" result="completed" time="0.128" timestamp="2025-04-30T07:35:56.774" classname="TMASimpleLdstTest" />
    <testcase name="Load/3D_NoSwizzle_float" value_param="(NoSwizzle, float, 3)" file="/opt/pytorch/nvfuser/tests/cpp/test_memory.cpp" line="467" status="run" result="completed" time="0.083" timestamp="2025-04-30T07:35:56.902" classname="TMASimpleLdstTest" />
    <testcase name="Load/1D_NoSwizzle_double" value_param="(NoSwizzle, double, 1)" file="/opt/pytorch/nvfuser/tests/cpp/test_memory.cpp" line="467" status="run" result="completed" time="0.063" timestamp="2025-04-30T07:35:56.986" classname="TMASimpleLdstTest" />
    <testcase name="Load/4D_NoSwizzle_double" value_param="(NoSwizzle, double, 4)" file="/opt/pytorch/nvfuser/tests/cpp/test_memory.cpp" line="467" status="run" result="completed" time="0.098" timestamp="2025-04-30T07:35:57.049" classname="TMASimpleLdstTest" />
    <testcase name="Load/2D_128B___half" value_param="(128B, __half, 2)" file="/opt/pytorch/nvfuser/tests/cpp/test_memory.cpp" line="467" status="run" result="completed" time="0.103" timestamp="2025-04-30T07:35:57.147" classname="TMASimpleLdstTest" />
    <testcase name="Load/5D_128B___half" value_param="(128B, __half, 5)" file="/opt/pytorch/nvfuser/tests/cpp/test_memory.cpp" line="467" status="run" result="completed" time="0.275" timestamp="2025-04-30T07:35:57.251" classname="TMASimpleLdstTest" />
    <testcase name="Load/3D_128B_float" value_param="(128B, float, 3)" file="/opt/pytorch/nvfuser/tests/cpp/test_memory.cpp" line="467" status="run" result="completed" time="0.139" timestamp="2025-04-30T07:35:57.527" classname="TMASimpleLdstTest" />
    <testcase name="Load/1D_128B_double" value_param="(128B, double, 1)" file="/opt/pytorch/nvfuser/tests/cpp/test_memory.cpp" line="467" status="run" result="completed" time="0.074" timestamp="2025-04-30T07:35:57.667" classname="TMASimpleLdstTest" />
    <testcase name="Load/4D_128B_double" value_param="(128B, double, 4)" file="/opt/pytorch/nvfuser/tests/cpp/test_memory.cpp" line="467" status="run" result="completed" time="0.177" timestamp="2025-04-30T07:35:57.742" classname="TMASimpleLdstTest" />
    <testcase name="Load/2D_64B___half" value_param="(64B, __half, 2)" file="/opt/pytorch/nvfuser/tests/cpp/test_memory.cpp" line="467" status="run" result="completed" time="0.129" timestamp="2025-04-30T07:35:57.919" classname="TMASimpleLdstTest" />
    <testcase name="Load/5D_64B___half" value_param="(64B, __half, 5)" file="/opt/pytorch/nvfuser/tests/cpp/test_memory.cpp" line="467" status="run" result="completed" time="0.321" timestamp="2025-04-30T07:35:58.049" classname="TMASimpleLdstTest" />
    <testcase name="Load/3D_64B_float" value_param="(64B, float, 3)" file="/opt/pytorch/nvfuser/tests/cpp/test_memory.cpp" line="467" status="run" result="completed" time="0.184" timestamp="2025-04-30T07:35:58.370" classname="TMASimpleLdstTest" />
    <testcase name="Load/1D_64B_double" value_param="(64B, double, 1)" file="/opt/pytorch/nvfuser/tests/cpp/test_memory.cpp" line="467" status="run" result="completed" time="0.082" timestamp="2025-04-30T07:35:58.555" classname="TMASimpleLdstTest" />
    <testcase name="Load/4D_64B_double" value_param="(64B, double, 4)" file="/opt/pytorch/nvfuser/tests/cpp/test_memory.cpp" line="467" status="run" result="completed" time="0.21" timestamp="2025-04-30T07:35:58.638" classname="TMASimpleLdstTest" />
    <testcase name="Load/2D_32B___half" value_param="(32B, __half, 2)" file="/opt/pytorch/nvfuser/tests/cpp/test_memory.cpp" line="467" status="run" result="completed" time="0.129" timestamp="2025-04-30T07:35:58.849" classname="TMASimpleLdstTest" />
    <testcase name="Load/5D_32B___half" value_param="(32B, __half, 5)" file="/opt/pytorch/nvfuser/tests/cpp/test_memory.cpp" line="467" status="run" result="completed" time="0.323" timestamp="2025-04-30T07:35:58.978" classname="TMASimpleLdstTest" />
    <testcase name="Load/3D_32B_float" value_param="(32B, float, 3)" file="/opt/pytorch/nvfuser/tests/cpp/test_memory.cpp" line="467" status="run" result="completed" time="0.183" timestamp="2025-04-30T07:35:59.301" classname="TMASimpleLdstTest" />
    <testcase name="Load/1D_32B_double" value_param="(32B, double, 1)" file="/opt/pytorch/nvfuser/tests/cpp/test_memory.cpp" line="467" status="run" result="completed" time="0.082" timestamp="2025-04-30T07:35:59.484" classname="TMASimpleLdstTest" />
    <testcase name="Load/4D_32B_double" value_param="(32B, double, 4)" file="/opt/pytorch/nvfuser/tests/cpp/test_memory.cpp" line="467" status="run" result="completed" time="0.212" timestamp="2025-04-30T07:35:59.567" classname="TMASimpleLdstTest" />
    <testcase name="Store/2D_NoSwizzle___half" value_param="(NoSwizzle, __half, 2)" file="/opt/pytorch/nvfuser/tests/cpp/test_memory.cpp" line="585" status="run" result="completed" time="0.069" timestamp="2025-04-30T07:35:59.779" classname="TMASimpleLdstTest" />
    <testcase name="Store/5D_NoSwizzle___half" value_param="(NoSwizzle, __half, 5)" file="/opt/pytorch/nvfuser/tests/cpp/test_memory.cpp" line="585" status="run" result="completed" time="0.121" timestamp="2025-04-30T07:35:59.849" classname="TMASimpleLdstTest" />
    <testcase name="Store/3D_NoSwizzle_float" value_param="(NoSwizzle, float, 3)" file="/opt/pytorch/nvfuser/tests/cpp/test_memory.cpp" line="585" status="run" result="completed" time="0.08" timestamp="2025-04-30T07:35:59.970" classname="TMASimpleLdstTest" />
    <testcase name="Store/1D_NoSwizzle_double" value_param="(NoSwizzle, double, 1)" file="/opt/pytorch/nvfuser/tests/cpp/test_memory.cpp" line="585" status="run" result="completed" time="0.061" timestamp="2025-04-30T07:36:00.051" classname="TMASimpleLdstTest" />
    <testcase name="Store/4D_NoSwizzle_double" value_param="(NoSwizzle, double, 4)" file="/opt/pytorch/nvfuser/tests/cpp/test_memory.cpp" line="585" status="run" result="completed" time="0.094" timestamp="2025-04-30T07:36:00.112" classname="TMASimpleLdstTest" />
    <testcase name="Store/2D_128B___half" value_param="(128B, __half, 2)" file="/opt/pytorch/nvfuser/tests/cpp/test_memory.cpp" line="585" status="run" result="completed" time="0.102" timestamp="2025-04-30T07:36:00.207" classname="TMASimpleLdstTest" />
    <testcase name="Store/5D_128B___half" value_param="(128B, __half, 5)" file="/opt/pytorch/nvfuser/tests/cpp/test_memory.cpp" line="585" status="run" result="completed" time="0.263" timestamp="2025-04-30T07:36:00.310" classname="TMASimpleLdstTest" />
    <testcase name="Store/3D_128B_float" value_param="(128B, float, 3)" file="/opt/pytorch/nvfuser/tests/cpp/test_memory.cpp" line="585" status="run" result="completed" time="0.138" timestamp="2025-04-30T07:36:00.574" classname="TMASimpleLdstTest" />
    <testcase name="Store/1D_128B_double" value_param="(128B, double, 1)" file="/opt/pytorch/nvfuser/tests/cpp/test_memory.cpp" line="585" status="run" result="completed" time="0.073" timestamp="2025-04-30T07:36:00.712" classname="TMASimpleLdstTest" />
    <testcase name="Store/4D_128B_double" value_param="(128B, double, 4)" file="/opt/pytorch/nvfuser/tests/cpp/test_memory.cpp" line="585" status="run" result="completed" time="0.173" timestamp="2025-04-30T07:36:00.786" classname="TMASimpleLdstTest" />
    <testcase name="Store/2D_64B___half" value_param="(64B, __half, 2)" file="/opt/pytorch/nvfuser/tests/cpp/test_memory.cpp" line="585" status="run" result="completed" time="0.129" timestamp="2025-04-30T07:36:00.959" classname="TMASimpleLdstTest" />
    <testcase name="Store/5D_64B___half" value_param="(64B, __half, 5)" file="/opt/pytorch/nvfuser/tests/cpp/test_memory.cpp" line="585" status="run" result="completed" time="0.31" timestamp="2025-04-30T07:36:01.088" classname="TMASimpleLdstTest" />
    <testcase name="Store/3D_64B_float" value_param="(64B, float, 3)" file="/opt/pytorch/nvfuser/tests/cpp/test_memory.cpp" line="585" status="run" result="completed" time="0.18" timestamp="2025-04-30T07:36:01.399" classname="TMASimpleLdstTest" />
    <testcase name="Store/1D_64B_double" value_param="(64B, double, 1)" file="/opt/pytorch/nvfuser/tests/cpp/test_memory.cpp" line="585" status="run" result="completed" time="0.081" timestamp="2025-04-30T07:36:01.579" classname="TMASimpleLdstTest" />
    <testcase name="Store/4D_64B_double" value_param="(64B, double, 4)" file="/opt/pytorch/nvfuser/tests/cpp/test_memory.cpp" line="585" status="run" result="completed" time="0.204" timestamp="2025-04-30T07:36:01.661" classname="TMASimpleLdstTest" />
    <testcase name="Store/2D_32B___half" value_param="(32B, __half, 2)" file="/opt/pytorch/nvfuser/tests/cpp/test_memory.cpp" line="585" status="run" result="completed" time="0.128" timestamp="2025-04-30T07:36:01.866" classname="TMASimpleLdstTest" />
    <testcase name="Store/5D_32B___half" value_param="(32B, __half, 5)" file="/opt/pytorch/nvfuser/tests/cpp/test_memory.cpp" line="585" status="run" result="completed" time="0.307" timestamp="2025-04-30T07:36:01.994" classname="TMASimpleLdstTest" />
    <testcase name="Store/3D_32B_float" value_param="(32B, float, 3)" file="/opt/pytorch/nvfuser/tests/cpp/test_memory.cpp" line="585" status="run" result="completed" time="0.182" timestamp="2025-04-30T07:36:02.301" classname="TMASimpleLdstTest" />
    <testcase name="Store/1D_32B_double" value_param="(32B, double, 1)" file="/opt/pytorch/nvfuser/tests/cpp/test_memory.cpp" line="585" status="run" result="completed" time="0.081" timestamp="2025-04-30T07:36:02.483" classname="TMASimpleLdstTest" />
    <testcase name="Store/4D_32B_double" value_param="(32B, double, 4)" file="/opt/pytorch/nvfuser/tests/cpp/test_memory.cpp" line="585" status="run" result="completed" time="0.206" timestamp="2025-04-30T07:36:02.565" classname="TMASimpleLdstTest" />
  </testsuite>
  <testsuite name="TMALoadTestWithABroadcastDim" tests="20" failures="0" disabled="0" skipped="0" errors="0" time="23.441" timestamp="2025-04-30T07:36:02.771">
    <testcase name="LoadWithBroadcast/1" value_param="({ 1, 64, 16 }, __half, 128B)" file="/opt/pytorch/nvfuser/tests/cpp/test_memory.cpp" line="524" status="run" result="completed" time="1.124" timestamp="2025-04-30T07:36:02.771" classname="TMALoadTestWithABroadcastDim" />
    <testcase name="LoadWithBroadcast/4" value_param="({ 1, 64, 16 }, float, NoSwizzle)" file="/opt/pytorch/nvfuser/tests/cpp/test_memory.cpp" line="524" status="run" result="completed" time="0.284" timestamp="2025-04-30T07:36:03.895" classname="TMALoadTestWithABroadcastDim" />
    <testcase name="LoadWithBroadcast/7" value_param="({ 1, 64, 16 }, float, 32B)" file="/opt/pytorch/nvfuser/tests/cpp/test_memory.cpp" line="524" status="run" result="completed" time="0.495" timestamp="2025-04-30T07:36:04.180" classname="TMALoadTestWithABroadcastDim" />
    <testcase name="LoadWithBroadcast/10" value_param="({ 1, 64, 16 }, double, 64B)" file="/opt/pytorch/nvfuser/tests/cpp/test_memory.cpp" line="524" status="run" result="completed" time="0.521" timestamp="2025-04-30T07:36:04.675" classname="TMALoadTestWithABroadcastDim" />
    <testcase name="LoadWithBroadcast/13" value_param="({ 1, 16, 64 }, __half, 128B)" file="/opt/pytorch/nvfuser/tests/cpp/test_memory.cpp" line="524" status="run" result="completed" time="1.005" timestamp="2025-04-30T07:36:05.197" classname="TMALoadTestWithABroadcastDim" />
    <testcase name="LoadWithBroadcast/16" value_param="({ 1, 16, 64 }, float, NoSwizzle)" file="/opt/pytorch/nvfuser/tests/cpp/test_memory.cpp" line="524" status="run" result="completed" time="0.14" timestamp="2025-04-30T07:36:06.202" classname="TMALoadTestWithABroadcastDim" />
    <testcase name="LoadWithBroadcast/19" value_param="({ 1, 16, 64 }, float, 32B)" file="/opt/pytorch/nvfuser/tests/cpp/test_memory.cpp" line="524" status="run" result="completed" time="0.15" timestamp="2025-04-30T07:36:06.343" classname="TMALoadTestWithABroadcastDim" />
    <testcase name="LoadWithBroadcast/22" value_param="({ 1, 16, 64 }, double, 64B)" file="/opt/pytorch/nvfuser/tests/cpp/test_memory.cpp" line="524" status="run" result="completed" time="0.152" timestamp="2025-04-30T07:36:06.494" classname="TMALoadTestWithABroadcastDim" />
    <testcase name="LoadWithBroadcast/25" value_param="({ 1, 128, 64 }, __half, 128B)" file="/opt/pytorch/nvfuser/tests/cpp/test_memory.cpp" line="524" status="run" result="completed" time="4.632" timestamp="2025-04-30T07:36:06.646" classname="TMALoadTestWithABroadcastDim" />
    <testcase name="LoadWithBroadcast/28" value_param="({ 1, 128, 64 }, float, NoSwizzle)" file="/opt/pytorch/nvfuser/tests/cpp/test_memory.cpp" line="524" status="run" result="completed" time="0.983" timestamp="2025-04-30T07:36:11.278" classname="TMALoadTestWithABroadcastDim" />
    <testcase name="LoadWithBroadcast/31" value_param="({ 1, 128, 64 }, float, 32B)" file="/opt/pytorch/nvfuser/tests/cpp/test_memory.cpp" line="524" status="run" result="completed" time="1.565" timestamp="2025-04-30T07:36:12.261" classname="TMALoadTestWithABroadcastDim" />
    <testcase name="LoadWithBroadcast/34" value_param="({ 1, 128, 64 }, double, 64B)" file="/opt/pytorch/nvfuser/tests/cpp/test_memory.cpp" line="524" status="run" result="completed" time="1.676" timestamp="2025-04-30T07:36:13.826" classname="TMALoadTestWithABroadcastDim" />
    <testcase name="LoadWithBroadcast/37" value_param="({ 1, 128, 128 }, __half, 128B)" file="/opt/pytorch/nvfuser/tests/cpp/test_memory.cpp" line="524" status="run" result="completed" time="3.042" timestamp="2025-04-30T07:36:15.503" classname="TMALoadTestWithABroadcastDim" />
    <testcase name="LoadWithBroadcast/40" value_param="({ 1, 128, 128 }, float, NoSwizzle)" file="/opt/pytorch/nvfuser/tests/cpp/test_memory.cpp" line="524" status="run" result="completed" time="1.473" timestamp="2025-04-30T07:36:18.545" classname="TMALoadTestWithABroadcastDim" />
    <testcase name="LoadWithBroadcast/43" value_param="({ 1, 128, 128 }, float, 32B)" file="/opt/pytorch/nvfuser/tests/cpp/test_memory.cpp" line="524" status="run" result="completed" time="1.833" timestamp="2025-04-30T07:36:20.019" classname="TMALoadTestWithABroadcastDim" />
    <testcase name="LoadWithBroadcast/46" value_param="({ 1, 128, 128 }, double, 64B)" file="/opt/pytorch/nvfuser/tests/cpp/test_memory.cpp" line="524" status="run" result="completed" time="1.951" timestamp="2025-04-30T07:36:21.853" classname="TMALoadTestWithABroadcastDim" />
    <testcase name="LoadWithBroadcast/49" value_param="({ 64, 1, 16 }, __half, 128B)" file="/opt/pytorch/nvfuser/tests/cpp/test_memory.cpp" line="524" status="run" result="completed" time="1.11" timestamp="2025-04-30T07:36:23.804" classname="TMALoadTestWithABroadcastDim" />
    <testcase name="LoadWithBroadcast/52" value_param="({ 64, 1, 16 }, float, NoSwizzle)" file="/opt/pytorch/nvfuser/tests/cpp/test_memory.cpp" line="524" status="run" result="completed" time="0.28" timestamp="2025-04-30T07:36:24.915" classname="TMALoadTestWithABroadcastDim" />
    <testcase name="LoadWithBroadcast/55" value_param="({ 64, 1, 16 }, float, 32B)" file="/opt/pytorch/nvfuser/tests/cpp/test_memory.cpp" line="524" status="run" result="completed" time="0.493" timestamp="2025-04-30T07:36:25.196" classname="TMALoadTestWithABroadcastDim" />
    <testcase name="LoadWithBroadcast/58" value_param="({ 64, 1, 16 }, double, 64B)" file="/opt/pytorch/nvfuser/tests/cpp/test_memory.cpp" line="524" status="run" result="completed" time="0.523" timestamp="2025-04-30T07:36:25.689" classname="TMALoadTestWithABroadcastDim" />
  </testsuite>
  <testsuite name="LdMatrixTest" tests="4" failures="0" disabled="0" skipped="0" errors="0" time="0.843" timestamp="2025-04-30T07:36:26.212">
    <testcase name="Regular/A_16x16" value_param="(8-byte object &lt;10-00 08-00 10-00 02-00&gt;, 4-byte object &lt;00-00 00-00&gt;)" file="/opt/pytorch/nvfuser/tests/cpp/test_memory.cpp" line="2807" status="run" result="completed" time="0.211" timestamp="2025-04-30T07:36:26.212" classname="LdMatrixTest" />
    <testcase name="Regular/B_16x16" value_param="(8-byte object &lt;10-00 10-00 10-00 02-00&gt;, 4-byte object &lt;01-00 00-00&gt;)" file="/opt/pytorch/nvfuser/tests/cpp/test_memory.cpp" line="2807" status="run" result="completed" time="0.209" timestamp="2025-04-30T07:36:26.424" classname="LdMatrixTest" />
    <testcase name="Transpose/A_16x16" value_param="(8-byte object &lt;10-00 08-00 10-00 02-00&gt;, 4-byte object &lt;00-00 00-00&gt;)" file="/opt/pytorch/nvfuser/tests/cpp/test_memory.cpp" line="2952" status="run" result="completed" time="0.211" timestamp="2025-04-30T07:36:26.634" classname="LdMatrixTest" />
    <testcase name="Transpose/B_16x16" value_param="(8-byte object &lt;10-00 10-00 10-00 02-00&gt;, 4-byte object &lt;01-00 00-00&gt;)" file="/opt/pytorch/nvfuser/tests/cpp/test_memory.cpp" line="2952" status="run" result="completed" time="0.21" timestamp="2025-04-30T07:36:26.845" classname="LdMatrixTest" />
  </testsuite>
  <testsuite name="StMatrixTest" tests="43" failures="0" disabled="0" skipped="10" errors="0" time="10.796" timestamp="2025-04-30T07:36:27.056">
    <testcase name="Regular/m_64_n_8_tile_m_16_tile_n_8_T" value_param="(8-byte object &lt;10-00 08-00 40-00 04-00&gt;, { 16, 8 }, __bfloat)" file="/opt/pytorch/nvfuser/tests/cpp/test_memory.cpp" line="2861" status="run" result="completed" time="0.078" timestamp="2025-04-30T07:36:27.056" classname="StMatrixTest" />
    <testcase name="Regular/m_64_n_16_tile_m_16_tile_n_8_H" value_param="(8-byte object &lt;10-00 10-00 40-00 04-00&gt;, { 16, 8 }, __half)" file="/opt/pytorch/nvfuser/tests/cpp/test_memory.cpp" line="2861" status="run" result="completed" time="0.088" timestamp="2025-04-30T07:36:27.135" classname="StMatrixTest" />
    <testcase name="Regular/m_64_n_16_tile_m_16_tile_n_16_T" value_param="(8-byte object &lt;10-00 10-00 40-00 04-00&gt;, { 16, 16 }, __bfloat)" file="/opt/pytorch/nvfuser/tests/cpp/test_memory.cpp" line="2861" status="run" result="completed" time="0.086" timestamp="2025-04-30T07:36:27.223" classname="StMatrixTest" />
    <testcase name="Regular/m_64_n_24_tile_m_16_tile_n_16_H" value_param="(8-byte object &lt;10-00 18-00 40-00 04-00&gt;, { 16, 16 }, __half)" file="/opt/pytorch/nvfuser/tests/cpp/test_memory.cpp" line="2861" status="run" result="skipped" time="0." timestamp="2025-04-30T07:36:27.310" classname="StMatrixTest">
      <skipped message="/opt/pytorch/nvfuser/tests/cpp/test_memory.cpp:2874&#x0A;Fractional tiling is not supported/tested&#x0A;"><![CDATA[/opt/pytorch/nvfuser/tests/cpp/test_memory.cpp:2874
Fractional tiling is not supported/tested
]]></skipped>
    </testcase>
    <testcase name="Regular/m_64_n_32_tile_m_16_tile_n_8_T" value_param="(8-byte object &lt;10-00 20-00 40-00 04-00&gt;, { 16, 8 }, __bfloat)" file="/opt/pytorch/nvfuser/tests/cpp/test_memory.cpp" line="2861" status="run" result="completed" time="0.102" timestamp="2025-04-30T07:36:27.310" classname="StMatrixTest" />
    <testcase name="Regular/m_64_n_40_tile_m_16_tile_n_8_H" value_param="(8-byte object &lt;10-00 28-00 40-00 04-00&gt;, { 16, 8 }, __half)" file="/opt/pytorch/nvfuser/tests/cpp/test_memory.cpp" line="2861" status="run" result="completed" time="0.112" timestamp="2025-04-30T07:36:27.413" classname="StMatrixTest" />
    <testcase name="Regular/m_64_n_40_tile_m_16_tile_n_16_T" value_param="(8-byte object &lt;10-00 28-00 40-00 04-00&gt;, { 16, 16 }, __bfloat)" file="/opt/pytorch/nvfuser/tests/cpp/test_memory.cpp" line="2861" status="run" result="skipped" time="0." timestamp="2025-04-30T07:36:27.526" classname="StMatrixTest">
      <skipped message="/opt/pytorch/nvfuser/tests/cpp/test_memory.cpp:2874&#x0A;Fractional tiling is not supported/tested&#x0A;"><![CDATA[/opt/pytorch/nvfuser/tests/cpp/test_memory.cpp:2874
Fractional tiling is not supported/tested
]]></skipped>
    </testcase>
    <testcase name="Regular/m_64_n_48_tile_m_16_tile_n_16_H" value_param="(8-byte object &lt;10-00 30-00 40-00 04-00&gt;, { 16, 16 }, __half)" file="/opt/pytorch/nvfuser/tests/cpp/test_memory.cpp" line="2861" status="run" result="completed" time="0.123" timestamp="2025-04-30T07:36:27.526" classname="StMatrixTest" />
    <testcase name="Regular/m_64_n_56_tile_m_16_tile_n_8_T" value_param="(8-byte object &lt;10-00 38-00 40-00 04-00&gt;, { 16, 8 }, __bfloat)" file="/opt/pytorch/nvfuser/tests/cpp/test_memory.cpp" line="2861" status="run" result="completed" time="0.133" timestamp="2025-04-30T07:36:27.649" classname="StMatrixTest" />
    <testcase name="Regular/m_64_n_64_tile_m_16_tile_n_8_H" value_param="(8-byte object &lt;10-00 40-00 40-00 04-00&gt;, { 16, 8 }, __half)" file="/opt/pytorch/nvfuser/tests/cpp/test_memory.cpp" line="2861" status="run" result="completed" time="0.146" timestamp="2025-04-30T07:36:27.782" classname="StMatrixTest" />
    <testcase name="Regular/m_64_n_64_tile_m_16_tile_n_16_T" value_param="(8-byte object &lt;10-00 40-00 40-00 04-00&gt;, { 16, 16 }, __bfloat)" file="/opt/pytorch/nvfuser/tests/cpp/test_memory.cpp" line="2861" status="run" result="completed" time="0.146" timestamp="2025-04-30T07:36:27.929" classname="StMatrixTest" />
    <testcase name="Regular/m_64_n_72_tile_m_16_tile_n_16_H" value_param="(8-byte object &lt;10-00 48-00 40-00 04-00&gt;, { 16, 16 }, __half)" file="/opt/pytorch/nvfuser/tests/cpp/test_memory.cpp" line="2861" status="run" result="skipped" time="0." timestamp="2025-04-30T07:36:28.075" classname="StMatrixTest">
      <skipped message="/opt/pytorch/nvfuser/tests/cpp/test_memory.cpp:2874&#x0A;Fractional tiling is not supported/tested&#x0A;"><![CDATA[/opt/pytorch/nvfuser/tests/cpp/test_memory.cpp:2874
Fractional tiling is not supported/tested
]]></skipped>
    </testcase>
    <testcase name="Regular/m_64_n_80_tile_m_16_tile_n_8_T" value_param="(8-byte object &lt;10-00 50-00 40-00 04-00&gt;, { 16, 8 }, __bfloat)" file="/opt/pytorch/nvfuser/tests/cpp/test_memory.cpp" line="2861" status="run" result="completed" time="0.173" timestamp="2025-04-30T07:36:28.075" classname="StMatrixTest" />
    <testcase name="Regular/m_64_n_88_tile_m_16_tile_n_8_H" value_param="(8-byte object &lt;10-00 58-00 40-00 04-00&gt;, { 16, 8 }, __half)" file="/opt/pytorch/nvfuser/tests/cpp/test_memory.cpp" line="2861" status="run" result="completed" time="0.187" timestamp="2025-04-30T07:36:28.248" classname="StMatrixTest" />
    <testcase name="Regular/m_64_n_88_tile_m_16_tile_n_16_T" value_param="(8-byte object &lt;10-00 58-00 40-00 04-00&gt;, { 16, 16 }, __bfloat)" file="/opt/pytorch/nvfuser/tests/cpp/test_memory.cpp" line="2861" status="run" result="skipped" time="0." timestamp="2025-04-30T07:36:28.436" classname="StMatrixTest">
      <skipped message="/opt/pytorch/nvfuser/tests/cpp/test_memory.cpp:2874&#x0A;Fractional tiling is not supported/tested&#x0A;"><![CDATA[/opt/pytorch/nvfuser/tests/cpp/test_memory.cpp:2874
Fractional tiling is not supported/tested
]]></skipped>
    </testcase>
    <testcase name="Regular/m_64_n_96_tile_m_16_tile_n_16_H" value_param="(8-byte object &lt;10-00 60-00 40-00 04-00&gt;, { 16, 16 }, __half)" file="/opt/pytorch/nvfuser/tests/cpp/test_memory.cpp" line="2861" status="run" result="completed" time="0.204" timestamp="2025-04-30T07:36:28.436" classname="StMatrixTest" />
    <testcase name="Regular/m_64_n_104_tile_m_16_tile_n_8_T" value_param="(8-byte object &lt;10-00 68-00 40-00 04-00&gt;, { 16, 8 }, __bfloat)" file="/opt/pytorch/nvfuser/tests/cpp/test_memory.cpp" line="2861" status="run" result="completed" time="0.219" timestamp="2025-04-30T07:36:28.640" classname="StMatrixTest" />
    <testcase name="Regular/m_64_n_112_tile_m_16_tile_n_8_H" value_param="(8-byte object &lt;10-00 70-00 40-00 04-00&gt;, { 16, 8 }, __half)" file="/opt/pytorch/nvfuser/tests/cpp/test_memory.cpp" line="2861" status="run" result="completed" time="0.235" timestamp="2025-04-30T07:36:28.860" classname="StMatrixTest" />
    <testcase name="Regular/m_64_n_112_tile_m_16_tile_n_16_T" value_param="(8-byte object &lt;10-00 70-00 40-00 04-00&gt;, { 16, 16 }, __bfloat)" file="/opt/pytorch/nvfuser/tests/cpp/test_memory.cpp" line="2861" status="run" result="completed" time="0.237" timestamp="2025-04-30T07:36:29.096" classname="StMatrixTest" />
    <testcase name="Regular/m_64_n_120_tile_m_16_tile_n_16_H" value_param="(8-byte object &lt;10-00 78-00 40-00 04-00&gt;, { 16, 16 }, __half)" file="/opt/pytorch/nvfuser/tests/cpp/test_memory.cpp" line="2861" status="run" result="skipped" time="0." timestamp="2025-04-30T07:36:29.334" classname="StMatrixTest">
      <skipped message="/opt/pytorch/nvfuser/tests/cpp/test_memory.cpp:2874&#x0A;Fractional tiling is not supported/tested&#x0A;"><![CDATA[/opt/pytorch/nvfuser/tests/cpp/test_memory.cpp:2874
Fractional tiling is not supported/tested
]]></skipped>
    </testcase>
    <testcase name="Regular/m_64_n_128_tile_m_16_tile_n_8_T" value_param="(8-byte object &lt;10-00 80-00 40-00 04-00&gt;, { 16, 8 }, __bfloat)" file="/opt/pytorch/nvfuser/tests/cpp/test_memory.cpp" line="2861" status="run" result="completed" time="0.271" timestamp="2025-04-30T07:36:29.334" classname="StMatrixTest" />
    <testcase name="Regular/m_64_n_136_tile_m_16_tile_n_8_H" value_param="(8-byte object &lt;10-00 88-00 40-00 04-00&gt;, { 16, 8 }, __half)" file="/opt/pytorch/nvfuser/tests/cpp/test_memory.cpp" line="2861" status="run" result="completed" time="0.291" timestamp="2025-04-30T07:36:29.605" classname="StMatrixTest" />
    <testcase name="Regular/m_64_n_136_tile_m_16_tile_n_16_T" value_param="(8-byte object &lt;10-00 88-00 40-00 04-00&gt;, { 16, 16 }, __bfloat)" file="/opt/pytorch/nvfuser/tests/cpp/test_memory.cpp" line="2861" status="run" result="skipped" time="0." timestamp="2025-04-30T07:36:29.897" classname="StMatrixTest">
      <skipped message="/opt/pytorch/nvfuser/tests/cpp/test_memory.cpp:2874&#x0A;Fractional tiling is not supported/tested&#x0A;"><![CDATA[/opt/pytorch/nvfuser/tests/cpp/test_memory.cpp:2874
Fractional tiling is not supported/tested
]]></skipped>
    </testcase>
    <testcase name="Regular/m_64_n_144_tile_m_16_tile_n_16_H" value_param="(8-byte object &lt;10-00 90-00 40-00 04-00&gt;, { 16, 16 }, __half)" file="/opt/pytorch/nvfuser/tests/cpp/test_memory.cpp" line="2861" status="run" result="completed" time="0.311" timestamp="2025-04-30T07:36:29.897" classname="StMatrixTest" />
    <testcase name="Regular/m_64_n_152_tile_m_16_tile_n_8_T" value_param="(8-byte object &lt;10-00 98-00 40-00 04-00&gt;, { 16, 8 }, __bfloat)" file="/opt/pytorch/nvfuser/tests/cpp/test_memory.cpp" line="2861" status="run" result="completed" time="0.332" timestamp="2025-04-30T07:36:30.209" classname="StMatrixTest" />
    <testcase name="Regular/m_64_n_160_tile_m_16_tile_n_8_H" value_param="(8-byte object &lt;10-00 A0-00 40-00 04-00&gt;, { 16, 8 }, __half)" file="/opt/pytorch/nvfuser/tests/cpp/test_memory.cpp" line="2861" status="run" result="completed" time="0.354" timestamp="2025-04-30T07:36:30.542" classname="StMatrixTest" />
    <testcase name="Regular/m_64_n_160_tile_m_16_tile_n_16_T" value_param="(8-byte object &lt;10-00 A0-00 40-00 04-00&gt;, { 16, 16 }, __bfloat)" file="/opt/pytorch/nvfuser/tests/cpp/test_memory.cpp" line="2861" status="run" result="completed" time="0.358" timestamp="2025-04-30T07:36:30.896" classname="StMatrixTest" />
    <testcase name="Regular/m_64_n_168_tile_m_16_tile_n_16_H" value_param="(8-byte object &lt;10-00 A8-00 40-00 04-00&gt;, { 16, 16 }, __half)" file="/opt/pytorch/nvfuser/tests/cpp/test_memory.cpp" line="2861" status="run" result="skipped" time="0." timestamp="2025-04-30T07:36:31.255" classname="StMatrixTest">
      <skipped message="/opt/pytorch/nvfuser/tests/cpp/test_memory.cpp:2874&#x0A;Fractional tiling is not supported/tested&#x0A;"><![CDATA[/opt/pytorch/nvfuser/tests/cpp/test_memory.cpp:2874
Fractional tiling is not supported/tested
]]></skipped>
    </testcase>
    <testcase name="Regular/m_64_n_176_tile_m_16_tile_n_8_T" value_param="(8-byte object &lt;10-00 B0-00 40-00 04-00&gt;, { 16, 8 }, __bfloat)" file="/opt/pytorch/nvfuser/tests/cpp/test_memory.cpp" line="2861" status="run" result="completed" time="0.402" timestamp="2025-04-30T07:36:31.255" classname="StMatrixTest" />
    <testcase name="Regular/m_64_n_184_tile_m_16_tile_n_8_H" value_param="(8-byte object &lt;10-00 B8-00 40-00 04-00&gt;, { 16, 8 }, __half)" file="/opt/pytorch/nvfuser/tests/cpp/test_memory.cpp" line="2861" status="run" result="completed" time="0.428" timestamp="2025-04-30T07:36:31.658" classname="StMatrixTest" />
    <testcase name="Regular/m_64_n_184_tile_m_16_tile_n_16_T" value_param="(8-byte object &lt;10-00 B8-00 40-00 04-00&gt;, { 16, 16 }, __bfloat)" file="/opt/pytorch/nvfuser/tests/cpp/test_memory.cpp" line="2861" status="run" result="skipped" time="0." timestamp="2025-04-30T07:36:32.086" classname="StMatrixTest">
      <skipped message="/opt/pytorch/nvfuser/tests/cpp/test_memory.cpp:2874&#x0A;Fractional tiling is not supported/tested&#x0A;"><![CDATA[/opt/pytorch/nvfuser/tests/cpp/test_memory.cpp:2874
Fractional tiling is not supported/tested
]]></skipped>
    </testcase>
    <testcase name="Regular/m_64_n_192_tile_m_16_tile_n_16_H" value_param="(8-byte object &lt;10-00 C0-00 40-00 04-00&gt;, { 16, 16 }, __half)" file="/opt/pytorch/nvfuser/tests/cpp/test_memory.cpp" line="2861" status="run" result="completed" time="0.453" timestamp="2025-04-30T07:36:32.086" classname="StMatrixTest" />
    <testcase name="Regular/m_64_n_200_tile_m_16_tile_n_8_T" value_param="(8-byte object &lt;10-00 C8-00 40-00 04-00&gt;, { 16, 8 }, __bfloat)" file="/opt/pytorch/nvfuser/tests/cpp/test_memory.cpp" line="2861" status="run" result="completed" time="0.482" timestamp="2025-04-30T07:36:32.539" classname="StMatrixTest" />
    <testcase name="Regular/m_64_n_208_tile_m_16_tile_n_8_H" value_param="(8-byte object &lt;10-00 D0-00 40-00 04-00&gt;, { 16, 8 }, __half)" file="/opt/pytorch/nvfuser/tests/cpp/test_memory.cpp" line="2861" status="run" result="completed" time="0.513" timestamp="2025-04-30T07:36:33.022" classname="StMatrixTest" />
    <testcase name="Regular/m_64_n_208_tile_m_16_tile_n_16_T" value_param="(8-byte object &lt;10-00 D0-00 40-00 04-00&gt;, { 16, 16 }, __bfloat)" file="/opt/pytorch/nvfuser/tests/cpp/test_memory.cpp" line="2861" status="run" result="completed" time="0.504" timestamp="2025-04-30T07:36:33.535" classname="StMatrixTest" />
    <testcase name="Regular/m_64_n_216_tile_m_16_tile_n_16_H" value_param="(8-byte object &lt;10-00 D8-00 40-00 04-00&gt;, { 16, 16 }, __half)" file="/opt/pytorch/nvfuser/tests/cpp/test_memory.cpp" line="2861" status="run" result="skipped" time="0." timestamp="2025-04-30T07:36:34.040" classname="StMatrixTest">
      <skipped message="/opt/pytorch/nvfuser/tests/cpp/test_memory.cpp:2874&#x0A;Fractional tiling is not supported/tested&#x0A;"><![CDATA[/opt/pytorch/nvfuser/tests/cpp/test_memory.cpp:2874
Fractional tiling is not supported/tested
]]></skipped>
    </testcase>
    <testcase name="Regular/m_64_n_224_tile_m_16_tile_n_8_T" value_param="(8-byte object &lt;10-00 E0-00 40-00 04-00&gt;, { 16, 8 }, __bfloat)" file="/opt/pytorch/nvfuser/tests/cpp/test_memory.cpp" line="2861" status="run" result="completed" time="0.562" timestamp="2025-04-30T07:36:34.040" classname="StMatrixTest" />
    <testcase name="Regular/m_64_n_232_tile_m_16_tile_n_8_H" value_param="(8-byte object &lt;10-00 E8-00 40-00 04-00&gt;, { 16, 8 }, __half)" file="/opt/pytorch/nvfuser/tests/cpp/test_memory.cpp" line="2861" status="run" result="completed" time="0.592" timestamp="2025-04-30T07:36:34.602" classname="StMatrixTest" />
    <testcase name="Regular/m_64_n_232_tile_m_16_tile_n_16_T" value_param="(8-byte object &lt;10-00 E8-00 40-00 04-00&gt;, { 16, 16 }, __bfloat)" file="/opt/pytorch/nvfuser/tests/cpp/test_memory.cpp" line="2861" status="run" result="skipped" time="0." timestamp="2025-04-30T07:36:35.195" classname="StMatrixTest">
      <skipped message="/opt/pytorch/nvfuser/tests/cpp/test_memory.cpp:2874&#x0A;Fractional tiling is not supported/tested&#x0A;"><![CDATA[/opt/pytorch/nvfuser/tests/cpp/test_memory.cpp:2874
Fractional tiling is not supported/tested
]]></skipped>
    </testcase>
    <testcase name="Regular/m_64_n_240_tile_m_16_tile_n_16_H" value_param="(8-byte object &lt;10-00 F0-00 40-00 04-00&gt;, { 16, 16 }, __half)" file="/opt/pytorch/nvfuser/tests/cpp/test_memory.cpp" line="2861" status="run" result="completed" time="0.622" timestamp="2025-04-30T07:36:35.195" classname="StMatrixTest" />
    <testcase name="Regular/m_64_n_248_tile_m_16_tile_n_8_T" value_param="(8-byte object &lt;10-00 F8-00 40-00 04-00&gt;, { 16, 8 }, __bfloat)" file="/opt/pytorch/nvfuser/tests/cpp/test_memory.cpp" line="2861" status="run" result="completed" time="0.658" timestamp="2025-04-30T07:36:35.818" classname="StMatrixTest" />
    <testcase name="Regular/m_64_n_256_tile_m_16_tile_n_8_H" value_param="(8-byte object &lt;10-00 00-01 40-00 04-00&gt;, { 16, 8 }, __half)" file="/opt/pytorch/nvfuser/tests/cpp/test_memory.cpp" line="2861" status="run" result="completed" time="0.688" timestamp="2025-04-30T07:36:36.477" classname="StMatrixTest" />
    <testcase name="Regular/m_64_n_256_tile_m_16_tile_n_16_T" value_param="(8-byte object &lt;10-00 00-01 40-00 04-00&gt;, { 16, 16 }, __bfloat)" file="/opt/pytorch/nvfuser/tests/cpp/test_memory.cpp" line="2861" status="run" result="completed" time="0.688" timestamp="2025-04-30T07:36:37.165" classname="StMatrixTest" />
  </testsuite>
  <testsuite name="PersistentBufferTest/LayerNormSharedMemoryTest" tests="8" failures="0" disabled="0" skipped="0" errors="0" time="2.893" timestamp="2025-04-30T07:36:37.853">
    <testcase name="FusionLayerNormSharedMemoryBuffer_CUDA/dtype___half_hidden_40960" value_param="(__half, 40960)" file="/opt/pytorch/nvfuser/tests/cpp/test_persistent_buffer.cpp" line="1443" status="run" result="completed" time="0.391" timestamp="2025-04-30T07:36:37.853" classname="PersistentBufferTest/LayerNormSharedMemoryTest" />
    <testcase name="FusionLayerNormSharedMemoryBuffer_CUDA/dtype___half_hidden_53248" value_param="(__half, 53248)" file="/opt/pytorch/nvfuser/tests/cpp/test_persistent_buffer.cpp" line="1443" status="run" result="completed" time="0.354" timestamp="2025-04-30T07:36:38.244" classname="PersistentBufferTest/LayerNormSharedMemoryTest" />
    <testcase name="FusionLayerNormSharedMemoryBuffer_CUDA/dtype___half_hidden_65536" value_param="(__half, 65536)" file="/opt/pytorch/nvfuser/tests/cpp/test_persistent_buffer.cpp" line="1443" status="run" result="completed" time="0.371" timestamp="2025-04-30T07:36:38.599" classname="PersistentBufferTest/LayerNormSharedMemoryTest" />
    <testcase name="FusionLayerNormSharedMemoryBuffer_CUDA/dtype___half_hidden_77824" value_param="(__half, 77824)" file="/opt/pytorch/nvfuser/tests/cpp/test_persistent_buffer.cpp" line="1443" status="run" result="completed" time="0.437" timestamp="2025-04-30T07:36:38.970" classname="PersistentBufferTest/LayerNormSharedMemoryTest" />
    <testcase name="FusionLayerNormSharedMemoryBuffer_CUDA/dtype_float_hidden_36864" value_param="(float, 36864)" file="/opt/pytorch/nvfuser/tests/cpp/test_persistent_buffer.cpp" line="1443" status="run" result="completed" time="0.328" timestamp="2025-04-30T07:36:39.408" classname="PersistentBufferTest/LayerNormSharedMemoryTest" />
    <testcase name="FusionLayerNormSharedMemoryBuffer_CUDA/dtype_float_hidden_49152" value_param="(float, 49152)" file="/opt/pytorch/nvfuser/tests/cpp/test_persistent_buffer.cpp" line="1443" status="run" result="completed" time="0.344" timestamp="2025-04-30T07:36:39.737" classname="PersistentBufferTest/LayerNormSharedMemoryTest" />
    <testcase name="FusionLayerNormSharedMemoryBuffer_CUDA/dtype_float_hidden_61440" value_param="(float, 61440)" file="/opt/pytorch/nvfuser/tests/cpp/test_persistent_buffer.cpp" line="1443" status="run" result="completed" time="0.361" timestamp="2025-04-30T07:36:40.081" classname="PersistentBufferTest/LayerNormSharedMemoryTest" />
    <testcase name="FusionLayerNormSharedMemoryBuffer_CUDA/dtype_float_hidden_73728" value_param="(float, 73728)" file="/opt/pytorch/nvfuser/tests/cpp/test_persistent_buffer.cpp" line="1443" status="run" result="completed" time="0.303" timestamp="2025-04-30T07:36:40.443" classname="PersistentBufferTest/LayerNormSharedMemoryTest" />
  </testsuite>
  <testsuite name="PointwiseParamsTest" tests="3" failures="0" disabled="0" skipped="0" errors="0" time="0.286" timestamp="2025-04-30T07:36:40.747">
    <testcase name="UnrollOnTopOfVectorize/vect_1_inner_unroll_1_outer_unroll_1" value_param="(1, 1, 1)" file="/opt/pytorch/nvfuser/tests/cpp/test_pointwise.cpp" line="668" status="run" result="completed" time="0.073" timestamp="2025-04-30T07:36:40.747" classname="PointwiseParamsTest" />
    <testcase name="UnrollOnTopOfVectorize/vect_1_inner_unroll_2_outer_unroll_2" value_param="(1, 2, 2)" file="/opt/pytorch/nvfuser/tests/cpp/test_pointwise.cpp" line="668" status="run" result="completed" time="0.104" timestamp="2025-04-30T07:36:40.821" classname="PointwiseParamsTest" />
    <testcase name="UnrollOnTopOfVectorize/vect_4_inner_unroll_2_outer_unroll_1" value_param="(4, 2, 1)" file="/opt/pytorch/nvfuser/tests/cpp/test_pointwise.cpp" line="668" status="run" result="completed" time="0.107" timestamp="2025-04-30T07:36:40.925" classname="PointwiseParamsTest" />
  </testsuite>
  <testsuite name="TranslateNoReductionMatmulTest" tests="3" failures="0" disabled="0" skipped="0" errors="0" time="0.301" timestamp="2025-04-30T07:36:41.033">
    <testcase name="Test/8x1_1" value_param="48-byte object &lt;E0-EE 42-27 76-55 00-00 F0-EE 42-27 76-55 00-00 F0-EE 42-27 76-55 00-00 D0-1C 43-27 76-55 00-00 D8-1C 43-27 76-55 00-00 D8-1C 43-27 76-55 00-00&gt;" file="/opt/pytorch/nvfuser/tests/cpp/test_preseg_passes.cpp" line="1294" status="run" result="completed" time="0.094" timestamp="2025-04-30T07:36:41.033" classname="TranslateNoReductionMatmulTest" />
    <testcase name="Test/2x3x4x1_2x3x1x5" value_param="48-byte object &lt;00-C0 48-27 76-55 00-00 20-C0 48-27 76-55 00-00 20-C0 48-27 76-55 00-00 70-08 48-27 76-55 00-00 90-08 48-27 76-55 00-00 90-08 48-27 76-55 00-00&gt;" file="/opt/pytorch/nvfuser/tests/cpp/test_preseg_passes.cpp" line="1294" status="run" result="completed" time="0.122" timestamp="2025-04-30T07:36:41.127" classname="TranslateNoReductionMatmulTest" />
    <testcase name="Test/1_2x3x1x5" value_param="48-byte object &lt;20-E5 42-27 76-55 00-00 28-E5 42-27 76-55 00-00 28-E5 42-27 76-55 00-00 00-BD 48-27 76-55 00-00 20-BD 48-27 76-55 00-00 20-BD 48-27 76-55 00-00&gt;" file="/opt/pytorch/nvfuser/tests/cpp/test_preseg_passes.cpp" line="1294" status="run" result="completed" time="0.084" timestamp="2025-04-30T07:36:41.249" classname="TranslateNoReductionMatmulTest" />
  </testsuite>
  <testsuite name="MistralRopeTest" tests="1" failures="0" disabled="0" skipped="0" errors="0" time="0.194" timestamp="2025-04-30T07:36:41.334">
    <testcase name="Fwd1/32_128_8_128_1_4096" value_param="48-byte object &lt;20-00 00-00 00-00 00-00 80-00 00-00 00-00 00-00 08-00 00-00 00-00 00-00 80-00 00-00 00-00 00-00 01-00 00-00 00-00 00-00 00-10 00-00 00-00 00-00&gt;" file="/opt/pytorch/nvfuser/tests/cpp/test_rope.cpp" line="89" status="run" result="completed" time="0.194" timestamp="2025-04-30T07:36:41.334" classname="MistralRopeTest" />
  </testsuite>
  <testsuite name="Phi3RopeTest" tests="1" failures="0" disabled="0" skipped="0" errors="0" time="0.814" timestamp="2025-04-30T07:36:41.529">
    <testcase name="Fwd/32_96_32_128_1_8192" value_param="48-byte object &lt;20-00 00-00 00-00 00-00 60-00 00-00 00-00 00-00 20-00 00-00 00-00 00-00 80-00 00-00 00-00 00-00 01-00 00-00 00-00 00-00 00-20 00-00 00-00 00-00&gt;" file="/opt/pytorch/nvfuser/tests/cpp/test_rope.cpp" line="815" status="run" result="completed" time="0.814" timestamp="2025-04-30T07:36:41.529" classname="Phi3RopeTest" />
  </testsuite>
  <testsuite name="LitgptRopeTest" tests="3" failures="0" disabled="0" skipped="0" errors="0" time="3.631" timestamp="2025-04-30T07:36:42.343">
    <testcase name="Fwd/32_128_8_128_2_8192" value_param="48-byte object &lt;20-00 00-00 00-00 00-00 80-00 00-00 00-00 00-00 08-00 00-00 00-00 00-00 80-00 00-00 00-00 00-00 02-00 00-00 00-00 00-00 00-20 00-00 00-00 00-00&gt;" file="/opt/pytorch/nvfuser/tests/cpp/test_rope.cpp" line="1237" status="run" result="completed" time="0.619" timestamp="2025-04-30T07:36:42.343" classname="LitgptRopeTest" />
    <testcase name="Bwd/32_128_32_128_2_4096" value_param="48-byte object &lt;20-00 00-00 00-00 00-00 80-00 00-00 00-00 00-00 20-00 00-00 00-00 00-00 80-00 00-00 00-00 00-00 02-00 00-00 00-00 00-00 00-10 00-00 00-00 00-00&gt;" file="/opt/pytorch/nvfuser/tests/cpp/test_rope.cpp" line="1447" status="run" result="completed" time="1.599" timestamp="2025-04-30T07:36:42.962" classname="LitgptRopeTest" />
    <testcase name="Bwd/8_16_4_16_2_8" value_param="48-byte object &lt;08-00 00-00 00-00 00-00 10-00 00-00 00-00 00-00 04-00 00-00 00-00 00-00 10-00 00-00 00-00 00-00 02-00 00-00 00-00 00-00 08-00 00-00 00-00 00-00&gt;" file="/opt/pytorch/nvfuser/tests/cpp/test_rope.cpp" line="1447" status="run" result="completed" time="1.412" timestamp="2025-04-30T07:36:44.562" classname="LitgptRopeTest" />
  </testsuite>
  <testsuite name="TMemAllocationSize" tests="3" failures="0" disabled="0" skipped="3" errors="0" time="0." timestamp="2025-04-30T07:36:45.974">
    <testcase name="CopyKernel/63cols" value_param="63" file="/opt/pytorch/nvfuser/tests/cpp/test_tmem.cpp" line="405" status="run" result="skipped" time="0." timestamp="2025-04-30T07:36:45.974" classname="TMemAllocationSize">
      <skipped message="/opt/pytorch/nvfuser/tests/cpp/utils.h:570&#x0A;skipping tests on non-Blackwell GPUs&#x0A;"><![CDATA[/opt/pytorch/nvfuser/tests/cpp/utils.h:570
skipping tests on non-Blackwell GPUs
]]></skipped>
    </testcase>
    <testcase name="CopyKernel/127cols" value_param="127" file="/opt/pytorch/nvfuser/tests/cpp/test_tmem.cpp" line="405" status="run" result="skipped" time="0." timestamp="2025-04-30T07:36:45.974" classname="TMemAllocationSize">
      <skipped message="/opt/pytorch/nvfuser/tests/cpp/utils.h:570&#x0A;skipping tests on non-Blackwell GPUs&#x0A;"><![CDATA[/opt/pytorch/nvfuser/tests/cpp/utils.h:570
skipping tests on non-Blackwell GPUs
]]></skipped>
    </testcase>
    <testcase name="CopyKernel/255cols" value_param="255" file="/opt/pytorch/nvfuser/tests/cpp/test_tmem.cpp" line="405" status="run" result="skipped" time="0." timestamp="2025-04-30T07:36:45.974" classname="TMemAllocationSize">
      <skipped message="/opt/pytorch/nvfuser/tests/cpp/utils.h:570&#x0A;skipping tests on non-Blackwell GPUs&#x0A;"><![CDATA[/opt/pytorch/nvfuser/tests/cpp/utils.h:570
skipping tests on non-Blackwell GPUs
]]></skipped>
    </testcase>
  </testsuite>
  <testsuite name="UnaryTests/UnaryTest" tests="3" failures="0" disabled="0" skipped="0" errors="0" time="0.301" timestamp="2025-04-30T07:36:45.974">
    <testcase name="Neg/__half" value_param="__half" file="/opt/pytorch/nvfuser/tests/cpp/test_unary.cpp" line="22" status="run" result="completed" time="0.087" timestamp="2025-04-30T07:36:45.974" classname="UnaryTests/UnaryTest" />
    <testcase name="Neg/double" value_param="double" file="/opt/pytorch/nvfuser/tests/cpp/test_unary.cpp" line="22" status="run" result="completed" time="0.08" timestamp="2025-04-30T07:36:46.062" classname="UnaryTests/UnaryTest" />
    <testcase name="Neg/std__complex_float_" value_param="std::complex&lt;float&gt;" file="/opt/pytorch/nvfuser/tests/cpp/test_unary.cpp" line="22" status="run" result="completed" time="0.132" timestamp="2025-04-30T07:36:46.143" classname="UnaryTests/UnaryTest" />
  </testsuite>
</testsuites>
