<?xml version="1.0" encoding="UTF-8"?>
<testsuites tests="10" failures="0" disabled="0" errors="0" time="1.034" timestamp="2025-04-30T07:36:46.976" name="AllTests">
  <testsuite name="Tutorial" tests="3" failures="0" disabled="0" skipped="0" errors="0" time="0.534" timestamp="2025-04-30T07:36:46.976">
    <testcase name="Memcpy" file="/opt/pytorch/nvfuser/tests/cpp/test_tutorial.cpp" line="36" status="run" result="completed" time="0.404" timestamp="2025-04-30T07:36:46.976" classname="Tutorial" />
    <testcase name="Reshape" file="/opt/pytorch/nvfuser/tests/cpp/test_tutorial.cpp" line="446" status="run" result="completed" time="0." timestamp="2025-04-30T07:36:47.381" classname="Tutorial" />
    <testcase name="VectorizeStorePointwiseTMA" file="/opt/pytorch/nvfuser/tests/cpp/test_tutorial.cpp" line="1251" status="run" result="completed" time="0.129" timestamp="2025-04-30T07:36:47.381" classname="Tutorial" />
  </testsuite>
  <testsuite name="ReviewInliningParallelization" tests="1" failures="0" disabled="0" skipped="0" errors="0" time="0.496" timestamp="2025-04-30T07:36:47.510">
    <testcase name="GSGCopy" file="/opt/pytorch/nvfuser/tests/cpp/tutorial_tmem.cpp" line="65" status="run" result="completed" time="0.496" timestamp="2025-04-30T07:36:47.510" classname="ReviewInliningParallelization" />
  </testsuite>
  <testsuite name="TMemTutorialC" tests="2" failures="0" disabled="0" skipped="0" errors="0" time="0.003" timestamp="2025-04-30T07:36:48.007">
    <testcase name="NotWarpCollective" file="/opt/pytorch/nvfuser/tests/cpp/tutorial_tmem.cpp" line="485" status="run" result="completed" time="0.001" timestamp="2025-04-30T07:36:48.007" classname="TMemTutorialC" />
    <testcase name="WrongSubpartition" file="/opt/pytorch/nvfuser/tests/cpp/tutorial_tmem.cpp" line="586" status="run" result="completed" time="0.002" timestamp="2025-04-30T07:36:48.009" classname="TMemTutorialC" />
  </testsuite>
  <testsuite name="TMemTutorialR" tests="4" failures="0" disabled="0" skipped="4" errors="0" time="0." timestamp="2025-04-30T07:36:48.011">
    <testcase name="WarpGroupXYZ" file="/opt/pytorch/nvfuser/tests/cpp/tutorial_tmem.cpp" line="696" status="run" result="skipped" time="0." timestamp="2025-04-30T07:36:48.011" classname="TMemTutorialR">
      <skipped message="/opt/pytorch/nvfuser/tests/cpp/utils.h:570&#x0A;skipping tests on non-Blackwell GPUs&#x0A;"><![CDATA[/opt/pytorch/nvfuser/tests/cpp/utils.h:570
skipping tests on non-Blackwell GPUs
]]></skipped>
    </testcase>
    <testcase name="X1WarpGroupYColZ" file="/opt/pytorch/nvfuser/tests/cpp/tutorial_tmem.cpp" line="819" status="run" result="skipped" time="0." timestamp="2025-04-30T07:36:48.011" classname="TMemTutorialR">
      <skipped message="/opt/pytorch/nvfuser/tests/cpp/utils.h:570&#x0A;skipping tests on non-Blackwell GPUs&#x0A;"><![CDATA[/opt/pytorch/nvfuser/tests/cpp/utils.h:570
skipping tests on non-Blackwell GPUs
]]></skipped>
    </testcase>
    <testcase name="Transpose" file="/opt/pytorch/nvfuser/tests/cpp/tutorial_tmem.cpp" line="1075" status="run" result="skipped" time="0." timestamp="2025-04-30T07:36:48.011" classname="TMemTutorialR">
      <skipped message="/opt/pytorch/nvfuser/tests/cpp/utils.h:570&#x0A;skipping tests on non-Blackwell GPUs&#x0A;"><![CDATA[/opt/pytorch/nvfuser/tests/cpp/utils.h:570
skipping tests on non-Blackwell GPUs
]]></skipped>
    </testcase>
    <testcase name="PerformantVectorizedCopy" file="/opt/pytorch/nvfuser/tests/cpp/tutorial_tmem.cpp" line="1268" status="run" result="skipped" time="0." timestamp="2025-04-30T07:36:48.011" classname="TMemTutorialR">
      <skipped message="/opt/pytorch/nvfuser/tests/cpp/utils.h:570&#x0A;skipping tests on non-Blackwell GPUs&#x0A;"><![CDATA[/opt/pytorch/nvfuser/tests/cpp/utils.h:570
skipping tests on non-Blackwell GPUs
]]></skipped>
    </testcase>
  </testsuite>
</testsuites>
