<?xml version="1.0" encoding="UTF-8"?>
<testsuites tests="958" failures="0" disabled="2" errors="0" time="203.188" timestamp="2025-05-20T07:56:07.362" name="AllTests">
  <testsuite name="MatmulTest" tests="6" failures="0" disabled="2" skipped="2" errors="0" time="11.187" timestamp="2025-05-20T07:56:07.362">
    <testcase name="MatmulMatmulAmpere" file="/opt/pytorch/nvfuser/tests/cpp/test_matmul.cpp" line="664" status="run" result="completed" time="10.243" timestamp="2025-05-20T07:56:07.362" classname="MatmulTest" />
    <testcase name="AmpereStridedBatchedMatmulTN" file="/opt/pytorch/nvfuser/tests/cpp/test_matmul.cpp" line="1519" status="run" result="completed" time="0.943" timestamp="2025-05-20T07:56:17.606" classname="MatmulTest" />
    <testcase name="AmpereMatmulSmemEpiloguePromotionRequiredA100" file="/opt/pytorch/nvfuser/tests/cpp/test_matmul.cpp" line="2635" status="run" result="skipped" time="0." timestamp="2025-05-20T07:56:18.550" classname="MatmulTest">
      <skipped message="/opt/pytorch/nvfuser/tests/cpp/test_matmul.cpp:2636&#x0A;Requires GPU capability &gt;= 8.0 and &lt; 9.0 to run.&#x0A;&#x0A;"><![CDATA[/opt/pytorch/nvfuser/tests/cpp/test_matmul.cpp:2636
Requires GPU capability >= 8.0 and < 9.0 to run.

]]></skipped>
    </testcase>
    <testcase name="DISABLED_MultipleNonConsecutiveMDims" file="/opt/pytorch/nvfuser/tests/cpp/test_matmul.cpp" line="3468" status="notrun" result="suppressed" time="0." timestamp="1969-12-31T16:00:00.000" classname="MatmulTest" />
    <testcase name="DISABLED_MultipleNonConsecutiveNDims" file="/opt/pytorch/nvfuser/tests/cpp/test_matmul.cpp" line="3531" status="notrun" result="suppressed" time="0." timestamp="1969-12-31T16:00:00.000" classname="MatmulTest" />
    <testcase name="MultipleMDimsBatch" file="/opt/pytorch/nvfuser/tests/cpp/test_matmul.cpp" line="3589" status="run" result="skipped" time="0." timestamp="2025-05-20T07:56:18.550" classname="MatmulTest">
      <skipped message="/opt/pytorch/nvfuser/tests/cpp/test_matmul.cpp:3590&#x0A;Requires GPU capability &gt;= 7.5 and &lt; 9.0 to run.&#x0A;&#x0A;"><![CDATA[/opt/pytorch/nvfuser/tests/cpp/test_matmul.cpp:3590
Requires GPU capability >= 7.5 and < 9.0 to run.

]]></skipped>
    </testcase>
  </testsuite>
  <testsuite name="HopperMatmulTest" tests="4" failures="0" disabled="0" skipped="0" errors="0" time="2.526" timestamp="2025-05-20T07:56:18.550">
    <testcase name="HSH_TN_UseScheduler" file="/opt/pytorch/nvfuser/tests/cpp/test_matmul.cpp" line="3919" status="run" result="completed" time="1.162" timestamp="2025-05-20T07:56:18.550" classname="HopperMatmulTest" />
    <testcase name="HSH_NT_UseScheduler_MultipleInstructionsPerWarpTile" file="/opt/pytorch/nvfuser/tests/cpp/test_matmul.cpp" line="4638" status="run" result="completed" time="0.712" timestamp="2025-05-20T07:56:19.712" classname="HopperMatmulTest" />
    <testcase name="HSH_NT_128BSwizzle_BroadcastOp" file="/opt/pytorch/nvfuser/tests/cpp/test_matmul.cpp" line="4875" status="run" result="completed" time="0.431" timestamp="2025-05-20T07:56:20.425" classname="HopperMatmulTest" />
    <testcase name="HSH_NT_SingleMathGroupSyncCheck" file="/opt/pytorch/nvfuser/tests/cpp/test_matmul.cpp" line="5322" status="run" result="completed" time="0.219" timestamp="2025-05-20T07:56:20.856" classname="HopperMatmulTest" />
  </testsuite>
  <testsuite name="MatmulSASSTest" tests="1" failures="0" disabled="0" skipped="1" errors="0" time="0." timestamp="2025-05-20T07:56:21.076">
    <testcase name="AmpereModifiersSharedMemoryEpilogue" file="/opt/pytorch/nvfuser/tests/cpp/test_matmul_sass.cpp" line="349" status="run" result="skipped" time="0." timestamp="2025-05-20T07:56:21.076" classname="MatmulSASSTest">
      <skipped message="/opt/pytorch/nvfuser/tests/cpp/test_matmul_sass.cpp:350&#x0A;Requires GPU capability &gt;= 8.0 and &lt; 9.0 to run.&#x0A;&#x0A;"><![CDATA[/opt/pytorch/nvfuser/tests/cpp/test_matmul_sass.cpp:350
Requires GPU capability >= 8.0 and < 9.0 to run.

]]></skipped>
    </testcase>
  </testsuite>
  <testsuite name="MatmulSchedulerTest" tests="5" failures="0" disabled="0" skipped="4" errors="0" time="0.255" timestamp="2025-05-20T07:56:21.076">
    <testcase name="BasicMatmulStrictCheckTT" file="/opt/pytorch/nvfuser/tests/cpp/test_matmul_scheduler.cpp" line="1074" status="run" result="skipped" time="0." timestamp="2025-05-20T07:56:21.076" classname="MatmulSchedulerTest">
      <skipped message="/opt/pytorch/nvfuser/tests/cpp/test_matmul_scheduler.cpp:1076&#x0A;Requires GPU capability &gt;= 8.0 and &lt; 9.0 to run.&#x0A;&#x0A;"><![CDATA[/opt/pytorch/nvfuser/tests/cpp/test_matmul_scheduler.cpp:1076
Requires GPU capability >= 8.0 and < 9.0 to run.

]]></skipped>
    </testcase>
    <testcase name="EpilogueAlpha" file="/opt/pytorch/nvfuser/tests/cpp/test_matmul_scheduler.cpp" line="1272" status="run" result="skipped" time="0." timestamp="2025-05-20T07:56:21.076" classname="MatmulSchedulerTest">
      <skipped message="/opt/pytorch/nvfuser/tests/cpp/test_matmul_scheduler.cpp:1274&#x0A;Requires GPU capability &gt;= 7.5 and &lt; 9.0 to run.&#x0A;&#x0A;"><![CDATA[/opt/pytorch/nvfuser/tests/cpp/test_matmul_scheduler.cpp:1274
Requires GPU capability >= 7.5 and < 9.0 to run.

]]></skipped>
    </testcase>
    <testcase name="EpilogueAlphaBeta" file="/opt/pytorch/nvfuser/tests/cpp/test_matmul_scheduler.cpp" line="1457" status="run" result="skipped" time="0." timestamp="2025-05-20T07:56:21.076" classname="MatmulSchedulerTest">
      <skipped message="/opt/pytorch/nvfuser/tests/cpp/test_matmul_scheduler.cpp:1459&#x0A;Requires GPU capability &gt;= 7.5 and &lt; 9.0 to run.&#x0A;&#x0A;"><![CDATA[/opt/pytorch/nvfuser/tests/cpp/test_matmul_scheduler.cpp:1459
Requires GPU capability >= 7.5 and < 9.0 to run.

]]></skipped>
    </testcase>
    <testcase name="SegmentMatmulOpPrologue" file="/opt/pytorch/nvfuser/tests/cpp/test_matmul_scheduler.cpp" line="2551" status="run" result="skipped" time="0." timestamp="2025-05-20T07:56:21.076" classname="MatmulSchedulerTest">
      <skipped message="/opt/pytorch/nvfuser/tests/cpp/test_matmul_scheduler.cpp:2552&#x0A;Requires GPU capability &gt;= 7.5 and &lt; 9.0 to run.&#x0A;&#x0A;"><![CDATA[/opt/pytorch/nvfuser/tests/cpp/test_matmul_scheduler.cpp:2552
Requires GPU capability >= 7.5 and < 9.0 to run.

]]></skipped>
    </testcase>
    <testcase name="PreBroadcastMmaBiasNeg" file="/opt/pytorch/nvfuser/tests/cpp/test_matmul_scheduler.cpp" line="2674" status="run" result="completed" time="0.255" timestamp="2025-05-20T07:56:21.076" classname="MatmulSchedulerTest" />
  </testsuite>
  <testsuite name="MatmulSchedulerPluginTest" tests="1" failures="0" disabled="0" skipped="1" errors="0" time="0." timestamp="2025-05-20T07:56:21.331">
    <testcase name="BasicMatmul" file="/opt/pytorch/nvfuser/tests/cpp/test_matmul_scheduler.cpp" line="2494" status="run" result="skipped" time="0." timestamp="2025-05-20T07:56:21.331" classname="MatmulSchedulerPluginTest">
      <skipped message="/opt/pytorch/nvfuser/tests/cpp/test_matmul_scheduler.cpp:2495&#x0A;Requires GPU capability &gt;= 8.0 and &lt; 9.0 to run.&#x0A;&#x0A;"><![CDATA[/opt/pytorch/nvfuser/tests/cpp/test_matmul_scheduler.cpp:2495
Requires GPU capability >= 8.0 and < 9.0 to run.

]]></skipped>
    </testcase>
  </testsuite>
  <testsuite name="CombineMulSumAsMmaTestWithLayout" tests="5" failures="0" disabled="0" skipped="3" errors="0" time="0." timestamp="2025-05-20T07:56:21.331">
    <testcase name="MulSumToMatmul_Pass/NT" value_param="4-byte object &lt;00-00 00-00&gt;" file="/opt/pytorch/nvfuser/tests/cpp/test_translate_mma.cpp" line="115" status="run" result="completed" time="0." timestamp="2025-05-20T07:56:21.331" classname="CombineMulSumAsMmaTestWithLayout" />
    <testcase name="AmpereMulSumToMatmul_Schedule/TN" value_param="4-byte object &lt;02-00 00-00&gt;" file="/opt/pytorch/nvfuser/tests/cpp/test_translate_mma.cpp" line="206" status="run" result="skipped" time="0." timestamp="2025-05-20T07:56:21.332" classname="CombineMulSumAsMmaTestWithLayout">
      <skipped message="/opt/pytorch/nvfuser/tests/cpp/test_translate_mma.cpp:207&#x0A;Requires GPU capability &gt;= 7.5 and &lt; 9.0 to run.&#x0A;&#x0A;"><![CDATA[/opt/pytorch/nvfuser/tests/cpp/test_translate_mma.cpp:207
Requires GPU capability >= 7.5 and < 9.0 to run.

]]></skipped>
    </testcase>
    <testcase name="UseMatmulScheduler/TT" value_param="4-byte object &lt;01-00 00-00&gt;" file="/opt/pytorch/nvfuser/tests/cpp/test_translate_mma.cpp" line="254" status="run" result="skipped" time="0." timestamp="2025-05-20T07:56:21.332" classname="CombineMulSumAsMmaTestWithLayout">
      <skipped message="/opt/pytorch/nvfuser/tests/cpp/test_translate_mma.cpp:255&#x0A;Requires GPU capability &gt;= 7.5 and &lt; 9.0 to run.&#x0A;&#x0A;"><![CDATA[/opt/pytorch/nvfuser/tests/cpp/test_translate_mma.cpp:255
Requires GPU capability >= 7.5 and < 9.0 to run.

]]></skipped>
    </testcase>
    <testcase name="UseMatmulScheduler/NN" value_param="4-byte object &lt;03-00 00-00&gt;" file="/opt/pytorch/nvfuser/tests/cpp/test_translate_mma.cpp" line="254" status="run" result="skipped" time="0." timestamp="2025-05-20T07:56:21.332" classname="CombineMulSumAsMmaTestWithLayout">
      <skipped message="/opt/pytorch/nvfuser/tests/cpp/test_translate_mma.cpp:255&#x0A;Requires GPU capability &gt;= 7.5 and &lt; 9.0 to run.&#x0A;&#x0A;"><![CDATA[/opt/pytorch/nvfuser/tests/cpp/test_translate_mma.cpp:255
Requires GPU capability >= 7.5 and < 9.0 to run.

]]></skipped>
    </testcase>
    <testcase name="SwapAandB/NT" value_param="4-byte object &lt;00-00 00-00&gt;" file="/opt/pytorch/nvfuser/tests/cpp/test_translate_mma.cpp" line="650" status="run" result="completed" time="0." timestamp="2025-05-20T07:56:21.332" classname="CombineMulSumAsMmaTestWithLayout" />
  </testsuite>
  <testsuite name="MatmulNodeTranslationTest" tests="4" failures="0" disabled="0" skipped="0" errors="0" time="0.842" timestamp="2025-05-20T07:56:21.332">
    <testcase name="AutomaticSchedulerMatmulNode/2dA_2dB_nofuse_transposeA" value_param="(2, 2, false, true, true, expr_eval)" file="/opt/pytorch/nvfuser/tests/cpp/test_translate_mma.cpp" line="312" status="run" result="completed" time="0.167" timestamp="2025-05-20T07:56:21.332" classname="MatmulNodeTranslationTest" />
    <testcase name="AutomaticSchedulerMatmulNode/1dA_2dB" value_param="(1, 2, true, false, true, expr_eval)" file="/opt/pytorch/nvfuser/tests/cpp/test_translate_mma.cpp" line="312" status="run" result="completed" time="0.085" timestamp="2025-05-20T07:56:21.500" classname="MatmulNodeTranslationTest" />
    <testcase name="AutomaticSchedulerMatmulNode/3dA_1dB" value_param="(3, 1, true, false, true, expr_eval)" file="/opt/pytorch/nvfuser/tests/cpp/test_translate_mma.cpp" line="312" status="run" result="completed" time="0.088" timestamp="2025-05-20T07:56:21.585" classname="MatmulNodeTranslationTest" />
    <testcase name="AutomaticSchedulerMatmulNode/4dA_4dB" value_param="(4, 4, true, false, false, matmul)" file="/opt/pytorch/nvfuser/tests/cpp/test_translate_mma.cpp" line="312" status="run" result="completed" time="0.5" timestamp="2025-05-20T07:56:21.674" classname="MatmulNodeTranslationTest" />
  </testsuite>
  <testsuite name="LinearNodeTranslationTest" tests="5" failures="0" disabled="0" skipped="2" errors="0" time="0.687" timestamp="2025-05-20T07:56:22.174">
    <testcase name="AutomaticSchedulerLinearNode/2dA_2dB_nofuse" value_param="(2, 2, -1, false, false, true)" file="/opt/pytorch/nvfuser/tests/cpp/test_translate_mma.cpp" line="472" status="run" result="completed" time="0.158" timestamp="2025-05-20T07:56:22.174" classname="LinearNodeTranslationTest" />
    <testcase name="AutomaticSchedulerLinearNode/2dA_2dB_1dBias_nofuse" value_param="(2, 2, 1, false, false, true)" file="/opt/pytorch/nvfuser/tests/cpp/test_translate_mma.cpp" line="472" status="run" result="completed" time="0.088" timestamp="2025-05-20T07:56:22.333" classname="LinearNodeTranslationTest" />
    <testcase name="AutomaticSchedulerLinearNode/2dA_2dB" value_param="(2, 2, -1, true, false, false)" file="/opt/pytorch/nvfuser/tests/cpp/test_translate_mma.cpp" line="472" status="run" result="completed" time="0.44" timestamp="2025-05-20T07:56:22.421" classname="LinearNodeTranslationTest" />
    <testcase name="AutomaticSchedulerLinearNode/3dA_2dB" value_param="(3, 2, -1, true, false, false)" file="/opt/pytorch/nvfuser/tests/cpp/test_translate_mma.cpp" line="472" status="run" result="skipped" time="0." timestamp="2025-05-20T07:56:22.861" classname="LinearNodeTranslationTest">
      <skipped message="/opt/pytorch/nvfuser/tests/cpp/test_translate_mma.cpp:494&#x0A;Translating linear with batch dims is not yet supported on Hopper&#x0A;"><![CDATA[/opt/pytorch/nvfuser/tests/cpp/test_translate_mma.cpp:494
Translating linear with batch dims is not yet supported on Hopper
]]></skipped>
    </testcase>
    <testcase name="AutomaticSchedulerLinearNode/3dA_2dB_1dBias" value_param="(3, 2, 1, true, false, false)" file="/opt/pytorch/nvfuser/tests/cpp/test_translate_mma.cpp" line="472" status="run" result="skipped" time="0." timestamp="2025-05-20T07:56:22.861" classname="LinearNodeTranslationTest">
      <skipped message="/opt/pytorch/nvfuser/tests/cpp/test_translate_mma.cpp:494&#x0A;Translating linear with batch dims is not yet supported on Hopper&#x0A;"><![CDATA[/opt/pytorch/nvfuser/tests/cpp/test_translate_mma.cpp:494
Translating linear with batch dims is not yet supported on Hopper
]]></skipped>
    </testcase>
  </testsuite>
  <testsuite name="TranslationCastTest" tests="3" failures="0" disabled="0" skipped="0" errors="0" time="0." timestamp="2025-05-20T07:56:22.861">
    <testcase name="CountCasts/matmul_twooutputs" value_param="(false, false, true)" file="/opt/pytorch/nvfuser/tests/cpp/test_translate_mma.cpp" line="709" status="run" result="completed" time="0." timestamp="2025-05-20T07:56:22.861" classname="TranslationCastTest" />
    <testcase name="CountCasts/linear" value_param="(true, false, false)" file="/opt/pytorch/nvfuser/tests/cpp/test_translate_mma.cpp" line="709" status="run" result="completed" time="0." timestamp="2025-05-20T07:56:22.861" classname="TranslationCastTest" />
    <testcase name="CountCasts/linear_epilogue_twooutputs" value_param="(true, true, true)" file="/opt/pytorch/nvfuser/tests/cpp/test_translate_mma.cpp" line="709" status="run" result="completed" time="0." timestamp="2025-05-20T07:56:22.862" classname="TranslationCastTest" />
  </testsuite>
  <testsuite name="MatmulTestWithLayout" tests="32" failures="0" disabled="0" skipped="32" errors="0" time="0." timestamp="2025-05-20T07:56:22.862">
    <testcase name="AmpereMatmul/NT" value_param="4-byte object &lt;00-00 00-00&gt;" file="/opt/pytorch/nvfuser/tests/cpp/test_matmul.cpp" line="88" status="run" result="skipped" time="0." timestamp="2025-05-20T07:56:22.862" classname="MatmulTestWithLayout">
      <skipped message="/opt/pytorch/nvfuser/tests/cpp/test_matmul.cpp:89&#x0A;Requires GPU capability &gt;= 7.5 and &lt; 9.0 to run.&#x0A;&#x0A;"><![CDATA[/opt/pytorch/nvfuser/tests/cpp/test_matmul.cpp:89
Requires GPU capability >= 7.5 and < 9.0 to run.

]]></skipped>
    </testcase>
    <testcase name="AmpereMatmulBroadcastBatch/TN" value_param="4-byte object &lt;02-00 00-00&gt;" file="/opt/pytorch/nvfuser/tests/cpp/test_matmul.cpp" line="147" status="run" result="skipped" time="0." timestamp="2025-05-20T07:56:22.862" classname="MatmulTestWithLayout">
      <skipped message="/opt/pytorch/nvfuser/tests/cpp/test_matmul.cpp:148&#x0A;Requires GPU capability &gt;= 7.5 and &lt; 9.0 to run.&#x0A;&#x0A;"><![CDATA[/opt/pytorch/nvfuser/tests/cpp/test_matmul.cpp:148
Requires GPU capability >= 7.5 and < 9.0 to run.

]]></skipped>
    </testcase>
    <testcase name="AmperePrologueFusionBroadcast/TT" value_param="4-byte object &lt;01-00 00-00&gt;" file="/opt/pytorch/nvfuser/tests/cpp/test_matmul.cpp" line="210" status="run" result="skipped" time="0." timestamp="2025-05-20T07:56:22.862" classname="MatmulTestWithLayout">
      <skipped message="/opt/pytorch/nvfuser/tests/cpp/test_matmul.cpp:211&#x0A;Requires GPU capability &gt;= 7.5 and &lt; 9.0 to run.&#x0A;&#x0A;"><![CDATA[/opt/pytorch/nvfuser/tests/cpp/test_matmul.cpp:211
Requires GPU capability >= 7.5 and < 9.0 to run.

]]></skipped>
    </testcase>
    <testcase name="AmperePrologueFusionBroadcast/NN" value_param="4-byte object &lt;03-00 00-00&gt;" file="/opt/pytorch/nvfuser/tests/cpp/test_matmul.cpp" line="210" status="run" result="skipped" time="0." timestamp="2025-05-20T07:56:22.862" classname="MatmulTestWithLayout">
      <skipped message="/opt/pytorch/nvfuser/tests/cpp/test_matmul.cpp:211&#x0A;Requires GPU capability &gt;= 7.5 and &lt; 9.0 to run.&#x0A;&#x0A;"><![CDATA[/opt/pytorch/nvfuser/tests/cpp/test_matmul.cpp:211
Requires GPU capability >= 7.5 and < 9.0 to run.

]]></skipped>
    </testcase>
    <testcase name="AmpereProloguePointwise/NT" value_param="4-byte object &lt;00-00 00-00&gt;" file="/opt/pytorch/nvfuser/tests/cpp/test_matmul.cpp" line="265" status="run" result="skipped" time="0." timestamp="2025-05-20T07:56:22.862" classname="MatmulTestWithLayout">
      <skipped message="/opt/pytorch/nvfuser/tests/cpp/test_matmul.cpp:266&#x0A;Requires GPU capability &gt;= 7.5 and &lt; 9.0 to run.&#x0A;&#x0A;"><![CDATA[/opt/pytorch/nvfuser/tests/cpp/test_matmul.cpp:266
Requires GPU capability >= 7.5 and < 9.0 to run.

]]></skipped>
    </testcase>
    <testcase name="AmpereMatmulBFloat16/TN" value_param="4-byte object &lt;02-00 00-00&gt;" file="/opt/pytorch/nvfuser/tests/cpp/test_matmul.cpp" line="327" status="run" result="skipped" time="0." timestamp="2025-05-20T07:56:22.862" classname="MatmulTestWithLayout">
      <skipped message="/opt/pytorch/nvfuser/tests/cpp/test_matmul.cpp:328&#x0A;Requires GPU capability &gt;= 7.5 and &lt; 9.0 to run.&#x0A;&#x0A;"><![CDATA[/opt/pytorch/nvfuser/tests/cpp/test_matmul.cpp:328
Requires GPU capability >= 7.5 and < 9.0 to run.

]]></skipped>
    </testcase>
    <testcase name="AmpereMatmulPipelineGmem/TT" value_param="4-byte object &lt;01-00 00-00&gt;" file="/opt/pytorch/nvfuser/tests/cpp/test_matmul.cpp" line="386" status="run" result="skipped" time="0." timestamp="2025-05-20T07:56:22.862" classname="MatmulTestWithLayout">
      <skipped message="/opt/pytorch/nvfuser/tests/cpp/test_matmul.cpp:387&#x0A;Requires GPU capability &gt;= 7.5 and &lt; 9.0 to run.&#x0A;&#x0A;"><![CDATA[/opt/pytorch/nvfuser/tests/cpp/test_matmul.cpp:387
Requires GPU capability >= 7.5 and < 9.0 to run.

]]></skipped>
    </testcase>
    <testcase name="AmpereMatmulPipelineGmem/NN" value_param="4-byte object &lt;03-00 00-00&gt;" file="/opt/pytorch/nvfuser/tests/cpp/test_matmul.cpp" line="386" status="run" result="skipped" time="0." timestamp="2025-05-20T07:56:22.862" classname="MatmulTestWithLayout">
      <skipped message="/opt/pytorch/nvfuser/tests/cpp/test_matmul.cpp:387&#x0A;Requires GPU capability &gt;= 7.5 and &lt; 9.0 to run.&#x0A;&#x0A;"><![CDATA[/opt/pytorch/nvfuser/tests/cpp/test_matmul.cpp:387
Requires GPU capability >= 7.5 and < 9.0 to run.

]]></skipped>
    </testcase>
    <testcase name="AmpereSwizzle/NT" value_param="4-byte object &lt;00-00 00-00&gt;" file="/opt/pytorch/nvfuser/tests/cpp/test_matmul.cpp" line="479" status="run" result="skipped" time="0." timestamp="2025-05-20T07:56:22.862" classname="MatmulTestWithLayout">
      <skipped message="/opt/pytorch/nvfuser/tests/cpp/test_matmul.cpp:480&#x0A;Requires GPU capability &gt;= 7.5 and &lt; 9.0 to run.&#x0A;&#x0A;"><![CDATA[/opt/pytorch/nvfuser/tests/cpp/test_matmul.cpp:480
Requires GPU capability >= 7.5 and < 9.0 to run.

]]></skipped>
    </testcase>
    <testcase name="AmpereMatmulRegCircularBuffer/TN" value_param="4-byte object &lt;02-00 00-00&gt;" file="/opt/pytorch/nvfuser/tests/cpp/test_matmul.cpp" line="600" status="run" result="skipped" time="0." timestamp="2025-05-20T07:56:22.862" classname="MatmulTestWithLayout">
      <skipped message="/opt/pytorch/nvfuser/tests/cpp/test_matmul.cpp:601&#x0A;Requires GPU capability &gt;= 7.5 and &lt; 9.0 to run.&#x0A;&#x0A;"><![CDATA[/opt/pytorch/nvfuser/tests/cpp/test_matmul.cpp:601
Requires GPU capability >= 7.5 and < 9.0 to run.

]]></skipped>
    </testcase>
    <testcase name="TuringMatmul/TT" value_param="4-byte object &lt;01-00 00-00&gt;" file="/opt/pytorch/nvfuser/tests/cpp/test_matmul.cpp" line="1327" status="run" result="skipped" time="0." timestamp="2025-05-20T07:56:22.862" classname="MatmulTestWithLayout">
      <skipped message="/opt/pytorch/nvfuser/tests/cpp/test_matmul.cpp:1328&#x0A;Requires GPU capability &gt;= 7.5 and &lt; 9.0 to run.&#x0A;&#x0A;"><![CDATA[/opt/pytorch/nvfuser/tests/cpp/test_matmul.cpp:1328
Requires GPU capability >= 7.5 and < 9.0 to run.

]]></skipped>
    </testcase>
    <testcase name="TuringMatmul/NN" value_param="4-byte object &lt;03-00 00-00&gt;" file="/opt/pytorch/nvfuser/tests/cpp/test_matmul.cpp" line="1327" status="run" result="skipped" time="0." timestamp="2025-05-20T07:56:22.862" classname="MatmulTestWithLayout">
      <skipped message="/opt/pytorch/nvfuser/tests/cpp/test_matmul.cpp:1328&#x0A;Requires GPU capability &gt;= 7.5 and &lt; 9.0 to run.&#x0A;&#x0A;"><![CDATA[/opt/pytorch/nvfuser/tests/cpp/test_matmul.cpp:1328
Requires GPU capability >= 7.5 and < 9.0 to run.

]]></skipped>
    </testcase>
    <testcase name="AmpereMatmulLargeLoad/NT" value_param="4-byte object &lt;00-00 00-00&gt;" file="/opt/pytorch/nvfuser/tests/cpp/test_matmul.cpp" line="2041" status="run" result="skipped" time="0." timestamp="2025-05-20T07:56:22.862" classname="MatmulTestWithLayout">
      <skipped message="/opt/pytorch/nvfuser/tests/cpp/test_matmul.cpp:2042&#x0A;Requires GPU capability &gt;= 7.5 and &lt; 9.0 to run.&#x0A;&#x0A;"><![CDATA[/opt/pytorch/nvfuser/tests/cpp/test_matmul.cpp:2042
Requires GPU capability >= 7.5 and < 9.0 to run.

]]></skipped>
    </testcase>
    <testcase name="TuringMatmulLargeLoad/TN" value_param="4-byte object &lt;02-00 00-00&gt;" file="/opt/pytorch/nvfuser/tests/cpp/test_matmul.cpp" line="2099" status="run" result="skipped" time="0." timestamp="2025-05-20T07:56:22.862" classname="MatmulTestWithLayout">
      <skipped message="/opt/pytorch/nvfuser/tests/cpp/test_matmul.cpp:2100&#x0A;Requires GPU capability &gt;= 7.5 and &lt; 9.0 to run.&#x0A;&#x0A;"><![CDATA[/opt/pytorch/nvfuser/tests/cpp/test_matmul.cpp:2100
Requires GPU capability >= 7.5 and < 9.0 to run.

]]></skipped>
    </testcase>
    <testcase name="AmpereMatmulTileCheck4warp/TT" value_param="4-byte object &lt;01-00 00-00&gt;" file="/opt/pytorch/nvfuser/tests/cpp/test_matmul.cpp" line="2154" status="run" result="skipped" time="0." timestamp="2025-05-20T07:56:22.862" classname="MatmulTestWithLayout">
      <skipped message="/opt/pytorch/nvfuser/tests/cpp/test_matmul.cpp:2155&#x0A;Requires GPU capability &gt;= 7.5 and &lt; 9.0 to run.&#x0A;&#x0A;"><![CDATA[/opt/pytorch/nvfuser/tests/cpp/test_matmul.cpp:2155
Requires GPU capability >= 7.5 and < 9.0 to run.

]]></skipped>
    </testcase>
    <testcase name="AmpereMatmulTileCheck4warp/NN" value_param="4-byte object &lt;03-00 00-00&gt;" file="/opt/pytorch/nvfuser/tests/cpp/test_matmul.cpp" line="2154" status="run" result="skipped" time="0." timestamp="2025-05-20T07:56:22.862" classname="MatmulTestWithLayout">
      <skipped message="/opt/pytorch/nvfuser/tests/cpp/test_matmul.cpp:2155&#x0A;Requires GPU capability &gt;= 7.5 and &lt; 9.0 to run.&#x0A;&#x0A;"><![CDATA[/opt/pytorch/nvfuser/tests/cpp/test_matmul.cpp:2155
Requires GPU capability >= 7.5 and < 9.0 to run.

]]></skipped>
    </testcase>
    <testcase name="AmpereMatmulTileCheck8warp/NT" value_param="4-byte object &lt;00-00 00-00&gt;" file="/opt/pytorch/nvfuser/tests/cpp/test_matmul.cpp" line="2233" status="run" result="skipped" time="0." timestamp="2025-05-20T07:56:22.862" classname="MatmulTestWithLayout">
      <skipped message="/opt/pytorch/nvfuser/tests/cpp/test_matmul.cpp:2234&#x0A;Requires GPU capability &gt;= 7.5 and &lt; 9.0 to run.&#x0A;&#x0A;"><![CDATA[/opt/pytorch/nvfuser/tests/cpp/test_matmul.cpp:2234
Requires GPU capability >= 7.5 and < 9.0 to run.

]]></skipped>
    </testcase>
    <testcase name="AmpereMatmulTileCheck6warp/TN" value_param="4-byte object &lt;02-00 00-00&gt;" file="/opt/pytorch/nvfuser/tests/cpp/test_matmul.cpp" line="2308" status="run" result="skipped" time="0." timestamp="2025-05-20T07:56:22.862" classname="MatmulTestWithLayout">
      <skipped message="/opt/pytorch/nvfuser/tests/cpp/test_matmul.cpp:2309&#x0A;Requires GPU capability &gt;= 7.5 and &lt; 9.0 to run.&#x0A;&#x0A;"><![CDATA[/opt/pytorch/nvfuser/tests/cpp/test_matmul.cpp:2309
Requires GPU capability >= 7.5 and < 9.0 to run.

]]></skipped>
    </testcase>
    <testcase name="AmpereMatmulLargeLoadLargeK/TT" value_param="4-byte object &lt;01-00 00-00&gt;" file="/opt/pytorch/nvfuser/tests/cpp/test_matmul.cpp" line="2378" status="run" result="skipped" time="0." timestamp="2025-05-20T07:56:22.862" classname="MatmulTestWithLayout">
      <skipped message="/opt/pytorch/nvfuser/tests/cpp/test_matmul.cpp:2379&#x0A;Requires GPU capability &gt;= 7.5 and &lt; 9.0 to run.&#x0A;&#x0A;"><![CDATA[/opt/pytorch/nvfuser/tests/cpp/test_matmul.cpp:2379
Requires GPU capability >= 7.5 and < 9.0 to run.

]]></skipped>
    </testcase>
    <testcase name="AmpereMatmulLargeLoadLargeK/NN" value_param="4-byte object &lt;03-00 00-00&gt;" file="/opt/pytorch/nvfuser/tests/cpp/test_matmul.cpp" line="2378" status="run" result="skipped" time="0." timestamp="2025-05-20T07:56:22.862" classname="MatmulTestWithLayout">
      <skipped message="/opt/pytorch/nvfuser/tests/cpp/test_matmul.cpp:2379&#x0A;Requires GPU capability &gt;= 7.5 and &lt; 9.0 to run.&#x0A;&#x0A;"><![CDATA[/opt/pytorch/nvfuser/tests/cpp/test_matmul.cpp:2379
Requires GPU capability >= 7.5 and < 9.0 to run.

]]></skipped>
    </testcase>
    <testcase name="AmpereSplitKLikeStridedBatchedMatmul/NT" value_param="4-byte object &lt;00-00 00-00&gt;" file="/opt/pytorch/nvfuser/tests/cpp/test_matmul.cpp" line="2436" status="run" result="skipped" time="0." timestamp="2025-05-20T07:56:22.862" classname="MatmulTestWithLayout">
      <skipped message="/opt/pytorch/nvfuser/tests/cpp/test_matmul.cpp:2437&#x0A;Requires GPU capability &gt;= 7.5 and &lt; 9.0 to run.&#x0A;&#x0A;"><![CDATA[/opt/pytorch/nvfuser/tests/cpp/test_matmul.cpp:2437
Requires GPU capability >= 7.5 and < 9.0 to run.

]]></skipped>
    </testcase>
    <testcase name="AmpereMatmulSmemEpilogue/TN" value_param="4-byte object &lt;02-00 00-00&gt;" file="/opt/pytorch/nvfuser/tests/cpp/test_matmul.cpp" line="2485" status="run" result="skipped" time="0." timestamp="2025-05-20T07:56:22.862" classname="MatmulTestWithLayout">
      <skipped message="/opt/pytorch/nvfuser/tests/cpp/test_matmul.cpp:2486&#x0A;Requires GPU capability &gt;= 8.0 and &lt; 9.0 to run.&#x0A;&#x0A;"><![CDATA[/opt/pytorch/nvfuser/tests/cpp/test_matmul.cpp:2486
Requires GPU capability >= 8.0 and < 9.0 to run.

]]></skipped>
    </testcase>
    <testcase name="AmpereMatmulSmemEpilogueCast/TT" value_param="4-byte object &lt;01-00 00-00&gt;" file="/opt/pytorch/nvfuser/tests/cpp/test_matmul.cpp" line="2733" status="run" result="skipped" time="0." timestamp="2025-05-20T07:56:22.862" classname="MatmulTestWithLayout">
      <skipped message="/opt/pytorch/nvfuser/tests/cpp/test_matmul.cpp:2734&#x0A;Requires GPU capability &gt;= 8.0 and &lt; 9.0 to run.&#x0A;&#x0A;"><![CDATA[/opt/pytorch/nvfuser/tests/cpp/test_matmul.cpp:2734
Requires GPU capability >= 8.0 and < 9.0 to run.

]]></skipped>
    </testcase>
    <testcase name="AmpereMatmulSmemEpilogueCast/NN" value_param="4-byte object &lt;03-00 00-00&gt;" file="/opt/pytorch/nvfuser/tests/cpp/test_matmul.cpp" line="2733" status="run" result="skipped" time="0." timestamp="2025-05-20T07:56:22.862" classname="MatmulTestWithLayout">
      <skipped message="/opt/pytorch/nvfuser/tests/cpp/test_matmul.cpp:2734&#x0A;Requires GPU capability &gt;= 8.0 and &lt; 9.0 to run.&#x0A;&#x0A;"><![CDATA[/opt/pytorch/nvfuser/tests/cpp/test_matmul.cpp:2734
Requires GPU capability >= 8.0 and < 9.0 to run.

]]></skipped>
    </testcase>
    <testcase name="AmpereMatmulSmemEpilogueRelu/NT" value_param="4-byte object &lt;00-00 00-00&gt;" file="/opt/pytorch/nvfuser/tests/cpp/test_matmul.cpp" line="2828" status="run" result="skipped" time="0." timestamp="2025-05-20T07:56:22.862" classname="MatmulTestWithLayout">
      <skipped message="/opt/pytorch/nvfuser/tests/cpp/test_matmul.cpp:2829&#x0A;Requires GPU capability &gt;= 8.0 and &lt; 9.0 to run.&#x0A;&#x0A;"><![CDATA[/opt/pytorch/nvfuser/tests/cpp/test_matmul.cpp:2829
Requires GPU capability >= 8.0 and < 9.0 to run.

]]></skipped>
    </testcase>
    <testcase name="FusionAmpereMatmulSplitK_CUDA/TN" value_param="4-byte object &lt;02-00 00-00&gt;" file="/opt/pytorch/nvfuser/tests/cpp/test_matmul.cpp" line="2925" status="run" result="skipped" time="0." timestamp="2025-05-20T07:56:22.862" classname="MatmulTestWithLayout">
      <skipped message="/opt/pytorch/nvfuser/tests/cpp/test_matmul.cpp:2926&#x0A;Requires GPU capability &gt;= 8.0 and &lt; 9.0 to run.&#x0A;&#x0A;"><![CDATA[/opt/pytorch/nvfuser/tests/cpp/test_matmul.cpp:2926
Requires GPU capability >= 8.0 and < 9.0 to run.

]]></skipped>
    </testcase>
    <testcase name="FusionAmpereMatmulSplitKBias_CUDA/TT" value_param="4-byte object &lt;01-00 00-00&gt;" file="/opt/pytorch/nvfuser/tests/cpp/test_matmul.cpp" line="3000" status="run" result="skipped" time="0." timestamp="2025-05-20T07:56:22.862" classname="MatmulTestWithLayout">
      <skipped message="/opt/pytorch/nvfuser/tests/cpp/test_matmul.cpp:3001&#x0A;Requires GPU capability &gt;= 8.0 and &lt; 9.0 to run.&#x0A;&#x0A;"><![CDATA[/opt/pytorch/nvfuser/tests/cpp/test_matmul.cpp:3001
Requires GPU capability >= 8.0 and < 9.0 to run.

]]></skipped>
    </testcase>
    <testcase name="FusionAmpereMatmulSplitKBias_CUDA/NN" value_param="4-byte object &lt;03-00 00-00&gt;" file="/opt/pytorch/nvfuser/tests/cpp/test_matmul.cpp" line="3000" status="run" result="skipped" time="0." timestamp="2025-05-20T07:56:22.862" classname="MatmulTestWithLayout">
      <skipped message="/opt/pytorch/nvfuser/tests/cpp/test_matmul.cpp:3001&#x0A;Requires GPU capability &gt;= 8.0 and &lt; 9.0 to run.&#x0A;&#x0A;"><![CDATA[/opt/pytorch/nvfuser/tests/cpp/test_matmul.cpp:3001
Requires GPU capability >= 8.0 and < 9.0 to run.

]]></skipped>
    </testcase>
    <testcase name="AmpereMatmulBatchSplitK/NT" value_param="4-byte object &lt;00-00 00-00&gt;" file="/opt/pytorch/nvfuser/tests/cpp/test_matmul.cpp" line="3064" status="run" result="skipped" time="0." timestamp="2025-05-20T07:56:22.862" classname="MatmulTestWithLayout">
      <skipped message="/opt/pytorch/nvfuser/tests/cpp/test_matmul.cpp:3065&#x0A;Requires GPU capability &gt;= 8.0 and &lt; 9.0 to run.&#x0A;&#x0A;"><![CDATA[/opt/pytorch/nvfuser/tests/cpp/test_matmul.cpp:3065
Requires GPU capability >= 8.0 and < 9.0 to run.

]]></skipped>
    </testcase>
    <testcase name="AmpereMatmulBatchSplitKBias/TN" value_param="4-byte object &lt;02-00 00-00&gt;" file="/opt/pytorch/nvfuser/tests/cpp/test_matmul.cpp" line="3122" status="run" result="skipped" time="0." timestamp="2025-05-20T07:56:22.862" classname="MatmulTestWithLayout">
      <skipped message="/opt/pytorch/nvfuser/tests/cpp/test_matmul.cpp:3123&#x0A;Requires GPU capability &gt;= 8.0 and &lt; 9.0 to run.&#x0A;&#x0A;"><![CDATA[/opt/pytorch/nvfuser/tests/cpp/test_matmul.cpp:3123
Requires GPU capability >= 8.0 and < 9.0 to run.

]]></skipped>
    </testcase>
    <testcase name="MisalignedVectorization/TT" value_param="4-byte object &lt;01-00 00-00&gt;" file="/opt/pytorch/nvfuser/tests/cpp/test_matmul.cpp" line="3248" status="run" result="skipped" time="0." timestamp="2025-05-20T07:56:22.862" classname="MatmulTestWithLayout">
      <skipped message="/opt/pytorch/nvfuser/tests/cpp/test_matmul.cpp:3249&#x0A;Requires GPU capability &gt;= 8.0 and &lt; 9.0 to run.&#x0A;&#x0A;"><![CDATA[/opt/pytorch/nvfuser/tests/cpp/test_matmul.cpp:3249
Requires GPU capability >= 8.0 and < 9.0 to run.

]]></skipped>
    </testcase>
    <testcase name="MisalignedVectorization/NN" value_param="4-byte object &lt;03-00 00-00&gt;" file="/opt/pytorch/nvfuser/tests/cpp/test_matmul.cpp" line="3248" status="run" result="skipped" time="0." timestamp="2025-05-20T07:56:22.862" classname="MatmulTestWithLayout">
      <skipped message="/opt/pytorch/nvfuser/tests/cpp/test_matmul.cpp:3249&#x0A;Requires GPU capability &gt;= 8.0 and &lt; 9.0 to run.&#x0A;&#x0A;"><![CDATA[/opt/pytorch/nvfuser/tests/cpp/test_matmul.cpp:3249
Requires GPU capability >= 8.0 and < 9.0 to run.

]]></skipped>
    </testcase>
  </testsuite>
  <testsuite name="MLPBenchmarkTest" tests="9" failures="0" disabled="0" skipped="1" errors="0" time="8.826" timestamp="2025-05-20T07:56:22.862">
    <testcase name="FwdGEMM/persistent_non_warpspec" value_param="2-byte object &lt;00-01&gt;" file="/opt/pytorch/nvfuser/tests/cpp/test_matmul.cpp" line="4151" status="run" result="completed" time="0.588" timestamp="2025-05-20T07:56:22.862" classname="MLPBenchmarkTest" />
    <testcase name="FwdGEMM_BroadcastInputs/dataparallel_warpspec" value_param="2-byte object &lt;01-00&gt;" file="/opt/pytorch/nvfuser/tests/cpp/test_matmul.cpp" line="4200" status="run" result="completed" time="0.44" timestamp="2025-05-20T07:56:23.451" classname="MLPBenchmarkTest" />
    <testcase name="FwdEpilogueBiasFusion/dataparallel_non_warpspec" value_param="2-byte object &lt;00-00&gt;" file="/opt/pytorch/nvfuser/tests/cpp/test_matmul.cpp" line="4250" status="run" result="completed" time="0.738" timestamp="2025-05-20T07:56:23.892" classname="MLPBenchmarkTest" />
    <testcase name="FwdEpilogueBiasFusion/persistent_warpspec" value_param="2-byte object &lt;01-01&gt;" file="/opt/pytorch/nvfuser/tests/cpp/test_matmul.cpp" line="4250" status="run" result="completed" time="0.634" timestamp="2025-05-20T07:56:24.631" classname="MLPBenchmarkTest" />
    <testcase name="FwdEpilogueSiluFusion/persistent_non_warpspec" value_param="2-byte object &lt;00-01&gt;" file="/opt/pytorch/nvfuser/tests/cpp/test_matmul.cpp" line="4301" status="run" result="completed" time="1.319" timestamp="2025-05-20T07:56:25.266" classname="MLPBenchmarkTest" />
    <testcase name="FwdEpilogueFusion_BroadcastInputs/dataparallel_warpspec" value_param="2-byte object &lt;01-00&gt;" file="/opt/pytorch/nvfuser/tests/cpp/test_matmul.cpp" line="4368" status="run" result="skipped" time="0." timestamp="2025-05-20T07:56:26.585" classname="MLPBenchmarkTest">
      <skipped message="/opt/pytorch/nvfuser/tests/cpp/test_matmul.cpp:4369&#x0A;THIS TEST IS CURRENTLY FAILING&#x0A;&#x0A;"><![CDATA[/opt/pytorch/nvfuser/tests/cpp/test_matmul.cpp:4369
THIS TEST IS CURRENTLY FAILING

]]></skipped>
    </testcase>
    <testcase name="FwdHorizontalFusion/dataparallel_non_warpspec" value_param="2-byte object &lt;00-00&gt;" file="/opt/pytorch/nvfuser/tests/cpp/test_matmul.cpp" line="4436" status="run" result="completed" time="0.998" timestamp="2025-05-20T07:56:26.585" classname="MLPBenchmarkTest" />
    <testcase name="FwdHorizontalFusion/persistent_warpspec" value_param="2-byte object &lt;01-01&gt;" file="/opt/pytorch/nvfuser/tests/cpp/test_matmul.cpp" line="4436" status="run" result="completed" time="2.282" timestamp="2025-05-20T07:56:27.583" classname="MLPBenchmarkTest" />
    <testcase name="FwdHorizontalFusion_BroadcastInputs/persistent_non_warpspec" value_param="2-byte object &lt;00-01&gt;" file="/opt/pytorch/nvfuser/tests/cpp/test_matmul.cpp" line="4525" status="run" result="completed" time="1.823" timestamp="2025-05-20T07:56:29.865" classname="MLPBenchmarkTest" />
  </testsuite>
  <testsuite name="HopperMatmulTest/MLPGemmPersistentBroadcastInputs" tests="1" failures="0" disabled="0" skipped="0" errors="0" time="1.021" timestamp="2025-05-20T07:56:31.689">
    <testcase name="NumWarpGroups/2" value_param="2" file="/opt/pytorch/nvfuser/tests/cpp/test_matmul.cpp" line="5079" status="run" result="completed" time="1.021" timestamp="2025-05-20T07:56:31.689" classname="HopperMatmulTest/MLPGemmPersistentBroadcastInputs" />
  </testsuite>
  <testsuite name="MatmulNodeParameterizedTest" tests="13" failures="0" disabled="0" skipped="0" errors="0" time="0.189" timestamp="2025-05-20T07:56:32.711">
    <testcase name="MatmulNodeConcrete/2" value_param="({ 32 }, { 32, 1 })" file="/opt/pytorch/nvfuser/tests/cpp/test_matmul_aten_evaluation.cpp" line="147" status="run" result="completed" time="0.031" timestamp="2025-05-20T07:56:32.711" classname="MatmulNodeParameterizedTest" />
    <testcase name="MatmulNodeConcrete/5" value_param="({ 64, 32 }, { 32, 16 })" file="/opt/pytorch/nvfuser/tests/cpp/test_matmul_aten_evaluation.cpp" line="147" status="run" result="completed" time="0.006" timestamp="2025-05-20T07:56:32.742" classname="MatmulNodeParameterizedTest" />
    <testcase name="MatmulNodeConcrete/8" value_param="({ 1, 32 }, { 32 })" file="/opt/pytorch/nvfuser/tests/cpp/test_matmul_aten_evaluation.cpp" line="147" status="run" result="completed" time="0.004" timestamp="2025-05-20T07:56:32.748" classname="MatmulNodeParameterizedTest" />
    <testcase name="MatmulNodeConcrete/11" value_param="({ 1, 32 }, { 128, 32, 16 })" file="/opt/pytorch/nvfuser/tests/cpp/test_matmul_aten_evaluation.cpp" line="147" status="run" result="completed" time="0.008" timestamp="2025-05-20T07:56:32.753" classname="MatmulNodeParameterizedTest" />
    <testcase name="MatmulNodeConcrete/14" value_param="({ 128, 64, 32 }, { 32, 1 })" file="/opt/pytorch/nvfuser/tests/cpp/test_matmul_aten_evaluation.cpp" line="147" status="run" result="completed" time="0.012" timestamp="2025-05-20T07:56:32.761" classname="MatmulNodeParameterizedTest" />
    <testcase name="MatmulNodeConcrete/17" value_param="({ 128, 1, 64, 32 }, { 32, 16 })" file="/opt/pytorch/nvfuser/tests/cpp/test_matmul_aten_evaluation.cpp" line="147" status="run" result="completed" time="0.022" timestamp="2025-05-20T07:56:32.774" classname="MatmulNodeParameterizedTest" />
    <testcase name="MatmulNodeSymbolic/0" value_param="({ 32 }, { 32 })" file="/opt/pytorch/nvfuser/tests/cpp/test_matmul_aten_evaluation.cpp" line="173" status="run" result="completed" time="0.005" timestamp="2025-05-20T07:56:32.796" classname="MatmulNodeParameterizedTest" />
    <testcase name="MatmulNodeSymbolic/3" value_param="({ 32 }, { 128, 32, 16 })" file="/opt/pytorch/nvfuser/tests/cpp/test_matmul_aten_evaluation.cpp" line="173" status="run" result="completed" time="0.006" timestamp="2025-05-20T07:56:32.802" classname="MatmulNodeParameterizedTest" />
    <testcase name="MatmulNodeSymbolic/6" value_param="({ 64, 32 }, { 32, 1 })" file="/opt/pytorch/nvfuser/tests/cpp/test_matmul_aten_evaluation.cpp" line="173" status="run" result="completed" time="0.006" timestamp="2025-05-20T07:56:32.808" classname="MatmulNodeParameterizedTest" />
    <testcase name="MatmulNodeSymbolic/9" value_param="({ 1, 32 }, { 32, 16 })" file="/opt/pytorch/nvfuser/tests/cpp/test_matmul_aten_evaluation.cpp" line="173" status="run" result="completed" time="0.005" timestamp="2025-05-20T07:56:32.815" classname="MatmulNodeParameterizedTest" />
    <testcase name="MatmulNodeSymbolic/12" value_param="({ 128, 64, 32 }, { 32 })" file="/opt/pytorch/nvfuser/tests/cpp/test_matmul_aten_evaluation.cpp" line="173" status="run" result="completed" time="0.011" timestamp="2025-05-20T07:56:32.820" classname="MatmulNodeParameterizedTest" />
    <testcase name="MatmulNodeSymbolic/15" value_param="({ 128, 64, 32 }, { 128, 32, 16 })" file="/opt/pytorch/nvfuser/tests/cpp/test_matmul_aten_evaluation.cpp" line="173" status="run" result="completed" time="0.057" timestamp="2025-05-20T07:56:32.832" classname="MatmulNodeParameterizedTest" />
    <testcase name="MatmulNodeSymbolic/18" value_param="({ 128, 1, 64, 32 }, { 32, 1 })" file="/opt/pytorch/nvfuser/tests/cpp/test_matmul_aten_evaluation.cpp" line="173" status="run" result="completed" time="0.011" timestamp="2025-05-20T07:56:32.889" classname="MatmulNodeParameterizedTest" />
  </testsuite>
  <testsuite name="ReductionAxisIsOne/MatmulNodeParameterizedTest" tests="13" failures="0" disabled="0" skipped="0" errors="0" time="1.359" timestamp="2025-05-20T07:56:32.900">
    <testcase name="MatmulNodeConcrete/1" value_param="({ 1 }, { 1, 16 })" file="/opt/pytorch/nvfuser/tests/cpp/test_matmul_aten_evaluation.cpp" line="147" status="run" result="completed" time="0.069" timestamp="2025-05-20T07:56:32.900" classname="ReductionAxisIsOne/MatmulNodeParameterizedTest" />
    <testcase name="MatmulNodeConcrete/4" value_param="({ 64, 1 }, { 1 })" file="/opt/pytorch/nvfuser/tests/cpp/test_matmul_aten_evaluation.cpp" line="147" status="run" result="completed" time="0.063" timestamp="2025-05-20T07:56:32.969" classname="ReductionAxisIsOne/MatmulNodeParameterizedTest" />
    <testcase name="MatmulNodeConcrete/7" value_param="({ 64, 1 }, { 128, 1, 16 })" file="/opt/pytorch/nvfuser/tests/cpp/test_matmul_aten_evaluation.cpp" line="147" status="run" result="completed" time="0.12" timestamp="2025-05-20T07:56:33.033" classname="ReductionAxisIsOne/MatmulNodeParameterizedTest" />
    <testcase name="MatmulNodeConcrete/10" value_param="({ 1, 1 }, { 1, 1 })" file="/opt/pytorch/nvfuser/tests/cpp/test_matmul_aten_evaluation.cpp" line="147" status="run" result="completed" time="0.05" timestamp="2025-05-20T07:56:33.154" classname="ReductionAxisIsOne/MatmulNodeParameterizedTest" />
    <testcase name="MatmulNodeConcrete/13" value_param="({ 128, 64, 1 }, { 1, 16 })" file="/opt/pytorch/nvfuser/tests/cpp/test_matmul_aten_evaluation.cpp" line="147" status="run" result="completed" time="0.118" timestamp="2025-05-20T07:56:33.205" classname="ReductionAxisIsOne/MatmulNodeParameterizedTest" />
    <testcase name="MatmulNodeConcrete/16" value_param="({ 128, 1, 64, 1 }, { 1 })" file="/opt/pytorch/nvfuser/tests/cpp/test_matmul_aten_evaluation.cpp" line="147" status="run" result="completed" time="0.078" timestamp="2025-05-20T07:56:33.323" classname="ReductionAxisIsOne/MatmulNodeParameterizedTest" />
    <testcase name="MatmulNodeConcrete/19" value_param="({ 128, 1, 64, 1 }, { 128, 1, 16 })" file="/opt/pytorch/nvfuser/tests/cpp/test_matmul_aten_evaluation.cpp" line="147" status="run" result="completed" time="0.334" timestamp="2025-05-20T07:56:33.401" classname="ReductionAxisIsOne/MatmulNodeParameterizedTest" />
    <testcase name="MatmulNodeSymbolic/2" value_param="({ 1 }, { 1, 1 })" file="/opt/pytorch/nvfuser/tests/cpp/test_matmul_aten_evaluation.cpp" line="173" status="run" result="completed" time="0.05" timestamp="2025-05-20T07:56:33.735" classname="ReductionAxisIsOne/MatmulNodeParameterizedTest" />
    <testcase name="MatmulNodeSymbolic/5" value_param="({ 64, 1 }, { 1, 16 })" file="/opt/pytorch/nvfuser/tests/cpp/test_matmul_aten_evaluation.cpp" line="173" status="run" result="completed" time="0.094" timestamp="2025-05-20T07:56:33.786" classname="ReductionAxisIsOne/MatmulNodeParameterizedTest" />
    <testcase name="MatmulNodeSymbolic/8" value_param="({ 1, 1 }, { 1 })" file="/opt/pytorch/nvfuser/tests/cpp/test_matmul_aten_evaluation.cpp" line="173" status="run" result="completed" time="0.058" timestamp="2025-05-20T07:56:33.880" classname="ReductionAxisIsOne/MatmulNodeParameterizedTest" />
    <testcase name="MatmulNodeSymbolic/11" value_param="({ 1, 1 }, { 128, 1, 16 })" file="/opt/pytorch/nvfuser/tests/cpp/test_matmul_aten_evaluation.cpp" line="173" status="run" result="completed" time="0.092" timestamp="2025-05-20T07:56:33.938" classname="ReductionAxisIsOne/MatmulNodeParameterizedTest" />
    <testcase name="MatmulNodeSymbolic/14" value_param="({ 128, 64, 1 }, { 1, 1 })" file="/opt/pytorch/nvfuser/tests/cpp/test_matmul_aten_evaluation.cpp" line="173" status="run" result="completed" time="0.085" timestamp="2025-05-20T07:56:34.031" classname="ReductionAxisIsOne/MatmulNodeParameterizedTest" />
    <testcase name="MatmulNodeSymbolic/17" value_param="({ 128, 1, 64, 1 }, { 1, 16 })" file="/opt/pytorch/nvfuser/tests/cpp/test_matmul_aten_evaluation.cpp" line="173" status="run" result="completed" time="0.142" timestamp="2025-05-20T07:56:34.117" classname="ReductionAxisIsOne/MatmulNodeParameterizedTest" />
  </testsuite>
  <testsuite name="LinearWithoutBias/LinearNodeParametrizedTest" tests="7" failures="0" disabled="0" skipped="0" errors="0" time="0.044" timestamp="2025-05-20T07:56:34.259">
    <testcase name="LinearNodeConcrete/0" value_param="({ 32 }, { 16, 32 }, (nullopt))" file="/opt/pytorch/nvfuser/tests/cpp/test_matmul_aten_evaluation.cpp" line="199" status="run" result="completed" time="0.006" timestamp="2025-05-20T07:56:34.259" classname="LinearWithoutBias/LinearNodeParametrizedTest" />
    <testcase name="LinearNodeConcrete/3" value_param="({ 64, 32 }, { 1, 32 }, (nullopt))" file="/opt/pytorch/nvfuser/tests/cpp/test_matmul_aten_evaluation.cpp" line="199" status="run" result="completed" time="0.004" timestamp="2025-05-20T07:56:34.265" classname="LinearWithoutBias/LinearNodeParametrizedTest" />
    <testcase name="LinearNodeConcrete/6" value_param="({ 1, 32 }, { 16, 32 }, (nullopt))" file="/opt/pytorch/nvfuser/tests/cpp/test_matmul_aten_evaluation.cpp" line="199" status="run" result="completed" time="0.004" timestamp="2025-05-20T07:56:34.270" classname="LinearWithoutBias/LinearNodeParametrizedTest" />
    <testcase name="LinearNodeConcrete/9" value_param="({ 128, 1, 32 }, { 1, 32 }, (nullopt))" file="/opt/pytorch/nvfuser/tests/cpp/test_matmul_aten_evaluation.cpp" line="199" status="run" result="completed" time="0.004" timestamp="2025-05-20T07:56:34.274" classname="LinearWithoutBias/LinearNodeParametrizedTest" />
    <testcase name="LinearNodeSymbolic/2" value_param="({ 64, 32 }, { 16, 32 }, (nullopt))" file="/opt/pytorch/nvfuser/tests/cpp/test_matmul_aten_evaluation.cpp" line="246" status="run" result="completed" time="0.006" timestamp="2025-05-20T07:56:34.279" classname="LinearWithoutBias/LinearNodeParametrizedTest" />
    <testcase name="LinearNodeSymbolic/5" value_param="({ 128, 64, 32 }, { 1, 32 }, (nullopt))" file="/opt/pytorch/nvfuser/tests/cpp/test_matmul_aten_evaluation.cpp" line="246" status="run" result="completed" time="0.011" timestamp="2025-05-20T07:56:34.286" classname="LinearWithoutBias/LinearNodeParametrizedTest" />
    <testcase name="LinearNodeSymbolic/8" value_param="({ 128, 1, 32 }, { 16, 32 }, (nullopt))" file="/opt/pytorch/nvfuser/tests/cpp/test_matmul_aten_evaluation.cpp" line="246" status="run" result="completed" time="0.006" timestamp="2025-05-20T07:56:34.297" classname="LinearWithoutBias/LinearNodeParametrizedTest" />
  </testsuite>
  <testsuite name="LinearWithBias/LinearNodeParametrizedTest" tests="3" failures="0" disabled="0" skipped="0" errors="0" time="0.098" timestamp="2025-05-20T07:56:34.303">
    <testcase name="LinearNodeConcrete/1" value_param="({ 64, 32 }, { 16, 32 }, ({ 16 }))" file="/opt/pytorch/nvfuser/tests/cpp/test_matmul_aten_evaluation.cpp" line="199" status="run" result="completed" time="0.006" timestamp="2025-05-20T07:56:34.303" classname="LinearWithBias/LinearNodeParametrizedTest" />
    <testcase name="LinearNodeConcrete/4" value_param="({ 128, 1, 32 }, { 16, 32 }, ({ 16 }))" file="/opt/pytorch/nvfuser/tests/cpp/test_matmul_aten_evaluation.cpp" line="199" status="run" result="completed" time="0.006" timestamp="2025-05-20T07:56:34.310" classname="LinearWithBias/LinearNodeParametrizedTest" />
    <testcase name="LinearNodeSymbolic/2" value_param="({ 128, 64, 32 }, { 16, 32 }, ({ 16 }))" file="/opt/pytorch/nvfuser/tests/cpp/test_matmul_aten_evaluation.cpp" line="246" status="run" result="completed" time="0.084" timestamp="2025-05-20T07:56:34.316" classname="LinearWithBias/LinearNodeParametrizedTest" />
  </testsuite>
  <testsuite name="LinearReductionAxisIsOne/LinearNodeParametrizedTest" tests="4" failures="0" disabled="0" skipped="0" errors="0" time="0.019" timestamp="2025-05-20T07:56:34.401">
    <testcase name="LinearNodeConcrete/0" value_param="({ 1 }, { 16, 1 }, ({ 16 }))" file="/opt/pytorch/nvfuser/tests/cpp/test_matmul_aten_evaluation.cpp" line="199" status="run" result="completed" time="0.004" timestamp="2025-05-20T07:56:34.401" classname="LinearReductionAxisIsOne/LinearNodeParametrizedTest" />
    <testcase name="LinearNodeConcrete/3" value_param="({ 1, 1 }, { 16, 1 }, ({ 16 }))" file="/opt/pytorch/nvfuser/tests/cpp/test_matmul_aten_evaluation.cpp" line="199" status="run" result="completed" time="0.004" timestamp="2025-05-20T07:56:34.406" classname="LinearReductionAxisIsOne/LinearNodeParametrizedTest" />
    <testcase name="LinearNodeSymbolic/1" value_param="({ 64, 1 }, { 16, 1 }, ({ 16 }))" file="/opt/pytorch/nvfuser/tests/cpp/test_matmul_aten_evaluation.cpp" line="246" status="run" result="completed" time="0.005" timestamp="2025-05-20T07:56:34.411" classname="LinearReductionAxisIsOne/LinearNodeParametrizedTest" />
    <testcase name="LinearNodeSymbolic/4" value_param="({ 128, 1, 1 }, { 16, 1 }, ({ 16 }))" file="/opt/pytorch/nvfuser/tests/cpp/test_matmul_aten_evaluation.cpp" line="246" status="run" result="completed" time="0.005" timestamp="2025-05-20T07:56:34.416" classname="LinearReductionAxisIsOne/LinearNodeParametrizedTest" />
  </testsuite>
  <testsuite name="MatmulSASSTestWithLayout" tests="1" failures="0" disabled="0" skipped="1" errors="0" time="0." timestamp="2025-05-20T07:56:34.421">
    <testcase name="AmpereSanity/NT" value_param="4-byte object &lt;00-00 00-00&gt;" file="/opt/pytorch/nvfuser/tests/cpp/test_matmul_sass.cpp" line="182" status="run" result="skipped" time="0." timestamp="2025-05-20T07:56:34.421" classname="MatmulSASSTestWithLayout">
      <skipped message="/opt/pytorch/nvfuser/tests/cpp/test_matmul_sass.cpp:183&#x0A;Requires GPU capability &gt;= 8.0 and &lt; 9.0 to run.&#x0A;&#x0A;"><![CDATA[/opt/pytorch/nvfuser/tests/cpp/test_matmul_sass.cpp:183
Requires GPU capability >= 8.0 and < 9.0 to run.

]]></skipped>
    </testcase>
  </testsuite>
  <testsuite name="MatmulSchedulerTest/PrecisionParametrizedTest" tests="12" failures="0" disabled="0" skipped="12" errors="0" time="0." timestamp="2025-05-20T07:56:34.421">
    <testcase name="EpilogueBias/HSH" value_param="(__half, float, __half)" file="/opt/pytorch/nvfuser/tests/cpp/test_matmul_scheduler.cpp" line="130" status="run" result="skipped" time="0." timestamp="2025-05-20T07:56:34.421" classname="MatmulSchedulerTest/PrecisionParametrizedTest">
      <skipped message="/opt/pytorch/nvfuser/tests/cpp/test_matmul_scheduler.cpp:132&#x0A;Requires GPU capability &gt;= 7.5 and &lt; 9.0 to run.&#x0A;&#x0A;"><![CDATA[/opt/pytorch/nvfuser/tests/cpp/test_matmul_scheduler.cpp:132
Requires GPU capability >= 7.5 and < 9.0 to run.

]]></skipped>
    </testcase>
    <testcase name="EpilogueRelu/HSS" value_param="(__half, float, float)" file="/opt/pytorch/nvfuser/tests/cpp/test_matmul_scheduler.cpp" line="232" status="run" result="skipped" time="0." timestamp="2025-05-20T07:56:34.421" classname="MatmulSchedulerTest/PrecisionParametrizedTest">
      <skipped message="/opt/pytorch/nvfuser/tests/cpp/test_matmul_scheduler.cpp:234&#x0A;Requires GPU capability &gt;= 7.5 and &lt; 9.0 to run.&#x0A;&#x0A;"><![CDATA[/opt/pytorch/nvfuser/tests/cpp/test_matmul_scheduler.cpp:234
Requires GPU capability >= 7.5 and < 9.0 to run.

]]></skipped>
    </testcase>
    <testcase name="EpilogueRelu/TST" value_param="(__bfloat, float, __bfloat)" file="/opt/pytorch/nvfuser/tests/cpp/test_matmul_scheduler.cpp" line="232" status="run" result="skipped" time="0." timestamp="2025-05-20T07:56:34.421" classname="MatmulSchedulerTest/PrecisionParametrizedTest">
      <skipped message="/opt/pytorch/nvfuser/tests/cpp/test_matmul_scheduler.cpp:234&#x0A;Requires GPU capability &gt;= 7.5 and &lt; 9.0 to run.&#x0A;&#x0A;"><![CDATA[/opt/pytorch/nvfuser/tests/cpp/test_matmul_scheduler.cpp:234
Requires GPU capability >= 7.5 and < 9.0 to run.

]]></skipped>
    </testcase>
    <testcase name="EpilogueBiasRelu/TSS" value_param="(__bfloat, float, float)" file="/opt/pytorch/nvfuser/tests/cpp/test_matmul_scheduler.cpp" line="318" status="run" result="skipped" time="0." timestamp="2025-05-20T07:56:34.421" classname="MatmulSchedulerTest/PrecisionParametrizedTest">
      <skipped message="/opt/pytorch/nvfuser/tests/cpp/test_matmul_scheduler.cpp:321&#x0A;Requires GPU capability &gt;= 7.5 and &lt; 9.0 to run.&#x0A;&#x0A;"><![CDATA[/opt/pytorch/nvfuser/tests/cpp/test_matmul_scheduler.cpp:321
Requires GPU capability >= 7.5 and < 9.0 to run.

]]></skipped>
    </testcase>
    <testcase name="EpilogueReluAux/HSH" value_param="(__half, float, __half)" file="/opt/pytorch/nvfuser/tests/cpp/test_matmul_scheduler.cpp" line="425" status="run" result="skipped" time="0." timestamp="2025-05-20T07:56:34.421" classname="MatmulSchedulerTest/PrecisionParametrizedTest">
      <skipped message="/opt/pytorch/nvfuser/tests/cpp/test_matmul_scheduler.cpp:427&#x0A;Requires GPU capability &gt;= 7.5 and &lt; 9.0 to run.&#x0A;&#x0A;"><![CDATA[/opt/pytorch/nvfuser/tests/cpp/test_matmul_scheduler.cpp:427
Requires GPU capability >= 7.5 and < 9.0 to run.

]]></skipped>
    </testcase>
    <testcase name="EpilogueBiasReluAux/HSS" value_param="(__half, float, float)" file="/opt/pytorch/nvfuser/tests/cpp/test_matmul_scheduler.cpp" line="518" status="run" result="skipped" time="0." timestamp="2025-05-20T07:56:34.421" classname="MatmulSchedulerTest/PrecisionParametrizedTest">
      <skipped message="/opt/pytorch/nvfuser/tests/cpp/test_matmul_scheduler.cpp:521&#x0A;Requires GPU capability &gt;= 7.5 and &lt; 9.0 to run.&#x0A;&#x0A;"><![CDATA[/opt/pytorch/nvfuser/tests/cpp/test_matmul_scheduler.cpp:521
Requires GPU capability >= 7.5 and < 9.0 to run.

]]></skipped>
    </testcase>
    <testcase name="EpilogueBiasReluAux/TST" value_param="(__bfloat, float, __bfloat)" file="/opt/pytorch/nvfuser/tests/cpp/test_matmul_scheduler.cpp" line="518" status="run" result="skipped" time="0." timestamp="2025-05-20T07:56:34.421" classname="MatmulSchedulerTest/PrecisionParametrizedTest">
      <skipped message="/opt/pytorch/nvfuser/tests/cpp/test_matmul_scheduler.cpp:521&#x0A;Requires GPU capability &gt;= 7.5 and &lt; 9.0 to run.&#x0A;&#x0A;"><![CDATA[/opt/pytorch/nvfuser/tests/cpp/test_matmul_scheduler.cpp:521
Requires GPU capability >= 7.5 and < 9.0 to run.

]]></skipped>
    </testcase>
    <testcase name="EpilogueGelu/TSS" value_param="(__bfloat, float, float)" file="/opt/pytorch/nvfuser/tests/cpp/test_matmul_scheduler.cpp" line="631" status="run" result="skipped" time="0." timestamp="2025-05-20T07:56:34.421" classname="MatmulSchedulerTest/PrecisionParametrizedTest">
      <skipped message="/opt/pytorch/nvfuser/tests/cpp/test_matmul_scheduler.cpp:633&#x0A;Requires GPU capability &gt;= 7.5 and &lt; 9.0 to run.&#x0A;&#x0A;"><![CDATA[/opt/pytorch/nvfuser/tests/cpp/test_matmul_scheduler.cpp:633
Requires GPU capability >= 7.5 and < 9.0 to run.

]]></skipped>
    </testcase>
    <testcase name="EpilogueGeluAux/HSH" value_param="(__half, float, __half)" file="/opt/pytorch/nvfuser/tests/cpp/test_matmul_scheduler.cpp" line="717" status="run" result="skipped" time="0." timestamp="2025-05-20T07:56:34.421" classname="MatmulSchedulerTest/PrecisionParametrizedTest">
      <skipped message="/opt/pytorch/nvfuser/tests/cpp/test_matmul_scheduler.cpp:718&#x0A;Requires GPU capability &gt;= 7.5 and &lt; 9.0 to run.&#x0A;&#x0A;"><![CDATA[/opt/pytorch/nvfuser/tests/cpp/test_matmul_scheduler.cpp:718
Requires GPU capability >= 7.5 and < 9.0 to run.

]]></skipped>
    </testcase>
    <testcase name="EpilogueBiasGelu/HSS" value_param="(__half, float, float)" file="/opt/pytorch/nvfuser/tests/cpp/test_matmul_scheduler.cpp" line="809" status="run" result="skipped" time="0." timestamp="2025-05-20T07:56:34.421" classname="MatmulSchedulerTest/PrecisionParametrizedTest">
      <skipped message="/opt/pytorch/nvfuser/tests/cpp/test_matmul_scheduler.cpp:811&#x0A;Requires GPU capability &gt;= 7.5 and &lt; 9.0 to run.&#x0A;&#x0A;"><![CDATA[/opt/pytorch/nvfuser/tests/cpp/test_matmul_scheduler.cpp:811
Requires GPU capability >= 7.5 and < 9.0 to run.

]]></skipped>
    </testcase>
    <testcase name="EpilogueBiasGelu/TST" value_param="(__bfloat, float, __bfloat)" file="/opt/pytorch/nvfuser/tests/cpp/test_matmul_scheduler.cpp" line="809" status="run" result="skipped" time="0." timestamp="2025-05-20T07:56:34.421" classname="MatmulSchedulerTest/PrecisionParametrizedTest">
      <skipped message="/opt/pytorch/nvfuser/tests/cpp/test_matmul_scheduler.cpp:811&#x0A;Requires GPU capability &gt;= 7.5 and &lt; 9.0 to run.&#x0A;&#x0A;"><![CDATA[/opt/pytorch/nvfuser/tests/cpp/test_matmul_scheduler.cpp:811
Requires GPU capability >= 7.5 and < 9.0 to run.

]]></skipped>
    </testcase>
    <testcase name="EpilogueBiasGeluAux/TSS" value_param="(__bfloat, float, float)" file="/opt/pytorch/nvfuser/tests/cpp/test_matmul_scheduler.cpp" line="914" status="run" result="skipped" time="0." timestamp="2025-05-20T07:56:34.421" classname="MatmulSchedulerTest/PrecisionParametrizedTest">
      <skipped message="/opt/pytorch/nvfuser/tests/cpp/test_matmul_scheduler.cpp:917&#x0A;Requires GPU capability &gt;= 7.5 and &lt; 9.0 to run.&#x0A;&#x0A;"><![CDATA[/opt/pytorch/nvfuser/tests/cpp/test_matmul_scheduler.cpp:917
Requires GPU capability >= 7.5 and < 9.0 to run.

]]></skipped>
    </testcase>
  </testsuite>
  <testsuite name="MatmulSchedulerTestWithLayout" tests="11" failures="0" disabled="0" skipped="11" errors="0" time="0." timestamp="2025-05-20T07:56:34.421">
    <testcase name="BasicMatmulRelaxedCheck/TN" value_param="4-byte object &lt;02-00 00-00&gt;" file="/opt/pytorch/nvfuser/tests/cpp/test_matmul_scheduler.cpp" line="1122" status="run" result="skipped" time="0." timestamp="2025-05-20T07:56:34.421" classname="MatmulSchedulerTestWithLayout">
      <skipped message="/opt/pytorch/nvfuser/tests/cpp/test_matmul_scheduler.cpp:1125&#x0A;Requires GPU capability &gt;= 7.5 and &lt; 9.0 to run.&#x0A;&#x0A;"><![CDATA[/opt/pytorch/nvfuser/tests/cpp/test_matmul_scheduler.cpp:1125
Requires GPU capability >= 7.5 and < 9.0 to run.

]]></skipped>
    </testcase>
    <testcase name="StridedBatch/TT" value_param="4-byte object &lt;01-00 00-00&gt;" file="/opt/pytorch/nvfuser/tests/cpp/test_matmul_scheduler.cpp" line="1703" status="run" result="skipped" time="0." timestamp="2025-05-20T07:56:34.421" classname="MatmulSchedulerTestWithLayout">
      <skipped message="/opt/pytorch/nvfuser/tests/cpp/test_matmul_scheduler.cpp:1705&#x0A;Requires GPU capability &gt;= 7.5 and &lt; 9.0 to run.&#x0A;&#x0A;"><![CDATA[/opt/pytorch/nvfuser/tests/cpp/test_matmul_scheduler.cpp:1705
Requires GPU capability >= 7.5 and < 9.0 to run.

]]></skipped>
    </testcase>
    <testcase name="StridedBatch/NN" value_param="4-byte object &lt;03-00 00-00&gt;" file="/opt/pytorch/nvfuser/tests/cpp/test_matmul_scheduler.cpp" line="1703" status="run" result="skipped" time="0." timestamp="2025-05-20T07:56:34.421" classname="MatmulSchedulerTestWithLayout">
      <skipped message="/opt/pytorch/nvfuser/tests/cpp/test_matmul_scheduler.cpp:1705&#x0A;Requires GPU capability &gt;= 7.5 and &lt; 9.0 to run.&#x0A;&#x0A;"><![CDATA[/opt/pytorch/nvfuser/tests/cpp/test_matmul_scheduler.cpp:1705
Requires GPU capability >= 7.5 and < 9.0 to run.

]]></skipped>
    </testcase>
    <testcase name="StridedBatchEpilogueAlphaBeta/NT" value_param="4-byte object &lt;00-00 00-00&gt;" file="/opt/pytorch/nvfuser/tests/cpp/test_matmul_scheduler.cpp" line="1757" status="run" result="skipped" time="0." timestamp="2025-05-20T07:56:34.421" classname="MatmulSchedulerTestWithLayout">
      <skipped message="/opt/pytorch/nvfuser/tests/cpp/test_matmul_scheduler.cpp:1759&#x0A;Requires GPU capability &gt;= 7.5 and &lt; 9.0 to run.&#x0A;&#x0A;"><![CDATA[/opt/pytorch/nvfuser/tests/cpp/test_matmul_scheduler.cpp:1759
Requires GPU capability >= 7.5 and < 9.0 to run.

]]></skipped>
    </testcase>
    <testcase name="StridedBatchEpilogueAlphaSingleBeta/TN" value_param="4-byte object &lt;02-00 00-00&gt;" file="/opt/pytorch/nvfuser/tests/cpp/test_matmul_scheduler.cpp" line="1833" status="run" result="skipped" time="0." timestamp="2025-05-20T07:56:34.421" classname="MatmulSchedulerTestWithLayout">
      <skipped message="/opt/pytorch/nvfuser/tests/cpp/test_matmul_scheduler.cpp:1835&#x0A;Requires GPU capability &gt;= 7.5 and &lt; 9.0 to run.&#x0A;&#x0A;"><![CDATA[/opt/pytorch/nvfuser/tests/cpp/test_matmul_scheduler.cpp:1835
Requires GPU capability >= 7.5 and < 9.0 to run.

]]></skipped>
    </testcase>
    <testcase name="StridedBatchEpilogueBias/TT" value_param="4-byte object &lt;01-00 00-00&gt;" file="/opt/pytorch/nvfuser/tests/cpp/test_matmul_scheduler.cpp" line="1913" status="run" result="skipped" time="0." timestamp="2025-05-20T07:56:34.421" classname="MatmulSchedulerTestWithLayout">
      <skipped message="/opt/pytorch/nvfuser/tests/cpp/test_matmul_scheduler.cpp:1915&#x0A;Requires GPU capability &gt;= 7.5 and &lt; 9.0 to run.&#x0A;&#x0A;"><![CDATA[/opt/pytorch/nvfuser/tests/cpp/test_matmul_scheduler.cpp:1915
Requires GPU capability >= 7.5 and < 9.0 to run.

]]></skipped>
    </testcase>
    <testcase name="StridedBatchEpilogueBias/NN" value_param="4-byte object &lt;03-00 00-00&gt;" file="/opt/pytorch/nvfuser/tests/cpp/test_matmul_scheduler.cpp" line="1913" status="run" result="skipped" time="0." timestamp="2025-05-20T07:56:34.421" classname="MatmulSchedulerTestWithLayout">
      <skipped message="/opt/pytorch/nvfuser/tests/cpp/test_matmul_scheduler.cpp:1915&#x0A;Requires GPU capability &gt;= 7.5 and &lt; 9.0 to run.&#x0A;&#x0A;"><![CDATA[/opt/pytorch/nvfuser/tests/cpp/test_matmul_scheduler.cpp:1915
Requires GPU capability >= 7.5 and < 9.0 to run.

]]></skipped>
    </testcase>
    <testcase name="StridedBatchEpilogueSingleBias/NT" value_param="4-byte object &lt;00-00 00-00&gt;" file="/opt/pytorch/nvfuser/tests/cpp/test_matmul_scheduler.cpp" line="1975" status="run" result="skipped" time="0." timestamp="2025-05-20T07:56:34.421" classname="MatmulSchedulerTestWithLayout">
      <skipped message="/opt/pytorch/nvfuser/tests/cpp/test_matmul_scheduler.cpp:1977&#x0A;Requires GPU capability &gt;= 7.5 and &lt; 9.0 to run.&#x0A;&#x0A;"><![CDATA[/opt/pytorch/nvfuser/tests/cpp/test_matmul_scheduler.cpp:1977
Requires GPU capability >= 7.5 and < 9.0 to run.

]]></skipped>
    </testcase>
    <testcase name="MisalignedVectorization/TN" value_param="4-byte object &lt;02-00 00-00&gt;" file="/opt/pytorch/nvfuser/tests/cpp/test_matmul_scheduler.cpp" line="2037" status="run" result="skipped" time="0." timestamp="2025-05-20T07:56:34.421" classname="MatmulSchedulerTestWithLayout">
      <skipped message="/opt/pytorch/nvfuser/tests/cpp/test_matmul_scheduler.cpp:2038&#x0A;Requires GPU capability &gt;= 7.5 and &lt; 9.0 to run.&#x0A;&#x0A;"><![CDATA[/opt/pytorch/nvfuser/tests/cpp/test_matmul_scheduler.cpp:2038
Requires GPU capability >= 7.5 and < 9.0 to run.

]]></skipped>
    </testcase>
    <testcase name="StridedInputs/TT" value_param="4-byte object &lt;01-00 00-00&gt;" file="/opt/pytorch/nvfuser/tests/cpp/test_matmul_scheduler.cpp" line="2191" status="run" result="skipped" time="0." timestamp="2025-05-20T07:56:34.421" classname="MatmulSchedulerTestWithLayout">
      <skipped message="/opt/pytorch/nvfuser/tests/cpp/test_matmul_scheduler.cpp:2192&#x0A;Requires GPU capability &gt;= 7.5 and &lt; 9.0 to run.&#x0A;&#x0A;"><![CDATA[/opt/pytorch/nvfuser/tests/cpp/test_matmul_scheduler.cpp:2192
Requires GPU capability >= 7.5 and < 9.0 to run.

]]></skipped>
    </testcase>
    <testcase name="StridedInputs/NN" value_param="4-byte object &lt;03-00 00-00&gt;" file="/opt/pytorch/nvfuser/tests/cpp/test_matmul_scheduler.cpp" line="2191" status="run" result="skipped" time="0." timestamp="2025-05-20T07:56:34.421" classname="MatmulSchedulerTestWithLayout">
      <skipped message="/opt/pytorch/nvfuser/tests/cpp/test_matmul_scheduler.cpp:2192&#x0A;Requires GPU capability &gt;= 7.5 and &lt; 9.0 to run.&#x0A;&#x0A;"><![CDATA[/opt/pytorch/nvfuser/tests/cpp/test_matmul_scheduler.cpp:2192
Requires GPU capability >= 7.5 and < 9.0 to run.

]]></skipped>
    </testcase>
  </testsuite>
  <testsuite name="MatmulFusionTest" tests="1" failures="0" disabled="0" skipped="1" errors="0" time="0." timestamp="2025-05-20T07:56:34.421">
    <testcase name="Llama2FFN/fuse_horizontal" value_param="(true, true)" file="/opt/pytorch/nvfuser/tests/cpp/test_matmul_scheduler.cpp" line="2801" status="run" result="skipped" time="0." timestamp="2025-05-20T07:56:34.421" classname="MatmulFusionTest">
      <skipped message="/opt/pytorch/nvfuser/tests/cpp/test_matmul_scheduler.cpp:2802&#x0A;Requires GPU capability &gt;= 7.5 and &lt; 9.0 to run.&#x0A;&#x0A;"><![CDATA[/opt/pytorch/nvfuser/tests/cpp/test_matmul_scheduler.cpp:2802
Requires GPU capability >= 7.5 and < 9.0 to run.

]]></skipped>
    </testcase>
  </testsuite>
  <testsuite name="MatmulSchedulerTest/AllocationDomainTest" tests="9" failures="0" disabled="0" skipped="8" errors="0" time="0.279" timestamp="2025-05-20T07:56:34.421">
    <testcase name="BasicMatmul/2" value_param="(true, false)" file="/opt/pytorch/nvfuser/tests/cpp/test_matmul_scheduler.cpp" line="2963" status="run" result="completed" time="0.279" timestamp="2025-05-20T07:56:34.421" classname="MatmulSchedulerTest/AllocationDomainTest" />
    <testcase name="BasicMatmulNoTranspose/1" value_param="(false, true)" file="/opt/pytorch/nvfuser/tests/cpp/test_matmul_scheduler.cpp" line="2997" status="run" result="skipped" time="0." timestamp="2025-05-20T07:56:34.701" classname="MatmulSchedulerTest/AllocationDomainTest">
      <skipped message="/opt/pytorch/nvfuser/tests/cpp/test_matmul_scheduler.cpp:2998&#x0A;Requires GPU capability &gt;= 7.5 and &lt; 9.0 to run.&#x0A;&#x0A;"><![CDATA[/opt/pytorch/nvfuser/tests/cpp/test_matmul_scheduler.cpp:2998
Requires GPU capability >= 7.5 and < 9.0 to run.

]]></skipped>
    </testcase>
    <testcase name="BasicMatmulWithPrologueSet/0" value_param="(false, false)" file="/opt/pytorch/nvfuser/tests/cpp/test_matmul_scheduler.cpp" line="3029" status="run" result="skipped" time="0." timestamp="2025-05-20T07:56:34.701" classname="MatmulSchedulerTest/AllocationDomainTest">
      <skipped message="/opt/pytorch/nvfuser/tests/cpp/test_matmul_scheduler.cpp:3030&#x0A;Requires GPU capability &gt;= 7.5 and &lt; 9.0 to run.&#x0A;&#x0A;"><![CDATA[/opt/pytorch/nvfuser/tests/cpp/test_matmul_scheduler.cpp:3030
Requires GPU capability >= 7.5 and < 9.0 to run.

]]></skipped>
    </testcase>
    <testcase name="BasicMatmulWithPrologueSet/3" value_param="(true, true)" file="/opt/pytorch/nvfuser/tests/cpp/test_matmul_scheduler.cpp" line="3029" status="run" result="skipped" time="0." timestamp="2025-05-20T07:56:34.701" classname="MatmulSchedulerTest/AllocationDomainTest">
      <skipped message="/opt/pytorch/nvfuser/tests/cpp/test_matmul_scheduler.cpp:3030&#x0A;Requires GPU capability &gt;= 7.5 and &lt; 9.0 to run.&#x0A;&#x0A;"><![CDATA[/opt/pytorch/nvfuser/tests/cpp/test_matmul_scheduler.cpp:3030
Requires GPU capability >= 7.5 and < 9.0 to run.

]]></skipped>
    </testcase>
    <testcase name="BasicMatmulWithPrologueSetCastSin/2" value_param="(true, false)" file="/opt/pytorch/nvfuser/tests/cpp/test_matmul_scheduler.cpp" line="3065" status="run" result="skipped" time="0." timestamp="2025-05-20T07:56:34.701" classname="MatmulSchedulerTest/AllocationDomainTest">
      <skipped message="/opt/pytorch/nvfuser/tests/cpp/test_matmul_scheduler.cpp:3066&#x0A;Requires GPU capability &gt;= 7.5 and &lt; 9.0 to run.&#x0A;&#x0A;"><![CDATA[/opt/pytorch/nvfuser/tests/cpp/test_matmul_scheduler.cpp:3066
Requires GPU capability >= 7.5 and < 9.0 to run.

]]></skipped>
    </testcase>
    <testcase name="BasicMatmulWithPrologueSetCastSinNoTranspose/1" value_param="(false, true)" file="/opt/pytorch/nvfuser/tests/cpp/test_matmul_scheduler.cpp" line="3104" status="run" result="skipped" time="0." timestamp="2025-05-20T07:56:34.701" classname="MatmulSchedulerTest/AllocationDomainTest">
      <skipped message="/opt/pytorch/nvfuser/tests/cpp/test_matmul_scheduler.cpp:3105&#x0A;Requires GPU capability &gt;= 7.5 and &lt; 9.0 to run.&#x0A;&#x0A;"><![CDATA[/opt/pytorch/nvfuser/tests/cpp/test_matmul_scheduler.cpp:3105
Requires GPU capability >= 7.5 and < 9.0 to run.

]]></skipped>
    </testcase>
    <testcase name="BasicMatmulWithPrologueSetCastSinSetNoTranspose/0" value_param="(false, false)" file="/opt/pytorch/nvfuser/tests/cpp/test_matmul_scheduler.cpp" line="3140" status="run" result="skipped" time="0." timestamp="2025-05-20T07:56:34.701" classname="MatmulSchedulerTest/AllocationDomainTest">
      <skipped message="/opt/pytorch/nvfuser/tests/cpp/test_matmul_scheduler.cpp:3141&#x0A;Requires GPU capability &gt;= 7.5 and &lt; 9.0 to run.&#x0A;&#x0A;"><![CDATA[/opt/pytorch/nvfuser/tests/cpp/test_matmul_scheduler.cpp:3141
Requires GPU capability >= 7.5 and < 9.0 to run.

]]></skipped>
    </testcase>
    <testcase name="BasicMatmulWithPrologueSetCastSinSetNoTranspose/3" value_param="(true, true)" file="/opt/pytorch/nvfuser/tests/cpp/test_matmul_scheduler.cpp" line="3140" status="run" result="skipped" time="0." timestamp="2025-05-20T07:56:34.701" classname="MatmulSchedulerTest/AllocationDomainTest">
      <skipped message="/opt/pytorch/nvfuser/tests/cpp/test_matmul_scheduler.cpp:3141&#x0A;Requires GPU capability &gt;= 7.5 and &lt; 9.0 to run.&#x0A;&#x0A;"><![CDATA[/opt/pytorch/nvfuser/tests/cpp/test_matmul_scheduler.cpp:3141
Requires GPU capability >= 7.5 and < 9.0 to run.

]]></skipped>
    </testcase>
    <testcase name="MatmulWithPrologueSetCastSinTranspose/2" value_param="(true, false)" file="/opt/pytorch/nvfuser/tests/cpp/test_matmul_scheduler.cpp" line="3177" status="run" result="skipped" time="0." timestamp="2025-05-20T07:56:34.701" classname="MatmulSchedulerTest/AllocationDomainTest">
      <skipped message="/opt/pytorch/nvfuser/tests/cpp/test_matmul_scheduler.cpp:3178&#x0A;Requires GPU capability &gt;= 7.5 and &lt; 9.0 to run.&#x0A;&#x0A;"><![CDATA[/opt/pytorch/nvfuser/tests/cpp/test_matmul_scheduler.cpp:3178
Requires GPU capability >= 7.5 and < 9.0 to run.

]]></skipped>
    </testcase>
  </testsuite>
  <testsuite name="General/HopperPlusMatmulSchedulerTest" tests="21" failures="0" disabled="0" skipped="10" errors="0" time="3.448" timestamp="2025-05-20T07:56:34.701">
    <testcase name="FusedMultiplySum/MN_512_256_128_MmaMacro_m64_n128_k16_splitk_2" value_param="(false, false, false, 512, 256, 128, 8-byte object &lt;10-00 80-00 40-00 04-00&gt;, 2)" file="/opt/pytorch/nvfuser/tests/cpp/test_matmul_scheduler.cpp" line="3410" status="run" result="completed" time="0.335" timestamp="2025-05-20T07:56:34.701" classname="General/HopperPlusMatmulSchedulerTest" />
    <testcase name="FusedMultiplySum/MK_512_256_128_MmaMacro_m64_n128_k16" value_param="(false, false, true, 512, 256, 128, 8-byte object &lt;10-00 80-00 40-00 04-00&gt;, 1)" file="/opt/pytorch/nvfuser/tests/cpp/test_matmul_scheduler.cpp" line="3410" status="run" result="completed" time="0.202" timestamp="2025-05-20T07:56:35.037" classname="General/HopperPlusMatmulSchedulerTest" />
    <testcase name="FusedMultiplySum/MK_512_256_128_MmaMacro_m128_n128_k16_splitk_2" value_param="(false, false, true, 512, 256, 128, 8-byte object &lt;10-00 80-00 80-00 05-00&gt;, 2)" file="/opt/pytorch/nvfuser/tests/cpp/test_matmul_scheduler.cpp" line="3410" status="run" result="skipped" time="0." timestamp="2025-05-20T07:56:35.239" classname="General/HopperPlusMatmulSchedulerTest">
      <skipped message="/opt/pytorch/nvfuser/tests/cpp/test_matmul_scheduler.cpp:3331&#x0A;Requires GPU capability &gt;= 10.0 and &lt; 11.0 to run.&#x0A;&#x0A;"><![CDATA[/opt/pytorch/nvfuser/tests/cpp/test_matmul_scheduler.cpp:3331
Requires GPU capability >= 10.0 and < 11.0 to run.

]]></skipped>
    </testcase>
    <testcase name="FusedMultiplySum/KN_512_256_128_MmaMacro_m128_n128_k16" value_param="(false, true, false, 512, 256, 128, 8-byte object &lt;10-00 80-00 80-00 05-00&gt;, 1)" file="/opt/pytorch/nvfuser/tests/cpp/test_matmul_scheduler.cpp" line="3410" status="run" result="skipped" time="0." timestamp="2025-05-20T07:56:35.239" classname="General/HopperPlusMatmulSchedulerTest">
      <skipped message="/opt/pytorch/nvfuser/tests/cpp/test_matmul_scheduler.cpp:3331&#x0A;Requires GPU capability &gt;= 10.0 and &lt; 11.0 to run.&#x0A;&#x0A;"><![CDATA[/opt/pytorch/nvfuser/tests/cpp/test_matmul_scheduler.cpp:3331
Requires GPU capability >= 10.0 and < 11.0 to run.

]]></skipped>
    </testcase>
    <testcase name="FusedMultiplySum/KK_512_256_128_MmaMacro_m64_n128_k16_splitk_2" value_param="(false, true, true, 512, 256, 128, 8-byte object &lt;10-00 80-00 40-00 04-00&gt;, 2)" file="/opt/pytorch/nvfuser/tests/cpp/test_matmul_scheduler.cpp" line="3410" status="run" result="completed" time="0.317" timestamp="2025-05-20T07:56:35.239" classname="General/HopperPlusMatmulSchedulerTest" />
    <testcase name="FusedMultiplySum/MN_512_256_128_MmaMacro_m64_n128_k16_tma_store" value_param="(true, false, false, 512, 256, 128, 8-byte object &lt;10-00 80-00 40-00 04-00&gt;, 1)" file="/opt/pytorch/nvfuser/tests/cpp/test_matmul_scheduler.cpp" line="3410" status="run" result="completed" time="0.216" timestamp="2025-05-20T07:56:35.557" classname="General/HopperPlusMatmulSchedulerTest" />
    <testcase name="FusedMultiplySum/MN_512_256_128_MmaMacro_m128_n128_k16_tma_store_splitk_2" value_param="(true, false, false, 512, 256, 128, 8-byte object &lt;10-00 80-00 80-00 05-00&gt;, 2)" file="/opt/pytorch/nvfuser/tests/cpp/test_matmul_scheduler.cpp" line="3410" status="run" result="skipped" time="0." timestamp="2025-05-20T07:56:35.774" classname="General/HopperPlusMatmulSchedulerTest">
      <skipped message="/opt/pytorch/nvfuser/tests/cpp/test_matmul_scheduler.cpp:3331&#x0A;Requires GPU capability &gt;= 10.0 and &lt; 11.0 to run.&#x0A;&#x0A;"><![CDATA[/opt/pytorch/nvfuser/tests/cpp/test_matmul_scheduler.cpp:3331
Requires GPU capability >= 10.0 and < 11.0 to run.

]]></skipped>
    </testcase>
    <testcase name="FusedMultiplySum/MK_512_256_128_MmaMacro_m128_n128_k16_tma_store" value_param="(true, false, true, 512, 256, 128, 8-byte object &lt;10-00 80-00 80-00 05-00&gt;, 1)" file="/opt/pytorch/nvfuser/tests/cpp/test_matmul_scheduler.cpp" line="3410" status="run" result="skipped" time="0." timestamp="2025-05-20T07:56:35.774" classname="General/HopperPlusMatmulSchedulerTest">
      <skipped message="/opt/pytorch/nvfuser/tests/cpp/test_matmul_scheduler.cpp:3331&#x0A;Requires GPU capability &gt;= 10.0 and &lt; 11.0 to run.&#x0A;&#x0A;"><![CDATA[/opt/pytorch/nvfuser/tests/cpp/test_matmul_scheduler.cpp:3331
Requires GPU capability >= 10.0 and < 11.0 to run.

]]></skipped>
    </testcase>
    <testcase name="FusedMultiplySum/KN_512_256_128_MmaMacro_m64_n128_k16_tma_store_splitk_2" value_param="(true, true, false, 512, 256, 128, 8-byte object &lt;10-00 80-00 40-00 04-00&gt;, 2)" file="/opt/pytorch/nvfuser/tests/cpp/test_matmul_scheduler.cpp" line="3410" status="run" result="completed" time="0.347" timestamp="2025-05-20T07:56:35.774" classname="General/HopperPlusMatmulSchedulerTest" />
    <testcase name="FusedMultiplySum/KK_512_256_128_MmaMacro_m64_n128_k16_tma_store" value_param="(true, true, true, 512, 256, 128, 8-byte object &lt;10-00 80-00 40-00 04-00&gt;, 1)" file="/opt/pytorch/nvfuser/tests/cpp/test_matmul_scheduler.cpp" line="3410" status="run" result="completed" time="0.208" timestamp="2025-05-20T07:56:36.121" classname="General/HopperPlusMatmulSchedulerTest" />
    <testcase name="FusedMultiplySum/KK_512_256_128_MmaMacro_m128_n128_k16_tma_store_splitk_2" value_param="(true, true, true, 512, 256, 128, 8-byte object &lt;10-00 80-00 80-00 05-00&gt;, 2)" file="/opt/pytorch/nvfuser/tests/cpp/test_matmul_scheduler.cpp" line="3410" status="run" result="skipped" time="0." timestamp="2025-05-20T07:56:36.330" classname="General/HopperPlusMatmulSchedulerTest">
      <skipped message="/opt/pytorch/nvfuser/tests/cpp/test_matmul_scheduler.cpp:3331&#x0A;Requires GPU capability &gt;= 10.0 and &lt; 11.0 to run.&#x0A;&#x0A;"><![CDATA[/opt/pytorch/nvfuser/tests/cpp/test_matmul_scheduler.cpp:3331
Requires GPU capability >= 10.0 and < 11.0 to run.

]]></skipped>
    </testcase>
    <testcase name="FusedMultiplySumBiasNeg/MN_512_256_128_MmaMacro_m128_n128_k16" value_param="(false, false, false, 512, 256, 128, 8-byte object &lt;10-00 80-00 80-00 05-00&gt;, 1)" file="/opt/pytorch/nvfuser/tests/cpp/test_matmul_scheduler.cpp" line="3468" status="run" result="skipped" time="0." timestamp="2025-05-20T07:56:36.330" classname="General/HopperPlusMatmulSchedulerTest">
      <skipped message="/opt/pytorch/nvfuser/tests/cpp/test_matmul_scheduler.cpp:3331&#x0A;Requires GPU capability &gt;= 10.0 and &lt; 11.0 to run.&#x0A;&#x0A;"><![CDATA[/opt/pytorch/nvfuser/tests/cpp/test_matmul_scheduler.cpp:3331
Requires GPU capability >= 10.0 and < 11.0 to run.

]]></skipped>
    </testcase>
    <testcase name="FusedMultiplySumBiasNeg/MK_512_256_128_MmaMacro_m64_n128_k16_splitk_2" value_param="(false, false, true, 512, 256, 128, 8-byte object &lt;10-00 80-00 40-00 04-00&gt;, 2)" file="/opt/pytorch/nvfuser/tests/cpp/test_matmul_scheduler.cpp" line="3468" status="run" result="completed" time="0.42" timestamp="2025-05-20T07:56:36.330" classname="General/HopperPlusMatmulSchedulerTest" />
    <testcase name="FusedMultiplySumBiasNeg/KN_512_256_128_MmaMacro_m64_n128_k16" value_param="(false, true, false, 512, 256, 128, 8-byte object &lt;10-00 80-00 40-00 04-00&gt;, 1)" file="/opt/pytorch/nvfuser/tests/cpp/test_matmul_scheduler.cpp" line="3468" status="run" result="completed" time="0.29" timestamp="2025-05-20T07:56:36.751" classname="General/HopperPlusMatmulSchedulerTest" />
    <testcase name="FusedMultiplySumBiasNeg/KN_512_256_128_MmaMacro_m128_n128_k16_splitk_2" value_param="(false, true, false, 512, 256, 128, 8-byte object &lt;10-00 80-00 80-00 05-00&gt;, 2)" file="/opt/pytorch/nvfuser/tests/cpp/test_matmul_scheduler.cpp" line="3468" status="run" result="skipped" time="0." timestamp="2025-05-20T07:56:37.041" classname="General/HopperPlusMatmulSchedulerTest">
      <skipped message="/opt/pytorch/nvfuser/tests/cpp/test_matmul_scheduler.cpp:3331&#x0A;Requires GPU capability &gt;= 10.0 and &lt; 11.0 to run.&#x0A;&#x0A;"><![CDATA[/opt/pytorch/nvfuser/tests/cpp/test_matmul_scheduler.cpp:3331
Requires GPU capability >= 10.0 and < 11.0 to run.

]]></skipped>
    </testcase>
    <testcase name="FusedMultiplySumBiasNeg/KK_512_256_128_MmaMacro_m128_n128_k16" value_param="(false, true, true, 512, 256, 128, 8-byte object &lt;10-00 80-00 80-00 05-00&gt;, 1)" file="/opt/pytorch/nvfuser/tests/cpp/test_matmul_scheduler.cpp" line="3468" status="run" result="skipped" time="0." timestamp="2025-05-20T07:56:37.041" classname="General/HopperPlusMatmulSchedulerTest">
      <skipped message="/opt/pytorch/nvfuser/tests/cpp/test_matmul_scheduler.cpp:3331&#x0A;Requires GPU capability &gt;= 10.0 and &lt; 11.0 to run.&#x0A;&#x0A;"><![CDATA[/opt/pytorch/nvfuser/tests/cpp/test_matmul_scheduler.cpp:3331
Requires GPU capability >= 10.0 and < 11.0 to run.

]]></skipped>
    </testcase>
    <testcase name="FusedMultiplySumBiasNeg/MN_512_256_128_MmaMacro_m64_n128_k16_tma_store_splitk_2" value_param="(true, false, false, 512, 256, 128, 8-byte object &lt;10-00 80-00 40-00 04-00&gt;, 2)" file="/opt/pytorch/nvfuser/tests/cpp/test_matmul_scheduler.cpp" line="3468" status="run" result="completed" time="0.405" timestamp="2025-05-20T07:56:37.041" classname="General/HopperPlusMatmulSchedulerTest" />
    <testcase name="FusedMultiplySumBiasNeg/MK_512_256_128_MmaMacro_m64_n128_k16_tma_store" value_param="(true, false, true, 512, 256, 128, 8-byte object &lt;10-00 80-00 40-00 04-00&gt;, 1)" file="/opt/pytorch/nvfuser/tests/cpp/test_matmul_scheduler.cpp" line="3468" status="run" result="completed" time="0.282" timestamp="2025-05-20T07:56:37.447" classname="General/HopperPlusMatmulSchedulerTest" />
    <testcase name="FusedMultiplySumBiasNeg/MK_512_256_128_MmaMacro_m128_n128_k16_tma_store_splitk_2" value_param="(true, false, true, 512, 256, 128, 8-byte object &lt;10-00 80-00 80-00 05-00&gt;, 2)" file="/opt/pytorch/nvfuser/tests/cpp/test_matmul_scheduler.cpp" line="3468" status="run" result="skipped" time="0." timestamp="2025-05-20T07:56:37.729" classname="General/HopperPlusMatmulSchedulerTest">
      <skipped message="/opt/pytorch/nvfuser/tests/cpp/test_matmul_scheduler.cpp:3331&#x0A;Requires GPU capability &gt;= 10.0 and &lt; 11.0 to run.&#x0A;&#x0A;"><![CDATA[/opt/pytorch/nvfuser/tests/cpp/test_matmul_scheduler.cpp:3331
Requires GPU capability >= 10.0 and < 11.0 to run.

]]></skipped>
    </testcase>
    <testcase name="FusedMultiplySumBiasNeg/KN_512_256_128_MmaMacro_m128_n128_k16_tma_store" value_param="(true, true, false, 512, 256, 128, 8-byte object &lt;10-00 80-00 80-00 05-00&gt;, 1)" file="/opt/pytorch/nvfuser/tests/cpp/test_matmul_scheduler.cpp" line="3468" status="run" result="skipped" time="0." timestamp="2025-05-20T07:56:37.729" classname="General/HopperPlusMatmulSchedulerTest">
      <skipped message="/opt/pytorch/nvfuser/tests/cpp/test_matmul_scheduler.cpp:3331&#x0A;Requires GPU capability &gt;= 10.0 and &lt; 11.0 to run.&#x0A;&#x0A;"><![CDATA[/opt/pytorch/nvfuser/tests/cpp/test_matmul_scheduler.cpp:3331
Requires GPU capability >= 10.0 and < 11.0 to run.

]]></skipped>
    </testcase>
    <testcase name="FusedMultiplySumBiasNeg/KK_512_256_128_MmaMacro_m64_n128_k16_tma_store_splitk_2" value_param="(true, true, true, 512, 256, 128, 8-byte object &lt;10-00 80-00 40-00 04-00&gt;, 2)" file="/opt/pytorch/nvfuser/tests/cpp/test_matmul_scheduler.cpp" line="3468" status="run" result="completed" time="0.42" timestamp="2025-05-20T07:56:37.729" classname="General/HopperPlusMatmulSchedulerTest" />
  </testsuite>
  <testsuite name="Swizzle/HopperPlusMatmulSchedulerTest" tests="27" failures="0" disabled="0" skipped="14" errors="0" time="3.161" timestamp="2025-05-20T07:56:38.150">
    <testcase name="FusedMultiplySum/MN_512_256_64_MmaMacro_m64_n256_k16_tma_store_128BSwizzle" value_param="(true, false, false, 512, 256, 64, 8-byte object &lt;10-00 00-01 40-00 04-00&gt;, 1)" file="/opt/pytorch/nvfuser/tests/cpp/test_matmul_scheduler.cpp" line="3410" status="run" result="completed" time="0.319" timestamp="2025-05-20T07:56:38.150" classname="Swizzle/HopperPlusMatmulSchedulerTest" />
    <testcase name="FusedMultiplySum/MN_512_256_64_MmaMacro_m64_n32_k16_tma_store_64BSwizzle" value_param="(true, false, false, 512, 256, 64, 8-byte object &lt;10-00 20-00 40-00 04-00&gt;, 1)" file="/opt/pytorch/nvfuser/tests/cpp/test_matmul_scheduler.cpp" line="3410" status="run" result="completed" time="0.202" timestamp="2025-05-20T07:56:38.469" classname="Swizzle/HopperPlusMatmulSchedulerTest" />
    <testcase name="FusedMultiplySum/MN_512_256_64_MmaMacro_m128_n128_k16_tma_store_128BSwizzle" value_param="(true, false, false, 512, 256, 64, 8-byte object &lt;10-00 80-00 80-00 05-00&gt;, 1)" file="/opt/pytorch/nvfuser/tests/cpp/test_matmul_scheduler.cpp" line="3410" status="run" result="skipped" time="0." timestamp="2025-05-20T07:56:38.671" classname="Swizzle/HopperPlusMatmulSchedulerTest">
      <skipped message="/opt/pytorch/nvfuser/tests/cpp/test_matmul_scheduler.cpp:3331&#x0A;Requires GPU capability &gt;= 10.0 and &lt; 11.0 to run.&#x0A;&#x0A;"><![CDATA[/opt/pytorch/nvfuser/tests/cpp/test_matmul_scheduler.cpp:3331
Requires GPU capability >= 10.0 and < 11.0 to run.

]]></skipped>
    </testcase>
    <testcase name="FusedMultiplySum/MN_512_256_64_MmaMacro_m128_n16_k16_tma_store_32BSwizzle" value_param="(true, false, false, 512, 256, 64, 8-byte object &lt;10-00 10-00 80-00 05-00&gt;, 1)" file="/opt/pytorch/nvfuser/tests/cpp/test_matmul_scheduler.cpp" line="3410" status="run" result="skipped" time="0." timestamp="2025-05-20T07:56:38.671" classname="Swizzle/HopperPlusMatmulSchedulerTest">
      <skipped message="/opt/pytorch/nvfuser/tests/cpp/test_matmul_scheduler.cpp:3331&#x0A;Requires GPU capability &gt;= 10.0 and &lt; 11.0 to run.&#x0A;&#x0A;"><![CDATA[/opt/pytorch/nvfuser/tests/cpp/test_matmul_scheduler.cpp:3331
Requires GPU capability >= 10.0 and < 11.0 to run.

]]></skipped>
    </testcase>
    <testcase name="FusedMultiplySum/MK_512_256_64_MmaMacro_m64_n64_k16_tma_store_128BSwizzle" value_param="(true, false, true, 512, 256, 64, 8-byte object &lt;10-00 40-00 40-00 04-00&gt;, 1)" file="/opt/pytorch/nvfuser/tests/cpp/test_matmul_scheduler.cpp" line="3410" status="run" result="completed" time="0.178" timestamp="2025-05-20T07:56:38.671" classname="Swizzle/HopperPlusMatmulSchedulerTest" />
    <testcase name="FusedMultiplySum/MK_512_256_64_MmaMacro_m128_n256_k16_tma_store_128BSwizzle" value_param="(true, false, true, 512, 256, 64, 8-byte object &lt;10-00 00-01 80-00 05-00&gt;, 1)" file="/opt/pytorch/nvfuser/tests/cpp/test_matmul_scheduler.cpp" line="3410" status="run" result="skipped" time="0." timestamp="2025-05-20T07:56:38.849" classname="Swizzle/HopperPlusMatmulSchedulerTest">
      <skipped message="/opt/pytorch/nvfuser/tests/cpp/test_matmul_scheduler.cpp:3331&#x0A;Requires GPU capability &gt;= 10.0 and &lt; 11.0 to run.&#x0A;&#x0A;"><![CDATA[/opt/pytorch/nvfuser/tests/cpp/test_matmul_scheduler.cpp:3331
Requires GPU capability >= 10.0 and < 11.0 to run.

]]></skipped>
    </testcase>
    <testcase name="FusedMultiplySum/MK_512_256_64_MmaMacro_m128_n32_k16_tma_store_64BSwizzle" value_param="(true, false, true, 512, 256, 64, 8-byte object &lt;10-00 20-00 80-00 05-00&gt;, 1)" file="/opt/pytorch/nvfuser/tests/cpp/test_matmul_scheduler.cpp" line="3410" status="run" result="skipped" time="0." timestamp="2025-05-20T07:56:38.849" classname="Swizzle/HopperPlusMatmulSchedulerTest">
      <skipped message="/opt/pytorch/nvfuser/tests/cpp/test_matmul_scheduler.cpp:3331&#x0A;Requires GPU capability &gt;= 10.0 and &lt; 11.0 to run.&#x0A;&#x0A;"><![CDATA[/opt/pytorch/nvfuser/tests/cpp/test_matmul_scheduler.cpp:3331
Requires GPU capability >= 10.0 and < 11.0 to run.

]]></skipped>
    </testcase>
    <testcase name="FusedMultiplySum/KN_512_256_64_MmaMacro_m64_n128_k16_tma_store_128BSwizzle" value_param="(true, true, false, 512, 256, 64, 8-byte object &lt;10-00 80-00 40-00 04-00&gt;, 1)" file="/opt/pytorch/nvfuser/tests/cpp/test_matmul_scheduler.cpp" line="3410" status="run" result="completed" time="0.251" timestamp="2025-05-20T07:56:38.849" classname="Swizzle/HopperPlusMatmulSchedulerTest" />
    <testcase name="FusedMultiplySum/KN_512_256_64_MmaMacro_m64_n16_k16_tma_store_32BSwizzle" value_param="(true, true, false, 512, 256, 64, 8-byte object &lt;10-00 10-00 40-00 04-00&gt;, 1)" file="/opt/pytorch/nvfuser/tests/cpp/test_matmul_scheduler.cpp" line="3410" status="run" result="completed" time="0.164" timestamp="2025-05-20T07:56:39.101" classname="Swizzle/HopperPlusMatmulSchedulerTest" />
    <testcase name="FusedMultiplySum/KN_512_256_64_MmaMacro_m128_n64_k16_tma_store_128BSwizzle" value_param="(true, true, false, 512, 256, 64, 8-byte object &lt;10-00 40-00 80-00 05-00&gt;, 1)" file="/opt/pytorch/nvfuser/tests/cpp/test_matmul_scheduler.cpp" line="3410" status="run" result="skipped" time="0." timestamp="2025-05-20T07:56:39.265" classname="Swizzle/HopperPlusMatmulSchedulerTest">
      <skipped message="/opt/pytorch/nvfuser/tests/cpp/test_matmul_scheduler.cpp:3331&#x0A;Requires GPU capability &gt;= 10.0 and &lt; 11.0 to run.&#x0A;&#x0A;"><![CDATA[/opt/pytorch/nvfuser/tests/cpp/test_matmul_scheduler.cpp:3331
Requires GPU capability >= 10.0 and < 11.0 to run.

]]></skipped>
    </testcase>
    <testcase name="FusedMultiplySum/KK_512_256_64_MmaMacro_m64_n256_k16_tma_store_128BSwizzle" value_param="(true, true, true, 512, 256, 64, 8-byte object &lt;10-00 00-01 40-00 04-00&gt;, 1)" file="/opt/pytorch/nvfuser/tests/cpp/test_matmul_scheduler.cpp" line="3410" status="run" result="completed" time="0.306" timestamp="2025-05-20T07:56:39.265" classname="Swizzle/HopperPlusMatmulSchedulerTest" />
    <testcase name="FusedMultiplySum/KK_512_256_64_MmaMacro_m64_n32_k16_tma_store_64BSwizzle" value_param="(true, true, true, 512, 256, 64, 8-byte object &lt;10-00 20-00 40-00 04-00&gt;, 1)" file="/opt/pytorch/nvfuser/tests/cpp/test_matmul_scheduler.cpp" line="3410" status="run" result="completed" time="0.193" timestamp="2025-05-20T07:56:39.572" classname="Swizzle/HopperPlusMatmulSchedulerTest" />
    <testcase name="FusedMultiplySum/KK_512_256_64_MmaMacro_m128_n128_k16_tma_store_128BSwizzle" value_param="(true, true, true, 512, 256, 64, 8-byte object &lt;10-00 80-00 80-00 05-00&gt;, 1)" file="/opt/pytorch/nvfuser/tests/cpp/test_matmul_scheduler.cpp" line="3410" status="run" result="skipped" time="0." timestamp="2025-05-20T07:56:39.765" classname="Swizzle/HopperPlusMatmulSchedulerTest">
      <skipped message="/opt/pytorch/nvfuser/tests/cpp/test_matmul_scheduler.cpp:3331&#x0A;Requires GPU capability &gt;= 10.0 and &lt; 11.0 to run.&#x0A;&#x0A;"><![CDATA[/opt/pytorch/nvfuser/tests/cpp/test_matmul_scheduler.cpp:3331
Requires GPU capability >= 10.0 and < 11.0 to run.

]]></skipped>
    </testcase>
    <testcase name="FusedMultiplySum/KK_512_256_64_MmaMacro_m128_n16_k16_tma_store_32BSwizzle" value_param="(true, true, true, 512, 256, 64, 8-byte object &lt;10-00 10-00 80-00 05-00&gt;, 1)" file="/opt/pytorch/nvfuser/tests/cpp/test_matmul_scheduler.cpp" line="3410" status="run" result="skipped" time="0." timestamp="2025-05-20T07:56:39.765" classname="Swizzle/HopperPlusMatmulSchedulerTest">
      <skipped message="/opt/pytorch/nvfuser/tests/cpp/test_matmul_scheduler.cpp:3331&#x0A;Requires GPU capability &gt;= 10.0 and &lt; 11.0 to run.&#x0A;&#x0A;"><![CDATA[/opt/pytorch/nvfuser/tests/cpp/test_matmul_scheduler.cpp:3331
Requires GPU capability >= 10.0 and < 11.0 to run.

]]></skipped>
    </testcase>
    <testcase name="FusedMultiplySumBiasNeg/MN_512_256_64_MmaMacro_m64_n64_k16_tma_store_128BSwizzle" value_param="(true, false, false, 512, 256, 64, 8-byte object &lt;10-00 40-00 40-00 04-00&gt;, 1)" file="/opt/pytorch/nvfuser/tests/cpp/test_matmul_scheduler.cpp" line="3468" status="run" result="completed" time="0.275" timestamp="2025-05-20T07:56:39.765" classname="Swizzle/HopperPlusMatmulSchedulerTest" />
    <testcase name="FusedMultiplySumBiasNeg/MN_512_256_64_MmaMacro_m128_n256_k16_tma_store_128BSwizzle" value_param="(true, false, false, 512, 256, 64, 8-byte object &lt;10-00 00-01 80-00 05-00&gt;, 1)" file="/opt/pytorch/nvfuser/tests/cpp/test_matmul_scheduler.cpp" line="3468" status="run" result="skipped" time="0." timestamp="2025-05-20T07:56:40.041" classname="Swizzle/HopperPlusMatmulSchedulerTest">
      <skipped message="/opt/pytorch/nvfuser/tests/cpp/test_matmul_scheduler.cpp:3331&#x0A;Requires GPU capability &gt;= 10.0 and &lt; 11.0 to run.&#x0A;&#x0A;"><![CDATA[/opt/pytorch/nvfuser/tests/cpp/test_matmul_scheduler.cpp:3331
Requires GPU capability >= 10.0 and < 11.0 to run.

]]></skipped>
    </testcase>
    <testcase name="FusedMultiplySumBiasNeg/MN_512_256_64_MmaMacro_m128_n32_k16_tma_store_64BSwizzle" value_param="(true, false, false, 512, 256, 64, 8-byte object &lt;10-00 20-00 80-00 05-00&gt;, 1)" file="/opt/pytorch/nvfuser/tests/cpp/test_matmul_scheduler.cpp" line="3468" status="run" result="skipped" time="0." timestamp="2025-05-20T07:56:40.041" classname="Swizzle/HopperPlusMatmulSchedulerTest">
      <skipped message="/opt/pytorch/nvfuser/tests/cpp/test_matmul_scheduler.cpp:3331&#x0A;Requires GPU capability &gt;= 10.0 and &lt; 11.0 to run.&#x0A;&#x0A;"><![CDATA[/opt/pytorch/nvfuser/tests/cpp/test_matmul_scheduler.cpp:3331
Requires GPU capability >= 10.0 and < 11.0 to run.

]]></skipped>
    </testcase>
    <testcase name="FusedMultiplySumBiasNeg/MK_512_256_64_MmaMacro_m64_n128_k16_tma_store_128BSwizzle" value_param="(true, false, true, 512, 256, 64, 8-byte object &lt;10-00 80-00 40-00 04-00&gt;, 1)" file="/opt/pytorch/nvfuser/tests/cpp/test_matmul_scheduler.cpp" line="3468" status="run" result="completed" time="0.252" timestamp="2025-05-20T07:56:40.041" classname="Swizzle/HopperPlusMatmulSchedulerTest" />
    <testcase name="FusedMultiplySumBiasNeg/MK_512_256_64_MmaMacro_m64_n16_k16_tma_store_32BSwizzle" value_param="(true, false, true, 512, 256, 64, 8-byte object &lt;10-00 10-00 40-00 04-00&gt;, 1)" file="/opt/pytorch/nvfuser/tests/cpp/test_matmul_scheduler.cpp" line="3468" status="run" result="completed" time="0.213" timestamp="2025-05-20T07:56:40.293" classname="Swizzle/HopperPlusMatmulSchedulerTest" />
    <testcase name="FusedMultiplySumBiasNeg/MK_512_256_64_MmaMacro_m128_n64_k16_tma_store_128BSwizzle" value_param="(true, false, true, 512, 256, 64, 8-byte object &lt;10-00 40-00 80-00 05-00&gt;, 1)" file="/opt/pytorch/nvfuser/tests/cpp/test_matmul_scheduler.cpp" line="3468" status="run" result="skipped" time="0." timestamp="2025-05-20T07:56:40.506" classname="Swizzle/HopperPlusMatmulSchedulerTest">
      <skipped message="/opt/pytorch/nvfuser/tests/cpp/test_matmul_scheduler.cpp:3331&#x0A;Requires GPU capability &gt;= 10.0 and &lt; 11.0 to run.&#x0A;&#x0A;"><![CDATA[/opt/pytorch/nvfuser/tests/cpp/test_matmul_scheduler.cpp:3331
Requires GPU capability >= 10.0 and < 11.0 to run.

]]></skipped>
    </testcase>
    <testcase name="FusedMultiplySumBiasNeg/KN_512_256_64_MmaMacro_m64_n256_k16_tma_store_128BSwizzle" value_param="(true, true, false, 512, 256, 64, 8-byte object &lt;10-00 00-01 40-00 04-00&gt;, 1)" file="/opt/pytorch/nvfuser/tests/cpp/test_matmul_scheduler.cpp" line="3468" status="run" result="completed" time="0.388" timestamp="2025-05-20T07:56:40.506" classname="Swizzle/HopperPlusMatmulSchedulerTest" />
    <testcase name="FusedMultiplySumBiasNeg/KN_512_256_64_MmaMacro_m64_n32_k16_tma_store_64BSwizzle" value_param="(true, true, false, 512, 256, 64, 8-byte object &lt;10-00 20-00 40-00 04-00&gt;, 1)" file="/opt/pytorch/nvfuser/tests/cpp/test_matmul_scheduler.cpp" line="3468" status="run" result="completed" time="0.2" timestamp="2025-05-20T07:56:40.895" classname="Swizzle/HopperPlusMatmulSchedulerTest" />
    <testcase name="FusedMultiplySumBiasNeg/KN_512_256_64_MmaMacro_m128_n128_k16_tma_store_128BSwizzle" value_param="(true, true, false, 512, 256, 64, 8-byte object &lt;10-00 80-00 80-00 05-00&gt;, 1)" file="/opt/pytorch/nvfuser/tests/cpp/test_matmul_scheduler.cpp" line="3468" status="run" result="skipped" time="0." timestamp="2025-05-20T07:56:41.096" classname="Swizzle/HopperPlusMatmulSchedulerTest">
      <skipped message="/opt/pytorch/nvfuser/tests/cpp/test_matmul_scheduler.cpp:3331&#x0A;Requires GPU capability &gt;= 10.0 and &lt; 11.0 to run.&#x0A;&#x0A;"><![CDATA[/opt/pytorch/nvfuser/tests/cpp/test_matmul_scheduler.cpp:3331
Requires GPU capability >= 10.0 and < 11.0 to run.

]]></skipped>
    </testcase>
    <testcase name="FusedMultiplySumBiasNeg/KN_512_256_64_MmaMacro_m128_n16_k16_tma_store_32BSwizzle" value_param="(true, true, false, 512, 256, 64, 8-byte object &lt;10-00 10-00 80-00 05-00&gt;, 1)" file="/opt/pytorch/nvfuser/tests/cpp/test_matmul_scheduler.cpp" line="3468" status="run" result="skipped" time="0." timestamp="2025-05-20T07:56:41.096" classname="Swizzle/HopperPlusMatmulSchedulerTest">
      <skipped message="/opt/pytorch/nvfuser/tests/cpp/test_matmul_scheduler.cpp:3331&#x0A;Requires GPU capability &gt;= 10.0 and &lt; 11.0 to run.&#x0A;&#x0A;"><![CDATA[/opt/pytorch/nvfuser/tests/cpp/test_matmul_scheduler.cpp:3331
Requires GPU capability >= 10.0 and < 11.0 to run.

]]></skipped>
    </testcase>
    <testcase name="FusedMultiplySumBiasNeg/KK_512_256_64_MmaMacro_m64_n64_k16_tma_store_128BSwizzle" value_param="(true, true, true, 512, 256, 64, 8-byte object &lt;10-00 40-00 40-00 04-00&gt;, 1)" file="/opt/pytorch/nvfuser/tests/cpp/test_matmul_scheduler.cpp" line="3468" status="run" result="completed" time="0.215" timestamp="2025-05-20T07:56:41.096" classname="Swizzle/HopperPlusMatmulSchedulerTest" />
    <testcase name="FusedMultiplySumBiasNeg/KK_512_256_64_MmaMacro_m128_n256_k16_tma_store_128BSwizzle" value_param="(true, true, true, 512, 256, 64, 8-byte object &lt;10-00 00-01 80-00 05-00&gt;, 1)" file="/opt/pytorch/nvfuser/tests/cpp/test_matmul_scheduler.cpp" line="3468" status="run" result="skipped" time="0." timestamp="2025-05-20T07:56:41.312" classname="Swizzle/HopperPlusMatmulSchedulerTest">
      <skipped message="/opt/pytorch/nvfuser/tests/cpp/test_matmul_scheduler.cpp:3331&#x0A;Requires GPU capability &gt;= 10.0 and &lt; 11.0 to run.&#x0A;&#x0A;"><![CDATA[/opt/pytorch/nvfuser/tests/cpp/test_matmul_scheduler.cpp:3331
Requires GPU capability >= 10.0 and < 11.0 to run.

]]></skipped>
    </testcase>
    <testcase name="FusedMultiplySumBiasNeg/KK_512_256_64_MmaMacro_m128_n32_k16_tma_store_64BSwizzle" value_param="(true, true, true, 512, 256, 64, 8-byte object &lt;10-00 20-00 80-00 05-00&gt;, 1)" file="/opt/pytorch/nvfuser/tests/cpp/test_matmul_scheduler.cpp" line="3468" status="run" result="skipped" time="0." timestamp="2025-05-20T07:56:41.312" classname="Swizzle/HopperPlusMatmulSchedulerTest">
      <skipped message="/opt/pytorch/nvfuser/tests/cpp/test_matmul_scheduler.cpp:3331&#x0A;Requires GPU capability &gt;= 10.0 and &lt; 11.0 to run.&#x0A;&#x0A;"><![CDATA[/opt/pytorch/nvfuser/tests/cpp/test_matmul_scheduler.cpp:3331
Requires GPU capability >= 10.0 and < 11.0 to run.

]]></skipped>
    </testcase>
  </testsuite>
  <testsuite name="Turing/MmaTest" tests="2" failures="0" disabled="0" skipped="0" errors="0" time="0.221" timestamp="2025-05-20T07:56:41.312">
    <testcase name="SingleTile/Turing_16_8_16__half" value_param="(8-byte object &lt;10-00 08-00 10-00 02-00&gt;, __half)" file="/opt/pytorch/nvfuser/tests/cpp/test_mma.cpp" line="182" status="run" result="completed" time="0.084" timestamp="2025-05-20T07:56:41.312" classname="Turing/MmaTest" />
    <testcase name="SingleTileWithStridedInput/Turing_16_8_16__half" value_param="(8-byte object &lt;10-00 08-00 10-00 02-00&gt;, __half)" file="/opt/pytorch/nvfuser/tests/cpp/test_mma.cpp" line="213" status="run" result="completed" time="0.137" timestamp="2025-05-20T07:56:41.396" classname="Turing/MmaTest" />
  </testsuite>
  <testsuite name="Ampere/MmaTest" tests="3" failures="0" disabled="0" skipped="0" errors="0" time="0.357" timestamp="2025-05-20T07:56:41.533">
    <testcase name="SingleTile/Ampere_16_8_16__bfloat" value_param="(8-byte object &lt;10-00 08-00 10-00 03-00&gt;, __bfloat)" file="/opt/pytorch/nvfuser/tests/cpp/test_mma.cpp" line="182" status="run" result="completed" time="0.08" timestamp="2025-05-20T07:56:41.533" classname="Ampere/MmaTest" />
    <testcase name="SingleTileWithStridedInput/Ampere_16_8_16__half" value_param="(8-byte object &lt;10-00 08-00 10-00 03-00&gt;, __half)" file="/opt/pytorch/nvfuser/tests/cpp/test_mma.cpp" line="213" status="run" result="completed" time="0.133" timestamp="2025-05-20T07:56:41.614" classname="Ampere/MmaTest" />
    <testcase name="SingleTileWithStridedInput/Ampere_16_16_16__bfloat" value_param="(8-byte object &lt;10-00 10-00 10-00 03-00&gt;, __bfloat)" file="/opt/pytorch/nvfuser/tests/cpp/test_mma.cpp" line="213" status="run" result="completed" time="0.142" timestamp="2025-05-20T07:56:41.748" classname="Ampere/MmaTest" />
  </testsuite>
  <testsuite name="MmaTest/HopperRS" tests="29" failures="0" disabled="0" skipped="0" errors="0" time="5.53" timestamp="2025-05-20T07:56:41.891">
    <testcase name="SingleTile/Hopper_64_8_16_TT_64B__half" value_param="(8-byte object &lt;10-00 08-00 40-00 04-00&gt;, __half, 4-byte object &lt;01-00 00-00&gt;, 64B)" file="/opt/pytorch/nvfuser/tests/cpp/test_mma.cpp" line="320" status="run" result="completed" time="0.119" timestamp="2025-05-20T07:56:41.891" classname="MmaTest/HopperRS" />
    <testcase name="SingleTile/Hopper_64_8_16_TT_NoSwizzle__bfloat" value_param="(8-byte object &lt;10-00 08-00 40-00 04-00&gt;, __bfloat, 4-byte object &lt;01-00 00-00&gt;, NoSwizzle)" file="/opt/pytorch/nvfuser/tests/cpp/test_mma.cpp" line="320" status="run" result="completed" time="0.085" timestamp="2025-05-20T07:56:42.010" classname="MmaTest/HopperRS" />
    <testcase name="SingleTile/Hopper_64_24_16_TT_32B__bfloat" value_param="(8-byte object &lt;10-00 18-00 40-00 04-00&gt;, __bfloat, 4-byte object &lt;01-00 00-00&gt;, 32B)" file="/opt/pytorch/nvfuser/tests/cpp/test_mma.cpp" line="320" status="run" result="completed" time="0.145" timestamp="2025-05-20T07:56:42.096" classname="MmaTest/HopperRS" />
    <testcase name="SingleTile/Hopper_64_32_16_TT_128B__bfloat" value_param="(8-byte object &lt;10-00 20-00 40-00 04-00&gt;, __bfloat, 4-byte object &lt;01-00 00-00&gt;, 128B)" file="/opt/pytorch/nvfuser/tests/cpp/test_mma.cpp" line="320" status="run" result="completed" time="0.121" timestamp="2025-05-20T07:56:42.242" classname="MmaTest/HopperRS" />
    <testcase name="SingleTile/Hopper_64_48_16_TT_NoSwizzle__half" value_param="(8-byte object &lt;10-00 30-00 40-00 04-00&gt;, __half, 4-byte object &lt;01-00 00-00&gt;, NoSwizzle)" file="/opt/pytorch/nvfuser/tests/cpp/test_mma.cpp" line="320" status="run" result="completed" time="0.111" timestamp="2025-05-20T07:56:42.363" classname="MmaTest/HopperRS" />
    <testcase name="SingleTile/Hopper_64_56_16_TT_NoSwizzle__half" value_param="(8-byte object &lt;10-00 38-00 40-00 04-00&gt;, __half, 4-byte object &lt;01-00 00-00&gt;, NoSwizzle)" file="/opt/pytorch/nvfuser/tests/cpp/test_mma.cpp" line="320" status="run" result="completed" time="0.121" timestamp="2025-05-20T07:56:42.475" classname="MmaTest/HopperRS" />
    <testcase name="SingleTile/Hopper_64_56_16_TN_32B__bfloat" value_param="(8-byte object &lt;10-00 38-00 40-00 04-00&gt;, __bfloat, 4-byte object &lt;02-00 00-00&gt;, 32B)" file="/opt/pytorch/nvfuser/tests/cpp/test_mma.cpp" line="320" status="run" result="completed" time="0.131" timestamp="2025-05-20T07:56:42.597" classname="MmaTest/HopperRS" />
    <testcase name="SingleTile/Hopper_64_72_16_TT_64B__half" value_param="(8-byte object &lt;10-00 48-00 40-00 04-00&gt;, __half, 4-byte object &lt;01-00 00-00&gt;, 64B)" file="/opt/pytorch/nvfuser/tests/cpp/test_mma.cpp" line="320" status="run" result="completed" time="0.164" timestamp="2025-05-20T07:56:42.728" classname="MmaTest/HopperRS" />
    <testcase name="SingleTile/Hopper_64_80_16_TT_NoSwizzle__half" value_param="(8-byte object &lt;10-00 50-00 40-00 04-00&gt;, __half, 4-byte object &lt;01-00 00-00&gt;, NoSwizzle)" file="/opt/pytorch/nvfuser/tests/cpp/test_mma.cpp" line="320" status="run" result="completed" time="0.124" timestamp="2025-05-20T07:56:42.893" classname="MmaTest/HopperRS" />
    <testcase name="SingleTile/Hopper_64_96_16_TT_32B__bfloat" value_param="(8-byte object &lt;10-00 60-00 40-00 04-00&gt;, __bfloat, 4-byte object &lt;01-00 00-00&gt;, 32B)" file="/opt/pytorch/nvfuser/tests/cpp/test_mma.cpp" line="320" status="run" result="completed" time="0.166" timestamp="2025-05-20T07:56:43.018" classname="MmaTest/HopperRS" />
    <testcase name="SingleTile/Hopper_64_112_16_TT_128B__half" value_param="(8-byte object &lt;10-00 70-00 40-00 04-00&gt;, __half, 4-byte object &lt;01-00 00-00&gt;, 128B)" file="/opt/pytorch/nvfuser/tests/cpp/test_mma.cpp" line="320" status="run" result="completed" time="0.164" timestamp="2025-05-20T07:56:43.184" classname="MmaTest/HopperRS" />
    <testcase name="SingleTile/Hopper_64_128_16_TT_NoSwizzle__half" value_param="(8-byte object &lt;10-00 80-00 40-00 04-00&gt;, __half, 4-byte object &lt;01-00 00-00&gt;, NoSwizzle)" file="/opt/pytorch/nvfuser/tests/cpp/test_mma.cpp" line="320" status="run" result="completed" time="0.143" timestamp="2025-05-20T07:56:43.348" classname="MmaTest/HopperRS" />
    <testcase name="SingleTile/Hopper_64_136_16_TT_128B__half" value_param="(8-byte object &lt;10-00 88-00 40-00 04-00&gt;, __half, 4-byte object &lt;01-00 00-00&gt;, 128B)" file="/opt/pytorch/nvfuser/tests/cpp/test_mma.cpp" line="320" status="run" result="completed" time="0.183" timestamp="2025-05-20T07:56:43.492" classname="MmaTest/HopperRS" />
    <testcase name="SingleTile/Hopper_64_144_16_TT_64B__half" value_param="(8-byte object &lt;10-00 90-00 40-00 04-00&gt;, __half, 4-byte object &lt;01-00 00-00&gt;, 64B)" file="/opt/pytorch/nvfuser/tests/cpp/test_mma.cpp" line="320" status="run" result="completed" time="0.193" timestamp="2025-05-20T07:56:43.676" classname="MmaTest/HopperRS" />
    <testcase name="SingleTile/Hopper_64_160_16_TT_NoSwizzle__half" value_param="(8-byte object &lt;10-00 A0-00 40-00 04-00&gt;, __half, 4-byte object &lt;01-00 00-00&gt;, NoSwizzle)" file="/opt/pytorch/nvfuser/tests/cpp/test_mma.cpp" line="320" status="run" result="completed" time="0.16" timestamp="2025-05-20T07:56:43.870" classname="MmaTest/HopperRS" />
    <testcase name="SingleTile/Hopper_64_168_16_TN_NoSwizzle__half" value_param="(8-byte object &lt;10-00 A8-00 40-00 04-00&gt;, __half, 4-byte object &lt;02-00 00-00&gt;, NoSwizzle)" file="/opt/pytorch/nvfuser/tests/cpp/test_mma.cpp" line="320" status="run" result="completed" time="0.146" timestamp="2025-05-20T07:56:44.030" classname="MmaTest/HopperRS" />
    <testcase name="SingleTile/Hopper_64_176_16_TN_64B__half" value_param="(8-byte object &lt;10-00 B0-00 40-00 04-00&gt;, __half, 4-byte object &lt;02-00 00-00&gt;, 64B)" file="/opt/pytorch/nvfuser/tests/cpp/test_mma.cpp" line="320" status="run" result="completed" time="0.234" timestamp="2025-05-20T07:56:44.176" classname="MmaTest/HopperRS" />
    <testcase name="SingleTile/Hopper_64_176_16_TN_NoSwizzle__bfloat" value_param="(8-byte object &lt;10-00 B0-00 40-00 04-00&gt;, __bfloat, 4-byte object &lt;02-00 00-00&gt;, NoSwizzle)" file="/opt/pytorch/nvfuser/tests/cpp/test_mma.cpp" line="320" status="run" result="completed" time="0.148" timestamp="2025-05-20T07:56:44.411" classname="MmaTest/HopperRS" />
    <testcase name="SingleTile/Hopper_64_184_16_TT_64B__half" value_param="(8-byte object &lt;10-00 B8-00 40-00 04-00&gt;, __half, 4-byte object &lt;01-00 00-00&gt;, 64B)" file="/opt/pytorch/nvfuser/tests/cpp/test_mma.cpp" line="320" status="run" result="completed" time="0.212" timestamp="2025-05-20T07:56:44.560" classname="MmaTest/HopperRS" />
    <testcase name="SingleTile/Hopper_64_192_16_TT_NoSwizzle__half" value_param="(8-byte object &lt;10-00 C0-00 40-00 04-00&gt;, __half, 4-byte object &lt;01-00 00-00&gt;, NoSwizzle)" file="/opt/pytorch/nvfuser/tests/cpp/test_mma.cpp" line="320" status="run" result="completed" time="0.177" timestamp="2025-05-20T07:56:44.772" classname="MmaTest/HopperRS" />
    <testcase name="SingleTile/Hopper_64_192_16_TN_64B__bfloat" value_param="(8-byte object &lt;10-00 C0-00 40-00 04-00&gt;, __bfloat, 4-byte object &lt;02-00 00-00&gt;, 64B)" file="/opt/pytorch/nvfuser/tests/cpp/test_mma.cpp" line="320" status="run" result="completed" time="0.245" timestamp="2025-05-20T07:56:44.949" classname="MmaTest/HopperRS" />
    <testcase name="SingleTile/Hopper_64_200_16_TT_64B__bfloat" value_param="(8-byte object &lt;10-00 C8-00 40-00 04-00&gt;, __bfloat, 4-byte object &lt;01-00 00-00&gt;, 64B)" file="/opt/pytorch/nvfuser/tests/cpp/test_mma.cpp" line="320" status="run" result="completed" time="0.225" timestamp="2025-05-20T07:56:45.195" classname="MmaTest/HopperRS" />
    <testcase name="SingleTile/Hopper_64_208_16_TN_64B__half" value_param="(8-byte object &lt;10-00 D0-00 40-00 04-00&gt;, __half, 4-byte object &lt;02-00 00-00&gt;, 64B)" file="/opt/pytorch/nvfuser/tests/cpp/test_mma.cpp" line="320" status="run" result="completed" time="0.262" timestamp="2025-05-20T07:56:45.420" classname="MmaTest/HopperRS" />
    <testcase name="SingleTile/Hopper_64_208_16_TN_64B__bfloat" value_param="(8-byte object &lt;10-00 D0-00 40-00 04-00&gt;, __bfloat, 4-byte object &lt;02-00 00-00&gt;, 64B)" file="/opt/pytorch/nvfuser/tests/cpp/test_mma.cpp" line="320" status="run" result="completed" time="0.26" timestamp="2025-05-20T07:56:45.683" classname="MmaTest/HopperRS" />
    <testcase name="SingleTile/Hopper_64_216_16_TN_128B__half" value_param="(8-byte object &lt;10-00 D8-00 40-00 04-00&gt;, __half, 4-byte object &lt;02-00 00-00&gt;, 128B)" file="/opt/pytorch/nvfuser/tests/cpp/test_mma.cpp" line="320" status="run" result="completed" time="0.412" timestamp="2025-05-20T07:56:45.943" classname="MmaTest/HopperRS" />
    <testcase name="SingleTile/Hopper_64_224_16_TN_128B__half" value_param="(8-byte object &lt;10-00 E0-00 40-00 04-00&gt;, __half, 4-byte object &lt;02-00 00-00&gt;, 128B)" file="/opt/pytorch/nvfuser/tests/cpp/test_mma.cpp" line="320" status="run" result="completed" time="0.433" timestamp="2025-05-20T07:56:46.355" classname="MmaTest/HopperRS" />
    <testcase name="SingleTile/Hopper_64_232_16_TT_128B__bfloat" value_param="(8-byte object &lt;10-00 E8-00 40-00 04-00&gt;, __bfloat, 4-byte object &lt;01-00 00-00&gt;, 128B)" file="/opt/pytorch/nvfuser/tests/cpp/test_mma.cpp" line="320" status="run" result="completed" time="0.228" timestamp="2025-05-20T07:56:46.789" classname="MmaTest/HopperRS" />
    <testcase name="SingleTile/Hopper_64_240_16_TN_NoSwizzle__bfloat" value_param="(8-byte object &lt;10-00 F0-00 40-00 04-00&gt;, __bfloat, 4-byte object &lt;02-00 00-00&gt;, NoSwizzle)" file="/opt/pytorch/nvfuser/tests/cpp/test_mma.cpp" line="320" status="run" result="completed" time="0.178" timestamp="2025-05-20T07:56:47.018" classname="MmaTest/HopperRS" />
    <testcase name="SingleTile/Hopper_64_256_16_TT_NoSwizzle__half" value_param="(8-byte object &lt;10-00 00-01 40-00 04-00&gt;, __half, 4-byte object &lt;01-00 00-00&gt;, NoSwizzle)" file="/opt/pytorch/nvfuser/tests/cpp/test_mma.cpp" line="320" status="run" result="completed" time="0.224" timestamp="2025-05-20T07:56:47.197" classname="MmaTest/HopperRS" />
  </testsuite>
  <testsuite name="MmaTest/HopperRSStmatrix" tests="22" failures="0" disabled="0" skipped="5" errors="0" time="3.032" timestamp="2025-05-20T07:56:47.421">
    <testcase name="SingleTileWithTMALoadStoreStMatrix/0" value_param="(8-byte object &lt;10-00 08-00 40-00 04-00&gt;, __half, 4-byte object &lt;02-00 00-00&gt;, NoSwizzle, { 16, 8 })" file="/opt/pytorch/nvfuser/tests/cpp/test_mma.cpp" line="431" status="run" result="completed" time="0.094" timestamp="2025-05-20T07:56:47.421" classname="MmaTest/HopperRSStmatrix" />
    <testcase name="SingleTileWithTMALoadStoreStMatrix/3" value_param="(8-byte object &lt;10-00 10-00 40-00 04-00&gt;, __half, 4-byte object &lt;02-00 00-00&gt;, NoSwizzle, { 16, 16 })" file="/opt/pytorch/nvfuser/tests/cpp/test_mma.cpp" line="431" status="run" result="completed" time="0.111" timestamp="2025-05-20T07:56:47.515" classname="MmaTest/HopperRSStmatrix" />
    <testcase name="SingleTileWithTMALoadStoreStMatrix/6" value_param="(8-byte object &lt;10-00 20-00 40-00 04-00&gt;, __half, 4-byte object &lt;02-00 00-00&gt;, NoSwizzle, { 16, 8 })" file="/opt/pytorch/nvfuser/tests/cpp/test_mma.cpp" line="431" status="run" result="completed" time="0.118" timestamp="2025-05-20T07:56:47.627" classname="MmaTest/HopperRSStmatrix" />
    <testcase name="SingleTileWithTMALoadStoreStMatrix/9" value_param="(8-byte object &lt;10-00 28-00 40-00 04-00&gt;, __half, 4-byte object &lt;02-00 00-00&gt;, NoSwizzle, { 16, 16 })" file="/opt/pytorch/nvfuser/tests/cpp/test_mma.cpp" line="431" status="run" result="skipped" time="0." timestamp="2025-05-20T07:56:47.745" classname="MmaTest/HopperRSStmatrix">
      <skipped message="/opt/pytorch/nvfuser/tests/cpp/test_mma.cpp:442&#x0A;skipping test as output is not divisible by tile size&#x0A;"><![CDATA[/opt/pytorch/nvfuser/tests/cpp/test_mma.cpp:442
skipping test as output is not divisible by tile size
]]></skipped>
    </testcase>
    <testcase name="SingleTileWithTMALoadStoreStMatrix/12" value_param="(8-byte object &lt;10-00 38-00 40-00 04-00&gt;, __half, 4-byte object &lt;02-00 00-00&gt;, NoSwizzle, { 16, 8 })" file="/opt/pytorch/nvfuser/tests/cpp/test_mma.cpp" line="431" status="run" result="completed" time="0.117" timestamp="2025-05-20T07:56:47.745" classname="MmaTest/HopperRSStmatrix" />
    <testcase name="SingleTileWithTMALoadStoreStMatrix/15" value_param="(8-byte object &lt;10-00 40-00 40-00 04-00&gt;, __half, 4-byte object &lt;02-00 00-00&gt;, NoSwizzle, { 16, 16 })" file="/opt/pytorch/nvfuser/tests/cpp/test_mma.cpp" line="431" status="run" result="completed" time="0.126" timestamp="2025-05-20T07:56:47.863" classname="MmaTest/HopperRSStmatrix" />
    <testcase name="SingleTileWithTMALoadStoreStMatrix/18" value_param="(8-byte object &lt;10-00 50-00 40-00 04-00&gt;, __half, 4-byte object &lt;02-00 00-00&gt;, NoSwizzle, { 16, 8 })" file="/opt/pytorch/nvfuser/tests/cpp/test_mma.cpp" line="431" status="run" result="completed" time="0.151" timestamp="2025-05-20T07:56:47.989" classname="MmaTest/HopperRSStmatrix" />
    <testcase name="SingleTileWithTMALoadStoreStMatrix/21" value_param="(8-byte object &lt;10-00 58-00 40-00 04-00&gt;, __half, 4-byte object &lt;02-00 00-00&gt;, NoSwizzle, { 16, 16 })" file="/opt/pytorch/nvfuser/tests/cpp/test_mma.cpp" line="431" status="run" result="skipped" time="0." timestamp="2025-05-20T07:56:48.141" classname="MmaTest/HopperRSStmatrix">
      <skipped message="/opt/pytorch/nvfuser/tests/cpp/test_mma.cpp:442&#x0A;skipping test as output is not divisible by tile size&#x0A;"><![CDATA[/opt/pytorch/nvfuser/tests/cpp/test_mma.cpp:442
skipping test as output is not divisible by tile size
]]></skipped>
    </testcase>
    <testcase name="SingleTileWithTMALoadStoreStMatrix/24" value_param="(8-byte object &lt;10-00 68-00 40-00 04-00&gt;, __half, 4-byte object &lt;02-00 00-00&gt;, NoSwizzle, { 16, 8 })" file="/opt/pytorch/nvfuser/tests/cpp/test_mma.cpp" line="431" status="run" result="completed" time="0.141" timestamp="2025-05-20T07:56:48.141" classname="MmaTest/HopperRSStmatrix" />
    <testcase name="SingleTileWithTMALoadStoreStMatrix/27" value_param="(8-byte object &lt;10-00 70-00 40-00 04-00&gt;, __half, 4-byte object &lt;02-00 00-00&gt;, NoSwizzle, { 16, 16 })" file="/opt/pytorch/nvfuser/tests/cpp/test_mma.cpp" line="431" status="run" result="completed" time="0.157" timestamp="2025-05-20T07:56:48.283" classname="MmaTest/HopperRSStmatrix" />
    <testcase name="SingleTileWithTMALoadStoreStMatrix/30" value_param="(8-byte object &lt;10-00 80-00 40-00 04-00&gt;, __half, 4-byte object &lt;02-00 00-00&gt;, NoSwizzle, { 16, 8 })" file="/opt/pytorch/nvfuser/tests/cpp/test_mma.cpp" line="431" status="run" result="completed" time="0.186" timestamp="2025-05-20T07:56:48.440" classname="MmaTest/HopperRSStmatrix" />
    <testcase name="SingleTileWithTMALoadStoreStMatrix/33" value_param="(8-byte object &lt;10-00 88-00 40-00 04-00&gt;, __half, 4-byte object &lt;02-00 00-00&gt;, NoSwizzle, { 16, 16 })" file="/opt/pytorch/nvfuser/tests/cpp/test_mma.cpp" line="431" status="run" result="skipped" time="0." timestamp="2025-05-20T07:56:48.626" classname="MmaTest/HopperRSStmatrix">
      <skipped message="/opt/pytorch/nvfuser/tests/cpp/test_mma.cpp:442&#x0A;skipping test as output is not divisible by tile size&#x0A;"><![CDATA[/opt/pytorch/nvfuser/tests/cpp/test_mma.cpp:442
skipping test as output is not divisible by tile size
]]></skipped>
    </testcase>
    <testcase name="SingleTileWithTMALoadStoreStMatrix/36" value_param="(8-byte object &lt;10-00 98-00 40-00 04-00&gt;, __half, 4-byte object &lt;02-00 00-00&gt;, NoSwizzle, { 16, 8 })" file="/opt/pytorch/nvfuser/tests/cpp/test_mma.cpp" line="431" status="run" result="completed" time="0.169" timestamp="2025-05-20T07:56:48.626" classname="MmaTest/HopperRSStmatrix" />
    <testcase name="SingleTileWithTMALoadStoreStMatrix/39" value_param="(8-byte object &lt;10-00 A0-00 40-00 04-00&gt;, __half, 4-byte object &lt;02-00 00-00&gt;, NoSwizzle, { 16, 16 })" file="/opt/pytorch/nvfuser/tests/cpp/test_mma.cpp" line="431" status="run" result="completed" time="0.202" timestamp="2025-05-20T07:56:48.796" classname="MmaTest/HopperRSStmatrix" />
    <testcase name="SingleTileWithTMALoadStoreStMatrix/42" value_param="(8-byte object &lt;10-00 B0-00 40-00 04-00&gt;, __half, 4-byte object &lt;02-00 00-00&gt;, NoSwizzle, { 16, 8 })" file="/opt/pytorch/nvfuser/tests/cpp/test_mma.cpp" line="431" status="run" result="completed" time="0.236" timestamp="2025-05-20T07:56:48.998" classname="MmaTest/HopperRSStmatrix" />
    <testcase name="SingleTileWithTMALoadStoreStMatrix/45" value_param="(8-byte object &lt;10-00 B8-00 40-00 04-00&gt;, __half, 4-byte object &lt;02-00 00-00&gt;, NoSwizzle, { 16, 16 })" file="/opt/pytorch/nvfuser/tests/cpp/test_mma.cpp" line="431" status="run" result="skipped" time="0." timestamp="2025-05-20T07:56:49.234" classname="MmaTest/HopperRSStmatrix">
      <skipped message="/opt/pytorch/nvfuser/tests/cpp/test_mma.cpp:442&#x0A;skipping test as output is not divisible by tile size&#x0A;"><![CDATA[/opt/pytorch/nvfuser/tests/cpp/test_mma.cpp:442
skipping test as output is not divisible by tile size
]]></skipped>
    </testcase>
    <testcase name="SingleTileWithTMALoadStoreStMatrix/48" value_param="(8-byte object &lt;10-00 C8-00 40-00 04-00&gt;, __half, 4-byte object &lt;02-00 00-00&gt;, NoSwizzle, { 16, 8 })" file="/opt/pytorch/nvfuser/tests/cpp/test_mma.cpp" line="431" status="run" result="completed" time="0.197" timestamp="2025-05-20T07:56:49.234" classname="MmaTest/HopperRSStmatrix" />
    <testcase name="SingleTileWithTMALoadStoreStMatrix/51" value_param="(8-byte object &lt;10-00 D0-00 40-00 04-00&gt;, __half, 4-byte object &lt;02-00 00-00&gt;, NoSwizzle, { 16, 16 })" file="/opt/pytorch/nvfuser/tests/cpp/test_mma.cpp" line="431" status="run" result="completed" time="0.215" timestamp="2025-05-20T07:56:49.432" classname="MmaTest/HopperRSStmatrix" />
    <testcase name="SingleTileWithTMALoadStoreStMatrix/54" value_param="(8-byte object &lt;10-00 E0-00 40-00 04-00&gt;, __half, 4-byte object &lt;02-00 00-00&gt;, NoSwizzle, { 16, 8 })" file="/opt/pytorch/nvfuser/tests/cpp/test_mma.cpp" line="431" status="run" result="completed" time="0.284" timestamp="2025-05-20T07:56:49.647" classname="MmaTest/HopperRSStmatrix" />
    <testcase name="SingleTileWithTMALoadStoreStMatrix/57" value_param="(8-byte object &lt;10-00 E8-00 40-00 04-00&gt;, __half, 4-byte object &lt;02-00 00-00&gt;, NoSwizzle, { 16, 16 })" file="/opt/pytorch/nvfuser/tests/cpp/test_mma.cpp" line="431" status="run" result="skipped" time="0." timestamp="2025-05-20T07:56:49.932" classname="MmaTest/HopperRSStmatrix">
      <skipped message="/opt/pytorch/nvfuser/tests/cpp/test_mma.cpp:442&#x0A;skipping test as output is not divisible by tile size&#x0A;"><![CDATA[/opt/pytorch/nvfuser/tests/cpp/test_mma.cpp:442
skipping test as output is not divisible by tile size
]]></skipped>
    </testcase>
    <testcase name="SingleTileWithTMALoadStoreStMatrix/60" value_param="(8-byte object &lt;10-00 F8-00 40-00 04-00&gt;, __half, 4-byte object &lt;02-00 00-00&gt;, NoSwizzle, { 16, 8 })" file="/opt/pytorch/nvfuser/tests/cpp/test_mma.cpp" line="431" status="run" result="completed" time="0.23" timestamp="2025-05-20T07:56:49.932" classname="MmaTest/HopperRSStmatrix" />
    <testcase name="SingleTileWithTMALoadStoreStMatrix/63" value_param="(8-byte object &lt;10-00 00-01 40-00 04-00&gt;, __half, 4-byte object &lt;02-00 00-00&gt;, NoSwizzle, { 16, 16 })" file="/opt/pytorch/nvfuser/tests/cpp/test_mma.cpp" line="431" status="run" result="completed" time="0.291" timestamp="2025-05-20T07:56:50.163" classname="MmaTest/HopperRSStmatrix" />
  </testsuite>
  <testsuite name="MmaTest/HopperSS" tests="534" failures="0" disabled="0" skipped="45" errors="0" time="160.092" timestamp="2025-05-20T07:56:50.454">
    <testcase name="SingleTile/Hopper_64_8_16_TT_NoSwizzle_64B__half" value_param="(8-byte object &lt;10-00 08-00 40-00 04-00&gt;, __half, 4-byte object &lt;01-00 00-00&gt;, NoSwizzle, 64B)" file="/opt/pytorch/nvfuser/tests/cpp/test_mma.cpp" line="667" status="run" result="completed" time="0.129" timestamp="2025-05-20T07:56:50.454" classname="MmaTest/HopperSS" />
    <testcase name="SingleTile/Hopper_64_8_16_TT_64B_NoSwizzle__half" value_param="(8-byte object &lt;10-00 08-00 40-00 04-00&gt;, __half, 4-byte object &lt;01-00 00-00&gt;, 64B, NoSwizzle)" file="/opt/pytorch/nvfuser/tests/cpp/test_mma.cpp" line="667" status="run" result="completed" time="0.132" timestamp="2025-05-20T07:56:50.583" classname="MmaTest/HopperSS" />
    <testcase name="SingleTile/Hopper_64_8_16_NT_NoSwizzle_NoSwizzle__half" value_param="(8-byte object &lt;10-00 08-00 40-00 04-00&gt;, __half, 4-byte object &lt;00-00 00-00&gt;, NoSwizzle, NoSwizzle)" file="/opt/pytorch/nvfuser/tests/cpp/test_mma.cpp" line="667" status="run" result="completed" time="0.109" timestamp="2025-05-20T07:56:50.716" classname="MmaTest/HopperSS" />
    <testcase name="SingleTile/Hopper_64_8_16_NN_128B_32B__half" value_param="(8-byte object &lt;10-00 08-00 40-00 04-00&gt;, __half, 4-byte object &lt;03-00 00-00&gt;, 128B, 32B)" file="/opt/pytorch/nvfuser/tests/cpp/test_mma.cpp" line="667" status="run" result="completed" time="0.129" timestamp="2025-05-20T07:56:50.826" classname="MmaTest/HopperSS" />
    <testcase name="SingleTile/Hopper_64_8_16_TT_NoSwizzle_64B__bfloat" value_param="(8-byte object &lt;10-00 08-00 40-00 04-00&gt;, __bfloat, 4-byte object &lt;01-00 00-00&gt;, NoSwizzle, 64B)" file="/opt/pytorch/nvfuser/tests/cpp/test_mma.cpp" line="667" status="run" result="completed" time="0.13" timestamp="2025-05-20T07:56:50.955" classname="MmaTest/HopperSS" />
    <testcase name="SingleTile/Hopper_64_8_16_NT_NoSwizzle_NoSwizzle__bfloat" value_param="(8-byte object &lt;10-00 08-00 40-00 04-00&gt;, __bfloat, 4-byte object &lt;00-00 00-00&gt;, NoSwizzle, NoSwizzle)" file="/opt/pytorch/nvfuser/tests/cpp/test_mma.cpp" line="667" status="run" result="completed" time="0.1" timestamp="2025-05-20T07:56:51.086" classname="MmaTest/HopperSS" />
    <testcase name="SingleTile/Hopper_64_8_16_NN_32B_32B__bfloat" value_param="(8-byte object &lt;10-00 08-00 40-00 04-00&gt;, __bfloat, 4-byte object &lt;03-00 00-00&gt;, 32B, 32B)" file="/opt/pytorch/nvfuser/tests/cpp/test_mma.cpp" line="667" status="run" result="completed" time="0.152" timestamp="2025-05-20T07:56:51.186" classname="MmaTest/HopperSS" />
    <testcase name="SingleTile/Hopper_64_16_16_TT_64B_64B__half" value_param="(8-byte object &lt;10-00 10-00 40-00 04-00&gt;, __half, 4-byte object &lt;01-00 00-00&gt;, 64B, 64B)" file="/opt/pytorch/nvfuser/tests/cpp/test_mma.cpp" line="667" status="run" result="completed" time="0.166" timestamp="2025-05-20T07:56:51.339" classname="MmaTest/HopperSS" />
    <testcase name="SingleTile/Hopper_64_16_16_TN_32B_64B__bfloat" value_param="(8-byte object &lt;10-00 10-00 40-00 04-00&gt;, __bfloat, 4-byte object &lt;02-00 00-00&gt;, 32B, 64B)" file="/opt/pytorch/nvfuser/tests/cpp/test_mma.cpp" line="667" status="run" result="completed" time="0.152" timestamp="2025-05-20T07:56:51.505" classname="MmaTest/HopperSS" />
    <testcase name="SingleTile/Hopper_64_16_16_NN_64B_32B__bfloat" value_param="(8-byte object &lt;10-00 10-00 40-00 04-00&gt;, __bfloat, 4-byte object &lt;03-00 00-00&gt;, 64B, 32B)" file="/opt/pytorch/nvfuser/tests/cpp/test_mma.cpp" line="667" status="run" result="completed" time="0.175" timestamp="2025-05-20T07:56:51.658" classname="MmaTest/HopperSS" />
    <testcase name="SingleTile/Hopper_64_24_16_TN_32B_NoSwizzle__half" value_param="(8-byte object &lt;10-00 18-00 40-00 04-00&gt;, __half, 4-byte object &lt;02-00 00-00&gt;, 32B, NoSwizzle)" file="/opt/pytorch/nvfuser/tests/cpp/test_mma.cpp" line="667" status="run" result="completed" time="0.133" timestamp="2025-05-20T07:56:51.834" classname="MmaTest/HopperSS" />
    <testcase name="SingleTile/Hopper_64_24_16_TT_128B_NoSwizzle__bfloat" value_param="(8-byte object &lt;10-00 18-00 40-00 04-00&gt;, __bfloat, 4-byte object &lt;01-00 00-00&gt;, 128B, NoSwizzle)" file="/opt/pytorch/nvfuser/tests/cpp/test_mma.cpp" line="667" status="run" result="completed" time="0.179" timestamp="2025-05-20T07:56:51.967" classname="MmaTest/HopperSS" />
    <testcase name="SingleTile/Hopper_64_24_16_TT_32B_128B__bfloat" value_param="(8-byte object &lt;10-00 18-00 40-00 04-00&gt;, __bfloat, 4-byte object &lt;01-00 00-00&gt;, 32B, 128B)" file="/opt/pytorch/nvfuser/tests/cpp/test_mma.cpp" line="667" status="run" result="completed" time="0.153" timestamp="2025-05-20T07:56:52.146" classname="MmaTest/HopperSS" />
    <testcase name="SingleTile/Hopper_64_24_16_TN_NoSwizzle_32B__bfloat" value_param="(8-byte object &lt;10-00 18-00 40-00 04-00&gt;, __bfloat, 4-byte object &lt;02-00 00-00&gt;, NoSwizzle, 32B)" file="/opt/pytorch/nvfuser/tests/cpp/test_mma.cpp" line="667" status="run" result="completed" time="0.134" timestamp="2025-05-20T07:56:52.300" classname="MmaTest/HopperSS" />
    <testcase name="SingleTile/Hopper_64_24_16_NT_128B_128B__bfloat" value_param="(8-byte object &lt;10-00 18-00 40-00 04-00&gt;, __bfloat, 4-byte object &lt;00-00 00-00&gt;, 128B, 128B)" file="/opt/pytorch/nvfuser/tests/cpp/test_mma.cpp" line="667" status="run" result="completed" time="0.144" timestamp="2025-05-20T07:56:52.435" classname="MmaTest/HopperSS" />
    <testcase name="SingleTile/Hopper_64_24_16_NT_32B_32B__bfloat" value_param="(8-byte object &lt;10-00 18-00 40-00 04-00&gt;, __bfloat, 4-byte object &lt;00-00 00-00&gt;, 32B, 32B)" file="/opt/pytorch/nvfuser/tests/cpp/test_mma.cpp" line="667" status="run" result="completed" time="0.2" timestamp="2025-05-20T07:56:52.579" classname="MmaTest/HopperSS" />
    <testcase name="SingleTile/Hopper_64_32_16_TT_NoSwizzle_NoSwizzle__half" value_param="(8-byte object &lt;10-00 20-00 40-00 04-00&gt;, __half, 4-byte object &lt;01-00 00-00&gt;, NoSwizzle, NoSwizzle)" file="/opt/pytorch/nvfuser/tests/cpp/test_mma.cpp" line="667" status="run" result="completed" time="0.117" timestamp="2025-05-20T07:56:52.779" classname="MmaTest/HopperSS" />
    <testcase name="SingleTile/Hopper_64_32_16_TT_32B_NoSwizzle__half" value_param="(8-byte object &lt;10-00 20-00 40-00 04-00&gt;, __half, 4-byte object &lt;01-00 00-00&gt;, 32B, NoSwizzle)" file="/opt/pytorch/nvfuser/tests/cpp/test_mma.cpp" line="667" status="run" result="completed" time="0.137" timestamp="2025-05-20T07:56:52.897" classname="MmaTest/HopperSS" />
    <testcase name="SingleTile/Hopper_64_32_16_TN_NoSwizzle_32B__half" value_param="(8-byte object &lt;10-00 20-00 40-00 04-00&gt;, __half, 4-byte object &lt;02-00 00-00&gt;, NoSwizzle, 32B)" file="/opt/pytorch/nvfuser/tests/cpp/test_mma.cpp" line="667" status="run" result="completed" time="0.134" timestamp="2025-05-20T07:56:53.035" classname="MmaTest/HopperSS" />
    <testcase name="SingleTile/Hopper_64_32_16_NT_64B_NoSwizzle__half" value_param="(8-byte object &lt;10-00 20-00 40-00 04-00&gt;, __half, 4-byte object &lt;00-00 00-00&gt;, 64B, NoSwizzle)" file="/opt/pytorch/nvfuser/tests/cpp/test_mma.cpp" line="667" status="run" result="completed" time="0.158" timestamp="2025-05-20T07:56:53.169" classname="MmaTest/HopperSS" />
    <testcase name="SingleTile/Hopper_64_32_16_TT_128B_32B__bfloat" value_param="(8-byte object &lt;10-00 20-00 40-00 04-00&gt;, __bfloat, 4-byte object &lt;01-00 00-00&gt;, 128B, 32B)" file="/opt/pytorch/nvfuser/tests/cpp/test_mma.cpp" line="667" status="run" result="completed" time="0.215" timestamp="2025-05-20T07:56:53.328" classname="MmaTest/HopperSS" />
    <testcase name="SingleTile/Hopper_64_32_16_NT_128B_32B__bfloat" value_param="(8-byte object &lt;10-00 20-00 40-00 04-00&gt;, __bfloat, 4-byte object &lt;00-00 00-00&gt;, 128B, 32B)" file="/opt/pytorch/nvfuser/tests/cpp/test_mma.cpp" line="667" status="run" result="completed" time="0.172" timestamp="2025-05-20T07:56:53.544" classname="MmaTest/HopperSS" />
    <testcase name="SingleTile/Hopper_64_32_16_NN_32B_NoSwizzle__bfloat" value_param="(8-byte object &lt;10-00 20-00 40-00 04-00&gt;, __bfloat, 4-byte object &lt;03-00 00-00&gt;, 32B, NoSwizzle)" file="/opt/pytorch/nvfuser/tests/cpp/test_mma.cpp" line="667" status="run" result="completed" time="0.161" timestamp="2025-05-20T07:56:53.717" classname="MmaTest/HopperSS" />
    <testcase name="SingleTile/Hopper_64_40_16_TT_128B_64B__half" value_param="(8-byte object &lt;10-00 28-00 40-00 04-00&gt;, __half, 4-byte object &lt;01-00 00-00&gt;, 128B, 64B)" file="/opt/pytorch/nvfuser/tests/cpp/test_mma.cpp" line="667" status="run" result="completed" time="0.222" timestamp="2025-05-20T07:56:53.878" classname="MmaTest/HopperSS" />
    <testcase name="SingleTile/Hopper_64_40_16_NT_NoSwizzle_64B__half" value_param="(8-byte object &lt;10-00 28-00 40-00 04-00&gt;, __half, 4-byte object &lt;00-00 00-00&gt;, NoSwizzle, 64B)" file="/opt/pytorch/nvfuser/tests/cpp/test_mma.cpp" line="667" status="run" result="completed" time="0.167" timestamp="2025-05-20T07:56:54.100" classname="MmaTest/HopperSS" />
    <testcase name="SingleTile/Hopper_64_40_16_TT_128B_128B__bfloat" value_param="(8-byte object &lt;10-00 28-00 40-00 04-00&gt;, __bfloat, 4-byte object &lt;01-00 00-00&gt;, 128B, 128B)" file="/opt/pytorch/nvfuser/tests/cpp/test_mma.cpp" line="667" status="run" result="completed" time="0.191" timestamp="2025-05-20T07:56:54.268" classname="MmaTest/HopperSS" />
    <testcase name="SingleTile/Hopper_64_40_16_TN_32B_NoSwizzle__bfloat" value_param="(8-byte object &lt;10-00 28-00 40-00 04-00&gt;, __bfloat, 4-byte object &lt;02-00 00-00&gt;, 32B, NoSwizzle)" file="/opt/pytorch/nvfuser/tests/cpp/test_mma.cpp" line="667" status="run" result="completed" time="0.138" timestamp="2025-05-20T07:56:54.460" classname="MmaTest/HopperSS" />
    <testcase name="SingleTile/Hopper_64_40_16_NN_NoSwizzle_NoSwizzle__bfloat" value_param="(8-byte object &lt;10-00 28-00 40-00 04-00&gt;, __bfloat, 4-byte object &lt;03-00 00-00&gt;, NoSwizzle, NoSwizzle)" file="/opt/pytorch/nvfuser/tests/cpp/test_mma.cpp" line="667" status="run" result="completed" time="0.123" timestamp="2025-05-20T07:56:54.598" classname="MmaTest/HopperSS" />
    <testcase name="SingleTile/Hopper_64_48_16_TN_64B_32B__half" value_param="(8-byte object &lt;10-00 30-00 40-00 04-00&gt;, __half, 4-byte object &lt;02-00 00-00&gt;, 64B, 32B)" file="/opt/pytorch/nvfuser/tests/cpp/test_mma.cpp" line="667" status="run" result="completed" time="0.178" timestamp="2025-05-20T07:56:54.721" classname="MmaTest/HopperSS" />
    <testcase name="SingleTile/Hopper_64_48_16_NT_128B_NoSwizzle__half" value_param="(8-byte object &lt;10-00 30-00 40-00 04-00&gt;, __half, 4-byte object &lt;00-00 00-00&gt;, 128B, NoSwizzle)" file="/opt/pytorch/nvfuser/tests/cpp/test_mma.cpp" line="667" status="run" result="completed" time="0.136" timestamp="2025-05-20T07:56:54.900" classname="MmaTest/HopperSS" />
    <testcase name="SingleTile/Hopper_64_48_16_NN_32B_32B__half" value_param="(8-byte object &lt;10-00 30-00 40-00 04-00&gt;, __half, 4-byte object &lt;03-00 00-00&gt;, 32B, 32B)" file="/opt/pytorch/nvfuser/tests/cpp/test_mma.cpp" line="667" status="run" result="completed" time="0.182" timestamp="2025-05-20T07:56:55.036" classname="MmaTest/HopperSS" />
    <testcase name="SingleTile/Hopper_64_48_16_TT_64B_64B__bfloat" value_param="(8-byte object &lt;10-00 30-00 40-00 04-00&gt;, __bfloat, 4-byte object &lt;01-00 00-00&gt;, 64B, 64B)" file="/opt/pytorch/nvfuser/tests/cpp/test_mma.cpp" line="667" status="run" result="completed" time="0.198" timestamp="2025-05-20T07:56:55.219" classname="MmaTest/HopperSS" />
    <testcase name="SingleTile/Hopper_64_48_16_NT_128B_32B__bfloat" value_param="(8-byte object &lt;10-00 30-00 40-00 04-00&gt;, __bfloat, 4-byte object &lt;00-00 00-00&gt;, 128B, 32B)" file="/opt/pytorch/nvfuser/tests/cpp/test_mma.cpp" line="667" status="run" result="completed" time="0.178" timestamp="2025-05-20T07:56:55.418" classname="MmaTest/HopperSS" />
    <testcase name="SingleTile/Hopper_64_48_16_NT_32B_128B__bfloat" value_param="(8-byte object &lt;10-00 30-00 40-00 04-00&gt;, __bfloat, 4-byte object &lt;00-00 00-00&gt;, 32B, 128B)" file="/opt/pytorch/nvfuser/tests/cpp/test_mma.cpp" line="667" status="run" result="completed" time="0.183" timestamp="2025-05-20T07:56:55.596" classname="MmaTest/HopperSS" />
    <testcase name="SingleTile/Hopper_64_56_16_NT_128B_NoSwizzle__half" value_param="(8-byte object &lt;10-00 38-00 40-00 04-00&gt;, __half, 4-byte object &lt;00-00 00-00&gt;, 128B, NoSwizzle)" file="/opt/pytorch/nvfuser/tests/cpp/test_mma.cpp" line="667" status="run" result="completed" time="0.148" timestamp="2025-05-20T07:56:55.780" classname="MmaTest/HopperSS" />
    <testcase name="SingleTile/Hopper_64_56_16_NN_128B_64B__half" value_param="(8-byte object &lt;10-00 38-00 40-00 04-00&gt;, __half, 4-byte object &lt;03-00 00-00&gt;, 128B, 64B)" file="/opt/pytorch/nvfuser/tests/cpp/test_mma.cpp" line="667" status="run" result="completed" time="0.171" timestamp="2025-05-20T07:56:55.928" classname="MmaTest/HopperSS" />
    <testcase name="SingleTile/Hopper_64_56_16_NT_128B_32B__bfloat" value_param="(8-byte object &lt;10-00 38-00 40-00 04-00&gt;, __bfloat, 4-byte object &lt;00-00 00-00&gt;, 128B, 32B)" file="/opt/pytorch/nvfuser/tests/cpp/test_mma.cpp" line="667" status="run" result="completed" time="0.182" timestamp="2025-05-20T07:56:56.100" classname="MmaTest/HopperSS" />
    <testcase name="SingleTile/Hopper_64_64_16_TN_128B_128B__half" value_param="(8-byte object &lt;10-00 40-00 40-00 04-00&gt;, __half, 4-byte object &lt;02-00 00-00&gt;, 128B, 128B)" file="/opt/pytorch/nvfuser/tests/cpp/test_mma.cpp" line="667" status="run" result="completed" time="0.26" timestamp="2025-05-20T07:56:56.282" classname="MmaTest/HopperSS" />
    <testcase name="SingleTile/Hopper_64_64_16_NN_64B_64B__half" value_param="(8-byte object &lt;10-00 40-00 40-00 04-00&gt;, __half, 4-byte object &lt;03-00 00-00&gt;, 64B, 64B)" file="/opt/pytorch/nvfuser/tests/cpp/test_mma.cpp" line="667" status="run" result="completed" time="0.205" timestamp="2025-05-20T07:56:56.543" classname="MmaTest/HopperSS" />
    <testcase name="SingleTile/Hopper_64_64_16_NN_128B_32B__bfloat" value_param="(8-byte object &lt;10-00 40-00 40-00 04-00&gt;, __bfloat, 4-byte object &lt;03-00 00-00&gt;, 128B, 32B)" file="/opt/pytorch/nvfuser/tests/cpp/test_mma.cpp" line="667" status="run" result="completed" time="0.158" timestamp="2025-05-20T07:56:56.748" classname="MmaTest/HopperSS" />
    <testcase name="SingleTile/Hopper_64_72_16_TT_NoSwizzle_NoSwizzle__half" value_param="(8-byte object &lt;10-00 48-00 40-00 04-00&gt;, __half, 4-byte object &lt;01-00 00-00&gt;, NoSwizzle, NoSwizzle)" file="/opt/pytorch/nvfuser/tests/cpp/test_mma.cpp" line="667" status="run" result="completed" time="0.139" timestamp="2025-05-20T07:56:56.907" classname="MmaTest/HopperSS" />
    <testcase name="SingleTile/Hopper_64_72_16_TN_64B_NoSwizzle__half" value_param="(8-byte object &lt;10-00 48-00 40-00 04-00&gt;, __half, 4-byte object &lt;02-00 00-00&gt;, 64B, NoSwizzle)" file="/opt/pytorch/nvfuser/tests/cpp/test_mma.cpp" line="667" status="run" result="completed" time="0.163" timestamp="2025-05-20T07:56:57.046" classname="MmaTest/HopperSS" />
    <testcase name="SingleTile/Hopper_64_72_16_NT_32B_64B__half" value_param="(8-byte object &lt;10-00 48-00 40-00 04-00&gt;, __half, 4-byte object &lt;00-00 00-00&gt;, 32B, 64B)" file="/opt/pytorch/nvfuser/tests/cpp/test_mma.cpp" line="667" status="run" result="completed" time="0.221" timestamp="2025-05-20T07:56:57.209" classname="MmaTest/HopperSS" />
    <testcase name="SingleTile/Hopper_64_72_16_NN_32B_NoSwizzle__half" value_param="(8-byte object &lt;10-00 48-00 40-00 04-00&gt;, __half, 4-byte object &lt;03-00 00-00&gt;, 32B, NoSwizzle)" file="/opt/pytorch/nvfuser/tests/cpp/test_mma.cpp" line="667" status="run" result="completed" time="0.171" timestamp="2025-05-20T07:56:57.431" classname="MmaTest/HopperSS" />
    <testcase name="SingleTile/Hopper_64_72_16_TN_64B_128B__bfloat" value_param="(8-byte object &lt;10-00 48-00 40-00 04-00&gt;, __bfloat, 4-byte object &lt;02-00 00-00&gt;, 64B, 128B)" file="/opt/pytorch/nvfuser/tests/cpp/test_mma.cpp" line="667" status="run" result="completed" time="0.25" timestamp="2025-05-20T07:56:57.602" classname="MmaTest/HopperSS" />
    <testcase name="SingleTile/Hopper_64_72_16_NT_32B_64B__bfloat" value_param="(8-byte object &lt;10-00 48-00 40-00 04-00&gt;, __bfloat, 4-byte object &lt;00-00 00-00&gt;, 32B, 64B)" file="/opt/pytorch/nvfuser/tests/cpp/test_mma.cpp" line="667" status="run" result="completed" time="0.225" timestamp="2025-05-20T07:56:57.852" classname="MmaTest/HopperSS" />
    <testcase name="SingleTile/Hopper_64_80_16_TT_NoSwizzle_NoSwizzle__half" value_param="(8-byte object &lt;10-00 50-00 40-00 04-00&gt;, __half, 4-byte object &lt;01-00 00-00&gt;, NoSwizzle, NoSwizzle)" file="/opt/pytorch/nvfuser/tests/cpp/test_mma.cpp" line="667" status="run" result="completed" time="0.139" timestamp="2025-05-20T07:56:58.078" classname="MmaTest/HopperSS" />
    <testcase name="SingleTile/Hopper_64_80_16_TT_32B_128B__half" value_param="(8-byte object &lt;10-00 50-00 40-00 04-00&gt;, __half, 4-byte object &lt;01-00 00-00&gt;, 32B, 128B)" file="/opt/pytorch/nvfuser/tests/cpp/test_mma.cpp" line="667" status="run" result="completed" time="0.194" timestamp="2025-05-20T07:56:58.217" classname="MmaTest/HopperSS" />
    <testcase name="SingleTile/Hopper_64_80_16_TT_64B_32B__bfloat" value_param="(8-byte object &lt;10-00 50-00 40-00 04-00&gt;, __bfloat, 4-byte object &lt;01-00 00-00&gt;, 64B, 32B)" file="/opt/pytorch/nvfuser/tests/cpp/test_mma.cpp" line="667" status="run" result="completed" time="0.229" timestamp="2025-05-20T07:56:58.412" classname="MmaTest/HopperSS" />
    <testcase name="SingleTile/Hopper_64_80_16_TN_32B_NoSwizzle__bfloat" value_param="(8-byte object &lt;10-00 50-00 40-00 04-00&gt;, __bfloat, 4-byte object &lt;02-00 00-00&gt;, 32B, NoSwizzle)" file="/opt/pytorch/nvfuser/tests/cpp/test_mma.cpp" line="667" status="run" result="completed" time="0.15" timestamp="2025-05-20T07:56:58.641" classname="MmaTest/HopperSS" />
    <testcase name="SingleTile/Hopper_64_80_16_NN_NoSwizzle_32B__bfloat" value_param="(8-byte object &lt;10-00 50-00 40-00 04-00&gt;, __bfloat, 4-byte object &lt;03-00 00-00&gt;, NoSwizzle, 32B)" file="/opt/pytorch/nvfuser/tests/cpp/test_mma.cpp" line="667" status="run" result="completed" time="0.179" timestamp="2025-05-20T07:56:58.792" classname="MmaTest/HopperSS" />
    <testcase name="SingleTile/Hopper_64_80_16_NN_32B_64B__bfloat" value_param="(8-byte object &lt;10-00 50-00 40-00 04-00&gt;, __bfloat, 4-byte object &lt;03-00 00-00&gt;, 32B, 64B)" file="/opt/pytorch/nvfuser/tests/cpp/test_mma.cpp" line="667" status="run" result="completed" time="0.279" timestamp="2025-05-20T07:56:58.971" classname="MmaTest/HopperSS" />
    <testcase name="SingleTile/Hopper_64_88_16_TT_32B_128B__half" value_param="(8-byte object &lt;10-00 58-00 40-00 04-00&gt;, __half, 4-byte object &lt;01-00 00-00&gt;, 32B, 128B)" file="/opt/pytorch/nvfuser/tests/cpp/test_mma.cpp" line="667" status="run" result="completed" time="0.21" timestamp="2025-05-20T07:56:59.250" classname="MmaTest/HopperSS" />
    <testcase name="SingleTile/Hopper_64_88_16_TN_32B_NoSwizzle__half" value_param="(8-byte object &lt;10-00 58-00 40-00 04-00&gt;, __half, 4-byte object &lt;02-00 00-00&gt;, 32B, NoSwizzle)" file="/opt/pytorch/nvfuser/tests/cpp/test_mma.cpp" line="667" status="run" result="completed" time="0.201" timestamp="2025-05-20T07:56:59.460" classname="MmaTest/HopperSS" />
    <testcase name="SingleTile/Hopper_64_88_16_NT_64B_64B__half" value_param="(8-byte object &lt;10-00 58-00 40-00 04-00&gt;, __half, 4-byte object &lt;00-00 00-00&gt;, 64B, 64B)" file="/opt/pytorch/nvfuser/tests/cpp/test_mma.cpp" line="667" status="run" result="completed" time="0.226" timestamp="2025-05-20T07:56:59.661" classname="MmaTest/HopperSS" />
    <testcase name="SingleTile/Hopper_64_88_16_TN_NoSwizzle_64B__bfloat" value_param="(8-byte object &lt;10-00 58-00 40-00 04-00&gt;, __bfloat, 4-byte object &lt;02-00 00-00&gt;, NoSwizzle, 64B)" file="/opt/pytorch/nvfuser/tests/cpp/test_mma.cpp" line="667" status="run" result="completed" time="0.186" timestamp="2025-05-20T07:56:59.888" classname="MmaTest/HopperSS" />
    <testcase name="SingleTile/Hopper_64_88_16_NT_128B_32B__bfloat" value_param="(8-byte object &lt;10-00 58-00 40-00 04-00&gt;, __bfloat, 4-byte object &lt;00-00 00-00&gt;, 128B, 32B)" file="/opt/pytorch/nvfuser/tests/cpp/test_mma.cpp" line="667" status="run" result="completed" time="0.236" timestamp="2025-05-20T07:57:00.074" classname="MmaTest/HopperSS" />
    <testcase name="SingleTile/Hopper_64_88_16_NN_128B_64B__bfloat" value_param="(8-byte object &lt;10-00 58-00 40-00 04-00&gt;, __bfloat, 4-byte object &lt;03-00 00-00&gt;, 128B, 64B)" file="/opt/pytorch/nvfuser/tests/cpp/test_mma.cpp" line="667" status="run" result="completed" time="0.201" timestamp="2025-05-20T07:57:00.311" classname="MmaTest/HopperSS" />
    <testcase name="SingleTile/Hopper_64_96_16_TT_128B_32B__half" value_param="(8-byte object &lt;10-00 60-00 40-00 04-00&gt;, __half, 4-byte object &lt;01-00 00-00&gt;, 128B, 32B)" file="/opt/pytorch/nvfuser/tests/cpp/test_mma.cpp" line="667" status="run" result="completed" time="0.239" timestamp="2025-05-20T07:57:00.512" classname="MmaTest/HopperSS" />
    <testcase name="SingleTile/Hopper_64_96_16_TN_NoSwizzle_64B__half" value_param="(8-byte object &lt;10-00 60-00 40-00 04-00&gt;, __half, 4-byte object &lt;02-00 00-00&gt;, NoSwizzle, 64B)" file="/opt/pytorch/nvfuser/tests/cpp/test_mma.cpp" line="667" status="run" result="completed" time="0.187" timestamp="2025-05-20T07:57:00.751" classname="MmaTest/HopperSS" />
    <testcase name="SingleTile/Hopper_64_96_16_NT_64B_32B__half" value_param="(8-byte object &lt;10-00 60-00 40-00 04-00&gt;, __half, 4-byte object &lt;00-00 00-00&gt;, 64B, 32B)" file="/opt/pytorch/nvfuser/tests/cpp/test_mma.cpp" line="667" status="run" result="completed" time="0.229" timestamp="2025-05-20T07:57:00.939" classname="MmaTest/HopperSS" />
    <testcase name="SingleTile/Hopper_64_96_16_TT_NoSwizzle_NoSwizzle__bfloat" value_param="(8-byte object &lt;10-00 60-00 40-00 04-00&gt;, __bfloat, 4-byte object &lt;01-00 00-00&gt;, NoSwizzle, NoSwizzle)" file="/opt/pytorch/nvfuser/tests/cpp/test_mma.cpp" line="667" status="run" result="completed" time="0.154" timestamp="2025-05-20T07:57:01.169" classname="MmaTest/HopperSS" />
    <testcase name="SingleTile/Hopper_64_96_16_TN_NoSwizzle_NoSwizzle__bfloat" value_param="(8-byte object &lt;10-00 60-00 40-00 04-00&gt;, __bfloat, 4-byte object &lt;02-00 00-00&gt;, NoSwizzle, NoSwizzle)" file="/opt/pytorch/nvfuser/tests/cpp/test_mma.cpp" line="667" status="run" result="completed" time="0.137" timestamp="2025-05-20T07:57:01.323" classname="MmaTest/HopperSS" />
    <testcase name="SingleTile/Hopper_64_96_16_NN_NoSwizzle_NoSwizzle__bfloat" value_param="(8-byte object &lt;10-00 60-00 40-00 04-00&gt;, __bfloat, 4-byte object &lt;03-00 00-00&gt;, NoSwizzle, NoSwizzle)" file="/opt/pytorch/nvfuser/tests/cpp/test_mma.cpp" line="667" status="run" result="completed" time="0.139" timestamp="2025-05-20T07:57:01.460" classname="MmaTest/HopperSS" />
    <testcase name="SingleTile/Hopper_64_104_16_TT_NoSwizzle_64B__half" value_param="(8-byte object &lt;10-00 68-00 40-00 04-00&gt;, __half, 4-byte object &lt;01-00 00-00&gt;, NoSwizzle, 64B)" file="/opt/pytorch/nvfuser/tests/cpp/test_mma.cpp" line="667" status="run" result="completed" time="0.191" timestamp="2025-05-20T07:57:01.600" classname="MmaTest/HopperSS" />
    <testcase name="SingleTile/Hopper_64_104_16_TT_32B_128B__half" value_param="(8-byte object &lt;10-00 68-00 40-00 04-00&gt;, __half, 4-byte object &lt;01-00 00-00&gt;, 32B, 128B)" file="/opt/pytorch/nvfuser/tests/cpp/test_mma.cpp" line="667" status="run" result="completed" time="0.198" timestamp="2025-05-20T07:57:01.791" classname="MmaTest/HopperSS" />
    <testcase name="SingleTile/Hopper_64_104_16_NT_NoSwizzle_128B__half" value_param="(8-byte object &lt;10-00 68-00 40-00 04-00&gt;, __half, 4-byte object &lt;00-00 00-00&gt;, NoSwizzle, 128B)" file="/opt/pytorch/nvfuser/tests/cpp/test_mma.cpp" line="667" status="run" result="completed" time="0.181" timestamp="2025-05-20T07:57:01.990" classname="MmaTest/HopperSS" />
    <testcase name="SingleTile/Hopper_64_104_16_NN_64B_NoSwizzle__half" value_param="(8-byte object &lt;10-00 68-00 40-00 04-00&gt;, __half, 4-byte object &lt;03-00 00-00&gt;, 64B, NoSwizzle)" file="/opt/pytorch/nvfuser/tests/cpp/test_mma.cpp" line="667" status="run" result="completed" time="0.182" timestamp="2025-05-20T07:57:02.172" classname="MmaTest/HopperSS" />
    <testcase name="SingleTile/Hopper_64_104_16_TT_32B_128B__bfloat" value_param="(8-byte object &lt;10-00 68-00 40-00 04-00&gt;, __bfloat, 4-byte object &lt;01-00 00-00&gt;, 32B, 128B)" file="/opt/pytorch/nvfuser/tests/cpp/test_mma.cpp" line="667" status="run" result="completed" time="0.212" timestamp="2025-05-20T07:57:02.354" classname="MmaTest/HopperSS" />
    <testcase name="SingleTile/Hopper_64_104_16_NT_128B_32B__bfloat" value_param="(8-byte object &lt;10-00 68-00 40-00 04-00&gt;, __bfloat, 4-byte object &lt;00-00 00-00&gt;, 128B, 32B)" file="/opt/pytorch/nvfuser/tests/cpp/test_mma.cpp" line="667" status="run" result="completed" time="0.202" timestamp="2025-05-20T07:57:02.566" classname="MmaTest/HopperSS" />
    <testcase name="SingleTile/Hopper_64_112_16_TT_NoSwizzle_NoSwizzle__half" value_param="(8-byte object &lt;10-00 70-00 40-00 04-00&gt;, __half, 4-byte object &lt;01-00 00-00&gt;, NoSwizzle, NoSwizzle)" file="/opt/pytorch/nvfuser/tests/cpp/test_mma.cpp" line="667" status="run" result="completed" time="0.157" timestamp="2025-05-20T07:57:02.769" classname="MmaTest/HopperSS" />
    <testcase name="SingleTile/Hopper_64_112_16_TN_64B_64B__half" value_param="(8-byte object &lt;10-00 70-00 40-00 04-00&gt;, __half, 4-byte object &lt;02-00 00-00&gt;, 64B, 64B)" file="/opt/pytorch/nvfuser/tests/cpp/test_mma.cpp" line="667" status="run" result="completed" time="0.245" timestamp="2025-05-20T07:57:02.927" classname="MmaTest/HopperSS" />
    <testcase name="SingleTile/Hopper_64_112_16_NT_128B_128B__half" value_param="(8-byte object &lt;10-00 70-00 40-00 04-00&gt;, __half, 4-byte object &lt;00-00 00-00&gt;, 128B, 128B)" file="/opt/pytorch/nvfuser/tests/cpp/test_mma.cpp" line="667" status="run" result="completed" time="0.203" timestamp="2025-05-20T07:57:03.172" classname="MmaTest/HopperSS" />
    <testcase name="SingleTile/Hopper_64_112_16_TT_32B_32B__bfloat" value_param="(8-byte object &lt;10-00 70-00 40-00 04-00&gt;, __bfloat, 4-byte object &lt;01-00 00-00&gt;, 32B, 32B)" file="/opt/pytorch/nvfuser/tests/cpp/test_mma.cpp" line="667" status="run" result="completed" time="0.209" timestamp="2025-05-20T07:57:03.375" classname="MmaTest/HopperSS" />
    <testcase name="SingleTile/Hopper_64_112_16_NT_NoSwizzle_32B__bfloat" value_param="(8-byte object &lt;10-00 70-00 40-00 04-00&gt;, __bfloat, 4-byte object &lt;00-00 00-00&gt;, NoSwizzle, 32B)" file="/opt/pytorch/nvfuser/tests/cpp/test_mma.cpp" line="667" status="run" result="completed" time="0.214" timestamp="2025-05-20T07:57:03.585" classname="MmaTest/HopperSS" />
    <testcase name="SingleTile/Hopper_64_112_16_NN_32B_64B__bfloat" value_param="(8-byte object &lt;10-00 70-00 40-00 04-00&gt;, __bfloat, 4-byte object &lt;03-00 00-00&gt;, 32B, 64B)" file="/opt/pytorch/nvfuser/tests/cpp/test_mma.cpp" line="667" status="run" result="completed" time="0.257" timestamp="2025-05-20T07:57:03.799" classname="MmaTest/HopperSS" />
    <testcase name="SingleTile/Hopper_64_120_16_TN_128B_64B__half" value_param="(8-byte object &lt;10-00 78-00 40-00 04-00&gt;, __half, 4-byte object &lt;02-00 00-00&gt;, 128B, 64B)" file="/opt/pytorch/nvfuser/tests/cpp/test_mma.cpp" line="667" status="run" result="completed" time="0.27" timestamp="2025-05-20T07:57:04.056" classname="MmaTest/HopperSS" />
    <testcase name="SingleTile/Hopper_64_120_16_NN_32B_32B__half" value_param="(8-byte object &lt;10-00 78-00 40-00 04-00&gt;, __half, 4-byte object &lt;03-00 00-00&gt;, 32B, 32B)" file="/opt/pytorch/nvfuser/tests/cpp/test_mma.cpp" line="667" status="run" result="completed" time="0.208" timestamp="2025-05-20T07:57:04.327" classname="MmaTest/HopperSS" />
    <testcase name="SingleTile/Hopper_64_120_16_TT_32B_32B__bfloat" value_param="(8-byte object &lt;10-00 78-00 40-00 04-00&gt;, __bfloat, 4-byte object &lt;01-00 00-00&gt;, 32B, 32B)" file="/opt/pytorch/nvfuser/tests/cpp/test_mma.cpp" line="667" status="run" result="completed" time="0.21" timestamp="2025-05-20T07:57:04.536" classname="MmaTest/HopperSS" />
    <testcase name="SingleTile/Hopper_64_120_16_NT_NoSwizzle_NoSwizzle__bfloat" value_param="(8-byte object &lt;10-00 78-00 40-00 04-00&gt;, __bfloat, 4-byte object &lt;00-00 00-00&gt;, NoSwizzle, NoSwizzle)" file="/opt/pytorch/nvfuser/tests/cpp/test_mma.cpp" line="667" status="run" result="completed" time="0.174" timestamp="2025-05-20T07:57:04.746" classname="MmaTest/HopperSS" />
    <testcase name="SingleTile/Hopper_64_120_16_NN_128B_64B__bfloat" value_param="(8-byte object &lt;10-00 78-00 40-00 04-00&gt;, __bfloat, 4-byte object &lt;03-00 00-00&gt;, 128B, 64B)" file="/opt/pytorch/nvfuser/tests/cpp/test_mma.cpp" line="667" status="run" result="completed" time="0.218" timestamp="2025-05-20T07:57:04.921" classname="MmaTest/HopperSS" />
    <testcase name="SingleTile/Hopper_64_128_16_TN_128B_NoSwizzle__half" value_param="(8-byte object &lt;10-00 80-00 40-00 04-00&gt;, __half, 4-byte object &lt;02-00 00-00&gt;, 128B, NoSwizzle)" file="/opt/pytorch/nvfuser/tests/cpp/test_mma.cpp" line="667" status="run" result="completed" time="0.202" timestamp="2025-05-20T07:57:05.139" classname="MmaTest/HopperSS" />
    <testcase name="SingleTile/Hopper_64_128_16_TT_128B_128B__bfloat" value_param="(8-byte object &lt;10-00 80-00 40-00 04-00&gt;, __bfloat, 4-byte object &lt;01-00 00-00&gt;, 128B, 128B)" file="/opt/pytorch/nvfuser/tests/cpp/test_mma.cpp" line="667" status="run" result="completed" time="0.232" timestamp="2025-05-20T07:57:05.342" classname="MmaTest/HopperSS" />
    <testcase name="SingleTile/Hopper_64_128_16_TN_64B_32B__bfloat" value_param="(8-byte object &lt;10-00 80-00 40-00 04-00&gt;, __bfloat, 4-byte object &lt;02-00 00-00&gt;, 64B, 32B)" file="/opt/pytorch/nvfuser/tests/cpp/test_mma.cpp" line="667" status="run" result="completed" time="0.206" timestamp="2025-05-20T07:57:05.574" classname="MmaTest/HopperSS" />
    <testcase name="SingleTile/Hopper_64_128_16_NN_64B_128B__bfloat" value_param="(8-byte object &lt;10-00 80-00 40-00 04-00&gt;, __bfloat, 4-byte object &lt;03-00 00-00&gt;, 64B, 128B)" file="/opt/pytorch/nvfuser/tests/cpp/test_mma.cpp" line="667" status="run" result="completed" time="0.333" timestamp="2025-05-20T07:57:05.780" classname="MmaTest/HopperSS" />
    <testcase name="SingleTile/Hopper_64_136_16_TT_NoSwizzle_32B__half" value_param="(8-byte object &lt;10-00 88-00 40-00 04-00&gt;, __half, 4-byte object &lt;01-00 00-00&gt;, NoSwizzle, 32B)" file="/opt/pytorch/nvfuser/tests/cpp/test_mma.cpp" line="667" status="run" result="completed" time="0.194" timestamp="2025-05-20T07:57:06.113" classname="MmaTest/HopperSS" />
    <testcase name="SingleTile/Hopper_64_136_16_TN_32B_128B__half" value_param="(8-byte object &lt;10-00 88-00 40-00 04-00&gt;, __half, 4-byte object &lt;02-00 00-00&gt;, 32B, 128B)" file="/opt/pytorch/nvfuser/tests/cpp/test_mma.cpp" line="667" status="run" result="completed" time="0.31" timestamp="2025-05-20T07:57:06.308" classname="MmaTest/HopperSS" />
    <testcase name="SingleTile/Hopper_64_136_16_NN_NoSwizzle_32B__half" value_param="(8-byte object &lt;10-00 88-00 40-00 04-00&gt;, __half, 4-byte object &lt;03-00 00-00&gt;, NoSwizzle, 32B)" file="/opt/pytorch/nvfuser/tests/cpp/test_mma.cpp" line="667" status="run" result="completed" time="0.2" timestamp="2025-05-20T07:57:06.619" classname="MmaTest/HopperSS" />
    <testcase name="SingleTile/Hopper_64_136_16_TT_128B_NoSwizzle__bfloat" value_param="(8-byte object &lt;10-00 88-00 40-00 04-00&gt;, __bfloat, 4-byte object &lt;01-00 00-00&gt;, 128B, NoSwizzle)" file="/opt/pytorch/nvfuser/tests/cpp/test_mma.cpp" line="667" status="run" result="completed" time="0.239" timestamp="2025-05-20T07:57:06.819" classname="MmaTest/HopperSS" />
    <testcase name="SingleTile/Hopper_64_136_16_NT_64B_NoSwizzle__bfloat" value_param="(8-byte object &lt;10-00 88-00 40-00 04-00&gt;, __bfloat, 4-byte object &lt;00-00 00-00&gt;, 64B, NoSwizzle)" file="/opt/pytorch/nvfuser/tests/cpp/test_mma.cpp" line="667" status="run" result="completed" time="0.221" timestamp="2025-05-20T07:57:07.059" classname="MmaTest/HopperSS" />
    <testcase name="SingleTile/Hopper_64_144_16_TT_NoSwizzle_NoSwizzle__half" value_param="(8-byte object &lt;10-00 90-00 40-00 04-00&gt;, __half, 4-byte object &lt;01-00 00-00&gt;, NoSwizzle, NoSwizzle)" file="/opt/pytorch/nvfuser/tests/cpp/test_mma.cpp" line="667" status="run" result="completed" time="0.162" timestamp="2025-05-20T07:57:07.281" classname="MmaTest/HopperSS" />
    <testcase name="SingleTile/Hopper_64_144_16_TN_128B_NoSwizzle__half" value_param="(8-byte object &lt;10-00 90-00 40-00 04-00&gt;, __half, 4-byte object &lt;02-00 00-00&gt;, 128B, NoSwizzle)" file="/opt/pytorch/nvfuser/tests/cpp/test_mma.cpp" line="667" status="run" result="completed" time="0.206" timestamp="2025-05-20T07:57:07.443" classname="MmaTest/HopperSS" />
    <testcase name="SingleTile/Hopper_64_144_16_NT_64B_32B__half" value_param="(8-byte object &lt;10-00 90-00 40-00 04-00&gt;, __half, 4-byte object &lt;00-00 00-00&gt;, 64B, 32B)" file="/opt/pytorch/nvfuser/tests/cpp/test_mma.cpp" line="667" status="run" result="completed" time="0.241" timestamp="2025-05-20T07:57:07.649" classname="MmaTest/HopperSS" />
    <testcase name="SingleTile/Hopper_64_144_16_NN_NoSwizzle_32B__half" value_param="(8-byte object &lt;10-00 90-00 40-00 04-00&gt;, __half, 4-byte object &lt;03-00 00-00&gt;, NoSwizzle, 32B)" file="/opt/pytorch/nvfuser/tests/cpp/test_mma.cpp" line="667" status="run" result="completed" time="0.18" timestamp="2025-05-20T07:57:07.891" classname="MmaTest/HopperSS" />
    <testcase name="SingleTile/Hopper_64_144_16_NT_128B_64B__bfloat" value_param="(8-byte object &lt;10-00 90-00 40-00 04-00&gt;, __bfloat, 4-byte object &lt;00-00 00-00&gt;, 128B, 64B)" file="/opt/pytorch/nvfuser/tests/cpp/test_mma.cpp" line="667" status="run" result="completed" time="0.221" timestamp="2025-05-20T07:57:08.072" classname="MmaTest/HopperSS" />
    <testcase name="SingleTile/Hopper_64_144_16_NT_32B_64B__bfloat" value_param="(8-byte object &lt;10-00 90-00 40-00 04-00&gt;, __bfloat, 4-byte object &lt;00-00 00-00&gt;, 32B, 64B)" file="/opt/pytorch/nvfuser/tests/cpp/test_mma.cpp" line="667" status="run" result="completed" time="0.253" timestamp="2025-05-20T07:57:08.293" classname="MmaTest/HopperSS" />
    <testcase name="SingleTile/Hopper_64_152_16_TT_NoSwizzle_NoSwizzle__half" value_param="(8-byte object &lt;10-00 98-00 40-00 04-00&gt;, __half, 4-byte object &lt;01-00 00-00&gt;, NoSwizzle, NoSwizzle)" file="/opt/pytorch/nvfuser/tests/cpp/test_mma.cpp" line="667" status="run" result="completed" time="0.188" timestamp="2025-05-20T07:57:08.547" classname="MmaTest/HopperSS" />
    <testcase name="SingleTile/Hopper_64_152_16_TN_NoSwizzle_128B__half" value_param="(8-byte object &lt;10-00 98-00 40-00 04-00&gt;, __half, 4-byte object &lt;02-00 00-00&gt;, NoSwizzle, 128B)" file="/opt/pytorch/nvfuser/tests/cpp/test_mma.cpp" line="667" status="run" result="completed" time="0.306" timestamp="2025-05-20T07:57:08.736" classname="MmaTest/HopperSS" />
    <testcase name="SingleTile/Hopper_64_152_16_NT_128B_NoSwizzle__half" value_param="(8-byte object &lt;10-00 98-00 40-00 04-00&gt;, __half, 4-byte object &lt;00-00 00-00&gt;, 128B, NoSwizzle)" file="/opt/pytorch/nvfuser/tests/cpp/test_mma.cpp" line="667" status="run" result="completed" time="0.213" timestamp="2025-05-20T07:57:09.043" classname="MmaTest/HopperSS" />
    <testcase name="SingleTile/Hopper_64_152_16_NN_NoSwizzle_NoSwizzle__half" value_param="(8-byte object &lt;10-00 98-00 40-00 04-00&gt;, __half, 4-byte object &lt;03-00 00-00&gt;, NoSwizzle, NoSwizzle)" file="/opt/pytorch/nvfuser/tests/cpp/test_mma.cpp" line="667" status="run" result="completed" time="0.173" timestamp="2025-05-20T07:57:09.256" classname="MmaTest/HopperSS" />
    <testcase name="SingleTile/Hopper_64_152_16_TN_NoSwizzle_NoSwizzle__bfloat" value_param="(8-byte object &lt;10-00 98-00 40-00 04-00&gt;, __bfloat, 4-byte object &lt;02-00 00-00&gt;, NoSwizzle, NoSwizzle)" file="/opt/pytorch/nvfuser/tests/cpp/test_mma.cpp" line="667" status="run" result="completed" time="0.151" timestamp="2025-05-20T07:57:09.429" classname="MmaTest/HopperSS" />
    <testcase name="SingleTile/Hopper_64_152_16_NT_NoSwizzle_128B__bfloat" value_param="(8-byte object &lt;10-00 98-00 40-00 04-00&gt;, __bfloat, 4-byte object &lt;00-00 00-00&gt;, NoSwizzle, 128B)" file="/opt/pytorch/nvfuser/tests/cpp/test_mma.cpp" line="667" status="run" result="completed" time="0.203" timestamp="2025-05-20T07:57:09.581" classname="MmaTest/HopperSS" />
    <testcase name="SingleTile/Hopper_64_152_16_NT_32B_NoSwizzle__bfloat" value_param="(8-byte object &lt;10-00 98-00 40-00 04-00&gt;, __bfloat, 4-byte object &lt;00-00 00-00&gt;, 32B, NoSwizzle)" file="/opt/pytorch/nvfuser/tests/cpp/test_mma.cpp" line="667" status="run" result="completed" time="0.233" timestamp="2025-05-20T07:57:09.784" classname="MmaTest/HopperSS" />
    <testcase name="SingleTile/Hopper_64_160_16_TT_NoSwizzle_NoSwizzle__half" value_param="(8-byte object &lt;10-00 A0-00 40-00 04-00&gt;, __half, 4-byte object &lt;01-00 00-00&gt;, NoSwizzle, NoSwizzle)" file="/opt/pytorch/nvfuser/tests/cpp/test_mma.cpp" line="667" status="run" result="completed" time="0.17" timestamp="2025-05-20T07:57:10.017" classname="MmaTest/HopperSS" />
    <testcase name="SingleTile/Hopper_64_160_16_TT_64B_64B__half" value_param="(8-byte object &lt;10-00 A0-00 40-00 04-00&gt;, __half, 4-byte object &lt;01-00 00-00&gt;, 64B, 64B)" file="/opt/pytorch/nvfuser/tests/cpp/test_mma.cpp" line="667" status="run" result="completed" time="0.241" timestamp="2025-05-20T07:57:10.187" classname="MmaTest/HopperSS" />
    <testcase name="SingleTile/Hopper_64_160_16_NT_NoSwizzle_128B__half" value_param="(8-byte object &lt;10-00 A0-00 40-00 04-00&gt;, __half, 4-byte object &lt;00-00 00-00&gt;, NoSwizzle, 128B)" file="/opt/pytorch/nvfuser/tests/cpp/test_mma.cpp" line="667" status="run" result="completed" time="0.205" timestamp="2025-05-20T07:57:10.428" classname="MmaTest/HopperSS" />
    <testcase name="SingleTile/Hopper_64_160_16_NT_32B_NoSwizzle__half" value_param="(8-byte object &lt;10-00 A0-00 40-00 04-00&gt;, __half, 4-byte object &lt;00-00 00-00&gt;, 32B, NoSwizzle)" file="/opt/pytorch/nvfuser/tests/cpp/test_mma.cpp" line="667" status="run" result="completed" time="0.216" timestamp="2025-05-20T07:57:10.634" classname="MmaTest/HopperSS" />
    <testcase name="SingleTile/Hopper_64_160_16_TN_128B_32B__bfloat" value_param="(8-byte object &lt;10-00 A0-00 40-00 04-00&gt;, __bfloat, 4-byte object &lt;02-00 00-00&gt;, 128B, 32B)" file="/opt/pytorch/nvfuser/tests/cpp/test_mma.cpp" line="667" status="run" result="completed" time="0.241" timestamp="2025-05-20T07:57:10.850" classname="MmaTest/HopperSS" />
    <testcase name="SingleTile/Hopper_64_160_16_NT_64B_32B__bfloat" value_param="(8-byte object &lt;10-00 A0-00 40-00 04-00&gt;, __bfloat, 4-byte object &lt;00-00 00-00&gt;, 64B, 32B)" file="/opt/pytorch/nvfuser/tests/cpp/test_mma.cpp" line="667" status="run" result="completed" time="0.248" timestamp="2025-05-20T07:57:11.092" classname="MmaTest/HopperSS" />
    <testcase name="SingleTile/Hopper_64_160_16_NN_64B_64B__bfloat" value_param="(8-byte object &lt;10-00 A0-00 40-00 04-00&gt;, __bfloat, 4-byte object &lt;03-00 00-00&gt;, 64B, 64B)" file="/opt/pytorch/nvfuser/tests/cpp/test_mma.cpp" line="667" status="run" result="completed" time="0.288" timestamp="2025-05-20T07:57:11.340" classname="MmaTest/HopperSS" />
    <testcase name="SingleTile/Hopper_64_168_16_TT_NoSwizzle_128B__half" value_param="(8-byte object &lt;10-00 A8-00 40-00 04-00&gt;, __half, 4-byte object &lt;01-00 00-00&gt;, NoSwizzle, 128B)" file="/opt/pytorch/nvfuser/tests/cpp/test_mma.cpp" line="667" status="run" result="completed" time="0.205" timestamp="2025-05-20T07:57:11.629" classname="MmaTest/HopperSS" />
    <testcase name="SingleTile/Hopper_64_168_16_TN_128B_32B__half" value_param="(8-byte object &lt;10-00 A8-00 40-00 04-00&gt;, __half, 4-byte object &lt;02-00 00-00&gt;, 128B, 32B)" file="/opt/pytorch/nvfuser/tests/cpp/test_mma.cpp" line="667" status="run" result="completed" time="0.249" timestamp="2025-05-20T07:57:11.835" classname="MmaTest/HopperSS" />
    <testcase name="SingleTile/Hopper_64_168_16_NT_128B_32B__half" value_param="(8-byte object &lt;10-00 A8-00 40-00 04-00&gt;, __half, 4-byte object &lt;00-00 00-00&gt;, 128B, 32B)" file="/opt/pytorch/nvfuser/tests/cpp/test_mma.cpp" line="667" status="run" result="completed" time="0.224" timestamp="2025-05-20T07:57:12.084" classname="MmaTest/HopperSS" />
    <testcase name="SingleTile/Hopper_64_168_16_NN_128B_128B__half" value_param="(8-byte object &lt;10-00 A8-00 40-00 04-00&gt;, __half, 4-byte object &lt;03-00 00-00&gt;, 128B, 128B)" file="/opt/pytorch/nvfuser/tests/cpp/test_mma.cpp" line="667" status="run" result="completed" time="0.356" timestamp="2025-05-20T07:57:12.309" classname="MmaTest/HopperSS" />
    <testcase name="SingleTile/Hopper_64_168_16_TT_NoSwizzle_32B__bfloat" value_param="(8-byte object &lt;10-00 A8-00 40-00 04-00&gt;, __bfloat, 4-byte object &lt;01-00 00-00&gt;, NoSwizzle, 32B)" file="/opt/pytorch/nvfuser/tests/cpp/test_mma.cpp" line="667" status="run" result="completed" time="0.207" timestamp="2025-05-20T07:57:12.665" classname="MmaTest/HopperSS" />
    <testcase name="SingleTile/Hopper_64_168_16_TN_NoSwizzle_128B__bfloat" value_param="(8-byte object &lt;10-00 A8-00 40-00 04-00&gt;, __bfloat, 4-byte object &lt;02-00 00-00&gt;, NoSwizzle, 128B)" file="/opt/pytorch/nvfuser/tests/cpp/test_mma.cpp" line="667" status="run" result="completed" time="0.335" timestamp="2025-05-20T07:57:12.873" classname="MmaTest/HopperSS" />
    <testcase name="SingleTile/Hopper_64_168_16_NN_128B_128B__bfloat" value_param="(8-byte object &lt;10-00 A8-00 40-00 04-00&gt;, __bfloat, 4-byte object &lt;03-00 00-00&gt;, 128B, 128B)" file="/opt/pytorch/nvfuser/tests/cpp/test_mma.cpp" line="667" status="run" result="completed" time="0.355" timestamp="2025-05-20T07:57:13.208" classname="MmaTest/HopperSS" />
    <testcase name="SingleTile/Hopper_64_176_16_TN_NoSwizzle_64B__half" value_param="(8-byte object &lt;10-00 B0-00 40-00 04-00&gt;, __half, 4-byte object &lt;02-00 00-00&gt;, NoSwizzle, 64B)" file="/opt/pytorch/nvfuser/tests/cpp/test_mma.cpp" line="667" status="run" result="completed" time="0.245" timestamp="2025-05-20T07:57:13.563" classname="MmaTest/HopperSS" />
    <testcase name="SingleTile/Hopper_64_176_16_NN_NoSwizzle_64B__half" value_param="(8-byte object &lt;10-00 B0-00 40-00 04-00&gt;, __half, 4-byte object &lt;03-00 00-00&gt;, NoSwizzle, 64B)" file="/opt/pytorch/nvfuser/tests/cpp/test_mma.cpp" line="667" status="run" result="completed" time="0.256" timestamp="2025-05-20T07:57:13.808" classname="MmaTest/HopperSS" />
    <testcase name="SingleTile/Hopper_64_176_16_TT_128B_128B__bfloat" value_param="(8-byte object &lt;10-00 B0-00 40-00 04-00&gt;, __bfloat, 4-byte object &lt;01-00 00-00&gt;, 128B, 128B)" file="/opt/pytorch/nvfuser/tests/cpp/test_mma.cpp" line="667" status="run" result="completed" time="0.258" timestamp="2025-05-20T07:57:14.065" classname="MmaTest/HopperSS" />
    <testcase name="SingleTile/Hopper_64_176_16_TN_64B_NoSwizzle__bfloat" value_param="(8-byte object &lt;10-00 B0-00 40-00 04-00&gt;, __bfloat, 4-byte object &lt;02-00 00-00&gt;, 64B, NoSwizzle)" file="/opt/pytorch/nvfuser/tests/cpp/test_mma.cpp" line="667" status="run" result="completed" time="0.199" timestamp="2025-05-20T07:57:14.323" classname="MmaTest/HopperSS" />
    <testcase name="SingleTile/Hopper_64_176_16_NT_32B_NoSwizzle__bfloat" value_param="(8-byte object &lt;10-00 B0-00 40-00 04-00&gt;, __bfloat, 4-byte object &lt;00-00 00-00&gt;, 32B, NoSwizzle)" file="/opt/pytorch/nvfuser/tests/cpp/test_mma.cpp" line="667" status="run" result="completed" time="0.226" timestamp="2025-05-20T07:57:14.523" classname="MmaTest/HopperSS" />
    <testcase name="SingleTile/Hopper_64_176_16_NN_32B_64B__bfloat" value_param="(8-byte object &lt;10-00 B0-00 40-00 04-00&gt;, __bfloat, 4-byte object &lt;03-00 00-00&gt;, 32B, 64B)" file="/opt/pytorch/nvfuser/tests/cpp/test_mma.cpp" line="667" status="run" result="completed" time="0.293" timestamp="2025-05-20T07:57:14.749" classname="MmaTest/HopperSS" />
    <testcase name="SingleTile/Hopper_64_184_16_TT_64B_NoSwizzle__half" value_param="(8-byte object &lt;10-00 B8-00 40-00 04-00&gt;, __half, 4-byte object &lt;01-00 00-00&gt;, 64B, NoSwizzle)" file="/opt/pytorch/nvfuser/tests/cpp/test_mma.cpp" line="667" status="run" result="completed" time="0.255" timestamp="2025-05-20T07:57:15.042" classname="MmaTest/HopperSS" />
    <testcase name="SingleTile/Hopper_64_184_16_NT_NoSwizzle_NoSwizzle__half" value_param="(8-byte object &lt;10-00 B8-00 40-00 04-00&gt;, __half, 4-byte object &lt;00-00 00-00&gt;, NoSwizzle, NoSwizzle)" file="/opt/pytorch/nvfuser/tests/cpp/test_mma.cpp" line="667" status="run" result="completed" time="0.22" timestamp="2025-05-20T07:57:15.297" classname="MmaTest/HopperSS" />
    <testcase name="SingleTile/Hopper_64_184_16_TT_64B_NoSwizzle__bfloat" value_param="(8-byte object &lt;10-00 B8-00 40-00 04-00&gt;, __bfloat, 4-byte object &lt;01-00 00-00&gt;, 64B, NoSwizzle)" file="/opt/pytorch/nvfuser/tests/cpp/test_mma.cpp" line="667" status="run" result="completed" time="0.254" timestamp="2025-05-20T07:57:15.518" classname="MmaTest/HopperSS" />
    <testcase name="SingleTile/Hopper_64_184_16_TN_128B_64B__bfloat" value_param="(8-byte object &lt;10-00 B8-00 40-00 04-00&gt;, __bfloat, 4-byte object &lt;02-00 00-00&gt;, 128B, 64B)" file="/opt/pytorch/nvfuser/tests/cpp/test_mma.cpp" line="667" status="run" result="completed" time="0.318" timestamp="2025-05-20T07:57:15.773" classname="MmaTest/HopperSS" />
    <testcase name="SingleTile/Hopper_64_184_16_NN_64B_NoSwizzle__bfloat" value_param="(8-byte object &lt;10-00 B8-00 40-00 04-00&gt;, __bfloat, 4-byte object &lt;03-00 00-00&gt;, 64B, NoSwizzle)" file="/opt/pytorch/nvfuser/tests/cpp/test_mma.cpp" line="667" status="run" result="completed" time="0.214" timestamp="2025-05-20T07:57:16.091" classname="MmaTest/HopperSS" />
    <testcase name="SingleTile/Hopper_64_192_16_TT_64B_128B__half" value_param="(8-byte object &lt;10-00 C0-00 40-00 04-00&gt;, __half, 4-byte object &lt;01-00 00-00&gt;, 64B, 128B)" file="/opt/pytorch/nvfuser/tests/cpp/test_mma.cpp" line="667" status="run" result="completed" time="0.252" timestamp="2025-05-20T07:57:16.306" classname="MmaTest/HopperSS" />
    <testcase name="SingleTile/Hopper_64_192_16_NN_32B_128B__half" value_param="(8-byte object &lt;10-00 C0-00 40-00 04-00&gt;, __half, 4-byte object &lt;03-00 00-00&gt;, 32B, 128B)" file="/opt/pytorch/nvfuser/tests/cpp/test_mma.cpp" line="667" status="run" result="completed" time="0.427" timestamp="2025-05-20T07:57:16.558" classname="MmaTest/HopperSS" />
    <testcase name="SingleTile/Hopper_64_192_16_TT_32B_128B__bfloat" value_param="(8-byte object &lt;10-00 C0-00 40-00 04-00&gt;, __bfloat, 4-byte object &lt;01-00 00-00&gt;, 32B, 128B)" file="/opt/pytorch/nvfuser/tests/cpp/test_mma.cpp" line="667" status="run" result="completed" time="0.235" timestamp="2025-05-20T07:57:16.986" classname="MmaTest/HopperSS" />
    <testcase name="SingleTile/Hopper_64_200_16_TT_NoSwizzle_NoSwizzle__half" value_param="(8-byte object &lt;10-00 C8-00 40-00 04-00&gt;, __half, 4-byte object &lt;01-00 00-00&gt;, NoSwizzle, NoSwizzle)" file="/opt/pytorch/nvfuser/tests/cpp/test_mma.cpp" line="667" status="run" result="completed" time="0.218" timestamp="2025-05-20T07:57:17.222" classname="MmaTest/HopperSS" />
    <testcase name="SingleTile/Hopper_64_200_16_NT_NoSwizzle_128B__half" value_param="(8-byte object &lt;10-00 C8-00 40-00 04-00&gt;, __half, 4-byte object &lt;00-00 00-00&gt;, NoSwizzle, 128B)" file="/opt/pytorch/nvfuser/tests/cpp/test_mma.cpp" line="667" status="run" result="completed" time="0.23" timestamp="2025-05-20T07:57:17.440" classname="MmaTest/HopperSS" />
    <testcase name="SingleTile/Hopper_64_200_16_NN_NoSwizzle_128B__half" value_param="(8-byte object &lt;10-00 C8-00 40-00 04-00&gt;, __half, 4-byte object &lt;03-00 00-00&gt;, NoSwizzle, 128B)" file="/opt/pytorch/nvfuser/tests/cpp/test_mma.cpp" line="667" status="run" result="completed" time="0.42" timestamp="2025-05-20T07:57:17.671" classname="MmaTest/HopperSS" />
    <testcase name="SingleTile/Hopper_64_200_16_TN_NoSwizzle_32B__bfloat" value_param="(8-byte object &lt;10-00 C8-00 40-00 04-00&gt;, __bfloat, 4-byte object &lt;02-00 00-00&gt;, NoSwizzle, 32B)" file="/opt/pytorch/nvfuser/tests/cpp/test_mma.cpp" line="667" status="run" result="completed" time="0.207" timestamp="2025-05-20T07:57:18.091" classname="MmaTest/HopperSS" />
    <testcase name="SingleTile/Hopper_64_200_16_NN_64B_128B__bfloat" value_param="(8-byte object &lt;10-00 C8-00 40-00 04-00&gt;, __bfloat, 4-byte object &lt;03-00 00-00&gt;, 64B, 128B)" file="/opt/pytorch/nvfuser/tests/cpp/test_mma.cpp" line="667" status="run" result="completed" time="0.437" timestamp="2025-05-20T07:57:18.299" classname="MmaTest/HopperSS" />
    <testcase name="SingleTile/Hopper_64_208_16_TT_NoSwizzle_32B__half" value_param="(8-byte object &lt;10-00 D0-00 40-00 04-00&gt;, __half, 4-byte object &lt;01-00 00-00&gt;, NoSwizzle, 32B)" file="/opt/pytorch/nvfuser/tests/cpp/test_mma.cpp" line="667" status="run" result="completed" time="0.225" timestamp="2025-05-20T07:57:18.736" classname="MmaTest/HopperSS" />
    <testcase name="SingleTile/Hopper_64_208_16_TN_32B_32B__half" value_param="(8-byte object &lt;10-00 D0-00 40-00 04-00&gt;, __half, 4-byte object &lt;02-00 00-00&gt;, 32B, 32B)" file="/opt/pytorch/nvfuser/tests/cpp/test_mma.cpp" line="667" status="run" result="completed" time="0.223" timestamp="2025-05-20T07:57:18.962" classname="MmaTest/HopperSS" />
    <testcase name="SingleTile/Hopper_64_208_16_TT_128B_NoSwizzle__bfloat" value_param="(8-byte object &lt;10-00 D0-00 40-00 04-00&gt;, __bfloat, 4-byte object &lt;01-00 00-00&gt;, 128B, NoSwizzle)" file="/opt/pytorch/nvfuser/tests/cpp/test_mma.cpp" line="667" status="run" result="completed" time="0.258" timestamp="2025-05-20T07:57:19.185" classname="MmaTest/HopperSS" />
    <testcase name="SingleTile/Hopper_64_208_16_TT_32B_128B__bfloat" value_param="(8-byte object &lt;10-00 D0-00 40-00 04-00&gt;, __bfloat, 4-byte object &lt;01-00 00-00&gt;, 32B, 128B)" file="/opt/pytorch/nvfuser/tests/cpp/test_mma.cpp" line="667" status="run" result="completed" time="0.255" timestamp="2025-05-20T07:57:19.444" classname="MmaTest/HopperSS" />
    <testcase name="SingleTile/Hopper_64_208_16_TN_64B_32B__bfloat" value_param="(8-byte object &lt;10-00 D0-00 40-00 04-00&gt;, __bfloat, 4-byte object &lt;02-00 00-00&gt;, 64B, 32B)" file="/opt/pytorch/nvfuser/tests/cpp/test_mma.cpp" line="667" status="run" result="completed" time="0.248" timestamp="2025-05-20T07:57:19.700" classname="MmaTest/HopperSS" />
    <testcase name="SingleTile/Hopper_64_208_16_NN_32B_64B__bfloat" value_param="(8-byte object &lt;10-00 D0-00 40-00 04-00&gt;, __bfloat, 4-byte object &lt;03-00 00-00&gt;, 32B, 64B)" file="/opt/pytorch/nvfuser/tests/cpp/test_mma.cpp" line="667" status="run" result="completed" time="0.321" timestamp="2025-05-20T07:57:19.948" classname="MmaTest/HopperSS" />
    <testcase name="SingleTile/Hopper_64_216_16_TT_64B_32B__half" value_param="(8-byte object &lt;10-00 D8-00 40-00 04-00&gt;, __half, 4-byte object &lt;01-00 00-00&gt;, 64B, 32B)" file="/opt/pytorch/nvfuser/tests/cpp/test_mma.cpp" line="667" status="run" result="completed" time="0.269" timestamp="2025-05-20T07:57:20.270" classname="MmaTest/HopperSS" />
    <testcase name="SingleTile/Hopper_64_216_16_TN_64B_32B__half" value_param="(8-byte object &lt;10-00 D8-00 40-00 04-00&gt;, __half, 4-byte object &lt;02-00 00-00&gt;, 64B, 32B)" file="/opt/pytorch/nvfuser/tests/cpp/test_mma.cpp" line="667" status="run" result="completed" time="0.252" timestamp="2025-05-20T07:57:20.540" classname="MmaTest/HopperSS" />
    <testcase name="SingleTile/Hopper_64_216_16_TT_128B_64B__bfloat" value_param="(8-byte object &lt;10-00 D8-00 40-00 04-00&gt;, __bfloat, 4-byte object &lt;01-00 00-00&gt;, 128B, 64B)" file="/opt/pytorch/nvfuser/tests/cpp/test_mma.cpp" line="667" status="run" result="completed" time="0.306" timestamp="2025-05-20T07:57:20.792" classname="MmaTest/HopperSS" />
    <testcase name="SingleTile/Hopper_64_216_16_NT_NoSwizzle_128B__bfloat" value_param="(8-byte object &lt;10-00 D8-00 40-00 04-00&gt;, __bfloat, 4-byte object &lt;00-00 00-00&gt;, NoSwizzle, 128B)" file="/opt/pytorch/nvfuser/tests/cpp/test_mma.cpp" line="667" status="run" result="completed" time="0.238" timestamp="2025-05-20T07:57:21.099" classname="MmaTest/HopperSS" />
    <testcase name="SingleTile/Hopper_64_224_16_TT_NoSwizzle_128B__half" value_param="(8-byte object &lt;10-00 E0-00 40-00 04-00&gt;, __half, 4-byte object &lt;01-00 00-00&gt;, NoSwizzle, 128B)" file="/opt/pytorch/nvfuser/tests/cpp/test_mma.cpp" line="667" status="run" result="completed" time="0.234" timestamp="2025-05-20T07:57:21.337" classname="MmaTest/HopperSS" />
    <testcase name="SingleTile/Hopper_64_224_16_NN_64B_128B__half" value_param="(8-byte object &lt;10-00 E0-00 40-00 04-00&gt;, __half, 4-byte object &lt;03-00 00-00&gt;, 64B, 128B)" file="/opt/pytorch/nvfuser/tests/cpp/test_mma.cpp" line="667" status="run" result="completed" time="0.485" timestamp="2025-05-20T07:57:21.572" classname="MmaTest/HopperSS" />
    <testcase name="SingleTile/Hopper_64_224_16_TT_32B_64B__bfloat" value_param="(8-byte object &lt;10-00 E0-00 40-00 04-00&gt;, __bfloat, 4-byte object &lt;01-00 00-00&gt;, 32B, 64B)" file="/opt/pytorch/nvfuser/tests/cpp/test_mma.cpp" line="667" status="run" result="completed" time="0.272" timestamp="2025-05-20T07:57:22.058" classname="MmaTest/HopperSS" />
    <testcase name="SingleTile/Hopper_64_224_16_TN_NoSwizzle_64B__bfloat" value_param="(8-byte object &lt;10-00 E0-00 40-00 04-00&gt;, __bfloat, 4-byte object &lt;02-00 00-00&gt;, NoSwizzle, 64B)" file="/opt/pytorch/nvfuser/tests/cpp/test_mma.cpp" line="667" status="run" result="completed" time="0.29" timestamp="2025-05-20T07:57:22.330" classname="MmaTest/HopperSS" />
    <testcase name="SingleTile/Hopper_64_224_16_NT_NoSwizzle_128B__bfloat" value_param="(8-byte object &lt;10-00 E0-00 40-00 04-00&gt;, __bfloat, 4-byte object &lt;00-00 00-00&gt;, NoSwizzle, 128B)" file="/opt/pytorch/nvfuser/tests/cpp/test_mma.cpp" line="667" status="run" result="completed" time="0.241" timestamp="2025-05-20T07:57:22.621" classname="MmaTest/HopperSS" />
    <testcase name="SingleTile/Hopper_64_224_16_NN_64B_32B__bfloat" value_param="(8-byte object &lt;10-00 E0-00 40-00 04-00&gt;, __bfloat, 4-byte object &lt;03-00 00-00&gt;, 64B, 32B)" file="/opt/pytorch/nvfuser/tests/cpp/test_mma.cpp" line="667" status="run" result="completed" time="0.261" timestamp="2025-05-20T07:57:22.863" classname="MmaTest/HopperSS" />
    <testcase name="SingleTile/Hopper_64_232_16_TT_NoSwizzle_64B__half" value_param="(8-byte object &lt;10-00 E8-00 40-00 04-00&gt;, __half, 4-byte object &lt;01-00 00-00&gt;, NoSwizzle, 64B)" file="/opt/pytorch/nvfuser/tests/cpp/test_mma.cpp" line="667" status="run" result="completed" time="0.254" timestamp="2025-05-20T07:57:23.125" classname="MmaTest/HopperSS" />
    <testcase name="SingleTile/Hopper_64_232_16_TN_32B_NoSwizzle__half" value_param="(8-byte object &lt;10-00 E8-00 40-00 04-00&gt;, __half, 4-byte object &lt;02-00 00-00&gt;, 32B, NoSwizzle)" file="/opt/pytorch/nvfuser/tests/cpp/test_mma.cpp" line="667" status="run" result="completed" time="0.206" timestamp="2025-05-20T07:57:23.379" classname="MmaTest/HopperSS" />
    <testcase name="SingleTile/Hopper_64_232_16_NT_64B_128B__half" value_param="(8-byte object &lt;10-00 E8-00 40-00 04-00&gt;, __half, 4-byte object &lt;00-00 00-00&gt;, 64B, 128B)" file="/opt/pytorch/nvfuser/tests/cpp/test_mma.cpp" line="667" status="run" result="completed" time="0.285" timestamp="2025-05-20T07:57:23.586" classname="MmaTest/HopperSS" />
    <testcase name="SingleTile/Hopper_64_232_16_NN_128B_128B__half" value_param="(8-byte object &lt;10-00 E8-00 40-00 04-00&gt;, __half, 4-byte object &lt;03-00 00-00&gt;, 128B, 128B)" file="/opt/pytorch/nvfuser/tests/cpp/test_mma.cpp" line="667" status="run" result="completed" time="0.479" timestamp="2025-05-20T07:57:23.872" classname="MmaTest/HopperSS" />
    <testcase name="SingleTile/Hopper_64_232_16_TT_128B_NoSwizzle__bfloat" value_param="(8-byte object &lt;10-00 E8-00 40-00 04-00&gt;, __bfloat, 4-byte object &lt;01-00 00-00&gt;, 128B, NoSwizzle)" file="/opt/pytorch/nvfuser/tests/cpp/test_mma.cpp" line="667" status="run" result="completed" time="0.313" timestamp="2025-05-20T07:57:24.351" classname="MmaTest/HopperSS" />
    <testcase name="SingleTile/Hopper_64_232_16_TN_128B_64B__bfloat" value_param="(8-byte object &lt;10-00 E8-00 40-00 04-00&gt;, __bfloat, 4-byte object &lt;02-00 00-00&gt;, 128B, 64B)" file="/opt/pytorch/nvfuser/tests/cpp/test_mma.cpp" line="667" status="run" result="completed" time="0.37" timestamp="2025-05-20T07:57:24.664" classname="MmaTest/HopperSS" />
    <testcase name="SingleTile/Hopper_64_232_16_NT_128B_64B__bfloat" value_param="(8-byte object &lt;10-00 E8-00 40-00 04-00&gt;, __bfloat, 4-byte object &lt;00-00 00-00&gt;, 128B, 64B)" file="/opt/pytorch/nvfuser/tests/cpp/test_mma.cpp" line="667" status="run" result="completed" time="0.271" timestamp="2025-05-20T07:57:25.035" classname="MmaTest/HopperSS" />
    <testcase name="SingleTile/Hopper_64_232_16_NN_32B_NoSwizzle__bfloat" value_param="(8-byte object &lt;10-00 E8-00 40-00 04-00&gt;, __bfloat, 4-byte object &lt;03-00 00-00&gt;, 32B, NoSwizzle)" file="/opt/pytorch/nvfuser/tests/cpp/test_mma.cpp" line="667" status="run" result="completed" time="0.228" timestamp="2025-05-20T07:57:25.307" classname="MmaTest/HopperSS" />
    <testcase name="SingleTile/Hopper_64_240_16_TN_32B_128B__half" value_param="(8-byte object &lt;10-00 F0-00 40-00 04-00&gt;, __half, 4-byte object &lt;02-00 00-00&gt;, 32B, 128B)" file="/opt/pytorch/nvfuser/tests/cpp/test_mma.cpp" line="667" status="run" result="completed" time="0.502" timestamp="2025-05-20T07:57:25.536" classname="MmaTest/HopperSS" />
    <testcase name="SingleTile/Hopper_64_240_16_NT_64B_NoSwizzle__half" value_param="(8-byte object &lt;10-00 F0-00 40-00 04-00&gt;, __half, 4-byte object &lt;00-00 00-00&gt;, 64B, NoSwizzle)" file="/opt/pytorch/nvfuser/tests/cpp/test_mma.cpp" line="667" status="run" result="completed" time="0.266" timestamp="2025-05-20T07:57:26.039" classname="MmaTest/HopperSS" />
    <testcase name="SingleTile/Hopper_64_240_16_TT_NoSwizzle_128B__bfloat" value_param="(8-byte object &lt;10-00 F0-00 40-00 04-00&gt;, __bfloat, 4-byte object &lt;01-00 00-00&gt;, NoSwizzle, 128B)" file="/opt/pytorch/nvfuser/tests/cpp/test_mma.cpp" line="667" status="run" result="completed" time="0.24" timestamp="2025-05-20T07:57:26.305" classname="MmaTest/HopperSS" />
    <testcase name="SingleTile/Hopper_64_240_16_NT_32B_128B__bfloat" value_param="(8-byte object &lt;10-00 F0-00 40-00 04-00&gt;, __bfloat, 4-byte object &lt;00-00 00-00&gt;, 32B, 128B)" file="/opt/pytorch/nvfuser/tests/cpp/test_mma.cpp" line="667" status="run" result="completed" time="0.29" timestamp="2025-05-20T07:57:26.545" classname="MmaTest/HopperSS" />
    <testcase name="SingleTile/Hopper_64_240_16_NN_128B_NoSwizzle__bfloat" value_param="(8-byte object &lt;10-00 F0-00 40-00 04-00&gt;, __bfloat, 4-byte object &lt;03-00 00-00&gt;, 128B, NoSwizzle)" file="/opt/pytorch/nvfuser/tests/cpp/test_mma.cpp" line="667" status="run" result="completed" time="0.203" timestamp="2025-05-20T07:57:26.836" classname="MmaTest/HopperSS" />
    <testcase name="SingleTile/Hopper_64_240_16_NN_32B_128B__bfloat" value_param="(8-byte object &lt;10-00 F0-00 40-00 04-00&gt;, __bfloat, 4-byte object &lt;03-00 00-00&gt;, 32B, 128B)" file="/opt/pytorch/nvfuser/tests/cpp/test_mma.cpp" line="667" status="run" result="completed" time="0.518" timestamp="2025-05-20T07:57:27.039" classname="MmaTest/HopperSS" />
    <testcase name="SingleTile/Hopper_64_248_16_TT_64B_32B__half" value_param="(8-byte object &lt;10-00 F8-00 40-00 04-00&gt;, __half, 4-byte object &lt;01-00 00-00&gt;, 64B, 32B)" file="/opt/pytorch/nvfuser/tests/cpp/test_mma.cpp" line="667" status="run" result="completed" time="0.286" timestamp="2025-05-20T07:57:27.557" classname="MmaTest/HopperSS" />
    <testcase name="SingleTile/Hopper_64_248_16_TN_128B_64B__half" value_param="(8-byte object &lt;10-00 F8-00 40-00 04-00&gt;, __half, 4-byte object &lt;02-00 00-00&gt;, 128B, 64B)" file="/opt/pytorch/nvfuser/tests/cpp/test_mma.cpp" line="667" status="run" result="completed" time="0.386" timestamp="2025-05-20T07:57:27.843" classname="MmaTest/HopperSS" />
    <testcase name="SingleTile/Hopper_64_248_16_NT_NoSwizzle_32B__half" value_param="(8-byte object &lt;10-00 F8-00 40-00 04-00&gt;, __half, 4-byte object &lt;00-00 00-00&gt;, NoSwizzle, 32B)" file="/opt/pytorch/nvfuser/tests/cpp/test_mma.cpp" line="667" status="run" result="completed" time="0.252" timestamp="2025-05-20T07:57:28.230" classname="MmaTest/HopperSS" />
    <testcase name="SingleTile/Hopper_64_248_16_TT_128B_64B__bfloat" value_param="(8-byte object &lt;10-00 F8-00 40-00 04-00&gt;, __bfloat, 4-byte object &lt;01-00 00-00&gt;, 128B, 64B)" file="/opt/pytorch/nvfuser/tests/cpp/test_mma.cpp" line="667" status="run" result="completed" time="0.325" timestamp="2025-05-20T07:57:28.482" classname="MmaTest/HopperSS" />
    <testcase name="SingleTile/Hopper_64_248_16_TN_64B_128B__bfloat" value_param="(8-byte object &lt;10-00 F8-00 40-00 04-00&gt;, __bfloat, 4-byte object &lt;02-00 00-00&gt;, 64B, 128B)" file="/opt/pytorch/nvfuser/tests/cpp/test_mma.cpp" line="667" status="run" result="completed" time="0.533" timestamp="2025-05-20T07:57:28.808" classname="MmaTest/HopperSS" />
    <testcase name="SingleTile/Hopper_64_248_16_NT_64B_64B__bfloat" value_param="(8-byte object &lt;10-00 F8-00 40-00 04-00&gt;, __bfloat, 4-byte object &lt;00-00 00-00&gt;, 64B, 64B)" file="/opt/pytorch/nvfuser/tests/cpp/test_mma.cpp" line="667" status="run" result="completed" time="0.299" timestamp="2025-05-20T07:57:29.341" classname="MmaTest/HopperSS" />
    <testcase name="SingleTile/Hopper_64_248_16_NN_32B_32B__bfloat" value_param="(8-byte object &lt;10-00 F8-00 40-00 04-00&gt;, __bfloat, 4-byte object &lt;03-00 00-00&gt;, 32B, 32B)" file="/opt/pytorch/nvfuser/tests/cpp/test_mma.cpp" line="667" status="run" result="completed" time="0.273" timestamp="2025-05-20T07:57:29.641" classname="MmaTest/HopperSS" />
    <testcase name="SingleTile/Hopper_64_256_16_TT_64B_128B__half" value_param="(8-byte object &lt;10-00 00-01 40-00 04-00&gt;, __half, 4-byte object &lt;01-00 00-00&gt;, 64B, 128B)" file="/opt/pytorch/nvfuser/tests/cpp/test_mma.cpp" line="667" status="run" result="completed" time="0.288" timestamp="2025-05-20T07:57:29.914" classname="MmaTest/HopperSS" />
    <testcase name="SingleTile/Hopper_64_256_16_TT_NoSwizzle_32B__bfloat" value_param="(8-byte object &lt;10-00 00-01 40-00 04-00&gt;, __bfloat, 4-byte object &lt;01-00 00-00&gt;, NoSwizzle, 32B)" file="/opt/pytorch/nvfuser/tests/cpp/test_mma.cpp" line="667" status="run" result="completed" time="0.246" timestamp="2025-05-20T07:57:30.203" classname="MmaTest/HopperSS" />
    <testcase name="SingleTile/Hopper_64_256_16_TN_NoSwizzle_64B__bfloat" value_param="(8-byte object &lt;10-00 00-01 40-00 04-00&gt;, __bfloat, 4-byte object &lt;02-00 00-00&gt;, NoSwizzle, 64B)" file="/opt/pytorch/nvfuser/tests/cpp/test_mma.cpp" line="667" status="run" result="completed" time="0.316" timestamp="2025-05-20T07:57:30.450" classname="MmaTest/HopperSS" />
    <testcase name="SingleTile/Hopper_64_256_16_NT_32B_32B__bfloat" value_param="(8-byte object &lt;10-00 00-01 40-00 04-00&gt;, __bfloat, 4-byte object &lt;00-00 00-00&gt;, 32B, 32B)" file="/opt/pytorch/nvfuser/tests/cpp/test_mma.cpp" line="667" status="run" result="completed" time="0.291" timestamp="2025-05-20T07:57:30.766" classname="MmaTest/HopperSS" />
    <testcase name="SingleTile/Hopper_64_256_16_NN_32B_32B__bfloat" value_param="(8-byte object &lt;10-00 00-01 40-00 04-00&gt;, __bfloat, 4-byte object &lt;03-00 00-00&gt;, 32B, 32B)" file="/opt/pytorch/nvfuser/tests/cpp/test_mma.cpp" line="667" status="run" result="completed" time="0.277" timestamp="2025-05-20T07:57:31.058" classname="MmaTest/HopperSS" />
    <testcase name="SingleTileTransposed/Hopper_64_8_16_TT_NoSwizzle_64B__half" value_param="(8-byte object &lt;10-00 08-00 40-00 04-00&gt;, __half, 4-byte object &lt;01-00 00-00&gt;, NoSwizzle, 64B)" file="/opt/pytorch/nvfuser/tests/cpp/test_mma.cpp" line="786" status="run" result="completed" time="0.131" timestamp="2025-05-20T07:57:31.335" classname="MmaTest/HopperSS" />
    <testcase name="SingleTileTransposed/Hopper_64_8_16_TT_64B_NoSwizzle__half" value_param="(8-byte object &lt;10-00 08-00 40-00 04-00&gt;, __half, 4-byte object &lt;01-00 00-00&gt;, 64B, NoSwizzle)" file="/opt/pytorch/nvfuser/tests/cpp/test_mma.cpp" line="786" status="run" result="completed" time="0.135" timestamp="2025-05-20T07:57:31.467" classname="MmaTest/HopperSS" />
    <testcase name="SingleTileTransposed/Hopper_64_8_16_NT_NoSwizzle_NoSwizzle__half" value_param="(8-byte object &lt;10-00 08-00 40-00 04-00&gt;, __half, 4-byte object &lt;00-00 00-00&gt;, NoSwizzle, NoSwizzle)" file="/opt/pytorch/nvfuser/tests/cpp/test_mma.cpp" line="786" status="run" result="completed" time="0.1" timestamp="2025-05-20T07:57:31.602" classname="MmaTest/HopperSS" />
    <testcase name="SingleTileTransposed/Hopper_64_8_16_NN_128B_32B__half" value_param="(8-byte object &lt;10-00 08-00 40-00 04-00&gt;, __half, 4-byte object &lt;03-00 00-00&gt;, 128B, 32B)" file="/opt/pytorch/nvfuser/tests/cpp/test_mma.cpp" line="786" status="run" result="completed" time="0.125" timestamp="2025-05-20T07:57:31.703" classname="MmaTest/HopperSS" />
    <testcase name="SingleTileTransposed/Hopper_64_8_16_TT_NoSwizzle_64B__bfloat" value_param="(8-byte object &lt;10-00 08-00 40-00 04-00&gt;, __bfloat, 4-byte object &lt;01-00 00-00&gt;, NoSwizzle, 64B)" file="/opt/pytorch/nvfuser/tests/cpp/test_mma.cpp" line="786" status="run" result="completed" time="0.131" timestamp="2025-05-20T07:57:31.829" classname="MmaTest/HopperSS" />
    <testcase name="SingleTileTransposed/Hopper_64_8_16_NT_NoSwizzle_NoSwizzle__bfloat" value_param="(8-byte object &lt;10-00 08-00 40-00 04-00&gt;, __bfloat, 4-byte object &lt;00-00 00-00&gt;, NoSwizzle, NoSwizzle)" file="/opt/pytorch/nvfuser/tests/cpp/test_mma.cpp" line="786" status="run" result="completed" time="0.1" timestamp="2025-05-20T07:57:31.960" classname="MmaTest/HopperSS" />
    <testcase name="SingleTileTransposed/Hopper_64_8_16_NN_32B_32B__bfloat" value_param="(8-byte object &lt;10-00 08-00 40-00 04-00&gt;, __bfloat, 4-byte object &lt;03-00 00-00&gt;, 32B, 32B)" file="/opt/pytorch/nvfuser/tests/cpp/test_mma.cpp" line="786" status="run" result="completed" time="0.154" timestamp="2025-05-20T07:57:32.061" classname="MmaTest/HopperSS" />
    <testcase name="SingleTileTransposed/Hopper_64_16_16_TT_64B_64B__half" value_param="(8-byte object &lt;10-00 10-00 40-00 04-00&gt;, __half, 4-byte object &lt;01-00 00-00&gt;, 64B, 64B)" file="/opt/pytorch/nvfuser/tests/cpp/test_mma.cpp" line="786" status="run" result="completed" time="0.168" timestamp="2025-05-20T07:57:32.215" classname="MmaTest/HopperSS" />
    <testcase name="SingleTileTransposed/Hopper_64_16_16_TN_32B_64B__bfloat" value_param="(8-byte object &lt;10-00 10-00 40-00 04-00&gt;, __bfloat, 4-byte object &lt;02-00 00-00&gt;, 32B, 64B)" file="/opt/pytorch/nvfuser/tests/cpp/test_mma.cpp" line="786" status="run" result="completed" time="0.155" timestamp="2025-05-20T07:57:32.384" classname="MmaTest/HopperSS" />
    <testcase name="SingleTileTransposed/Hopper_64_16_16_NN_64B_32B__bfloat" value_param="(8-byte object &lt;10-00 10-00 40-00 04-00&gt;, __bfloat, 4-byte object &lt;03-00 00-00&gt;, 64B, 32B)" file="/opt/pytorch/nvfuser/tests/cpp/test_mma.cpp" line="786" status="run" result="completed" time="0.176" timestamp="2025-05-20T07:57:32.539" classname="MmaTest/HopperSS" />
    <testcase name="SingleTileTransposed/Hopper_64_24_16_TN_32B_NoSwizzle__half" value_param="(8-byte object &lt;10-00 18-00 40-00 04-00&gt;, __half, 4-byte object &lt;02-00 00-00&gt;, 32B, NoSwizzle)" file="/opt/pytorch/nvfuser/tests/cpp/test_mma.cpp" line="786" status="run" result="completed" time="0.135" timestamp="2025-05-20T07:57:32.716" classname="MmaTest/HopperSS" />
    <testcase name="SingleTileTransposed/Hopper_64_24_16_TT_128B_NoSwizzle__bfloat" value_param="(8-byte object &lt;10-00 18-00 40-00 04-00&gt;, __bfloat, 4-byte object &lt;01-00 00-00&gt;, 128B, NoSwizzle)" file="/opt/pytorch/nvfuser/tests/cpp/test_mma.cpp" line="786" status="run" result="completed" time="0.176" timestamp="2025-05-20T07:57:32.852" classname="MmaTest/HopperSS" />
    <testcase name="SingleTileTransposed/Hopper_64_24_16_TT_32B_128B__bfloat" value_param="(8-byte object &lt;10-00 18-00 40-00 04-00&gt;, __bfloat, 4-byte object &lt;01-00 00-00&gt;, 32B, 128B)" file="/opt/pytorch/nvfuser/tests/cpp/test_mma.cpp" line="786" status="run" result="completed" time="0.153" timestamp="2025-05-20T07:57:33.029" classname="MmaTest/HopperSS" />
    <testcase name="SingleTileTransposed/Hopper_64_24_16_TN_NoSwizzle_32B__bfloat" value_param="(8-byte object &lt;10-00 18-00 40-00 04-00&gt;, __bfloat, 4-byte object &lt;02-00 00-00&gt;, NoSwizzle, 32B)" file="/opt/pytorch/nvfuser/tests/cpp/test_mma.cpp" line="786" status="run" result="completed" time="0.134" timestamp="2025-05-20T07:57:33.182" classname="MmaTest/HopperSS" />
    <testcase name="SingleTileTransposed/Hopper_64_24_16_NT_128B_128B__bfloat" value_param="(8-byte object &lt;10-00 18-00 40-00 04-00&gt;, __bfloat, 4-byte object &lt;00-00 00-00&gt;, 128B, 128B)" file="/opt/pytorch/nvfuser/tests/cpp/test_mma.cpp" line="786" status="run" result="completed" time="0.143" timestamp="2025-05-20T07:57:33.317" classname="MmaTest/HopperSS" />
    <testcase name="SingleTileTransposed/Hopper_64_24_16_NT_32B_32B__bfloat" value_param="(8-byte object &lt;10-00 18-00 40-00 04-00&gt;, __bfloat, 4-byte object &lt;00-00 00-00&gt;, 32B, 32B)" file="/opt/pytorch/nvfuser/tests/cpp/test_mma.cpp" line="786" status="run" result="completed" time="0.2" timestamp="2025-05-20T07:57:33.460" classname="MmaTest/HopperSS" />
    <testcase name="SingleTileTransposed/Hopper_64_32_16_TT_NoSwizzle_NoSwizzle__half" value_param="(8-byte object &lt;10-00 20-00 40-00 04-00&gt;, __half, 4-byte object &lt;01-00 00-00&gt;, NoSwizzle, NoSwizzle)" file="/opt/pytorch/nvfuser/tests/cpp/test_mma.cpp" line="786" status="run" result="completed" time="0.119" timestamp="2025-05-20T07:57:33.661" classname="MmaTest/HopperSS" />
    <testcase name="SingleTileTransposed/Hopper_64_32_16_TT_32B_NoSwizzle__half" value_param="(8-byte object &lt;10-00 20-00 40-00 04-00&gt;, __half, 4-byte object &lt;01-00 00-00&gt;, 32B, NoSwizzle)" file="/opt/pytorch/nvfuser/tests/cpp/test_mma.cpp" line="786" status="run" result="completed" time="0.14" timestamp="2025-05-20T07:57:33.780" classname="MmaTest/HopperSS" />
    <testcase name="SingleTileTransposed/Hopper_64_32_16_TN_NoSwizzle_32B__half" value_param="(8-byte object &lt;10-00 20-00 40-00 04-00&gt;, __half, 4-byte object &lt;02-00 00-00&gt;, NoSwizzle, 32B)" file="/opt/pytorch/nvfuser/tests/cpp/test_mma.cpp" line="786" status="run" result="completed" time="0.136" timestamp="2025-05-20T07:57:33.920" classname="MmaTest/HopperSS" />
    <testcase name="SingleTileTransposed/Hopper_64_32_16_NT_64B_NoSwizzle__half" value_param="(8-byte object &lt;10-00 20-00 40-00 04-00&gt;, __half, 4-byte object &lt;00-00 00-00&gt;, 64B, NoSwizzle)" file="/opt/pytorch/nvfuser/tests/cpp/test_mma.cpp" line="786" status="run" result="completed" time="0.16" timestamp="2025-05-20T07:57:34.056" classname="MmaTest/HopperSS" />
    <testcase name="SingleTileTransposed/Hopper_64_32_16_TT_128B_32B__bfloat" value_param="(8-byte object &lt;10-00 20-00 40-00 04-00&gt;, __bfloat, 4-byte object &lt;01-00 00-00&gt;, 128B, 32B)" file="/opt/pytorch/nvfuser/tests/cpp/test_mma.cpp" line="786" status="run" result="completed" time="0.217" timestamp="2025-05-20T07:57:34.217" classname="MmaTest/HopperSS" />
    <testcase name="SingleTileTransposed/Hopper_64_32_16_NT_128B_32B__bfloat" value_param="(8-byte object &lt;10-00 20-00 40-00 04-00&gt;, __bfloat, 4-byte object &lt;00-00 00-00&gt;, 128B, 32B)" file="/opt/pytorch/nvfuser/tests/cpp/test_mma.cpp" line="786" status="run" result="completed" time="0.174" timestamp="2025-05-20T07:57:34.435" classname="MmaTest/HopperSS" />
    <testcase name="SingleTileTransposed/Hopper_64_32_16_NN_32B_NoSwizzle__bfloat" value_param="(8-byte object &lt;10-00 20-00 40-00 04-00&gt;, __bfloat, 4-byte object &lt;03-00 00-00&gt;, 32B, NoSwizzle)" file="/opt/pytorch/nvfuser/tests/cpp/test_mma.cpp" line="786" status="run" result="completed" time="0.162" timestamp="2025-05-20T07:57:34.610" classname="MmaTest/HopperSS" />
    <testcase name="SingleTileTransposed/Hopper_64_40_16_TT_128B_64B__half" value_param="(8-byte object &lt;10-00 28-00 40-00 04-00&gt;, __half, 4-byte object &lt;01-00 00-00&gt;, 128B, 64B)" file="/opt/pytorch/nvfuser/tests/cpp/test_mma.cpp" line="786" status="run" result="completed" time="0.222" timestamp="2025-05-20T07:57:34.773" classname="MmaTest/HopperSS" />
    <testcase name="SingleTileTransposed/Hopper_64_40_16_NT_NoSwizzle_64B__half" value_param="(8-byte object &lt;10-00 28-00 40-00 04-00&gt;, __half, 4-byte object &lt;00-00 00-00&gt;, NoSwizzle, 64B)" file="/opt/pytorch/nvfuser/tests/cpp/test_mma.cpp" line="786" status="run" result="completed" time="0.169" timestamp="2025-05-20T07:57:34.995" classname="MmaTest/HopperSS" />
    <testcase name="SingleTileTransposed/Hopper_64_40_16_TT_128B_128B__bfloat" value_param="(8-byte object &lt;10-00 28-00 40-00 04-00&gt;, __bfloat, 4-byte object &lt;01-00 00-00&gt;, 128B, 128B)" file="/opt/pytorch/nvfuser/tests/cpp/test_mma.cpp" line="786" status="run" result="completed" time="0.191" timestamp="2025-05-20T07:57:35.164" classname="MmaTest/HopperSS" />
    <testcase name="SingleTileTransposed/Hopper_64_40_16_TN_32B_NoSwizzle__bfloat" value_param="(8-byte object &lt;10-00 28-00 40-00 04-00&gt;, __bfloat, 4-byte object &lt;02-00 00-00&gt;, 32B, NoSwizzle)" file="/opt/pytorch/nvfuser/tests/cpp/test_mma.cpp" line="786" status="run" result="completed" time="0.139" timestamp="2025-05-20T07:57:35.356" classname="MmaTest/HopperSS" />
    <testcase name="SingleTileTransposed/Hopper_64_40_16_NN_NoSwizzle_NoSwizzle__bfloat" value_param="(8-byte object &lt;10-00 28-00 40-00 04-00&gt;, __bfloat, 4-byte object &lt;03-00 00-00&gt;, NoSwizzle, NoSwizzle)" file="/opt/pytorch/nvfuser/tests/cpp/test_mma.cpp" line="786" status="run" result="completed" time="0.123" timestamp="2025-05-20T07:57:35.495" classname="MmaTest/HopperSS" />
    <testcase name="SingleTileTransposed/Hopper_64_48_16_TN_64B_32B__half" value_param="(8-byte object &lt;10-00 30-00 40-00 04-00&gt;, __half, 4-byte object &lt;02-00 00-00&gt;, 64B, 32B)" file="/opt/pytorch/nvfuser/tests/cpp/test_mma.cpp" line="786" status="run" result="completed" time="0.183" timestamp="2025-05-20T07:57:35.619" classname="MmaTest/HopperSS" />
    <testcase name="SingleTileTransposed/Hopper_64_48_16_NT_128B_NoSwizzle__half" value_param="(8-byte object &lt;10-00 30-00 40-00 04-00&gt;, __half, 4-byte object &lt;00-00 00-00&gt;, 128B, NoSwizzle)" file="/opt/pytorch/nvfuser/tests/cpp/test_mma.cpp" line="786" status="run" result="completed" time="0.139" timestamp="2025-05-20T07:57:35.803" classname="MmaTest/HopperSS" />
    <testcase name="SingleTileTransposed/Hopper_64_48_16_NN_32B_32B__half" value_param="(8-byte object &lt;10-00 30-00 40-00 04-00&gt;, __half, 4-byte object &lt;03-00 00-00&gt;, 32B, 32B)" file="/opt/pytorch/nvfuser/tests/cpp/test_mma.cpp" line="786" status="run" result="completed" time="0.187" timestamp="2025-05-20T07:57:35.942" classname="MmaTest/HopperSS" />
    <testcase name="SingleTileTransposed/Hopper_64_48_16_TT_64B_64B__bfloat" value_param="(8-byte object &lt;10-00 30-00 40-00 04-00&gt;, __bfloat, 4-byte object &lt;01-00 00-00&gt;, 64B, 64B)" file="/opt/pytorch/nvfuser/tests/cpp/test_mma.cpp" line="786" status="run" result="completed" time="0.206" timestamp="2025-05-20T07:57:36.130" classname="MmaTest/HopperSS" />
    <testcase name="SingleTileTransposed/Hopper_64_48_16_NT_128B_32B__bfloat" value_param="(8-byte object &lt;10-00 30-00 40-00 04-00&gt;, __bfloat, 4-byte object &lt;00-00 00-00&gt;, 128B, 32B)" file="/opt/pytorch/nvfuser/tests/cpp/test_mma.cpp" line="786" status="run" result="completed" time="0.18" timestamp="2025-05-20T07:57:36.336" classname="MmaTest/HopperSS" />
    <testcase name="SingleTileTransposed/Hopper_64_48_16_NT_32B_128B__bfloat" value_param="(8-byte object &lt;10-00 30-00 40-00 04-00&gt;, __bfloat, 4-byte object &lt;00-00 00-00&gt;, 32B, 128B)" file="/opt/pytorch/nvfuser/tests/cpp/test_mma.cpp" line="786" status="run" result="completed" time="0.184" timestamp="2025-05-20T07:57:36.516" classname="MmaTest/HopperSS" />
    <testcase name="SingleTileTransposed/Hopper_64_56_16_NT_128B_NoSwizzle__half" value_param="(8-byte object &lt;10-00 38-00 40-00 04-00&gt;, __half, 4-byte object &lt;00-00 00-00&gt;, 128B, NoSwizzle)" file="/opt/pytorch/nvfuser/tests/cpp/test_mma.cpp" line="786" status="run" result="completed" time="0.149" timestamp="2025-05-20T07:57:36.701" classname="MmaTest/HopperSS" />
    <testcase name="SingleTileTransposed/Hopper_64_56_16_NN_128B_64B__half" value_param="(8-byte object &lt;10-00 38-00 40-00 04-00&gt;, __half, 4-byte object &lt;03-00 00-00&gt;, 128B, 64B)" file="/opt/pytorch/nvfuser/tests/cpp/test_mma.cpp" line="786" status="run" result="completed" time="0.173" timestamp="2025-05-20T07:57:36.851" classname="MmaTest/HopperSS" />
    <testcase name="SingleTileTransposed/Hopper_64_56_16_NT_128B_32B__bfloat" value_param="(8-byte object &lt;10-00 38-00 40-00 04-00&gt;, __bfloat, 4-byte object &lt;00-00 00-00&gt;, 128B, 32B)" file="/opt/pytorch/nvfuser/tests/cpp/test_mma.cpp" line="786" status="run" result="completed" time="0.184" timestamp="2025-05-20T07:57:37.025" classname="MmaTest/HopperSS" />
    <testcase name="SingleTileTransposed/Hopper_64_64_16_TN_128B_128B__half" value_param="(8-byte object &lt;10-00 40-00 40-00 04-00&gt;, __half, 4-byte object &lt;02-00 00-00&gt;, 128B, 128B)" file="/opt/pytorch/nvfuser/tests/cpp/test_mma.cpp" line="786" status="run" result="completed" time="0.263" timestamp="2025-05-20T07:57:37.209" classname="MmaTest/HopperSS" />
    <testcase name="SingleTileTransposed/Hopper_64_64_16_NN_64B_64B__half" value_param="(8-byte object &lt;10-00 40-00 40-00 04-00&gt;, __half, 4-byte object &lt;03-00 00-00&gt;, 64B, 64B)" file="/opt/pytorch/nvfuser/tests/cpp/test_mma.cpp" line="786" status="run" result="completed" time="0.206" timestamp="2025-05-20T07:57:37.473" classname="MmaTest/HopperSS" />
    <testcase name="SingleTileTransposed/Hopper_64_64_16_NN_128B_32B__bfloat" value_param="(8-byte object &lt;10-00 40-00 40-00 04-00&gt;, __bfloat, 4-byte object &lt;03-00 00-00&gt;, 128B, 32B)" file="/opt/pytorch/nvfuser/tests/cpp/test_mma.cpp" line="786" status="run" result="completed" time="0.168" timestamp="2025-05-20T07:57:37.679" classname="MmaTest/HopperSS" />
    <testcase name="SingleTileTransposed/Hopper_64_72_16_TT_NoSwizzle_NoSwizzle__half" value_param="(8-byte object &lt;10-00 48-00 40-00 04-00&gt;, __half, 4-byte object &lt;01-00 00-00&gt;, NoSwizzle, NoSwizzle)" file="/opt/pytorch/nvfuser/tests/cpp/test_mma.cpp" line="786" status="run" result="completed" time="0.159" timestamp="2025-05-20T07:57:37.848" classname="MmaTest/HopperSS" />
    <testcase name="SingleTileTransposed/Hopper_64_72_16_TN_64B_NoSwizzle__half" value_param="(8-byte object &lt;10-00 48-00 40-00 04-00&gt;, __half, 4-byte object &lt;02-00 00-00&gt;, 64B, NoSwizzle)" file="/opt/pytorch/nvfuser/tests/cpp/test_mma.cpp" line="786" status="run" result="completed" time="0.166" timestamp="2025-05-20T07:57:38.008" classname="MmaTest/HopperSS" />
    <testcase name="SingleTileTransposed/Hopper_64_72_16_NT_32B_64B__half" value_param="(8-byte object &lt;10-00 48-00 40-00 04-00&gt;, __half, 4-byte object &lt;00-00 00-00&gt;, 32B, 64B)" file="/opt/pytorch/nvfuser/tests/cpp/test_mma.cpp" line="786" status="run" result="completed" time="0.224" timestamp="2025-05-20T07:57:38.174" classname="MmaTest/HopperSS" />
    <testcase name="SingleTileTransposed/Hopper_64_72_16_NN_32B_NoSwizzle__half" value_param="(8-byte object &lt;10-00 48-00 40-00 04-00&gt;, __half, 4-byte object &lt;03-00 00-00&gt;, 32B, NoSwizzle)" file="/opt/pytorch/nvfuser/tests/cpp/test_mma.cpp" line="786" status="run" result="completed" time="0.171" timestamp="2025-05-20T07:57:38.398" classname="MmaTest/HopperSS" />
    <testcase name="SingleTileTransposed/Hopper_64_72_16_TN_64B_128B__bfloat" value_param="(8-byte object &lt;10-00 48-00 40-00 04-00&gt;, __bfloat, 4-byte object &lt;02-00 00-00&gt;, 64B, 128B)" file="/opt/pytorch/nvfuser/tests/cpp/test_mma.cpp" line="786" status="run" result="completed" time="0.237" timestamp="2025-05-20T07:57:38.570" classname="MmaTest/HopperSS" />
    <testcase name="SingleTileTransposed/Hopper_64_72_16_NT_32B_64B__bfloat" value_param="(8-byte object &lt;10-00 48-00 40-00 04-00&gt;, __bfloat, 4-byte object &lt;00-00 00-00&gt;, 32B, 64B)" file="/opt/pytorch/nvfuser/tests/cpp/test_mma.cpp" line="786" status="run" result="completed" time="0.223" timestamp="2025-05-20T07:57:38.808" classname="MmaTest/HopperSS" />
    <testcase name="SingleTileTransposed/Hopper_64_80_16_TT_NoSwizzle_NoSwizzle__half" value_param="(8-byte object &lt;10-00 50-00 40-00 04-00&gt;, __half, 4-byte object &lt;01-00 00-00&gt;, NoSwizzle, NoSwizzle)" file="/opt/pytorch/nvfuser/tests/cpp/test_mma.cpp" line="786" status="run" result="completed" time="0.134" timestamp="2025-05-20T07:57:39.032" classname="MmaTest/HopperSS" />
    <testcase name="SingleTileTransposed/Hopper_64_80_16_TT_32B_128B__half" value_param="(8-byte object &lt;10-00 50-00 40-00 04-00&gt;, __half, 4-byte object &lt;01-00 00-00&gt;, 32B, 128B)" file="/opt/pytorch/nvfuser/tests/cpp/test_mma.cpp" line="786" status="run" result="completed" time="0.192" timestamp="2025-05-20T07:57:39.167" classname="MmaTest/HopperSS" />
    <testcase name="SingleTileTransposed/Hopper_64_80_16_TT_64B_32B__bfloat" value_param="(8-byte object &lt;10-00 50-00 40-00 04-00&gt;, __bfloat, 4-byte object &lt;01-00 00-00&gt;, 64B, 32B)" file="/opt/pytorch/nvfuser/tests/cpp/test_mma.cpp" line="786" status="run" result="completed" time="0.212" timestamp="2025-05-20T07:57:39.359" classname="MmaTest/HopperSS" />
    <testcase name="SingleTileTransposed/Hopper_64_80_16_TN_32B_NoSwizzle__bfloat" value_param="(8-byte object &lt;10-00 50-00 40-00 04-00&gt;, __bfloat, 4-byte object &lt;02-00 00-00&gt;, 32B, NoSwizzle)" file="/opt/pytorch/nvfuser/tests/cpp/test_mma.cpp" line="786" status="run" result="completed" time="0.15" timestamp="2025-05-20T07:57:39.572" classname="MmaTest/HopperSS" />
    <testcase name="SingleTileTransposed/Hopper_64_80_16_NN_NoSwizzle_32B__bfloat" value_param="(8-byte object &lt;10-00 50-00 40-00 04-00&gt;, __bfloat, 4-byte object &lt;03-00 00-00&gt;, NoSwizzle, 32B)" file="/opt/pytorch/nvfuser/tests/cpp/test_mma.cpp" line="786" status="run" result="completed" time="0.156" timestamp="2025-05-20T07:57:39.722" classname="MmaTest/HopperSS" />
    <testcase name="SingleTileTransposed/Hopper_64_80_16_NN_32B_64B__bfloat" value_param="(8-byte object &lt;10-00 50-00 40-00 04-00&gt;, __bfloat, 4-byte object &lt;03-00 00-00&gt;, 32B, 64B)" file="/opt/pytorch/nvfuser/tests/cpp/test_mma.cpp" line="786" status="run" result="completed" time="0.22" timestamp="2025-05-20T07:57:39.878" classname="MmaTest/HopperSS" />
    <testcase name="SingleTileTransposed/Hopper_64_88_16_TT_32B_128B__half" value_param="(8-byte object &lt;10-00 58-00 40-00 04-00&gt;, __half, 4-byte object &lt;01-00 00-00&gt;, 32B, 128B)" file="/opt/pytorch/nvfuser/tests/cpp/test_mma.cpp" line="786" status="run" result="completed" time="0.194" timestamp="2025-05-20T07:57:40.098" classname="MmaTest/HopperSS" />
    <testcase name="SingleTileTransposed/Hopper_64_88_16_TN_32B_NoSwizzle__half" value_param="(8-byte object &lt;10-00 58-00 40-00 04-00&gt;, __half, 4-byte object &lt;02-00 00-00&gt;, 32B, NoSwizzle)" file="/opt/pytorch/nvfuser/tests/cpp/test_mma.cpp" line="786" status="run" result="completed" time="0.152" timestamp="2025-05-20T07:57:40.293" classname="MmaTest/HopperSS" />
    <testcase name="SingleTileTransposed/Hopper_64_88_16_NT_64B_64B__half" value_param="(8-byte object &lt;10-00 58-00 40-00 04-00&gt;, __half, 4-byte object &lt;00-00 00-00&gt;, 64B, 64B)" file="/opt/pytorch/nvfuser/tests/cpp/test_mma.cpp" line="786" status="run" result="completed" time="0.217" timestamp="2025-05-20T07:57:40.445" classname="MmaTest/HopperSS" />
    <testcase name="SingleTileTransposed/Hopper_64_88_16_TN_NoSwizzle_64B__bfloat" value_param="(8-byte object &lt;10-00 58-00 40-00 04-00&gt;, __bfloat, 4-byte object &lt;02-00 00-00&gt;, NoSwizzle, 64B)" file="/opt/pytorch/nvfuser/tests/cpp/test_mma.cpp" line="786" status="run" result="completed" time="0.179" timestamp="2025-05-20T07:57:40.663" classname="MmaTest/HopperSS" />
    <testcase name="SingleTileTransposed/Hopper_64_88_16_NT_128B_32B__bfloat" value_param="(8-byte object &lt;10-00 58-00 40-00 04-00&gt;, __bfloat, 4-byte object &lt;00-00 00-00&gt;, 128B, 32B)" file="/opt/pytorch/nvfuser/tests/cpp/test_mma.cpp" line="786" status="run" result="completed" time="0.193" timestamp="2025-05-20T07:57:40.842" classname="MmaTest/HopperSS" />
    <testcase name="SingleTileTransposed/Hopper_64_88_16_NN_128B_64B__bfloat" value_param="(8-byte object &lt;10-00 58-00 40-00 04-00&gt;, __bfloat, 4-byte object &lt;03-00 00-00&gt;, 128B, 64B)" file="/opt/pytorch/nvfuser/tests/cpp/test_mma.cpp" line="786" status="run" result="completed" time="0.195" timestamp="2025-05-20T07:57:41.035" classname="MmaTest/HopperSS" />
    <testcase name="SingleTileTransposed/Hopper_64_96_16_TT_128B_32B__half" value_param="(8-byte object &lt;10-00 60-00 40-00 04-00&gt;, __half, 4-byte object &lt;01-00 00-00&gt;, 128B, 32B)" file="/opt/pytorch/nvfuser/tests/cpp/test_mma.cpp" line="786" status="run" result="completed" time="0.239" timestamp="2025-05-20T07:57:41.231" classname="MmaTest/HopperSS" />
    <testcase name="SingleTileTransposed/Hopper_64_96_16_TN_NoSwizzle_64B__half" value_param="(8-byte object &lt;10-00 60-00 40-00 04-00&gt;, __half, 4-byte object &lt;02-00 00-00&gt;, NoSwizzle, 64B)" file="/opt/pytorch/nvfuser/tests/cpp/test_mma.cpp" line="786" status="run" result="completed" time="0.183" timestamp="2025-05-20T07:57:41.470" classname="MmaTest/HopperSS" />
    <testcase name="SingleTileTransposed/Hopper_64_96_16_NT_64B_32B__half" value_param="(8-byte object &lt;10-00 60-00 40-00 04-00&gt;, __half, 4-byte object &lt;00-00 00-00&gt;, 64B, 32B)" file="/opt/pytorch/nvfuser/tests/cpp/test_mma.cpp" line="786" status="run" result="completed" time="0.223" timestamp="2025-05-20T07:57:41.653" classname="MmaTest/HopperSS" />
    <testcase name="SingleTileTransposed/Hopper_64_96_16_TT_NoSwizzle_NoSwizzle__bfloat" value_param="(8-byte object &lt;10-00 60-00 40-00 04-00&gt;, __bfloat, 4-byte object &lt;01-00 00-00&gt;, NoSwizzle, NoSwizzle)" file="/opt/pytorch/nvfuser/tests/cpp/test_mma.cpp" line="786" status="run" result="completed" time="0.141" timestamp="2025-05-20T07:57:41.877" classname="MmaTest/HopperSS" />
    <testcase name="SingleTileTransposed/Hopper_64_96_16_TN_NoSwizzle_NoSwizzle__bfloat" value_param="(8-byte object &lt;10-00 60-00 40-00 04-00&gt;, __bfloat, 4-byte object &lt;02-00 00-00&gt;, NoSwizzle, NoSwizzle)" file="/opt/pytorch/nvfuser/tests/cpp/test_mma.cpp" line="786" status="run" result="completed" time="0.13" timestamp="2025-05-20T07:57:42.018" classname="MmaTest/HopperSS" />
    <testcase name="SingleTileTransposed/Hopper_64_96_16_NN_NoSwizzle_NoSwizzle__bfloat" value_param="(8-byte object &lt;10-00 60-00 40-00 04-00&gt;, __bfloat, 4-byte object &lt;03-00 00-00&gt;, NoSwizzle, NoSwizzle)" file="/opt/pytorch/nvfuser/tests/cpp/test_mma.cpp" line="786" status="run" result="completed" time="0.138" timestamp="2025-05-20T07:57:42.149" classname="MmaTest/HopperSS" />
    <testcase name="SingleTileTransposed/Hopper_64_104_16_TT_NoSwizzle_64B__half" value_param="(8-byte object &lt;10-00 68-00 40-00 04-00&gt;, __half, 4-byte object &lt;01-00 00-00&gt;, NoSwizzle, 64B)" file="/opt/pytorch/nvfuser/tests/cpp/test_mma.cpp" line="786" status="run" result="completed" time="0.188" timestamp="2025-05-20T07:57:42.287" classname="MmaTest/HopperSS" />
    <testcase name="SingleTileTransposed/Hopper_64_104_16_TT_32B_128B__half" value_param="(8-byte object &lt;10-00 68-00 40-00 04-00&gt;, __half, 4-byte object &lt;01-00 00-00&gt;, 32B, 128B)" file="/opt/pytorch/nvfuser/tests/cpp/test_mma.cpp" line="786" status="run" result="completed" time="0.196" timestamp="2025-05-20T07:57:42.475" classname="MmaTest/HopperSS" />
    <testcase name="SingleTileTransposed/Hopper_64_104_16_NT_NoSwizzle_128B__half" value_param="(8-byte object &lt;10-00 68-00 40-00 04-00&gt;, __half, 4-byte object &lt;00-00 00-00&gt;, NoSwizzle, 128B)" file="/opt/pytorch/nvfuser/tests/cpp/test_mma.cpp" line="786" status="run" result="completed" time="0.176" timestamp="2025-05-20T07:57:42.672" classname="MmaTest/HopperSS" />
    <testcase name="SingleTileTransposed/Hopper_64_104_16_NN_64B_NoSwizzle__half" value_param="(8-byte object &lt;10-00 68-00 40-00 04-00&gt;, __half, 4-byte object &lt;03-00 00-00&gt;, 64B, NoSwizzle)" file="/opt/pytorch/nvfuser/tests/cpp/test_mma.cpp" line="786" status="run" result="completed" time="0.179" timestamp="2025-05-20T07:57:42.848" classname="MmaTest/HopperSS" />
    <testcase name="SingleTileTransposed/Hopper_64_104_16_TT_32B_128B__bfloat" value_param="(8-byte object &lt;10-00 68-00 40-00 04-00&gt;, __bfloat, 4-byte object &lt;01-00 00-00&gt;, 32B, 128B)" file="/opt/pytorch/nvfuser/tests/cpp/test_mma.cpp" line="786" status="run" result="completed" time="0.197" timestamp="2025-05-20T07:57:43.028" classname="MmaTest/HopperSS" />
    <testcase name="SingleTileTransposed/Hopper_64_104_16_NT_128B_32B__bfloat" value_param="(8-byte object &lt;10-00 68-00 40-00 04-00&gt;, __bfloat, 4-byte object &lt;00-00 00-00&gt;, 128B, 32B)" file="/opt/pytorch/nvfuser/tests/cpp/test_mma.cpp" line="786" status="run" result="completed" time="0.199" timestamp="2025-05-20T07:57:43.225" classname="MmaTest/HopperSS" />
    <testcase name="SingleTileTransposed/Hopper_64_112_16_TT_NoSwizzle_NoSwizzle__half" value_param="(8-byte object &lt;10-00 70-00 40-00 04-00&gt;, __half, 4-byte object &lt;01-00 00-00&gt;, NoSwizzle, NoSwizzle)" file="/opt/pytorch/nvfuser/tests/cpp/test_mma.cpp" line="786" status="run" result="completed" time="0.148" timestamp="2025-05-20T07:57:43.425" classname="MmaTest/HopperSS" />
    <testcase name="SingleTileTransposed/Hopper_64_112_16_TN_64B_64B__half" value_param="(8-byte object &lt;10-00 70-00 40-00 04-00&gt;, __half, 4-byte object &lt;02-00 00-00&gt;, 64B, 64B)" file="/opt/pytorch/nvfuser/tests/cpp/test_mma.cpp" line="786" status="run" result="completed" time="0.237" timestamp="2025-05-20T07:57:43.574" classname="MmaTest/HopperSS" />
    <testcase name="SingleTileTransposed/Hopper_64_112_16_NT_128B_128B__half" value_param="(8-byte object &lt;10-00 70-00 40-00 04-00&gt;, __half, 4-byte object &lt;00-00 00-00&gt;, 128B, 128B)" file="/opt/pytorch/nvfuser/tests/cpp/test_mma.cpp" line="786" status="run" result="completed" time="0.188" timestamp="2025-05-20T07:57:43.812" classname="MmaTest/HopperSS" />
    <testcase name="SingleTileTransposed/Hopper_64_112_16_TT_32B_32B__bfloat" value_param="(8-byte object &lt;10-00 70-00 40-00 04-00&gt;, __bfloat, 4-byte object &lt;01-00 00-00&gt;, 32B, 32B)" file="/opt/pytorch/nvfuser/tests/cpp/test_mma.cpp" line="786" status="run" result="completed" time="0.205" timestamp="2025-05-20T07:57:44.001" classname="MmaTest/HopperSS" />
    <testcase name="SingleTileTransposed/Hopper_64_112_16_NT_NoSwizzle_32B__bfloat" value_param="(8-byte object &lt;10-00 70-00 40-00 04-00&gt;, __bfloat, 4-byte object &lt;00-00 00-00&gt;, NoSwizzle, 32B)" file="/opt/pytorch/nvfuser/tests/cpp/test_mma.cpp" line="786" status="run" result="completed" time="0.19" timestamp="2025-05-20T07:57:44.206" classname="MmaTest/HopperSS" />
    <testcase name="SingleTileTransposed/Hopper_64_112_16_NN_32B_64B__bfloat" value_param="(8-byte object &lt;10-00 70-00 40-00 04-00&gt;, __bfloat, 4-byte object &lt;03-00 00-00&gt;, 32B, 64B)" file="/opt/pytorch/nvfuser/tests/cpp/test_mma.cpp" line="786" status="run" result="completed" time="0.242" timestamp="2025-05-20T07:57:44.396" classname="MmaTest/HopperSS" />
    <testcase name="SingleTileTransposed/Hopper_64_120_16_TN_128B_64B__half" value_param="(8-byte object &lt;10-00 78-00 40-00 04-00&gt;, __half, 4-byte object &lt;02-00 00-00&gt;, 128B, 64B)" file="/opt/pytorch/nvfuser/tests/cpp/test_mma.cpp" line="786" status="run" result="completed" time="0.266" timestamp="2025-05-20T07:57:44.639" classname="MmaTest/HopperSS" />
    <testcase name="SingleTileTransposed/Hopper_64_120_16_NN_32B_32B__half" value_param="(8-byte object &lt;10-00 78-00 40-00 04-00&gt;, __half, 4-byte object &lt;03-00 00-00&gt;, 32B, 32B)" file="/opt/pytorch/nvfuser/tests/cpp/test_mma.cpp" line="786" status="run" result="completed" time="0.207" timestamp="2025-05-20T07:57:44.906" classname="MmaTest/HopperSS" />
    <testcase name="SingleTileTransposed/Hopper_64_120_16_TT_32B_32B__bfloat" value_param="(8-byte object &lt;10-00 78-00 40-00 04-00&gt;, __bfloat, 4-byte object &lt;01-00 00-00&gt;, 32B, 32B)" file="/opt/pytorch/nvfuser/tests/cpp/test_mma.cpp" line="786" status="run" result="completed" time="0.209" timestamp="2025-05-20T07:57:45.113" classname="MmaTest/HopperSS" />
    <testcase name="SingleTileTransposed/Hopper_64_120_16_NT_NoSwizzle_NoSwizzle__bfloat" value_param="(8-byte object &lt;10-00 78-00 40-00 04-00&gt;, __bfloat, 4-byte object &lt;00-00 00-00&gt;, NoSwizzle, NoSwizzle)" file="/opt/pytorch/nvfuser/tests/cpp/test_mma.cpp" line="786" status="run" result="completed" time="0.174" timestamp="2025-05-20T07:57:45.323" classname="MmaTest/HopperSS" />
    <testcase name="SingleTileTransposed/Hopper_64_120_16_NN_128B_64B__bfloat" value_param="(8-byte object &lt;10-00 78-00 40-00 04-00&gt;, __bfloat, 4-byte object &lt;03-00 00-00&gt;, 128B, 64B)" file="/opt/pytorch/nvfuser/tests/cpp/test_mma.cpp" line="786" status="run" result="completed" time="0.218" timestamp="2025-05-20T07:57:45.498" classname="MmaTest/HopperSS" />
    <testcase name="SingleTileTransposed/Hopper_64_128_16_TN_128B_NoSwizzle__half" value_param="(8-byte object &lt;10-00 80-00 40-00 04-00&gt;, __half, 4-byte object &lt;02-00 00-00&gt;, 128B, NoSwizzle)" file="/opt/pytorch/nvfuser/tests/cpp/test_mma.cpp" line="786" status="run" result="completed" time="0.199" timestamp="2025-05-20T07:57:45.716" classname="MmaTest/HopperSS" />
    <testcase name="SingleTileTransposed/Hopper_64_128_16_TT_128B_128B__bfloat" value_param="(8-byte object &lt;10-00 80-00 40-00 04-00&gt;, __bfloat, 4-byte object &lt;01-00 00-00&gt;, 128B, 128B)" file="/opt/pytorch/nvfuser/tests/cpp/test_mma.cpp" line="786" status="run" result="completed" time="0.231" timestamp="2025-05-20T07:57:45.915" classname="MmaTest/HopperSS" />
    <testcase name="SingleTileTransposed/Hopper_64_128_16_TN_64B_32B__bfloat" value_param="(8-byte object &lt;10-00 80-00 40-00 04-00&gt;, __bfloat, 4-byte object &lt;02-00 00-00&gt;, 64B, 32B)" file="/opt/pytorch/nvfuser/tests/cpp/test_mma.cpp" line="786" status="run" result="completed" time="0.206" timestamp="2025-05-20T07:57:46.147" classname="MmaTest/HopperSS" />
    <testcase name="SingleTileTransposed/Hopper_64_128_16_NN_64B_128B__bfloat" value_param="(8-byte object &lt;10-00 80-00 40-00 04-00&gt;, __bfloat, 4-byte object &lt;03-00 00-00&gt;, 64B, 128B)" file="/opt/pytorch/nvfuser/tests/cpp/test_mma.cpp" line="786" status="run" result="completed" time="0.313" timestamp="2025-05-20T07:57:46.353" classname="MmaTest/HopperSS" />
    <testcase name="SingleTileTransposed/Hopper_64_136_16_TT_NoSwizzle_32B__half" value_param="(8-byte object &lt;10-00 88-00 40-00 04-00&gt;, __half, 4-byte object &lt;01-00 00-00&gt;, NoSwizzle, 32B)" file="/opt/pytorch/nvfuser/tests/cpp/test_mma.cpp" line="786" status="run" result="completed" time="0.194" timestamp="2025-05-20T07:57:46.667" classname="MmaTest/HopperSS" />
    <testcase name="SingleTileTransposed/Hopper_64_136_16_TN_32B_128B__half" value_param="(8-byte object &lt;10-00 88-00 40-00 04-00&gt;, __half, 4-byte object &lt;02-00 00-00&gt;, 32B, 128B)" file="/opt/pytorch/nvfuser/tests/cpp/test_mma.cpp" line="786" status="run" result="completed" time="0.308" timestamp="2025-05-20T07:57:46.861" classname="MmaTest/HopperSS" />
    <testcase name="SingleTileTransposed/Hopper_64_136_16_NN_NoSwizzle_32B__half" value_param="(8-byte object &lt;10-00 88-00 40-00 04-00&gt;, __half, 4-byte object &lt;03-00 00-00&gt;, NoSwizzle, 32B)" file="/opt/pytorch/nvfuser/tests/cpp/test_mma.cpp" line="786" status="run" result="completed" time="0.177" timestamp="2025-05-20T07:57:47.170" classname="MmaTest/HopperSS" />
    <testcase name="SingleTileTransposed/Hopper_64_136_16_TT_128B_NoSwizzle__bfloat" value_param="(8-byte object &lt;10-00 88-00 40-00 04-00&gt;, __bfloat, 4-byte object &lt;01-00 00-00&gt;, 128B, NoSwizzle)" file="/opt/pytorch/nvfuser/tests/cpp/test_mma.cpp" line="786" status="run" result="completed" time="0.236" timestamp="2025-05-20T07:57:47.347" classname="MmaTest/HopperSS" />
    <testcase name="SingleTileTransposed/Hopper_64_136_16_NT_64B_NoSwizzle__bfloat" value_param="(8-byte object &lt;10-00 88-00 40-00 04-00&gt;, __bfloat, 4-byte object &lt;00-00 00-00&gt;, 64B, NoSwizzle)" file="/opt/pytorch/nvfuser/tests/cpp/test_mma.cpp" line="786" status="run" result="completed" time="0.22" timestamp="2025-05-20T07:57:47.583" classname="MmaTest/HopperSS" />
    <testcase name="SingleTileTransposed/Hopper_64_144_16_TT_NoSwizzle_NoSwizzle__half" value_param="(8-byte object &lt;10-00 90-00 40-00 04-00&gt;, __half, 4-byte object &lt;01-00 00-00&gt;, NoSwizzle, NoSwizzle)" file="/opt/pytorch/nvfuser/tests/cpp/test_mma.cpp" line="786" status="run" result="completed" time="0.163" timestamp="2025-05-20T07:57:47.804" classname="MmaTest/HopperSS" />
    <testcase name="SingleTileTransposed/Hopper_64_144_16_TN_128B_NoSwizzle__half" value_param="(8-byte object &lt;10-00 90-00 40-00 04-00&gt;, __half, 4-byte object &lt;02-00 00-00&gt;, 128B, NoSwizzle)" file="/opt/pytorch/nvfuser/tests/cpp/test_mma.cpp" line="786" status="run" result="completed" time="0.205" timestamp="2025-05-20T07:57:47.967" classname="MmaTest/HopperSS" />
    <testcase name="SingleTileTransposed/Hopper_64_144_16_NT_64B_32B__half" value_param="(8-byte object &lt;10-00 90-00 40-00 04-00&gt;, __half, 4-byte object &lt;00-00 00-00&gt;, 64B, 32B)" file="/opt/pytorch/nvfuser/tests/cpp/test_mma.cpp" line="786" status="run" result="completed" time="0.256" timestamp="2025-05-20T07:57:48.172" classname="MmaTest/HopperSS" />
    <testcase name="SingleTileTransposed/Hopper_64_144_16_NN_NoSwizzle_32B__half" value_param="(8-byte object &lt;10-00 90-00 40-00 04-00&gt;, __half, 4-byte object &lt;03-00 00-00&gt;, NoSwizzle, 32B)" file="/opt/pytorch/nvfuser/tests/cpp/test_mma.cpp" line="786" status="run" result="completed" time="0.189" timestamp="2025-05-20T07:57:48.429" classname="MmaTest/HopperSS" />
    <testcase name="SingleTileTransposed/Hopper_64_144_16_NT_128B_64B__bfloat" value_param="(8-byte object &lt;10-00 90-00 40-00 04-00&gt;, __bfloat, 4-byte object &lt;00-00 00-00&gt;, 128B, 64B)" file="/opt/pytorch/nvfuser/tests/cpp/test_mma.cpp" line="786" status="run" result="completed" time="0.231" timestamp="2025-05-20T07:57:48.618" classname="MmaTest/HopperSS" />
    <testcase name="SingleTileTransposed/Hopper_64_144_16_NT_32B_64B__bfloat" value_param="(8-byte object &lt;10-00 90-00 40-00 04-00&gt;, __bfloat, 4-byte object &lt;00-00 00-00&gt;, 32B, 64B)" file="/opt/pytorch/nvfuser/tests/cpp/test_mma.cpp" line="786" status="run" result="completed" time="0.252" timestamp="2025-05-20T07:57:48.849" classname="MmaTest/HopperSS" />
    <testcase name="SingleTileTransposed/Hopper_64_152_16_TT_NoSwizzle_NoSwizzle__half" value_param="(8-byte object &lt;10-00 98-00 40-00 04-00&gt;, __half, 4-byte object &lt;01-00 00-00&gt;, NoSwizzle, NoSwizzle)" file="/opt/pytorch/nvfuser/tests/cpp/test_mma.cpp" line="786" status="run" result="completed" time="0.186" timestamp="2025-05-20T07:57:49.102" classname="MmaTest/HopperSS" />
    <testcase name="SingleTileTransposed/Hopper_64_152_16_TN_NoSwizzle_128B__half" value_param="(8-byte object &lt;10-00 98-00 40-00 04-00&gt;, __half, 4-byte object &lt;02-00 00-00&gt;, NoSwizzle, 128B)" file="/opt/pytorch/nvfuser/tests/cpp/test_mma.cpp" line="786" status="run" result="completed" time="0.307" timestamp="2025-05-20T07:57:49.288" classname="MmaTest/HopperSS" />
    <testcase name="SingleTileTransposed/Hopper_64_152_16_NT_128B_NoSwizzle__half" value_param="(8-byte object &lt;10-00 98-00 40-00 04-00&gt;, __half, 4-byte object &lt;00-00 00-00&gt;, 128B, NoSwizzle)" file="/opt/pytorch/nvfuser/tests/cpp/test_mma.cpp" line="786" status="run" result="completed" time="0.202" timestamp="2025-05-20T07:57:49.596" classname="MmaTest/HopperSS" />
    <testcase name="SingleTileTransposed/Hopper_64_152_16_NN_NoSwizzle_NoSwizzle__half" value_param="(8-byte object &lt;10-00 98-00 40-00 04-00&gt;, __half, 4-byte object &lt;03-00 00-00&gt;, NoSwizzle, NoSwizzle)" file="/opt/pytorch/nvfuser/tests/cpp/test_mma.cpp" line="786" status="run" result="completed" time="0.156" timestamp="2025-05-20T07:57:49.799" classname="MmaTest/HopperSS" />
    <testcase name="SingleTileTransposed/Hopper_64_152_16_TN_NoSwizzle_NoSwizzle__bfloat" value_param="(8-byte object &lt;10-00 98-00 40-00 04-00&gt;, __bfloat, 4-byte object &lt;02-00 00-00&gt;, NoSwizzle, NoSwizzle)" file="/opt/pytorch/nvfuser/tests/cpp/test_mma.cpp" line="786" status="run" result="completed" time="0.148" timestamp="2025-05-20T07:57:49.955" classname="MmaTest/HopperSS" />
    <testcase name="SingleTileTransposed/Hopper_64_152_16_NT_NoSwizzle_128B__bfloat" value_param="(8-byte object &lt;10-00 98-00 40-00 04-00&gt;, __bfloat, 4-byte object &lt;00-00 00-00&gt;, NoSwizzle, 128B)" file="/opt/pytorch/nvfuser/tests/cpp/test_mma.cpp" line="786" status="run" result="completed" time="0.202" timestamp="2025-05-20T07:57:50.104" classname="MmaTest/HopperSS" />
    <testcase name="SingleTileTransposed/Hopper_64_152_16_NT_32B_NoSwizzle__bfloat" value_param="(8-byte object &lt;10-00 98-00 40-00 04-00&gt;, __bfloat, 4-byte object &lt;00-00 00-00&gt;, 32B, NoSwizzle)" file="/opt/pytorch/nvfuser/tests/cpp/test_mma.cpp" line="786" status="run" result="completed" time="0.233" timestamp="2025-05-20T07:57:50.306" classname="MmaTest/HopperSS" />
    <testcase name="SingleTileTransposed/Hopper_64_160_16_TT_NoSwizzle_NoSwizzle__half" value_param="(8-byte object &lt;10-00 A0-00 40-00 04-00&gt;, __half, 4-byte object &lt;01-00 00-00&gt;, NoSwizzle, NoSwizzle)" file="/opt/pytorch/nvfuser/tests/cpp/test_mma.cpp" line="786" status="run" result="completed" time="0.17" timestamp="2025-05-20T07:57:50.539" classname="MmaTest/HopperSS" />
    <testcase name="SingleTileTransposed/Hopper_64_160_16_TT_64B_64B__half" value_param="(8-byte object &lt;10-00 A0-00 40-00 04-00&gt;, __half, 4-byte object &lt;01-00 00-00&gt;, 64B, 64B)" file="/opt/pytorch/nvfuser/tests/cpp/test_mma.cpp" line="786" status="run" result="completed" time="0.241" timestamp="2025-05-20T07:57:50.710" classname="MmaTest/HopperSS" />
    <testcase name="SingleTileTransposed/Hopper_64_160_16_NT_NoSwizzle_128B__half" value_param="(8-byte object &lt;10-00 A0-00 40-00 04-00&gt;, __half, 4-byte object &lt;00-00 00-00&gt;, NoSwizzle, 128B)" file="/opt/pytorch/nvfuser/tests/cpp/test_mma.cpp" line="786" status="run" result="completed" time="0.204" timestamp="2025-05-20T07:57:50.951" classname="MmaTest/HopperSS" />
    <testcase name="SingleTileTransposed/Hopper_64_160_16_NT_32B_NoSwizzle__half" value_param="(8-byte object &lt;10-00 A0-00 40-00 04-00&gt;, __half, 4-byte object &lt;00-00 00-00&gt;, 32B, NoSwizzle)" file="/opt/pytorch/nvfuser/tests/cpp/test_mma.cpp" line="786" status="run" result="completed" time="0.217" timestamp="2025-05-20T07:57:51.155" classname="MmaTest/HopperSS" />
    <testcase name="SingleTileTransposed/Hopper_64_160_16_TN_128B_32B__bfloat" value_param="(8-byte object &lt;10-00 A0-00 40-00 04-00&gt;, __bfloat, 4-byte object &lt;02-00 00-00&gt;, 128B, 32B)" file="/opt/pytorch/nvfuser/tests/cpp/test_mma.cpp" line="786" status="run" result="completed" time="0.243" timestamp="2025-05-20T07:57:51.372" classname="MmaTest/HopperSS" />
    <testcase name="SingleTileTransposed/Hopper_64_160_16_NT_64B_32B__bfloat" value_param="(8-byte object &lt;10-00 A0-00 40-00 04-00&gt;, __bfloat, 4-byte object &lt;00-00 00-00&gt;, 64B, 32B)" file="/opt/pytorch/nvfuser/tests/cpp/test_mma.cpp" line="786" status="run" result="completed" time="0.25" timestamp="2025-05-20T07:57:51.616" classname="MmaTest/HopperSS" />
    <testcase name="SingleTileTransposed/Hopper_64_160_16_NN_64B_64B__bfloat" value_param="(8-byte object &lt;10-00 A0-00 40-00 04-00&gt;, __bfloat, 4-byte object &lt;03-00 00-00&gt;, 64B, 64B)" file="/opt/pytorch/nvfuser/tests/cpp/test_mma.cpp" line="786" status="run" result="completed" time="0.278" timestamp="2025-05-20T07:57:51.867" classname="MmaTest/HopperSS" />
    <testcase name="SingleTileTransposed/Hopper_64_168_16_TT_NoSwizzle_128B__half" value_param="(8-byte object &lt;10-00 A8-00 40-00 04-00&gt;, __half, 4-byte object &lt;01-00 00-00&gt;, NoSwizzle, 128B)" file="/opt/pytorch/nvfuser/tests/cpp/test_mma.cpp" line="786" status="run" result="completed" time="0.204" timestamp="2025-05-20T07:57:52.145" classname="MmaTest/HopperSS" />
    <testcase name="SingleTileTransposed/Hopper_64_168_16_TN_128B_32B__half" value_param="(8-byte object &lt;10-00 A8-00 40-00 04-00&gt;, __half, 4-byte object &lt;02-00 00-00&gt;, 128B, 32B)" file="/opt/pytorch/nvfuser/tests/cpp/test_mma.cpp" line="786" status="run" result="completed" time="0.248" timestamp="2025-05-20T07:57:52.349" classname="MmaTest/HopperSS" />
    <testcase name="SingleTileTransposed/Hopper_64_168_16_NT_128B_32B__half" value_param="(8-byte object &lt;10-00 A8-00 40-00 04-00&gt;, __half, 4-byte object &lt;00-00 00-00&gt;, 128B, 32B)" file="/opt/pytorch/nvfuser/tests/cpp/test_mma.cpp" line="786" status="run" result="completed" time="0.223" timestamp="2025-05-20T07:57:52.597" classname="MmaTest/HopperSS" />
    <testcase name="SingleTileTransposed/Hopper_64_168_16_NN_128B_128B__half" value_param="(8-byte object &lt;10-00 A8-00 40-00 04-00&gt;, __half, 4-byte object &lt;03-00 00-00&gt;, 128B, 128B)" file="/opt/pytorch/nvfuser/tests/cpp/test_mma.cpp" line="786" status="run" result="completed" time="0.356" timestamp="2025-05-20T07:57:52.821" classname="MmaTest/HopperSS" />
    <testcase name="SingleTileTransposed/Hopper_64_168_16_TT_NoSwizzle_32B__bfloat" value_param="(8-byte object &lt;10-00 A8-00 40-00 04-00&gt;, __bfloat, 4-byte object &lt;01-00 00-00&gt;, NoSwizzle, 32B)" file="/opt/pytorch/nvfuser/tests/cpp/test_mma.cpp" line="786" status="run" result="completed" time="0.207" timestamp="2025-05-20T07:57:53.177" classname="MmaTest/HopperSS" />
    <testcase name="SingleTileTransposed/Hopper_64_168_16_TN_NoSwizzle_128B__bfloat" value_param="(8-byte object &lt;10-00 A8-00 40-00 04-00&gt;, __bfloat, 4-byte object &lt;02-00 00-00&gt;, NoSwizzle, 128B)" file="/opt/pytorch/nvfuser/tests/cpp/test_mma.cpp" line="786" status="run" result="completed" time="0.335" timestamp="2025-05-20T07:57:53.385" classname="MmaTest/HopperSS" />
    <testcase name="SingleTileTransposed/Hopper_64_168_16_NN_128B_128B__bfloat" value_param="(8-byte object &lt;10-00 A8-00 40-00 04-00&gt;, __bfloat, 4-byte object &lt;03-00 00-00&gt;, 128B, 128B)" file="/opt/pytorch/nvfuser/tests/cpp/test_mma.cpp" line="786" status="run" result="completed" time="0.355" timestamp="2025-05-20T07:57:53.720" classname="MmaTest/HopperSS" />
    <testcase name="SingleTileTransposed/Hopper_64_176_16_TN_NoSwizzle_64B__half" value_param="(8-byte object &lt;10-00 B0-00 40-00 04-00&gt;, __half, 4-byte object &lt;02-00 00-00&gt;, NoSwizzle, 64B)" file="/opt/pytorch/nvfuser/tests/cpp/test_mma.cpp" line="786" status="run" result="completed" time="0.244" timestamp="2025-05-20T07:57:54.076" classname="MmaTest/HopperSS" />
    <testcase name="SingleTileTransposed/Hopper_64_176_16_NN_NoSwizzle_64B__half" value_param="(8-byte object &lt;10-00 B0-00 40-00 04-00&gt;, __half, 4-byte object &lt;03-00 00-00&gt;, NoSwizzle, 64B)" file="/opt/pytorch/nvfuser/tests/cpp/test_mma.cpp" line="786" status="run" result="completed" time="0.254" timestamp="2025-05-20T07:57:54.320" classname="MmaTest/HopperSS" />
    <testcase name="SingleTileTransposed/Hopper_64_176_16_TT_128B_128B__bfloat" value_param="(8-byte object &lt;10-00 B0-00 40-00 04-00&gt;, __bfloat, 4-byte object &lt;01-00 00-00&gt;, 128B, 128B)" file="/opt/pytorch/nvfuser/tests/cpp/test_mma.cpp" line="786" status="run" result="completed" time="0.256" timestamp="2025-05-20T07:57:54.575" classname="MmaTest/HopperSS" />
    <testcase name="SingleTileTransposed/Hopper_64_176_16_TN_64B_NoSwizzle__bfloat" value_param="(8-byte object &lt;10-00 B0-00 40-00 04-00&gt;, __bfloat, 4-byte object &lt;02-00 00-00&gt;, 64B, NoSwizzle)" file="/opt/pytorch/nvfuser/tests/cpp/test_mma.cpp" line="786" status="run" result="completed" time="0.198" timestamp="2025-05-20T07:57:54.832" classname="MmaTest/HopperSS" />
    <testcase name="SingleTileTransposed/Hopper_64_176_16_NT_32B_NoSwizzle__bfloat" value_param="(8-byte object &lt;10-00 B0-00 40-00 04-00&gt;, __bfloat, 4-byte object &lt;00-00 00-00&gt;, 32B, NoSwizzle)" file="/opt/pytorch/nvfuser/tests/cpp/test_mma.cpp" line="786" status="run" result="completed" time="0.225" timestamp="2025-05-20T07:57:55.030" classname="MmaTest/HopperSS" />
    <testcase name="SingleTileTransposed/Hopper_64_176_16_NN_32B_64B__bfloat" value_param="(8-byte object &lt;10-00 B0-00 40-00 04-00&gt;, __bfloat, 4-byte object &lt;03-00 00-00&gt;, 32B, 64B)" file="/opt/pytorch/nvfuser/tests/cpp/test_mma.cpp" line="786" status="run" result="completed" time="0.293" timestamp="2025-05-20T07:57:55.256" classname="MmaTest/HopperSS" />
    <testcase name="SingleTileTransposed/Hopper_64_184_16_TT_64B_NoSwizzle__half" value_param="(8-byte object &lt;10-00 B8-00 40-00 04-00&gt;, __half, 4-byte object &lt;01-00 00-00&gt;, 64B, NoSwizzle)" file="/opt/pytorch/nvfuser/tests/cpp/test_mma.cpp" line="786" status="run" result="completed" time="0.252" timestamp="2025-05-20T07:57:55.549" classname="MmaTest/HopperSS" />
    <testcase name="SingleTileTransposed/Hopper_64_184_16_NT_NoSwizzle_NoSwizzle__half" value_param="(8-byte object &lt;10-00 B8-00 40-00 04-00&gt;, __half, 4-byte object &lt;00-00 00-00&gt;, NoSwizzle, NoSwizzle)" file="/opt/pytorch/nvfuser/tests/cpp/test_mma.cpp" line="786" status="run" result="completed" time="0.219" timestamp="2025-05-20T07:57:55.801" classname="MmaTest/HopperSS" />
    <testcase name="SingleTileTransposed/Hopper_64_184_16_TT_64B_NoSwizzle__bfloat" value_param="(8-byte object &lt;10-00 B8-00 40-00 04-00&gt;, __bfloat, 4-byte object &lt;01-00 00-00&gt;, 64B, NoSwizzle)" file="/opt/pytorch/nvfuser/tests/cpp/test_mma.cpp" line="786" status="run" result="completed" time="0.252" timestamp="2025-05-20T07:57:56.021" classname="MmaTest/HopperSS" />
    <testcase name="SingleTileTransposed/Hopper_64_184_16_TN_128B_64B__bfloat" value_param="(8-byte object &lt;10-00 B8-00 40-00 04-00&gt;, __bfloat, 4-byte object &lt;02-00 00-00&gt;, 128B, 64B)" file="/opt/pytorch/nvfuser/tests/cpp/test_mma.cpp" line="786" status="run" result="completed" time="0.32" timestamp="2025-05-20T07:57:56.274" classname="MmaTest/HopperSS" />
    <testcase name="SingleTileTransposed/Hopper_64_184_16_NN_64B_NoSwizzle__bfloat" value_param="(8-byte object &lt;10-00 B8-00 40-00 04-00&gt;, __bfloat, 4-byte object &lt;03-00 00-00&gt;, 64B, NoSwizzle)" file="/opt/pytorch/nvfuser/tests/cpp/test_mma.cpp" line="786" status="run" result="completed" time="0.207" timestamp="2025-05-20T07:57:56.594" classname="MmaTest/HopperSS" />
    <testcase name="SingleTileTransposed/Hopper_64_192_16_TT_64B_128B__half" value_param="(8-byte object &lt;10-00 C0-00 40-00 04-00&gt;, __half, 4-byte object &lt;01-00 00-00&gt;, 64B, 128B)" file="/opt/pytorch/nvfuser/tests/cpp/test_mma.cpp" line="786" status="run" result="completed" time="0.251" timestamp="2025-05-20T07:57:56.802" classname="MmaTest/HopperSS" />
    <testcase name="SingleTileTransposed/Hopper_64_192_16_NN_32B_128B__half" value_param="(8-byte object &lt;10-00 C0-00 40-00 04-00&gt;, __half, 4-byte object &lt;03-00 00-00&gt;, 32B, 128B)" file="/opt/pytorch/nvfuser/tests/cpp/test_mma.cpp" line="786" status="run" result="completed" time="0.423" timestamp="2025-05-20T07:57:57.054" classname="MmaTest/HopperSS" />
    <testcase name="SingleTileTransposed/Hopper_64_192_16_TT_32B_128B__bfloat" value_param="(8-byte object &lt;10-00 C0-00 40-00 04-00&gt;, __bfloat, 4-byte object &lt;01-00 00-00&gt;, 32B, 128B)" file="/opt/pytorch/nvfuser/tests/cpp/test_mma.cpp" line="786" status="run" result="completed" time="0.235" timestamp="2025-05-20T07:57:57.477" classname="MmaTest/HopperSS" />
    <testcase name="SingleTileTransposed/Hopper_64_200_16_TT_NoSwizzle_NoSwizzle__half" value_param="(8-byte object &lt;10-00 C8-00 40-00 04-00&gt;, __half, 4-byte object &lt;01-00 00-00&gt;, NoSwizzle, NoSwizzle)" file="/opt/pytorch/nvfuser/tests/cpp/test_mma.cpp" line="786" status="run" result="completed" time="0.218" timestamp="2025-05-20T07:57:57.713" classname="MmaTest/HopperSS" />
    <testcase name="SingleTileTransposed/Hopper_64_200_16_NT_NoSwizzle_128B__half" value_param="(8-byte object &lt;10-00 C8-00 40-00 04-00&gt;, __half, 4-byte object &lt;00-00 00-00&gt;, NoSwizzle, 128B)" file="/opt/pytorch/nvfuser/tests/cpp/test_mma.cpp" line="786" status="run" result="completed" time="0.228" timestamp="2025-05-20T07:57:57.932" classname="MmaTest/HopperSS" />
    <testcase name="SingleTileTransposed/Hopper_64_200_16_NN_NoSwizzle_128B__half" value_param="(8-byte object &lt;10-00 C8-00 40-00 04-00&gt;, __half, 4-byte object &lt;03-00 00-00&gt;, NoSwizzle, 128B)" file="/opt/pytorch/nvfuser/tests/cpp/test_mma.cpp" line="786" status="run" result="completed" time="0.402" timestamp="2025-05-20T07:57:58.161" classname="MmaTest/HopperSS" />
    <testcase name="SingleTileTransposed/Hopper_64_200_16_TN_NoSwizzle_32B__bfloat" value_param="(8-byte object &lt;10-00 C8-00 40-00 04-00&gt;, __bfloat, 4-byte object &lt;02-00 00-00&gt;, NoSwizzle, 32B)" file="/opt/pytorch/nvfuser/tests/cpp/test_mma.cpp" line="786" status="run" result="completed" time="0.201" timestamp="2025-05-20T07:57:58.563" classname="MmaTest/HopperSS" />
    <testcase name="SingleTileTransposed/Hopper_64_200_16_NN_64B_128B__bfloat" value_param="(8-byte object &lt;10-00 C8-00 40-00 04-00&gt;, __bfloat, 4-byte object &lt;03-00 00-00&gt;, 64B, 128B)" file="/opt/pytorch/nvfuser/tests/cpp/test_mma.cpp" line="786" status="run" result="completed" time="0.437" timestamp="2025-05-20T07:57:58.765" classname="MmaTest/HopperSS" />
    <testcase name="SingleTileTransposed/Hopper_64_208_16_TT_NoSwizzle_32B__half" value_param="(8-byte object &lt;10-00 D0-00 40-00 04-00&gt;, __half, 4-byte object &lt;01-00 00-00&gt;, NoSwizzle, 32B)" file="/opt/pytorch/nvfuser/tests/cpp/test_mma.cpp" line="786" status="run" result="completed" time="0.225" timestamp="2025-05-20T07:57:59.202" classname="MmaTest/HopperSS" />
    <testcase name="SingleTileTransposed/Hopper_64_208_16_TN_32B_32B__half" value_param="(8-byte object &lt;10-00 D0-00 40-00 04-00&gt;, __half, 4-byte object &lt;02-00 00-00&gt;, 32B, 32B)" file="/opt/pytorch/nvfuser/tests/cpp/test_mma.cpp" line="786" status="run" result="completed" time="0.223" timestamp="2025-05-20T07:57:59.428" classname="MmaTest/HopperSS" />
    <testcase name="SingleTileTransposed/Hopper_64_208_16_TT_128B_NoSwizzle__bfloat" value_param="(8-byte object &lt;10-00 D0-00 40-00 04-00&gt;, __bfloat, 4-byte object &lt;01-00 00-00&gt;, 128B, NoSwizzle)" file="/opt/pytorch/nvfuser/tests/cpp/test_mma.cpp" line="786" status="run" result="completed" time="0.26" timestamp="2025-05-20T07:57:59.651" classname="MmaTest/HopperSS" />
    <testcase name="SingleTileTransposed/Hopper_64_208_16_TT_32B_128B__bfloat" value_param="(8-byte object &lt;10-00 D0-00 40-00 04-00&gt;, __bfloat, 4-byte object &lt;01-00 00-00&gt;, 32B, 128B)" file="/opt/pytorch/nvfuser/tests/cpp/test_mma.cpp" line="786" status="run" result="completed" time="0.254" timestamp="2025-05-20T07:57:59.912" classname="MmaTest/HopperSS" />
    <testcase name="SingleTileTransposed/Hopper_64_208_16_TN_64B_32B__bfloat" value_param="(8-byte object &lt;10-00 D0-00 40-00 04-00&gt;, __bfloat, 4-byte object &lt;02-00 00-00&gt;, 64B, 32B)" file="/opt/pytorch/nvfuser/tests/cpp/test_mma.cpp" line="786" status="run" result="completed" time="0.247" timestamp="2025-05-20T07:58:00.167" classname="MmaTest/HopperSS" />
    <testcase name="SingleTileTransposed/Hopper_64_208_16_NN_32B_64B__bfloat" value_param="(8-byte object &lt;10-00 D0-00 40-00 04-00&gt;, __bfloat, 4-byte object &lt;03-00 00-00&gt;, 32B, 64B)" file="/opt/pytorch/nvfuser/tests/cpp/test_mma.cpp" line="786" status="run" result="completed" time="0.321" timestamp="2025-05-20T07:58:00.414" classname="MmaTest/HopperSS" />
    <testcase name="SingleTileTransposed/Hopper_64_216_16_TT_64B_32B__half" value_param="(8-byte object &lt;10-00 D8-00 40-00 04-00&gt;, __half, 4-byte object &lt;01-00 00-00&gt;, 64B, 32B)" file="/opt/pytorch/nvfuser/tests/cpp/test_mma.cpp" line="786" status="run" result="completed" time="0.27" timestamp="2025-05-20T07:58:00.735" classname="MmaTest/HopperSS" />
    <testcase name="SingleTileTransposed/Hopper_64_216_16_TN_64B_32B__half" value_param="(8-byte object &lt;10-00 D8-00 40-00 04-00&gt;, __half, 4-byte object &lt;02-00 00-00&gt;, 64B, 32B)" file="/opt/pytorch/nvfuser/tests/cpp/test_mma.cpp" line="786" status="run" result="completed" time="0.252" timestamp="2025-05-20T07:58:01.005" classname="MmaTest/HopperSS" />
    <testcase name="SingleTileTransposed/Hopper_64_216_16_TT_128B_64B__bfloat" value_param="(8-byte object &lt;10-00 D8-00 40-00 04-00&gt;, __bfloat, 4-byte object &lt;01-00 00-00&gt;, 128B, 64B)" file="/opt/pytorch/nvfuser/tests/cpp/test_mma.cpp" line="786" status="run" result="completed" time="0.305" timestamp="2025-05-20T07:58:01.257" classname="MmaTest/HopperSS" />
    <testcase name="SingleTileTransposed/Hopper_64_216_16_NT_NoSwizzle_128B__bfloat" value_param="(8-byte object &lt;10-00 D8-00 40-00 04-00&gt;, __bfloat, 4-byte object &lt;00-00 00-00&gt;, NoSwizzle, 128B)" file="/opt/pytorch/nvfuser/tests/cpp/test_mma.cpp" line="786" status="run" result="completed" time="0.236" timestamp="2025-05-20T07:58:01.563" classname="MmaTest/HopperSS" />
    <testcase name="SingleTileTransposed/Hopper_64_224_16_TT_NoSwizzle_128B__half" value_param="(8-byte object &lt;10-00 E0-00 40-00 04-00&gt;, __half, 4-byte object &lt;01-00 00-00&gt;, NoSwizzle, 128B)" file="/opt/pytorch/nvfuser/tests/cpp/test_mma.cpp" line="786" status="run" result="completed" time="0.235" timestamp="2025-05-20T07:58:01.800" classname="MmaTest/HopperSS" />
    <testcase name="SingleTileTransposed/Hopper_64_224_16_NN_64B_128B__half" value_param="(8-byte object &lt;10-00 E0-00 40-00 04-00&gt;, __half, 4-byte object &lt;03-00 00-00&gt;, 64B, 128B)" file="/opt/pytorch/nvfuser/tests/cpp/test_mma.cpp" line="786" status="run" result="completed" time="0.484" timestamp="2025-05-20T07:58:02.036" classname="MmaTest/HopperSS" />
    <testcase name="SingleTileTransposed/Hopper_64_224_16_TT_32B_64B__bfloat" value_param="(8-byte object &lt;10-00 E0-00 40-00 04-00&gt;, __bfloat, 4-byte object &lt;01-00 00-00&gt;, 32B, 64B)" file="/opt/pytorch/nvfuser/tests/cpp/test_mma.cpp" line="786" status="run" result="completed" time="0.272" timestamp="2025-05-20T07:58:02.520" classname="MmaTest/HopperSS" />
    <testcase name="SingleTileTransposed/Hopper_64_224_16_TN_NoSwizzle_64B__bfloat" value_param="(8-byte object &lt;10-00 E0-00 40-00 04-00&gt;, __bfloat, 4-byte object &lt;02-00 00-00&gt;, NoSwizzle, 64B)" file="/opt/pytorch/nvfuser/tests/cpp/test_mma.cpp" line="786" status="run" result="completed" time="0.287" timestamp="2025-05-20T07:58:02.793" classname="MmaTest/HopperSS" />
    <testcase name="SingleTileTransposed/Hopper_64_224_16_NT_NoSwizzle_128B__bfloat" value_param="(8-byte object &lt;10-00 E0-00 40-00 04-00&gt;, __bfloat, 4-byte object &lt;00-00 00-00&gt;, NoSwizzle, 128B)" file="/opt/pytorch/nvfuser/tests/cpp/test_mma.cpp" line="786" status="run" result="completed" time="0.238" timestamp="2025-05-20T07:58:03.080" classname="MmaTest/HopperSS" />
    <testcase name="SingleTileTransposed/Hopper_64_224_16_NN_64B_32B__bfloat" value_param="(8-byte object &lt;10-00 E0-00 40-00 04-00&gt;, __bfloat, 4-byte object &lt;03-00 00-00&gt;, 64B, 32B)" file="/opt/pytorch/nvfuser/tests/cpp/test_mma.cpp" line="786" status="run" result="completed" time="0.264" timestamp="2025-05-20T07:58:03.319" classname="MmaTest/HopperSS" />
    <testcase name="SingleTileTransposed/Hopper_64_232_16_TT_NoSwizzle_64B__half" value_param="(8-byte object &lt;10-00 E8-00 40-00 04-00&gt;, __half, 4-byte object &lt;01-00 00-00&gt;, NoSwizzle, 64B)" file="/opt/pytorch/nvfuser/tests/cpp/test_mma.cpp" line="786" status="run" result="completed" time="0.254" timestamp="2025-05-20T07:58:03.583" classname="MmaTest/HopperSS" />
    <testcase name="SingleTileTransposed/Hopper_64_232_16_TN_32B_NoSwizzle__half" value_param="(8-byte object &lt;10-00 E8-00 40-00 04-00&gt;, __half, 4-byte object &lt;02-00 00-00&gt;, 32B, NoSwizzle)" file="/opt/pytorch/nvfuser/tests/cpp/test_mma.cpp" line="786" status="run" result="completed" time="0.206" timestamp="2025-05-20T07:58:03.838" classname="MmaTest/HopperSS" />
    <testcase name="SingleTileTransposed/Hopper_64_232_16_NT_64B_128B__half" value_param="(8-byte object &lt;10-00 E8-00 40-00 04-00&gt;, __half, 4-byte object &lt;00-00 00-00&gt;, 64B, 128B)" file="/opt/pytorch/nvfuser/tests/cpp/test_mma.cpp" line="786" status="run" result="completed" time="0.284" timestamp="2025-05-20T07:58:04.045" classname="MmaTest/HopperSS" />
    <testcase name="SingleTileTransposed/Hopper_64_232_16_NN_128B_128B__half" value_param="(8-byte object &lt;10-00 E8-00 40-00 04-00&gt;, __half, 4-byte object &lt;03-00 00-00&gt;, 128B, 128B)" file="/opt/pytorch/nvfuser/tests/cpp/test_mma.cpp" line="786" status="run" result="completed" time="0.482" timestamp="2025-05-20T07:58:04.330" classname="MmaTest/HopperSS" />
    <testcase name="SingleTileTransposed/Hopper_64_232_16_TT_128B_NoSwizzle__bfloat" value_param="(8-byte object &lt;10-00 E8-00 40-00 04-00&gt;, __bfloat, 4-byte object &lt;01-00 00-00&gt;, 128B, NoSwizzle)" file="/opt/pytorch/nvfuser/tests/cpp/test_mma.cpp" line="786" status="run" result="completed" time="0.315" timestamp="2025-05-20T07:58:04.813" classname="MmaTest/HopperSS" />
    <testcase name="SingleTileTransposed/Hopper_64_232_16_TN_128B_64B__bfloat" value_param="(8-byte object &lt;10-00 E8-00 40-00 04-00&gt;, __bfloat, 4-byte object &lt;02-00 00-00&gt;, 128B, 64B)" file="/opt/pytorch/nvfuser/tests/cpp/test_mma.cpp" line="786" status="run" result="completed" time="0.37" timestamp="2025-05-20T07:58:05.128" classname="MmaTest/HopperSS" />
    <testcase name="SingleTileTransposed/Hopper_64_232_16_NT_128B_64B__bfloat" value_param="(8-byte object &lt;10-00 E8-00 40-00 04-00&gt;, __bfloat, 4-byte object &lt;00-00 00-00&gt;, 128B, 64B)" file="/opt/pytorch/nvfuser/tests/cpp/test_mma.cpp" line="786" status="run" result="completed" time="0.273" timestamp="2025-05-20T07:58:05.499" classname="MmaTest/HopperSS" />
    <testcase name="SingleTileTransposed/Hopper_64_232_16_NN_32B_NoSwizzle__bfloat" value_param="(8-byte object &lt;10-00 E8-00 40-00 04-00&gt;, __bfloat, 4-byte object &lt;03-00 00-00&gt;, 32B, NoSwizzle)" file="/opt/pytorch/nvfuser/tests/cpp/test_mma.cpp" line="786" status="run" result="completed" time="0.229" timestamp="2025-05-20T07:58:05.772" classname="MmaTest/HopperSS" />
    <testcase name="SingleTileTransposed/Hopper_64_240_16_TN_32B_128B__half" value_param="(8-byte object &lt;10-00 F0-00 40-00 04-00&gt;, __half, 4-byte object &lt;02-00 00-00&gt;, 32B, 128B)" file="/opt/pytorch/nvfuser/tests/cpp/test_mma.cpp" line="786" status="run" result="completed" time="0.501" timestamp="2025-05-20T07:58:06.002" classname="MmaTest/HopperSS" />
    <testcase name="SingleTileTransposed/Hopper_64_240_16_NT_64B_NoSwizzle__half" value_param="(8-byte object &lt;10-00 F0-00 40-00 04-00&gt;, __half, 4-byte object &lt;00-00 00-00&gt;, 64B, NoSwizzle)" file="/opt/pytorch/nvfuser/tests/cpp/test_mma.cpp" line="786" status="run" result="completed" time="0.268" timestamp="2025-05-20T07:58:06.504" classname="MmaTest/HopperSS" />
    <testcase name="SingleTileTransposed/Hopper_64_240_16_TT_NoSwizzle_128B__bfloat" value_param="(8-byte object &lt;10-00 F0-00 40-00 04-00&gt;, __bfloat, 4-byte object &lt;01-00 00-00&gt;, NoSwizzle, 128B)" file="/opt/pytorch/nvfuser/tests/cpp/test_mma.cpp" line="786" status="run" result="completed" time="0.248" timestamp="2025-05-20T07:58:06.772" classname="MmaTest/HopperSS" />
    <testcase name="SingleTileTransposed/Hopper_64_240_16_NT_32B_128B__bfloat" value_param="(8-byte object &lt;10-00 F0-00 40-00 04-00&gt;, __bfloat, 4-byte object &lt;00-00 00-00&gt;, 32B, 128B)" file="/opt/pytorch/nvfuser/tests/cpp/test_mma.cpp" line="786" status="run" result="completed" time="0.297" timestamp="2025-05-20T07:58:07.021" classname="MmaTest/HopperSS" />
    <testcase name="SingleTileTransposed/Hopper_64_240_16_NN_128B_NoSwizzle__bfloat" value_param="(8-byte object &lt;10-00 F0-00 40-00 04-00&gt;, __bfloat, 4-byte object &lt;03-00 00-00&gt;, 128B, NoSwizzle)" file="/opt/pytorch/nvfuser/tests/cpp/test_mma.cpp" line="786" status="run" result="completed" time="0.206" timestamp="2025-05-20T07:58:07.318" classname="MmaTest/HopperSS" />
    <testcase name="SingleTileTransposed/Hopper_64_240_16_NN_32B_128B__bfloat" value_param="(8-byte object &lt;10-00 F0-00 40-00 04-00&gt;, __bfloat, 4-byte object &lt;03-00 00-00&gt;, 32B, 128B)" file="/opt/pytorch/nvfuser/tests/cpp/test_mma.cpp" line="786" status="run" result="completed" time="0.519" timestamp="2025-05-20T07:58:07.525" classname="MmaTest/HopperSS" />
    <testcase name="SingleTileTransposed/Hopper_64_248_16_TT_64B_32B__half" value_param="(8-byte object &lt;10-00 F8-00 40-00 04-00&gt;, __half, 4-byte object &lt;01-00 00-00&gt;, 64B, 32B)" file="/opt/pytorch/nvfuser/tests/cpp/test_mma.cpp" line="786" status="run" result="completed" time="0.289" timestamp="2025-05-20T07:58:08.045" classname="MmaTest/HopperSS" />
    <testcase name="SingleTileTransposed/Hopper_64_248_16_TN_128B_64B__half" value_param="(8-byte object &lt;10-00 F8-00 40-00 04-00&gt;, __half, 4-byte object &lt;02-00 00-00&gt;, 128B, 64B)" file="/opt/pytorch/nvfuser/tests/cpp/test_mma.cpp" line="786" status="run" result="completed" time="0.389" timestamp="2025-05-20T07:58:08.334" classname="MmaTest/HopperSS" />
    <testcase name="SingleTileTransposed/Hopper_64_248_16_NT_NoSwizzle_32B__half" value_param="(8-byte object &lt;10-00 F8-00 40-00 04-00&gt;, __half, 4-byte object &lt;00-00 00-00&gt;, NoSwizzle, 32B)" file="/opt/pytorch/nvfuser/tests/cpp/test_mma.cpp" line="786" status="run" result="completed" time="0.252" timestamp="2025-05-20T07:58:08.724" classname="MmaTest/HopperSS" />
    <testcase name="SingleTileTransposed/Hopper_64_248_16_TT_128B_64B__bfloat" value_param="(8-byte object &lt;10-00 F8-00 40-00 04-00&gt;, __bfloat, 4-byte object &lt;01-00 00-00&gt;, 128B, 64B)" file="/opt/pytorch/nvfuser/tests/cpp/test_mma.cpp" line="786" status="run" result="completed" time="0.353" timestamp="2025-05-20T07:58:08.976" classname="MmaTest/HopperSS" />
    <testcase name="SingleTileTransposed/Hopper_64_248_16_TN_64B_128B__bfloat" value_param="(8-byte object &lt;10-00 F8-00 40-00 04-00&gt;, __bfloat, 4-byte object &lt;02-00 00-00&gt;, 64B, 128B)" file="/opt/pytorch/nvfuser/tests/cpp/test_mma.cpp" line="786" status="run" result="completed" time="0.554" timestamp="2025-05-20T07:58:09.329" classname="MmaTest/HopperSS" />
    <testcase name="SingleTileTransposed/Hopper_64_248_16_NT_64B_64B__bfloat" value_param="(8-byte object &lt;10-00 F8-00 40-00 04-00&gt;, __bfloat, 4-byte object &lt;00-00 00-00&gt;, 64B, 64B)" file="/opt/pytorch/nvfuser/tests/cpp/test_mma.cpp" line="786" status="run" result="completed" time="0.302" timestamp="2025-05-20T07:58:09.883" classname="MmaTest/HopperSS" />
    <testcase name="SingleTileTransposed/Hopper_64_248_16_NN_32B_32B__bfloat" value_param="(8-byte object &lt;10-00 F8-00 40-00 04-00&gt;, __bfloat, 4-byte object &lt;03-00 00-00&gt;, 32B, 32B)" file="/opt/pytorch/nvfuser/tests/cpp/test_mma.cpp" line="786" status="run" result="completed" time="0.279" timestamp="2025-05-20T07:58:10.186" classname="MmaTest/HopperSS" />
    <testcase name="SingleTileTransposed/Hopper_64_256_16_TT_64B_128B__half" value_param="(8-byte object &lt;10-00 00-01 40-00 04-00&gt;, __half, 4-byte object &lt;01-00 00-00&gt;, 64B, 128B)" file="/opt/pytorch/nvfuser/tests/cpp/test_mma.cpp" line="786" status="run" result="completed" time="0.291" timestamp="2025-05-20T07:58:10.465" classname="MmaTest/HopperSS" />
    <testcase name="SingleTileTransposed/Hopper_64_256_16_TT_NoSwizzle_32B__bfloat" value_param="(8-byte object &lt;10-00 00-01 40-00 04-00&gt;, __bfloat, 4-byte object &lt;01-00 00-00&gt;, NoSwizzle, 32B)" file="/opt/pytorch/nvfuser/tests/cpp/test_mma.cpp" line="786" status="run" result="completed" time="0.249" timestamp="2025-05-20T07:58:10.757" classname="MmaTest/HopperSS" />
    <testcase name="SingleTileTransposed/Hopper_64_256_16_TN_NoSwizzle_64B__bfloat" value_param="(8-byte object &lt;10-00 00-01 40-00 04-00&gt;, __bfloat, 4-byte object &lt;02-00 00-00&gt;, NoSwizzle, 64B)" file="/opt/pytorch/nvfuser/tests/cpp/test_mma.cpp" line="786" status="run" result="completed" time="0.317" timestamp="2025-05-20T07:58:11.006" classname="MmaTest/HopperSS" />
    <testcase name="SingleTileTransposed/Hopper_64_256_16_NT_32B_32B__bfloat" value_param="(8-byte object &lt;10-00 00-01 40-00 04-00&gt;, __bfloat, 4-byte object &lt;00-00 00-00&gt;, 32B, 32B)" file="/opt/pytorch/nvfuser/tests/cpp/test_mma.cpp" line="786" status="run" result="completed" time="0.294" timestamp="2025-05-20T07:58:11.323" classname="MmaTest/HopperSS" />
    <testcase name="SingleTileTransposed/Hopper_64_256_16_NN_32B_32B__bfloat" value_param="(8-byte object &lt;10-00 00-01 40-00 04-00&gt;, __bfloat, 4-byte object &lt;03-00 00-00&gt;, 32B, 32B)" file="/opt/pytorch/nvfuser/tests/cpp/test_mma.cpp" line="786" status="run" result="completed" time="0.278" timestamp="2025-05-20T07:58:11.618" classname="MmaTest/HopperSS" />
    <testcase name="MultipleTile/Hopper_64_8_16_TT_NoSwizzle_64B__half" value_param="(8-byte object &lt;10-00 08-00 40-00 04-00&gt;, __half, 4-byte object &lt;01-00 00-00&gt;, NoSwizzle, 64B)" file="/opt/pytorch/nvfuser/tests/cpp/test_mma.cpp" line="958" status="run" result="completed" time="0.202" timestamp="2025-05-20T07:58:11.897" classname="MmaTest/HopperSS" />
    <testcase name="MultipleTile/Hopper_64_8_16_TT_64B_NoSwizzle__half" value_param="(8-byte object &lt;10-00 08-00 40-00 04-00&gt;, __half, 4-byte object &lt;01-00 00-00&gt;, 64B, NoSwizzle)" file="/opt/pytorch/nvfuser/tests/cpp/test_mma.cpp" line="958" status="run" result="completed" time="0.201" timestamp="2025-05-20T07:58:12.100" classname="MmaTest/HopperSS" />
    <testcase name="MultipleTile/Hopper_64_8_16_NT_NoSwizzle_NoSwizzle__half" value_param="(8-byte object &lt;10-00 08-00 40-00 04-00&gt;, __half, 4-byte object &lt;00-00 00-00&gt;, NoSwizzle, NoSwizzle)" file="/opt/pytorch/nvfuser/tests/cpp/test_mma.cpp" line="958" status="run" result="completed" time="0.187" timestamp="2025-05-20T07:58:12.301" classname="MmaTest/HopperSS" />
    <testcase name="MultipleTile/Hopper_64_8_16_NN_128B_32B__half" value_param="(8-byte object &lt;10-00 08-00 40-00 04-00&gt;, __half, 4-byte object &lt;03-00 00-00&gt;, 128B, 32B)" file="/opt/pytorch/nvfuser/tests/cpp/test_mma.cpp" line="958" status="run" result="completed" time="0.275" timestamp="2025-05-20T07:58:12.489" classname="MmaTest/HopperSS" />
    <testcase name="MultipleTile/Hopper_64_8_16_TT_NoSwizzle_64B__bfloat" value_param="(8-byte object &lt;10-00 08-00 40-00 04-00&gt;, __bfloat, 4-byte object &lt;01-00 00-00&gt;, NoSwizzle, 64B)" file="/opt/pytorch/nvfuser/tests/cpp/test_mma.cpp" line="958" status="run" result="completed" time="0.202" timestamp="2025-05-20T07:58:12.764" classname="MmaTest/HopperSS" />
    <testcase name="MultipleTile/Hopper_64_8_16_NT_NoSwizzle_NoSwizzle__bfloat" value_param="(8-byte object &lt;10-00 08-00 40-00 04-00&gt;, __bfloat, 4-byte object &lt;00-00 00-00&gt;, NoSwizzle, NoSwizzle)" file="/opt/pytorch/nvfuser/tests/cpp/test_mma.cpp" line="958" status="run" result="completed" time="0.179" timestamp="2025-05-20T07:58:12.967" classname="MmaTest/HopperSS" />
    <testcase name="MultipleTile/Hopper_64_8_16_NN_32B_32B__bfloat" value_param="(8-byte object &lt;10-00 08-00 40-00 04-00&gt;, __bfloat, 4-byte object &lt;03-00 00-00&gt;, 32B, 32B)" file="/opt/pytorch/nvfuser/tests/cpp/test_mma.cpp" line="958" status="run" result="completed" time="0.259" timestamp="2025-05-20T07:58:13.146" classname="MmaTest/HopperSS" />
    <testcase name="MultipleTile/Hopper_64_16_16_TT_64B_64B__half" value_param="(8-byte object &lt;10-00 10-00 40-00 04-00&gt;, __half, 4-byte object &lt;01-00 00-00&gt;, 64B, 64B)" file="/opt/pytorch/nvfuser/tests/cpp/test_mma.cpp" line="958" status="run" result="completed" time="0.3" timestamp="2025-05-20T07:58:13.406" classname="MmaTest/HopperSS" />
    <testcase name="MultipleTile/Hopper_64_16_16_TN_32B_64B__bfloat" value_param="(8-byte object &lt;10-00 10-00 40-00 04-00&gt;, __bfloat, 4-byte object &lt;02-00 00-00&gt;, 32B, 64B)" file="/opt/pytorch/nvfuser/tests/cpp/test_mma.cpp" line="958" status="run" result="completed" time="0.265" timestamp="2025-05-20T07:58:13.706" classname="MmaTest/HopperSS" />
    <testcase name="MultipleTile/Hopper_64_16_16_NN_64B_32B__bfloat" value_param="(8-byte object &lt;10-00 10-00 40-00 04-00&gt;, __bfloat, 4-byte object &lt;03-00 00-00&gt;, 64B, 32B)" file="/opt/pytorch/nvfuser/tests/cpp/test_mma.cpp" line="958" status="run" result="completed" time="0.295" timestamp="2025-05-20T07:58:13.971" classname="MmaTest/HopperSS" />
    <testcase name="MultipleTile/Hopper_64_24_16_TN_32B_NoSwizzle__half" value_param="(8-byte object &lt;10-00 18-00 40-00 04-00&gt;, __half, 4-byte object &lt;02-00 00-00&gt;, 32B, NoSwizzle)" file="/opt/pytorch/nvfuser/tests/cpp/test_mma.cpp" line="958" status="run" result="completed" time="0.234" timestamp="2025-05-20T07:58:14.267" classname="MmaTest/HopperSS" />
    <testcase name="MultipleTile/Hopper_64_24_16_TT_128B_NoSwizzle__bfloat" value_param="(8-byte object &lt;10-00 18-00 40-00 04-00&gt;, __bfloat, 4-byte object &lt;01-00 00-00&gt;, 128B, NoSwizzle)" file="/opt/pytorch/nvfuser/tests/cpp/test_mma.cpp" line="958" status="run" result="completed" time="0.293" timestamp="2025-05-20T07:58:14.502" classname="MmaTest/HopperSS" />
    <testcase name="MultipleTile/Hopper_64_24_16_TT_32B_128B__bfloat" value_param="(8-byte object &lt;10-00 18-00 40-00 04-00&gt;, __bfloat, 4-byte object &lt;01-00 00-00&gt;, 32B, 128B)" file="/opt/pytorch/nvfuser/tests/cpp/test_mma.cpp" line="958" status="run" result="completed" time="0.25" timestamp="2025-05-20T07:58:14.795" classname="MmaTest/HopperSS" />
    <testcase name="MultipleTile/Hopper_64_24_16_TN_NoSwizzle_32B__bfloat" value_param="(8-byte object &lt;10-00 18-00 40-00 04-00&gt;, __bfloat, 4-byte object &lt;02-00 00-00&gt;, NoSwizzle, 32B)" file="/opt/pytorch/nvfuser/tests/cpp/test_mma.cpp" line="958" status="run" result="completed" time="0.24" timestamp="2025-05-20T07:58:15.046" classname="MmaTest/HopperSS" />
    <testcase name="MultipleTile/Hopper_64_24_16_NT_128B_128B__bfloat" value_param="(8-byte object &lt;10-00 18-00 40-00 04-00&gt;, __bfloat, 4-byte object &lt;00-00 00-00&gt;, 128B, 128B)" file="/opt/pytorch/nvfuser/tests/cpp/test_mma.cpp" line="958" status="run" result="completed" time="0.239" timestamp="2025-05-20T07:58:15.287" classname="MmaTest/HopperSS" />
    <testcase name="MultipleTile/Hopper_64_24_16_NT_32B_32B__bfloat" value_param="(8-byte object &lt;10-00 18-00 40-00 04-00&gt;, __bfloat, 4-byte object &lt;00-00 00-00&gt;, 32B, 32B)" file="/opt/pytorch/nvfuser/tests/cpp/test_mma.cpp" line="958" status="run" result="skipped" time="0." timestamp="2025-05-20T07:58:15.526" classname="MmaTest/HopperSS">
      <skipped message="/opt/pytorch/nvfuser/tests/cpp/test_mma.cpp:967&#x0A;This test stores smem inputs on the inner dimension densely, which is not compatible with this macro and swizzle mode because TensorCore instructions span multiple swizzle patterns unevenly.&#x0A;"><![CDATA[/opt/pytorch/nvfuser/tests/cpp/test_mma.cpp:967
This test stores smem inputs on the inner dimension densely, which is not compatible with this macro and swizzle mode because TensorCore instructions span multiple swizzle patterns unevenly.
]]></skipped>
    </testcase>
    <testcase name="MultipleTile/Hopper_64_32_16_TT_NoSwizzle_NoSwizzle__half" value_param="(8-byte object &lt;10-00 20-00 40-00 04-00&gt;, __half, 4-byte object &lt;01-00 00-00&gt;, NoSwizzle, NoSwizzle)" file="/opt/pytorch/nvfuser/tests/cpp/test_mma.cpp" line="958" status="run" result="completed" time="0.218" timestamp="2025-05-20T07:58:15.526" classname="MmaTest/HopperSS" />
    <testcase name="MultipleTile/Hopper_64_32_16_TT_32B_NoSwizzle__half" value_param="(8-byte object &lt;10-00 20-00 40-00 04-00&gt;, __half, 4-byte object &lt;01-00 00-00&gt;, 32B, NoSwizzle)" file="/opt/pytorch/nvfuser/tests/cpp/test_mma.cpp" line="958" status="run" result="completed" time="0.244" timestamp="2025-05-20T07:58:15.744" classname="MmaTest/HopperSS" />
    <testcase name="MultipleTile/Hopper_64_32_16_TN_NoSwizzle_32B__half" value_param="(8-byte object &lt;10-00 20-00 40-00 04-00&gt;, __half, 4-byte object &lt;02-00 00-00&gt;, NoSwizzle, 32B)" file="/opt/pytorch/nvfuser/tests/cpp/test_mma.cpp" line="958" status="run" result="completed" time="0.25" timestamp="2025-05-20T07:58:15.988" classname="MmaTest/HopperSS" />
    <testcase name="MultipleTile/Hopper_64_32_16_NT_64B_NoSwizzle__half" value_param="(8-byte object &lt;10-00 20-00 40-00 04-00&gt;, __half, 4-byte object &lt;00-00 00-00&gt;, 64B, NoSwizzle)" file="/opt/pytorch/nvfuser/tests/cpp/test_mma.cpp" line="958" status="run" result="completed" time="0.259" timestamp="2025-05-20T07:58:16.239" classname="MmaTest/HopperSS" />
    <testcase name="MultipleTile/Hopper_64_32_16_TT_128B_32B__bfloat" value_param="(8-byte object &lt;10-00 20-00 40-00 04-00&gt;, __bfloat, 4-byte object &lt;01-00 00-00&gt;, 128B, 32B)" file="/opt/pytorch/nvfuser/tests/cpp/test_mma.cpp" line="958" status="run" result="completed" time="0.342" timestamp="2025-05-20T07:58:16.499" classname="MmaTest/HopperSS" />
    <testcase name="MultipleTile/Hopper_64_32_16_NT_128B_32B__bfloat" value_param="(8-byte object &lt;10-00 20-00 40-00 04-00&gt;, __bfloat, 4-byte object &lt;00-00 00-00&gt;, 128B, 32B)" file="/opt/pytorch/nvfuser/tests/cpp/test_mma.cpp" line="958" status="run" result="completed" time="0.279" timestamp="2025-05-20T07:58:16.841" classname="MmaTest/HopperSS" />
    <testcase name="MultipleTile/Hopper_64_32_16_NN_32B_NoSwizzle__bfloat" value_param="(8-byte object &lt;10-00 20-00 40-00 04-00&gt;, __bfloat, 4-byte object &lt;03-00 00-00&gt;, 32B, NoSwizzle)" file="/opt/pytorch/nvfuser/tests/cpp/test_mma.cpp" line="958" status="run" result="completed" time="0.25" timestamp="2025-05-20T07:58:17.121" classname="MmaTest/HopperSS" />
    <testcase name="MultipleTile/Hopper_64_40_16_TT_128B_64B__half" value_param="(8-byte object &lt;10-00 28-00 40-00 04-00&gt;, __half, 4-byte object &lt;01-00 00-00&gt;, 128B, 64B)" file="/opt/pytorch/nvfuser/tests/cpp/test_mma.cpp" line="958" status="run" result="skipped" time="0." timestamp="2025-05-20T07:58:17.371" classname="MmaTest/HopperSS">
      <skipped message="/opt/pytorch/nvfuser/tests/cpp/test_mma.cpp:967&#x0A;This test stores smem inputs on the inner dimension densely, which is not compatible with this macro and swizzle mode because TensorCore instructions span multiple swizzle patterns unevenly.&#x0A;"><![CDATA[/opt/pytorch/nvfuser/tests/cpp/test_mma.cpp:967
This test stores smem inputs on the inner dimension densely, which is not compatible with this macro and swizzle mode because TensorCore instructions span multiple swizzle patterns unevenly.
]]></skipped>
    </testcase>
    <testcase name="MultipleTile/Hopper_64_40_16_NT_NoSwizzle_64B__half" value_param="(8-byte object &lt;10-00 28-00 40-00 04-00&gt;, __half, 4-byte object &lt;00-00 00-00&gt;, NoSwizzle, 64B)" file="/opt/pytorch/nvfuser/tests/cpp/test_mma.cpp" line="958" status="run" result="skipped" time="0." timestamp="2025-05-20T07:58:17.371" classname="MmaTest/HopperSS">
      <skipped message="/opt/pytorch/nvfuser/tests/cpp/test_mma.cpp:967&#x0A;This test stores smem inputs on the inner dimension densely, which is not compatible with this macro and swizzle mode because TensorCore instructions span multiple swizzle patterns unevenly.&#x0A;"><![CDATA[/opt/pytorch/nvfuser/tests/cpp/test_mma.cpp:967
This test stores smem inputs on the inner dimension densely, which is not compatible with this macro and swizzle mode because TensorCore instructions span multiple swizzle patterns unevenly.
]]></skipped>
    </testcase>
    <testcase name="MultipleTile/Hopper_64_40_16_TT_128B_128B__bfloat" value_param="(8-byte object &lt;10-00 28-00 40-00 04-00&gt;, __bfloat, 4-byte object &lt;01-00 00-00&gt;, 128B, 128B)" file="/opt/pytorch/nvfuser/tests/cpp/test_mma.cpp" line="958" status="run" result="skipped" time="0." timestamp="2025-05-20T07:58:17.371" classname="MmaTest/HopperSS">
      <skipped message="/opt/pytorch/nvfuser/tests/cpp/test_mma.cpp:967&#x0A;This test stores smem inputs on the inner dimension densely, which is not compatible with this macro and swizzle mode because TensorCore instructions span multiple swizzle patterns unevenly.&#x0A;"><![CDATA[/opt/pytorch/nvfuser/tests/cpp/test_mma.cpp:967
This test stores smem inputs on the inner dimension densely, which is not compatible with this macro and swizzle mode because TensorCore instructions span multiple swizzle patterns unevenly.
]]></skipped>
    </testcase>
    <testcase name="MultipleTile/Hopper_64_40_16_TN_32B_NoSwizzle__bfloat" value_param="(8-byte object &lt;10-00 28-00 40-00 04-00&gt;, __bfloat, 4-byte object &lt;02-00 00-00&gt;, 32B, NoSwizzle)" file="/opt/pytorch/nvfuser/tests/cpp/test_mma.cpp" line="958" status="run" result="completed" time="0.259" timestamp="2025-05-20T07:58:17.371" classname="MmaTest/HopperSS" />
    <testcase name="MultipleTile/Hopper_64_40_16_NN_NoSwizzle_NoSwizzle__bfloat" value_param="(8-byte object &lt;10-00 28-00 40-00 04-00&gt;, __bfloat, 4-byte object &lt;03-00 00-00&gt;, NoSwizzle, NoSwizzle)" file="/opt/pytorch/nvfuser/tests/cpp/test_mma.cpp" line="958" status="run" result="completed" time="0.232" timestamp="2025-05-20T07:58:17.630" classname="MmaTest/HopperSS" />
    <testcase name="MultipleTile/Hopper_64_48_16_TN_64B_32B__half" value_param="(8-byte object &lt;10-00 30-00 40-00 04-00&gt;, __half, 4-byte object &lt;02-00 00-00&gt;, 64B, 32B)" file="/opt/pytorch/nvfuser/tests/cpp/test_mma.cpp" line="958" status="run" result="completed" time="0.298" timestamp="2025-05-20T07:58:17.863" classname="MmaTest/HopperSS" />
    <testcase name="MultipleTile/Hopper_64_48_16_NT_128B_NoSwizzle__half" value_param="(8-byte object &lt;10-00 30-00 40-00 04-00&gt;, __half, 4-byte object &lt;00-00 00-00&gt;, 128B, NoSwizzle)" file="/opt/pytorch/nvfuser/tests/cpp/test_mma.cpp" line="958" status="run" result="completed" time="0.273" timestamp="2025-05-20T07:58:18.162" classname="MmaTest/HopperSS" />
    <testcase name="MultipleTile/Hopper_64_48_16_NN_32B_32B__half" value_param="(8-byte object &lt;10-00 30-00 40-00 04-00&gt;, __half, 4-byte object &lt;03-00 00-00&gt;, 32B, 32B)" file="/opt/pytorch/nvfuser/tests/cpp/test_mma.cpp" line="958" status="run" result="completed" time="0.305" timestamp="2025-05-20T07:58:18.435" classname="MmaTest/HopperSS" />
    <testcase name="MultipleTile/Hopper_64_48_16_TT_64B_64B__bfloat" value_param="(8-byte object &lt;10-00 30-00 40-00 04-00&gt;, __bfloat, 4-byte object &lt;01-00 00-00&gt;, 64B, 64B)" file="/opt/pytorch/nvfuser/tests/cpp/test_mma.cpp" line="958" status="run" result="skipped" time="0." timestamp="2025-05-20T07:58:18.740" classname="MmaTest/HopperSS">
      <skipped message="/opt/pytorch/nvfuser/tests/cpp/test_mma.cpp:967&#x0A;This test stores smem inputs on the inner dimension densely, which is not compatible with this macro and swizzle mode because TensorCore instructions span multiple swizzle patterns unevenly.&#x0A;"><![CDATA[/opt/pytorch/nvfuser/tests/cpp/test_mma.cpp:967
This test stores smem inputs on the inner dimension densely, which is not compatible with this macro and swizzle mode because TensorCore instructions span multiple swizzle patterns unevenly.
]]></skipped>
    </testcase>
    <testcase name="MultipleTile/Hopper_64_48_16_NT_128B_32B__bfloat" value_param="(8-byte object &lt;10-00 30-00 40-00 04-00&gt;, __bfloat, 4-byte object &lt;00-00 00-00&gt;, 128B, 32B)" file="/opt/pytorch/nvfuser/tests/cpp/test_mma.cpp" line="958" status="run" result="completed" time="0.337" timestamp="2025-05-20T07:58:18.740" classname="MmaTest/HopperSS" />
    <testcase name="MultipleTile/Hopper_64_48_16_NT_32B_128B__bfloat" value_param="(8-byte object &lt;10-00 30-00 40-00 04-00&gt;, __bfloat, 4-byte object &lt;00-00 00-00&gt;, 32B, 128B)" file="/opt/pytorch/nvfuser/tests/cpp/test_mma.cpp" line="958" status="run" result="skipped" time="0." timestamp="2025-05-20T07:58:19.077" classname="MmaTest/HopperSS">
      <skipped message="/opt/pytorch/nvfuser/tests/cpp/test_mma.cpp:967&#x0A;This test stores smem inputs on the inner dimension densely, which is not compatible with this macro and swizzle mode because TensorCore instructions span multiple swizzle patterns unevenly.&#x0A;"><![CDATA[/opt/pytorch/nvfuser/tests/cpp/test_mma.cpp:967
This test stores smem inputs on the inner dimension densely, which is not compatible with this macro and swizzle mode because TensorCore instructions span multiple swizzle patterns unevenly.
]]></skipped>
    </testcase>
    <testcase name="MultipleTile/Hopper_64_56_16_NT_128B_NoSwizzle__half" value_param="(8-byte object &lt;10-00 38-00 40-00 04-00&gt;, __half, 4-byte object &lt;00-00 00-00&gt;, 128B, NoSwizzle)" file="/opt/pytorch/nvfuser/tests/cpp/test_mma.cpp" line="958" status="run" result="completed" time="0.3" timestamp="2025-05-20T07:58:19.077" classname="MmaTest/HopperSS" />
    <testcase name="MultipleTile/Hopper_64_56_16_NN_128B_64B__half" value_param="(8-byte object &lt;10-00 38-00 40-00 04-00&gt;, __half, 4-byte object &lt;03-00 00-00&gt;, 128B, 64B)" file="/opt/pytorch/nvfuser/tests/cpp/test_mma.cpp" line="958" status="run" result="completed" time="0.314" timestamp="2025-05-20T07:58:19.378" classname="MmaTest/HopperSS" />
    <testcase name="MultipleTile/Hopper_64_56_16_NT_128B_32B__bfloat" value_param="(8-byte object &lt;10-00 38-00 40-00 04-00&gt;, __bfloat, 4-byte object &lt;00-00 00-00&gt;, 128B, 32B)" file="/opt/pytorch/nvfuser/tests/cpp/test_mma.cpp" line="958" status="run" result="skipped" time="0." timestamp="2025-05-20T07:58:19.692" classname="MmaTest/HopperSS">
      <skipped message="/opt/pytorch/nvfuser/tests/cpp/test_mma.cpp:967&#x0A;This test stores smem inputs on the inner dimension densely, which is not compatible with this macro and swizzle mode because TensorCore instructions span multiple swizzle patterns unevenly.&#x0A;"><![CDATA[/opt/pytorch/nvfuser/tests/cpp/test_mma.cpp:967
This test stores smem inputs on the inner dimension densely, which is not compatible with this macro and swizzle mode because TensorCore instructions span multiple swizzle patterns unevenly.
]]></skipped>
    </testcase>
    <testcase name="MultipleTile/Hopper_64_64_16_TN_128B_128B__half" value_param="(8-byte object &lt;10-00 40-00 40-00 04-00&gt;, __half, 4-byte object &lt;02-00 00-00&gt;, 128B, 128B)" file="/opt/pytorch/nvfuser/tests/cpp/test_mma.cpp" line="958" status="run" result="completed" time="0.549" timestamp="2025-05-20T07:58:19.692" classname="MmaTest/HopperSS" />
    <testcase name="MultipleTile/Hopper_64_64_16_NN_64B_64B__half" value_param="(8-byte object &lt;10-00 40-00 40-00 04-00&gt;, __half, 4-byte object &lt;03-00 00-00&gt;, 64B, 64B)" file="/opt/pytorch/nvfuser/tests/cpp/test_mma.cpp" line="958" status="run" result="completed" time="0.379" timestamp="2025-05-20T07:58:20.242" classname="MmaTest/HopperSS" />
    <testcase name="MultipleTile/Hopper_64_64_16_NN_128B_32B__bfloat" value_param="(8-byte object &lt;10-00 40-00 40-00 04-00&gt;, __bfloat, 4-byte object &lt;03-00 00-00&gt;, 128B, 32B)" file="/opt/pytorch/nvfuser/tests/cpp/test_mma.cpp" line="958" status="run" result="completed" time="0.327" timestamp="2025-05-20T07:58:20.621" classname="MmaTest/HopperSS" />
    <testcase name="MultipleTile/Hopper_64_72_16_TT_NoSwizzle_NoSwizzle__half" value_param="(8-byte object &lt;10-00 48-00 40-00 04-00&gt;, __half, 4-byte object &lt;01-00 00-00&gt;, NoSwizzle, NoSwizzle)" file="/opt/pytorch/nvfuser/tests/cpp/test_mma.cpp" line="958" status="run" result="completed" time="0.297" timestamp="2025-05-20T07:58:20.949" classname="MmaTest/HopperSS" />
    <testcase name="MultipleTile/Hopper_64_72_16_TN_64B_NoSwizzle__half" value_param="(8-byte object &lt;10-00 48-00 40-00 04-00&gt;, __half, 4-byte object &lt;02-00 00-00&gt;, 64B, NoSwizzle)" file="/opt/pytorch/nvfuser/tests/cpp/test_mma.cpp" line="958" status="run" result="completed" time="0.306" timestamp="2025-05-20T07:58:21.246" classname="MmaTest/HopperSS" />
    <testcase name="MultipleTile/Hopper_64_72_16_NT_32B_64B__half" value_param="(8-byte object &lt;10-00 48-00 40-00 04-00&gt;, __half, 4-byte object &lt;00-00 00-00&gt;, 32B, 64B)" file="/opt/pytorch/nvfuser/tests/cpp/test_mma.cpp" line="958" status="run" result="skipped" time="0." timestamp="2025-05-20T07:58:21.553" classname="MmaTest/HopperSS">
      <skipped message="/opt/pytorch/nvfuser/tests/cpp/test_mma.cpp:967&#x0A;This test stores smem inputs on the inner dimension densely, which is not compatible with this macro and swizzle mode because TensorCore instructions span multiple swizzle patterns unevenly.&#x0A;"><![CDATA[/opt/pytorch/nvfuser/tests/cpp/test_mma.cpp:967
This test stores smem inputs on the inner dimension densely, which is not compatible with this macro and swizzle mode because TensorCore instructions span multiple swizzle patterns unevenly.
]]></skipped>
    </testcase>
    <testcase name="MultipleTile/Hopper_64_72_16_NN_32B_NoSwizzle__half" value_param="(8-byte object &lt;10-00 48-00 40-00 04-00&gt;, __half, 4-byte object &lt;03-00 00-00&gt;, 32B, NoSwizzle)" file="/opt/pytorch/nvfuser/tests/cpp/test_mma.cpp" line="958" status="run" result="completed" time="0.321" timestamp="2025-05-20T07:58:21.553" classname="MmaTest/HopperSS" />
    <testcase name="MultipleTile/Hopper_64_72_16_TN_64B_128B__bfloat" value_param="(8-byte object &lt;10-00 48-00 40-00 04-00&gt;, __bfloat, 4-byte object &lt;02-00 00-00&gt;, 64B, 128B)" file="/opt/pytorch/nvfuser/tests/cpp/test_mma.cpp" line="958" status="run" result="completed" time="0.434" timestamp="2025-05-20T07:58:21.874" classname="MmaTest/HopperSS" />
    <testcase name="MultipleTile/Hopper_64_72_16_NT_32B_64B__bfloat" value_param="(8-byte object &lt;10-00 48-00 40-00 04-00&gt;, __bfloat, 4-byte object &lt;00-00 00-00&gt;, 32B, 64B)" file="/opt/pytorch/nvfuser/tests/cpp/test_mma.cpp" line="958" status="run" result="skipped" time="0." timestamp="2025-05-20T07:58:22.309" classname="MmaTest/HopperSS">
      <skipped message="/opt/pytorch/nvfuser/tests/cpp/test_mma.cpp:967&#x0A;This test stores smem inputs on the inner dimension densely, which is not compatible with this macro and swizzle mode because TensorCore instructions span multiple swizzle patterns unevenly.&#x0A;"><![CDATA[/opt/pytorch/nvfuser/tests/cpp/test_mma.cpp:967
This test stores smem inputs on the inner dimension densely, which is not compatible with this macro and swizzle mode because TensorCore instructions span multiple swizzle patterns unevenly.
]]></skipped>
    </testcase>
    <testcase name="MultipleTile/Hopper_64_80_16_TT_NoSwizzle_NoSwizzle__half" value_param="(8-byte object &lt;10-00 50-00 40-00 04-00&gt;, __half, 4-byte object &lt;01-00 00-00&gt;, NoSwizzle, NoSwizzle)" file="/opt/pytorch/nvfuser/tests/cpp/test_mma.cpp" line="958" status="run" result="completed" time="0.316" timestamp="2025-05-20T07:58:22.309" classname="MmaTest/HopperSS" />
    <testcase name="MultipleTile/Hopper_64_80_16_TT_32B_128B__half" value_param="(8-byte object &lt;10-00 50-00 40-00 04-00&gt;, __half, 4-byte object &lt;01-00 00-00&gt;, 32B, 128B)" file="/opt/pytorch/nvfuser/tests/cpp/test_mma.cpp" line="958" status="run" result="skipped" time="0." timestamp="2025-05-20T07:58:22.625" classname="MmaTest/HopperSS">
      <skipped message="/opt/pytorch/nvfuser/tests/cpp/test_mma.cpp:967&#x0A;This test stores smem inputs on the inner dimension densely, which is not compatible with this macro and swizzle mode because TensorCore instructions span multiple swizzle patterns unevenly.&#x0A;"><![CDATA[/opt/pytorch/nvfuser/tests/cpp/test_mma.cpp:967
This test stores smem inputs on the inner dimension densely, which is not compatible with this macro and swizzle mode because TensorCore instructions span multiple swizzle patterns unevenly.
]]></skipped>
    </testcase>
    <testcase name="MultipleTile/Hopper_64_80_16_TT_64B_32B__bfloat" value_param="(8-byte object &lt;10-00 50-00 40-00 04-00&gt;, __bfloat, 4-byte object &lt;01-00 00-00&gt;, 64B, 32B)" file="/opt/pytorch/nvfuser/tests/cpp/test_mma.cpp" line="958" status="run" result="completed" time="0.355" timestamp="2025-05-20T07:58:22.625" classname="MmaTest/HopperSS" />
    <testcase name="MultipleTile/Hopper_64_80_16_TN_32B_NoSwizzle__bfloat" value_param="(8-byte object &lt;10-00 50-00 40-00 04-00&gt;, __bfloat, 4-byte object &lt;02-00 00-00&gt;, 32B, NoSwizzle)" file="/opt/pytorch/nvfuser/tests/cpp/test_mma.cpp" line="958" status="run" result="completed" time="0.342" timestamp="2025-05-20T07:58:22.981" classname="MmaTest/HopperSS" />
    <testcase name="MultipleTile/Hopper_64_80_16_NN_NoSwizzle_32B__bfloat" value_param="(8-byte object &lt;10-00 50-00 40-00 04-00&gt;, __bfloat, 4-byte object &lt;03-00 00-00&gt;, NoSwizzle, 32B)" file="/opt/pytorch/nvfuser/tests/cpp/test_mma.cpp" line="958" status="run" result="completed" time="0.331" timestamp="2025-05-20T07:58:23.324" classname="MmaTest/HopperSS" />
    <testcase name="MultipleTile/Hopper_64_80_16_NN_32B_64B__bfloat" value_param="(8-byte object &lt;10-00 50-00 40-00 04-00&gt;, __bfloat, 4-byte object &lt;03-00 00-00&gt;, 32B, 64B)" file="/opt/pytorch/nvfuser/tests/cpp/test_mma.cpp" line="958" status="run" result="completed" time="0.368" timestamp="2025-05-20T07:58:23.655" classname="MmaTest/HopperSS" />
    <testcase name="MultipleTile/Hopper_64_88_16_TT_32B_128B__half" value_param="(8-byte object &lt;10-00 58-00 40-00 04-00&gt;, __half, 4-byte object &lt;01-00 00-00&gt;, 32B, 128B)" file="/opt/pytorch/nvfuser/tests/cpp/test_mma.cpp" line="958" status="run" result="skipped" time="0." timestamp="2025-05-20T07:58:24.024" classname="MmaTest/HopperSS">
      <skipped message="/opt/pytorch/nvfuser/tests/cpp/test_mma.cpp:967&#x0A;This test stores smem inputs on the inner dimension densely, which is not compatible with this macro and swizzle mode because TensorCore instructions span multiple swizzle patterns unevenly.&#x0A;"><![CDATA[/opt/pytorch/nvfuser/tests/cpp/test_mma.cpp:967
This test stores smem inputs on the inner dimension densely, which is not compatible with this macro and swizzle mode because TensorCore instructions span multiple swizzle patterns unevenly.
]]></skipped>
    </testcase>
    <testcase name="MultipleTile/Hopper_64_88_16_TN_32B_NoSwizzle__half" value_param="(8-byte object &lt;10-00 58-00 40-00 04-00&gt;, __half, 4-byte object &lt;02-00 00-00&gt;, 32B, NoSwizzle)" file="/opt/pytorch/nvfuser/tests/cpp/test_mma.cpp" line="958" status="run" result="completed" time="0.366" timestamp="2025-05-20T07:58:24.024" classname="MmaTest/HopperSS" />
    <testcase name="MultipleTile/Hopper_64_88_16_NT_64B_64B__half" value_param="(8-byte object &lt;10-00 58-00 40-00 04-00&gt;, __half, 4-byte object &lt;00-00 00-00&gt;, 64B, 64B)" file="/opt/pytorch/nvfuser/tests/cpp/test_mma.cpp" line="958" status="run" result="skipped" time="0." timestamp="2025-05-20T07:58:24.390" classname="MmaTest/HopperSS">
      <skipped message="/opt/pytorch/nvfuser/tests/cpp/test_mma.cpp:967&#x0A;This test stores smem inputs on the inner dimension densely, which is not compatible with this macro and swizzle mode because TensorCore instructions span multiple swizzle patterns unevenly.&#x0A;"><![CDATA[/opt/pytorch/nvfuser/tests/cpp/test_mma.cpp:967
This test stores smem inputs on the inner dimension densely, which is not compatible with this macro and swizzle mode because TensorCore instructions span multiple swizzle patterns unevenly.
]]></skipped>
    </testcase>
    <testcase name="MultipleTile/Hopper_64_88_16_TN_NoSwizzle_64B__bfloat" value_param="(8-byte object &lt;10-00 58-00 40-00 04-00&gt;, __bfloat, 4-byte object &lt;02-00 00-00&gt;, NoSwizzle, 64B)" file="/opt/pytorch/nvfuser/tests/cpp/test_mma.cpp" line="958" status="run" result="completed" time="0.361" timestamp="2025-05-20T07:58:24.390" classname="MmaTest/HopperSS" />
    <testcase name="MultipleTile/Hopper_64_88_16_NT_128B_32B__bfloat" value_param="(8-byte object &lt;10-00 58-00 40-00 04-00&gt;, __bfloat, 4-byte object &lt;00-00 00-00&gt;, 128B, 32B)" file="/opt/pytorch/nvfuser/tests/cpp/test_mma.cpp" line="958" status="run" result="skipped" time="0." timestamp="2025-05-20T07:58:24.752" classname="MmaTest/HopperSS">
      <skipped message="/opt/pytorch/nvfuser/tests/cpp/test_mma.cpp:967&#x0A;This test stores smem inputs on the inner dimension densely, which is not compatible with this macro and swizzle mode because TensorCore instructions span multiple swizzle patterns unevenly.&#x0A;"><![CDATA[/opt/pytorch/nvfuser/tests/cpp/test_mma.cpp:967
This test stores smem inputs on the inner dimension densely, which is not compatible with this macro and swizzle mode because TensorCore instructions span multiple swizzle patterns unevenly.
]]></skipped>
    </testcase>
    <testcase name="MultipleTile/Hopper_64_88_16_NN_128B_64B__bfloat" value_param="(8-byte object &lt;10-00 58-00 40-00 04-00&gt;, __bfloat, 4-byte object &lt;03-00 00-00&gt;, 128B, 64B)" file="/opt/pytorch/nvfuser/tests/cpp/test_mma.cpp" line="958" status="run" result="completed" time="0.389" timestamp="2025-05-20T07:58:24.752" classname="MmaTest/HopperSS" />
    <testcase name="MultipleTile/Hopper_64_96_16_TT_128B_32B__half" value_param="(8-byte object &lt;10-00 60-00 40-00 04-00&gt;, __half, 4-byte object &lt;01-00 00-00&gt;, 128B, 32B)" file="/opt/pytorch/nvfuser/tests/cpp/test_mma.cpp" line="958" status="run" result="completed" time="0.468" timestamp="2025-05-20T07:58:25.141" classname="MmaTest/HopperSS" />
    <testcase name="MultipleTile/Hopper_64_96_16_TN_NoSwizzle_64B__half" value_param="(8-byte object &lt;10-00 60-00 40-00 04-00&gt;, __half, 4-byte object &lt;02-00 00-00&gt;, NoSwizzle, 64B)" file="/opt/pytorch/nvfuser/tests/cpp/test_mma.cpp" line="958" status="run" result="completed" time="0.384" timestamp="2025-05-20T07:58:25.610" classname="MmaTest/HopperSS" />
    <testcase name="MultipleTile/Hopper_64_96_16_NT_64B_32B__half" value_param="(8-byte object &lt;10-00 60-00 40-00 04-00&gt;, __half, 4-byte object &lt;00-00 00-00&gt;, 64B, 32B)" file="/opt/pytorch/nvfuser/tests/cpp/test_mma.cpp" line="958" status="run" result="completed" time="0.413" timestamp="2025-05-20T07:58:25.994" classname="MmaTest/HopperSS" />
    <testcase name="MultipleTile/Hopper_64_96_16_TT_NoSwizzle_NoSwizzle__bfloat" value_param="(8-byte object &lt;10-00 60-00 40-00 04-00&gt;, __bfloat, 4-byte object &lt;01-00 00-00&gt;, NoSwizzle, NoSwizzle)" file="/opt/pytorch/nvfuser/tests/cpp/test_mma.cpp" line="958" status="run" result="completed" time="0.359" timestamp="2025-05-20T07:58:26.407" classname="MmaTest/HopperSS" />
    <testcase name="MultipleTile/Hopper_64_96_16_TN_NoSwizzle_NoSwizzle__bfloat" value_param="(8-byte object &lt;10-00 60-00 40-00 04-00&gt;, __bfloat, 4-byte object &lt;02-00 00-00&gt;, NoSwizzle, NoSwizzle)" file="/opt/pytorch/nvfuser/tests/cpp/test_mma.cpp" line="958" status="run" result="completed" time="0.359" timestamp="2025-05-20T07:58:26.767" classname="MmaTest/HopperSS" />
    <testcase name="MultipleTile/Hopper_64_96_16_NN_NoSwizzle_NoSwizzle__bfloat" value_param="(8-byte object &lt;10-00 60-00 40-00 04-00&gt;, __bfloat, 4-byte object &lt;03-00 00-00&gt;, NoSwizzle, NoSwizzle)" file="/opt/pytorch/nvfuser/tests/cpp/test_mma.cpp" line="958" status="run" result="completed" time="0.361" timestamp="2025-05-20T07:58:27.127" classname="MmaTest/HopperSS" />
    <testcase name="MultipleTile/Hopper_64_104_16_TT_NoSwizzle_64B__half" value_param="(8-byte object &lt;10-00 68-00 40-00 04-00&gt;, __half, 4-byte object &lt;01-00 00-00&gt;, NoSwizzle, 64B)" file="/opt/pytorch/nvfuser/tests/cpp/test_mma.cpp" line="958" status="run" result="skipped" time="0." timestamp="2025-05-20T07:58:27.489" classname="MmaTest/HopperSS">
      <skipped message="/opt/pytorch/nvfuser/tests/cpp/test_mma.cpp:967&#x0A;This test stores smem inputs on the inner dimension densely, which is not compatible with this macro and swizzle mode because TensorCore instructions span multiple swizzle patterns unevenly.&#x0A;"><![CDATA[/opt/pytorch/nvfuser/tests/cpp/test_mma.cpp:967
This test stores smem inputs on the inner dimension densely, which is not compatible with this macro and swizzle mode because TensorCore instructions span multiple swizzle patterns unevenly.
]]></skipped>
    </testcase>
    <testcase name="MultipleTile/Hopper_64_104_16_TT_32B_128B__half" value_param="(8-byte object &lt;10-00 68-00 40-00 04-00&gt;, __half, 4-byte object &lt;01-00 00-00&gt;, 32B, 128B)" file="/opt/pytorch/nvfuser/tests/cpp/test_mma.cpp" line="958" status="run" result="skipped" time="0." timestamp="2025-05-20T07:58:27.489" classname="MmaTest/HopperSS">
      <skipped message="/opt/pytorch/nvfuser/tests/cpp/test_mma.cpp:967&#x0A;This test stores smem inputs on the inner dimension densely, which is not compatible with this macro and swizzle mode because TensorCore instructions span multiple swizzle patterns unevenly.&#x0A;"><![CDATA[/opt/pytorch/nvfuser/tests/cpp/test_mma.cpp:967
This test stores smem inputs on the inner dimension densely, which is not compatible with this macro and swizzle mode because TensorCore instructions span multiple swizzle patterns unevenly.
]]></skipped>
    </testcase>
    <testcase name="MultipleTile/Hopper_64_104_16_NT_NoSwizzle_128B__half" value_param="(8-byte object &lt;10-00 68-00 40-00 04-00&gt;, __half, 4-byte object &lt;00-00 00-00&gt;, NoSwizzle, 128B)" file="/opt/pytorch/nvfuser/tests/cpp/test_mma.cpp" line="958" status="run" result="skipped" time="0." timestamp="2025-05-20T07:58:27.489" classname="MmaTest/HopperSS">
      <skipped message="/opt/pytorch/nvfuser/tests/cpp/test_mma.cpp:967&#x0A;This test stores smem inputs on the inner dimension densely, which is not compatible with this macro and swizzle mode because TensorCore instructions span multiple swizzle patterns unevenly.&#x0A;"><![CDATA[/opt/pytorch/nvfuser/tests/cpp/test_mma.cpp:967
This test stores smem inputs on the inner dimension densely, which is not compatible with this macro and swizzle mode because TensorCore instructions span multiple swizzle patterns unevenly.
]]></skipped>
    </testcase>
    <testcase name="MultipleTile/Hopper_64_104_16_NN_64B_NoSwizzle__half" value_param="(8-byte object &lt;10-00 68-00 40-00 04-00&gt;, __half, 4-byte object &lt;03-00 00-00&gt;, 64B, NoSwizzle)" file="/opt/pytorch/nvfuser/tests/cpp/test_mma.cpp" line="958" status="run" result="completed" time="0.406" timestamp="2025-05-20T07:58:27.489" classname="MmaTest/HopperSS" />
    <testcase name="MultipleTile/Hopper_64_104_16_TT_32B_128B__bfloat" value_param="(8-byte object &lt;10-00 68-00 40-00 04-00&gt;, __bfloat, 4-byte object &lt;01-00 00-00&gt;, 32B, 128B)" file="/opt/pytorch/nvfuser/tests/cpp/test_mma.cpp" line="958" status="run" result="skipped" time="0." timestamp="2025-05-20T07:58:27.896" classname="MmaTest/HopperSS">
      <skipped message="/opt/pytorch/nvfuser/tests/cpp/test_mma.cpp:967&#x0A;This test stores smem inputs on the inner dimension densely, which is not compatible with this macro and swizzle mode because TensorCore instructions span multiple swizzle patterns unevenly.&#x0A;"><![CDATA[/opt/pytorch/nvfuser/tests/cpp/test_mma.cpp:967
This test stores smem inputs on the inner dimension densely, which is not compatible with this macro and swizzle mode because TensorCore instructions span multiple swizzle patterns unevenly.
]]></skipped>
    </testcase>
    <testcase name="MultipleTile/Hopper_64_104_16_NT_128B_32B__bfloat" value_param="(8-byte object &lt;10-00 68-00 40-00 04-00&gt;, __bfloat, 4-byte object &lt;00-00 00-00&gt;, 128B, 32B)" file="/opt/pytorch/nvfuser/tests/cpp/test_mma.cpp" line="958" status="run" result="skipped" time="0." timestamp="2025-05-20T07:58:27.896" classname="MmaTest/HopperSS">
      <skipped message="/opt/pytorch/nvfuser/tests/cpp/test_mma.cpp:967&#x0A;This test stores smem inputs on the inner dimension densely, which is not compatible with this macro and swizzle mode because TensorCore instructions span multiple swizzle patterns unevenly.&#x0A;"><![CDATA[/opt/pytorch/nvfuser/tests/cpp/test_mma.cpp:967
This test stores smem inputs on the inner dimension densely, which is not compatible with this macro and swizzle mode because TensorCore instructions span multiple swizzle patterns unevenly.
]]></skipped>
    </testcase>
    <testcase name="MultipleTile/Hopper_64_112_16_TT_NoSwizzle_NoSwizzle__half" value_param="(8-byte object &lt;10-00 70-00 40-00 04-00&gt;, __half, 4-byte object &lt;01-00 00-00&gt;, NoSwizzle, NoSwizzle)" file="/opt/pytorch/nvfuser/tests/cpp/test_mma.cpp" line="958" status="run" result="completed" time="0.414" timestamp="2025-05-20T07:58:27.896" classname="MmaTest/HopperSS" />
    <testcase name="MultipleTile/Hopper_64_112_16_TN_64B_64B__half" value_param="(8-byte object &lt;10-00 70-00 40-00 04-00&gt;, __half, 4-byte object &lt;02-00 00-00&gt;, 64B, 64B)" file="/opt/pytorch/nvfuser/tests/cpp/test_mma.cpp" line="958" status="run" result="completed" time="0.443" timestamp="2025-05-20T07:58:28.310" classname="MmaTest/HopperSS" />
    <testcase name="MultipleTile/Hopper_64_112_16_NT_128B_128B__half" value_param="(8-byte object &lt;10-00 70-00 40-00 04-00&gt;, __half, 4-byte object &lt;00-00 00-00&gt;, 128B, 128B)" file="/opt/pytorch/nvfuser/tests/cpp/test_mma.cpp" line="958" status="run" result="skipped" time="0." timestamp="2025-05-20T07:58:28.754" classname="MmaTest/HopperSS">
      <skipped message="/opt/pytorch/nvfuser/tests/cpp/test_mma.cpp:967&#x0A;This test stores smem inputs on the inner dimension densely, which is not compatible with this macro and swizzle mode because TensorCore instructions span multiple swizzle patterns unevenly.&#x0A;"><![CDATA[/opt/pytorch/nvfuser/tests/cpp/test_mma.cpp:967
This test stores smem inputs on the inner dimension densely, which is not compatible with this macro and swizzle mode because TensorCore instructions span multiple swizzle patterns unevenly.
]]></skipped>
    </testcase>
    <testcase name="MultipleTile/Hopper_64_112_16_TT_32B_32B__bfloat" value_param="(8-byte object &lt;10-00 70-00 40-00 04-00&gt;, __bfloat, 4-byte object &lt;01-00 00-00&gt;, 32B, 32B)" file="/opt/pytorch/nvfuser/tests/cpp/test_mma.cpp" line="958" status="run" result="completed" time="0.425" timestamp="2025-05-20T07:58:28.754" classname="MmaTest/HopperSS" />
    <testcase name="MultipleTile/Hopper_64_112_16_NT_NoSwizzle_32B__bfloat" value_param="(8-byte object &lt;10-00 70-00 40-00 04-00&gt;, __bfloat, 4-byte object &lt;00-00 00-00&gt;, NoSwizzle, 32B)" file="/opt/pytorch/nvfuser/tests/cpp/test_mma.cpp" line="958" status="run" result="completed" time="0.402" timestamp="2025-05-20T07:58:29.179" classname="MmaTest/HopperSS" />
    <testcase name="MultipleTile/Hopper_64_112_16_NN_32B_64B__bfloat" value_param="(8-byte object &lt;10-00 70-00 40-00 04-00&gt;, __bfloat, 4-byte object &lt;03-00 00-00&gt;, 32B, 64B)" file="/opt/pytorch/nvfuser/tests/cpp/test_mma.cpp" line="958" status="run" result="completed" time="0.454" timestamp="2025-05-20T07:58:29.582" classname="MmaTest/HopperSS" />
    <testcase name="MultipleTile/Hopper_64_120_16_TN_128B_64B__half" value_param="(8-byte object &lt;10-00 78-00 40-00 04-00&gt;, __half, 4-byte object &lt;02-00 00-00&gt;, 128B, 64B)" file="/opt/pytorch/nvfuser/tests/cpp/test_mma.cpp" line="958" status="run" result="completed" time="0.575" timestamp="2025-05-20T07:58:30.037" classname="MmaTest/HopperSS" />
    <testcase name="MultipleTile/Hopper_64_120_16_NN_32B_32B__half" value_param="(8-byte object &lt;10-00 78-00 40-00 04-00&gt;, __half, 4-byte object &lt;03-00 00-00&gt;, 32B, 32B)" file="/opt/pytorch/nvfuser/tests/cpp/test_mma.cpp" line="958" status="run" result="completed" time="0.442" timestamp="2025-05-20T07:58:30.612" classname="MmaTest/HopperSS" />
    <testcase name="MultipleTile/Hopper_64_120_16_TT_32B_32B__bfloat" value_param="(8-byte object &lt;10-00 78-00 40-00 04-00&gt;, __bfloat, 4-byte object &lt;01-00 00-00&gt;, 32B, 32B)" file="/opt/pytorch/nvfuser/tests/cpp/test_mma.cpp" line="958" status="run" result="skipped" time="0." timestamp="2025-05-20T07:58:31.055" classname="MmaTest/HopperSS">
      <skipped message="/opt/pytorch/nvfuser/tests/cpp/test_mma.cpp:967&#x0A;This test stores smem inputs on the inner dimension densely, which is not compatible with this macro and swizzle mode because TensorCore instructions span multiple swizzle patterns unevenly.&#x0A;"><![CDATA[/opt/pytorch/nvfuser/tests/cpp/test_mma.cpp:967
This test stores smem inputs on the inner dimension densely, which is not compatible with this macro and swizzle mode because TensorCore instructions span multiple swizzle patterns unevenly.
]]></skipped>
    </testcase>
    <testcase name="MultipleTile/Hopper_64_120_16_NT_NoSwizzle_NoSwizzle__bfloat" value_param="(8-byte object &lt;10-00 78-00 40-00 04-00&gt;, __bfloat, 4-byte object &lt;00-00 00-00&gt;, NoSwizzle, NoSwizzle)" file="/opt/pytorch/nvfuser/tests/cpp/test_mma.cpp" line="958" status="run" result="completed" time="0.438" timestamp="2025-05-20T07:58:31.055" classname="MmaTest/HopperSS" />
    <testcase name="MultipleTile/Hopper_64_120_16_NN_128B_64B__bfloat" value_param="(8-byte object &lt;10-00 78-00 40-00 04-00&gt;, __bfloat, 4-byte object &lt;03-00 00-00&gt;, 128B, 64B)" file="/opt/pytorch/nvfuser/tests/cpp/test_mma.cpp" line="958" status="run" result="completed" time="0.489" timestamp="2025-05-20T07:58:31.493" classname="MmaTest/HopperSS" />
    <testcase name="MultipleTile/Hopper_64_128_16_TN_128B_NoSwizzle__half" value_param="(8-byte object &lt;10-00 80-00 40-00 04-00&gt;, __half, 4-byte object &lt;02-00 00-00&gt;, 128B, NoSwizzle)" file="/opt/pytorch/nvfuser/tests/cpp/test_mma.cpp" line="958" status="run" result="completed" time="0.559" timestamp="2025-05-20T07:58:31.982" classname="MmaTest/HopperSS" />
    <testcase name="MultipleTile/Hopper_64_128_16_TT_128B_128B__bfloat" value_param="(8-byte object &lt;10-00 80-00 40-00 04-00&gt;, __bfloat, 4-byte object &lt;01-00 00-00&gt;, 128B, 128B)" file="/opt/pytorch/nvfuser/tests/cpp/test_mma.cpp" line="958" status="run" result="completed" time="0.597" timestamp="2025-05-20T07:58:32.542" classname="MmaTest/HopperSS" />
    <testcase name="MultipleTile/Hopper_64_128_16_TN_64B_32B__bfloat" value_param="(8-byte object &lt;10-00 80-00 40-00 04-00&gt;, __bfloat, 4-byte object &lt;02-00 00-00&gt;, 64B, 32B)" file="/opt/pytorch/nvfuser/tests/cpp/test_mma.cpp" line="958" status="run" result="completed" time="0.469" timestamp="2025-05-20T07:58:33.139" classname="MmaTest/HopperSS" />
    <testcase name="MultipleTile/Hopper_64_128_16_NN_64B_128B__bfloat" value_param="(8-byte object &lt;10-00 80-00 40-00 04-00&gt;, __bfloat, 4-byte object &lt;03-00 00-00&gt;, 64B, 128B)" file="/opt/pytorch/nvfuser/tests/cpp/test_mma.cpp" line="958" status="run" result="completed" time="0.741" timestamp="2025-05-20T07:58:33.609" classname="MmaTest/HopperSS" />
    <testcase name="MultipleTile/Hopper_64_136_16_TT_NoSwizzle_32B__half" value_param="(8-byte object &lt;10-00 88-00 40-00 04-00&gt;, __half, 4-byte object &lt;01-00 00-00&gt;, NoSwizzle, 32B)" file="/opt/pytorch/nvfuser/tests/cpp/test_mma.cpp" line="958" status="run" result="skipped" time="0." timestamp="2025-05-20T07:58:34.350" classname="MmaTest/HopperSS">
      <skipped message="/opt/pytorch/nvfuser/tests/cpp/test_mma.cpp:967&#x0A;This test stores smem inputs on the inner dimension densely, which is not compatible with this macro and swizzle mode because TensorCore instructions span multiple swizzle patterns unevenly.&#x0A;"><![CDATA[/opt/pytorch/nvfuser/tests/cpp/test_mma.cpp:967
This test stores smem inputs on the inner dimension densely, which is not compatible with this macro and swizzle mode because TensorCore instructions span multiple swizzle patterns unevenly.
]]></skipped>
    </testcase>
    <testcase name="MultipleTile/Hopper_64_136_16_TN_32B_128B__half" value_param="(8-byte object &lt;10-00 88-00 40-00 04-00&gt;, __half, 4-byte object &lt;02-00 00-00&gt;, 32B, 128B)" file="/opt/pytorch/nvfuser/tests/cpp/test_mma.cpp" line="958" status="run" result="completed" time="0.764" timestamp="2025-05-20T07:58:34.350" classname="MmaTest/HopperSS" />
    <testcase name="MultipleTile/Hopper_64_136_16_NN_NoSwizzle_32B__half" value_param="(8-byte object &lt;10-00 88-00 40-00 04-00&gt;, __half, 4-byte object &lt;03-00 00-00&gt;, NoSwizzle, 32B)" file="/opt/pytorch/nvfuser/tests/cpp/test_mma.cpp" line="958" status="run" result="completed" time="0.474" timestamp="2025-05-20T07:58:35.114" classname="MmaTest/HopperSS" />
    <testcase name="MultipleTile/Hopper_64_136_16_TT_128B_NoSwizzle__bfloat" value_param="(8-byte object &lt;10-00 88-00 40-00 04-00&gt;, __bfloat, 4-byte object &lt;01-00 00-00&gt;, 128B, NoSwizzle)" file="/opt/pytorch/nvfuser/tests/cpp/test_mma.cpp" line="958" status="run" result="completed" time="0.601" timestamp="2025-05-20T07:58:35.589" classname="MmaTest/HopperSS" />
    <testcase name="MultipleTile/Hopper_64_136_16_NT_64B_NoSwizzle__bfloat" value_param="(8-byte object &lt;10-00 88-00 40-00 04-00&gt;, __bfloat, 4-byte object &lt;00-00 00-00&gt;, 64B, NoSwizzle)" file="/opt/pytorch/nvfuser/tests/cpp/test_mma.cpp" line="958" status="run" result="completed" time="0.528" timestamp="2025-05-20T07:58:36.191" classname="MmaTest/HopperSS" />
    <testcase name="MultipleTile/Hopper_64_144_16_TT_NoSwizzle_NoSwizzle__half" value_param="(8-byte object &lt;10-00 90-00 40-00 04-00&gt;, __half, 4-byte object &lt;01-00 00-00&gt;, NoSwizzle, NoSwizzle)" file="/opt/pytorch/nvfuser/tests/cpp/test_mma.cpp" line="958" status="run" result="completed" time="0.517" timestamp="2025-05-20T07:58:36.719" classname="MmaTest/HopperSS" />
    <testcase name="MultipleTile/Hopper_64_144_16_TN_128B_NoSwizzle__half" value_param="(8-byte object &lt;10-00 90-00 40-00 04-00&gt;, __half, 4-byte object &lt;02-00 00-00&gt;, 128B, NoSwizzle)" file="/opt/pytorch/nvfuser/tests/cpp/test_mma.cpp" line="958" status="run" result="completed" time="0.617" timestamp="2025-05-20T07:58:37.237" classname="MmaTest/HopperSS" />
    <testcase name="MultipleTile/Hopper_64_144_16_NT_64B_32B__half" value_param="(8-byte object &lt;10-00 90-00 40-00 04-00&gt;, __half, 4-byte object &lt;00-00 00-00&gt;, 64B, 32B)" file="/opt/pytorch/nvfuser/tests/cpp/test_mma.cpp" line="958" status="run" result="completed" time="0.565" timestamp="2025-05-20T07:58:37.854" classname="MmaTest/HopperSS" />
    <testcase name="MultipleTile/Hopper_64_144_16_NN_NoSwizzle_32B__half" value_param="(8-byte object &lt;10-00 90-00 40-00 04-00&gt;, __half, 4-byte object &lt;03-00 00-00&gt;, NoSwizzle, 32B)" file="/opt/pytorch/nvfuser/tests/cpp/test_mma.cpp" line="958" status="run" result="completed" time="0.492" timestamp="2025-05-20T07:58:38.420" classname="MmaTest/HopperSS" />
    <testcase name="MultipleTile/Hopper_64_144_16_NT_128B_64B__bfloat" value_param="(8-byte object &lt;10-00 90-00 40-00 04-00&gt;, __bfloat, 4-byte object &lt;00-00 00-00&gt;, 128B, 64B)" file="/opt/pytorch/nvfuser/tests/cpp/test_mma.cpp" line="958" status="run" result="skipped" time="0." timestamp="2025-05-20T07:58:38.912" classname="MmaTest/HopperSS">
      <skipped message="/opt/pytorch/nvfuser/tests/cpp/test_mma.cpp:967&#x0A;This test stores smem inputs on the inner dimension densely, which is not compatible with this macro and swizzle mode because TensorCore instructions span multiple swizzle patterns unevenly.&#x0A;"><![CDATA[/opt/pytorch/nvfuser/tests/cpp/test_mma.cpp:967
This test stores smem inputs on the inner dimension densely, which is not compatible with this macro and swizzle mode because TensorCore instructions span multiple swizzle patterns unevenly.
]]></skipped>
    </testcase>
    <testcase name="MultipleTile/Hopper_64_144_16_NT_32B_64B__bfloat" value_param="(8-byte object &lt;10-00 90-00 40-00 04-00&gt;, __bfloat, 4-byte object &lt;00-00 00-00&gt;, 32B, 64B)" file="/opt/pytorch/nvfuser/tests/cpp/test_mma.cpp" line="958" status="run" result="skipped" time="0." timestamp="2025-05-20T07:58:38.912" classname="MmaTest/HopperSS">
      <skipped message="/opt/pytorch/nvfuser/tests/cpp/test_mma.cpp:967&#x0A;This test stores smem inputs on the inner dimension densely, which is not compatible with this macro and swizzle mode because TensorCore instructions span multiple swizzle patterns unevenly.&#x0A;"><![CDATA[/opt/pytorch/nvfuser/tests/cpp/test_mma.cpp:967
This test stores smem inputs on the inner dimension densely, which is not compatible with this macro and swizzle mode because TensorCore instructions span multiple swizzle patterns unevenly.
]]></skipped>
    </testcase>
    <testcase name="MultipleTile/Hopper_64_152_16_TT_NoSwizzle_NoSwizzle__half" value_param="(8-byte object &lt;10-00 98-00 40-00 04-00&gt;, __half, 4-byte object &lt;01-00 00-00&gt;, NoSwizzle, NoSwizzle)" file="/opt/pytorch/nvfuser/tests/cpp/test_mma.cpp" line="958" status="run" result="completed" time="0.546" timestamp="2025-05-20T07:58:38.912" classname="MmaTest/HopperSS" />
    <testcase name="MultipleTile/Hopper_64_152_16_TN_NoSwizzle_128B__half" value_param="(8-byte object &lt;10-00 98-00 40-00 04-00&gt;, __half, 4-byte object &lt;02-00 00-00&gt;, NoSwizzle, 128B)" file="/opt/pytorch/nvfuser/tests/cpp/test_mma.cpp" line="958" status="run" result="completed" time="0.815" timestamp="2025-05-20T07:58:39.459" classname="MmaTest/HopperSS" />
    <testcase name="MultipleTile/Hopper_64_152_16_NT_128B_NoSwizzle__half" value_param="(8-byte object &lt;10-00 98-00 40-00 04-00&gt;, __half, 4-byte object &lt;00-00 00-00&gt;, 128B, NoSwizzle)" file="/opt/pytorch/nvfuser/tests/cpp/test_mma.cpp" line="958" status="run" result="completed" time="0.571" timestamp="2025-05-20T07:58:40.274" classname="MmaTest/HopperSS" />
    <testcase name="MultipleTile/Hopper_64_152_16_NN_NoSwizzle_NoSwizzle__half" value_param="(8-byte object &lt;10-00 98-00 40-00 04-00&gt;, __half, 4-byte object &lt;03-00 00-00&gt;, NoSwizzle, NoSwizzle)" file="/opt/pytorch/nvfuser/tests/cpp/test_mma.cpp" line="958" status="run" result="completed" time="0.539" timestamp="2025-05-20T07:58:40.846" classname="MmaTest/HopperSS" />
    <testcase name="MultipleTile/Hopper_64_152_16_TN_NoSwizzle_NoSwizzle__bfloat" value_param="(8-byte object &lt;10-00 98-00 40-00 04-00&gt;, __bfloat, 4-byte object &lt;02-00 00-00&gt;, NoSwizzle, NoSwizzle)" file="/opt/pytorch/nvfuser/tests/cpp/test_mma.cpp" line="958" status="run" result="completed" time="0.535" timestamp="2025-05-20T07:58:41.385" classname="MmaTest/HopperSS" />
    <testcase name="MultipleTile/Hopper_64_152_16_NT_NoSwizzle_128B__bfloat" value_param="(8-byte object &lt;10-00 98-00 40-00 04-00&gt;, __bfloat, 4-byte object &lt;00-00 00-00&gt;, NoSwizzle, 128B)" file="/opt/pytorch/nvfuser/tests/cpp/test_mma.cpp" line="958" status="run" result="skipped" time="0." timestamp="2025-05-20T07:58:41.921" classname="MmaTest/HopperSS">
      <skipped message="/opt/pytorch/nvfuser/tests/cpp/test_mma.cpp:967&#x0A;This test stores smem inputs on the inner dimension densely, which is not compatible with this macro and swizzle mode because TensorCore instructions span multiple swizzle patterns unevenly.&#x0A;"><![CDATA[/opt/pytorch/nvfuser/tests/cpp/test_mma.cpp:967
This test stores smem inputs on the inner dimension densely, which is not compatible with this macro and swizzle mode because TensorCore instructions span multiple swizzle patterns unevenly.
]]></skipped>
    </testcase>
    <testcase name="MultipleTile/Hopper_64_152_16_NT_32B_NoSwizzle__bfloat" value_param="(8-byte object &lt;10-00 98-00 40-00 04-00&gt;, __bfloat, 4-byte object &lt;00-00 00-00&gt;, 32B, NoSwizzle)" file="/opt/pytorch/nvfuser/tests/cpp/test_mma.cpp" line="958" status="run" result="completed" time="0.575" timestamp="2025-05-20T07:58:41.921" classname="MmaTest/HopperSS" />
    <testcase name="MultipleTile/Hopper_64_160_16_TT_NoSwizzle_NoSwizzle__half" value_param="(8-byte object &lt;10-00 A0-00 40-00 04-00&gt;, __half, 4-byte object &lt;01-00 00-00&gt;, NoSwizzle, NoSwizzle)" file="/opt/pytorch/nvfuser/tests/cpp/test_mma.cpp" line="958" status="run" result="completed" time="0.573" timestamp="2025-05-20T07:58:42.496" classname="MmaTest/HopperSS" />
    <testcase name="MultipleTile/Hopper_64_160_16_TT_64B_64B__half" value_param="(8-byte object &lt;10-00 A0-00 40-00 04-00&gt;, __half, 4-byte object &lt;01-00 00-00&gt;, 64B, 64B)" file="/opt/pytorch/nvfuser/tests/cpp/test_mma.cpp" line="958" status="run" result="completed" time="0.64" timestamp="2025-05-20T07:58:43.070" classname="MmaTest/HopperSS" />
    <testcase name="MultipleTile/Hopper_64_160_16_NT_NoSwizzle_128B__half" value_param="(8-byte object &lt;10-00 A0-00 40-00 04-00&gt;, __half, 4-byte object &lt;00-00 00-00&gt;, NoSwizzle, 128B)" file="/opt/pytorch/nvfuser/tests/cpp/test_mma.cpp" line="958" status="run" result="skipped" time="0." timestamp="2025-05-20T07:58:43.710" classname="MmaTest/HopperSS">
      <skipped message="/opt/pytorch/nvfuser/tests/cpp/test_mma.cpp:967&#x0A;This test stores smem inputs on the inner dimension densely, which is not compatible with this macro and swizzle mode because TensorCore instructions span multiple swizzle patterns unevenly.&#x0A;"><![CDATA[/opt/pytorch/nvfuser/tests/cpp/test_mma.cpp:967
This test stores smem inputs on the inner dimension densely, which is not compatible with this macro and swizzle mode because TensorCore instructions span multiple swizzle patterns unevenly.
]]></skipped>
    </testcase>
    <testcase name="MultipleTile/Hopper_64_160_16_NT_32B_NoSwizzle__half" value_param="(8-byte object &lt;10-00 A0-00 40-00 04-00&gt;, __half, 4-byte object &lt;00-00 00-00&gt;, 32B, NoSwizzle)" file="/opt/pytorch/nvfuser/tests/cpp/test_mma.cpp" line="958" status="run" result="completed" time="0.614" timestamp="2025-05-20T07:58:43.710" classname="MmaTest/HopperSS" />
    <testcase name="MultipleTile/Hopper_64_160_16_TN_128B_32B__bfloat" value_param="(8-byte object &lt;10-00 A0-00 40-00 04-00&gt;, __bfloat, 4-byte object &lt;02-00 00-00&gt;, 128B, 32B)" file="/opt/pytorch/nvfuser/tests/cpp/test_mma.cpp" line="958" status="run" result="completed" time="0.646" timestamp="2025-05-20T07:58:44.325" classname="MmaTest/HopperSS" />
    <testcase name="MultipleTile/Hopper_64_160_16_NT_64B_32B__bfloat" value_param="(8-byte object &lt;10-00 A0-00 40-00 04-00&gt;, __bfloat, 4-byte object &lt;00-00 00-00&gt;, 64B, 32B)" file="/opt/pytorch/nvfuser/tests/cpp/test_mma.cpp" line="958" status="run" result="completed" time="0.588" timestamp="2025-05-20T07:58:44.972" classname="MmaTest/HopperSS" />
    <testcase name="MultipleTile/Hopper_64_160_16_NN_64B_64B__bfloat" value_param="(8-byte object &lt;10-00 A0-00 40-00 04-00&gt;, __bfloat, 4-byte object &lt;03-00 00-00&gt;, 64B, 64B)" file="/opt/pytorch/nvfuser/tests/cpp/test_mma.cpp" line="958" status="run" result="completed" time="0.634" timestamp="2025-05-20T07:58:45.561" classname="MmaTest/HopperSS" />
    <testcase name="MultipleTile/Hopper_64_168_16_TT_NoSwizzle_128B__half" value_param="(8-byte object &lt;10-00 A8-00 40-00 04-00&gt;, __half, 4-byte object &lt;01-00 00-00&gt;, NoSwizzle, 128B)" file="/opt/pytorch/nvfuser/tests/cpp/test_mma.cpp" line="958" status="run" result="skipped" time="0." timestamp="2025-05-20T07:58:46.196" classname="MmaTest/HopperSS">
      <skipped message="/opt/pytorch/nvfuser/tests/cpp/test_mma.cpp:967&#x0A;This test stores smem inputs on the inner dimension densely, which is not compatible with this macro and swizzle mode because TensorCore instructions span multiple swizzle patterns unevenly.&#x0A;"><![CDATA[/opt/pytorch/nvfuser/tests/cpp/test_mma.cpp:967
This test stores smem inputs on the inner dimension densely, which is not compatible with this macro and swizzle mode because TensorCore instructions span multiple swizzle patterns unevenly.
]]></skipped>
    </testcase>
    <testcase name="MultipleTile/Hopper_64_168_16_TN_128B_32B__half" value_param="(8-byte object &lt;10-00 A8-00 40-00 04-00&gt;, __half, 4-byte object &lt;02-00 00-00&gt;, 128B, 32B)" file="/opt/pytorch/nvfuser/tests/cpp/test_mma.cpp" line="958" status="run" result="completed" time="0.673" timestamp="2025-05-20T07:58:46.196" classname="MmaTest/HopperSS" />
    <testcase name="MultipleTile/Hopper_64_168_16_NT_128B_32B__half" value_param="(8-byte object &lt;10-00 A8-00 40-00 04-00&gt;, __half, 4-byte object &lt;00-00 00-00&gt;, 128B, 32B)" file="/opt/pytorch/nvfuser/tests/cpp/test_mma.cpp" line="958" status="run" result="skipped" time="0." timestamp="2025-05-20T07:58:46.869" classname="MmaTest/HopperSS">
      <skipped message="/opt/pytorch/nvfuser/tests/cpp/test_mma.cpp:967&#x0A;This test stores smem inputs on the inner dimension densely, which is not compatible with this macro and swizzle mode because TensorCore instructions span multiple swizzle patterns unevenly.&#x0A;"><![CDATA[/opt/pytorch/nvfuser/tests/cpp/test_mma.cpp:967
This test stores smem inputs on the inner dimension densely, which is not compatible with this macro and swizzle mode because TensorCore instructions span multiple swizzle patterns unevenly.
]]></skipped>
    </testcase>
    <testcase name="MultipleTile/Hopper_64_168_16_NN_128B_128B__half" value_param="(8-byte object &lt;10-00 A8-00 40-00 04-00&gt;, __half, 4-byte object &lt;03-00 00-00&gt;, 128B, 128B)" file="/opt/pytorch/nvfuser/tests/cpp/test_mma.cpp" line="958" status="run" result="completed" time="0.976" timestamp="2025-05-20T07:58:46.869" classname="MmaTest/HopperSS" />
    <testcase name="MultipleTile/Hopper_64_168_16_TT_NoSwizzle_32B__bfloat" value_param="(8-byte object &lt;10-00 A8-00 40-00 04-00&gt;, __bfloat, 4-byte object &lt;01-00 00-00&gt;, NoSwizzle, 32B)" file="/opt/pytorch/nvfuser/tests/cpp/test_mma.cpp" line="958" status="run" result="skipped" time="0." timestamp="2025-05-20T07:58:47.846" classname="MmaTest/HopperSS">
      <skipped message="/opt/pytorch/nvfuser/tests/cpp/test_mma.cpp:967&#x0A;This test stores smem inputs on the inner dimension densely, which is not compatible with this macro and swizzle mode because TensorCore instructions span multiple swizzle patterns unevenly.&#x0A;"><![CDATA[/opt/pytorch/nvfuser/tests/cpp/test_mma.cpp:967
This test stores smem inputs on the inner dimension densely, which is not compatible with this macro and swizzle mode because TensorCore instructions span multiple swizzle patterns unevenly.
]]></skipped>
    </testcase>
    <testcase name="MultipleTile/Hopper_64_168_16_TN_NoSwizzle_128B__bfloat" value_param="(8-byte object &lt;10-00 A8-00 40-00 04-00&gt;, __bfloat, 4-byte object &lt;02-00 00-00&gt;, NoSwizzle, 128B)" file="/opt/pytorch/nvfuser/tests/cpp/test_mma.cpp" line="958" status="run" result="completed" time="0.925" timestamp="2025-05-20T07:58:47.846" classname="MmaTest/HopperSS" />
    <testcase name="MultipleTile/Hopper_64_168_16_NN_128B_128B__bfloat" value_param="(8-byte object &lt;10-00 A8-00 40-00 04-00&gt;, __bfloat, 4-byte object &lt;03-00 00-00&gt;, 128B, 128B)" file="/opt/pytorch/nvfuser/tests/cpp/test_mma.cpp" line="958" status="run" result="completed" time="1.052" timestamp="2025-05-20T07:58:48.772" classname="MmaTest/HopperSS" />
    <testcase name="MultipleTile/Hopper_64_176_16_TN_NoSwizzle_64B__half" value_param="(8-byte object &lt;10-00 B0-00 40-00 04-00&gt;, __half, 4-byte object &lt;02-00 00-00&gt;, NoSwizzle, 64B)" file="/opt/pytorch/nvfuser/tests/cpp/test_mma.cpp" line="958" status="run" result="completed" time="0.675" timestamp="2025-05-20T07:58:49.824" classname="MmaTest/HopperSS" />
    <testcase name="MultipleTile/Hopper_64_176_16_NN_NoSwizzle_64B__half" value_param="(8-byte object &lt;10-00 B0-00 40-00 04-00&gt;, __half, 4-byte object &lt;03-00 00-00&gt;, NoSwizzle, 64B)" file="/opt/pytorch/nvfuser/tests/cpp/test_mma.cpp" line="958" status="run" result="completed" time="0.688" timestamp="2025-05-20T07:58:50.499" classname="MmaTest/HopperSS" />
    <testcase name="MultipleTile/Hopper_64_176_16_TT_128B_128B__bfloat" value_param="(8-byte object &lt;10-00 B0-00 40-00 04-00&gt;, __bfloat, 4-byte object &lt;01-00 00-00&gt;, 128B, 128B)" file="/opt/pytorch/nvfuser/tests/cpp/test_mma.cpp" line="958" status="run" result="skipped" time="0." timestamp="2025-05-20T07:58:51.188" classname="MmaTest/HopperSS">
      <skipped message="/opt/pytorch/nvfuser/tests/cpp/test_mma.cpp:967&#x0A;This test stores smem inputs on the inner dimension densely, which is not compatible with this macro and swizzle mode because TensorCore instructions span multiple swizzle patterns unevenly.&#x0A;"><![CDATA[/opt/pytorch/nvfuser/tests/cpp/test_mma.cpp:967
This test stores smem inputs on the inner dimension densely, which is not compatible with this macro and swizzle mode because TensorCore instructions span multiple swizzle patterns unevenly.
]]></skipped>
    </testcase>
    <testcase name="MultipleTile/Hopper_64_176_16_TN_64B_NoSwizzle__bfloat" value_param="(8-byte object &lt;10-00 B0-00 40-00 04-00&gt;, __bfloat, 4-byte object &lt;02-00 00-00&gt;, 64B, NoSwizzle)" file="/opt/pytorch/nvfuser/tests/cpp/test_mma.cpp" line="958" status="run" result="completed" time="0.63" timestamp="2025-05-20T07:58:51.188" classname="MmaTest/HopperSS" />
    <testcase name="MultipleTile/Hopper_64_176_16_NT_32B_NoSwizzle__bfloat" value_param="(8-byte object &lt;10-00 B0-00 40-00 04-00&gt;, __bfloat, 4-byte object &lt;00-00 00-00&gt;, 32B, NoSwizzle)" file="/opt/pytorch/nvfuser/tests/cpp/test_mma.cpp" line="958" status="run" result="completed" time="0.679" timestamp="2025-05-20T07:58:51.819" classname="MmaTest/HopperSS" />
    <testcase name="MultipleTile/Hopper_64_176_16_NN_32B_64B__bfloat" value_param="(8-byte object &lt;10-00 B0-00 40-00 04-00&gt;, __bfloat, 4-byte object &lt;03-00 00-00&gt;, 32B, 64B)" file="/opt/pytorch/nvfuser/tests/cpp/test_mma.cpp" line="958" status="run" result="completed" time="0.699" timestamp="2025-05-20T07:58:52.498" classname="MmaTest/HopperSS" />
    <testcase name="MultipleTile/Hopper_64_184_16_TT_64B_NoSwizzle__half" value_param="(8-byte object &lt;10-00 B8-00 40-00 04-00&gt;, __half, 4-byte object &lt;01-00 00-00&gt;, 64B, NoSwizzle)" file="/opt/pytorch/nvfuser/tests/cpp/test_mma.cpp" line="958" status="run" result="completed" time="0.721" timestamp="2025-05-20T07:58:53.198" classname="MmaTest/HopperSS" />
    <testcase name="MultipleTile/Hopper_64_184_16_NT_NoSwizzle_NoSwizzle__half" value_param="(8-byte object &lt;10-00 B8-00 40-00 04-00&gt;, __half, 4-byte object &lt;00-00 00-00&gt;, NoSwizzle, NoSwizzle)" file="/opt/pytorch/nvfuser/tests/cpp/test_mma.cpp" line="958" status="run" result="completed" time="0.704" timestamp="2025-05-20T07:58:53.919" classname="MmaTest/HopperSS" />
    <testcase name="MultipleTile/Hopper_64_184_16_TT_64B_NoSwizzle__bfloat" value_param="(8-byte object &lt;10-00 B8-00 40-00 04-00&gt;, __bfloat, 4-byte object &lt;01-00 00-00&gt;, 64B, NoSwizzle)" file="/opt/pytorch/nvfuser/tests/cpp/test_mma.cpp" line="958" status="run" result="completed" time="0.726" timestamp="2025-05-20T07:58:54.624" classname="MmaTest/HopperSS" />
    <testcase name="MultipleTile/Hopper_64_184_16_TN_128B_64B__bfloat" value_param="(8-byte object &lt;10-00 B8-00 40-00 04-00&gt;, __bfloat, 4-byte object &lt;02-00 00-00&gt;, 128B, 64B)" file="/opt/pytorch/nvfuser/tests/cpp/test_mma.cpp" line="958" status="run" result="completed" time="0.854" timestamp="2025-05-20T07:58:55.351" classname="MmaTest/HopperSS" />
    <testcase name="MultipleTile/Hopper_64_184_16_NN_64B_NoSwizzle__bfloat" value_param="(8-byte object &lt;10-00 B8-00 40-00 04-00&gt;, __bfloat, 4-byte object &lt;03-00 00-00&gt;, 64B, NoSwizzle)" file="/opt/pytorch/nvfuser/tests/cpp/test_mma.cpp" line="958" status="run" result="completed" time="0.704" timestamp="2025-05-20T07:58:56.205" classname="MmaTest/HopperSS" />
    <testcase name="MultipleTile/Hopper_64_192_16_TT_64B_128B__half" value_param="(8-byte object &lt;10-00 C0-00 40-00 04-00&gt;, __half, 4-byte object &lt;01-00 00-00&gt;, 64B, 128B)" file="/opt/pytorch/nvfuser/tests/cpp/test_mma.cpp" line="958" status="run" result="completed" time="0.789" timestamp="2025-05-20T07:58:56.910" classname="MmaTest/HopperSS" />
    <testcase name="MultipleTile/Hopper_64_192_16_NN_32B_128B__half" value_param="(8-byte object &lt;10-00 C0-00 40-00 04-00&gt;, __half, 4-byte object &lt;03-00 00-00&gt;, 32B, 128B)" file="/opt/pytorch/nvfuser/tests/cpp/test_mma.cpp" line="958" status="run" result="completed" time="1.113" timestamp="2025-05-20T07:58:57.699" classname="MmaTest/HopperSS" />
    <testcase name="MultipleTile/Hopper_64_192_16_TT_32B_128B__bfloat" value_param="(8-byte object &lt;10-00 C0-00 40-00 04-00&gt;, __bfloat, 4-byte object &lt;01-00 00-00&gt;, 32B, 128B)" file="/opt/pytorch/nvfuser/tests/cpp/test_mma.cpp" line="958" status="run" result="completed" time="0.776" timestamp="2025-05-20T07:58:58.813" classname="MmaTest/HopperSS" />
    <testcase name="MultipleTile/Hopper_64_200_16_TT_NoSwizzle_NoSwizzle__half" value_param="(8-byte object &lt;10-00 C8-00 40-00 04-00&gt;, __half, 4-byte object &lt;01-00 00-00&gt;, NoSwizzle, NoSwizzle)" file="/opt/pytorch/nvfuser/tests/cpp/test_mma.cpp" line="958" status="run" result="completed" time="0.755" timestamp="2025-05-20T07:58:59.590" classname="MmaTest/HopperSS" />
    <testcase name="MultipleTile/Hopper_64_200_16_NT_NoSwizzle_128B__half" value_param="(8-byte object &lt;10-00 C8-00 40-00 04-00&gt;, __half, 4-byte object &lt;00-00 00-00&gt;, NoSwizzle, 128B)" file="/opt/pytorch/nvfuser/tests/cpp/test_mma.cpp" line="958" status="run" result="skipped" time="0." timestamp="2025-05-20T07:59:00.346" classname="MmaTest/HopperSS">
      <skipped message="/opt/pytorch/nvfuser/tests/cpp/test_mma.cpp:967&#x0A;This test stores smem inputs on the inner dimension densely, which is not compatible with this macro and swizzle mode because TensorCore instructions span multiple swizzle patterns unevenly.&#x0A;"><![CDATA[/opt/pytorch/nvfuser/tests/cpp/test_mma.cpp:967
This test stores smem inputs on the inner dimension densely, which is not compatible with this macro and swizzle mode because TensorCore instructions span multiple swizzle patterns unevenly.
]]></skipped>
    </testcase>
    <testcase name="MultipleTile/Hopper_64_200_16_NN_NoSwizzle_128B__half" value_param="(8-byte object &lt;10-00 C8-00 40-00 04-00&gt;, __half, 4-byte object &lt;03-00 00-00&gt;, NoSwizzle, 128B)" file="/opt/pytorch/nvfuser/tests/cpp/test_mma.cpp" line="958" status="run" result="completed" time="1.15" timestamp="2025-05-20T07:59:00.346" classname="MmaTest/HopperSS" />
    <testcase name="MultipleTile/Hopper_64_200_16_TN_NoSwizzle_32B__bfloat" value_param="(8-byte object &lt;10-00 C8-00 40-00 04-00&gt;, __bfloat, 4-byte object &lt;02-00 00-00&gt;, NoSwizzle, 32B)" file="/opt/pytorch/nvfuser/tests/cpp/test_mma.cpp" line="958" status="run" result="completed" time="0.621" timestamp="2025-05-20T07:59:01.496" classname="MmaTest/HopperSS" />
    <testcase name="MultipleTile/Hopper_64_200_16_NN_64B_128B__bfloat" value_param="(8-byte object &lt;10-00 C8-00 40-00 04-00&gt;, __bfloat, 4-byte object &lt;03-00 00-00&gt;, 64B, 128B)" file="/opt/pytorch/nvfuser/tests/cpp/test_mma.cpp" line="958" status="run" result="completed" time="1.193" timestamp="2025-05-20T07:59:02.118" classname="MmaTest/HopperSS" />
    <testcase name="MultipleTile/Hopper_64_208_16_TT_NoSwizzle_32B__half" value_param="(8-byte object &lt;10-00 D0-00 40-00 04-00&gt;, __half, 4-byte object &lt;01-00 00-00&gt;, NoSwizzle, 32B)" file="/opt/pytorch/nvfuser/tests/cpp/test_mma.cpp" line="958" status="run" result="completed" time="0.662" timestamp="2025-05-20T07:59:03.312" classname="MmaTest/HopperSS" />
    <testcase name="MultipleTile/Hopper_64_208_16_TN_32B_32B__half" value_param="(8-byte object &lt;10-00 D0-00 40-00 04-00&gt;, __half, 4-byte object &lt;02-00 00-00&gt;, 32B, 32B)" file="/opt/pytorch/nvfuser/tests/cpp/test_mma.cpp" line="958" status="run" result="completed" time="0.667" timestamp="2025-05-20T07:59:03.974" classname="MmaTest/HopperSS" />
    <testcase name="MultipleTile/Hopper_64_208_16_TT_128B_NoSwizzle__bfloat" value_param="(8-byte object &lt;10-00 D0-00 40-00 04-00&gt;, __bfloat, 4-byte object &lt;01-00 00-00&gt;, 128B, NoSwizzle)" file="/opt/pytorch/nvfuser/tests/cpp/test_mma.cpp" line="958" status="run" result="completed" time="0.917" timestamp="2025-05-20T07:59:04.641" classname="MmaTest/HopperSS" />
    <testcase name="MultipleTile/Hopper_64_208_16_TT_32B_128B__bfloat" value_param="(8-byte object &lt;10-00 D0-00 40-00 04-00&gt;, __bfloat, 4-byte object &lt;01-00 00-00&gt;, 32B, 128B)" file="/opt/pytorch/nvfuser/tests/cpp/test_mma.cpp" line="958" status="run" result="skipped" time="0." timestamp="2025-05-20T07:59:05.558" classname="MmaTest/HopperSS">
      <skipped message="/opt/pytorch/nvfuser/tests/cpp/test_mma.cpp:967&#x0A;This test stores smem inputs on the inner dimension densely, which is not compatible with this macro and swizzle mode because TensorCore instructions span multiple swizzle patterns unevenly.&#x0A;"><![CDATA[/opt/pytorch/nvfuser/tests/cpp/test_mma.cpp:967
This test stores smem inputs on the inner dimension densely, which is not compatible with this macro and swizzle mode because TensorCore instructions span multiple swizzle patterns unevenly.
]]></skipped>
    </testcase>
    <testcase name="MultipleTile/Hopper_64_208_16_TN_64B_32B__bfloat" value_param="(8-byte object &lt;10-00 D0-00 40-00 04-00&gt;, __bfloat, 4-byte object &lt;02-00 00-00&gt;, 64B, 32B)" file="/opt/pytorch/nvfuser/tests/cpp/test_mma.cpp" line="958" status="run" result="completed" time="0.688" timestamp="2025-05-20T07:59:05.558" classname="MmaTest/HopperSS" />
    <testcase name="MultipleTile/Hopper_64_208_16_NN_32B_64B__bfloat" value_param="(8-byte object &lt;10-00 D0-00 40-00 04-00&gt;, __bfloat, 4-byte object &lt;03-00 00-00&gt;, 32B, 64B)" file="/opt/pytorch/nvfuser/tests/cpp/test_mma.cpp" line="958" status="run" result="completed" time="0.844" timestamp="2025-05-20T07:59:06.247" classname="MmaTest/HopperSS" />
    <testcase name="MultipleTile/Hopper_64_216_16_TT_64B_32B__half" value_param="(8-byte object &lt;10-00 D8-00 40-00 04-00&gt;, __half, 4-byte object &lt;01-00 00-00&gt;, 64B, 32B)" file="/opt/pytorch/nvfuser/tests/cpp/test_mma.cpp" line="958" status="run" result="skipped" time="0." timestamp="2025-05-20T07:59:07.092" classname="MmaTest/HopperSS">
      <skipped message="/opt/pytorch/nvfuser/tests/cpp/test_mma.cpp:967&#x0A;This test stores smem inputs on the inner dimension densely, which is not compatible with this macro and swizzle mode because TensorCore instructions span multiple swizzle patterns unevenly.&#x0A;"><![CDATA[/opt/pytorch/nvfuser/tests/cpp/test_mma.cpp:967
This test stores smem inputs on the inner dimension densely, which is not compatible with this macro and swizzle mode because TensorCore instructions span multiple swizzle patterns unevenly.
]]></skipped>
    </testcase>
    <testcase name="MultipleTile/Hopper_64_216_16_TN_64B_32B__half" value_param="(8-byte object &lt;10-00 D8-00 40-00 04-00&gt;, __half, 4-byte object &lt;02-00 00-00&gt;, 64B, 32B)" file="/opt/pytorch/nvfuser/tests/cpp/test_mma.cpp" line="958" status="run" result="completed" time="0.711" timestamp="2025-05-20T07:59:07.092" classname="MmaTest/HopperSS" />
    <testcase name="MultipleTile/Hopper_64_216_16_TT_128B_64B__bfloat" value_param="(8-byte object &lt;10-00 D8-00 40-00 04-00&gt;, __bfloat, 4-byte object &lt;01-00 00-00&gt;, 128B, 64B)" file="/opt/pytorch/nvfuser/tests/cpp/test_mma.cpp" line="958" status="run" result="skipped" time="0." timestamp="2025-05-20T07:59:07.803" classname="MmaTest/HopperSS">
      <skipped message="/opt/pytorch/nvfuser/tests/cpp/test_mma.cpp:967&#x0A;This test stores smem inputs on the inner dimension densely, which is not compatible with this macro and swizzle mode because TensorCore instructions span multiple swizzle patterns unevenly.&#x0A;"><![CDATA[/opt/pytorch/nvfuser/tests/cpp/test_mma.cpp:967
This test stores smem inputs on the inner dimension densely, which is not compatible with this macro and swizzle mode because TensorCore instructions span multiple swizzle patterns unevenly.
]]></skipped>
    </testcase>
    <testcase name="MultipleTile/Hopper_64_216_16_NT_NoSwizzle_128B__bfloat" value_param="(8-byte object &lt;10-00 D8-00 40-00 04-00&gt;, __bfloat, 4-byte object &lt;00-00 00-00&gt;, NoSwizzle, 128B)" file="/opt/pytorch/nvfuser/tests/cpp/test_mma.cpp" line="958" status="run" result="skipped" time="0." timestamp="2025-05-20T07:59:07.803" classname="MmaTest/HopperSS">
      <skipped message="/opt/pytorch/nvfuser/tests/cpp/test_mma.cpp:967&#x0A;This test stores smem inputs on the inner dimension densely, which is not compatible with this macro and swizzle mode because TensorCore instructions span multiple swizzle patterns unevenly.&#x0A;"><![CDATA[/opt/pytorch/nvfuser/tests/cpp/test_mma.cpp:967
This test stores smem inputs on the inner dimension densely, which is not compatible with this macro and swizzle mode because TensorCore instructions span multiple swizzle patterns unevenly.
]]></skipped>
    </testcase>
    <testcase name="MultipleTile/Hopper_64_224_16_TT_NoSwizzle_128B__half" value_param="(8-byte object &lt;10-00 E0-00 40-00 04-00&gt;, __half, 4-byte object &lt;01-00 00-00&gt;, NoSwizzle, 128B)" file="/opt/pytorch/nvfuser/tests/cpp/test_mma.cpp" line="958" status="run" result="skipped" time="0." timestamp="2025-05-20T07:59:07.803" classname="MmaTest/HopperSS">
      <skipped message="/opt/pytorch/nvfuser/tests/cpp/test_mma.cpp:967&#x0A;This test stores smem inputs on the inner dimension densely, which is not compatible with this macro and swizzle mode because TensorCore instructions span multiple swizzle patterns unevenly.&#x0A;"><![CDATA[/opt/pytorch/nvfuser/tests/cpp/test_mma.cpp:967
This test stores smem inputs on the inner dimension densely, which is not compatible with this macro and swizzle mode because TensorCore instructions span multiple swizzle patterns unevenly.
]]></skipped>
    </testcase>
    <testcase name="MultipleTile/Hopper_64_224_16_NN_64B_128B__half" value_param="(8-byte object &lt;10-00 E0-00 40-00 04-00&gt;, __half, 4-byte object &lt;03-00 00-00&gt;, 64B, 128B)" file="/opt/pytorch/nvfuser/tests/cpp/test_mma.cpp" line="958" status="run" result="completed" time="1.404" timestamp="2025-05-20T07:59:07.803" classname="MmaTest/HopperSS" />
    <testcase name="MultipleTile/Hopper_64_224_16_TT_32B_64B__bfloat" value_param="(8-byte object &lt;10-00 E0-00 40-00 04-00&gt;, __bfloat, 4-byte object &lt;01-00 00-00&gt;, 32B, 64B)" file="/opt/pytorch/nvfuser/tests/cpp/test_mma.cpp" line="958" status="run" result="completed" time="0.954" timestamp="2025-05-20T07:59:09.208" classname="MmaTest/HopperSS" />
    <testcase name="MultipleTile/Hopper_64_224_16_TN_NoSwizzle_64B__bfloat" value_param="(8-byte object &lt;10-00 E0-00 40-00 04-00&gt;, __bfloat, 4-byte object &lt;02-00 00-00&gt;, NoSwizzle, 64B)" file="/opt/pytorch/nvfuser/tests/cpp/test_mma.cpp" line="958" status="run" result="completed" time="0.911" timestamp="2025-05-20T07:59:10.163" classname="MmaTest/HopperSS" />
    <testcase name="MultipleTile/Hopper_64_224_16_NT_NoSwizzle_128B__bfloat" value_param="(8-byte object &lt;10-00 E0-00 40-00 04-00&gt;, __bfloat, 4-byte object &lt;00-00 00-00&gt;, NoSwizzle, 128B)" file="/opt/pytorch/nvfuser/tests/cpp/test_mma.cpp" line="958" status="run" result="skipped" time="0." timestamp="2025-05-20T07:59:11.074" classname="MmaTest/HopperSS">
      <skipped message="/opt/pytorch/nvfuser/tests/cpp/test_mma.cpp:967&#x0A;This test stores smem inputs on the inner dimension densely, which is not compatible with this macro and swizzle mode because TensorCore instructions span multiple swizzle patterns unevenly.&#x0A;"><![CDATA[/opt/pytorch/nvfuser/tests/cpp/test_mma.cpp:967
This test stores smem inputs on the inner dimension densely, which is not compatible with this macro and swizzle mode because TensorCore instructions span multiple swizzle patterns unevenly.
]]></skipped>
    </testcase>
    <testcase name="MultipleTile/Hopper_64_224_16_NN_64B_32B__bfloat" value_param="(8-byte object &lt;10-00 E0-00 40-00 04-00&gt;, __bfloat, 4-byte object &lt;03-00 00-00&gt;, 64B, 32B)" file="/opt/pytorch/nvfuser/tests/cpp/test_mma.cpp" line="958" status="run" result="completed" time="0.755" timestamp="2025-05-20T07:59:11.074" classname="MmaTest/HopperSS" />
    <testcase name="MultipleTile/Hopper_64_232_16_TT_NoSwizzle_64B__half" value_param="(8-byte object &lt;10-00 E8-00 40-00 04-00&gt;, __half, 4-byte object &lt;01-00 00-00&gt;, NoSwizzle, 64B)" file="/opt/pytorch/nvfuser/tests/cpp/test_mma.cpp" line="958" status="run" result="skipped" time="0." timestamp="2025-05-20T07:59:11.830" classname="MmaTest/HopperSS">
      <skipped message="/opt/pytorch/nvfuser/tests/cpp/test_mma.cpp:967&#x0A;This test stores smem inputs on the inner dimension densely, which is not compatible with this macro and swizzle mode because TensorCore instructions span multiple swizzle patterns unevenly.&#x0A;"><![CDATA[/opt/pytorch/nvfuser/tests/cpp/test_mma.cpp:967
This test stores smem inputs on the inner dimension densely, which is not compatible with this macro and swizzle mode because TensorCore instructions span multiple swizzle patterns unevenly.
]]></skipped>
    </testcase>
    <testcase name="MultipleTile/Hopper_64_232_16_TN_32B_NoSwizzle__half" value_param="(8-byte object &lt;10-00 E8-00 40-00 04-00&gt;, __half, 4-byte object &lt;02-00 00-00&gt;, 32B, NoSwizzle)" file="/opt/pytorch/nvfuser/tests/cpp/test_mma.cpp" line="958" status="run" result="completed" time="0.922" timestamp="2025-05-20T07:59:11.830" classname="MmaTest/HopperSS" />
    <testcase name="MultipleTile/Hopper_64_232_16_NT_64B_128B__half" value_param="(8-byte object &lt;10-00 E8-00 40-00 04-00&gt;, __half, 4-byte object &lt;00-00 00-00&gt;, 64B, 128B)" file="/opt/pytorch/nvfuser/tests/cpp/test_mma.cpp" line="958" status="run" result="skipped" time="0." timestamp="2025-05-20T07:59:12.753" classname="MmaTest/HopperSS">
      <skipped message="/opt/pytorch/nvfuser/tests/cpp/test_mma.cpp:967&#x0A;This test stores smem inputs on the inner dimension densely, which is not compatible with this macro and swizzle mode because TensorCore instructions span multiple swizzle patterns unevenly.&#x0A;"><![CDATA[/opt/pytorch/nvfuser/tests/cpp/test_mma.cpp:967
This test stores smem inputs on the inner dimension densely, which is not compatible with this macro and swizzle mode because TensorCore instructions span multiple swizzle patterns unevenly.
]]></skipped>
    </testcase>
    <testcase name="MultipleTile/Hopper_64_232_16_NN_128B_128B__half" value_param="(8-byte object &lt;10-00 E8-00 40-00 04-00&gt;, __half, 4-byte object &lt;03-00 00-00&gt;, 128B, 128B)" file="/opt/pytorch/nvfuser/tests/cpp/test_mma.cpp" line="958" status="run" result="completed" time="1.493" timestamp="2025-05-20T07:59:12.753" classname="MmaTest/HopperSS" />
    <testcase name="MultipleTile/Hopper_64_232_16_TT_128B_NoSwizzle__bfloat" value_param="(8-byte object &lt;10-00 E8-00 40-00 04-00&gt;, __bfloat, 4-byte object &lt;01-00 00-00&gt;, 128B, NoSwizzle)" file="/opt/pytorch/nvfuser/tests/cpp/test_mma.cpp" line="958" status="run" result="completed" time="1.057" timestamp="2025-05-20T07:59:14.247" classname="MmaTest/HopperSS" />
    <testcase name="MultipleTile/Hopper_64_232_16_TN_128B_64B__bfloat" value_param="(8-byte object &lt;10-00 E8-00 40-00 04-00&gt;, __bfloat, 4-byte object &lt;02-00 00-00&gt;, 128B, 64B)" file="/opt/pytorch/nvfuser/tests/cpp/test_mma.cpp" line="958" status="run" result="completed" time="1.09" timestamp="2025-05-20T07:59:15.304" classname="MmaTest/HopperSS" />
    <testcase name="MultipleTile/Hopper_64_232_16_NT_128B_64B__bfloat" value_param="(8-byte object &lt;10-00 E8-00 40-00 04-00&gt;, __bfloat, 4-byte object &lt;00-00 00-00&gt;, 128B, 64B)" file="/opt/pytorch/nvfuser/tests/cpp/test_mma.cpp" line="958" status="run" result="skipped" time="0." timestamp="2025-05-20T07:59:16.394" classname="MmaTest/HopperSS">
      <skipped message="/opt/pytorch/nvfuser/tests/cpp/test_mma.cpp:967&#x0A;This test stores smem inputs on the inner dimension densely, which is not compatible with this macro and swizzle mode because TensorCore instructions span multiple swizzle patterns unevenly.&#x0A;"><![CDATA[/opt/pytorch/nvfuser/tests/cpp/test_mma.cpp:967
This test stores smem inputs on the inner dimension densely, which is not compatible with this macro and swizzle mode because TensorCore instructions span multiple swizzle patterns unevenly.
]]></skipped>
    </testcase>
    <testcase name="MultipleTile/Hopper_64_232_16_NN_32B_NoSwizzle__bfloat" value_param="(8-byte object &lt;10-00 E8-00 40-00 04-00&gt;, __bfloat, 4-byte object &lt;03-00 00-00&gt;, 32B, NoSwizzle)" file="/opt/pytorch/nvfuser/tests/cpp/test_mma.cpp" line="958" status="run" result="completed" time="0.934" timestamp="2025-05-20T07:59:16.394" classname="MmaTest/HopperSS" />
    <testcase name="MultipleTile/Hopper_64_240_16_TN_32B_128B__half" value_param="(8-byte object &lt;10-00 F0-00 40-00 04-00&gt;, __half, 4-byte object &lt;02-00 00-00&gt;, 32B, 128B)" file="/opt/pytorch/nvfuser/tests/cpp/test_mma.cpp" line="958" status="run" result="completed" time="1.486" timestamp="2025-05-20T07:59:17.329" classname="MmaTest/HopperSS" />
    <testcase name="MultipleTile/Hopper_64_240_16_NT_64B_NoSwizzle__half" value_param="(8-byte object &lt;10-00 F0-00 40-00 04-00&gt;, __half, 4-byte object &lt;00-00 00-00&gt;, 64B, NoSwizzle)" file="/opt/pytorch/nvfuser/tests/cpp/test_mma.cpp" line="958" status="run" result="completed" time="1.048" timestamp="2025-05-20T07:59:18.815" classname="MmaTest/HopperSS" />
    <testcase name="MultipleTile/Hopper_64_240_16_TT_NoSwizzle_128B__bfloat" value_param="(8-byte object &lt;10-00 F0-00 40-00 04-00&gt;, __bfloat, 4-byte object &lt;01-00 00-00&gt;, NoSwizzle, 128B)" file="/opt/pytorch/nvfuser/tests/cpp/test_mma.cpp" line="958" status="run" result="skipped" time="0." timestamp="2025-05-20T07:59:19.863" classname="MmaTest/HopperSS">
      <skipped message="/opt/pytorch/nvfuser/tests/cpp/test_mma.cpp:967&#x0A;This test stores smem inputs on the inner dimension densely, which is not compatible with this macro and swizzle mode because TensorCore instructions span multiple swizzle patterns unevenly.&#x0A;"><![CDATA[/opt/pytorch/nvfuser/tests/cpp/test_mma.cpp:967
This test stores smem inputs on the inner dimension densely, which is not compatible with this macro and swizzle mode because TensorCore instructions span multiple swizzle patterns unevenly.
]]></skipped>
    </testcase>
    <testcase name="MultipleTile/Hopper_64_240_16_NT_32B_128B__bfloat" value_param="(8-byte object &lt;10-00 F0-00 40-00 04-00&gt;, __bfloat, 4-byte object &lt;00-00 00-00&gt;, 32B, 128B)" file="/opt/pytorch/nvfuser/tests/cpp/test_mma.cpp" line="958" status="run" result="skipped" time="0." timestamp="2025-05-20T07:59:19.863" classname="MmaTest/HopperSS">
      <skipped message="/opt/pytorch/nvfuser/tests/cpp/test_mma.cpp:967&#x0A;This test stores smem inputs on the inner dimension densely, which is not compatible with this macro and swizzle mode because TensorCore instructions span multiple swizzle patterns unevenly.&#x0A;"><![CDATA[/opt/pytorch/nvfuser/tests/cpp/test_mma.cpp:967
This test stores smem inputs on the inner dimension densely, which is not compatible with this macro and swizzle mode because TensorCore instructions span multiple swizzle patterns unevenly.
]]></skipped>
    </testcase>
    <testcase name="MultipleTile/Hopper_64_240_16_NN_128B_NoSwizzle__bfloat" value_param="(8-byte object &lt;10-00 F0-00 40-00 04-00&gt;, __bfloat, 4-byte object &lt;03-00 00-00&gt;, 128B, NoSwizzle)" file="/opt/pytorch/nvfuser/tests/cpp/test_mma.cpp" line="958" status="run" result="completed" time="0.988" timestamp="2025-05-20T07:59:19.863" classname="MmaTest/HopperSS" />
    <testcase name="MultipleTile/Hopper_64_240_16_NN_32B_128B__bfloat" value_param="(8-byte object &lt;10-00 F0-00 40-00 04-00&gt;, __bfloat, 4-byte object &lt;03-00 00-00&gt;, 32B, 128B)" file="/opt/pytorch/nvfuser/tests/cpp/test_mma.cpp" line="958" status="run" result="completed" time="1.463" timestamp="2025-05-20T07:59:20.852" classname="MmaTest/HopperSS" />
    <testcase name="MultipleTile/Hopper_64_248_16_TT_64B_32B__half" value_param="(8-byte object &lt;10-00 F8-00 40-00 04-00&gt;, __half, 4-byte object &lt;01-00 00-00&gt;, 64B, 32B)" file="/opt/pytorch/nvfuser/tests/cpp/test_mma.cpp" line="958" status="run" result="skipped" time="0." timestamp="2025-05-20T07:59:22.315" classname="MmaTest/HopperSS">
      <skipped message="/opt/pytorch/nvfuser/tests/cpp/test_mma.cpp:967&#x0A;This test stores smem inputs on the inner dimension densely, which is not compatible with this macro and swizzle mode because TensorCore instructions span multiple swizzle patterns unevenly.&#x0A;"><![CDATA[/opt/pytorch/nvfuser/tests/cpp/test_mma.cpp:967
This test stores smem inputs on the inner dimension densely, which is not compatible with this macro and swizzle mode because TensorCore instructions span multiple swizzle patterns unevenly.
]]></skipped>
    </testcase>
    <testcase name="MultipleTile/Hopper_64_248_16_TN_128B_64B__half" value_param="(8-byte object &lt;10-00 F8-00 40-00 04-00&gt;, __half, 4-byte object &lt;02-00 00-00&gt;, 128B, 64B)" file="/opt/pytorch/nvfuser/tests/cpp/test_mma.cpp" line="958" status="run" result="completed" time="1.157" timestamp="2025-05-20T07:59:22.315" classname="MmaTest/HopperSS" />
    <testcase name="MultipleTile/Hopper_64_248_16_NT_NoSwizzle_32B__half" value_param="(8-byte object &lt;10-00 F8-00 40-00 04-00&gt;, __half, 4-byte object &lt;00-00 00-00&gt;, NoSwizzle, 32B)" file="/opt/pytorch/nvfuser/tests/cpp/test_mma.cpp" line="958" status="run" result="skipped" time="0." timestamp="2025-05-20T07:59:23.473" classname="MmaTest/HopperSS">
      <skipped message="/opt/pytorch/nvfuser/tests/cpp/test_mma.cpp:967&#x0A;This test stores smem inputs on the inner dimension densely, which is not compatible with this macro and swizzle mode because TensorCore instructions span multiple swizzle patterns unevenly.&#x0A;"><![CDATA[/opt/pytorch/nvfuser/tests/cpp/test_mma.cpp:967
This test stores smem inputs on the inner dimension densely, which is not compatible with this macro and swizzle mode because TensorCore instructions span multiple swizzle patterns unevenly.
]]></skipped>
    </testcase>
    <testcase name="MultipleTile/Hopper_64_248_16_TT_128B_64B__bfloat" value_param="(8-byte object &lt;10-00 F8-00 40-00 04-00&gt;, __bfloat, 4-byte object &lt;01-00 00-00&gt;, 128B, 64B)" file="/opt/pytorch/nvfuser/tests/cpp/test_mma.cpp" line="958" status="run" result="skipped" time="0." timestamp="2025-05-20T07:59:23.473" classname="MmaTest/HopperSS">
      <skipped message="/opt/pytorch/nvfuser/tests/cpp/test_mma.cpp:967&#x0A;This test stores smem inputs on the inner dimension densely, which is not compatible with this macro and swizzle mode because TensorCore instructions span multiple swizzle patterns unevenly.&#x0A;"><![CDATA[/opt/pytorch/nvfuser/tests/cpp/test_mma.cpp:967
This test stores smem inputs on the inner dimension densely, which is not compatible with this macro and swizzle mode because TensorCore instructions span multiple swizzle patterns unevenly.
]]></skipped>
    </testcase>
    <testcase name="MultipleTile/Hopper_64_248_16_TN_64B_128B__bfloat" value_param="(8-byte object &lt;10-00 F8-00 40-00 04-00&gt;, __bfloat, 4-byte object &lt;02-00 00-00&gt;, 64B, 128B)" file="/opt/pytorch/nvfuser/tests/cpp/test_mma.cpp" line="958" status="run" result="completed" time="1.582" timestamp="2025-05-20T07:59:23.473" classname="MmaTest/HopperSS" />
    <testcase name="MultipleTile/Hopper_64_248_16_NT_64B_64B__bfloat" value_param="(8-byte object &lt;10-00 F8-00 40-00 04-00&gt;, __bfloat, 4-byte object &lt;00-00 00-00&gt;, 64B, 64B)" file="/opt/pytorch/nvfuser/tests/cpp/test_mma.cpp" line="958" status="run" result="skipped" time="0." timestamp="2025-05-20T07:59:25.055" classname="MmaTest/HopperSS">
      <skipped message="/opt/pytorch/nvfuser/tests/cpp/test_mma.cpp:967&#x0A;This test stores smem inputs on the inner dimension densely, which is not compatible with this macro and swizzle mode because TensorCore instructions span multiple swizzle patterns unevenly.&#x0A;"><![CDATA[/opt/pytorch/nvfuser/tests/cpp/test_mma.cpp:967
This test stores smem inputs on the inner dimension densely, which is not compatible with this macro and swizzle mode because TensorCore instructions span multiple swizzle patterns unevenly.
]]></skipped>
    </testcase>
    <testcase name="MultipleTile/Hopper_64_248_16_NN_32B_32B__bfloat" value_param="(8-byte object &lt;10-00 F8-00 40-00 04-00&gt;, __bfloat, 4-byte object &lt;03-00 00-00&gt;, 32B, 32B)" file="/opt/pytorch/nvfuser/tests/cpp/test_mma.cpp" line="958" status="run" result="completed" time="0.818" timestamp="2025-05-20T07:59:25.055" classname="MmaTest/HopperSS" />
    <testcase name="MultipleTile/Hopper_64_256_16_TT_64B_128B__half" value_param="(8-byte object &lt;10-00 00-01 40-00 04-00&gt;, __half, 4-byte object &lt;01-00 00-00&gt;, 64B, 128B)" file="/opt/pytorch/nvfuser/tests/cpp/test_mma.cpp" line="958" status="run" result="completed" time="1.066" timestamp="2025-05-20T07:59:25.874" classname="MmaTest/HopperSS" />
    <testcase name="MultipleTile/Hopper_64_256_16_TT_NoSwizzle_32B__bfloat" value_param="(8-byte object &lt;10-00 00-01 40-00 04-00&gt;, __bfloat, 4-byte object &lt;01-00 00-00&gt;, NoSwizzle, 32B)" file="/opt/pytorch/nvfuser/tests/cpp/test_mma.cpp" line="958" status="run" result="completed" time="0.827" timestamp="2025-05-20T07:59:26.940" classname="MmaTest/HopperSS" />
    <testcase name="MultipleTile/Hopper_64_256_16_TN_NoSwizzle_64B__bfloat" value_param="(8-byte object &lt;10-00 00-01 40-00 04-00&gt;, __bfloat, 4-byte object &lt;02-00 00-00&gt;, NoSwizzle, 64B)" file="/opt/pytorch/nvfuser/tests/cpp/test_mma.cpp" line="958" status="run" result="completed" time="1.093" timestamp="2025-05-20T07:59:27.768" classname="MmaTest/HopperSS" />
    <testcase name="MultipleTile/Hopper_64_256_16_NT_32B_32B__bfloat" value_param="(8-byte object &lt;10-00 00-01 40-00 04-00&gt;, __bfloat, 4-byte object &lt;00-00 00-00&gt;, 32B, 32B)" file="/opt/pytorch/nvfuser/tests/cpp/test_mma.cpp" line="958" status="run" result="completed" time="0.851" timestamp="2025-05-20T07:59:28.861" classname="MmaTest/HopperSS" />
    <testcase name="MultipleTile/Hopper_64_256_16_NN_32B_32B__bfloat" value_param="(8-byte object &lt;10-00 00-01 40-00 04-00&gt;, __bfloat, 4-byte object &lt;03-00 00-00&gt;, 32B, 32B)" file="/opt/pytorch/nvfuser/tests/cpp/test_mma.cpp" line="958" status="run" result="completed" time="0.834" timestamp="2025-05-20T07:59:29.712" classname="MmaTest/HopperSS" />
  </testsuite>
  <testsuite name="MmaTest/Blackwell1CTAM128SS" tests="170" failures="0" disabled="0" skipped="170" errors="0" time="0.002" timestamp="2025-05-20T07:59:30.547">
    <testcase name="SingleTile/Blackwell1CTA_128_16_16_TT_NoSwizzle_64B__half" value_param="(8-byte object &lt;10-00 10-00 80-00 05-00&gt;, __half, 4-byte object &lt;01-00 00-00&gt;, NoSwizzle, 64B)" file="/opt/pytorch/nvfuser/tests/cpp/test_mma.cpp" line="1172" status="run" result="skipped" time="0." timestamp="2025-05-20T07:59:30.547" classname="MmaTest/Blackwell1CTAM128SS">
      <skipped message="/opt/pytorch/nvfuser/tests/cpp/utils.h:570&#x0A;skipping tests on non-Blackwell GPUs&#x0A;"><![CDATA[/opt/pytorch/nvfuser/tests/cpp/utils.h:570
skipping tests on non-Blackwell GPUs
]]></skipped>
    </testcase>
    <testcase name="SingleTile/Blackwell1CTA_128_16_16_TT_64B_NoSwizzle__half" value_param="(8-byte object &lt;10-00 10-00 80-00 05-00&gt;, __half, 4-byte object &lt;01-00 00-00&gt;, 64B, NoSwizzle)" file="/opt/pytorch/nvfuser/tests/cpp/test_mma.cpp" line="1172" status="run" result="skipped" time="0." timestamp="2025-05-20T07:59:30.547" classname="MmaTest/Blackwell1CTAM128SS">
      <skipped message="/opt/pytorch/nvfuser/tests/cpp/utils.h:570&#x0A;skipping tests on non-Blackwell GPUs&#x0A;"><![CDATA[/opt/pytorch/nvfuser/tests/cpp/utils.h:570
skipping tests on non-Blackwell GPUs
]]></skipped>
    </testcase>
    <testcase name="SingleTile/Blackwell1CTA_128_16_16_NT_NoSwizzle_NoSwizzle__half" value_param="(8-byte object &lt;10-00 10-00 80-00 05-00&gt;, __half, 4-byte object &lt;00-00 00-00&gt;, NoSwizzle, NoSwizzle)" file="/opt/pytorch/nvfuser/tests/cpp/test_mma.cpp" line="1172" status="run" result="skipped" time="0." timestamp="2025-05-20T07:59:30.547" classname="MmaTest/Blackwell1CTAM128SS">
      <skipped message="/opt/pytorch/nvfuser/tests/cpp/utils.h:570&#x0A;skipping tests on non-Blackwell GPUs&#x0A;"><![CDATA[/opt/pytorch/nvfuser/tests/cpp/utils.h:570
skipping tests on non-Blackwell GPUs
]]></skipped>
    </testcase>
    <testcase name="SingleTile/Blackwell1CTA_128_16_16_NN_128B_32B__half" value_param="(8-byte object &lt;10-00 10-00 80-00 05-00&gt;, __half, 4-byte object &lt;03-00 00-00&gt;, 128B, 32B)" file="/opt/pytorch/nvfuser/tests/cpp/test_mma.cpp" line="1172" status="run" result="skipped" time="0." timestamp="2025-05-20T07:59:30.547" classname="MmaTest/Blackwell1CTAM128SS">
      <skipped message="/opt/pytorch/nvfuser/tests/cpp/utils.h:570&#x0A;skipping tests on non-Blackwell GPUs&#x0A;"><![CDATA[/opt/pytorch/nvfuser/tests/cpp/utils.h:570
skipping tests on non-Blackwell GPUs
]]></skipped>
    </testcase>
    <testcase name="SingleTile/Blackwell1CTA_128_16_16_TT_NoSwizzle_64B__bfloat" value_param="(8-byte object &lt;10-00 10-00 80-00 05-00&gt;, __bfloat, 4-byte object &lt;01-00 00-00&gt;, NoSwizzle, 64B)" file="/opt/pytorch/nvfuser/tests/cpp/test_mma.cpp" line="1172" status="run" result="skipped" time="0." timestamp="2025-05-20T07:59:30.547" classname="MmaTest/Blackwell1CTAM128SS">
      <skipped message="/opt/pytorch/nvfuser/tests/cpp/utils.h:570&#x0A;skipping tests on non-Blackwell GPUs&#x0A;"><![CDATA[/opt/pytorch/nvfuser/tests/cpp/utils.h:570
skipping tests on non-Blackwell GPUs
]]></skipped>
    </testcase>
    <testcase name="SingleTile/Blackwell1CTA_128_16_16_NT_NoSwizzle_NoSwizzle__bfloat" value_param="(8-byte object &lt;10-00 10-00 80-00 05-00&gt;, __bfloat, 4-byte object &lt;00-00 00-00&gt;, NoSwizzle, NoSwizzle)" file="/opt/pytorch/nvfuser/tests/cpp/test_mma.cpp" line="1172" status="run" result="skipped" time="0." timestamp="2025-05-20T07:59:30.548" classname="MmaTest/Blackwell1CTAM128SS">
      <skipped message="/opt/pytorch/nvfuser/tests/cpp/utils.h:570&#x0A;skipping tests on non-Blackwell GPUs&#x0A;"><![CDATA[/opt/pytorch/nvfuser/tests/cpp/utils.h:570
skipping tests on non-Blackwell GPUs
]]></skipped>
    </testcase>
    <testcase name="SingleTile/Blackwell1CTA_128_16_16_NN_32B_32B__bfloat" value_param="(8-byte object &lt;10-00 10-00 80-00 05-00&gt;, __bfloat, 4-byte object &lt;03-00 00-00&gt;, 32B, 32B)" file="/opt/pytorch/nvfuser/tests/cpp/test_mma.cpp" line="1172" status="run" result="skipped" time="0." timestamp="2025-05-20T07:59:30.548" classname="MmaTest/Blackwell1CTAM128SS">
      <skipped message="/opt/pytorch/nvfuser/tests/cpp/utils.h:570&#x0A;skipping tests on non-Blackwell GPUs&#x0A;"><![CDATA[/opt/pytorch/nvfuser/tests/cpp/utils.h:570
skipping tests on non-Blackwell GPUs
]]></skipped>
    </testcase>
    <testcase name="SingleTile/Blackwell1CTA_128_32_16_TT_64B_64B__half" value_param="(8-byte object &lt;10-00 20-00 80-00 05-00&gt;, __half, 4-byte object &lt;01-00 00-00&gt;, 64B, 64B)" file="/opt/pytorch/nvfuser/tests/cpp/test_mma.cpp" line="1172" status="run" result="skipped" time="0." timestamp="2025-05-20T07:59:30.548" classname="MmaTest/Blackwell1CTAM128SS">
      <skipped message="/opt/pytorch/nvfuser/tests/cpp/utils.h:570&#x0A;skipping tests on non-Blackwell GPUs&#x0A;"><![CDATA[/opt/pytorch/nvfuser/tests/cpp/utils.h:570
skipping tests on non-Blackwell GPUs
]]></skipped>
    </testcase>
    <testcase name="SingleTile/Blackwell1CTA_128_32_16_TN_32B_64B__bfloat" value_param="(8-byte object &lt;10-00 20-00 80-00 05-00&gt;, __bfloat, 4-byte object &lt;02-00 00-00&gt;, 32B, 64B)" file="/opt/pytorch/nvfuser/tests/cpp/test_mma.cpp" line="1172" status="run" result="skipped" time="0." timestamp="2025-05-20T07:59:30.548" classname="MmaTest/Blackwell1CTAM128SS">
      <skipped message="/opt/pytorch/nvfuser/tests/cpp/utils.h:570&#x0A;skipping tests on non-Blackwell GPUs&#x0A;"><![CDATA[/opt/pytorch/nvfuser/tests/cpp/utils.h:570
skipping tests on non-Blackwell GPUs
]]></skipped>
    </testcase>
    <testcase name="SingleTile/Blackwell1CTA_128_32_16_NN_64B_32B__bfloat" value_param="(8-byte object &lt;10-00 20-00 80-00 05-00&gt;, __bfloat, 4-byte object &lt;03-00 00-00&gt;, 64B, 32B)" file="/opt/pytorch/nvfuser/tests/cpp/test_mma.cpp" line="1172" status="run" result="skipped" time="0." timestamp="2025-05-20T07:59:30.548" classname="MmaTest/Blackwell1CTAM128SS">
      <skipped message="/opt/pytorch/nvfuser/tests/cpp/utils.h:570&#x0A;skipping tests on non-Blackwell GPUs&#x0A;"><![CDATA[/opt/pytorch/nvfuser/tests/cpp/utils.h:570
skipping tests on non-Blackwell GPUs
]]></skipped>
    </testcase>
    <testcase name="SingleTile/Blackwell1CTA_128_48_16_TN_32B_NoSwizzle__half" value_param="(8-byte object &lt;10-00 30-00 80-00 05-00&gt;, __half, 4-byte object &lt;02-00 00-00&gt;, 32B, NoSwizzle)" file="/opt/pytorch/nvfuser/tests/cpp/test_mma.cpp" line="1172" status="run" result="skipped" time="0." timestamp="2025-05-20T07:59:30.548" classname="MmaTest/Blackwell1CTAM128SS">
      <skipped message="/opt/pytorch/nvfuser/tests/cpp/utils.h:570&#x0A;skipping tests on non-Blackwell GPUs&#x0A;"><![CDATA[/opt/pytorch/nvfuser/tests/cpp/utils.h:570
skipping tests on non-Blackwell GPUs
]]></skipped>
    </testcase>
    <testcase name="SingleTile/Blackwell1CTA_128_48_16_TT_128B_NoSwizzle__bfloat" value_param="(8-byte object &lt;10-00 30-00 80-00 05-00&gt;, __bfloat, 4-byte object &lt;01-00 00-00&gt;, 128B, NoSwizzle)" file="/opt/pytorch/nvfuser/tests/cpp/test_mma.cpp" line="1172" status="run" result="skipped" time="0." timestamp="2025-05-20T07:59:30.548" classname="MmaTest/Blackwell1CTAM128SS">
      <skipped message="/opt/pytorch/nvfuser/tests/cpp/utils.h:570&#x0A;skipping tests on non-Blackwell GPUs&#x0A;"><![CDATA[/opt/pytorch/nvfuser/tests/cpp/utils.h:570
skipping tests on non-Blackwell GPUs
]]></skipped>
    </testcase>
    <testcase name="SingleTile/Blackwell1CTA_128_48_16_TT_32B_128B__bfloat" value_param="(8-byte object &lt;10-00 30-00 80-00 05-00&gt;, __bfloat, 4-byte object &lt;01-00 00-00&gt;, 32B, 128B)" file="/opt/pytorch/nvfuser/tests/cpp/test_mma.cpp" line="1172" status="run" result="skipped" time="0." timestamp="2025-05-20T07:59:30.548" classname="MmaTest/Blackwell1CTAM128SS">
      <skipped message="/opt/pytorch/nvfuser/tests/cpp/utils.h:570&#x0A;skipping tests on non-Blackwell GPUs&#x0A;"><![CDATA[/opt/pytorch/nvfuser/tests/cpp/utils.h:570
skipping tests on non-Blackwell GPUs
]]></skipped>
    </testcase>
    <testcase name="SingleTile/Blackwell1CTA_128_48_16_TN_NoSwizzle_32B__bfloat" value_param="(8-byte object &lt;10-00 30-00 80-00 05-00&gt;, __bfloat, 4-byte object &lt;02-00 00-00&gt;, NoSwizzle, 32B)" file="/opt/pytorch/nvfuser/tests/cpp/test_mma.cpp" line="1172" status="run" result="skipped" time="0." timestamp="2025-05-20T07:59:30.548" classname="MmaTest/Blackwell1CTAM128SS">
      <skipped message="/opt/pytorch/nvfuser/tests/cpp/utils.h:570&#x0A;skipping tests on non-Blackwell GPUs&#x0A;"><![CDATA[/opt/pytorch/nvfuser/tests/cpp/utils.h:570
skipping tests on non-Blackwell GPUs
]]></skipped>
    </testcase>
    <testcase name="SingleTile/Blackwell1CTA_128_48_16_NT_128B_128B__bfloat" value_param="(8-byte object &lt;10-00 30-00 80-00 05-00&gt;, __bfloat, 4-byte object &lt;00-00 00-00&gt;, 128B, 128B)" file="/opt/pytorch/nvfuser/tests/cpp/test_mma.cpp" line="1172" status="run" result="skipped" time="0." timestamp="2025-05-20T07:59:30.548" classname="MmaTest/Blackwell1CTAM128SS">
      <skipped message="/opt/pytorch/nvfuser/tests/cpp/utils.h:570&#x0A;skipping tests on non-Blackwell GPUs&#x0A;"><![CDATA[/opt/pytorch/nvfuser/tests/cpp/utils.h:570
skipping tests on non-Blackwell GPUs
]]></skipped>
    </testcase>
    <testcase name="SingleTile/Blackwell1CTA_128_48_16_NT_32B_32B__bfloat" value_param="(8-byte object &lt;10-00 30-00 80-00 05-00&gt;, __bfloat, 4-byte object &lt;00-00 00-00&gt;, 32B, 32B)" file="/opt/pytorch/nvfuser/tests/cpp/test_mma.cpp" line="1172" status="run" result="skipped" time="0." timestamp="2025-05-20T07:59:30.548" classname="MmaTest/Blackwell1CTAM128SS">
      <skipped message="/opt/pytorch/nvfuser/tests/cpp/utils.h:570&#x0A;skipping tests on non-Blackwell GPUs&#x0A;"><![CDATA[/opt/pytorch/nvfuser/tests/cpp/utils.h:570
skipping tests on non-Blackwell GPUs
]]></skipped>
    </testcase>
    <testcase name="SingleTile/Blackwell1CTA_128_64_16_TT_NoSwizzle_NoSwizzle__half" value_param="(8-byte object &lt;10-00 40-00 80-00 05-00&gt;, __half, 4-byte object &lt;01-00 00-00&gt;, NoSwizzle, NoSwizzle)" file="/opt/pytorch/nvfuser/tests/cpp/test_mma.cpp" line="1172" status="run" result="skipped" time="0." timestamp="2025-05-20T07:59:30.548" classname="MmaTest/Blackwell1CTAM128SS">
      <skipped message="/opt/pytorch/nvfuser/tests/cpp/utils.h:570&#x0A;skipping tests on non-Blackwell GPUs&#x0A;"><![CDATA[/opt/pytorch/nvfuser/tests/cpp/utils.h:570
skipping tests on non-Blackwell GPUs
]]></skipped>
    </testcase>
    <testcase name="SingleTile/Blackwell1CTA_128_64_16_TT_32B_NoSwizzle__half" value_param="(8-byte object &lt;10-00 40-00 80-00 05-00&gt;, __half, 4-byte object &lt;01-00 00-00&gt;, 32B, NoSwizzle)" file="/opt/pytorch/nvfuser/tests/cpp/test_mma.cpp" line="1172" status="run" result="skipped" time="0." timestamp="2025-05-20T07:59:30.548" classname="MmaTest/Blackwell1CTAM128SS">
      <skipped message="/opt/pytorch/nvfuser/tests/cpp/utils.h:570&#x0A;skipping tests on non-Blackwell GPUs&#x0A;"><![CDATA[/opt/pytorch/nvfuser/tests/cpp/utils.h:570
skipping tests on non-Blackwell GPUs
]]></skipped>
    </testcase>
    <testcase name="SingleTile/Blackwell1CTA_128_64_16_TN_NoSwizzle_32B__half" value_param="(8-byte object &lt;10-00 40-00 80-00 05-00&gt;, __half, 4-byte object &lt;02-00 00-00&gt;, NoSwizzle, 32B)" file="/opt/pytorch/nvfuser/tests/cpp/test_mma.cpp" line="1172" status="run" result="skipped" time="0." timestamp="2025-05-20T07:59:30.548" classname="MmaTest/Blackwell1CTAM128SS">
      <skipped message="/opt/pytorch/nvfuser/tests/cpp/utils.h:570&#x0A;skipping tests on non-Blackwell GPUs&#x0A;"><![CDATA[/opt/pytorch/nvfuser/tests/cpp/utils.h:570
skipping tests on non-Blackwell GPUs
]]></skipped>
    </testcase>
    <testcase name="SingleTile/Blackwell1CTA_128_64_16_NT_64B_NoSwizzle__half" value_param="(8-byte object &lt;10-00 40-00 80-00 05-00&gt;, __half, 4-byte object &lt;00-00 00-00&gt;, 64B, NoSwizzle)" file="/opt/pytorch/nvfuser/tests/cpp/test_mma.cpp" line="1172" status="run" result="skipped" time="0." timestamp="2025-05-20T07:59:30.548" classname="MmaTest/Blackwell1CTAM128SS">
      <skipped message="/opt/pytorch/nvfuser/tests/cpp/utils.h:570&#x0A;skipping tests on non-Blackwell GPUs&#x0A;"><![CDATA[/opt/pytorch/nvfuser/tests/cpp/utils.h:570
skipping tests on non-Blackwell GPUs
]]></skipped>
    </testcase>
    <testcase name="SingleTile/Blackwell1CTA_128_64_16_TT_128B_32B__bfloat" value_param="(8-byte object &lt;10-00 40-00 80-00 05-00&gt;, __bfloat, 4-byte object &lt;01-00 00-00&gt;, 128B, 32B)" file="/opt/pytorch/nvfuser/tests/cpp/test_mma.cpp" line="1172" status="run" result="skipped" time="0." timestamp="2025-05-20T07:59:30.548" classname="MmaTest/Blackwell1CTAM128SS">
      <skipped message="/opt/pytorch/nvfuser/tests/cpp/utils.h:570&#x0A;skipping tests on non-Blackwell GPUs&#x0A;"><![CDATA[/opt/pytorch/nvfuser/tests/cpp/utils.h:570
skipping tests on non-Blackwell GPUs
]]></skipped>
    </testcase>
    <testcase name="SingleTile/Blackwell1CTA_128_64_16_NT_128B_32B__bfloat" value_param="(8-byte object &lt;10-00 40-00 80-00 05-00&gt;, __bfloat, 4-byte object &lt;00-00 00-00&gt;, 128B, 32B)" file="/opt/pytorch/nvfuser/tests/cpp/test_mma.cpp" line="1172" status="run" result="skipped" time="0." timestamp="2025-05-20T07:59:30.548" classname="MmaTest/Blackwell1CTAM128SS">
      <skipped message="/opt/pytorch/nvfuser/tests/cpp/utils.h:570&#x0A;skipping tests on non-Blackwell GPUs&#x0A;"><![CDATA[/opt/pytorch/nvfuser/tests/cpp/utils.h:570
skipping tests on non-Blackwell GPUs
]]></skipped>
    </testcase>
    <testcase name="SingleTile/Blackwell1CTA_128_64_16_NN_32B_NoSwizzle__bfloat" value_param="(8-byte object &lt;10-00 40-00 80-00 05-00&gt;, __bfloat, 4-byte object &lt;03-00 00-00&gt;, 32B, NoSwizzle)" file="/opt/pytorch/nvfuser/tests/cpp/test_mma.cpp" line="1172" status="run" result="skipped" time="0." timestamp="2025-05-20T07:59:30.548" classname="MmaTest/Blackwell1CTAM128SS">
      <skipped message="/opt/pytorch/nvfuser/tests/cpp/utils.h:570&#x0A;skipping tests on non-Blackwell GPUs&#x0A;"><![CDATA[/opt/pytorch/nvfuser/tests/cpp/utils.h:570
skipping tests on non-Blackwell GPUs
]]></skipped>
    </testcase>
    <testcase name="SingleTile/Blackwell1CTA_128_80_16_TT_128B_64B__half" value_param="(8-byte object &lt;10-00 50-00 80-00 05-00&gt;, __half, 4-byte object &lt;01-00 00-00&gt;, 128B, 64B)" file="/opt/pytorch/nvfuser/tests/cpp/test_mma.cpp" line="1172" status="run" result="skipped" time="0." timestamp="2025-05-20T07:59:30.548" classname="MmaTest/Blackwell1CTAM128SS">
      <skipped message="/opt/pytorch/nvfuser/tests/cpp/utils.h:570&#x0A;skipping tests on non-Blackwell GPUs&#x0A;"><![CDATA[/opt/pytorch/nvfuser/tests/cpp/utils.h:570
skipping tests on non-Blackwell GPUs
]]></skipped>
    </testcase>
    <testcase name="SingleTile/Blackwell1CTA_128_80_16_NT_NoSwizzle_64B__half" value_param="(8-byte object &lt;10-00 50-00 80-00 05-00&gt;, __half, 4-byte object &lt;00-00 00-00&gt;, NoSwizzle, 64B)" file="/opt/pytorch/nvfuser/tests/cpp/test_mma.cpp" line="1172" status="run" result="skipped" time="0." timestamp="2025-05-20T07:59:30.548" classname="MmaTest/Blackwell1CTAM128SS">
      <skipped message="/opt/pytorch/nvfuser/tests/cpp/utils.h:570&#x0A;skipping tests on non-Blackwell GPUs&#x0A;"><![CDATA[/opt/pytorch/nvfuser/tests/cpp/utils.h:570
skipping tests on non-Blackwell GPUs
]]></skipped>
    </testcase>
    <testcase name="SingleTile/Blackwell1CTA_128_80_16_TT_128B_128B__bfloat" value_param="(8-byte object &lt;10-00 50-00 80-00 05-00&gt;, __bfloat, 4-byte object &lt;01-00 00-00&gt;, 128B, 128B)" file="/opt/pytorch/nvfuser/tests/cpp/test_mma.cpp" line="1172" status="run" result="skipped" time="0." timestamp="2025-05-20T07:59:30.548" classname="MmaTest/Blackwell1CTAM128SS">
      <skipped message="/opt/pytorch/nvfuser/tests/cpp/utils.h:570&#x0A;skipping tests on non-Blackwell GPUs&#x0A;"><![CDATA[/opt/pytorch/nvfuser/tests/cpp/utils.h:570
skipping tests on non-Blackwell GPUs
]]></skipped>
    </testcase>
    <testcase name="SingleTile/Blackwell1CTA_128_80_16_TN_32B_NoSwizzle__bfloat" value_param="(8-byte object &lt;10-00 50-00 80-00 05-00&gt;, __bfloat, 4-byte object &lt;02-00 00-00&gt;, 32B, NoSwizzle)" file="/opt/pytorch/nvfuser/tests/cpp/test_mma.cpp" line="1172" status="run" result="skipped" time="0." timestamp="2025-05-20T07:59:30.548" classname="MmaTest/Blackwell1CTAM128SS">
      <skipped message="/opt/pytorch/nvfuser/tests/cpp/utils.h:570&#x0A;skipping tests on non-Blackwell GPUs&#x0A;"><![CDATA[/opt/pytorch/nvfuser/tests/cpp/utils.h:570
skipping tests on non-Blackwell GPUs
]]></skipped>
    </testcase>
    <testcase name="SingleTile/Blackwell1CTA_128_80_16_NN_NoSwizzle_NoSwizzle__bfloat" value_param="(8-byte object &lt;10-00 50-00 80-00 05-00&gt;, __bfloat, 4-byte object &lt;03-00 00-00&gt;, NoSwizzle, NoSwizzle)" file="/opt/pytorch/nvfuser/tests/cpp/test_mma.cpp" line="1172" status="run" result="skipped" time="0." timestamp="2025-05-20T07:59:30.548" classname="MmaTest/Blackwell1CTAM128SS">
      <skipped message="/opt/pytorch/nvfuser/tests/cpp/utils.h:570&#x0A;skipping tests on non-Blackwell GPUs&#x0A;"><![CDATA[/opt/pytorch/nvfuser/tests/cpp/utils.h:570
skipping tests on non-Blackwell GPUs
]]></skipped>
    </testcase>
    <testcase name="SingleTile/Blackwell1CTA_128_96_16_TN_64B_32B__half" value_param="(8-byte object &lt;10-00 60-00 80-00 05-00&gt;, __half, 4-byte object &lt;02-00 00-00&gt;, 64B, 32B)" file="/opt/pytorch/nvfuser/tests/cpp/test_mma.cpp" line="1172" status="run" result="skipped" time="0." timestamp="2025-05-20T07:59:30.548" classname="MmaTest/Blackwell1CTAM128SS">
      <skipped message="/opt/pytorch/nvfuser/tests/cpp/utils.h:570&#x0A;skipping tests on non-Blackwell GPUs&#x0A;"><![CDATA[/opt/pytorch/nvfuser/tests/cpp/utils.h:570
skipping tests on non-Blackwell GPUs
]]></skipped>
    </testcase>
    <testcase name="SingleTile/Blackwell1CTA_128_96_16_NT_128B_NoSwizzle__half" value_param="(8-byte object &lt;10-00 60-00 80-00 05-00&gt;, __half, 4-byte object &lt;00-00 00-00&gt;, 128B, NoSwizzle)" file="/opt/pytorch/nvfuser/tests/cpp/test_mma.cpp" line="1172" status="run" result="skipped" time="0." timestamp="2025-05-20T07:59:30.548" classname="MmaTest/Blackwell1CTAM128SS">
      <skipped message="/opt/pytorch/nvfuser/tests/cpp/utils.h:570&#x0A;skipping tests on non-Blackwell GPUs&#x0A;"><![CDATA[/opt/pytorch/nvfuser/tests/cpp/utils.h:570
skipping tests on non-Blackwell GPUs
]]></skipped>
    </testcase>
    <testcase name="SingleTile/Blackwell1CTA_128_96_16_NN_32B_32B__half" value_param="(8-byte object &lt;10-00 60-00 80-00 05-00&gt;, __half, 4-byte object &lt;03-00 00-00&gt;, 32B, 32B)" file="/opt/pytorch/nvfuser/tests/cpp/test_mma.cpp" line="1172" status="run" result="skipped" time="0." timestamp="2025-05-20T07:59:30.548" classname="MmaTest/Blackwell1CTAM128SS">
      <skipped message="/opt/pytorch/nvfuser/tests/cpp/utils.h:570&#x0A;skipping tests on non-Blackwell GPUs&#x0A;"><![CDATA[/opt/pytorch/nvfuser/tests/cpp/utils.h:570
skipping tests on non-Blackwell GPUs
]]></skipped>
    </testcase>
    <testcase name="SingleTile/Blackwell1CTA_128_96_16_TT_64B_64B__bfloat" value_param="(8-byte object &lt;10-00 60-00 80-00 05-00&gt;, __bfloat, 4-byte object &lt;01-00 00-00&gt;, 64B, 64B)" file="/opt/pytorch/nvfuser/tests/cpp/test_mma.cpp" line="1172" status="run" result="skipped" time="0." timestamp="2025-05-20T07:59:30.548" classname="MmaTest/Blackwell1CTAM128SS">
      <skipped message="/opt/pytorch/nvfuser/tests/cpp/utils.h:570&#x0A;skipping tests on non-Blackwell GPUs&#x0A;"><![CDATA[/opt/pytorch/nvfuser/tests/cpp/utils.h:570
skipping tests on non-Blackwell GPUs
]]></skipped>
    </testcase>
    <testcase name="SingleTile/Blackwell1CTA_128_96_16_NT_128B_32B__bfloat" value_param="(8-byte object &lt;10-00 60-00 80-00 05-00&gt;, __bfloat, 4-byte object &lt;00-00 00-00&gt;, 128B, 32B)" file="/opt/pytorch/nvfuser/tests/cpp/test_mma.cpp" line="1172" status="run" result="skipped" time="0." timestamp="2025-05-20T07:59:30.548" classname="MmaTest/Blackwell1CTAM128SS">
      <skipped message="/opt/pytorch/nvfuser/tests/cpp/utils.h:570&#x0A;skipping tests on non-Blackwell GPUs&#x0A;"><![CDATA[/opt/pytorch/nvfuser/tests/cpp/utils.h:570
skipping tests on non-Blackwell GPUs
]]></skipped>
    </testcase>
    <testcase name="SingleTile/Blackwell1CTA_128_96_16_NT_32B_128B__bfloat" value_param="(8-byte object &lt;10-00 60-00 80-00 05-00&gt;, __bfloat, 4-byte object &lt;00-00 00-00&gt;, 32B, 128B)" file="/opt/pytorch/nvfuser/tests/cpp/test_mma.cpp" line="1172" status="run" result="skipped" time="0." timestamp="2025-05-20T07:59:30.548" classname="MmaTest/Blackwell1CTAM128SS">
      <skipped message="/opt/pytorch/nvfuser/tests/cpp/utils.h:570&#x0A;skipping tests on non-Blackwell GPUs&#x0A;"><![CDATA[/opt/pytorch/nvfuser/tests/cpp/utils.h:570
skipping tests on non-Blackwell GPUs
]]></skipped>
    </testcase>
    <testcase name="SingleTile/Blackwell1CTA_128_112_16_NT_128B_NoSwizzle__half" value_param="(8-byte object &lt;10-00 70-00 80-00 05-00&gt;, __half, 4-byte object &lt;00-00 00-00&gt;, 128B, NoSwizzle)" file="/opt/pytorch/nvfuser/tests/cpp/test_mma.cpp" line="1172" status="run" result="skipped" time="0." timestamp="2025-05-20T07:59:30.548" classname="MmaTest/Blackwell1CTAM128SS">
      <skipped message="/opt/pytorch/nvfuser/tests/cpp/utils.h:570&#x0A;skipping tests on non-Blackwell GPUs&#x0A;"><![CDATA[/opt/pytorch/nvfuser/tests/cpp/utils.h:570
skipping tests on non-Blackwell GPUs
]]></skipped>
    </testcase>
    <testcase name="SingleTile/Blackwell1CTA_128_112_16_NN_128B_64B__half" value_param="(8-byte object &lt;10-00 70-00 80-00 05-00&gt;, __half, 4-byte object &lt;03-00 00-00&gt;, 128B, 64B)" file="/opt/pytorch/nvfuser/tests/cpp/test_mma.cpp" line="1172" status="run" result="skipped" time="0." timestamp="2025-05-20T07:59:30.548" classname="MmaTest/Blackwell1CTAM128SS">
      <skipped message="/opt/pytorch/nvfuser/tests/cpp/utils.h:570&#x0A;skipping tests on non-Blackwell GPUs&#x0A;"><![CDATA[/opt/pytorch/nvfuser/tests/cpp/utils.h:570
skipping tests on non-Blackwell GPUs
]]></skipped>
    </testcase>
    <testcase name="SingleTile/Blackwell1CTA_128_112_16_NT_128B_32B__bfloat" value_param="(8-byte object &lt;10-00 70-00 80-00 05-00&gt;, __bfloat, 4-byte object &lt;00-00 00-00&gt;, 128B, 32B)" file="/opt/pytorch/nvfuser/tests/cpp/test_mma.cpp" line="1172" status="run" result="skipped" time="0." timestamp="2025-05-20T07:59:30.548" classname="MmaTest/Blackwell1CTAM128SS">
      <skipped message="/opt/pytorch/nvfuser/tests/cpp/utils.h:570&#x0A;skipping tests on non-Blackwell GPUs&#x0A;"><![CDATA[/opt/pytorch/nvfuser/tests/cpp/utils.h:570
skipping tests on non-Blackwell GPUs
]]></skipped>
    </testcase>
    <testcase name="SingleTile/Blackwell1CTA_128_128_16_TN_128B_128B__half" value_param="(8-byte object &lt;10-00 80-00 80-00 05-00&gt;, __half, 4-byte object &lt;02-00 00-00&gt;, 128B, 128B)" file="/opt/pytorch/nvfuser/tests/cpp/test_mma.cpp" line="1172" status="run" result="skipped" time="0." timestamp="2025-05-20T07:59:30.548" classname="MmaTest/Blackwell1CTAM128SS">
      <skipped message="/opt/pytorch/nvfuser/tests/cpp/utils.h:570&#x0A;skipping tests on non-Blackwell GPUs&#x0A;"><![CDATA[/opt/pytorch/nvfuser/tests/cpp/utils.h:570
skipping tests on non-Blackwell GPUs
]]></skipped>
    </testcase>
    <testcase name="SingleTile/Blackwell1CTA_128_128_16_NN_64B_64B__half" value_param="(8-byte object &lt;10-00 80-00 80-00 05-00&gt;, __half, 4-byte object &lt;03-00 00-00&gt;, 64B, 64B)" file="/opt/pytorch/nvfuser/tests/cpp/test_mma.cpp" line="1172" status="run" result="skipped" time="0." timestamp="2025-05-20T07:59:30.548" classname="MmaTest/Blackwell1CTAM128SS">
      <skipped message="/opt/pytorch/nvfuser/tests/cpp/utils.h:570&#x0A;skipping tests on non-Blackwell GPUs&#x0A;"><![CDATA[/opt/pytorch/nvfuser/tests/cpp/utils.h:570
skipping tests on non-Blackwell GPUs
]]></skipped>
    </testcase>
    <testcase name="SingleTile/Blackwell1CTA_128_128_16_NN_128B_32B__bfloat" value_param="(8-byte object &lt;10-00 80-00 80-00 05-00&gt;, __bfloat, 4-byte object &lt;03-00 00-00&gt;, 128B, 32B)" file="/opt/pytorch/nvfuser/tests/cpp/test_mma.cpp" line="1172" status="run" result="skipped" time="0." timestamp="2025-05-20T07:59:30.548" classname="MmaTest/Blackwell1CTAM128SS">
      <skipped message="/opt/pytorch/nvfuser/tests/cpp/utils.h:570&#x0A;skipping tests on non-Blackwell GPUs&#x0A;"><![CDATA[/opt/pytorch/nvfuser/tests/cpp/utils.h:570
skipping tests on non-Blackwell GPUs
]]></skipped>
    </testcase>
    <testcase name="SingleTile/Blackwell1CTA_128_144_16_TT_NoSwizzle_NoSwizzle__half" value_param="(8-byte object &lt;10-00 90-00 80-00 05-00&gt;, __half, 4-byte object &lt;01-00 00-00&gt;, NoSwizzle, NoSwizzle)" file="/opt/pytorch/nvfuser/tests/cpp/test_mma.cpp" line="1172" status="run" result="skipped" time="0." timestamp="2025-05-20T07:59:30.548" classname="MmaTest/Blackwell1CTAM128SS">
      <skipped message="/opt/pytorch/nvfuser/tests/cpp/utils.h:570&#x0A;skipping tests on non-Blackwell GPUs&#x0A;"><![CDATA[/opt/pytorch/nvfuser/tests/cpp/utils.h:570
skipping tests on non-Blackwell GPUs
]]></skipped>
    </testcase>
    <testcase name="SingleTile/Blackwell1CTA_128_144_16_TN_64B_NoSwizzle__half" value_param="(8-byte object &lt;10-00 90-00 80-00 05-00&gt;, __half, 4-byte object &lt;02-00 00-00&gt;, 64B, NoSwizzle)" file="/opt/pytorch/nvfuser/tests/cpp/test_mma.cpp" line="1172" status="run" result="skipped" time="0." timestamp="2025-05-20T07:59:30.548" classname="MmaTest/Blackwell1CTAM128SS">
      <skipped message="/opt/pytorch/nvfuser/tests/cpp/utils.h:570&#x0A;skipping tests on non-Blackwell GPUs&#x0A;"><![CDATA[/opt/pytorch/nvfuser/tests/cpp/utils.h:570
skipping tests on non-Blackwell GPUs
]]></skipped>
    </testcase>
    <testcase name="SingleTile/Blackwell1CTA_128_144_16_NT_32B_64B__half" value_param="(8-byte object &lt;10-00 90-00 80-00 05-00&gt;, __half, 4-byte object &lt;00-00 00-00&gt;, 32B, 64B)" file="/opt/pytorch/nvfuser/tests/cpp/test_mma.cpp" line="1172" status="run" result="skipped" time="0." timestamp="2025-05-20T07:59:30.548" classname="MmaTest/Blackwell1CTAM128SS">
      <skipped message="/opt/pytorch/nvfuser/tests/cpp/utils.h:570&#x0A;skipping tests on non-Blackwell GPUs&#x0A;"><![CDATA[/opt/pytorch/nvfuser/tests/cpp/utils.h:570
skipping tests on non-Blackwell GPUs
]]></skipped>
    </testcase>
    <testcase name="SingleTile/Blackwell1CTA_128_144_16_NN_32B_NoSwizzle__half" value_param="(8-byte object &lt;10-00 90-00 80-00 05-00&gt;, __half, 4-byte object &lt;03-00 00-00&gt;, 32B, NoSwizzle)" file="/opt/pytorch/nvfuser/tests/cpp/test_mma.cpp" line="1172" status="run" result="skipped" time="0." timestamp="2025-05-20T07:59:30.548" classname="MmaTest/Blackwell1CTAM128SS">
      <skipped message="/opt/pytorch/nvfuser/tests/cpp/utils.h:570&#x0A;skipping tests on non-Blackwell GPUs&#x0A;"><![CDATA[/opt/pytorch/nvfuser/tests/cpp/utils.h:570
skipping tests on non-Blackwell GPUs
]]></skipped>
    </testcase>
    <testcase name="SingleTile/Blackwell1CTA_128_144_16_TN_64B_128B__bfloat" value_param="(8-byte object &lt;10-00 90-00 80-00 05-00&gt;, __bfloat, 4-byte object &lt;02-00 00-00&gt;, 64B, 128B)" file="/opt/pytorch/nvfuser/tests/cpp/test_mma.cpp" line="1172" status="run" result="skipped" time="0." timestamp="2025-05-20T07:59:30.548" classname="MmaTest/Blackwell1CTAM128SS">
      <skipped message="/opt/pytorch/nvfuser/tests/cpp/utils.h:570&#x0A;skipping tests on non-Blackwell GPUs&#x0A;"><![CDATA[/opt/pytorch/nvfuser/tests/cpp/utils.h:570
skipping tests on non-Blackwell GPUs
]]></skipped>
    </testcase>
    <testcase name="SingleTile/Blackwell1CTA_128_144_16_NT_32B_64B__bfloat" value_param="(8-byte object &lt;10-00 90-00 80-00 05-00&gt;, __bfloat, 4-byte object &lt;00-00 00-00&gt;, 32B, 64B)" file="/opt/pytorch/nvfuser/tests/cpp/test_mma.cpp" line="1172" status="run" result="skipped" time="0." timestamp="2025-05-20T07:59:30.548" classname="MmaTest/Blackwell1CTAM128SS">
      <skipped message="/opt/pytorch/nvfuser/tests/cpp/utils.h:570&#x0A;skipping tests on non-Blackwell GPUs&#x0A;"><![CDATA[/opt/pytorch/nvfuser/tests/cpp/utils.h:570
skipping tests on non-Blackwell GPUs
]]></skipped>
    </testcase>
    <testcase name="SingleTile/Blackwell1CTA_128_160_16_TT_NoSwizzle_NoSwizzle__half" value_param="(8-byte object &lt;10-00 A0-00 80-00 05-00&gt;, __half, 4-byte object &lt;01-00 00-00&gt;, NoSwizzle, NoSwizzle)" file="/opt/pytorch/nvfuser/tests/cpp/test_mma.cpp" line="1172" status="run" result="skipped" time="0." timestamp="2025-05-20T07:59:30.548" classname="MmaTest/Blackwell1CTAM128SS">
      <skipped message="/opt/pytorch/nvfuser/tests/cpp/utils.h:570&#x0A;skipping tests on non-Blackwell GPUs&#x0A;"><![CDATA[/opt/pytorch/nvfuser/tests/cpp/utils.h:570
skipping tests on non-Blackwell GPUs
]]></skipped>
    </testcase>
    <testcase name="SingleTile/Blackwell1CTA_128_160_16_TT_32B_128B__half" value_param="(8-byte object &lt;10-00 A0-00 80-00 05-00&gt;, __half, 4-byte object &lt;01-00 00-00&gt;, 32B, 128B)" file="/opt/pytorch/nvfuser/tests/cpp/test_mma.cpp" line="1172" status="run" result="skipped" time="0." timestamp="2025-05-20T07:59:30.548" classname="MmaTest/Blackwell1CTAM128SS">
      <skipped message="/opt/pytorch/nvfuser/tests/cpp/utils.h:570&#x0A;skipping tests on non-Blackwell GPUs&#x0A;"><![CDATA[/opt/pytorch/nvfuser/tests/cpp/utils.h:570
skipping tests on non-Blackwell GPUs
]]></skipped>
    </testcase>
    <testcase name="SingleTile/Blackwell1CTA_128_160_16_TT_64B_32B__bfloat" value_param="(8-byte object &lt;10-00 A0-00 80-00 05-00&gt;, __bfloat, 4-byte object &lt;01-00 00-00&gt;, 64B, 32B)" file="/opt/pytorch/nvfuser/tests/cpp/test_mma.cpp" line="1172" status="run" result="skipped" time="0." timestamp="2025-05-20T07:59:30.548" classname="MmaTest/Blackwell1CTAM128SS">
      <skipped message="/opt/pytorch/nvfuser/tests/cpp/utils.h:570&#x0A;skipping tests on non-Blackwell GPUs&#x0A;"><![CDATA[/opt/pytorch/nvfuser/tests/cpp/utils.h:570
skipping tests on non-Blackwell GPUs
]]></skipped>
    </testcase>
    <testcase name="SingleTile/Blackwell1CTA_128_160_16_TN_32B_NoSwizzle__bfloat" value_param="(8-byte object &lt;10-00 A0-00 80-00 05-00&gt;, __bfloat, 4-byte object &lt;02-00 00-00&gt;, 32B, NoSwizzle)" file="/opt/pytorch/nvfuser/tests/cpp/test_mma.cpp" line="1172" status="run" result="skipped" time="0." timestamp="2025-05-20T07:59:30.548" classname="MmaTest/Blackwell1CTAM128SS">
      <skipped message="/opt/pytorch/nvfuser/tests/cpp/utils.h:570&#x0A;skipping tests on non-Blackwell GPUs&#x0A;"><![CDATA[/opt/pytorch/nvfuser/tests/cpp/utils.h:570
skipping tests on non-Blackwell GPUs
]]></skipped>
    </testcase>
    <testcase name="SingleTile/Blackwell1CTA_128_160_16_NN_NoSwizzle_32B__bfloat" value_param="(8-byte object &lt;10-00 A0-00 80-00 05-00&gt;, __bfloat, 4-byte object &lt;03-00 00-00&gt;, NoSwizzle, 32B)" file="/opt/pytorch/nvfuser/tests/cpp/test_mma.cpp" line="1172" status="run" result="skipped" time="0." timestamp="2025-05-20T07:59:30.548" classname="MmaTest/Blackwell1CTAM128SS">
      <skipped message="/opt/pytorch/nvfuser/tests/cpp/utils.h:570&#x0A;skipping tests on non-Blackwell GPUs&#x0A;"><![CDATA[/opt/pytorch/nvfuser/tests/cpp/utils.h:570
skipping tests on non-Blackwell GPUs
]]></skipped>
    </testcase>
    <testcase name="SingleTile/Blackwell1CTA_128_160_16_NN_32B_64B__bfloat" value_param="(8-byte object &lt;10-00 A0-00 80-00 05-00&gt;, __bfloat, 4-byte object &lt;03-00 00-00&gt;, 32B, 64B)" file="/opt/pytorch/nvfuser/tests/cpp/test_mma.cpp" line="1172" status="run" result="skipped" time="0." timestamp="2025-05-20T07:59:30.548" classname="MmaTest/Blackwell1CTAM128SS">
      <skipped message="/opt/pytorch/nvfuser/tests/cpp/utils.h:570&#x0A;skipping tests on non-Blackwell GPUs&#x0A;"><![CDATA[/opt/pytorch/nvfuser/tests/cpp/utils.h:570
skipping tests on non-Blackwell GPUs
]]></skipped>
    </testcase>
    <testcase name="SingleTile/Blackwell1CTA_128_176_16_TT_32B_128B__half" value_param="(8-byte object &lt;10-00 B0-00 80-00 05-00&gt;, __half, 4-byte object &lt;01-00 00-00&gt;, 32B, 128B)" file="/opt/pytorch/nvfuser/tests/cpp/test_mma.cpp" line="1172" status="run" result="skipped" time="0." timestamp="2025-05-20T07:59:30.548" classname="MmaTest/Blackwell1CTAM128SS">
      <skipped message="/opt/pytorch/nvfuser/tests/cpp/utils.h:570&#x0A;skipping tests on non-Blackwell GPUs&#x0A;"><![CDATA[/opt/pytorch/nvfuser/tests/cpp/utils.h:570
skipping tests on non-Blackwell GPUs
]]></skipped>
    </testcase>
    <testcase name="SingleTile/Blackwell1CTA_128_176_16_TN_32B_NoSwizzle__half" value_param="(8-byte object &lt;10-00 B0-00 80-00 05-00&gt;, __half, 4-byte object &lt;02-00 00-00&gt;, 32B, NoSwizzle)" file="/opt/pytorch/nvfuser/tests/cpp/test_mma.cpp" line="1172" status="run" result="skipped" time="0." timestamp="2025-05-20T07:59:30.548" classname="MmaTest/Blackwell1CTAM128SS">
      <skipped message="/opt/pytorch/nvfuser/tests/cpp/utils.h:570&#x0A;skipping tests on non-Blackwell GPUs&#x0A;"><![CDATA[/opt/pytorch/nvfuser/tests/cpp/utils.h:570
skipping tests on non-Blackwell GPUs
]]></skipped>
    </testcase>
    <testcase name="SingleTile/Blackwell1CTA_128_176_16_NT_64B_64B__half" value_param="(8-byte object &lt;10-00 B0-00 80-00 05-00&gt;, __half, 4-byte object &lt;00-00 00-00&gt;, 64B, 64B)" file="/opt/pytorch/nvfuser/tests/cpp/test_mma.cpp" line="1172" status="run" result="skipped" time="0." timestamp="2025-05-20T07:59:30.548" classname="MmaTest/Blackwell1CTAM128SS">
      <skipped message="/opt/pytorch/nvfuser/tests/cpp/utils.h:570&#x0A;skipping tests on non-Blackwell GPUs&#x0A;"><![CDATA[/opt/pytorch/nvfuser/tests/cpp/utils.h:570
skipping tests on non-Blackwell GPUs
]]></skipped>
    </testcase>
    <testcase name="SingleTile/Blackwell1CTA_128_176_16_TN_NoSwizzle_64B__bfloat" value_param="(8-byte object &lt;10-00 B0-00 80-00 05-00&gt;, __bfloat, 4-byte object &lt;02-00 00-00&gt;, NoSwizzle, 64B)" file="/opt/pytorch/nvfuser/tests/cpp/test_mma.cpp" line="1172" status="run" result="skipped" time="0." timestamp="2025-05-20T07:59:30.548" classname="MmaTest/Blackwell1CTAM128SS">
      <skipped message="/opt/pytorch/nvfuser/tests/cpp/utils.h:570&#x0A;skipping tests on non-Blackwell GPUs&#x0A;"><![CDATA[/opt/pytorch/nvfuser/tests/cpp/utils.h:570
skipping tests on non-Blackwell GPUs
]]></skipped>
    </testcase>
    <testcase name="SingleTile/Blackwell1CTA_128_176_16_NT_128B_32B__bfloat" value_param="(8-byte object &lt;10-00 B0-00 80-00 05-00&gt;, __bfloat, 4-byte object &lt;00-00 00-00&gt;, 128B, 32B)" file="/opt/pytorch/nvfuser/tests/cpp/test_mma.cpp" line="1172" status="run" result="skipped" time="0." timestamp="2025-05-20T07:59:30.549" classname="MmaTest/Blackwell1CTAM128SS">
      <skipped message="/opt/pytorch/nvfuser/tests/cpp/utils.h:570&#x0A;skipping tests on non-Blackwell GPUs&#x0A;"><![CDATA[/opt/pytorch/nvfuser/tests/cpp/utils.h:570
skipping tests on non-Blackwell GPUs
]]></skipped>
    </testcase>
    <testcase name="SingleTile/Blackwell1CTA_128_176_16_NN_128B_64B__bfloat" value_param="(8-byte object &lt;10-00 B0-00 80-00 05-00&gt;, __bfloat, 4-byte object &lt;03-00 00-00&gt;, 128B, 64B)" file="/opt/pytorch/nvfuser/tests/cpp/test_mma.cpp" line="1172" status="run" result="skipped" time="0." timestamp="2025-05-20T07:59:30.549" classname="MmaTest/Blackwell1CTAM128SS">
      <skipped message="/opt/pytorch/nvfuser/tests/cpp/utils.h:570&#x0A;skipping tests on non-Blackwell GPUs&#x0A;"><![CDATA[/opt/pytorch/nvfuser/tests/cpp/utils.h:570
skipping tests on non-Blackwell GPUs
]]></skipped>
    </testcase>
    <testcase name="SingleTile/Blackwell1CTA_128_192_16_TT_128B_32B__half" value_param="(8-byte object &lt;10-00 C0-00 80-00 05-00&gt;, __half, 4-byte object &lt;01-00 00-00&gt;, 128B, 32B)" file="/opt/pytorch/nvfuser/tests/cpp/test_mma.cpp" line="1172" status="run" result="skipped" time="0." timestamp="2025-05-20T07:59:30.549" classname="MmaTest/Blackwell1CTAM128SS">
      <skipped message="/opt/pytorch/nvfuser/tests/cpp/utils.h:570&#x0A;skipping tests on non-Blackwell GPUs&#x0A;"><![CDATA[/opt/pytorch/nvfuser/tests/cpp/utils.h:570
skipping tests on non-Blackwell GPUs
]]></skipped>
    </testcase>
    <testcase name="SingleTile/Blackwell1CTA_128_192_16_TN_NoSwizzle_64B__half" value_param="(8-byte object &lt;10-00 C0-00 80-00 05-00&gt;, __half, 4-byte object &lt;02-00 00-00&gt;, NoSwizzle, 64B)" file="/opt/pytorch/nvfuser/tests/cpp/test_mma.cpp" line="1172" status="run" result="skipped" time="0." timestamp="2025-05-20T07:59:30.549" classname="MmaTest/Blackwell1CTAM128SS">
      <skipped message="/opt/pytorch/nvfuser/tests/cpp/utils.h:570&#x0A;skipping tests on non-Blackwell GPUs&#x0A;"><![CDATA[/opt/pytorch/nvfuser/tests/cpp/utils.h:570
skipping tests on non-Blackwell GPUs
]]></skipped>
    </testcase>
    <testcase name="SingleTile/Blackwell1CTA_128_192_16_NT_64B_32B__half" value_param="(8-byte object &lt;10-00 C0-00 80-00 05-00&gt;, __half, 4-byte object &lt;00-00 00-00&gt;, 64B, 32B)" file="/opt/pytorch/nvfuser/tests/cpp/test_mma.cpp" line="1172" status="run" result="skipped" time="0." timestamp="2025-05-20T07:59:30.549" classname="MmaTest/Blackwell1CTAM128SS">
      <skipped message="/opt/pytorch/nvfuser/tests/cpp/utils.h:570&#x0A;skipping tests on non-Blackwell GPUs&#x0A;"><![CDATA[/opt/pytorch/nvfuser/tests/cpp/utils.h:570
skipping tests on non-Blackwell GPUs
]]></skipped>
    </testcase>
    <testcase name="SingleTile/Blackwell1CTA_128_192_16_TT_NoSwizzle_NoSwizzle__bfloat" value_param="(8-byte object &lt;10-00 C0-00 80-00 05-00&gt;, __bfloat, 4-byte object &lt;01-00 00-00&gt;, NoSwizzle, NoSwizzle)" file="/opt/pytorch/nvfuser/tests/cpp/test_mma.cpp" line="1172" status="run" result="skipped" time="0." timestamp="2025-05-20T07:59:30.549" classname="MmaTest/Blackwell1CTAM128SS">
      <skipped message="/opt/pytorch/nvfuser/tests/cpp/utils.h:570&#x0A;skipping tests on non-Blackwell GPUs&#x0A;"><![CDATA[/opt/pytorch/nvfuser/tests/cpp/utils.h:570
skipping tests on non-Blackwell GPUs
]]></skipped>
    </testcase>
    <testcase name="SingleTile/Blackwell1CTA_128_192_16_TN_NoSwizzle_NoSwizzle__bfloat" value_param="(8-byte object &lt;10-00 C0-00 80-00 05-00&gt;, __bfloat, 4-byte object &lt;02-00 00-00&gt;, NoSwizzle, NoSwizzle)" file="/opt/pytorch/nvfuser/tests/cpp/test_mma.cpp" line="1172" status="run" result="skipped" time="0." timestamp="2025-05-20T07:59:30.549" classname="MmaTest/Blackwell1CTAM128SS">
      <skipped message="/opt/pytorch/nvfuser/tests/cpp/utils.h:570&#x0A;skipping tests on non-Blackwell GPUs&#x0A;"><![CDATA[/opt/pytorch/nvfuser/tests/cpp/utils.h:570
skipping tests on non-Blackwell GPUs
]]></skipped>
    </testcase>
    <testcase name="SingleTile/Blackwell1CTA_128_192_16_NN_NoSwizzle_NoSwizzle__bfloat" value_param="(8-byte object &lt;10-00 C0-00 80-00 05-00&gt;, __bfloat, 4-byte object &lt;03-00 00-00&gt;, NoSwizzle, NoSwizzle)" file="/opt/pytorch/nvfuser/tests/cpp/test_mma.cpp" line="1172" status="run" result="skipped" time="0." timestamp="2025-05-20T07:59:30.549" classname="MmaTest/Blackwell1CTAM128SS">
      <skipped message="/opt/pytorch/nvfuser/tests/cpp/utils.h:570&#x0A;skipping tests on non-Blackwell GPUs&#x0A;"><![CDATA[/opt/pytorch/nvfuser/tests/cpp/utils.h:570
skipping tests on non-Blackwell GPUs
]]></skipped>
    </testcase>
    <testcase name="SingleTile/Blackwell1CTA_128_208_16_TT_NoSwizzle_64B__half" value_param="(8-byte object &lt;10-00 D0-00 80-00 05-00&gt;, __half, 4-byte object &lt;01-00 00-00&gt;, NoSwizzle, 64B)" file="/opt/pytorch/nvfuser/tests/cpp/test_mma.cpp" line="1172" status="run" result="skipped" time="0." timestamp="2025-05-20T07:59:30.549" classname="MmaTest/Blackwell1CTAM128SS">
      <skipped message="/opt/pytorch/nvfuser/tests/cpp/utils.h:570&#x0A;skipping tests on non-Blackwell GPUs&#x0A;"><![CDATA[/opt/pytorch/nvfuser/tests/cpp/utils.h:570
skipping tests on non-Blackwell GPUs
]]></skipped>
    </testcase>
    <testcase name="SingleTile/Blackwell1CTA_128_208_16_TT_32B_128B__half" value_param="(8-byte object &lt;10-00 D0-00 80-00 05-00&gt;, __half, 4-byte object &lt;01-00 00-00&gt;, 32B, 128B)" file="/opt/pytorch/nvfuser/tests/cpp/test_mma.cpp" line="1172" status="run" result="skipped" time="0." timestamp="2025-05-20T07:59:30.549" classname="MmaTest/Blackwell1CTAM128SS">
      <skipped message="/opt/pytorch/nvfuser/tests/cpp/utils.h:570&#x0A;skipping tests on non-Blackwell GPUs&#x0A;"><![CDATA[/opt/pytorch/nvfuser/tests/cpp/utils.h:570
skipping tests on non-Blackwell GPUs
]]></skipped>
    </testcase>
    <testcase name="SingleTile/Blackwell1CTA_128_208_16_NT_NoSwizzle_128B__half" value_param="(8-byte object &lt;10-00 D0-00 80-00 05-00&gt;, __half, 4-byte object &lt;00-00 00-00&gt;, NoSwizzle, 128B)" file="/opt/pytorch/nvfuser/tests/cpp/test_mma.cpp" line="1172" status="run" result="skipped" time="0." timestamp="2025-05-20T07:59:30.549" classname="MmaTest/Blackwell1CTAM128SS">
      <skipped message="/opt/pytorch/nvfuser/tests/cpp/utils.h:570&#x0A;skipping tests on non-Blackwell GPUs&#x0A;"><![CDATA[/opt/pytorch/nvfuser/tests/cpp/utils.h:570
skipping tests on non-Blackwell GPUs
]]></skipped>
    </testcase>
    <testcase name="SingleTile/Blackwell1CTA_128_208_16_NN_64B_NoSwizzle__half" value_param="(8-byte object &lt;10-00 D0-00 80-00 05-00&gt;, __half, 4-byte object &lt;03-00 00-00&gt;, 64B, NoSwizzle)" file="/opt/pytorch/nvfuser/tests/cpp/test_mma.cpp" line="1172" status="run" result="skipped" time="0." timestamp="2025-05-20T07:59:30.549" classname="MmaTest/Blackwell1CTAM128SS">
      <skipped message="/opt/pytorch/nvfuser/tests/cpp/utils.h:570&#x0A;skipping tests on non-Blackwell GPUs&#x0A;"><![CDATA[/opt/pytorch/nvfuser/tests/cpp/utils.h:570
skipping tests on non-Blackwell GPUs
]]></skipped>
    </testcase>
    <testcase name="SingleTile/Blackwell1CTA_128_208_16_TT_32B_128B__bfloat" value_param="(8-byte object &lt;10-00 D0-00 80-00 05-00&gt;, __bfloat, 4-byte object &lt;01-00 00-00&gt;, 32B, 128B)" file="/opt/pytorch/nvfuser/tests/cpp/test_mma.cpp" line="1172" status="run" result="skipped" time="0." timestamp="2025-05-20T07:59:30.549" classname="MmaTest/Blackwell1CTAM128SS">
      <skipped message="/opt/pytorch/nvfuser/tests/cpp/utils.h:570&#x0A;skipping tests on non-Blackwell GPUs&#x0A;"><![CDATA[/opt/pytorch/nvfuser/tests/cpp/utils.h:570
skipping tests on non-Blackwell GPUs
]]></skipped>
    </testcase>
    <testcase name="SingleTile/Blackwell1CTA_128_208_16_NT_128B_32B__bfloat" value_param="(8-byte object &lt;10-00 D0-00 80-00 05-00&gt;, __bfloat, 4-byte object &lt;00-00 00-00&gt;, 128B, 32B)" file="/opt/pytorch/nvfuser/tests/cpp/test_mma.cpp" line="1172" status="run" result="skipped" time="0." timestamp="2025-05-20T07:59:30.549" classname="MmaTest/Blackwell1CTAM128SS">
      <skipped message="/opt/pytorch/nvfuser/tests/cpp/utils.h:570&#x0A;skipping tests on non-Blackwell GPUs&#x0A;"><![CDATA[/opt/pytorch/nvfuser/tests/cpp/utils.h:570
skipping tests on non-Blackwell GPUs
]]></skipped>
    </testcase>
    <testcase name="SingleTile/Blackwell1CTA_128_224_16_TT_NoSwizzle_NoSwizzle__half" value_param="(8-byte object &lt;10-00 E0-00 80-00 05-00&gt;, __half, 4-byte object &lt;01-00 00-00&gt;, NoSwizzle, NoSwizzle)" file="/opt/pytorch/nvfuser/tests/cpp/test_mma.cpp" line="1172" status="run" result="skipped" time="0." timestamp="2025-05-20T07:59:30.549" classname="MmaTest/Blackwell1CTAM128SS">
      <skipped message="/opt/pytorch/nvfuser/tests/cpp/utils.h:570&#x0A;skipping tests on non-Blackwell GPUs&#x0A;"><![CDATA[/opt/pytorch/nvfuser/tests/cpp/utils.h:570
skipping tests on non-Blackwell GPUs
]]></skipped>
    </testcase>
    <testcase name="SingleTile/Blackwell1CTA_128_224_16_TN_64B_64B__half" value_param="(8-byte object &lt;10-00 E0-00 80-00 05-00&gt;, __half, 4-byte object &lt;02-00 00-00&gt;, 64B, 64B)" file="/opt/pytorch/nvfuser/tests/cpp/test_mma.cpp" line="1172" status="run" result="skipped" time="0." timestamp="2025-05-20T07:59:30.549" classname="MmaTest/Blackwell1CTAM128SS">
      <skipped message="/opt/pytorch/nvfuser/tests/cpp/utils.h:570&#x0A;skipping tests on non-Blackwell GPUs&#x0A;"><![CDATA[/opt/pytorch/nvfuser/tests/cpp/utils.h:570
skipping tests on non-Blackwell GPUs
]]></skipped>
    </testcase>
    <testcase name="SingleTile/Blackwell1CTA_128_224_16_NT_128B_128B__half" value_param="(8-byte object &lt;10-00 E0-00 80-00 05-00&gt;, __half, 4-byte object &lt;00-00 00-00&gt;, 128B, 128B)" file="/opt/pytorch/nvfuser/tests/cpp/test_mma.cpp" line="1172" status="run" result="skipped" time="0." timestamp="2025-05-20T07:59:30.549" classname="MmaTest/Blackwell1CTAM128SS">
      <skipped message="/opt/pytorch/nvfuser/tests/cpp/utils.h:570&#x0A;skipping tests on non-Blackwell GPUs&#x0A;"><![CDATA[/opt/pytorch/nvfuser/tests/cpp/utils.h:570
skipping tests on non-Blackwell GPUs
]]></skipped>
    </testcase>
    <testcase name="SingleTile/Blackwell1CTA_128_224_16_TT_32B_32B__bfloat" value_param="(8-byte object &lt;10-00 E0-00 80-00 05-00&gt;, __bfloat, 4-byte object &lt;01-00 00-00&gt;, 32B, 32B)" file="/opt/pytorch/nvfuser/tests/cpp/test_mma.cpp" line="1172" status="run" result="skipped" time="0." timestamp="2025-05-20T07:59:30.549" classname="MmaTest/Blackwell1CTAM128SS">
      <skipped message="/opt/pytorch/nvfuser/tests/cpp/utils.h:570&#x0A;skipping tests on non-Blackwell GPUs&#x0A;"><![CDATA[/opt/pytorch/nvfuser/tests/cpp/utils.h:570
skipping tests on non-Blackwell GPUs
]]></skipped>
    </testcase>
    <testcase name="SingleTile/Blackwell1CTA_128_224_16_NT_NoSwizzle_32B__bfloat" value_param="(8-byte object &lt;10-00 E0-00 80-00 05-00&gt;, __bfloat, 4-byte object &lt;00-00 00-00&gt;, NoSwizzle, 32B)" file="/opt/pytorch/nvfuser/tests/cpp/test_mma.cpp" line="1172" status="run" result="skipped" time="0." timestamp="2025-05-20T07:59:30.549" classname="MmaTest/Blackwell1CTAM128SS">
      <skipped message="/opt/pytorch/nvfuser/tests/cpp/utils.h:570&#x0A;skipping tests on non-Blackwell GPUs&#x0A;"><![CDATA[/opt/pytorch/nvfuser/tests/cpp/utils.h:570
skipping tests on non-Blackwell GPUs
]]></skipped>
    </testcase>
    <testcase name="SingleTile/Blackwell1CTA_128_224_16_NN_32B_64B__bfloat" value_param="(8-byte object &lt;10-00 E0-00 80-00 05-00&gt;, __bfloat, 4-byte object &lt;03-00 00-00&gt;, 32B, 64B)" file="/opt/pytorch/nvfuser/tests/cpp/test_mma.cpp" line="1172" status="run" result="skipped" time="0." timestamp="2025-05-20T07:59:30.549" classname="MmaTest/Blackwell1CTAM128SS">
      <skipped message="/opt/pytorch/nvfuser/tests/cpp/utils.h:570&#x0A;skipping tests on non-Blackwell GPUs&#x0A;"><![CDATA[/opt/pytorch/nvfuser/tests/cpp/utils.h:570
skipping tests on non-Blackwell GPUs
]]></skipped>
    </testcase>
    <testcase name="SingleTile/Blackwell1CTA_128_240_16_TN_128B_64B__half" value_param="(8-byte object &lt;10-00 F0-00 80-00 05-00&gt;, __half, 4-byte object &lt;02-00 00-00&gt;, 128B, 64B)" file="/opt/pytorch/nvfuser/tests/cpp/test_mma.cpp" line="1172" status="run" result="skipped" time="0." timestamp="2025-05-20T07:59:30.549" classname="MmaTest/Blackwell1CTAM128SS">
      <skipped message="/opt/pytorch/nvfuser/tests/cpp/utils.h:570&#x0A;skipping tests on non-Blackwell GPUs&#x0A;"><![CDATA[/opt/pytorch/nvfuser/tests/cpp/utils.h:570
skipping tests on non-Blackwell GPUs
]]></skipped>
    </testcase>
    <testcase name="SingleTile/Blackwell1CTA_128_240_16_NN_32B_32B__half" value_param="(8-byte object &lt;10-00 F0-00 80-00 05-00&gt;, __half, 4-byte object &lt;03-00 00-00&gt;, 32B, 32B)" file="/opt/pytorch/nvfuser/tests/cpp/test_mma.cpp" line="1172" status="run" result="skipped" time="0." timestamp="2025-05-20T07:59:30.549" classname="MmaTest/Blackwell1CTAM128SS">
      <skipped message="/opt/pytorch/nvfuser/tests/cpp/utils.h:570&#x0A;skipping tests on non-Blackwell GPUs&#x0A;"><![CDATA[/opt/pytorch/nvfuser/tests/cpp/utils.h:570
skipping tests on non-Blackwell GPUs
]]></skipped>
    </testcase>
    <testcase name="SingleTile/Blackwell1CTA_128_240_16_TT_32B_32B__bfloat" value_param="(8-byte object &lt;10-00 F0-00 80-00 05-00&gt;, __bfloat, 4-byte object &lt;01-00 00-00&gt;, 32B, 32B)" file="/opt/pytorch/nvfuser/tests/cpp/test_mma.cpp" line="1172" status="run" result="skipped" time="0." timestamp="2025-05-20T07:59:30.549" classname="MmaTest/Blackwell1CTAM128SS">
      <skipped message="/opt/pytorch/nvfuser/tests/cpp/utils.h:570&#x0A;skipping tests on non-Blackwell GPUs&#x0A;"><![CDATA[/opt/pytorch/nvfuser/tests/cpp/utils.h:570
skipping tests on non-Blackwell GPUs
]]></skipped>
    </testcase>
    <testcase name="SingleTile/Blackwell1CTA_128_240_16_NT_NoSwizzle_NoSwizzle__bfloat" value_param="(8-byte object &lt;10-00 F0-00 80-00 05-00&gt;, __bfloat, 4-byte object &lt;00-00 00-00&gt;, NoSwizzle, NoSwizzle)" file="/opt/pytorch/nvfuser/tests/cpp/test_mma.cpp" line="1172" status="run" result="skipped" time="0." timestamp="2025-05-20T07:59:30.549" classname="MmaTest/Blackwell1CTAM128SS">
      <skipped message="/opt/pytorch/nvfuser/tests/cpp/utils.h:570&#x0A;skipping tests on non-Blackwell GPUs&#x0A;"><![CDATA[/opt/pytorch/nvfuser/tests/cpp/utils.h:570
skipping tests on non-Blackwell GPUs
]]></skipped>
    </testcase>
    <testcase name="SingleTile/Blackwell1CTA_128_240_16_NN_128B_64B__bfloat" value_param="(8-byte object &lt;10-00 F0-00 80-00 05-00&gt;, __bfloat, 4-byte object &lt;03-00 00-00&gt;, 128B, 64B)" file="/opt/pytorch/nvfuser/tests/cpp/test_mma.cpp" line="1172" status="run" result="skipped" time="0." timestamp="2025-05-20T07:59:30.549" classname="MmaTest/Blackwell1CTAM128SS">
      <skipped message="/opt/pytorch/nvfuser/tests/cpp/utils.h:570&#x0A;skipping tests on non-Blackwell GPUs&#x0A;"><![CDATA[/opt/pytorch/nvfuser/tests/cpp/utils.h:570
skipping tests on non-Blackwell GPUs
]]></skipped>
    </testcase>
    <testcase name="SingleTile/Blackwell1CTA_128_256_16_TN_128B_NoSwizzle__half" value_param="(8-byte object &lt;10-00 00-01 80-00 05-00&gt;, __half, 4-byte object &lt;02-00 00-00&gt;, 128B, NoSwizzle)" file="/opt/pytorch/nvfuser/tests/cpp/test_mma.cpp" line="1172" status="run" result="skipped" time="0." timestamp="2025-05-20T07:59:30.549" classname="MmaTest/Blackwell1CTAM128SS">
      <skipped message="/opt/pytorch/nvfuser/tests/cpp/utils.h:570&#x0A;skipping tests on non-Blackwell GPUs&#x0A;"><![CDATA[/opt/pytorch/nvfuser/tests/cpp/utils.h:570
skipping tests on non-Blackwell GPUs
]]></skipped>
    </testcase>
    <testcase name="SingleTile/Blackwell1CTA_128_256_16_TT_128B_128B__bfloat" value_param="(8-byte object &lt;10-00 00-01 80-00 05-00&gt;, __bfloat, 4-byte object &lt;01-00 00-00&gt;, 128B, 128B)" file="/opt/pytorch/nvfuser/tests/cpp/test_mma.cpp" line="1172" status="run" result="skipped" time="0." timestamp="2025-05-20T07:59:30.549" classname="MmaTest/Blackwell1CTAM128SS">
      <skipped message="/opt/pytorch/nvfuser/tests/cpp/utils.h:570&#x0A;skipping tests on non-Blackwell GPUs&#x0A;"><![CDATA[/opt/pytorch/nvfuser/tests/cpp/utils.h:570
skipping tests on non-Blackwell GPUs
]]></skipped>
    </testcase>
    <testcase name="SingleTile/Blackwell1CTA_128_256_16_TN_64B_32B__bfloat" value_param="(8-byte object &lt;10-00 00-01 80-00 05-00&gt;, __bfloat, 4-byte object &lt;02-00 00-00&gt;, 64B, 32B)" file="/opt/pytorch/nvfuser/tests/cpp/test_mma.cpp" line="1172" status="run" result="skipped" time="0." timestamp="2025-05-20T07:59:30.549" classname="MmaTest/Blackwell1CTAM128SS">
      <skipped message="/opt/pytorch/nvfuser/tests/cpp/utils.h:570&#x0A;skipping tests on non-Blackwell GPUs&#x0A;"><![CDATA[/opt/pytorch/nvfuser/tests/cpp/utils.h:570
skipping tests on non-Blackwell GPUs
]]></skipped>
    </testcase>
    <testcase name="SingleTile/Blackwell1CTA_128_256_16_NN_64B_128B__bfloat" value_param="(8-byte object &lt;10-00 00-01 80-00 05-00&gt;, __bfloat, 4-byte object &lt;03-00 00-00&gt;, 64B, 128B)" file="/opt/pytorch/nvfuser/tests/cpp/test_mma.cpp" line="1172" status="run" result="skipped" time="0." timestamp="2025-05-20T07:59:30.549" classname="MmaTest/Blackwell1CTAM128SS">
      <skipped message="/opt/pytorch/nvfuser/tests/cpp/utils.h:570&#x0A;skipping tests on non-Blackwell GPUs&#x0A;"><![CDATA[/opt/pytorch/nvfuser/tests/cpp/utils.h:570
skipping tests on non-Blackwell GPUs
]]></skipped>
    </testcase>
    <testcase name="MultipleTile/Blackwell1CTA_128_16_16_TT_NoSwizzle_64B__half" value_param="(8-byte object &lt;10-00 10-00 80-00 05-00&gt;, __half, 4-byte object &lt;01-00 00-00&gt;, NoSwizzle, 64B)" file="/opt/pytorch/nvfuser/tests/cpp/test_mma.cpp" line="1281" status="run" result="skipped" time="0." timestamp="2025-05-20T07:59:30.549" classname="MmaTest/Blackwell1CTAM128SS">
      <skipped message="/opt/pytorch/nvfuser/tests/cpp/utils.h:570&#x0A;skipping tests on non-Blackwell GPUs&#x0A;"><![CDATA[/opt/pytorch/nvfuser/tests/cpp/utils.h:570
skipping tests on non-Blackwell GPUs
]]></skipped>
    </testcase>
    <testcase name="MultipleTile/Blackwell1CTA_128_16_16_TT_64B_NoSwizzle__half" value_param="(8-byte object &lt;10-00 10-00 80-00 05-00&gt;, __half, 4-byte object &lt;01-00 00-00&gt;, 64B, NoSwizzle)" file="/opt/pytorch/nvfuser/tests/cpp/test_mma.cpp" line="1281" status="run" result="skipped" time="0." timestamp="2025-05-20T07:59:30.549" classname="MmaTest/Blackwell1CTAM128SS">
      <skipped message="/opt/pytorch/nvfuser/tests/cpp/utils.h:570&#x0A;skipping tests on non-Blackwell GPUs&#x0A;"><![CDATA[/opt/pytorch/nvfuser/tests/cpp/utils.h:570
skipping tests on non-Blackwell GPUs
]]></skipped>
    </testcase>
    <testcase name="MultipleTile/Blackwell1CTA_128_16_16_NT_NoSwizzle_NoSwizzle__half" value_param="(8-byte object &lt;10-00 10-00 80-00 05-00&gt;, __half, 4-byte object &lt;00-00 00-00&gt;, NoSwizzle, NoSwizzle)" file="/opt/pytorch/nvfuser/tests/cpp/test_mma.cpp" line="1281" status="run" result="skipped" time="0." timestamp="2025-05-20T07:59:30.549" classname="MmaTest/Blackwell1CTAM128SS">
      <skipped message="/opt/pytorch/nvfuser/tests/cpp/utils.h:570&#x0A;skipping tests on non-Blackwell GPUs&#x0A;"><![CDATA[/opt/pytorch/nvfuser/tests/cpp/utils.h:570
skipping tests on non-Blackwell GPUs
]]></skipped>
    </testcase>
    <testcase name="MultipleTile/Blackwell1CTA_128_16_16_NN_128B_32B__half" value_param="(8-byte object &lt;10-00 10-00 80-00 05-00&gt;, __half, 4-byte object &lt;03-00 00-00&gt;, 128B, 32B)" file="/opt/pytorch/nvfuser/tests/cpp/test_mma.cpp" line="1281" status="run" result="skipped" time="0." timestamp="2025-05-20T07:59:30.549" classname="MmaTest/Blackwell1CTAM128SS">
      <skipped message="/opt/pytorch/nvfuser/tests/cpp/utils.h:570&#x0A;skipping tests on non-Blackwell GPUs&#x0A;"><![CDATA[/opt/pytorch/nvfuser/tests/cpp/utils.h:570
skipping tests on non-Blackwell GPUs
]]></skipped>
    </testcase>
    <testcase name="MultipleTile/Blackwell1CTA_128_16_16_TT_NoSwizzle_64B__bfloat" value_param="(8-byte object &lt;10-00 10-00 80-00 05-00&gt;, __bfloat, 4-byte object &lt;01-00 00-00&gt;, NoSwizzle, 64B)" file="/opt/pytorch/nvfuser/tests/cpp/test_mma.cpp" line="1281" status="run" result="skipped" time="0." timestamp="2025-05-20T07:59:30.549" classname="MmaTest/Blackwell1CTAM128SS">
      <skipped message="/opt/pytorch/nvfuser/tests/cpp/utils.h:570&#x0A;skipping tests on non-Blackwell GPUs&#x0A;"><![CDATA[/opt/pytorch/nvfuser/tests/cpp/utils.h:570
skipping tests on non-Blackwell GPUs
]]></skipped>
    </testcase>
    <testcase name="MultipleTile/Blackwell1CTA_128_16_16_NT_NoSwizzle_NoSwizzle__bfloat" value_param="(8-byte object &lt;10-00 10-00 80-00 05-00&gt;, __bfloat, 4-byte object &lt;00-00 00-00&gt;, NoSwizzle, NoSwizzle)" file="/opt/pytorch/nvfuser/tests/cpp/test_mma.cpp" line="1281" status="run" result="skipped" time="0." timestamp="2025-05-20T07:59:30.549" classname="MmaTest/Blackwell1CTAM128SS">
      <skipped message="/opt/pytorch/nvfuser/tests/cpp/utils.h:570&#x0A;skipping tests on non-Blackwell GPUs&#x0A;"><![CDATA[/opt/pytorch/nvfuser/tests/cpp/utils.h:570
skipping tests on non-Blackwell GPUs
]]></skipped>
    </testcase>
    <testcase name="MultipleTile/Blackwell1CTA_128_16_16_NN_32B_32B__bfloat" value_param="(8-byte object &lt;10-00 10-00 80-00 05-00&gt;, __bfloat, 4-byte object &lt;03-00 00-00&gt;, 32B, 32B)" file="/opt/pytorch/nvfuser/tests/cpp/test_mma.cpp" line="1281" status="run" result="skipped" time="0." timestamp="2025-05-20T07:59:30.549" classname="MmaTest/Blackwell1CTAM128SS">
      <skipped message="/opt/pytorch/nvfuser/tests/cpp/utils.h:570&#x0A;skipping tests on non-Blackwell GPUs&#x0A;"><![CDATA[/opt/pytorch/nvfuser/tests/cpp/utils.h:570
skipping tests on non-Blackwell GPUs
]]></skipped>
    </testcase>
    <testcase name="MultipleTile/Blackwell1CTA_128_32_16_TT_64B_64B__half" value_param="(8-byte object &lt;10-00 20-00 80-00 05-00&gt;, __half, 4-byte object &lt;01-00 00-00&gt;, 64B, 64B)" file="/opt/pytorch/nvfuser/tests/cpp/test_mma.cpp" line="1281" status="run" result="skipped" time="0." timestamp="2025-05-20T07:59:30.549" classname="MmaTest/Blackwell1CTAM128SS">
      <skipped message="/opt/pytorch/nvfuser/tests/cpp/utils.h:570&#x0A;skipping tests on non-Blackwell GPUs&#x0A;"><![CDATA[/opt/pytorch/nvfuser/tests/cpp/utils.h:570
skipping tests on non-Blackwell GPUs
]]></skipped>
    </testcase>
    <testcase name="MultipleTile/Blackwell1CTA_128_32_16_TN_32B_64B__bfloat" value_param="(8-byte object &lt;10-00 20-00 80-00 05-00&gt;, __bfloat, 4-byte object &lt;02-00 00-00&gt;, 32B, 64B)" file="/opt/pytorch/nvfuser/tests/cpp/test_mma.cpp" line="1281" status="run" result="skipped" time="0." timestamp="2025-05-20T07:59:30.549" classname="MmaTest/Blackwell1CTAM128SS">
      <skipped message="/opt/pytorch/nvfuser/tests/cpp/utils.h:570&#x0A;skipping tests on non-Blackwell GPUs&#x0A;"><![CDATA[/opt/pytorch/nvfuser/tests/cpp/utils.h:570
skipping tests on non-Blackwell GPUs
]]></skipped>
    </testcase>
    <testcase name="MultipleTile/Blackwell1CTA_128_32_16_NN_64B_32B__bfloat" value_param="(8-byte object &lt;10-00 20-00 80-00 05-00&gt;, __bfloat, 4-byte object &lt;03-00 00-00&gt;, 64B, 32B)" file="/opt/pytorch/nvfuser/tests/cpp/test_mma.cpp" line="1281" status="run" result="skipped" time="0." timestamp="2025-05-20T07:59:30.549" classname="MmaTest/Blackwell1CTAM128SS">
      <skipped message="/opt/pytorch/nvfuser/tests/cpp/utils.h:570&#x0A;skipping tests on non-Blackwell GPUs&#x0A;"><![CDATA[/opt/pytorch/nvfuser/tests/cpp/utils.h:570
skipping tests on non-Blackwell GPUs
]]></skipped>
    </testcase>
    <testcase name="MultipleTile/Blackwell1CTA_128_48_16_TN_32B_NoSwizzle__half" value_param="(8-byte object &lt;10-00 30-00 80-00 05-00&gt;, __half, 4-byte object &lt;02-00 00-00&gt;, 32B, NoSwizzle)" file="/opt/pytorch/nvfuser/tests/cpp/test_mma.cpp" line="1281" status="run" result="skipped" time="0." timestamp="2025-05-20T07:59:30.549" classname="MmaTest/Blackwell1CTAM128SS">
      <skipped message="/opt/pytorch/nvfuser/tests/cpp/utils.h:570&#x0A;skipping tests on non-Blackwell GPUs&#x0A;"><![CDATA[/opt/pytorch/nvfuser/tests/cpp/utils.h:570
skipping tests on non-Blackwell GPUs
]]></skipped>
    </testcase>
    <testcase name="MultipleTile/Blackwell1CTA_128_48_16_TT_128B_NoSwizzle__bfloat" value_param="(8-byte object &lt;10-00 30-00 80-00 05-00&gt;, __bfloat, 4-byte object &lt;01-00 00-00&gt;, 128B, NoSwizzle)" file="/opt/pytorch/nvfuser/tests/cpp/test_mma.cpp" line="1281" status="run" result="skipped" time="0." timestamp="2025-05-20T07:59:30.549" classname="MmaTest/Blackwell1CTAM128SS">
      <skipped message="/opt/pytorch/nvfuser/tests/cpp/utils.h:570&#x0A;skipping tests on non-Blackwell GPUs&#x0A;"><![CDATA[/opt/pytorch/nvfuser/tests/cpp/utils.h:570
skipping tests on non-Blackwell GPUs
]]></skipped>
    </testcase>
    <testcase name="MultipleTile/Blackwell1CTA_128_48_16_TT_32B_128B__bfloat" value_param="(8-byte object &lt;10-00 30-00 80-00 05-00&gt;, __bfloat, 4-byte object &lt;01-00 00-00&gt;, 32B, 128B)" file="/opt/pytorch/nvfuser/tests/cpp/test_mma.cpp" line="1281" status="run" result="skipped" time="0." timestamp="2025-05-20T07:59:30.549" classname="MmaTest/Blackwell1CTAM128SS">
      <skipped message="/opt/pytorch/nvfuser/tests/cpp/utils.h:570&#x0A;skipping tests on non-Blackwell GPUs&#x0A;"><![CDATA[/opt/pytorch/nvfuser/tests/cpp/utils.h:570
skipping tests on non-Blackwell GPUs
]]></skipped>
    </testcase>
    <testcase name="MultipleTile/Blackwell1CTA_128_48_16_TN_NoSwizzle_32B__bfloat" value_param="(8-byte object &lt;10-00 30-00 80-00 05-00&gt;, __bfloat, 4-byte object &lt;02-00 00-00&gt;, NoSwizzle, 32B)" file="/opt/pytorch/nvfuser/tests/cpp/test_mma.cpp" line="1281" status="run" result="skipped" time="0." timestamp="2025-05-20T07:59:30.549" classname="MmaTest/Blackwell1CTAM128SS">
      <skipped message="/opt/pytorch/nvfuser/tests/cpp/utils.h:570&#x0A;skipping tests on non-Blackwell GPUs&#x0A;"><![CDATA[/opt/pytorch/nvfuser/tests/cpp/utils.h:570
skipping tests on non-Blackwell GPUs
]]></skipped>
    </testcase>
    <testcase name="MultipleTile/Blackwell1CTA_128_48_16_NT_128B_128B__bfloat" value_param="(8-byte object &lt;10-00 30-00 80-00 05-00&gt;, __bfloat, 4-byte object &lt;00-00 00-00&gt;, 128B, 128B)" file="/opt/pytorch/nvfuser/tests/cpp/test_mma.cpp" line="1281" status="run" result="skipped" time="0." timestamp="2025-05-20T07:59:30.549" classname="MmaTest/Blackwell1CTAM128SS">
      <skipped message="/opt/pytorch/nvfuser/tests/cpp/utils.h:570&#x0A;skipping tests on non-Blackwell GPUs&#x0A;"><![CDATA[/opt/pytorch/nvfuser/tests/cpp/utils.h:570
skipping tests on non-Blackwell GPUs
]]></skipped>
    </testcase>
    <testcase name="MultipleTile/Blackwell1CTA_128_48_16_NT_32B_32B__bfloat" value_param="(8-byte object &lt;10-00 30-00 80-00 05-00&gt;, __bfloat, 4-byte object &lt;00-00 00-00&gt;, 32B, 32B)" file="/opt/pytorch/nvfuser/tests/cpp/test_mma.cpp" line="1281" status="run" result="skipped" time="0." timestamp="2025-05-20T07:59:30.549" classname="MmaTest/Blackwell1CTAM128SS">
      <skipped message="/opt/pytorch/nvfuser/tests/cpp/utils.h:570&#x0A;skipping tests on non-Blackwell GPUs&#x0A;"><![CDATA[/opt/pytorch/nvfuser/tests/cpp/utils.h:570
skipping tests on non-Blackwell GPUs
]]></skipped>
    </testcase>
    <testcase name="MultipleTile/Blackwell1CTA_128_64_16_TT_NoSwizzle_NoSwizzle__half" value_param="(8-byte object &lt;10-00 40-00 80-00 05-00&gt;, __half, 4-byte object &lt;01-00 00-00&gt;, NoSwizzle, NoSwizzle)" file="/opt/pytorch/nvfuser/tests/cpp/test_mma.cpp" line="1281" status="run" result="skipped" time="0." timestamp="2025-05-20T07:59:30.549" classname="MmaTest/Blackwell1CTAM128SS">
      <skipped message="/opt/pytorch/nvfuser/tests/cpp/utils.h:570&#x0A;skipping tests on non-Blackwell GPUs&#x0A;"><![CDATA[/opt/pytorch/nvfuser/tests/cpp/utils.h:570
skipping tests on non-Blackwell GPUs
]]></skipped>
    </testcase>
    <testcase name="MultipleTile/Blackwell1CTA_128_64_16_TT_32B_NoSwizzle__half" value_param="(8-byte object &lt;10-00 40-00 80-00 05-00&gt;, __half, 4-byte object &lt;01-00 00-00&gt;, 32B, NoSwizzle)" file="/opt/pytorch/nvfuser/tests/cpp/test_mma.cpp" line="1281" status="run" result="skipped" time="0." timestamp="2025-05-20T07:59:30.549" classname="MmaTest/Blackwell1CTAM128SS">
      <skipped message="/opt/pytorch/nvfuser/tests/cpp/utils.h:570&#x0A;skipping tests on non-Blackwell GPUs&#x0A;"><![CDATA[/opt/pytorch/nvfuser/tests/cpp/utils.h:570
skipping tests on non-Blackwell GPUs
]]></skipped>
    </testcase>
    <testcase name="MultipleTile/Blackwell1CTA_128_64_16_TN_NoSwizzle_32B__half" value_param="(8-byte object &lt;10-00 40-00 80-00 05-00&gt;, __half, 4-byte object &lt;02-00 00-00&gt;, NoSwizzle, 32B)" file="/opt/pytorch/nvfuser/tests/cpp/test_mma.cpp" line="1281" status="run" result="skipped" time="0." timestamp="2025-05-20T07:59:30.549" classname="MmaTest/Blackwell1CTAM128SS">
      <skipped message="/opt/pytorch/nvfuser/tests/cpp/utils.h:570&#x0A;skipping tests on non-Blackwell GPUs&#x0A;"><![CDATA[/opt/pytorch/nvfuser/tests/cpp/utils.h:570
skipping tests on non-Blackwell GPUs
]]></skipped>
    </testcase>
    <testcase name="MultipleTile/Blackwell1CTA_128_64_16_NT_64B_NoSwizzle__half" value_param="(8-byte object &lt;10-00 40-00 80-00 05-00&gt;, __half, 4-byte object &lt;00-00 00-00&gt;, 64B, NoSwizzle)" file="/opt/pytorch/nvfuser/tests/cpp/test_mma.cpp" line="1281" status="run" result="skipped" time="0." timestamp="2025-05-20T07:59:30.549" classname="MmaTest/Blackwell1CTAM128SS">
      <skipped message="/opt/pytorch/nvfuser/tests/cpp/utils.h:570&#x0A;skipping tests on non-Blackwell GPUs&#x0A;"><![CDATA[/opt/pytorch/nvfuser/tests/cpp/utils.h:570
skipping tests on non-Blackwell GPUs
]]></skipped>
    </testcase>
    <testcase name="MultipleTile/Blackwell1CTA_128_64_16_TT_128B_32B__bfloat" value_param="(8-byte object &lt;10-00 40-00 80-00 05-00&gt;, __bfloat, 4-byte object &lt;01-00 00-00&gt;, 128B, 32B)" file="/opt/pytorch/nvfuser/tests/cpp/test_mma.cpp" line="1281" status="run" result="skipped" time="0." timestamp="2025-05-20T07:59:30.549" classname="MmaTest/Blackwell1CTAM128SS">
      <skipped message="/opt/pytorch/nvfuser/tests/cpp/utils.h:570&#x0A;skipping tests on non-Blackwell GPUs&#x0A;"><![CDATA[/opt/pytorch/nvfuser/tests/cpp/utils.h:570
skipping tests on non-Blackwell GPUs
]]></skipped>
    </testcase>
    <testcase name="MultipleTile/Blackwell1CTA_128_64_16_NT_128B_32B__bfloat" value_param="(8-byte object &lt;10-00 40-00 80-00 05-00&gt;, __bfloat, 4-byte object &lt;00-00 00-00&gt;, 128B, 32B)" file="/opt/pytorch/nvfuser/tests/cpp/test_mma.cpp" line="1281" status="run" result="skipped" time="0." timestamp="2025-05-20T07:59:30.549" classname="MmaTest/Blackwell1CTAM128SS">
      <skipped message="/opt/pytorch/nvfuser/tests/cpp/utils.h:570&#x0A;skipping tests on non-Blackwell GPUs&#x0A;"><![CDATA[/opt/pytorch/nvfuser/tests/cpp/utils.h:570
skipping tests on non-Blackwell GPUs
]]></skipped>
    </testcase>
    <testcase name="MultipleTile/Blackwell1CTA_128_64_16_NN_32B_NoSwizzle__bfloat" value_param="(8-byte object &lt;10-00 40-00 80-00 05-00&gt;, __bfloat, 4-byte object &lt;03-00 00-00&gt;, 32B, NoSwizzle)" file="/opt/pytorch/nvfuser/tests/cpp/test_mma.cpp" line="1281" status="run" result="skipped" time="0." timestamp="2025-05-20T07:59:30.549" classname="MmaTest/Blackwell1CTAM128SS">
      <skipped message="/opt/pytorch/nvfuser/tests/cpp/utils.h:570&#x0A;skipping tests on non-Blackwell GPUs&#x0A;"><![CDATA[/opt/pytorch/nvfuser/tests/cpp/utils.h:570
skipping tests on non-Blackwell GPUs
]]></skipped>
    </testcase>
    <testcase name="MultipleTile/Blackwell1CTA_128_80_16_TT_128B_64B__half" value_param="(8-byte object &lt;10-00 50-00 80-00 05-00&gt;, __half, 4-byte object &lt;01-00 00-00&gt;, 128B, 64B)" file="/opt/pytorch/nvfuser/tests/cpp/test_mma.cpp" line="1281" status="run" result="skipped" time="0." timestamp="2025-05-20T07:59:30.549" classname="MmaTest/Blackwell1CTAM128SS">
      <skipped message="/opt/pytorch/nvfuser/tests/cpp/utils.h:570&#x0A;skipping tests on non-Blackwell GPUs&#x0A;"><![CDATA[/opt/pytorch/nvfuser/tests/cpp/utils.h:570
skipping tests on non-Blackwell GPUs
]]></skipped>
    </testcase>
    <testcase name="MultipleTile/Blackwell1CTA_128_80_16_NT_NoSwizzle_64B__half" value_param="(8-byte object &lt;10-00 50-00 80-00 05-00&gt;, __half, 4-byte object &lt;00-00 00-00&gt;, NoSwizzle, 64B)" file="/opt/pytorch/nvfuser/tests/cpp/test_mma.cpp" line="1281" status="run" result="skipped" time="0." timestamp="2025-05-20T07:59:30.549" classname="MmaTest/Blackwell1CTAM128SS">
      <skipped message="/opt/pytorch/nvfuser/tests/cpp/utils.h:570&#x0A;skipping tests on non-Blackwell GPUs&#x0A;"><![CDATA[/opt/pytorch/nvfuser/tests/cpp/utils.h:570
skipping tests on non-Blackwell GPUs
]]></skipped>
    </testcase>
    <testcase name="MultipleTile/Blackwell1CTA_128_80_16_TT_128B_128B__bfloat" value_param="(8-byte object &lt;10-00 50-00 80-00 05-00&gt;, __bfloat, 4-byte object &lt;01-00 00-00&gt;, 128B, 128B)" file="/opt/pytorch/nvfuser/tests/cpp/test_mma.cpp" line="1281" status="run" result="skipped" time="0." timestamp="2025-05-20T07:59:30.549" classname="MmaTest/Blackwell1CTAM128SS">
      <skipped message="/opt/pytorch/nvfuser/tests/cpp/utils.h:570&#x0A;skipping tests on non-Blackwell GPUs&#x0A;"><![CDATA[/opt/pytorch/nvfuser/tests/cpp/utils.h:570
skipping tests on non-Blackwell GPUs
]]></skipped>
    </testcase>
    <testcase name="MultipleTile/Blackwell1CTA_128_80_16_TN_32B_NoSwizzle__bfloat" value_param="(8-byte object &lt;10-00 50-00 80-00 05-00&gt;, __bfloat, 4-byte object &lt;02-00 00-00&gt;, 32B, NoSwizzle)" file="/opt/pytorch/nvfuser/tests/cpp/test_mma.cpp" line="1281" status="run" result="skipped" time="0." timestamp="2025-05-20T07:59:30.549" classname="MmaTest/Blackwell1CTAM128SS">
      <skipped message="/opt/pytorch/nvfuser/tests/cpp/utils.h:570&#x0A;skipping tests on non-Blackwell GPUs&#x0A;"><![CDATA[/opt/pytorch/nvfuser/tests/cpp/utils.h:570
skipping tests on non-Blackwell GPUs
]]></skipped>
    </testcase>
    <testcase name="MultipleTile/Blackwell1CTA_128_80_16_NN_NoSwizzle_NoSwizzle__bfloat" value_param="(8-byte object &lt;10-00 50-00 80-00 05-00&gt;, __bfloat, 4-byte object &lt;03-00 00-00&gt;, NoSwizzle, NoSwizzle)" file="/opt/pytorch/nvfuser/tests/cpp/test_mma.cpp" line="1281" status="run" result="skipped" time="0." timestamp="2025-05-20T07:59:30.549" classname="MmaTest/Blackwell1CTAM128SS">
      <skipped message="/opt/pytorch/nvfuser/tests/cpp/utils.h:570&#x0A;skipping tests on non-Blackwell GPUs&#x0A;"><![CDATA[/opt/pytorch/nvfuser/tests/cpp/utils.h:570
skipping tests on non-Blackwell GPUs
]]></skipped>
    </testcase>
    <testcase name="MultipleTile/Blackwell1CTA_128_96_16_TN_64B_32B__half" value_param="(8-byte object &lt;10-00 60-00 80-00 05-00&gt;, __half, 4-byte object &lt;02-00 00-00&gt;, 64B, 32B)" file="/opt/pytorch/nvfuser/tests/cpp/test_mma.cpp" line="1281" status="run" result="skipped" time="0." timestamp="2025-05-20T07:59:30.549" classname="MmaTest/Blackwell1CTAM128SS">
      <skipped message="/opt/pytorch/nvfuser/tests/cpp/utils.h:570&#x0A;skipping tests on non-Blackwell GPUs&#x0A;"><![CDATA[/opt/pytorch/nvfuser/tests/cpp/utils.h:570
skipping tests on non-Blackwell GPUs
]]></skipped>
    </testcase>
    <testcase name="MultipleTile/Blackwell1CTA_128_96_16_NT_128B_NoSwizzle__half" value_param="(8-byte object &lt;10-00 60-00 80-00 05-00&gt;, __half, 4-byte object &lt;00-00 00-00&gt;, 128B, NoSwizzle)" file="/opt/pytorch/nvfuser/tests/cpp/test_mma.cpp" line="1281" status="run" result="skipped" time="0." timestamp="2025-05-20T07:59:30.549" classname="MmaTest/Blackwell1CTAM128SS">
      <skipped message="/opt/pytorch/nvfuser/tests/cpp/utils.h:570&#x0A;skipping tests on non-Blackwell GPUs&#x0A;"><![CDATA[/opt/pytorch/nvfuser/tests/cpp/utils.h:570
skipping tests on non-Blackwell GPUs
]]></skipped>
    </testcase>
    <testcase name="MultipleTile/Blackwell1CTA_128_96_16_NN_32B_32B__half" value_param="(8-byte object &lt;10-00 60-00 80-00 05-00&gt;, __half, 4-byte object &lt;03-00 00-00&gt;, 32B, 32B)" file="/opt/pytorch/nvfuser/tests/cpp/test_mma.cpp" line="1281" status="run" result="skipped" time="0." timestamp="2025-05-20T07:59:30.549" classname="MmaTest/Blackwell1CTAM128SS">
      <skipped message="/opt/pytorch/nvfuser/tests/cpp/utils.h:570&#x0A;skipping tests on non-Blackwell GPUs&#x0A;"><![CDATA[/opt/pytorch/nvfuser/tests/cpp/utils.h:570
skipping tests on non-Blackwell GPUs
]]></skipped>
    </testcase>
    <testcase name="MultipleTile/Blackwell1CTA_128_96_16_TT_64B_64B__bfloat" value_param="(8-byte object &lt;10-00 60-00 80-00 05-00&gt;, __bfloat, 4-byte object &lt;01-00 00-00&gt;, 64B, 64B)" file="/opt/pytorch/nvfuser/tests/cpp/test_mma.cpp" line="1281" status="run" result="skipped" time="0." timestamp="2025-05-20T07:59:30.549" classname="MmaTest/Blackwell1CTAM128SS">
      <skipped message="/opt/pytorch/nvfuser/tests/cpp/utils.h:570&#x0A;skipping tests on non-Blackwell GPUs&#x0A;"><![CDATA[/opt/pytorch/nvfuser/tests/cpp/utils.h:570
skipping tests on non-Blackwell GPUs
]]></skipped>
    </testcase>
    <testcase name="MultipleTile/Blackwell1CTA_128_96_16_NT_128B_32B__bfloat" value_param="(8-byte object &lt;10-00 60-00 80-00 05-00&gt;, __bfloat, 4-byte object &lt;00-00 00-00&gt;, 128B, 32B)" file="/opt/pytorch/nvfuser/tests/cpp/test_mma.cpp" line="1281" status="run" result="skipped" time="0." timestamp="2025-05-20T07:59:30.549" classname="MmaTest/Blackwell1CTAM128SS">
      <skipped message="/opt/pytorch/nvfuser/tests/cpp/utils.h:570&#x0A;skipping tests on non-Blackwell GPUs&#x0A;"><![CDATA[/opt/pytorch/nvfuser/tests/cpp/utils.h:570
skipping tests on non-Blackwell GPUs
]]></skipped>
    </testcase>
    <testcase name="MultipleTile/Blackwell1CTA_128_96_16_NT_32B_128B__bfloat" value_param="(8-byte object &lt;10-00 60-00 80-00 05-00&gt;, __bfloat, 4-byte object &lt;00-00 00-00&gt;, 32B, 128B)" file="/opt/pytorch/nvfuser/tests/cpp/test_mma.cpp" line="1281" status="run" result="skipped" time="0." timestamp="2025-05-20T07:59:30.549" classname="MmaTest/Blackwell1CTAM128SS">
      <skipped message="/opt/pytorch/nvfuser/tests/cpp/utils.h:570&#x0A;skipping tests on non-Blackwell GPUs&#x0A;"><![CDATA[/opt/pytorch/nvfuser/tests/cpp/utils.h:570
skipping tests on non-Blackwell GPUs
]]></skipped>
    </testcase>
    <testcase name="MultipleTile/Blackwell1CTA_128_112_16_NT_128B_NoSwizzle__half" value_param="(8-byte object &lt;10-00 70-00 80-00 05-00&gt;, __half, 4-byte object &lt;00-00 00-00&gt;, 128B, NoSwizzle)" file="/opt/pytorch/nvfuser/tests/cpp/test_mma.cpp" line="1281" status="run" result="skipped" time="0." timestamp="2025-05-20T07:59:30.549" classname="MmaTest/Blackwell1CTAM128SS">
      <skipped message="/opt/pytorch/nvfuser/tests/cpp/utils.h:570&#x0A;skipping tests on non-Blackwell GPUs&#x0A;"><![CDATA[/opt/pytorch/nvfuser/tests/cpp/utils.h:570
skipping tests on non-Blackwell GPUs
]]></skipped>
    </testcase>
    <testcase name="MultipleTile/Blackwell1CTA_128_112_16_NN_128B_64B__half" value_param="(8-byte object &lt;10-00 70-00 80-00 05-00&gt;, __half, 4-byte object &lt;03-00 00-00&gt;, 128B, 64B)" file="/opt/pytorch/nvfuser/tests/cpp/test_mma.cpp" line="1281" status="run" result="skipped" time="0." timestamp="2025-05-20T07:59:30.549" classname="MmaTest/Blackwell1CTAM128SS">
      <skipped message="/opt/pytorch/nvfuser/tests/cpp/utils.h:570&#x0A;skipping tests on non-Blackwell GPUs&#x0A;"><![CDATA[/opt/pytorch/nvfuser/tests/cpp/utils.h:570
skipping tests on non-Blackwell GPUs
]]></skipped>
    </testcase>
    <testcase name="MultipleTile/Blackwell1CTA_128_112_16_NT_128B_32B__bfloat" value_param="(8-byte object &lt;10-00 70-00 80-00 05-00&gt;, __bfloat, 4-byte object &lt;00-00 00-00&gt;, 128B, 32B)" file="/opt/pytorch/nvfuser/tests/cpp/test_mma.cpp" line="1281" status="run" result="skipped" time="0." timestamp="2025-05-20T07:59:30.549" classname="MmaTest/Blackwell1CTAM128SS">
      <skipped message="/opt/pytorch/nvfuser/tests/cpp/utils.h:570&#x0A;skipping tests on non-Blackwell GPUs&#x0A;"><![CDATA[/opt/pytorch/nvfuser/tests/cpp/utils.h:570
skipping tests on non-Blackwell GPUs
]]></skipped>
    </testcase>
    <testcase name="MultipleTile/Blackwell1CTA_128_128_16_TN_128B_128B__half" value_param="(8-byte object &lt;10-00 80-00 80-00 05-00&gt;, __half, 4-byte object &lt;02-00 00-00&gt;, 128B, 128B)" file="/opt/pytorch/nvfuser/tests/cpp/test_mma.cpp" line="1281" status="run" result="skipped" time="0." timestamp="2025-05-20T07:59:30.550" classname="MmaTest/Blackwell1CTAM128SS">
      <skipped message="/opt/pytorch/nvfuser/tests/cpp/utils.h:570&#x0A;skipping tests on non-Blackwell GPUs&#x0A;"><![CDATA[/opt/pytorch/nvfuser/tests/cpp/utils.h:570
skipping tests on non-Blackwell GPUs
]]></skipped>
    </testcase>
    <testcase name="MultipleTile/Blackwell1CTA_128_128_16_NN_64B_64B__half" value_param="(8-byte object &lt;10-00 80-00 80-00 05-00&gt;, __half, 4-byte object &lt;03-00 00-00&gt;, 64B, 64B)" file="/opt/pytorch/nvfuser/tests/cpp/test_mma.cpp" line="1281" status="run" result="skipped" time="0." timestamp="2025-05-20T07:59:30.550" classname="MmaTest/Blackwell1CTAM128SS">
      <skipped message="/opt/pytorch/nvfuser/tests/cpp/utils.h:570&#x0A;skipping tests on non-Blackwell GPUs&#x0A;"><![CDATA[/opt/pytorch/nvfuser/tests/cpp/utils.h:570
skipping tests on non-Blackwell GPUs
]]></skipped>
    </testcase>
    <testcase name="MultipleTile/Blackwell1CTA_128_128_16_NN_128B_32B__bfloat" value_param="(8-byte object &lt;10-00 80-00 80-00 05-00&gt;, __bfloat, 4-byte object &lt;03-00 00-00&gt;, 128B, 32B)" file="/opt/pytorch/nvfuser/tests/cpp/test_mma.cpp" line="1281" status="run" result="skipped" time="0." timestamp="2025-05-20T07:59:30.550" classname="MmaTest/Blackwell1CTAM128SS">
      <skipped message="/opt/pytorch/nvfuser/tests/cpp/utils.h:570&#x0A;skipping tests on non-Blackwell GPUs&#x0A;"><![CDATA[/opt/pytorch/nvfuser/tests/cpp/utils.h:570
skipping tests on non-Blackwell GPUs
]]></skipped>
    </testcase>
    <testcase name="MultipleTile/Blackwell1CTA_128_144_16_TT_NoSwizzle_NoSwizzle__half" value_param="(8-byte object &lt;10-00 90-00 80-00 05-00&gt;, __half, 4-byte object &lt;01-00 00-00&gt;, NoSwizzle, NoSwizzle)" file="/opt/pytorch/nvfuser/tests/cpp/test_mma.cpp" line="1281" status="run" result="skipped" time="0." timestamp="2025-05-20T07:59:30.550" classname="MmaTest/Blackwell1CTAM128SS">
      <skipped message="/opt/pytorch/nvfuser/tests/cpp/utils.h:570&#x0A;skipping tests on non-Blackwell GPUs&#x0A;"><![CDATA[/opt/pytorch/nvfuser/tests/cpp/utils.h:570
skipping tests on non-Blackwell GPUs
]]></skipped>
    </testcase>
    <testcase name="MultipleTile/Blackwell1CTA_128_144_16_TN_64B_NoSwizzle__half" value_param="(8-byte object &lt;10-00 90-00 80-00 05-00&gt;, __half, 4-byte object &lt;02-00 00-00&gt;, 64B, NoSwizzle)" file="/opt/pytorch/nvfuser/tests/cpp/test_mma.cpp" line="1281" status="run" result="skipped" time="0." timestamp="2025-05-20T07:59:30.550" classname="MmaTest/Blackwell1CTAM128SS">
      <skipped message="/opt/pytorch/nvfuser/tests/cpp/utils.h:570&#x0A;skipping tests on non-Blackwell GPUs&#x0A;"><![CDATA[/opt/pytorch/nvfuser/tests/cpp/utils.h:570
skipping tests on non-Blackwell GPUs
]]></skipped>
    </testcase>
    <testcase name="MultipleTile/Blackwell1CTA_128_144_16_NT_32B_64B__half" value_param="(8-byte object &lt;10-00 90-00 80-00 05-00&gt;, __half, 4-byte object &lt;00-00 00-00&gt;, 32B, 64B)" file="/opt/pytorch/nvfuser/tests/cpp/test_mma.cpp" line="1281" status="run" result="skipped" time="0." timestamp="2025-05-20T07:59:30.550" classname="MmaTest/Blackwell1CTAM128SS">
      <skipped message="/opt/pytorch/nvfuser/tests/cpp/utils.h:570&#x0A;skipping tests on non-Blackwell GPUs&#x0A;"><![CDATA[/opt/pytorch/nvfuser/tests/cpp/utils.h:570
skipping tests on non-Blackwell GPUs
]]></skipped>
    </testcase>
    <testcase name="MultipleTile/Blackwell1CTA_128_144_16_NN_32B_NoSwizzle__half" value_param="(8-byte object &lt;10-00 90-00 80-00 05-00&gt;, __half, 4-byte object &lt;03-00 00-00&gt;, 32B, NoSwizzle)" file="/opt/pytorch/nvfuser/tests/cpp/test_mma.cpp" line="1281" status="run" result="skipped" time="0." timestamp="2025-05-20T07:59:30.550" classname="MmaTest/Blackwell1CTAM128SS">
      <skipped message="/opt/pytorch/nvfuser/tests/cpp/utils.h:570&#x0A;skipping tests on non-Blackwell GPUs&#x0A;"><![CDATA[/opt/pytorch/nvfuser/tests/cpp/utils.h:570
skipping tests on non-Blackwell GPUs
]]></skipped>
    </testcase>
    <testcase name="MultipleTile/Blackwell1CTA_128_144_16_TN_64B_128B__bfloat" value_param="(8-byte object &lt;10-00 90-00 80-00 05-00&gt;, __bfloat, 4-byte object &lt;02-00 00-00&gt;, 64B, 128B)" file="/opt/pytorch/nvfuser/tests/cpp/test_mma.cpp" line="1281" status="run" result="skipped" time="0." timestamp="2025-05-20T07:59:30.550" classname="MmaTest/Blackwell1CTAM128SS">
      <skipped message="/opt/pytorch/nvfuser/tests/cpp/utils.h:570&#x0A;skipping tests on non-Blackwell GPUs&#x0A;"><![CDATA[/opt/pytorch/nvfuser/tests/cpp/utils.h:570
skipping tests on non-Blackwell GPUs
]]></skipped>
    </testcase>
    <testcase name="MultipleTile/Blackwell1CTA_128_144_16_NT_32B_64B__bfloat" value_param="(8-byte object &lt;10-00 90-00 80-00 05-00&gt;, __bfloat, 4-byte object &lt;00-00 00-00&gt;, 32B, 64B)" file="/opt/pytorch/nvfuser/tests/cpp/test_mma.cpp" line="1281" status="run" result="skipped" time="0." timestamp="2025-05-20T07:59:30.550" classname="MmaTest/Blackwell1CTAM128SS">
      <skipped message="/opt/pytorch/nvfuser/tests/cpp/utils.h:570&#x0A;skipping tests on non-Blackwell GPUs&#x0A;"><![CDATA[/opt/pytorch/nvfuser/tests/cpp/utils.h:570
skipping tests on non-Blackwell GPUs
]]></skipped>
    </testcase>
    <testcase name="MultipleTile/Blackwell1CTA_128_160_16_TT_NoSwizzle_NoSwizzle__half" value_param="(8-byte object &lt;10-00 A0-00 80-00 05-00&gt;, __half, 4-byte object &lt;01-00 00-00&gt;, NoSwizzle, NoSwizzle)" file="/opt/pytorch/nvfuser/tests/cpp/test_mma.cpp" line="1281" status="run" result="skipped" time="0." timestamp="2025-05-20T07:59:30.550" classname="MmaTest/Blackwell1CTAM128SS">
      <skipped message="/opt/pytorch/nvfuser/tests/cpp/utils.h:570&#x0A;skipping tests on non-Blackwell GPUs&#x0A;"><![CDATA[/opt/pytorch/nvfuser/tests/cpp/utils.h:570
skipping tests on non-Blackwell GPUs
]]></skipped>
    </testcase>
    <testcase name="MultipleTile/Blackwell1CTA_128_160_16_TT_32B_128B__half" value_param="(8-byte object &lt;10-00 A0-00 80-00 05-00&gt;, __half, 4-byte object &lt;01-00 00-00&gt;, 32B, 128B)" file="/opt/pytorch/nvfuser/tests/cpp/test_mma.cpp" line="1281" status="run" result="skipped" time="0." timestamp="2025-05-20T07:59:30.550" classname="MmaTest/Blackwell1CTAM128SS">
      <skipped message="/opt/pytorch/nvfuser/tests/cpp/utils.h:570&#x0A;skipping tests on non-Blackwell GPUs&#x0A;"><![CDATA[/opt/pytorch/nvfuser/tests/cpp/utils.h:570
skipping tests on non-Blackwell GPUs
]]></skipped>
    </testcase>
    <testcase name="MultipleTile/Blackwell1CTA_128_160_16_TT_64B_32B__bfloat" value_param="(8-byte object &lt;10-00 A0-00 80-00 05-00&gt;, __bfloat, 4-byte object &lt;01-00 00-00&gt;, 64B, 32B)" file="/opt/pytorch/nvfuser/tests/cpp/test_mma.cpp" line="1281" status="run" result="skipped" time="0." timestamp="2025-05-20T07:59:30.550" classname="MmaTest/Blackwell1CTAM128SS">
      <skipped message="/opt/pytorch/nvfuser/tests/cpp/utils.h:570&#x0A;skipping tests on non-Blackwell GPUs&#x0A;"><![CDATA[/opt/pytorch/nvfuser/tests/cpp/utils.h:570
skipping tests on non-Blackwell GPUs
]]></skipped>
    </testcase>
    <testcase name="MultipleTile/Blackwell1CTA_128_160_16_TN_32B_NoSwizzle__bfloat" value_param="(8-byte object &lt;10-00 A0-00 80-00 05-00&gt;, __bfloat, 4-byte object &lt;02-00 00-00&gt;, 32B, NoSwizzle)" file="/opt/pytorch/nvfuser/tests/cpp/test_mma.cpp" line="1281" status="run" result="skipped" time="0." timestamp="2025-05-20T07:59:30.550" classname="MmaTest/Blackwell1CTAM128SS">
      <skipped message="/opt/pytorch/nvfuser/tests/cpp/utils.h:570&#x0A;skipping tests on non-Blackwell GPUs&#x0A;"><![CDATA[/opt/pytorch/nvfuser/tests/cpp/utils.h:570
skipping tests on non-Blackwell GPUs
]]></skipped>
    </testcase>
    <testcase name="MultipleTile/Blackwell1CTA_128_160_16_NN_NoSwizzle_32B__bfloat" value_param="(8-byte object &lt;10-00 A0-00 80-00 05-00&gt;, __bfloat, 4-byte object &lt;03-00 00-00&gt;, NoSwizzle, 32B)" file="/opt/pytorch/nvfuser/tests/cpp/test_mma.cpp" line="1281" status="run" result="skipped" time="0." timestamp="2025-05-20T07:59:30.550" classname="MmaTest/Blackwell1CTAM128SS">
      <skipped message="/opt/pytorch/nvfuser/tests/cpp/utils.h:570&#x0A;skipping tests on non-Blackwell GPUs&#x0A;"><![CDATA[/opt/pytorch/nvfuser/tests/cpp/utils.h:570
skipping tests on non-Blackwell GPUs
]]></skipped>
    </testcase>
    <testcase name="MultipleTile/Blackwell1CTA_128_160_16_NN_32B_64B__bfloat" value_param="(8-byte object &lt;10-00 A0-00 80-00 05-00&gt;, __bfloat, 4-byte object &lt;03-00 00-00&gt;, 32B, 64B)" file="/opt/pytorch/nvfuser/tests/cpp/test_mma.cpp" line="1281" status="run" result="skipped" time="0." timestamp="2025-05-20T07:59:30.550" classname="MmaTest/Blackwell1CTAM128SS">
      <skipped message="/opt/pytorch/nvfuser/tests/cpp/utils.h:570&#x0A;skipping tests on non-Blackwell GPUs&#x0A;"><![CDATA[/opt/pytorch/nvfuser/tests/cpp/utils.h:570
skipping tests on non-Blackwell GPUs
]]></skipped>
    </testcase>
    <testcase name="MultipleTile/Blackwell1CTA_128_176_16_TT_32B_128B__half" value_param="(8-byte object &lt;10-00 B0-00 80-00 05-00&gt;, __half, 4-byte object &lt;01-00 00-00&gt;, 32B, 128B)" file="/opt/pytorch/nvfuser/tests/cpp/test_mma.cpp" line="1281" status="run" result="skipped" time="0." timestamp="2025-05-20T07:59:30.550" classname="MmaTest/Blackwell1CTAM128SS">
      <skipped message="/opt/pytorch/nvfuser/tests/cpp/utils.h:570&#x0A;skipping tests on non-Blackwell GPUs&#x0A;"><![CDATA[/opt/pytorch/nvfuser/tests/cpp/utils.h:570
skipping tests on non-Blackwell GPUs
]]></skipped>
    </testcase>
    <testcase name="MultipleTile/Blackwell1CTA_128_176_16_TN_32B_NoSwizzle__half" value_param="(8-byte object &lt;10-00 B0-00 80-00 05-00&gt;, __half, 4-byte object &lt;02-00 00-00&gt;, 32B, NoSwizzle)" file="/opt/pytorch/nvfuser/tests/cpp/test_mma.cpp" line="1281" status="run" result="skipped" time="0." timestamp="2025-05-20T07:59:30.550" classname="MmaTest/Blackwell1CTAM128SS">
      <skipped message="/opt/pytorch/nvfuser/tests/cpp/utils.h:570&#x0A;skipping tests on non-Blackwell GPUs&#x0A;"><![CDATA[/opt/pytorch/nvfuser/tests/cpp/utils.h:570
skipping tests on non-Blackwell GPUs
]]></skipped>
    </testcase>
    <testcase name="MultipleTile/Blackwell1CTA_128_176_16_NT_64B_64B__half" value_param="(8-byte object &lt;10-00 B0-00 80-00 05-00&gt;, __half, 4-byte object &lt;00-00 00-00&gt;, 64B, 64B)" file="/opt/pytorch/nvfuser/tests/cpp/test_mma.cpp" line="1281" status="run" result="skipped" time="0." timestamp="2025-05-20T07:59:30.550" classname="MmaTest/Blackwell1CTAM128SS">
      <skipped message="/opt/pytorch/nvfuser/tests/cpp/utils.h:570&#x0A;skipping tests on non-Blackwell GPUs&#x0A;"><![CDATA[/opt/pytorch/nvfuser/tests/cpp/utils.h:570
skipping tests on non-Blackwell GPUs
]]></skipped>
    </testcase>
    <testcase name="MultipleTile/Blackwell1CTA_128_176_16_TN_NoSwizzle_64B__bfloat" value_param="(8-byte object &lt;10-00 B0-00 80-00 05-00&gt;, __bfloat, 4-byte object &lt;02-00 00-00&gt;, NoSwizzle, 64B)" file="/opt/pytorch/nvfuser/tests/cpp/test_mma.cpp" line="1281" status="run" result="skipped" time="0." timestamp="2025-05-20T07:59:30.550" classname="MmaTest/Blackwell1CTAM128SS">
      <skipped message="/opt/pytorch/nvfuser/tests/cpp/utils.h:570&#x0A;skipping tests on non-Blackwell GPUs&#x0A;"><![CDATA[/opt/pytorch/nvfuser/tests/cpp/utils.h:570
skipping tests on non-Blackwell GPUs
]]></skipped>
    </testcase>
    <testcase name="MultipleTile/Blackwell1CTA_128_176_16_NT_128B_32B__bfloat" value_param="(8-byte object &lt;10-00 B0-00 80-00 05-00&gt;, __bfloat, 4-byte object &lt;00-00 00-00&gt;, 128B, 32B)" file="/opt/pytorch/nvfuser/tests/cpp/test_mma.cpp" line="1281" status="run" result="skipped" time="0." timestamp="2025-05-20T07:59:30.550" classname="MmaTest/Blackwell1CTAM128SS">
      <skipped message="/opt/pytorch/nvfuser/tests/cpp/utils.h:570&#x0A;skipping tests on non-Blackwell GPUs&#x0A;"><![CDATA[/opt/pytorch/nvfuser/tests/cpp/utils.h:570
skipping tests on non-Blackwell GPUs
]]></skipped>
    </testcase>
    <testcase name="MultipleTile/Blackwell1CTA_128_176_16_NN_128B_64B__bfloat" value_param="(8-byte object &lt;10-00 B0-00 80-00 05-00&gt;, __bfloat, 4-byte object &lt;03-00 00-00&gt;, 128B, 64B)" file="/opt/pytorch/nvfuser/tests/cpp/test_mma.cpp" line="1281" status="run" result="skipped" time="0." timestamp="2025-05-20T07:59:30.550" classname="MmaTest/Blackwell1CTAM128SS">
      <skipped message="/opt/pytorch/nvfuser/tests/cpp/utils.h:570&#x0A;skipping tests on non-Blackwell GPUs&#x0A;"><![CDATA[/opt/pytorch/nvfuser/tests/cpp/utils.h:570
skipping tests on non-Blackwell GPUs
]]></skipped>
    </testcase>
    <testcase name="MultipleTile/Blackwell1CTA_128_192_16_TT_128B_32B__half" value_param="(8-byte object &lt;10-00 C0-00 80-00 05-00&gt;, __half, 4-byte object &lt;01-00 00-00&gt;, 128B, 32B)" file="/opt/pytorch/nvfuser/tests/cpp/test_mma.cpp" line="1281" status="run" result="skipped" time="0." timestamp="2025-05-20T07:59:30.550" classname="MmaTest/Blackwell1CTAM128SS">
      <skipped message="/opt/pytorch/nvfuser/tests/cpp/utils.h:570&#x0A;skipping tests on non-Blackwell GPUs&#x0A;"><![CDATA[/opt/pytorch/nvfuser/tests/cpp/utils.h:570
skipping tests on non-Blackwell GPUs
]]></skipped>
    </testcase>
    <testcase name="MultipleTile/Blackwell1CTA_128_192_16_TN_NoSwizzle_64B__half" value_param="(8-byte object &lt;10-00 C0-00 80-00 05-00&gt;, __half, 4-byte object &lt;02-00 00-00&gt;, NoSwizzle, 64B)" file="/opt/pytorch/nvfuser/tests/cpp/test_mma.cpp" line="1281" status="run" result="skipped" time="0." timestamp="2025-05-20T07:59:30.550" classname="MmaTest/Blackwell1CTAM128SS">
      <skipped message="/opt/pytorch/nvfuser/tests/cpp/utils.h:570&#x0A;skipping tests on non-Blackwell GPUs&#x0A;"><![CDATA[/opt/pytorch/nvfuser/tests/cpp/utils.h:570
skipping tests on non-Blackwell GPUs
]]></skipped>
    </testcase>
    <testcase name="MultipleTile/Blackwell1CTA_128_192_16_NT_64B_32B__half" value_param="(8-byte object &lt;10-00 C0-00 80-00 05-00&gt;, __half, 4-byte object &lt;00-00 00-00&gt;, 64B, 32B)" file="/opt/pytorch/nvfuser/tests/cpp/test_mma.cpp" line="1281" status="run" result="skipped" time="0." timestamp="2025-05-20T07:59:30.550" classname="MmaTest/Blackwell1CTAM128SS">
      <skipped message="/opt/pytorch/nvfuser/tests/cpp/utils.h:570&#x0A;skipping tests on non-Blackwell GPUs&#x0A;"><![CDATA[/opt/pytorch/nvfuser/tests/cpp/utils.h:570
skipping tests on non-Blackwell GPUs
]]></skipped>
    </testcase>
    <testcase name="MultipleTile/Blackwell1CTA_128_192_16_TT_NoSwizzle_NoSwizzle__bfloat" value_param="(8-byte object &lt;10-00 C0-00 80-00 05-00&gt;, __bfloat, 4-byte object &lt;01-00 00-00&gt;, NoSwizzle, NoSwizzle)" file="/opt/pytorch/nvfuser/tests/cpp/test_mma.cpp" line="1281" status="run" result="skipped" time="0." timestamp="2025-05-20T07:59:30.550" classname="MmaTest/Blackwell1CTAM128SS">
      <skipped message="/opt/pytorch/nvfuser/tests/cpp/utils.h:570&#x0A;skipping tests on non-Blackwell GPUs&#x0A;"><![CDATA[/opt/pytorch/nvfuser/tests/cpp/utils.h:570
skipping tests on non-Blackwell GPUs
]]></skipped>
    </testcase>
    <testcase name="MultipleTile/Blackwell1CTA_128_192_16_TN_NoSwizzle_NoSwizzle__bfloat" value_param="(8-byte object &lt;10-00 C0-00 80-00 05-00&gt;, __bfloat, 4-byte object &lt;02-00 00-00&gt;, NoSwizzle, NoSwizzle)" file="/opt/pytorch/nvfuser/tests/cpp/test_mma.cpp" line="1281" status="run" result="skipped" time="0." timestamp="2025-05-20T07:59:30.550" classname="MmaTest/Blackwell1CTAM128SS">
      <skipped message="/opt/pytorch/nvfuser/tests/cpp/utils.h:570&#x0A;skipping tests on non-Blackwell GPUs&#x0A;"><![CDATA[/opt/pytorch/nvfuser/tests/cpp/utils.h:570
skipping tests on non-Blackwell GPUs
]]></skipped>
    </testcase>
    <testcase name="MultipleTile/Blackwell1CTA_128_192_16_NN_NoSwizzle_NoSwizzle__bfloat" value_param="(8-byte object &lt;10-00 C0-00 80-00 05-00&gt;, __bfloat, 4-byte object &lt;03-00 00-00&gt;, NoSwizzle, NoSwizzle)" file="/opt/pytorch/nvfuser/tests/cpp/test_mma.cpp" line="1281" status="run" result="skipped" time="0." timestamp="2025-05-20T07:59:30.550" classname="MmaTest/Blackwell1CTAM128SS">
      <skipped message="/opt/pytorch/nvfuser/tests/cpp/utils.h:570&#x0A;skipping tests on non-Blackwell GPUs&#x0A;"><![CDATA[/opt/pytorch/nvfuser/tests/cpp/utils.h:570
skipping tests on non-Blackwell GPUs
]]></skipped>
    </testcase>
    <testcase name="MultipleTile/Blackwell1CTA_128_208_16_TT_NoSwizzle_64B__half" value_param="(8-byte object &lt;10-00 D0-00 80-00 05-00&gt;, __half, 4-byte object &lt;01-00 00-00&gt;, NoSwizzle, 64B)" file="/opt/pytorch/nvfuser/tests/cpp/test_mma.cpp" line="1281" status="run" result="skipped" time="0." timestamp="2025-05-20T07:59:30.550" classname="MmaTest/Blackwell1CTAM128SS">
      <skipped message="/opt/pytorch/nvfuser/tests/cpp/utils.h:570&#x0A;skipping tests on non-Blackwell GPUs&#x0A;"><![CDATA[/opt/pytorch/nvfuser/tests/cpp/utils.h:570
skipping tests on non-Blackwell GPUs
]]></skipped>
    </testcase>
    <testcase name="MultipleTile/Blackwell1CTA_128_208_16_TT_32B_128B__half" value_param="(8-byte object &lt;10-00 D0-00 80-00 05-00&gt;, __half, 4-byte object &lt;01-00 00-00&gt;, 32B, 128B)" file="/opt/pytorch/nvfuser/tests/cpp/test_mma.cpp" line="1281" status="run" result="skipped" time="0." timestamp="2025-05-20T07:59:30.550" classname="MmaTest/Blackwell1CTAM128SS">
      <skipped message="/opt/pytorch/nvfuser/tests/cpp/utils.h:570&#x0A;skipping tests on non-Blackwell GPUs&#x0A;"><![CDATA[/opt/pytorch/nvfuser/tests/cpp/utils.h:570
skipping tests on non-Blackwell GPUs
]]></skipped>
    </testcase>
    <testcase name="MultipleTile/Blackwell1CTA_128_208_16_NT_NoSwizzle_128B__half" value_param="(8-byte object &lt;10-00 D0-00 80-00 05-00&gt;, __half, 4-byte object &lt;00-00 00-00&gt;, NoSwizzle, 128B)" file="/opt/pytorch/nvfuser/tests/cpp/test_mma.cpp" line="1281" status="run" result="skipped" time="0." timestamp="2025-05-20T07:59:30.550" classname="MmaTest/Blackwell1CTAM128SS">
      <skipped message="/opt/pytorch/nvfuser/tests/cpp/utils.h:570&#x0A;skipping tests on non-Blackwell GPUs&#x0A;"><![CDATA[/opt/pytorch/nvfuser/tests/cpp/utils.h:570
skipping tests on non-Blackwell GPUs
]]></skipped>
    </testcase>
    <testcase name="MultipleTile/Blackwell1CTA_128_208_16_NN_64B_NoSwizzle__half" value_param="(8-byte object &lt;10-00 D0-00 80-00 05-00&gt;, __half, 4-byte object &lt;03-00 00-00&gt;, 64B, NoSwizzle)" file="/opt/pytorch/nvfuser/tests/cpp/test_mma.cpp" line="1281" status="run" result="skipped" time="0." timestamp="2025-05-20T07:59:30.550" classname="MmaTest/Blackwell1CTAM128SS">
      <skipped message="/opt/pytorch/nvfuser/tests/cpp/utils.h:570&#x0A;skipping tests on non-Blackwell GPUs&#x0A;"><![CDATA[/opt/pytorch/nvfuser/tests/cpp/utils.h:570
skipping tests on non-Blackwell GPUs
]]></skipped>
    </testcase>
    <testcase name="MultipleTile/Blackwell1CTA_128_208_16_TT_32B_128B__bfloat" value_param="(8-byte object &lt;10-00 D0-00 80-00 05-00&gt;, __bfloat, 4-byte object &lt;01-00 00-00&gt;, 32B, 128B)" file="/opt/pytorch/nvfuser/tests/cpp/test_mma.cpp" line="1281" status="run" result="skipped" time="0." timestamp="2025-05-20T07:59:30.550" classname="MmaTest/Blackwell1CTAM128SS">
      <skipped message="/opt/pytorch/nvfuser/tests/cpp/utils.h:570&#x0A;skipping tests on non-Blackwell GPUs&#x0A;"><![CDATA[/opt/pytorch/nvfuser/tests/cpp/utils.h:570
skipping tests on non-Blackwell GPUs
]]></skipped>
    </testcase>
    <testcase name="MultipleTile/Blackwell1CTA_128_208_16_NT_128B_32B__bfloat" value_param="(8-byte object &lt;10-00 D0-00 80-00 05-00&gt;, __bfloat, 4-byte object &lt;00-00 00-00&gt;, 128B, 32B)" file="/opt/pytorch/nvfuser/tests/cpp/test_mma.cpp" line="1281" status="run" result="skipped" time="0." timestamp="2025-05-20T07:59:30.550" classname="MmaTest/Blackwell1CTAM128SS">
      <skipped message="/opt/pytorch/nvfuser/tests/cpp/utils.h:570&#x0A;skipping tests on non-Blackwell GPUs&#x0A;"><![CDATA[/opt/pytorch/nvfuser/tests/cpp/utils.h:570
skipping tests on non-Blackwell GPUs
]]></skipped>
    </testcase>
    <testcase name="MultipleTile/Blackwell1CTA_128_224_16_TT_NoSwizzle_NoSwizzle__half" value_param="(8-byte object &lt;10-00 E0-00 80-00 05-00&gt;, __half, 4-byte object &lt;01-00 00-00&gt;, NoSwizzle, NoSwizzle)" file="/opt/pytorch/nvfuser/tests/cpp/test_mma.cpp" line="1281" status="run" result="skipped" time="0." timestamp="2025-05-20T07:59:30.550" classname="MmaTest/Blackwell1CTAM128SS">
      <skipped message="/opt/pytorch/nvfuser/tests/cpp/utils.h:570&#x0A;skipping tests on non-Blackwell GPUs&#x0A;"><![CDATA[/opt/pytorch/nvfuser/tests/cpp/utils.h:570
skipping tests on non-Blackwell GPUs
]]></skipped>
    </testcase>
    <testcase name="MultipleTile/Blackwell1CTA_128_224_16_TN_64B_64B__half" value_param="(8-byte object &lt;10-00 E0-00 80-00 05-00&gt;, __half, 4-byte object &lt;02-00 00-00&gt;, 64B, 64B)" file="/opt/pytorch/nvfuser/tests/cpp/test_mma.cpp" line="1281" status="run" result="skipped" time="0." timestamp="2025-05-20T07:59:30.550" classname="MmaTest/Blackwell1CTAM128SS">
      <skipped message="/opt/pytorch/nvfuser/tests/cpp/utils.h:570&#x0A;skipping tests on non-Blackwell GPUs&#x0A;"><![CDATA[/opt/pytorch/nvfuser/tests/cpp/utils.h:570
skipping tests on non-Blackwell GPUs
]]></skipped>
    </testcase>
    <testcase name="MultipleTile/Blackwell1CTA_128_224_16_NT_128B_128B__half" value_param="(8-byte object &lt;10-00 E0-00 80-00 05-00&gt;, __half, 4-byte object &lt;00-00 00-00&gt;, 128B, 128B)" file="/opt/pytorch/nvfuser/tests/cpp/test_mma.cpp" line="1281" status="run" result="skipped" time="0." timestamp="2025-05-20T07:59:30.550" classname="MmaTest/Blackwell1CTAM128SS">
      <skipped message="/opt/pytorch/nvfuser/tests/cpp/utils.h:570&#x0A;skipping tests on non-Blackwell GPUs&#x0A;"><![CDATA[/opt/pytorch/nvfuser/tests/cpp/utils.h:570
skipping tests on non-Blackwell GPUs
]]></skipped>
    </testcase>
    <testcase name="MultipleTile/Blackwell1CTA_128_224_16_TT_32B_32B__bfloat" value_param="(8-byte object &lt;10-00 E0-00 80-00 05-00&gt;, __bfloat, 4-byte object &lt;01-00 00-00&gt;, 32B, 32B)" file="/opt/pytorch/nvfuser/tests/cpp/test_mma.cpp" line="1281" status="run" result="skipped" time="0." timestamp="2025-05-20T07:59:30.550" classname="MmaTest/Blackwell1CTAM128SS">
      <skipped message="/opt/pytorch/nvfuser/tests/cpp/utils.h:570&#x0A;skipping tests on non-Blackwell GPUs&#x0A;"><![CDATA[/opt/pytorch/nvfuser/tests/cpp/utils.h:570
skipping tests on non-Blackwell GPUs
]]></skipped>
    </testcase>
    <testcase name="MultipleTile/Blackwell1CTA_128_224_16_NT_NoSwizzle_32B__bfloat" value_param="(8-byte object &lt;10-00 E0-00 80-00 05-00&gt;, __bfloat, 4-byte object &lt;00-00 00-00&gt;, NoSwizzle, 32B)" file="/opt/pytorch/nvfuser/tests/cpp/test_mma.cpp" line="1281" status="run" result="skipped" time="0." timestamp="2025-05-20T07:59:30.550" classname="MmaTest/Blackwell1CTAM128SS">
      <skipped message="/opt/pytorch/nvfuser/tests/cpp/utils.h:570&#x0A;skipping tests on non-Blackwell GPUs&#x0A;"><![CDATA[/opt/pytorch/nvfuser/tests/cpp/utils.h:570
skipping tests on non-Blackwell GPUs
]]></skipped>
    </testcase>
    <testcase name="MultipleTile/Blackwell1CTA_128_224_16_NN_32B_64B__bfloat" value_param="(8-byte object &lt;10-00 E0-00 80-00 05-00&gt;, __bfloat, 4-byte object &lt;03-00 00-00&gt;, 32B, 64B)" file="/opt/pytorch/nvfuser/tests/cpp/test_mma.cpp" line="1281" status="run" result="skipped" time="0." timestamp="2025-05-20T07:59:30.550" classname="MmaTest/Blackwell1CTAM128SS">
      <skipped message="/opt/pytorch/nvfuser/tests/cpp/utils.h:570&#x0A;skipping tests on non-Blackwell GPUs&#x0A;"><![CDATA[/opt/pytorch/nvfuser/tests/cpp/utils.h:570
skipping tests on non-Blackwell GPUs
]]></skipped>
    </testcase>
    <testcase name="MultipleTile/Blackwell1CTA_128_240_16_TN_128B_64B__half" value_param="(8-byte object &lt;10-00 F0-00 80-00 05-00&gt;, __half, 4-byte object &lt;02-00 00-00&gt;, 128B, 64B)" file="/opt/pytorch/nvfuser/tests/cpp/test_mma.cpp" line="1281" status="run" result="skipped" time="0." timestamp="2025-05-20T07:59:30.550" classname="MmaTest/Blackwell1CTAM128SS">
      <skipped message="/opt/pytorch/nvfuser/tests/cpp/utils.h:570&#x0A;skipping tests on non-Blackwell GPUs&#x0A;"><![CDATA[/opt/pytorch/nvfuser/tests/cpp/utils.h:570
skipping tests on non-Blackwell GPUs
]]></skipped>
    </testcase>
    <testcase name="MultipleTile/Blackwell1CTA_128_240_16_NN_32B_32B__half" value_param="(8-byte object &lt;10-00 F0-00 80-00 05-00&gt;, __half, 4-byte object &lt;03-00 00-00&gt;, 32B, 32B)" file="/opt/pytorch/nvfuser/tests/cpp/test_mma.cpp" line="1281" status="run" result="skipped" time="0." timestamp="2025-05-20T07:59:30.550" classname="MmaTest/Blackwell1CTAM128SS">
      <skipped message="/opt/pytorch/nvfuser/tests/cpp/utils.h:570&#x0A;skipping tests on non-Blackwell GPUs&#x0A;"><![CDATA[/opt/pytorch/nvfuser/tests/cpp/utils.h:570
skipping tests on non-Blackwell GPUs
]]></skipped>
    </testcase>
    <testcase name="MultipleTile/Blackwell1CTA_128_240_16_TT_32B_32B__bfloat" value_param="(8-byte object &lt;10-00 F0-00 80-00 05-00&gt;, __bfloat, 4-byte object &lt;01-00 00-00&gt;, 32B, 32B)" file="/opt/pytorch/nvfuser/tests/cpp/test_mma.cpp" line="1281" status="run" result="skipped" time="0." timestamp="2025-05-20T07:59:30.550" classname="MmaTest/Blackwell1CTAM128SS">
      <skipped message="/opt/pytorch/nvfuser/tests/cpp/utils.h:570&#x0A;skipping tests on non-Blackwell GPUs&#x0A;"><![CDATA[/opt/pytorch/nvfuser/tests/cpp/utils.h:570
skipping tests on non-Blackwell GPUs
]]></skipped>
    </testcase>
    <testcase name="MultipleTile/Blackwell1CTA_128_240_16_NT_NoSwizzle_NoSwizzle__bfloat" value_param="(8-byte object &lt;10-00 F0-00 80-00 05-00&gt;, __bfloat, 4-byte object &lt;00-00 00-00&gt;, NoSwizzle, NoSwizzle)" file="/opt/pytorch/nvfuser/tests/cpp/test_mma.cpp" line="1281" status="run" result="skipped" time="0." timestamp="2025-05-20T07:59:30.550" classname="MmaTest/Blackwell1CTAM128SS">
      <skipped message="/opt/pytorch/nvfuser/tests/cpp/utils.h:570&#x0A;skipping tests on non-Blackwell GPUs&#x0A;"><![CDATA[/opt/pytorch/nvfuser/tests/cpp/utils.h:570
skipping tests on non-Blackwell GPUs
]]></skipped>
    </testcase>
    <testcase name="MultipleTile/Blackwell1CTA_128_240_16_NN_128B_64B__bfloat" value_param="(8-byte object &lt;10-00 F0-00 80-00 05-00&gt;, __bfloat, 4-byte object &lt;03-00 00-00&gt;, 128B, 64B)" file="/opt/pytorch/nvfuser/tests/cpp/test_mma.cpp" line="1281" status="run" result="skipped" time="0." timestamp="2025-05-20T07:59:30.550" classname="MmaTest/Blackwell1CTAM128SS">
      <skipped message="/opt/pytorch/nvfuser/tests/cpp/utils.h:570&#x0A;skipping tests on non-Blackwell GPUs&#x0A;"><![CDATA[/opt/pytorch/nvfuser/tests/cpp/utils.h:570
skipping tests on non-Blackwell GPUs
]]></skipped>
    </testcase>
    <testcase name="MultipleTile/Blackwell1CTA_128_256_16_TN_128B_NoSwizzle__half" value_param="(8-byte object &lt;10-00 00-01 80-00 05-00&gt;, __half, 4-byte object &lt;02-00 00-00&gt;, 128B, NoSwizzle)" file="/opt/pytorch/nvfuser/tests/cpp/test_mma.cpp" line="1281" status="run" result="skipped" time="0." timestamp="2025-05-20T07:59:30.550" classname="MmaTest/Blackwell1CTAM128SS">
      <skipped message="/opt/pytorch/nvfuser/tests/cpp/utils.h:570&#x0A;skipping tests on non-Blackwell GPUs&#x0A;"><![CDATA[/opt/pytorch/nvfuser/tests/cpp/utils.h:570
skipping tests on non-Blackwell GPUs
]]></skipped>
    </testcase>
    <testcase name="MultipleTile/Blackwell1CTA_128_256_16_TT_128B_128B__bfloat" value_param="(8-byte object &lt;10-00 00-01 80-00 05-00&gt;, __bfloat, 4-byte object &lt;01-00 00-00&gt;, 128B, 128B)" file="/opt/pytorch/nvfuser/tests/cpp/test_mma.cpp" line="1281" status="run" result="skipped" time="0." timestamp="2025-05-20T07:59:30.550" classname="MmaTest/Blackwell1CTAM128SS">
      <skipped message="/opt/pytorch/nvfuser/tests/cpp/utils.h:570&#x0A;skipping tests on non-Blackwell GPUs&#x0A;"><![CDATA[/opt/pytorch/nvfuser/tests/cpp/utils.h:570
skipping tests on non-Blackwell GPUs
]]></skipped>
    </testcase>
    <testcase name="MultipleTile/Blackwell1CTA_128_256_16_TN_64B_32B__bfloat" value_param="(8-byte object &lt;10-00 00-01 80-00 05-00&gt;, __bfloat, 4-byte object &lt;02-00 00-00&gt;, 64B, 32B)" file="/opt/pytorch/nvfuser/tests/cpp/test_mma.cpp" line="1281" status="run" result="skipped" time="0." timestamp="2025-05-20T07:59:30.550" classname="MmaTest/Blackwell1CTAM128SS">
      <skipped message="/opt/pytorch/nvfuser/tests/cpp/utils.h:570&#x0A;skipping tests on non-Blackwell GPUs&#x0A;"><![CDATA[/opt/pytorch/nvfuser/tests/cpp/utils.h:570
skipping tests on non-Blackwell GPUs
]]></skipped>
    </testcase>
    <testcase name="MultipleTile/Blackwell1CTA_128_256_16_NN_64B_128B__bfloat" value_param="(8-byte object &lt;10-00 00-01 80-00 05-00&gt;, __bfloat, 4-byte object &lt;03-00 00-00&gt;, 64B, 128B)" file="/opt/pytorch/nvfuser/tests/cpp/test_mma.cpp" line="1281" status="run" result="skipped" time="0." timestamp="2025-05-20T07:59:30.550" classname="MmaTest/Blackwell1CTAM128SS">
      <skipped message="/opt/pytorch/nvfuser/tests/cpp/utils.h:570&#x0A;skipping tests on non-Blackwell GPUs&#x0A;"><![CDATA[/opt/pytorch/nvfuser/tests/cpp/utils.h:570
skipping tests on non-Blackwell GPUs
]]></skipped>
    </testcase>
  </testsuite>
</testsuites>
