<?xml version="1.0" encoding="UTF-8"?>
<testsuites tests="1852" failures="0" disabled="4" errors="0" time="535.242" timestamp="2025-05-20T08:00:13.225" name="AllTests">
  <testsuite name="NVFuserTest" tests="191" failures="0" disabled="0" skipped="4" errors="0" time="58.217" timestamp="2025-05-20T08:00:13.225">
    <testcase name="KernelDb_Write_CUDA" file="/opt/pytorch/nvfuser/tests/cpp/kernel_db/test_nvfuser_kernel_db_write.cpp" line="21" status="run" result="completed" time="0.001" timestamp="2025-05-20T08:00:13.225" classname="NVFuserTest" />
    <testcase name="RegisterSharingCircularBufferingPointwiseNested" file="/opt/pytorch/nvfuser/tests/cpp/test_circular_buffering.cpp" line="176" status="run" result="completed" time="1.438" timestamp="2025-05-20T08:00:13.226" classname="NVFuserTest" />
    <testcase name="ErrorFormatting" file="/opt/pytorch/nvfuser/tests/cpp/test_exceptions.cpp" line="35" status="run" result="completed" time="0." timestamp="2025-05-20T08:00:14.665" classname="NVFuserTest" />
    <testcase name="FusionDispatch_CUDA" file="/opt/pytorch/nvfuser/tests/cpp/test_gpu1.cpp" line="123" status="run" result="completed" time="0." timestamp="2025-05-20T08:00:14.665" classname="NVFuserTest" />
    <testcase name="FusionMove_CUDA" file="/opt/pytorch/nvfuser/tests/cpp/test_gpu1.cpp" line="295" status="run" result="completed" time="0.01" timestamp="2025-05-20T08:00:14.665" classname="NVFuserTest" />
    <testcase name="FusionComplexAbsTypes_CUDA" file="/opt/pytorch/nvfuser/tests/cpp/test_gpu1.cpp" line="426" status="run" result="completed" time="0." timestamp="2025-05-20T08:00:14.676" classname="NVFuserTest" />
    <testcase name="FusionFilterVals_CUDA" file="/opt/pytorch/nvfuser/tests/cpp/test_gpu1.cpp" line="540" status="run" result="completed" time="0." timestamp="2025-05-20T08:00:14.676" classname="NVFuserTest" />
    <testcase name="FusionTVReorder_CUDA" file="/opt/pytorch/nvfuser/tests/cpp/test_gpu1.cpp" line="609" status="run" result="completed" time="0." timestamp="2025-05-20T08:00:14.676" classname="NVFuserTest" />
    <testcase name="FusionOuterSplit_CUDA" file="/opt/pytorch/nvfuser/tests/cpp/test_gpu1.cpp" line="784" status="run" result="completed" time="0.376" timestamp="2025-05-20T08:00:14.676" classname="NVFuserTest" />
    <testcase name="FusionSimplePWise_CUDA" file="/opt/pytorch/nvfuser/tests/cpp/test_gpu1.cpp" line="912" status="run" result="completed" time="0.695" timestamp="2025-05-20T08:00:15.052" classname="NVFuserTest" />
    <testcase name="FusionAdvancedComputeAt1_CUDA" file="/opt/pytorch/nvfuser/tests/cpp/test_gpu1.cpp" line="1078" status="run" result="completed" time="0.192" timestamp="2025-05-20T08:00:15.748" classname="NVFuserTest" />
    <testcase name="FusionAdvancedComputeAt4_CUDA" file="/opt/pytorch/nvfuser/tests/cpp/test_gpu1.cpp" line="1260" status="run" result="completed" time="0.721" timestamp="2025-05-20T08:00:15.941" classname="NVFuserTest" />
    <testcase name="FusionAdvancedComputeAt7_CUDA" file="/opt/pytorch/nvfuser/tests/cpp/test_gpu1.cpp" line="1389" status="run" result="completed" time="0.133" timestamp="2025-05-20T08:00:16.662" classname="NVFuserTest" />
    <testcase name="FusionComputeAtCommonConsumer1_CUDA" file="/opt/pytorch/nvfuser/tests/cpp/test_gpu1.cpp" line="1572" status="run" result="completed" time="0.089" timestamp="2025-05-20T08:00:16.796" classname="NVFuserTest" />
    <testcase name="FusionComputeAtNoCommonConsumer_CUDA" file="/opt/pytorch/nvfuser/tests/cpp/test_gpu1.cpp" line="1799" status="run" result="completed" time="0.102" timestamp="2025-05-20T08:00:16.886" classname="NVFuserTest" />
    <testcase name="FusionLoopUnroll_CUDA" file="/opt/pytorch/nvfuser/tests/cpp/test_gpu1.cpp" line="1963" status="run" result="completed" time="0.119" timestamp="2025-05-20T08:00:16.988" classname="NVFuserTest" />
    <testcase name="FusionTernaryOps_CUDA" file="/opt/pytorch/nvfuser/tests/cpp/test_gpu1.cpp" line="2530" status="run" result="completed" time="0.582" timestamp="2025-05-20T08:00:17.108" classname="NVFuserTest" />
    <testcase name="BitCeilKernel" file="/opt/pytorch/nvfuser/tests/cpp/test_gpu1.cpp" line="2727" status="run" result="completed" time="0.077" timestamp="2025-05-20T08:00:17.690" classname="NVFuserTest" />
    <testcase name="FusionReduction2_CUDA" file="/opt/pytorch/nvfuser/tests/cpp/test_gpu1.cpp" line="2838" status="run" result="completed" time="0.101" timestamp="2025-05-20T08:00:17.768" classname="NVFuserTest" />
    <testcase name="FusionReduction5_CUDA" file="/opt/pytorch/nvfuser/tests/cpp/test_gpu1.cpp" line="3029" status="run" result="completed" time="0.067" timestamp="2025-05-20T08:00:17.869" classname="NVFuserTest" />
    <testcase name="FusionMultiGridReduction2_CUDA" file="/opt/pytorch/nvfuser/tests/cpp/test_gpu1.cpp" line="3175" status="run" result="completed" time="0.113" timestamp="2025-05-20T08:00:17.937" classname="NVFuserTest" />
    <testcase name="FusionBranches_CUDA" file="/opt/pytorch/nvfuser/tests/cpp/test_gpu1.cpp" line="3321" status="run" result="completed" time="0.123" timestamp="2025-05-20T08:00:18.050" classname="NVFuserTest" />
    <testcase name="FusionSimpleBCast3_CUDA" file="/opt/pytorch/nvfuser/tests/cpp/test_gpu1.cpp" line="3468" status="run" result="completed" time="0.058" timestamp="2025-05-20T08:00:18.174" classname="NVFuserTest" />
    <testcase name="FusionComplexBCast1_CUDA" file="/opt/pytorch/nvfuser/tests/cpp/test_gpu1.cpp" line="3590" status="run" result="completed" time="0.108" timestamp="2025-05-20T08:00:18.233" classname="NVFuserTest" />
    <testcase name="FusionSoftmax1D_CUDA" file="/opt/pytorch/nvfuser/tests/cpp/test_gpu1.cpp" line="3771" status="run" result="completed" time="0.099" timestamp="2025-05-20T08:00:18.342" classname="NVFuserTest" />
    <testcase name="FusionSoftmax3DNormalized_CUDA" file="/opt/pytorch/nvfuser/tests/cpp/test_gpu1.cpp" line="3956" status="run" result="completed" time="0.125" timestamp="2025-05-20T08:00:18.441" classname="NVFuserTest" />
    <testcase name="FusionGridReduction2_CUDA" file="/opt/pytorch/nvfuser/tests/cpp/test_gpu1.cpp" line="4117" status="run" result="completed" time="0.357" timestamp="2025-05-20T08:00:18.567" classname="NVFuserTest" />
    <testcase name="FusionGridReduction4_CUDA" file="/opt/pytorch/nvfuser/tests/cpp/test_gpu1.cpp" line="4297" status="run" result="completed" time="0.132" timestamp="2025-05-20T08:00:18.924" classname="NVFuserTest" />
    <testcase name="FusionGridReduction7_CUDA" file="/opt/pytorch/nvfuser/tests/cpp/test_gpu1.cpp" line="4486" status="run" result="completed" time="0.104" timestamp="2025-05-20T08:00:19.056" classname="NVFuserTest" />
    <testcase name="FusionGridReduction10_CUDA" file="/opt/pytorch/nvfuser/tests/cpp/test_gpu1.cpp" line="4575" status="run" result="completed" time="0.138" timestamp="2025-05-20T08:00:19.160" classname="NVFuserTest" />
    <testcase name="FusionBCastInnerDim_CUDA" file="/opt/pytorch/nvfuser/tests/cpp/test_gpu1.cpp" line="4694" status="run" result="completed" time="0." timestamp="2025-05-20T08:00:19.298" classname="NVFuserTest" />
    <testcase name="FusionComputeAtExprOrder1_CUDA" file="/opt/pytorch/nvfuser/tests/cpp/test_gpu1.cpp" line="4741" status="run" result="completed" time="0.14" timestamp="2025-05-20T08:00:19.299" classname="NVFuserTest" />
    <testcase name="FusionZeroDimComputeAt_CUDA" file="/opt/pytorch/nvfuser/tests/cpp/test_gpu1.cpp" line="4838" status="run" result="completed" time="0.047" timestamp="2025-05-20T08:00:19.439" classname="NVFuserTest" />
    <testcase name="FusionBCastAfterReduce_CUDA" file="/opt/pytorch/nvfuser/tests/cpp/test_gpu1.cpp" line="4931" status="run" result="completed" time="0.085" timestamp="2025-05-20T08:00:19.487" classname="NVFuserTest" />
    <testcase name="FusionReductionKeepDimScheduler_CUDA" file="/opt/pytorch/nvfuser/tests/cpp/test_gpu1.cpp" line="5028" status="run" result="completed" time="0.145" timestamp="2025-05-20T08:00:19.572" classname="NVFuserTest" />
    <testcase name="FusionReductionScheduler_CUDA" file="/opt/pytorch/nvfuser/tests/cpp/test_gpu1.cpp" line="5152" status="run" result="completed" time="0.103" timestamp="2025-05-20T08:00:19.718" classname="NVFuserTest" />
    <testcase name="FusionReductionSchedulerMultiDimNonFastest_CUDA" file="/opt/pytorch/nvfuser/tests/cpp/test_gpu1.cpp" line="5303" status="run" result="completed" time="0.267" timestamp="2025-05-20T08:00:19.821" classname="NVFuserTest" />
    <testcase name="FusionCacheAfter_CUDA" file="/opt/pytorch/nvfuser/tests/cpp/test_gpu1.cpp" line="5566" status="run" result="completed" time="0.062" timestamp="2025-05-20T08:00:20.088" classname="NVFuserTest" />
    <testcase name="FusionCacheBcast_CUDA" file="/opt/pytorch/nvfuser/tests/cpp/test_gpu1.cpp" line="5689" status="run" result="completed" time="0.302" timestamp="2025-05-20T08:00:20.151" classname="NVFuserTest" />
    <testcase name="FusionSmemReduce_CUDA" file="/opt/pytorch/nvfuser/tests/cpp/test_gpu1.cpp" line="5834" status="run" result="completed" time="0.803" timestamp="2025-05-20T08:00:20.453" classname="NVFuserTest" />
    <testcase name="FusionSmemDynamicPersistentSoftmax2D_CUDA" file="/opt/pytorch/nvfuser/tests/cpp/test_gpu1.cpp" line="6042" status="run" result="completed" time="0.333" timestamp="2025-05-20T08:00:21.257" classname="NVFuserTest" />
    <testcase name="FusionMagicSchedulerLayerNormBackward_CUDA" file="/opt/pytorch/nvfuser/tests/cpp/test_gpu1.cpp" line="6219" status="run" result="completed" time="0.627" timestamp="2025-05-20T08:00:21.590" classname="NVFuserTest" />
    <testcase name="FusionMagicSchedulerRMSNormalization_CUDA" file="/opt/pytorch/nvfuser/tests/cpp/test_gpu1.cpp" line="6405" status="run" result="completed" time="0.26" timestamp="2025-05-20T08:00:22.217" classname="NVFuserTest" />
    <testcase name="FusionMagicSchedulerInstanceNormalizationBackward_CUDA" file="/opt/pytorch/nvfuser/tests/cpp/test_gpu1.cpp" line="6599" status="run" result="completed" time="1.394" timestamp="2025-05-20T08:00:22.478" classname="NVFuserTest" />
    <testcase name="FusionSmemDynamicPersistentNorm_CUDA" file="/opt/pytorch/nvfuser/tests/cpp/test_gpu1.cpp" line="7072" status="run" result="completed" time="0.211" timestamp="2025-05-20T08:00:23.872" classname="NVFuserTest" />
    <testcase name="FusionSmemDynamicPwiseMulSymbolicArgWAR_CUDA" file="/opt/pytorch/nvfuser/tests/cpp/test_gpu1.cpp" line="7299" status="run" result="completed" time="3.622" timestamp="2025-05-20T08:00:24.084" classname="NVFuserTest" />
    <testcase name="FusionGlobalIntermediateDefaultSchedule_CUDA" file="/opt/pytorch/nvfuser/tests/cpp/test_gpu2.cpp" line="113" status="run" result="completed" time="0.499" timestamp="2025-05-20T08:00:27.706" classname="NVFuserTest" />
    <testcase name="FusionIsZeroInt_CUDA" file="/opt/pytorch/nvfuser/tests/cpp/test_gpu2.cpp" line="210" status="run" result="completed" time="0." timestamp="2025-05-20T08:00:28.205" classname="NVFuserTest" />
    <testcase name="FusionTraversalOrder1_CUDA" file="/opt/pytorch/nvfuser/tests/cpp/test_gpu2.cpp" line="284" status="run" result="completed" time="0.069" timestamp="2025-05-20T08:00:28.205" classname="NVFuserTest" />
    <testcase name="FusionTraversalOrder4_CUDA" file="/opt/pytorch/nvfuser/tests/cpp/test_gpu2.cpp" line="408" status="run" result="completed" time="0.07" timestamp="2025-05-20T08:00:28.275" classname="NVFuserTest" />
    <testcase name="FusionTraversalOrder7_CUDA" file="/opt/pytorch/nvfuser/tests/cpp/test_gpu2.cpp" line="525" status="run" result="completed" time="0.235" timestamp="2025-05-20T08:00:28.345" classname="NVFuserTest" />
    <testcase name="FusionReductionHalf_CUDA" file="/opt/pytorch/nvfuser/tests/cpp/test_gpu2.cpp" line="690" status="run" result="completed" time="0.094" timestamp="2025-05-20T08:00:28.581" classname="NVFuserTest" />
    <testcase name="FusionReduceImplicitBroadcast2_CUDA" file="/opt/pytorch/nvfuser/tests/cpp/test_gpu2.cpp" line="780" status="run" result="completed" time="0.093" timestamp="2025-05-20T08:00:28.675" classname="NVFuserTest" />
    <testcase name="FusionTrivialReduction2_CUDA" file="/opt/pytorch/nvfuser/tests/cpp/test_gpu2.cpp" line="877" status="run" result="completed" time="0.066" timestamp="2025-05-20T08:00:28.769" classname="NVFuserTest" />
    <testcase name="FusionDisjointSet_CUDA" file="/opt/pytorch/nvfuser/tests/cpp/test_gpu2.cpp" line="976" status="run" result="completed" time="0." timestamp="2025-05-20T08:00:28.835" classname="NVFuserTest" />
    <testcase name="FusionBiasGeluBwd_CUDA" file="/opt/pytorch/nvfuser/tests/cpp/test_gpu2.cpp" line="1154" status="run" result="completed" time="0.426" timestamp="2025-05-20T08:00:28.835" classname="NVFuserTest" />
    <testcase name="FusionSmemIndexing_CUDA" file="/opt/pytorch/nvfuser/tests/cpp/test_gpu2.cpp" line="1307" status="run" result="completed" time="0.119" timestamp="2025-05-20T08:00:29.262" classname="NVFuserTest" />
    <testcase name="FusionIssue367_CUDA" file="/opt/pytorch/nvfuser/tests/cpp/test_gpu2.cpp" line="1493" status="run" result="completed" time="0.133" timestamp="2025-05-20T08:00:29.382" classname="NVFuserTest" />
    <testcase name="FusionIssue484_CUDA" file="/opt/pytorch/nvfuser/tests/cpp/test_gpu2.cpp" line="1679" status="run" result="completed" time="0.066" timestamp="2025-05-20T08:00:29.515" classname="NVFuserTest" />
    <testcase name="FusionIssue507_CUDA" file="/opt/pytorch/nvfuser/tests/cpp/test_gpu2.cpp" line="1770" status="run" result="completed" time="0.049" timestamp="2025-05-20T08:00:29.581" classname="NVFuserTest" />
    <testcase name="FusionIssue549_CUDA" file="/opt/pytorch/nvfuser/tests/cpp/test_gpu2.cpp" line="1864" status="run" result="completed" time="0.427" timestamp="2025-05-20T08:00:29.631" classname="NVFuserTest" />
    <testcase name="FusionBlockWelford_CUDA" file="/opt/pytorch/nvfuser/tests/cpp/test_gpu2.cpp" line="2042" status="run" result="completed" time="0.099" timestamp="2025-05-20T08:00:30.058" classname="NVFuserTest" />
    <testcase name="FusionWelfordOp_CUDA" file="/opt/pytorch/nvfuser/tests/cpp/test_gpu2.cpp" line="2292" status="run" result="completed" time="0.413" timestamp="2025-05-20T08:00:30.158" classname="NVFuserTest" />
    <testcase name="FusionRfactorWelfordOp_CUDA" file="/opt/pytorch/nvfuser/tests/cpp/test_gpu2.cpp" line="2425" status="run" result="completed" time="0.136" timestamp="2025-05-20T08:00:30.572" classname="NVFuserTest" />
    <testcase name="FusionSimpleGemmTransposed_CUDA" file="/opt/pytorch/nvfuser/tests/cpp/test_gpu2.cpp" line="2677" status="run" result="completed" time="0.095" timestamp="2025-05-20T08:00:30.708" classname="NVFuserTest" />
    <testcase name="FusionAdvancedComputeAtTransposed2_CUDA" file="/opt/pytorch/nvfuser/tests/cpp/test_gpu2.cpp" line="2908" status="run" result="completed" time="0.124" timestamp="2025-05-20T08:00:30.804" classname="NVFuserTest" />
    <testcase name="FusionAdvancedComputeAtTransposed5_CUDA" file="/opt/pytorch/nvfuser/tests/cpp/test_gpu2.cpp" line="3113" status="run" result="completed" time="0.088" timestamp="2025-05-20T08:00:30.928" classname="NVFuserTest" />
    <testcase name="FusionMultipleVectorize_CUDA" file="/opt/pytorch/nvfuser/tests/cpp/test_gpu2.cpp" line="3238" status="run" result="completed" time="0.187" timestamp="2025-05-20T08:00:31.017" classname="NVFuserTest" />
    <testcase name="FusionSegmentReduceSoftmax_CUDA" file="/opt/pytorch/nvfuser/tests/cpp/test_gpu2.cpp" line="3419" status="run" result="completed" time="0.265" timestamp="2025-05-20T08:00:31.205" classname="NVFuserTest" />
    <testcase name="FusionWelfordPersistence_CUDA" file="/opt/pytorch/nvfuser/tests/cpp/test_gpu2.cpp" line="3529" status="run" result="completed" time="0.126" timestamp="2025-05-20T08:00:31.470" classname="NVFuserTest" />
    <testcase name="FusionBroadcastAcrossComputeAt_CUDA" file="/opt/pytorch/nvfuser/tests/cpp/test_gpu2.cpp" line="3640" status="run" result="completed" time="0.057" timestamp="2025-05-20T08:00:31.597" classname="NVFuserTest" />
    <testcase name="FusionVectorization3_CUDA" file="/opt/pytorch/nvfuser/tests/cpp/test_gpu2.cpp" line="3756" status="run" result="skipped" time="0." timestamp="2025-05-20T08:00:31.655" classname="NVFuserTest">
      <skipped message="/opt/pytorch/nvfuser/tests/cpp/test_gpu2.cpp:3757&#x0A;&#x0A;"><![CDATA[/opt/pytorch/nvfuser/tests/cpp/test_gpu2.cpp:3757

]]></skipped>
    </testcase>
    <testcase name="FusionSizeOneLoop2_CUDA" file="/opt/pytorch/nvfuser/tests/cpp/test_gpu2.cpp" line="3928" status="run" result="completed" time="0.07" timestamp="2025-05-20T08:00:31.655" classname="NVFuserTest" />
    <testcase name="FusionValidateParallelize3_CUDA" file="/opt/pytorch/nvfuser/tests/cpp/test_gpu2.cpp" line="4000" status="run" result="completed" time="0.047" timestamp="2025-05-20T08:00:31.726" classname="NVFuserTest" />
    <testcase name="FusionValidateParallelize6_CUDA" file="/opt/pytorch/nvfuser/tests/cpp/test_gpu2.cpp" line="4071" status="run" result="completed" time="0.008" timestamp="2025-05-20T08:00:31.773" classname="NVFuserTest" />
    <testcase name="FusionValidateParallelize9_CUDA" file="/opt/pytorch/nvfuser/tests/cpp/test_gpu2.cpp" line="4204" status="run" result="completed" time="0." timestamp="2025-05-20T08:00:31.781" classname="NVFuserTest" />
    <testcase name="FusionDAGMerging_CUDA" file="/opt/pytorch/nvfuser/tests/cpp/test_gpu2.cpp" line="4337" status="run" result="completed" time="0.024" timestamp="2025-05-20T08:00:31.782" classname="NVFuserTest" />
    <testcase name="FusionBlockWelfordInSerialLoop_CUDA" file="/opt/pytorch/nvfuser/tests/cpp/test_gpu2.cpp" line="4443" status="run" result="completed" time="0.084" timestamp="2025-05-20T08:00:31.807" classname="NVFuserTest" />
    <testcase name="FusionIssue757_CUDA" file="/opt/pytorch/nvfuser/tests/cpp/test_gpu2.cpp" line="4573" status="run" result="completed" time="0.078" timestamp="2025-05-20T08:00:31.892" classname="NVFuserTest" />
    <testcase name="FusionSegmentHorizontalMerge_CUDA" file="/opt/pytorch/nvfuser/tests/cpp/test_gpu2.cpp" line="4677" status="run" result="completed" time="0.007" timestamp="2025-05-20T08:00:31.970" classname="NVFuserTest" />
    <testcase name="FusionSingleElement_CUDA" file="/opt/pytorch/nvfuser/tests/cpp/test_gpu2.cpp" line="4803" status="run" result="completed" time="0.048" timestamp="2025-05-20T08:00:31.978" classname="NVFuserTest" />
    <testcase name="FusionBNRepro_CUDA" file="/opt/pytorch/nvfuser/tests/cpp/test_gpu2.cpp" line="4957" status="run" result="completed" time="0.741" timestamp="2025-05-20T08:00:32.026" classname="NVFuserTest" />
    <testcase name="FusionZeroSizeTensorReduction_CUDA" file="/opt/pytorch/nvfuser/tests/cpp/test_gpu2.cpp" line="5115" status="run" result="completed" time="0.09" timestamp="2025-05-20T08:00:32.767" classname="NVFuserTest" />
    <testcase name="FusionTranslate1Welford_CUDA" file="/opt/pytorch/nvfuser/tests/cpp/test_gpu2.cpp" line="5210" status="run" result="completed" time="0.453" timestamp="2025-05-20T08:00:32.858" classname="NVFuserTest" />
    <testcase name="FusionWelfordOuterPersistence_CUDA" file="/opt/pytorch/nvfuser/tests/cpp/test_gpu2.cpp" line="5348" status="run" result="completed" time="0.803" timestamp="2025-05-20T08:00:33.311" classname="NVFuserTest" />
    <testcase name="FusionBackOffInnerBroadcast2_CUDA" file="/opt/pytorch/nvfuser/tests/cpp/test_gpu2.cpp" line="5445" status="run" result="completed" time="0." timestamp="2025-05-20T08:00:34.114" classname="NVFuserTest" />
    <testcase name="FusionSimpleWarpPad_CUDA" file="/opt/pytorch/nvfuser/tests/cpp/test_gpu2.cpp" line="5522" status="run" result="completed" time="0.075" timestamp="2025-05-20T08:00:34.115" classname="NVFuserTest" />
    <testcase name="FusionTrivialWarpReduction_CUDA" file="/opt/pytorch/nvfuser/tests/cpp/test_gpu2.cpp" line="5654" status="run" result="completed" time="0.083" timestamp="2025-05-20T08:00:34.191" classname="NVFuserTest" />
    <testcase name="FusionWarpMutipleThreadDim_CUDA" file="/opt/pytorch/nvfuser/tests/cpp/test_gpu2.cpp" line="5790" status="run" result="completed" time="0.073" timestamp="2025-05-20T08:00:34.274" classname="NVFuserTest" />
    <testcase name="FusionSegfaultReduction_CUDA" file="/opt/pytorch/nvfuser/tests/cpp/test_gpu2.cpp" line="5924" status="run" result="completed" time="0.084" timestamp="2025-05-20T08:00:34.348" classname="NVFuserTest" />
    <testcase name="FusionBufferReuseLargeBuffer_CUDA" file="/opt/pytorch/nvfuser/tests/cpp/test_gpu2.cpp" line="6045" status="run" result="completed" time="1.757" timestamp="2025-05-20T08:00:34.432" classname="NVFuserTest" />
    <testcase name="FusionBufferReuseLiveInterval_CUDA" file="/opt/pytorch/nvfuser/tests/cpp/test_gpu2.cpp" line="6142" status="run" result="completed" time="0.38" timestamp="2025-05-20T08:00:36.190" classname="NVFuserTest" />
    <testcase name="FusionIssue1016_CUDA" file="/opt/pytorch/nvfuser/tests/cpp/test_gpu2.cpp" line="6232" status="run" result="completed" time="0.068" timestamp="2025-05-20T08:00:36.570" classname="NVFuserTest" />
    <testcase name="FusionParallelDimensionMap1_CUDA" file="/opt/pytorch/nvfuser/tests/cpp/test_gpu2.cpp" line="6326" status="run" result="completed" time="0.08" timestamp="2025-05-20T08:00:36.639" classname="NVFuserTest" />
    <testcase name="FusionParallelDimensionMap4_CUDA" file="/opt/pytorch/nvfuser/tests/cpp/test_gpu2.cpp" line="6449" status="run" result="completed" time="0.077" timestamp="2025-05-20T08:00:36.720" classname="NVFuserTest" />
    <testcase name="FusionSerialAndParallelIndexing_CUDA" file="/opt/pytorch/nvfuser/tests/cpp/test_gpu2.cpp" line="6641" status="run" result="completed" time="0.096" timestamp="2025-05-20T08:00:36.797" classname="NVFuserTest" />
    <testcase name="FusionUnswitchPredicate_CUDA" file="/opt/pytorch/nvfuser/tests/cpp/test_gpu2.cpp" line="6793" status="run" result="completed" time="0.072" timestamp="2025-05-20T08:00:36.893" classname="NVFuserTest" />
    <testcase name="FusionPointwiseBroadcast_CUDA" file="/opt/pytorch/nvfuser/tests/cpp/test_gpu2.cpp" line="6905" status="run" result="completed" time="0.103" timestamp="2025-05-20T08:00:36.966" classname="NVFuserTest" />
    <testcase name="FusionGridReductionWithNonExactParallelDimensions_CUDA" file="/opt/pytorch/nvfuser/tests/cpp/test_gpu2.cpp" line="7009" status="run" result="completed" time="0.088" timestamp="2025-05-20T08:00:37.070" classname="NVFuserTest" />
    <testcase name="FusionGridWelfordWithNonExactParallelDimensions2_CUDA" file="/opt/pytorch/nvfuser/tests/cpp/test_gpu2.cpp" line="7113" status="run" result="completed" time="0.181" timestamp="2025-05-20T08:00:37.158" classname="NVFuserTest" />
    <testcase name="FusionFloatPow_CUDA" file="/opt/pytorch/nvfuser/tests/cpp/test_gpu2.cpp" line="7280" status="run" result="completed" time="0.142" timestamp="2025-05-20T08:00:37.340" classname="NVFuserTest" />
    <testcase name="FusionNonContigOutputs_CUDA" file="/opt/pytorch/nvfuser/tests/cpp/test_gpu2.cpp" line="7390" status="run" result="completed" time="0.054" timestamp="2025-05-20T08:00:37.482" classname="NVFuserTest" />
    <testcase name="FusionRfactorContigIDs_CUDA" file="/opt/pytorch/nvfuser/tests/cpp/test_gpu2.cpp" line="7537" status="run" result="completed" time="0.102" timestamp="2025-05-20T08:00:37.536" classname="NVFuserTest" />
    <testcase name="FusionRfactorPredication2_CUDA" file="/opt/pytorch/nvfuser/tests/cpp/test_gpu2.cpp" line="7669" status="run" result="completed" time="0.103" timestamp="2025-05-20T08:00:37.639" classname="NVFuserTest" />
    <testcase name="FusionNonDivisibleSplit2_CUDA" file="/opt/pytorch/nvfuser/tests/cpp/test_gpu3.cpp" line="122" status="run" result="completed" time="0.093" timestamp="2025-05-20T08:00:37.743" classname="NVFuserTest" />
    <testcase name="FusionNonDivisibleSplit5_CUDA" file="/opt/pytorch/nvfuser/tests/cpp/test_gpu3.cpp" line="275" status="run" result="completed" time="0.092" timestamp="2025-05-20T08:00:37.836" classname="NVFuserTest" />
    <testcase name="FusionIssue1305Repro_CUDA" file="/opt/pytorch/nvfuser/tests/cpp/test_gpu3.cpp" line="426" status="run" result="completed" time="0." timestamp="2025-05-20T08:00:37.928" classname="NVFuserTest" />
    <testcase name="FusionBroadcastConcretization2_CUDA" file="/opt/pytorch/nvfuser/tests/cpp/test_gpu3.cpp" line="540" status="run" result="completed" time="0.089" timestamp="2025-05-20T08:00:37.929" classname="NVFuserTest" />
    <testcase name="FusionIssue1430_CUDA" file="/opt/pytorch/nvfuser/tests/cpp/test_gpu3.cpp" line="722" status="run" result="completed" time="0.251" timestamp="2025-05-20T08:00:38.019" classname="NVFuserTest" />
    <testcase name="FusionTestGridComm2_CUDA" file="/opt/pytorch/nvfuser/tests/cpp/test_gpu3.cpp" line="954" status="run" result="completed" time="0.069" timestamp="2025-05-20T08:00:38.271" classname="NVFuserTest" />
    <testcase name="FusionSmemAlignment_CUDA" file="/opt/pytorch/nvfuser/tests/cpp/test_gpu3.cpp" line="1067" status="run" result="completed" time="2.564" timestamp="2025-05-20T08:00:38.340" classname="NVFuserTest" />
    <testcase name="FusionVectorizeContigIndexFail_CUDA" file="/opt/pytorch/nvfuser/tests/cpp/test_gpu3.cpp" line="1168" status="run" result="skipped" time="0." timestamp="2025-05-20T08:00:40.905" classname="NVFuserTest">
      <skipped message="/opt/pytorch/nvfuser/tests/cpp/test_gpu3.cpp:1169&#x0A;&#x0A;"><![CDATA[/opt/pytorch/nvfuser/tests/cpp/test_gpu3.cpp:1169

]]></skipped>
    </testcase>
    <testcase name="FusionVectorizeContigIndexValidationFail_CUDA" file="/opt/pytorch/nvfuser/tests/cpp/test_gpu3.cpp" line="1277" status="run" result="skipped" time="0." timestamp="2025-05-20T08:00:40.905" classname="NVFuserTest">
      <skipped message="/opt/pytorch/nvfuser/tests/cpp/test_gpu3.cpp:1278&#x0A;&#x0A;"><![CDATA[/opt/pytorch/nvfuser/tests/cpp/test_gpu3.cpp:1278

]]></skipped>
    </testcase>
    <testcase name="FusionVectorizeContigIndexWithBroadcast_CUDA" file="/opt/pytorch/nvfuser/tests/cpp/test_gpu3.cpp" line="1394" status="run" result="completed" time="0.069" timestamp="2025-05-20T08:00:40.905" classname="NVFuserTest" />
    <testcase name="FusionRAWSyncInsertionPlace1_CUDA" file="/opt/pytorch/nvfuser/tests/cpp/test_gpu3.cpp" line="1528" status="run" result="completed" time="0.075" timestamp="2025-05-20T08:00:40.974" classname="NVFuserTest" />
    <testcase name="FusionRAWSyncInsertionPlace4_CUDA" file="/opt/pytorch/nvfuser/tests/cpp/test_gpu3.cpp" line="1663" status="run" result="completed" time="0.009" timestamp="2025-05-20T08:00:41.049" classname="NVFuserTest" />
    <testcase name="FusionSimpleCpAsync_CUDA" file="/opt/pytorch/nvfuser/tests/cpp/test_gpu3.cpp" line="1808" status="run" result="completed" time="0.127" timestamp="2025-05-20T08:00:41.059" classname="NVFuserTest" />
    <testcase name="FusionPropagateParallelTypesToSiblings_CUDA" file="/opt/pytorch/nvfuser/tests/cpp/test_gpu3.cpp" line="1961" status="run" result="completed" time="0.113" timestamp="2025-05-20T08:00:41.187" classname="NVFuserTest" />
    <testcase name="FusionTestReEntrantGridWelford_CUDA" file="/opt/pytorch/nvfuser/tests/cpp/test_gpu3.cpp" line="2111" status="run" result="completed" time="0.449" timestamp="2025-05-20T08:00:41.300" classname="NVFuserTest" />
    <testcase name="FusionRedundantPredSync3_CUDA" file="/opt/pytorch/nvfuser/tests/cpp/test_gpu3.cpp" line="2364" status="run" result="completed" time="1.569" timestamp="2025-05-20T08:00:41.750" classname="NVFuserTest" />
    <testcase name="FusionSqueeze1_CUDA" file="/opt/pytorch/nvfuser/tests/cpp/test_gpu3.cpp" line="2548" status="run" result="completed" time="0.135" timestamp="2025-05-20T08:00:43.319" classname="NVFuserTest" />
    <testcase name="FusionRepro1713_CUDA" file="/opt/pytorch/nvfuser/tests/cpp/test_gpu3.cpp" line="2639" status="run" result="completed" time="0.598" timestamp="2025-05-20T08:00:43.455" classname="NVFuserTest" />
    <testcase name="FusionExpandToConcrete_CUDA" file="/opt/pytorch/nvfuser/tests/cpp/test_gpu3.cpp" line="2799" status="run" result="completed" time="0.009" timestamp="2025-05-20T08:00:44.053" classname="NVFuserTest" />
    <testcase name="FusionTransformPropagateSelectorSibling_CUDA" file="/opt/pytorch/nvfuser/tests/cpp/test_gpu3.cpp" line="2904" status="run" result="completed" time="0.001" timestamp="2025-05-20T08:00:44.063" classname="NVFuserTest" />
    <testcase name="FusionIssue1770Repro_CUDA" file="/opt/pytorch/nvfuser/tests/cpp/test_gpu3.cpp" line="3020" status="run" result="completed" time="0.078" timestamp="2025-05-20T08:00:44.064" classname="NVFuserTest" />
    <testcase name="FusionMaxLogicalDomainInfoSpanningTreePrintTwice_CUDA" file="/opt/pytorch/nvfuser/tests/cpp/test_gpu3.cpp" line="3114" status="run" result="completed" time="0." timestamp="2025-05-20T08:00:44.142" classname="NVFuserTest" />
    <testcase name="FusionSkipReplay_CUDA" file="/opt/pytorch/nvfuser/tests/cpp/test_gpu3.cpp" line="3247" status="run" result="completed" time="0." timestamp="2025-05-20T08:00:44.143" classname="NVFuserTest" />
    <testcase name="FusionIssueRepro1844_CUDA" file="/opt/pytorch/nvfuser/tests/cpp/test_gpu3.cpp" line="3343" status="run" result="completed" time="0.222" timestamp="2025-05-20T08:00:44.143" classname="NVFuserTest" />
    <testcase name="FusionExpandReduce_CUDA" file="/opt/pytorch/nvfuser/tests/cpp/test_gpu3.cpp" line="3476" status="run" result="completed" time="0.06" timestamp="2025-05-20T08:00:44.365" classname="NVFuserTest" />
    <testcase name="FusionPointwiseScheduleWithBroadcastAndTrivialReduction_CUDA" file="/opt/pytorch/nvfuser/tests/cpp/test_gpu3.cpp" line="3562" status="run" result="completed" time="0.199" timestamp="2025-05-20T08:00:44.426" classname="NVFuserTest" />
    <testcase name="FusionSizeDependentData_CUDA" file="/opt/pytorch/nvfuser/tests/cpp/test_gpu3.cpp" line="3669" status="run" result="completed" time="0.058" timestamp="2025-05-20T08:00:44.626" classname="NVFuserTest" />
    <testcase name="FusionPredicateUnshare_CUDA" file="/opt/pytorch/nvfuser/tests/cpp/test_gpu3.cpp" line="3759" status="run" result="completed" time="0.075" timestamp="2025-05-20T08:00:44.684" classname="NVFuserTest" />
    <testcase name="FusionInlineAt_CUDA" file="/opt/pytorch/nvfuser/tests/cpp/test_gpu3.cpp" line="3877" status="run" result="completed" time="0.076" timestamp="2025-05-20T08:00:44.759" classname="NVFuserTest" />
    <testcase name="FusionExpandedInput_CUDA" file="/opt/pytorch/nvfuser/tests/cpp/test_gpu3.cpp" line="4004" status="run" result="completed" time="0.068" timestamp="2025-05-20T08:00:44.836" classname="NVFuserTest" />
    <testcase name="FusionRepro2094_CUDA" file="/opt/pytorch/nvfuser/tests/cpp/test_gpu3.cpp" line="4088" status="run" result="completed" time="1.056" timestamp="2025-05-20T08:00:44.904" classname="NVFuserTest" />
    <testcase name="FusionSqueezeTransformPropagation_CUDA" file="/opt/pytorch/nvfuser/tests/cpp/test_gpu3.cpp" line="4302" status="run" result="completed" time="0.082" timestamp="2025-05-20T08:00:45.961" classname="NVFuserTest" />
    <testcase name="FusionCastings_CUDA" file="/opt/pytorch/nvfuser/tests/cpp/test_gpu3.cpp" line="4421" status="run" result="completed" time="10.267" timestamp="2025-05-20T08:00:46.043" classname="NVFuserTest" />
    <testcase name="FusionIssue2372_CUDA" file="/opt/pytorch/nvfuser/tests/cpp/test_gpu3.cpp" line="4550" status="run" result="completed" time="0.144" timestamp="2025-05-20T08:00:56.310" classname="NVFuserTest" />
    <testcase name="FusionSqueezeOnlyWelford_CUDA" file="/opt/pytorch/nvfuser/tests/cpp/test_gpu3.cpp" line="4773" status="run" result="completed" time="0.201" timestamp="2025-05-20T08:00:56.454" classname="NVFuserTest" />
    <testcase name="FusionIntegerType_CUDA" file="/opt/pytorch/nvfuser/tests/cpp/test_gpu3.cpp" line="4973" status="run" result="completed" time="0.058" timestamp="2025-05-20T08:00:56.656" classname="NVFuserTest" />
    <testcase name="FusionRepro2241_CUDA" file="/opt/pytorch/nvfuser/tests/cpp/test_gpu3.cpp" line="5183" status="run" result="completed" time="0.153" timestamp="2025-05-20T08:00:56.714" classname="NVFuserTest" />
    <testcase name="FusionCpAsyncCommitWait_CUDA" file="/opt/pytorch/nvfuser/tests/cpp/test_gpu3.cpp" line="5301" status="run" result="completed" time="0.331" timestamp="2025-05-20T08:00:56.867" classname="NVFuserTest" />
    <testcase name="FusionPredicateReductionInitGlobal_CUDA" file="/opt/pytorch/nvfuser/tests/cpp/test_gpu3.cpp" line="5544" status="run" result="completed" time="0.069" timestamp="2025-05-20T08:00:57.199" classname="NVFuserTest" />
    <testcase name="FusionExecutorCacheIndexType1_CUDA" file="/opt/pytorch/nvfuser/tests/cpp/test_gpu3.cpp" line="5735" status="run" result="completed" time="0.819" timestamp="2025-05-20T08:00:57.269" classname="NVFuserTest" />
    <testcase name="FusionBFloat16Scalars_CUDA" file="/opt/pytorch/nvfuser/tests/cpp/test_gpu3.cpp" line="5835" status="run" result="completed" time="0.07" timestamp="2025-05-20T08:00:58.089" classname="NVFuserTest" />
    <testcase name="FusionAvoidRedundantWrite_CUDA" file="/opt/pytorch/nvfuser/tests/cpp/test_gpu3.cpp" line="5950" status="run" result="completed" time="3.219" timestamp="2025-05-20T08:00:58.159" classname="NVFuserTest" />
    <testcase name="FusionAvoidRedundantWriteNonNeighbor_CUDA" file="/opt/pytorch/nvfuser/tests/cpp/test_gpu3.cpp" line="6167" status="run" result="completed" time="0.097" timestamp="2025-05-20T08:01:01.379" classname="NVFuserTest" />
    <testcase name="CompareDomainWithReference1" file="/opt/pytorch/nvfuser/tests/cpp/test_gpu3.cpp" line="6361" status="run" result="completed" time="0." timestamp="2025-05-20T08:01:01.477" classname="NVFuserTest" />
    <testcase name="CompareDomainWithReference4" file="/opt/pytorch/nvfuser/tests/cpp/test_gpu3.cpp" line="6510" status="run" result="completed" time="0." timestamp="2025-05-20T08:01:01.477" classname="NVFuserTest" />
    <testcase name="DoublePrecisionNorm_CUDA" file="/opt/pytorch/nvfuser/tests/cpp/test_gpu3.cpp" line="6715" status="run" result="completed" time="0.078" timestamp="2025-05-20T08:01:01.477" classname="NVFuserTest" />
    <testcase name="AlignedSyncReduction1_CUDA" file="/opt/pytorch/nvfuser/tests/cpp/test_gpu3.cpp" line="6893" status="run" result="completed" time="0.005" timestamp="2025-05-20T08:01:01.556" classname="NVFuserTest" />
    <testcase name="Repro413_CUDA" file="/opt/pytorch/nvfuser/tests/cpp/test_gpu3.cpp" line="6994" status="run" result="completed" time="3.125" timestamp="2025-05-20T08:01:01.562" classname="NVFuserTest" />
    <testcase name="FusionDisableKernelReuse_CUDA" file="/opt/pytorch/nvfuser/tests/cpp/test_gpu3.cpp" line="7119" status="run" result="completed" time="0.103" timestamp="2025-05-20T08:01:04.687" classname="NVFuserTest" />
    <testcase name="VectorizeBackToBackReductions" file="/opt/pytorch/nvfuser/tests/cpp/test_gpu3.cpp" line="7246" status="run" result="completed" time="0.198" timestamp="2025-05-20T08:01:04.791" classname="NVFuserTest" />
    <testcase name="SymbolicOneBroadcasting" file="/opt/pytorch/nvfuser/tests/cpp/test_gpu3.cpp" line="7407" status="run" result="completed" time="0." timestamp="2025-05-20T08:01:04.989" classname="NVFuserTest" />
    <testcase name="VectorizationStrideValidation" file="/opt/pytorch/nvfuser/tests/cpp/test_gpu3.cpp" line="7486" status="run" result="completed" time="0.056" timestamp="2025-05-20T08:01:04.989" classname="NVFuserTest" />
    <testcase name="LoweringHook" file="/opt/pytorch/nvfuser/tests/cpp/test_gpu3.cpp" line="7620" status="run" result="completed" time="0.001" timestamp="2025-05-20T08:01:05.046" classname="NVFuserTest" />
    <testcase name="UnsupportedBFloat" file="/opt/pytorch/nvfuser/tests/cpp/test_gpu3.cpp" line="7712" status="run" result="skipped" time="0." timestamp="2025-05-20T08:01:05.047" classname="NVFuserTest">
      <skipped message="/opt/pytorch/nvfuser/tests/cpp/test_gpu3.cpp:7714&#x0A;Requires GPU capability below 8.0 to run.&#x0A;&#x0A;"><![CDATA[/opt/pytorch/nvfuser/tests/cpp/test_gpu3.cpp:7714
Requires GPU capability below 8.0 to run.

]]></skipped>
    </testcase>
    <testcase name="ReverseMerge" file="/opt/pytorch/nvfuser/tests/cpp/test_gpu3.cpp" line="7813" status="run" result="completed" time="0.049" timestamp="2025-05-20T08:01:05.047" classname="NVFuserTest" />
    <testcase name="DecoupledDomains2" file="/opt/pytorch/nvfuser/tests/cpp/test_gpu3.cpp" line="7937" status="run" result="completed" time="0." timestamp="2025-05-20T08:01:05.097" classname="NVFuserTest" />
    <testcase name="ReplayRFactorMergeBcast" file="/opt/pytorch/nvfuser/tests/cpp/test_gpu3.cpp" line="8205" status="run" result="completed" time="0.094" timestamp="2025-05-20T08:01:05.097" classname="NVFuserTest" />
    <testcase name="MoveNonConcretizedBroadcastInPointwise" file="/opt/pytorch/nvfuser/tests/cpp/test_gpu3.cpp" line="8345" status="run" result="completed" time="0.066" timestamp="2025-05-20T08:01:05.191" classname="NVFuserTest" />
    <testcase name="ReplaceSymbolicSizes" file="/opt/pytorch/nvfuser/tests/cpp/test_gpu3.cpp" line="8536" status="run" result="completed" time="0." timestamp="2025-05-20T08:01:05.258" classname="NVFuserTest" />
    <testcase name="CpAsyncDataTypeBool" file="/opt/pytorch/nvfuser/tests/cpp/test_gpu3.cpp" line="8664" status="run" result="completed" time="0.05" timestamp="2025-05-20T08:01:05.258" classname="NVFuserTest" />
    <testcase name="ReplaceSymbolicSizesPreferSimplerExtents" file="/opt/pytorch/nvfuser/tests/cpp/test_gpu3.cpp" line="8769" status="run" result="completed" time="0." timestamp="2025-05-20T08:01:05.309" classname="NVFuserTest" />
    <testcase name="RepeatBroadcast" file="/opt/pytorch/nvfuser/tests/cpp/test_gpu3.cpp" line="8898" status="run" result="completed" time="0.061" timestamp="2025-05-20T08:01:05.310" classname="NVFuserTest" />
    <testcase name="CastPrecision" file="/opt/pytorch/nvfuser/tests/cpp/test_gpu3.cpp" line="8971" status="run" result="completed" time="0." timestamp="2025-05-20T08:01:05.372" classname="NVFuserTest" />
    <testcase name="FusionGridAllreduce1_CUDA" file="/opt/pytorch/nvfuser/tests/cpp/test_gpu_fused_reduction.cpp" line="76" status="run" result="completed" time="0.133" timestamp="2025-05-20T08:01:05.372" classname="NVFuserTest" />
    <testcase name="FusionGridAllreduce4_CUDA" file="/opt/pytorch/nvfuser/tests/cpp/test_gpu_fused_reduction.cpp" line="225" status="run" result="completed" time="0.098" timestamp="2025-05-20T08:01:05.505" classname="NVFuserTest" />
    <testcase name="FusionGridAllreduceWelford1_CUDA" file="/opt/pytorch/nvfuser/tests/cpp/test_gpu_fused_reduction.cpp" line="385" status="run" result="completed" time="0.138" timestamp="2025-05-20T08:01:05.604" classname="NVFuserTest" />
    <testcase name="FusionGroupedReduction1_CUDA" file="/opt/pytorch/nvfuser/tests/cpp/test_gpu_fused_reduction.cpp" line="633" status="run" result="completed" time="0.069" timestamp="2025-05-20T08:01:05.743" classname="NVFuserTest" />
    <testcase name="FusionGroupedReduction4_CUDA" file="/opt/pytorch/nvfuser/tests/cpp/test_gpu_fused_reduction.cpp" line="758" status="run" result="completed" time="0." timestamp="2025-05-20T08:01:05.812" classname="NVFuserTest" />
    <testcase name="FusionGroupedReduction7_CUDA" file="/opt/pytorch/nvfuser/tests/cpp/test_gpu_fused_reduction.cpp" line="844" status="run" result="completed" time="0." timestamp="2025-05-20T08:01:05.812" classname="NVFuserTest" />
    <testcase name="FusionGroupedReductionAfterComputeAt_CUDA" file="/opt/pytorch/nvfuser/tests/cpp/test_gpu_fused_reduction.cpp" line="957" status="run" result="completed" time="0.077" timestamp="2025-05-20T08:01:05.813" classname="NVFuserTest" />
    <testcase name="FusionGroupAllreduce3_CUDA" file="/opt/pytorch/nvfuser/tests/cpp/test_gpu_fused_reduction.cpp" line="1101" status="run" result="completed" time="0.192" timestamp="2025-05-20T08:01:05.890" classname="NVFuserTest" />
    <testcase name="FusionPersistentBNBackwardAllreduce_CUDA" file="/opt/pytorch/nvfuser/tests/cpp/test_gpu_fused_reduction.cpp" line="1305" status="run" result="completed" time="0.506" timestamp="2025-05-20T08:01:06.082" classname="NVFuserTest" />
    <testcase name="FusionGroupedReductionPersistentChannelsLastBatchNormLike_CUDA" file="/opt/pytorch/nvfuser/tests/cpp/test_gpu_fused_reduction.cpp" line="1705" status="run" result="completed" time="0.646" timestamp="2025-05-20T08:01:06.588" classname="NVFuserTest" />
    <testcase name="FusionCrossIterationGroupedGridAllreduce3_CUDA" file="/opt/pytorch/nvfuser/tests/cpp/test_gpu_fused_reduction.cpp" line="2000" status="run" result="completed" time="0.231" timestamp="2025-05-20T08:01:07.235" classname="NVFuserTest" />
    <testcase name="FusionCrossIterationGroupedGridAllreduceWelford2_CUDA" file="/opt/pytorch/nvfuser/tests/cpp/test_gpu_fused_reduction.cpp" line="2240" status="run" result="completed" time="0.509" timestamp="2025-05-20T08:01:07.467" classname="NVFuserTest" />
    <testcase name="FusionCrossEntropyGatherPattern_CUDA" file="/opt/pytorch/nvfuser/tests/cpp/test_gpu_fused_reduction.cpp" line="2550" status="run" result="completed" time="0.104" timestamp="2025-05-20T08:01:07.977" classname="NVFuserTest" />
    <testcase name="IndexSelectVectorizationLookupTensorCase0" file="/opt/pytorch/nvfuser/tests/cpp/test_index_select.cpp" line="640" status="run" result="completed" time="0.593" timestamp="2025-05-20T08:01:08.081" classname="NVFuserTest" />
    <testcase name="IndexSelectVectorizationIndexTensorNoBroadcast" file="/opt/pytorch/nvfuser/tests/cpp/test_index_select.cpp" line="745" status="run" result="completed" time="0.389" timestamp="2025-05-20T08:01:08.675" classname="NVFuserTest" />
    <testcase name="OptOutMutatorMutatedOutput" file="/opt/pytorch/nvfuser/tests/cpp/test_mutator.cpp" line="26" status="run" result="completed" time="0.063" timestamp="2025-05-20T08:01:09.065" classname="NVFuserTest" />
    <testcase name="AvoidProjectingToInputsIfRecomputeHasDropout" file="/opt/pytorch/nvfuser/tests/cpp/test_persistent_buffer.cpp" line="1102" status="run" result="completed" time="0.071" timestamp="2025-05-20T08:01:09.128" classname="NVFuserTest" />
    <testcase name="InnerReductionUnrollVectorization" file="/opt/pytorch/nvfuser/tests/cpp/test_reduction_pointwise.cpp" line="130" status="run" result="completed" time="0.129" timestamp="2025-05-20T08:01:09.200" classname="NVFuserTest" />
    <testcase name="ReductionSchedulerWithAdditionalIDOuterNormalization" file="/opt/pytorch/nvfuser/tests/cpp/test_reduction_pointwise.cpp" line="229" status="run" result="completed" time="0.332" timestamp="2025-05-20T08:01:09.330" classname="NVFuserTest" />
    <testcase name="FusionSplitDims" file="/opt/pytorch/nvfuser/tests/cpp/test_utils.cpp" line="80" status="run" result="completed" time="0." timestamp="2025-05-20T08:01:09.663" classname="NVFuserTest" />
    <testcase name="FusionDisjointViewSet" file="/opt/pytorch/nvfuser/tests/cpp/test_utils.cpp" line="158" status="run" result="completed" time="0." timestamp="2025-05-20T08:01:09.663" classname="NVFuserTest" />
    <testcase name="FusionSASSDumpError" file="/opt/pytorch/nvfuser/tests/cpp/test_utils.cpp" line="1079" status="run" result="completed" time="1.779" timestamp="2025-05-20T08:01:09.663" classname="NVFuserTest" />
    <testcase name="ProveLinearAndGetStrideEarlyStopping" file="/opt/pytorch/nvfuser/tests/cpp/test_utils.cpp" line="1689" status="run" result="completed" time="0." timestamp="2025-05-20T08:01:11.442" classname="NVFuserTest" />
    <testcase name="Generator3" file="/opt/pytorch/nvfuser/tests/cpp/test_utils.cpp" line="2134" status="run" result="completed" time="0." timestamp="2025-05-20T08:01:11.443" classname="NVFuserTest" />
  </testsuite>
  <testsuite name="AliasTest" tests="17" failures="0" disabled="0" skipped="1" errors="0" time="2.826" timestamp="2025-05-20T08:01:11.443">
    <testcase name="View" file="/opt/pytorch/nvfuser/tests/cpp/test_alias.cpp" line="41" status="run" result="completed" time="0.016" timestamp="2025-05-20T08:01:11.443" classname="AliasTest" />
    <testcase name="View_NoAliasForIncompliantLayout" file="/opt/pytorch/nvfuser/tests/cpp/test_alias.cpp" line="121" status="run" result="completed" time="0.081" timestamp="2025-05-20T08:01:11.459" classname="AliasTest" />
    <testcase name="SliceToSizeOne_Issue1353" file="/opt/pytorch/nvfuser/tests/cpp/test_alias.cpp" line="213" status="run" result="completed" time="0.013" timestamp="2025-05-20T08:01:11.540" classname="AliasTest" />
    <testcase name="DuplicateOutputsSegmentedFusion" file="/opt/pytorch/nvfuser/tests/cpp/test_alias.cpp" line="311" status="run" result="completed" time="0.248" timestamp="2025-05-20T08:01:11.554" classname="AliasTest" />
    <testcase name="Issue1452" file="/opt/pytorch/nvfuser/tests/cpp/test_alias.cpp" line="452" status="run" result="completed" time="0.991" timestamp="2025-05-20T08:01:11.802" classname="AliasTest" />
    <testcase name="DuplicateOutputsComplex" file="/opt/pytorch/nvfuser/tests/cpp/test_alias.cpp" line="550" status="run" result="completed" time="0.139" timestamp="2025-05-20T08:01:12.793" classname="AliasTest" />
    <testcase name="TrivialInputForwarding" file="/opt/pytorch/nvfuser/tests/cpp/test_alias.cpp" line="622" status="run" result="completed" time="0.025" timestamp="2025-05-20T08:01:12.933" classname="AliasTest" />
    <testcase name="OutputNotAliasedByAnotherOutputShouldNotBeSegmented" file="/opt/pytorch/nvfuser/tests/cpp/test_alias.cpp" line="699" status="run" result="completed" time="0.099" timestamp="2025-05-20T08:01:12.958" classname="AliasTest" />
    <testcase name="DoNotOverSegment_WithForks" file="/opt/pytorch/nvfuser/tests/cpp/test_alias.cpp" line="793" status="run" result="completed" time="0.142" timestamp="2025-05-20T08:01:13.058" classname="AliasTest" />
    <testcase name="MergeTwoExpandedBroadcasts" file="/opt/pytorch/nvfuser/tests/cpp/test_alias.cpp" line="867" status="run" result="completed" time="0.066" timestamp="2025-05-20T08:01:13.201" classname="AliasTest" />
    <testcase name="SourceIsBothInputAndOutput" file="/opt/pytorch/nvfuser/tests/cpp/test_alias.cpp" line="935" status="run" result="completed" time="0.025" timestamp="2025-05-20T08:01:13.267" classname="AliasTest" />
    <testcase name="ReuseBuffer_AliasAcrossSegments" file="/opt/pytorch/nvfuser/tests/cpp/test_alias.cpp" line="996" status="run" result="completed" time="0.367" timestamp="2025-05-20T08:01:13.293" classname="AliasTest" />
    <testcase name="NoKernelsAreLaunched" file="/opt/pytorch/nvfuser/tests/cpp/test_alias.cpp" line="1136" status="run" result="skipped" time="0." timestamp="2025-05-20T08:01:13.661" classname="AliasTest">
      <skipped message="/opt/pytorch/nvfuser/tests/cpp/test_alias.cpp:1138&#x0A;Skipped because compute-sanitizer is detected, which conflicts with FusionProfiler&#x0A;"><![CDATA[/opt/pytorch/nvfuser/tests/cpp/test_alias.cpp:1138
Skipped because compute-sanitizer is detected, which conflicts with FusionProfiler
]]></skipped>
    </testcase>
    <testcase name="Bookend_SegmentSetPreservesAllocation" file="/opt/pytorch/nvfuser/tests/cpp/test_alias.cpp" line="1223" status="run" result="completed" time="0.121" timestamp="2025-05-20T08:01:13.661" classname="AliasTest" />
    <testcase name="Bookend_AliasesOfSameTensor" file="/opt/pytorch/nvfuser/tests/cpp/test_alias.cpp" line="1320" status="run" result="completed" time="0.113" timestamp="2025-05-20T08:01:13.782" classname="AliasTest" />
    <testcase name="Bookend_Issue2375" file="/opt/pytorch/nvfuser/tests/cpp/test_alias.cpp" line="1436" status="run" result="completed" time="0.236" timestamp="2025-05-20T08:01:13.895" classname="AliasTest" />
    <testcase name="ReshapeInplaceUpdateNoSegmentation" file="/opt/pytorch/nvfuser/tests/cpp/test_alias.cpp" line="1547" status="run" result="completed" time="0.136" timestamp="2025-05-20T08:01:14.132" classname="AliasTest" />
  </testsuite>
  <testsuite name="AliasAnalysisTest" tests="7" failures="0" disabled="0" skipped="0" errors="0" time="0.002" timestamp="2025-05-20T08:01:14.269">
    <testcase name="View_SymbolicTensor" file="/opt/pytorch/nvfuser/tests/cpp/test_alias_analysis.cpp" line="29" status="run" result="completed" time="0." timestamp="2025-05-20T08:01:14.269" classname="AliasAnalysisTest" />
    <testcase name="View_MergeNonContiguous" file="/opt/pytorch/nvfuser/tests/cpp/test_alias_analysis.cpp" line="84" status="run" result="completed" time="0." timestamp="2025-05-20T08:01:14.269" classname="AliasAnalysisTest" />
    <testcase name="View_SplitExpandedBroadcast" file="/opt/pytorch/nvfuser/tests/cpp/test_alias_analysis.cpp" line="144" status="run" result="completed" time="0." timestamp="2025-05-20T08:01:14.269" classname="AliasAnalysisTest" />
    <testcase name="TrivialSlice" file="/opt/pytorch/nvfuser/tests/cpp/test_alias_analysis.cpp" line="214" status="run" result="completed" time="0." timestamp="2025-05-20T08:01:14.269" classname="AliasAnalysisTest" />
    <testcase name="BroadcastExpandDimensions" file="/opt/pytorch/nvfuser/tests/cpp/test_alias_analysis.cpp" line="256" status="run" result="completed" time="0." timestamp="2025-05-20T08:01:14.269" classname="AliasAnalysisTest" />
    <testcase name="View_DidInFront" file="/opt/pytorch/nvfuser/tests/cpp/test_alias_analysis.cpp" line="333" status="run" result="completed" time="0.001" timestamp="2025-05-20T08:01:14.269" classname="AliasAnalysisTest" />
    <testcase name="View_DidOnSplit" file="/opt/pytorch/nvfuser/tests/cpp/test_alias_analysis.cpp" line="450" status="run" result="completed" time="0.001" timestamp="2025-05-20T08:01:14.271" classname="AliasAnalysisTest" />
  </testsuite>
  <testsuite name="AllocationDomainTest" tests="12" failures="0" disabled="0" skipped="0" errors="0" time="2.67" timestamp="2025-05-20T08:01:14.272">
    <testcase name="NCHW4d_To_NHWC4d" file="/opt/pytorch/nvfuser/tests/cpp/test_allocation_domain.cpp" line="68" status="run" result="completed" time="0.355" timestamp="2025-05-20T08:01:14.272" classname="AllocationDomainTest" />
    <testcase name="Tensor3d_To_NHWC3d" file="/opt/pytorch/nvfuser/tests/cpp/test_allocation_domain.cpp" line="189" status="run" result="completed" time="0.56" timestamp="2025-05-20T08:01:14.628" classname="AllocationDomainTest" />
    <testcase name="NHWC1d_To_NHWC4d" file="/opt/pytorch/nvfuser/tests/cpp/test_allocation_domain.cpp" line="357" status="run" result="completed" time="0.352" timestamp="2025-05-20T08:01:15.188" classname="AllocationDomainTest" />
    <testcase name="NHWC2d_To_NHWC2d" file="/opt/pytorch/nvfuser/tests/cpp/test_allocation_domain.cpp" line="534" status="run" result="completed" time="0.402" timestamp="2025-05-20T08:01:15.540" classname="AllocationDomainTest" />
    <testcase name="NHWC4d_To_NHWC4d_cacheAfter" file="/opt/pytorch/nvfuser/tests/cpp/test_allocation_domain.cpp" line="742" status="run" result="completed" time="0.255" timestamp="2025-05-20T08:01:15.943" classname="AllocationDomainTest" />
    <testcase name="NHWC2d_To_NHWC2d_cacheFork" file="/opt/pytorch/nvfuser/tests/cpp/test_allocation_domain.cpp" line="950" status="run" result="completed" time="0.113" timestamp="2025-05-20T08:01:16.199" classname="AllocationDomainTest" />
    <testcase name="ContiguityIssue1021" file="/opt/pytorch/nvfuser/tests/cpp/test_allocation_domain.cpp" line="1100" status="run" result="completed" time="0.079" timestamp="2025-05-20T08:01:16.312" classname="AllocationDomainTest" />
    <testcase name="VectorizeOverlappingTensor" file="/opt/pytorch/nvfuser/tests/cpp/test_allocation_domain.cpp" line="1185" status="run" result="completed" time="0.077" timestamp="2025-05-20T08:01:16.392" classname="AllocationDomainTest" />
    <testcase name="TrivialStrideOrderTensorViewBuilder" file="/opt/pytorch/nvfuser/tests/cpp/test_allocation_domain.cpp" line="1279" status="run" result="completed" time="0." timestamp="2025-05-20T08:01:16.469" classname="AllocationDomainTest" />
    <testcase name="ReductionSchedulerIssue1895" file="/opt/pytorch/nvfuser/tests/cpp/test_allocation_domain.cpp" line="1319" status="run" result="completed" time="0.444" timestamp="2025-05-20T08:01:16.469" classname="AllocationDomainTest" />
    <testcase name="InputAllocationIsSplit_Concrete" file="/opt/pytorch/nvfuser/tests/cpp/test_allocation_domain.cpp" line="1434" status="run" result="completed" time="0.014" timestamp="2025-05-20T08:01:16.914" classname="AllocationDomainTest" />
    <testcase name="InputAllocationIsSplit_Symbolic" file="/opt/pytorch/nvfuser/tests/cpp/test_allocation_domain.cpp" line="1505" status="run" result="completed" time="0.014" timestamp="2025-05-20T08:01:16.928" classname="AllocationDomainTest" />
  </testsuite>
  <testsuite name="AllocationOrderInferenceTest" tests="4" failures="0" disabled="0" skipped="0" errors="0" time="0." timestamp="2025-05-20T08:01:16.942">
    <testcase name="BinaryOpPropagationOneTV" file="/opt/pytorch/nvfuser/tests/cpp/test_allocation_order_inference.cpp" line="79" status="run" result="completed" time="0." timestamp="2025-05-20T08:01:16.942" classname="AllocationOrderInferenceTest" />
    <testcase name="TensorFactoryBinaryOpPropagation" file="/opt/pytorch/nvfuser/tests/cpp/test_allocation_order_inference.cpp" line="168" status="run" result="completed" time="0." timestamp="2025-05-20T08:01:16.943" classname="AllocationOrderInferenceTest" />
    <testcase name="ReductionOpPropagation" file="/opt/pytorch/nvfuser/tests/cpp/test_allocation_order_inference.cpp" line="259" status="run" result="completed" time="0." timestamp="2025-05-20T08:01:16.943" classname="AllocationOrderInferenceTest" />
    <testcase name="SdpaBackward" file="/opt/pytorch/nvfuser/tests/cpp/test_allocation_order_inference.cpp" line="366" status="run" result="completed" time="0." timestamp="2025-05-20T08:01:16.943" classname="AllocationOrderInferenceTest" />
  </testsuite>
  <testsuite name="BFSTest" tests="3" failures="0" disabled="0" skipped="0" errors="0" time="0." timestamp="2025-05-20T08:01:16.943">
    <testcase name="ValGraphBFS3" file="/opt/pytorch/nvfuser/tests/cpp/test_bfs.cpp" line="152" status="run" result="completed" time="0." timestamp="2025-05-20T08:01:16.943" classname="BFSTest" />
    <testcase name="IRBFSGetValsBetween" file="/opt/pytorch/nvfuser/tests/cpp/test_bfs.cpp" line="313" status="run" result="completed" time="0." timestamp="2025-05-20T08:01:16.943" classname="BFSTest" />
    <testcase name="IRBFSPermissiveTraversal" file="/opt/pytorch/nvfuser/tests/cpp/test_bfs.cpp" line="475" status="run" result="completed" time="0." timestamp="2025-05-20T08:01:16.943" classname="BFSTest" />
  </testsuite>
  <testsuite name="FindAllExprsTest" tests="1" failures="0" disabled="0" skipped="0" errors="0" time="0." timestamp="2025-05-20T08:01:16.944">
    <testcase name="Test2" file="/opt/pytorch/nvfuser/tests/cpp/test_bfs.cpp" line="641" status="run" result="completed" time="0." timestamp="2025-05-20T08:01:16.944" classname="FindAllExprsTest" />
  </testsuite>
  <testsuite name="CaLogicalDomainMapTest" tests="5" failures="0" disabled="0" skipped="0" errors="0" time="0.001" timestamp="2025-05-20T08:01:16.944">
    <testcase name="FusionRootMappingBasic_CUDA" file="/opt/pytorch/nvfuser/tests/cpp/test_ca_root_domain_map.cpp" line="97" status="run" result="completed" time="0." timestamp="2025-05-20T08:01:16.944" classname="CaLogicalDomainMapTest" />
    <testcase name="FusionRootMappingReductionDependency2_CUDA" file="/opt/pytorch/nvfuser/tests/cpp/test_ca_root_domain_map.cpp" line="262" status="run" result="completed" time="0." timestamp="2025-05-20T08:01:16.944" classname="CaLogicalDomainMapTest" />
    <testcase name="FusionRootMappingReductionDependency5_CUDA_CUDA" file="/opt/pytorch/nvfuser/tests/cpp/test_ca_root_domain_map.cpp" line="370" status="run" result="completed" time="0." timestamp="2025-05-20T08:01:16.944" classname="CaLogicalDomainMapTest" />
    <testcase name="FusionRootMappingBroadcastNonUniqueSize_CUDA" file="/opt/pytorch/nvfuser/tests/cpp/test_ca_root_domain_map.cpp" line="542" status="run" result="completed" time="0." timestamp="2025-05-20T08:01:16.945" classname="CaLogicalDomainMapTest" />
    <testcase name="FusionRootMappingConsumerMappedWithReductionInput" file="/opt/pytorch/nvfuser/tests/cpp/test_ca_root_domain_map.cpp" line="708" status="run" result="completed" time="0." timestamp="2025-05-20T08:01:16.945" classname="CaLogicalDomainMapTest" />
  </testsuite>
  <testsuite name="CombinedSchedulerTest" tests="17" failures="0" disabled="0" skipped="0" errors="0" time="11.532" timestamp="2025-05-20T08:01:16.945">
    <testcase name="LayerNormBackward/dtype_double_batch_216_hidden_32" value_param="(double, 216, 32)" file="/opt/pytorch/nvfuser/tests/cpp/test_combined_inner_outer_reduction.cpp" line="50" status="run" result="completed" time="0.629" timestamp="2025-05-20T08:01:16.945" classname="CombinedSchedulerTest" />
    <testcase name="LayerNormBackward/dtype_double_batch_216_hidden_768" value_param="(double, 216, 768)" file="/opt/pytorch/nvfuser/tests/cpp/test_combined_inner_outer_reduction.cpp" line="50" status="run" result="completed" time="0.773" timestamp="2025-05-20T08:01:17.574" classname="CombinedSchedulerTest" />
    <testcase name="LayerNormBackward/dtype_double_batch_216_hidden_1600" value_param="(double, 216, 1600)" file="/opt/pytorch/nvfuser/tests/cpp/test_combined_inner_outer_reduction.cpp" line="50" status="run" result="completed" time="0.992" timestamp="2025-05-20T08:01:18.347" classname="CombinedSchedulerTest" />
    <testcase name="LayerNormBackward/dtype_double_batch_216_hidden_65536" value_param="(double, 216, 65536)" file="/opt/pytorch/nvfuser/tests/cpp/test_combined_inner_outer_reduction.cpp" line="50" status="run" result="completed" time="0.56" timestamp="2025-05-20T08:01:19.340" classname="CombinedSchedulerTest" />
    <testcase name="LayerNormBackward/dtype_float_batch_216_hidden_96" value_param="(float, 216, 96)" file="/opt/pytorch/nvfuser/tests/cpp/test_combined_inner_outer_reduction.cpp" line="50" status="run" result="completed" time="0.654" timestamp="2025-05-20T08:01:19.901" classname="CombinedSchedulerTest" />
    <testcase name="LayerNormBackward/dtype_float_batch_216_hidden_1024" value_param="(float, 216, 1024)" file="/opt/pytorch/nvfuser/tests/cpp/test_combined_inner_outer_reduction.cpp" line="50" status="run" result="completed" time="0.687" timestamp="2025-05-20T08:01:20.556" classname="CombinedSchedulerTest" />
    <testcase name="LayerNormBackward/dtype_float_batch_216_hidden_1984" value_param="(float, 216, 1984)" file="/opt/pytorch/nvfuser/tests/cpp/test_combined_inner_outer_reduction.cpp" line="50" status="run" result="completed" time="0.796" timestamp="2025-05-20T08:01:21.243" classname="CombinedSchedulerTest" />
    <testcase name="LayerNormBackward/dtype___half_batch_216_hidden_3" value_param="(__half, 216, 3)" file="/opt/pytorch/nvfuser/tests/cpp/test_combined_inner_outer_reduction.cpp" line="50" status="run" result="completed" time="0.419" timestamp="2025-05-20T08:01:22.039" classname="CombinedSchedulerTest" />
    <testcase name="LayerNormBackward/dtype___half_batch_216_hidden_576" value_param="(__half, 216, 576)" file="/opt/pytorch/nvfuser/tests/cpp/test_combined_inner_outer_reduction.cpp" line="50" status="run" result="completed" time="0.803" timestamp="2025-05-20T08:01:22.458" classname="CombinedSchedulerTest" />
    <testcase name="LayerNormBackward/dtype___half_batch_216_hidden_1280" value_param="(__half, 216, 1280)" file="/opt/pytorch/nvfuser/tests/cpp/test_combined_inner_outer_reduction.cpp" line="50" status="run" result="completed" time="0.817" timestamp="2025-05-20T08:01:23.262" classname="CombinedSchedulerTest" />
    <testcase name="LayerNormBackward/dtype___half_batch_216_hidden_1987" value_param="(__half, 216, 1987)" file="/opt/pytorch/nvfuser/tests/cpp/test_combined_inner_outer_reduction.cpp" line="50" status="run" result="completed" time="0.519" timestamp="2025-05-20T08:01:24.079" classname="CombinedSchedulerTest" />
    <testcase name="LayerNormBackward/dtype___bfloat_batch_216_hidden_32" value_param="(__bfloat, 216, 32)" file="/opt/pytorch/nvfuser/tests/cpp/test_combined_inner_outer_reduction.cpp" line="50" status="run" result="completed" time="0.731" timestamp="2025-05-20T08:01:24.599" classname="CombinedSchedulerTest" />
    <testcase name="LayerNormBackward/dtype___bfloat_batch_216_hidden_768" value_param="(__bfloat, 216, 768)" file="/opt/pytorch/nvfuser/tests/cpp/test_combined_inner_outer_reduction.cpp" line="50" status="run" result="completed" time="0.757" timestamp="2025-05-20T08:01:25.331" classname="CombinedSchedulerTest" />
    <testcase name="LayerNormBackward/dtype___bfloat_batch_216_hidden_1600" value_param="(__bfloat, 216, 1600)" file="/opt/pytorch/nvfuser/tests/cpp/test_combined_inner_outer_reduction.cpp" line="50" status="run" result="completed" time="0.791" timestamp="2025-05-20T08:01:26.088" classname="CombinedSchedulerTest" />
    <testcase name="LayerNormBackward/dtype___bfloat_batch_216_hidden_65536" value_param="(__bfloat, 216, 65536)" file="/opt/pytorch/nvfuser/tests/cpp/test_combined_inner_outer_reduction.cpp" line="50" status="run" result="completed" time="0.907" timestamp="2025-05-20T08:01:26.880" classname="CombinedSchedulerTest" />
    <testcase name="CombinedReduction" file="/opt/pytorch/nvfuser/tests/cpp/test_combined_inner_outer_reduction.cpp" line="511" status="run" result="completed" time="0.282" timestamp="2025-05-20T08:01:27.787" classname="CombinedSchedulerTest" />
    <testcase name="InnerOuterNoOuterBroadcastTv" file="/opt/pytorch/nvfuser/tests/cpp/test_combined_inner_outer_reduction.cpp" line="898" status="run" result="completed" time="0.407" timestamp="2025-05-20T08:01:28.069" classname="CombinedSchedulerTest" />
  </testsuite>
  <testsuite name="ComputeWithTest" tests="2" failures="0" disabled="0" skipped="0" errors="0" time="0.233" timestamp="2025-05-20T08:01:28.477">
    <testcase name="ComputeWith1" file="/opt/pytorch/nvfuser/tests/cpp/test_compute_with.cpp" line="125" status="run" result="completed" time="0.137" timestamp="2025-05-20T08:01:28.477" classname="ComputeWithTest" />
    <testcase name="ComputeWith4" file="/opt/pytorch/nvfuser/tests/cpp/test_compute_with.cpp" line="281" status="run" result="completed" time="0.095" timestamp="2025-05-20T08:01:28.615" classname="ComputeWithTest" />
  </testsuite>
  <testsuite name="AbstractTensorTest" tests="10" failures="0" disabled="0" skipped="0" errors="0" time="0." timestamp="2025-05-20T08:01:28.711">
    <testcase name="UseAbstractIdAsIdPtr" file="/opt/pytorch/nvfuser/tests/cpp/test_abstract_tensor.cpp" line="37" status="run" result="completed" time="0." timestamp="2025-05-20T08:01:28.711" classname="AbstractTensorTest" />
    <testcase name="MergeIterDomainsRightBroadcasting" file="/opt/pytorch/nvfuser/tests/cpp/test_abstract_tensor.cpp" line="100" status="run" result="completed" time="0." timestamp="2025-05-20T08:01:28.711" classname="AbstractTensorTest" />
    <testcase name="MergeIterDomainWithValGroup" file="/opt/pytorch/nvfuser/tests/cpp/test_abstract_tensor.cpp" line="191" status="run" result="completed" time="0." timestamp="2025-05-20T08:01:28.711" classname="AbstractTensorTest" />
    <testcase name="SplitIterDomainBatch" file="/opt/pytorch/nvfuser/tests/cpp/test_abstract_tensor.cpp" line="285" status="run" result="completed" time="0." timestamp="2025-05-20T08:01:28.711" classname="AbstractTensorTest" />
    <testcase name="Flatten" file="/opt/pytorch/nvfuser/tests/cpp/test_abstract_tensor.cpp" line="420" status="run" result="completed" time="0." timestamp="2025-05-20T08:01:28.711" classname="AbstractTensorTest" />
    <testcase name="SwizzleIterDomainsRightBroadcasting" file="/opt/pytorch/nvfuser/tests/cpp/test_abstract_tensor.cpp" line="484" status="run" result="completed" time="0." timestamp="2025-05-20T08:01:28.711" classname="AbstractTensorTest" />
    <testcase name="SwizzleIterDomainWithValGroup" file="/opt/pytorch/nvfuser/tests/cpp/test_abstract_tensor.cpp" line="591" status="run" result="completed" time="0." timestamp="2025-05-20T08:01:28.711" classname="AbstractTensorTest" />
    <testcase name="UnzipBroadcasting" file="/opt/pytorch/nvfuser/tests/cpp/test_abstract_tensor.cpp" line="702" status="run" result="completed" time="0." timestamp="2025-05-20T08:01:28.711" classname="AbstractTensorTest" />
    <testcase name="Zip" file="/opt/pytorch/nvfuser/tests/cpp/test_abstract_tensor.cpp" line="767" status="run" result="completed" time="0." timestamp="2025-05-20T08:01:28.711" classname="AbstractTensorTest" />
    <testcase name="SwizzleTaggedTensor" file="/opt/pytorch/nvfuser/tests/cpp/test_abstract_tensor.cpp" line="869" status="run" result="completed" time="0." timestamp="2025-05-20T08:01:28.711" classname="AbstractTensorTest" />
  </testsuite>
  <testsuite name="DynamicTransformTest" tests="9" failures="0" disabled="0" skipped="0" errors="0" time="0.624" timestamp="2025-05-20T08:01:28.711">
    <testcase name="DynamicTransform2" file="/opt/pytorch/nvfuser/tests/cpp/test_dynamic_transform.cpp" line="127" status="run" result="completed" time="0." timestamp="2025-05-20T08:01:28.711" classname="DynamicTransformTest" />
    <testcase name="DynamicTransform5" file="/opt/pytorch/nvfuser/tests/cpp/test_dynamic_transform.cpp" line="284" status="run" result="completed" time="0." timestamp="2025-05-20T08:01:28.711" classname="DynamicTransformTest" />
    <testcase name="DynamicTransform8" file="/opt/pytorch/nvfuser/tests/cpp/test_dynamic_transform.cpp" line="502" status="run" result="completed" time="0." timestamp="2025-05-20T08:01:28.712" classname="DynamicTransformTest" />
    <testcase name="DynamicTransform11" file="/opt/pytorch/nvfuser/tests/cpp/test_dynamic_transform.cpp" line="606" status="run" result="completed" time="0." timestamp="2025-05-20T08:01:28.712" classname="DynamicTransformTest" />
    <testcase name="DynamicPadShmoo" file="/opt/pytorch/nvfuser/tests/cpp/test_dynamic_transform.cpp" line="962" status="run" result="completed" time="0.411" timestamp="2025-05-20T08:01:28.712" classname="DynamicTransformTest" />
    <testcase name="FusionDynamicEmptyCat2" file="/opt/pytorch/nvfuser/tests/cpp/test_dynamic_transform.cpp" line="1052" status="run" result="completed" time="0.018" timestamp="2025-05-20T08:01:29.123" classname="DynamicTransformTest" />
    <testcase name="Issue249InputNegative1" file="/opt/pytorch/nvfuser/tests/cpp/test_dynamic_transform.cpp" line="1138" status="run" result="completed" time="0.115" timestamp="2025-05-20T08:01:29.142" classname="DynamicTransformTest" />
    <testcase name="ConcretizeConstantExtents" file="/opt/pytorch/nvfuser/tests/cpp/test_dynamic_transform.cpp" line="1263" status="run" result="completed" time="0.076" timestamp="2025-05-20T08:01:29.257" classname="DynamicTransformTest" />
    <testcase name="LoopSplit" file="/opt/pytorch/nvfuser/tests/cpp/test_dynamic_transform.cpp" line="1379" status="run" result="completed" time="0.001" timestamp="2025-05-20T08:01:29.334" classname="DynamicTransformTest" />
  </testsuite>
  <testsuite name="ExprEvalTest" tests="9" failures="0" disabled="0" skipped="0" errors="0" time="0.013" timestamp="2025-05-20T08:01:29.336">
    <testcase name="Constants" file="/opt/pytorch/nvfuser/tests/cpp/test_evaluator.cpp" line="50" status="run" result="completed" time="0." timestamp="2025-05-20T08:01:29.336" classname="ExprEvalTest" />
    <testcase name="ConstReference" file="/opt/pytorch/nvfuser/tests/cpp/test_evaluator.cpp" line="121" status="run" result="completed" time="0.01" timestamp="2025-05-20T08:01:29.336" classname="ExprEvalTest" />
    <testcase name="Complex" file="/opt/pytorch/nvfuser/tests/cpp/test_evaluator.cpp" line="221" status="run" result="completed" time="0." timestamp="2025-05-20T08:01:29.346" classname="ExprEvalTest" />
    <testcase name="EmptyArray" file="/opt/pytorch/nvfuser/tests/cpp/test_evaluator.cpp" line="355" status="run" result="completed" time="0." timestamp="2025-05-20T08:01:29.346" classname="ExprEvalTest" />
    <testcase name="TensorMetaData" file="/opt/pytorch/nvfuser/tests/cpp/test_evaluator.cpp" line="451" status="run" result="completed" time="0." timestamp="2025-05-20T08:01:29.347" classname="ExprEvalTest" />
    <testcase name="TernaryOps" file="/opt/pytorch/nvfuser/tests/cpp/test_evaluator.cpp" line="521" status="run" result="completed" time="0." timestamp="2025-05-20T08:01:29.347" classname="ExprEvalTest" />
    <testcase name="Reshape_ForwardBroadcast" file="/opt/pytorch/nvfuser/tests/cpp/test_evaluator.cpp" line="608" status="run" result="completed" time="0." timestamp="2025-05-20T08:01:29.347" classname="ExprEvalTest" />
    <testcase name="SumDiv" file="/opt/pytorch/nvfuser/tests/cpp/test_evaluator.cpp" line="681" status="run" result="completed" time="0.001" timestamp="2025-05-20T08:01:29.347" classname="ExprEvalTest" />
    <testcase name="BinaryOpFmod" file="/opt/pytorch/nvfuser/tests/cpp/test_evaluator.cpp" line="752" status="run" result="completed" time="0." timestamp="2025-05-20T08:01:29.349" classname="ExprEvalTest" />
  </testsuite>
  <testsuite name="ExprSimplifierTest" tests="7" failures="0" disabled="0" skipped="0" errors="0" time="0.024" timestamp="2025-05-20T08:01:29.349">
    <testcase name="StupidSimpleCompiler" file="/opt/pytorch/nvfuser/tests/cpp/test_expr_simplifier.cpp" line="481" status="run" result="completed" time="0." timestamp="2025-05-20T08:01:29.349" classname="ExprSimplifierTest" />
    <testcase name="SimplifyDivisibleDivMod" file="/opt/pytorch/nvfuser/tests/cpp/test_expr_simplifier.cpp" line="624" status="run" result="completed" time="0.018" timestamp="2025-05-20T08:01:29.349" classname="ExprSimplifierTest" />
    <testcase name="PredicateProve" file="/opt/pytorch/nvfuser/tests/cpp/test_expr_simplifier.cpp" line="786" status="run" result="completed" time="0." timestamp="2025-05-20T08:01:29.367" classname="ExprSimplifierTest" />
    <testcase name="DistributeDivisibleDivMod" file="/opt/pytorch/nvfuser/tests/cpp/test_expr_simplifier.cpp" line="827" status="run" result="completed" time="0.001" timestamp="2025-05-20T08:01:29.368" classname="ExprSimplifierTest" />
    <testcase name="Compare" file="/opt/pytorch/nvfuser/tests/cpp/test_expr_simplifier.cpp" line="860" status="run" result="completed" time="0.001" timestamp="2025-05-20T08:01:29.369" classname="ExprSimplifierTest" />
    <testcase name="MinMax" file="/opt/pytorch/nvfuser/tests/cpp/test_expr_simplifier.cpp" line="1106" status="run" result="completed" time="0." timestamp="2025-05-20T08:01:29.371" classname="ExprSimplifierTest" />
    <testcase name="DivModLessThan" file="/opt/pytorch/nvfuser/tests/cpp/test_expr_simplifier.cpp" line="1136" status="run" result="completed" time="0.002" timestamp="2025-05-20T08:01:29.371" classname="ExprSimplifierTest" />
  </testsuite>
  <testsuite name="ExprSortTest" tests="2" failures="0" disabled="0" skipped="0" errors="0" time="0.071" timestamp="2025-05-20T08:01:29.374">
    <testcase name="IndirectNormalizationWithZeroDimTensors" file="/opt/pytorch/nvfuser/tests/cpp/test_expr_sort.cpp" line="32" status="run" result="completed" time="0.006" timestamp="2025-05-20T08:01:29.374" classname="ExprSortTest" />
    <testcase name="SegmentedGroup_Binary_SameOperand" file="/opt/pytorch/nvfuser/tests/cpp/test_expr_sort.cpp" line="212" status="run" result="completed" time="0.065" timestamp="2025-05-20T08:01:29.380" classname="ExprSortTest" />
  </testsuite>
  <testsuite name="GatherTest" tests="8" failures="0" disabled="1" skipped="0" errors="0" time="3.691" timestamp="2025-05-20T08:01:29.446">
    <testcase name="AddGatherSumAdd" file="/opt/pytorch/nvfuser/tests/cpp/test_gather.cpp" line="142" status="run" result="completed" time="2.208" timestamp="2025-05-20T08:01:29.446" classname="GatherTest" />
    <testcase name="GatherInput" file="/opt/pytorch/nvfuser/tests/cpp/test_gather.cpp" line="274" status="run" result="completed" time="0.176" timestamp="2025-05-20T08:01:31.654" classname="GatherTest" />
    <testcase name="GatherBroadcastInput" file="/opt/pytorch/nvfuser/tests/cpp/test_gather.cpp" line="379" status="run" result="completed" time="0.424" timestamp="2025-05-20T08:01:31.830" classname="GatherTest" />
    <testcase name="TakeAlongAxisIntermediateTensorReduction1" file="/opt/pytorch/nvfuser/tests/cpp/test_gather.cpp" line="558" status="run" result="completed" time="0.172" timestamp="2025-05-20T08:01:32.254" classname="GatherTest" />
    <testcase name="DISABLED_TakeAlongAxisIntermediateTensorReduction4" file="/opt/pytorch/nvfuser/tests/cpp/test_gather.cpp" line="667" status="notrun" result="suppressed" time="0." timestamp="1969-12-31T16:00:00.000" classname="GatherTest" />
    <testcase name="TakeAlongAxisIntermediateTensorNormalization1" file="/opt/pytorch/nvfuser/tests/cpp/test_gather.cpp" line="705" status="run" result="completed" time="0.206" timestamp="2025-05-20T08:01:32.427" classname="GatherTest" />
    <testcase name="TakeAlongAxisIntermediateTensorNormalizationAndReduction2" file="/opt/pytorch/nvfuser/tests/cpp/test_gather.cpp" line="881" status="run" result="completed" time="0.196" timestamp="2025-05-20T08:01:32.633" classname="GatherTest" />
    <testcase name="TakeAlongAxisIntermediateTensorTranspose3" file="/opt/pytorch/nvfuser/tests/cpp/test_gather.cpp" line="1010" status="run" result="completed" time="0.306" timestamp="2025-05-20T08:01:32.830" classname="GatherTest" />
  </testsuite>
  <testsuite name="ExpandedBroadcastGlobalIntermediateTest" tests="1" failures="0" disabled="0" skipped="0" errors="0" time="0.045" timestamp="2025-05-20T08:01:33.137">
    <testcase name="TheTest_CUDA" file="/opt/pytorch/nvfuser/tests/cpp/test_gpu3.cpp" line="6794" status="run" result="completed" time="0.045" timestamp="2025-05-20T08:01:33.137" classname="ExpandedBroadcastGlobalIntermediateTest" />
  </testsuite>
  <testsuite name="OuterReductionTest" tests="19" failures="0" disabled="0" skipped="0" errors="0" time="69.903" timestamp="2025-05-20T08:01:33.183">
    <testcase name="GridPersistentReductionOuterNormLikeHalf256x14x512" file="/opt/pytorch/nvfuser/tests/cpp/test_gpu_outer_reduction.cpp" line="675" status="run" result="completed" time="1.081" timestamp="2025-05-20T08:01:33.183" classname="OuterReductionTest" />
    <testcase name="GridPersistentReductionOuterNormLikeFloat256x14x512" file="/opt/pytorch/nvfuser/tests/cpp/test_gpu_outer_reduction.cpp" line="687" status="run" result="completed" time="0.836" timestamp="2025-05-20T08:01:34.264" classname="OuterReductionTest" />
    <testcase name="GridPersistentWelfordOuterNormLikeHalf256x14x512" file="/opt/pytorch/nvfuser/tests/cpp/test_gpu_outer_reduction.cpp" line="774" status="run" result="completed" time="1.476" timestamp="2025-05-20T08:01:35.101" classname="OuterReductionTest" />
    <testcase name="GridPersistentWelfordOuterNormLikeHalf32x32x128" file="/opt/pytorch/nvfuser/tests/cpp/test_gpu_outer_reduction.cpp" line="786" status="run" result="completed" time="1.297" timestamp="2025-05-20T08:01:36.577" classname="OuterReductionTest" />
    <testcase name="GridPersistentWelfordOuterNormLikeFloat256x28x512" file="/opt/pytorch/nvfuser/tests/cpp/test_gpu_outer_reduction.cpp" line="805" status="run" result="completed" time="1.569" timestamp="2025-05-20T08:01:37.875" classname="OuterReductionTest" />
    <testcase name="GridPersistentBatchNormChannelsLastHalf256x7x512" file="/opt/pytorch/nvfuser/tests/cpp/test_gpu_outer_reduction.cpp" line="944" status="run" result="completed" time="1.643" timestamp="2025-05-20T08:01:39.444" classname="OuterReductionTest" />
    <testcase name="GridPersistentBatchNormChannelsLastHalf256x28x128" file="/opt/pytorch/nvfuser/tests/cpp/test_gpu_outer_reduction.cpp" line="956" status="run" result="completed" time="1.838" timestamp="2025-05-20T08:01:41.088" classname="OuterReductionTest" />
    <testcase name="GridPersistentBatchNormChannelsLastFloat256x28x512" file="/opt/pytorch/nvfuser/tests/cpp/test_gpu_outer_reduction.cpp" line="968" status="run" result="completed" time="1.417" timestamp="2025-05-20T08:01:42.926" classname="OuterReductionTest" />
    <testcase name="GridPersistentReductionOuterNormBwdLikeHalf256x14x512" file="/opt/pytorch/nvfuser/tests/cpp/test_gpu_outer_reduction.cpp" line="1088" status="run" result="completed" time="11.154" timestamp="2025-05-20T08:01:44.344" classname="OuterReductionTest" />
    <testcase name="GridPersistentReductionOuterNormBwdLikeFloat256x14x512" file="/opt/pytorch/nvfuser/tests/cpp/test_gpu_outer_reduction.cpp" line="1106" status="run" result="completed" time="0.734" timestamp="2025-05-20T08:01:55.498" classname="OuterReductionTest" />
    <testcase name="GridPersistentBatchNormChannelsLastBwdHalf256x14x512" file="/opt/pytorch/nvfuser/tests/cpp/test_gpu_outer_reduction.cpp" line="1276" status="run" result="completed" time="11.526" timestamp="2025-05-20T08:01:56.233" classname="OuterReductionTest" />
    <testcase name="GridPersistentBatchNormChannelsLastBwdFloat256x14x512" file="/opt/pytorch/nvfuser/tests/cpp/test_gpu_outer_reduction.cpp" line="1294" status="run" result="completed" time="1.016" timestamp="2025-05-20T08:02:07.759" classname="OuterReductionTest" />
    <testcase name="GridPersistentWelfordOuterNormLikeHalf256x14x512Scheduler" file="/opt/pytorch/nvfuser/tests/cpp/test_gpu_outer_reduction.cpp" line="1612" status="run" result="completed" time="1.221" timestamp="2025-05-20T08:02:08.776" classname="OuterReductionTest" />
    <testcase name="GridPersistentWelfordOuterNormLikeFloat256x14x512Scheduler" file="/opt/pytorch/nvfuser/tests/cpp/test_gpu_outer_reduction.cpp" line="1633" status="run" result="completed" time="0.705" timestamp="2025-05-20T08:02:09.997" classname="OuterReductionTest" />
    <testcase name="GridPersistentWelfordOuterNormWithWeightsLikeWHalf256x14x512Scheduler" file="/opt/pytorch/nvfuser/tests/cpp/test_gpu_outer_reduction.cpp" line="1654" status="run" result="completed" time="1.211" timestamp="2025-05-20T08:02:10.703" classname="OuterReductionTest" />
    <testcase name="GridPersistentBatchNormChannelsLastHalf256x14x512Scheduler" file="/opt/pytorch/nvfuser/tests/cpp/test_gpu_outer_reduction.cpp" line="1795" status="run" result="completed" time="1.523" timestamp="2025-05-20T08:02:11.914" classname="OuterReductionTest" />
    <testcase name="GridPersistentBatchNormChannelsLastFloat256x14x512Scheduler" file="/opt/pytorch/nvfuser/tests/cpp/test_gpu_outer_reduction.cpp" line="1813" status="run" result="completed" time="1.262" timestamp="2025-05-20T08:02:13.438" classname="OuterReductionTest" />
    <testcase name="IterGroupedBlockReductionShmooTests" file="/opt/pytorch/nvfuser/tests/cpp/test_gpu_outer_reduction.cpp" line="2305" status="run" result="completed" time="28.021" timestamp="2025-05-20T08:02:14.700" classname="OuterReductionTest" />
    <testcase name="IterGroupedMultipleReductions" file="/opt/pytorch/nvfuser/tests/cpp/test_gpu_outer_reduction.cpp" line="2459" status="run" result="completed" time="0.365" timestamp="2025-05-20T08:02:42.721" classname="OuterReductionTest" />
  </testsuite>
  <testsuite name="TransposeTest" tests="13" failures="0" disabled="0" skipped="0" errors="0" time="12.912" timestamp="2025-05-20T08:02:43.087">
    <testcase name="FusionScheduleTransposeSimple" file="/opt/pytorch/nvfuser/tests/cpp/test_gpu_transpose.cpp" line="65" status="run" result="completed" time="2.813" timestamp="2025-05-20T08:02:43.087" classname="TransposeTest" />
    <testcase name="FusionScheduleTransposeMultipleOutput" file="/opt/pytorch/nvfuser/tests/cpp/test_gpu_transpose.cpp" line="144" status="run" result="completed" time="1.812" timestamp="2025-05-20T08:02:45.901" classname="TransposeTest" />
    <testcase name="FusionScheduleTransposeBroadcast" file="/opt/pytorch/nvfuser/tests/cpp/test_gpu_transpose.cpp" line="230" status="run" result="completed" time="0.886" timestamp="2025-05-20T08:02:47.713" classname="TransposeTest" />
    <testcase name="FusionScheduleTransposeComplexDAG1" file="/opt/pytorch/nvfuser/tests/cpp/test_gpu_transpose.cpp" line="339" status="run" result="completed" time="2.089" timestamp="2025-05-20T08:02:48.599" classname="TransposeTest" />
    <testcase name="FusionTransposeSelfMapping" file="/opt/pytorch/nvfuser/tests/cpp/test_gpu_transpose.cpp" line="570" status="run" result="completed" time="0.124" timestamp="2025-05-20T08:02:50.688" classname="TransposeTest" />
    <testcase name="FusionScheduleTransposeSmallInnerSize1" file="/opt/pytorch/nvfuser/tests/cpp/test_gpu_transpose.cpp" line="675" status="run" result="completed" time="1.256" timestamp="2025-05-20T08:02:50.813" classname="TransposeTest" />
    <testcase name="FusionScheduleTranspose2DSmallInnerSize" file="/opt/pytorch/nvfuser/tests/cpp/test_gpu_transpose.cpp" line="735" status="run" result="completed" time="3.092" timestamp="2025-05-20T08:02:52.069" classname="TransposeTest" />
    <testcase name="FusionTransposeBankConflict3" file="/opt/pytorch/nvfuser/tests/cpp/test_gpu_transpose.cpp" line="800" status="run" result="completed" time="0.003" timestamp="2025-05-20T08:02:55.161" classname="TransposeTest" />
    <testcase name="FusionTransposeBankConflict6" file="/opt/pytorch/nvfuser/tests/cpp/test_gpu_transpose.cpp" line="882" status="run" result="completed" time="0.004" timestamp="2025-05-20T08:02:55.165" classname="TransposeTest" />
    <testcase name="FusionTransposeBankConflict9" file="/opt/pytorch/nvfuser/tests/cpp/test_gpu_transpose.cpp" line="956" status="run" result="completed" time="0.141" timestamp="2025-05-20T08:02:55.169" classname="TransposeTest" />
    <testcase name="ViewTransposeReshape" file="/opt/pytorch/nvfuser/tests/cpp/test_gpu_transpose.cpp" line="1067" status="run" result="completed" time="0.09" timestamp="2025-05-20T08:02:55.310" classname="TransposeTest" />
    <testcase name="FusionReshapeSmallTransposeDimensionSchedule" file="/opt/pytorch/nvfuser/tests/cpp/test_gpu_transpose.cpp" line="1182" status="run" result="completed" time="0.393" timestamp="2025-05-20T08:02:55.401" classname="TransposeTest" />
    <testcase name="ReductionIterDomainOnInputsIssue1659" file="/opt/pytorch/nvfuser/tests/cpp/test_gpu_transpose.cpp" line="1290" status="run" result="completed" time="0.204" timestamp="2025-05-20T08:02:55.794" classname="TransposeTest" />
  </testsuite>
  <testsuite name="IdModelTest" tests="12" failures="0" disabled="0" skipped="0" errors="0" time="0.021" timestamp="2025-05-20T08:02:55.999">
    <testcase name="ValGraphStmtSort1" file="/opt/pytorch/nvfuser/tests/cpp/test_id_model.cpp" line="536" status="run" result="completed" time="0." timestamp="2025-05-20T08:02:55.999" classname="IdModelTest" />
    <testcase name="ValGraphStmtSort4" file="/opt/pytorch/nvfuser/tests/cpp/test_id_model.cpp" line="679" status="run" result="completed" time="0.003" timestamp="2025-05-20T08:02:56.000" classname="IdModelTest" />
    <testcase name="LoopPromotion3" file="/opt/pytorch/nvfuser/tests/cpp/test_id_model.cpp" line="866" status="run" result="completed" time="0." timestamp="2025-05-20T08:02:56.003" classname="IdModelTest" />
    <testcase name="LoopPromotion6" file="/opt/pytorch/nvfuser/tests/cpp/test_id_model.cpp" line="1230" status="run" result="completed" time="0.007" timestamp="2025-05-20T08:02:56.004" classname="IdModelTest" />
    <testcase name="LoopPromotionPromoteToSameLoopGroup" file="/opt/pytorch/nvfuser/tests/cpp/test_id_model.cpp" line="1870" status="run" result="completed" time="0.002" timestamp="2025-05-20T08:02:56.012" classname="IdModelTest" />
    <testcase name="SelfMappingInAlmostExactGraph" file="/opt/pytorch/nvfuser/tests/cpp/test_id_model.cpp" line="2119" status="run" result="completed" time="0." timestamp="2025-05-20T08:02:56.015" classname="IdModelTest" />
    <testcase name="LoopGraphWithSibling" file="/opt/pytorch/nvfuser/tests/cpp/test_id_model.cpp" line="2216" status="run" result="completed" time="0." timestamp="2025-05-20T08:02:56.015" classname="IdModelTest" />
    <testcase name="LoopPromotionCoverage" file="/opt/pytorch/nvfuser/tests/cpp/test_id_model.cpp" line="2343" status="run" result="completed" time="0.001" timestamp="2025-05-20T08:02:56.015" classname="IdModelTest" />
    <testcase name="BroadcastGraph" file="/opt/pytorch/nvfuser/tests/cpp/test_id_model.cpp" line="2483" status="run" result="completed" time="0." timestamp="2025-05-20T08:02:56.017" classname="IdModelTest" />
    <testcase name="LoopPromotionWithCyclicGraphRoPELike" file="/opt/pytorch/nvfuser/tests/cpp/test_id_model.cpp" line="2635" status="run" result="completed" time="0." timestamp="2025-05-20T08:02:56.018" classname="IdModelTest" />
    <testcase name="LoopPromotionCyclicGraphWar" file="/opt/pytorch/nvfuser/tests/cpp/test_id_model.cpp" line="2906" status="run" result="completed" time="0." timestamp="2025-05-20T08:02:56.018" classname="IdModelTest" />
    <testcase name="BroadcastOnlyNoLoopPromotion" file="/opt/pytorch/nvfuser/tests/cpp/test_id_model.cpp" line="3089" status="run" result="completed" time="0." timestamp="2025-05-20T08:02:56.019" classname="IdModelTest" />
  </testsuite>
  <testsuite name="IndexingTest" tests="13" failures="0" disabled="0" skipped="0" errors="0" time="0.224" timestamp="2025-05-20T08:02:56.020">
    <testcase name="SimpleReduction" file="/opt/pytorch/nvfuser/tests/cpp/test_indexing.cpp" line="640" status="run" result="completed" time="0.002" timestamp="2025-05-20T08:02:56.020" classname="IndexingTest" />
    <testcase name="Reshape" file="/opt/pytorch/nvfuser/tests/cpp/test_indexing.cpp" line="783" status="run" result="completed" time="0.008" timestamp="2025-05-20T08:02:56.022" classname="IndexingTest" />
    <testcase name="SimpleBroadcast3" file="/opt/pytorch/nvfuser/tests/cpp/test_indexing.cpp" line="976" status="run" result="completed" time="0.002" timestamp="2025-05-20T08:02:56.030" classname="IndexingTest" />
    <testcase name="MultiDevice1DSplit" file="/opt/pytorch/nvfuser/tests/cpp/test_indexing.cpp" line="1128" status="run" result="completed" time="0.001" timestamp="2025-05-20T08:02:56.033" classname="IndexingTest" />
    <testcase name="MultiDevice2DTranspose" file="/opt/pytorch/nvfuser/tests/cpp/test_indexing.cpp" line="1250" status="run" result="completed" time="0.001" timestamp="2025-05-20T08:02:56.035" classname="IndexingTest" />
    <testcase name="NonInnermostVectorize" file="/opt/pytorch/nvfuser/tests/cpp/test_indexing.cpp" line="1413" status="run" result="completed" time="0.006" timestamp="2025-05-20T08:02:56.037" classname="IndexingTest" />
    <testcase name="SimpleUnroll" file="/opt/pytorch/nvfuser/tests/cpp/test_indexing.cpp" line="1612" status="run" result="completed" time="0.006" timestamp="2025-05-20T08:02:56.043" classname="IndexingTest" />
    <testcase name="ResizePath" file="/opt/pytorch/nvfuser/tests/cpp/test_indexing.cpp" line="1833" status="run" result="completed" time="0.003" timestamp="2025-05-20T08:02:56.049" classname="IndexingTest" />
    <testcase name="DoubleBuffering6" file="/opt/pytorch/nvfuser/tests/cpp/test_indexing.cpp" line="2148" status="run" result="completed" time="0.013" timestamp="2025-05-20T08:02:56.052" classname="IndexingTest" />
    <testcase name="PerDimLogicalIndices" file="/opt/pytorch/nvfuser/tests/cpp/test_indexing.cpp" line="5483" status="run" result="completed" time="0.002" timestamp="2025-05-20T08:02:56.066" classname="IndexingTest" />
    <testcase name="ResizeRotation" file="/opt/pytorch/nvfuser/tests/cpp/test_indexing.cpp" line="5681" status="run" result="completed" time="0.1" timestamp="2025-05-20T08:02:56.069" classname="IndexingTest" />
    <testcase name="AlmostExactIndexingUpdate" file="/opt/pytorch/nvfuser/tests/cpp/test_indexing.cpp" line="5944" status="run" result="completed" time="0.07" timestamp="2025-05-20T08:02:56.170" classname="IndexingTest" />
    <testcase name="StaticIndexing" file="/opt/pytorch/nvfuser/tests/cpp/test_indexing.cpp" line="6050" status="run" result="completed" time="0.004" timestamp="2025-05-20T08:02:56.240" classname="IndexingTest" />
  </testsuite>
  <testsuite name="PredicateIndexingTest" tests="9" failures="0" disabled="0" skipped="0" errors="0" time="0.905" timestamp="2025-05-20T08:02:56.244">
    <testcase name="SimpleUnroll" file="/opt/pytorch/nvfuser/tests/cpp/test_indexing.cpp" line="2707" status="run" result="completed" time="0.006" timestamp="2025-05-20T08:02:56.244" classname="PredicateIndexingTest" />
    <testcase name="NonInnermostVectorize" file="/opt/pytorch/nvfuser/tests/cpp/test_indexing.cpp" line="2928" status="run" result="completed" time="0.006" timestamp="2025-05-20T08:02:56.251" classname="PredicateIndexingTest" />
    <testcase name="UnrolledCircularBuffering" file="/opt/pytorch/nvfuser/tests/cpp/test_indexing.cpp" line="3204" status="run" result="completed" time="0.416" timestamp="2025-05-20T08:02:56.258" classname="PredicateIndexingTest" />
    <testcase name="UnswitchedCircularBuffering4" file="/opt/pytorch/nvfuser/tests/cpp/test_indexing.cpp" line="3639" status="run" result="completed" time="0.101" timestamp="2025-05-20T08:02:56.675" classname="PredicateIndexingTest" />
    <testcase name="NonDivisibleSplitWithCircularBuffering" file="/opt/pytorch/nvfuser/tests/cpp/test_indexing.cpp" line="3894" status="run" result="completed" time="0.101" timestamp="2025-05-20T08:02:56.776" classname="PredicateIndexingTest" />
    <testcase name="UnswitchPredicateIssueRepro681/false" value_param="false" file="/opt/pytorch/nvfuser/tests/cpp/test_indexing.cpp" line="4098" status="run" result="completed" time="0.125" timestamp="2025-05-20T08:02:56.877" classname="PredicateIndexingTest" />
    <testcase name="NonDivisibleSplitWithNonLogicalToLoopDomains" file="/opt/pytorch/nvfuser/tests/cpp/test_indexing.cpp" line="4342" status="run" result="completed" time="0.064" timestamp="2025-05-20T08:02:57.002" classname="PredicateIndexingTest" />
    <testcase name="ParallelDimensionPredicateWithUnswitch2" file="/opt/pytorch/nvfuser/tests/cpp/test_indexing.cpp" line="4666" status="run" result="completed" time="0.003" timestamp="2025-05-20T08:02:57.067" classname="PredicateIndexingTest" />
    <testcase name="NonTrivialSizeOneDomain" file="/opt/pytorch/nvfuser/tests/cpp/test_indexing.cpp" line="6092" status="run" result="completed" time="0.08" timestamp="2025-05-20T08:02:57.070" classname="PredicateIndexingTest" />
  </testsuite>
  <testsuite name="ContigIndexingTest" tests="2" failures="0" disabled="0" skipped="0" errors="0" time="0.004" timestamp="2025-05-20T08:02:57.150">
    <testcase name="NonContigInnermost" file="/opt/pytorch/nvfuser/tests/cpp/test_indexing.cpp" line="4894" status="run" result="completed" time="0.002" timestamp="2025-05-20T08:02:57.150" classname="ContigIndexingTest" />
    <testcase name="NonConsistentMerge" file="/opt/pytorch/nvfuser/tests/cpp/test_indexing.cpp" line="5107" status="run" result="completed" time="0.002" timestamp="2025-05-20T08:02:57.152" classname="ContigIndexingTest" />
  </testsuite>
  <testsuite name="ContigPredicateIndexingTest" tests="1" failures="0" disabled="0" skipped="0" errors="0" time="0.013" timestamp="2025-05-20T08:02:57.155">
    <testcase name="SimpleUnswitch" file="/opt/pytorch/nvfuser/tests/cpp/test_indexing.cpp" line="5304" status="run" result="completed" time="0.013" timestamp="2025-05-20T08:02:57.155" classname="ContigPredicateIndexingTest" />
  </testsuite>
  <testsuite name="AdvancedIndexingIdModelTest" tests="2" failures="0" disabled="0" skipped="1" errors="0" time="0.13" timestamp="2025-05-20T08:02:57.168">
    <testcase name="21" file="/opt/pytorch/nvfuser/tests/cpp/test_indexing_advanced.cpp" line="898" status="run" result="skipped" time="0." timestamp="2025-05-20T08:02:57.168" classname="AdvancedIndexingIdModelTest">
      <skipped message="/opt/pytorch/nvfuser/tests/cpp/test_indexing_advanced.cpp:899&#x0A;Not supported yet&#x0A;"><![CDATA[/opt/pytorch/nvfuser/tests/cpp/test_indexing_advanced.cpp:899
Not supported yet
]]></skipped>
    </testcase>
    <testcase name="IndexSplitMerge" file="/opt/pytorch/nvfuser/tests/cpp/test_indexing_advanced.cpp" line="1054" status="run" result="completed" time="0.13" timestamp="2025-05-20T08:02:57.168" classname="AdvancedIndexingIdModelTest" />
  </testsuite>
  <testsuite name="IndexSelectTest" tests="4" failures="0" disabled="0" skipped="0" errors="0" time="0.416" timestamp="2025-05-20T08:02:57.298">
    <testcase name="1DSchedule" file="/opt/pytorch/nvfuser/tests/cpp/test_index_select.cpp" line="155" status="run" result="completed" time="0.123" timestamp="2025-05-20T08:02:57.298" classname="IndexSelectTest" />
    <testcase name="Sum" file="/opt/pytorch/nvfuser/tests/cpp/test_index_select.cpp" line="316" status="run" result="completed" time="0.133" timestamp="2025-05-20T08:02:57.422" classname="IndexSelectTest" />
    <testcase name="Dim2InRank3" file="/opt/pytorch/nvfuser/tests/cpp/test_index_select.cpp" line="438" status="run" result="completed" time="0.1" timestamp="2025-05-20T08:02:57.555" classname="IndexSelectTest" />
    <testcase name="BroadcastIndex" file="/opt/pytorch/nvfuser/tests/cpp/test_index_select.cpp" line="545" status="run" result="completed" time="0.059" timestamp="2025-05-20T08:02:57.656" classname="IndexSelectTest" />
  </testsuite>
  <testsuite name="InliningTest" tests="4" failures="0" disabled="0" skipped="0" errors="0" time="0.667" timestamp="2025-05-20T08:02:57.715">
    <testcase name="InliningMismatchedDims2" file="/opt/pytorch/nvfuser/tests/cpp/test_inlining.cpp" line="58" status="run" result="completed" time="0.665" timestamp="2025-05-20T08:02:57.715" classname="InliningTest" />
    <testcase name="MatchedLeafPosWithoutReplayBroadcast" file="/opt/pytorch/nvfuser/tests/cpp/test_inlining.cpp" line="160" status="run" result="completed" time="0." timestamp="2025-05-20T08:02:58.381" classname="InliningTest" />
    <testcase name="GetMaxProducerPosFromConsumerWithBroadcast" file="/opt/pytorch/nvfuser/tests/cpp/test_inlining.cpp" line="381" status="run" result="completed" time="0." timestamp="2025-05-20T08:02:58.381" classname="InliningTest" />
    <testcase name="ProducerPosNormalization" file="/opt/pytorch/nvfuser/tests/cpp/test_inlining.cpp" line="626" status="run" result="completed" time="0." timestamp="2025-05-20T08:02:58.382" classname="InliningTest" />
  </testsuite>
  <testsuite name="IntervalAnalysisTest" tests="1" failures="0" disabled="0" skipped="0" errors="0" time="0." timestamp="2025-05-20T08:02:58.383">
    <testcase name="SerialLoops" file="/opt/pytorch/nvfuser/tests/cpp/test_interval_analysis.cpp" line="323" status="run" result="completed" time="0." timestamp="2025-05-20T08:02:58.383" classname="IntervalAnalysisTest" />
  </testsuite>
  <testsuite name="IterVisitorTest" tests="1" failures="0" disabled="0" skipped="0" errors="0" time="0." timestamp="2025-05-20T08:02:58.383">
    <testcase name="IterVisitorTraverseSiblings" file="/opt/pytorch/nvfuser/tests/cpp/test_iter_visitor.cpp" line="50" status="run" result="completed" time="0." timestamp="2025-05-20T08:02:58.383" classname="IterVisitorTest" />
  </testsuite>
  <testsuite name="LinkedHashMapTest" tests="2" failures="0" disabled="0" skipped="0" errors="0" time="0." timestamp="2025-05-20T08:02:58.383">
    <testcase name="PushBack" file="/opt/pytorch/nvfuser/tests/cpp/test_linked_hash_map.cpp" line="67" status="run" result="completed" time="0." timestamp="2025-05-20T08:02:58.383" classname="LinkedHashMapTest" />
    <testcase name="EraseThenPushBack" file="/opt/pytorch/nvfuser/tests/cpp/test_linked_hash_map.cpp" line="102" status="run" result="completed" time="0." timestamp="2025-05-20T08:02:58.383" classname="LinkedHashMapTest" />
  </testsuite>
  <testsuite name="LoopDomainSchedulingTest" tests="5" failures="0" disabled="0" skipped="0" errors="0" time="6.113" timestamp="2025-05-20T08:02:58.383">
    <testcase name="Slice" file="/opt/pytorch/nvfuser/tests/cpp/test_loop_domain_scheduling.cpp" line="116" status="run" result="completed" time="0.067" timestamp="2025-05-20T08:02:58.383" classname="LoopDomainSchedulingTest" />
    <testcase name="ManyReshape" file="/opt/pytorch/nvfuser/tests/cpp/test_loop_domain_scheduling.cpp" line="314" status="run" result="completed" time="0.448" timestamp="2025-05-20T08:02:58.450" classname="LoopDomainSchedulingTest" />
    <testcase name="UpdateLoopDomainOnlyWithExistingExpr" file="/opt/pytorch/nvfuser/tests/cpp/test_loop_domain_scheduling.cpp" line="488" status="run" result="completed" time="0." timestamp="2025-05-20T08:02:58.899" classname="LoopDomainSchedulingTest" />
    <testcase name="CancelReshape2" file="/opt/pytorch/nvfuser/tests/cpp/test_loop_domain_scheduling.cpp" line="641" status="run" result="completed" time="5.596" timestamp="2025-05-20T08:02:58.899" classname="LoopDomainSchedulingTest" />
    <testcase name="CancelReshape5" file="/opt/pytorch/nvfuser/tests/cpp/test_loop_domain_scheduling.cpp" line="798" status="run" result="completed" time="0." timestamp="2025-05-20T08:03:04.496" classname="LoopDomainSchedulingTest" />
  </testsuite>
  <testsuite name="LoopRotationTest" tests="2" failures="0" disabled="0" skipped="0" errors="0" time="0.298" timestamp="2025-05-20T08:03:04.496">
    <testcase name="RotateOuter" file="/opt/pytorch/nvfuser/tests/cpp/test_loop_rotation.cpp" line="87" status="run" result="completed" time="0.128" timestamp="2025-05-20T08:03:04.496" classname="LoopRotationTest" />
    <testcase name="SelectCircularBufferLoad" file="/opt/pytorch/nvfuser/tests/cpp/test_loop_rotation.cpp" line="403" status="run" result="completed" time="0.169" timestamp="2025-05-20T08:03:04.625" classname="LoopRotationTest" />
  </testsuite>
  <testsuite name="MemoryTest" tests="1" failures="0" disabled="0" skipped="0" errors="0" time="0.216" timestamp="2025-05-20T08:03:04.795">
    <testcase name="RefineCachePolicy" file="/opt/pytorch/nvfuser/tests/cpp/test_memory.cpp" line="121" status="run" result="completed" time="0.216" timestamp="2025-05-20T08:03:04.795" classname="MemoryTest" />
  </testsuite>
  <testsuite name="TMAIndexingTest" tests="4" failures="0" disabled="0" skipped="0" errors="0" time="1.279" timestamp="2025-05-20T08:03:05.012">
    <testcase name="NonOneElementStride" file="/opt/pytorch/nvfuser/tests/cpp/test_memory.cpp" line="749" status="run" result="completed" time="0.81" timestamp="2025-05-20T08:03:05.012" classname="TMAIndexingTest" />
    <testcase name="DefineBoxByCompositing2" file="/opt/pytorch/nvfuser/tests/cpp/test_memory.cpp" line="907" status="run" result="completed" time="0.309" timestamp="2025-05-20T08:03:05.823" classname="TMAIndexingTest" />
    <testcase name="DefineBoxByRotation2" file="/opt/pytorch/nvfuser/tests/cpp/test_memory.cpp" line="1070" status="run" result="completed" time="0.07" timestamp="2025-05-20T08:03:06.132" classname="TMAIndexingTest" />
    <testcase name="NonTrivialGmemAllocationDomain2" file="/opt/pytorch/nvfuser/tests/cpp/test_memory.cpp" line="1242" status="run" result="completed" time="0.087" timestamp="2025-05-20T08:03:06.203" classname="TMAIndexingTest" />
  </testsuite>
  <testsuite name="TMAMiscTest" tests="1" failures="0" disabled="0" skipped="0" errors="0" time="0.063" timestamp="2025-05-20T08:03:06.291">
    <testcase name="DisableIndexHoisting" file="/opt/pytorch/nvfuser/tests/cpp/test_memory.cpp" line="1391" status="run" result="completed" time="0.063" timestamp="2025-05-20T08:03:06.291" classname="TMAMiscTest" />
  </testsuite>
  <testsuite name="TMACompileTimeInvalidTest" tests="3" failures="0" disabled="0" skipped="0" errors="0" time="0.006" timestamp="2025-05-20T08:03:06.354">
    <testcase name="BulkNotInTMA" file="/opt/pytorch/nvfuser/tests/cpp/test_memory.cpp" line="1725" status="run" result="completed" time="0.001" timestamp="2025-05-20T08:03:06.354" classname="TMACompileTimeInvalidTest" />
    <testcase name="SizeOfTransfer" file="/opt/pytorch/nvfuser/tests/cpp/test_memory.cpp" line="1915" status="run" result="completed" time="0.002" timestamp="2025-05-20T08:03:06.356" classname="TMACompileTimeInvalidTest" />
    <testcase name="InnermostElementStrideNotOne" file="/opt/pytorch/nvfuser/tests/cpp/test_memory.cpp" line="2139" status="run" result="completed" time="0.002" timestamp="2025-05-20T08:03:06.359" classname="TMACompileTimeInvalidTest" />
  </testsuite>
  <testsuite name="TMARuntimeInvalidTest" tests="1" failures="0" disabled="0" skipped="0" errors="0" time="0.162" timestamp="2025-05-20T08:03:06.361">
    <testcase name="MisalignedGlobalStride" file="/opt/pytorch/nvfuser/tests/cpp/test_memory.cpp" line="1858" status="run" result="completed" time="0.162" timestamp="2025-05-20T08:03:06.361" classname="TMARuntimeInvalidTest" />
  </testsuite>
  <testsuite name="TMADocTest" tests="5" failures="0" disabled="0" skipped="3" errors="0" time="0.171" timestamp="2025-05-20T08:03:06.524">
    <testcase name="Figure13a" file="/opt/pytorch/nvfuser/tests/cpp/test_memory.cpp" line="2218" status="run" result="skipped" time="0." timestamp="2025-05-20T08:03:06.524" classname="TMADocTest">
      <skipped message="/opt/pytorch/nvfuser/tests/cpp/test_memory.cpp:2219&#x0A;TODO: add check for this invalid case.&#x0A;"><![CDATA[/opt/pytorch/nvfuser/tests/cpp/test_memory.cpp:2219
TODO: add check for this invalid case.
]]></skipped>
    </testcase>
    <testcase name="Figure14b" file="/opt/pytorch/nvfuser/tests/cpp/test_memory.cpp" line="2337" status="run" result="completed" time="0.075" timestamp="2025-05-20T08:03:06.524" classname="TMADocTest" />
    <testcase name="Figure13d" file="/opt/pytorch/nvfuser/tests/cpp/test_memory.cpp" line="2453" status="run" result="skipped" time="0." timestamp="2025-05-20T08:03:06.599" classname="TMADocTest">
      <skipped message="/opt/pytorch/nvfuser/tests/cpp/test_memory.cpp:2454&#x0A;TODO: add check for this invalid case.&#x0A;"><![CDATA[/opt/pytorch/nvfuser/tests/cpp/test_memory.cpp:2454
TODO: add check for this invalid case.
]]></skipped>
    </testcase>
    <testcase name="Figure14e" file="/opt/pytorch/nvfuser/tests/cpp/test_memory.cpp" line="2568" status="run" result="completed" time="0.096" timestamp="2025-05-20T08:03:06.599" classname="TMADocTest" />
    <testcase name="Figure15c" file="/opt/pytorch/nvfuser/tests/cpp/test_memory.cpp" line="2698" status="run" result="skipped" time="0." timestamp="2025-05-20T08:03:06.695" classname="TMADocTest">
      <skipped message="/opt/pytorch/nvfuser/tests/cpp/test_memory.cpp:2699&#x0A;TODO: add check for this invalid case.&#x0A;"><![CDATA[/opt/pytorch/nvfuser/tests/cpp/test_memory.cpp:2699
TODO: add check for this invalid case.
]]></skipped>
    </testcase>
  </testsuite>
  <testsuite name="TMATest" tests="1" failures="0" disabled="0" skipped="0" errors="0" time="0.423" timestamp="2025-05-20T08:03:06.695">
    <testcase name="CpAsyncBulk1D" file="/opt/pytorch/nvfuser/tests/cpp/test_memory.cpp" line="3050" status="run" result="completed" time="0.423" timestamp="2025-05-20T08:03:06.695" classname="TMATest" />
  </testsuite>
  <testsuite name="MoveSplitCatTest" tests="6" failures="0" disabled="0" skipped="0" errors="0" time="0.878" timestamp="2025-05-20T08:03:07.119">
    <testcase name="Cancellable_SetWithoutPermute" file="/opt/pytorch/nvfuser/tests/cpp/test_move_split_cat.cpp" line="69" status="run" result="completed" time="0.018" timestamp="2025-05-20T08:03:07.119" classname="MoveSplitCatTest" />
    <testcase name="Cancellable_PermuteInBetween" file="/opt/pytorch/nvfuser/tests/cpp/test_move_split_cat.cpp" line="144" status="run" result="completed" time="0.018" timestamp="2025-05-20T08:03:07.138" classname="MoveSplitCatTest" />
    <testcase name="Noncancellable_WrongAxis" file="/opt/pytorch/nvfuser/tests/cpp/test_move_split_cat.cpp" line="247" status="run" result="completed" time="0.144" timestamp="2025-05-20T08:03:07.156" classname="MoveSplitCatTest" />
    <testcase name="Noncancellable_UnsupportedOps" file="/opt/pytorch/nvfuser/tests/cpp/test_move_split_cat.cpp" line="329" status="run" result="completed" time="0.111" timestamp="2025-05-20T08:03:07.301" classname="MoveSplitCatTest" />
    <testcase name="Cancellable_Issue1768" file="/opt/pytorch/nvfuser/tests/cpp/test_move_split_cat.cpp" line="414" status="run" result="completed" time="0.413" timestamp="2025-05-20T08:03:07.413" classname="MoveSplitCatTest" />
    <testcase name="MultipleCatsOnSameSplit" file="/opt/pytorch/nvfuser/tests/cpp/test_move_split_cat.cpp" line="550" status="run" result="completed" time="0.172" timestamp="2025-05-20T08:03:07.826" classname="MoveSplitCatTest" />
  </testsuite>
  <testsuite name="MovePadTest" tests="4" failures="0" disabled="0" skipped="0" errors="0" time="0.669" timestamp="2025-05-20T08:03:07.998">
    <testcase name="BinaryBroadcastOnNonCatDim" file="/opt/pytorch/nvfuser/tests/cpp/test_move_pad.cpp" line="85" status="run" result="completed" time="0.135" timestamp="2025-05-20T08:03:07.998" classname="MovePadTest" />
    <testcase name="PadReplayOnMultipleUsesCase1" file="/opt/pytorch/nvfuser/tests/cpp/test_move_pad.cpp" line="193" status="run" result="completed" time="0.221" timestamp="2025-05-20T08:03:08.134" classname="MovePadTest" />
    <testcase name="CascadePadCase2" file="/opt/pytorch/nvfuser/tests/cpp/test_move_pad.cpp" line="316" status="run" result="completed" time="0.195" timestamp="2025-05-20T08:03:08.355" classname="MovePadTest" />
    <testcase name="Issue3597Repro" file="/opt/pytorch/nvfuser/tests/cpp/test_move_pad.cpp" line="438" status="run" result="completed" time="0.117" timestamp="2025-05-20T08:03:08.551" classname="MovePadTest" />
  </testsuite>
  <testsuite name="MoveRepeatForwardTest" tests="2" failures="0" disabled="1" skipped="0" errors="0" time="0.174" timestamp="2025-05-20T08:03:08.668">
    <testcase name="DISABLED_ConflictingSlice" file="/opt/pytorch/nvfuser/tests/cpp/test_move_repeat_forward.cpp" line="114" status="notrun" result="suppressed" time="0." timestamp="1969-12-31T16:00:00.000" classname="MoveRepeatForwardTest" />
    <testcase name="MoveOverRotation" file="/opt/pytorch/nvfuser/tests/cpp/test_move_repeat_forward.cpp" line="188" status="run" result="completed" time="0.174" timestamp="2025-05-20T08:03:08.668" classname="MoveRepeatForwardTest" />
  </testsuite>
  <testsuite name="NoOpTest" tests="2" failures="0" disabled="0" skipped="0" errors="0" time="0.045" timestamp="2025-05-20T08:03:08.842">
    <testcase name="FusionNullScheduler2" file="/opt/pytorch/nvfuser/tests/cpp/test_no_op.cpp" line="58" status="run" result="completed" time="0.042" timestamp="2025-05-20T08:03:08.842" classname="NoOpTest" />
    <testcase name="View" file="/opt/pytorch/nvfuser/tests/cpp/test_no_op.cpp" line="137" status="run" result="completed" time="0.002" timestamp="2025-05-20T08:03:08.885" classname="NoOpTest" />
  </testsuite>
  <testsuite name="PersistentBufferTest" tests="9" failures="0" disabled="0" skipped="0" errors="0" time="4.208" timestamp="2025-05-20T08:03:08.888">
    <testcase name="FusionPersistentBufferCalculation2_CUDA" file="/opt/pytorch/nvfuser/tests/cpp/test_persistent_buffer.cpp" line="89" status="run" result="completed" time="0.001" timestamp="2025-05-20T08:03:08.888" classname="PersistentBufferTest" />
    <testcase name="FusionPersistentBufferProjection_CUDA" file="/opt/pytorch/nvfuser/tests/cpp/test_persistent_buffer.cpp" line="312" status="run" result="completed" time="0.297" timestamp="2025-05-20T08:03:08.889" classname="PersistentBufferTest" />
    <testcase name="FusionLayerNormFusedOpsRedundantCast_CUDA" file="/opt/pytorch/nvfuser/tests/cpp/test_persistent_buffer.cpp" line="512" status="run" result="completed" time="1.621" timestamp="2025-05-20T08:03:09.187" classname="PersistentBufferTest" />
    <testcase name="ChainProjectionToPersistentProducer" file="/opt/pytorch/nvfuser/tests/cpp/test_persistent_buffer.cpp" line="752" status="run" result="completed" time="1.708" timestamp="2025-05-20T08:03:10.808" classname="PersistentBufferTest" />
    <testcase name="ProjectToInputsAndBroadcastTvs2" file="/opt/pytorch/nvfuser/tests/cpp/test_persistent_buffer.cpp" line="958" status="run" result="completed" time="0.036" timestamp="2025-05-20T08:03:12.517" classname="PersistentBufferTest" />
    <testcase name="PostReductionBroadcastCheckMultiBcastDims" file="/opt/pytorch/nvfuser/tests/cpp/test_persistent_buffer.cpp" line="1182" status="run" result="completed" time="0.143" timestamp="2025-05-20T08:03:12.554" classname="PersistentBufferTest" />
    <testcase name="GetResolutionIssue1123" file="/opt/pytorch/nvfuser/tests/cpp/test_persistent_buffer.cpp" line="1318" status="run" result="completed" time="0." timestamp="2025-05-20T08:03:12.698" classname="PersistentBufferTest" />
    <testcase name="BroadcastSync1" file="/opt/pytorch/nvfuser/tests/cpp/test_persistent_buffer.cpp" line="1653" status="run" result="completed" time="0.216" timestamp="2025-05-20T08:03:12.699" classname="PersistentBufferTest" />
    <testcase name="BroadcastSyncProjectToInputs" file="/opt/pytorch/nvfuser/tests/cpp/test_persistent_buffer.cpp" line="1798" status="run" result="completed" time="0.18" timestamp="2025-05-20T08:03:12.915" classname="PersistentBufferTest" />
  </testsuite>
  <testsuite name="PointwiseTest" tests="9" failures="0" disabled="0" skipped="0" errors="0" time="7.133" timestamp="2025-05-20T08:03:13.096">
    <testcase name="VectorizeStrideContiguity3D" file="/opt/pytorch/nvfuser/tests/cpp/test_pointwise.cpp" line="92" status="run" result="completed" time="1.159" timestamp="2025-05-20T08:03:13.096" classname="PointwiseTest" />
    <testcase name="VectorizeStrideContiguitySelfOverlapping" file="/opt/pytorch/nvfuser/tests/cpp/test_pointwise.cpp" line="213" status="run" result="completed" time="3.89" timestamp="2025-05-20T08:03:14.255" classname="PointwiseTest" />
    <testcase name="Issue1567VectorizationFactorAnalysisCase0" file="/opt/pytorch/nvfuser/tests/cpp/test_pointwise.cpp" line="328" status="run" result="completed" time="0.31" timestamp="2025-05-20T08:03:18.146" classname="PointwiseTest" />
    <testcase name="VIssue1567ectorizationFactorAnalysisCase3" file="/opt/pytorch/nvfuser/tests/cpp/test_pointwise.cpp" line="431" status="run" result="completed" time="0.413" timestamp="2025-05-20T08:03:18.457" classname="PointwiseTest" />
    <testcase name="VectorizeWithBroadcastAndReshape2" file="/opt/pytorch/nvfuser/tests/cpp/test_pointwise.cpp" line="595" status="run" result="completed" time="0.284" timestamp="2025-05-20T08:03:18.870" classname="PointwiseTest" />
    <testcase name="Heuristicst1Compute2Unroll4" file="/opt/pytorch/nvfuser/tests/cpp/test_pointwise.cpp" line="779" status="run" result="completed" time="0.68" timestamp="2025-05-20T08:03:19.155" classname="PointwiseTest" />
    <testcase name="DomainMapTestEg0" file="/opt/pytorch/nvfuser/tests/cpp/test_pointwise.cpp" line="887" status="run" result="completed" time="0.119" timestamp="2025-05-20T08:03:19.836" classname="PointwiseTest" />
    <testcase name="DomainMapFactory" file="/opt/pytorch/nvfuser/tests/cpp/test_pointwise.cpp" line="1024" status="run" result="completed" time="0.179" timestamp="2025-05-20T08:03:19.955" classname="PointwiseTest" />
    <testcase name="DomainMapSlice0" file="/opt/pytorch/nvfuser/tests/cpp/test_pointwise.cpp" line="1237" status="run" result="completed" time="0.094" timestamp="2025-05-20T08:03:20.135" classname="PointwiseTest" />
  </testsuite>
  <testsuite name="PolymorphicValueTest" tests="1" failures="0" disabled="0" skipped="0" errors="0" time="0." timestamp="2025-05-20T08:03:20.230">
    <testcase name="OpaquePrint" file="/opt/pytorch/nvfuser/tests/cpp/test_polymorphic_value.cpp" line="46" status="run" result="completed" time="0." timestamp="2025-05-20T08:03:20.230" classname="PolymorphicValueTest" />
  </testsuite>
  <testsuite name="PredicateEliminationTest" tests="3" failures="0" disabled="0" skipped="0" errors="0" time="0.975" timestamp="2025-05-20T08:03:20.230">
    <testcase name="2" file="/opt/pytorch/nvfuser/tests/cpp/test_predicate_elimination.cpp" line="57" status="run" result="completed" time="0.185" timestamp="2025-05-20T08:03:20.230" classname="PredicateEliminationTest" />
    <testcase name="5" file="/opt/pytorch/nvfuser/tests/cpp/test_predicate_elimination.cpp" line="196" status="run" result="completed" time="0.363" timestamp="2025-05-20T08:03:20.415" classname="PredicateEliminationTest" />
    <testcase name="8" file="/opt/pytorch/nvfuser/tests/cpp/test_predicate_elimination.cpp" line="325" status="run" result="completed" time="0.425" timestamp="2025-05-20T08:03:20.779" classname="PredicateEliminationTest" />
  </testsuite>
  <testsuite name="PresegTest" tests="9" failures="0" disabled="0" skipped="0" errors="0" time="0.628" timestamp="2025-05-20T08:03:21.205">
    <testcase name="FusionTestOptimizationPassFlag" file="/opt/pytorch/nvfuser/tests/cpp/test_preseg_passes.cpp" line="35" status="run" result="completed" time="0." timestamp="2025-05-20T08:03:21.205" classname="PresegTest" />
    <testcase name="FusionRemoveEmptyOutput" file="/opt/pytorch/nvfuser/tests/cpp/test_preseg_passes.cpp" line="360" status="run" result="completed" time="0.042" timestamp="2025-05-20T08:03:21.205" classname="PresegTest" />
    <testcase name="FusionRemoveEmptyWelford" file="/opt/pytorch/nvfuser/tests/cpp/test_preseg_passes.cpp" line="455" status="run" result="completed" time="0.123" timestamp="2025-05-20T08:03:21.247" classname="PresegTest" />
    <testcase name="FusionRemoveEmptyMatmul" file="/opt/pytorch/nvfuser/tests/cpp/test_preseg_passes.cpp" line="582" status="run" result="completed" time="0.062" timestamp="2025-05-20T08:03:21.371" classname="PresegTest" />
    <testcase name="DisjointSetsOfExtents" file="/opt/pytorch/nvfuser/tests/cpp/test_preseg_passes.cpp" line="677" status="run" result="completed" time="0.08" timestamp="2025-05-20T08:03:21.433" classname="PresegTest" />
    <testcase name="TranslateRepeatToExpand2" file="/opt/pytorch/nvfuser/tests/cpp/test_preseg_passes.cpp" line="812" status="run" result="completed" time="0.079" timestamp="2025-05-20T08:03:21.513" classname="PresegTest" />
    <testcase name="TranslateRepeatToExpand5" file="/opt/pytorch/nvfuser/tests/cpp/test_preseg_passes.cpp" line="939" status="run" result="completed" time="0.071" timestamp="2025-05-20T08:03:21.593" classname="PresegTest" />
    <testcase name="FusionTestCastOptimizationMetaOp1" file="/opt/pytorch/nvfuser/tests/cpp/test_preseg_passes.cpp" line="1060" status="run" result="completed" time="0.094" timestamp="2025-05-20T08:03:21.664" classname="PresegTest" />
    <testcase name="FusionTestCastOptimizationMetaOp4" file="/opt/pytorch/nvfuser/tests/cpp/test_preseg_passes.cpp" line="1136" status="run" result="completed" time="0.074" timestamp="2025-05-20T08:03:21.759" classname="PresegTest" />
  </testsuite>
  <testsuite name="RemoveBcastSqueezeTest" tests="6" failures="0" disabled="0" skipped="0" errors="0" time="0.002" timestamp="2025-05-20T08:03:21.833">
    <testcase name="BcastSqueeze" file="/opt/pytorch/nvfuser/tests/cpp/test_remove_bcast_squeeze.cpp" line="51" status="run" result="completed" time="0." timestamp="2025-05-20T08:03:21.833" classname="RemoveBcastSqueezeTest" />
    <testcase name="BcastSqueezeOutputBcast" file="/opt/pytorch/nvfuser/tests/cpp/test_remove_bcast_squeeze.cpp" line="130" status="run" result="completed" time="0." timestamp="2025-05-20T08:03:21.834" classname="RemoveBcastSqueezeTest" />
    <testcase name="SqueezeBcast" file="/opt/pytorch/nvfuser/tests/cpp/test_remove_bcast_squeeze.cpp" line="191" status="run" result="completed" time="0." timestamp="2025-05-20T08:03:21.834" classname="RemoveBcastSqueezeTest" />
    <testcase name="SqueezeBcastSqueezeBcast" file="/opt/pytorch/nvfuser/tests/cpp/test_remove_bcast_squeeze.cpp" line="252" status="run" result="completed" time="0." timestamp="2025-05-20T08:03:21.835" classname="RemoveBcastSqueezeTest" />
    <testcase name="BcastSqueezeBcastSqueeze" file="/opt/pytorch/nvfuser/tests/cpp/test_remove_bcast_squeeze.cpp" line="319" status="run" result="completed" time="0." timestamp="2025-05-20T08:03:21.835" classname="RemoveBcastSqueezeTest" />
    <testcase name="SumSetBcast" file="/opt/pytorch/nvfuser/tests/cpp/test_remove_bcast_squeeze.cpp" line="382" status="run" result="completed" time="0." timestamp="2025-05-20T08:03:21.836" classname="RemoveBcastSqueezeTest" />
  </testsuite>
  <testsuite name="RemoveTrivialOpsTest" tests="1" failures="0" disabled="0" skipped="0" errors="0" time="0.262" timestamp="2025-05-20T08:03:21.836">
    <testcase name="Squeeze" file="/opt/pytorch/nvfuser/tests/cpp/test_remove_trivial_ops.cpp" line="207" status="run" result="completed" time="0.262" timestamp="2025-05-20T08:03:21.836" classname="RemoveTrivialOpsTest" />
  </testsuite>
  <testsuite name="ReplayTest" tests="1" failures="0" disabled="0" skipped="0" errors="0" time="0.005" timestamp="2025-05-20T08:03:22.098">
    <testcase name="HorizontallyMergeReshapeAndPermute" file="/opt/pytorch/nvfuser/tests/cpp/test_replay.cpp" line="22" status="run" result="completed" time="0.005" timestamp="2025-05-20T08:03:22.098" classname="ReplayTest" />
  </testsuite>
  <testsuite name="ReshardingTest" tests="21" failures="0" disabled="1" skipped="0" errors="0" time="0.038" timestamp="2025-05-20T08:03:22.104">
    <testcase name="MergingView" file="/opt/pytorch/nvfuser/tests/cpp/test_resharding.cpp" line="110" status="run" result="completed" time="0.001" timestamp="2025-05-20T08:03:22.104" classname="ReshardingTest" />
    <testcase name="Set_DifferentParallelTypes" file="/opt/pytorch/nvfuser/tests/cpp/test_resharding.cpp" line="159" status="run" result="completed" time="0." timestamp="2025-05-20T08:03:22.106" classname="ReshardingTest" />
    <testcase name="Sum_DifferentMeshes" file="/opt/pytorch/nvfuser/tests/cpp/test_resharding.cpp" line="194" status="run" result="completed" time="0." timestamp="2025-05-20T08:03:22.106" classname="ReshardingTest" />
    <testcase name="Sum_AllReduce" file="/opt/pytorch/nvfuser/tests/cpp/test_resharding.cpp" line="232" status="run" result="completed" time="0." timestamp="2025-05-20T08:03:22.106" classname="ReshardingTest" />
    <testcase name="Add_OnlyOutputParallelized" file="/opt/pytorch/nvfuser/tests/cpp/test_resharding.cpp" line="275" status="run" result="completed" time="0." timestamp="2025-05-20T08:03:22.106" classname="ReshardingTest" />
    <testcase name="Add_InputsParallelizedDifferently" file="/opt/pytorch/nvfuser/tests/cpp/test_resharding.cpp" line="325" status="run" result="completed" time="0." timestamp="2025-05-20T08:03:22.106" classname="ReshardingTest" />
    <testcase name="Matmul_Resharding" file="/opt/pytorch/nvfuser/tests/cpp/test_resharding.cpp" line="379" status="run" result="completed" time="0." timestamp="2025-05-20T08:03:22.106" classname="ReshardingTest" />
    <testcase name="Allreduce" file="/opt/pytorch/nvfuser/tests/cpp/test_resharding.cpp" line="431" status="run" result="completed" time="0." timestamp="2025-05-20T08:03:22.106" classname="ReshardingTest" />
    <testcase name="DISABLED_NonreshardingSqueeze" file="/opt/pytorch/nvfuser/tests/cpp/test_resharding.cpp" line="490" status="notrun" result="suppressed" time="0." timestamp="1969-12-31T16:00:00.000" classname="ReshardingTest" />
    <testcase name="InsertResharding_Before" file="/opt/pytorch/nvfuser/tests/cpp/test_resharding.cpp" line="512" status="run" result="completed" time="0." timestamp="2025-05-20T08:03:22.106" classname="ReshardingTest" />
    <testcase name="Insert/0" value_param="(DeviceMesh{0}, DeviceMesh{1 2}, DeviceMesh{0 1 2 3}, false, false, false)" file="/opt/pytorch/nvfuser/tests/cpp/test_resharding.cpp" line="610" status="run" result="completed" time="0.002" timestamp="2025-05-20T08:03:22.107" classname="ReshardingTest" />
    <testcase name="Insert/3" value_param="(DeviceMesh{0}, DeviceMesh{1 2}, DeviceMesh{0 1 2 3}, false, true, true)" file="/opt/pytorch/nvfuser/tests/cpp/test_resharding.cpp" line="610" status="run" result="completed" time="0.003" timestamp="2025-05-20T08:03:22.110" classname="ReshardingTest" />
    <testcase name="Insert/6" value_param="(DeviceMesh{0}, DeviceMesh{1 2}, DeviceMesh{0 1 2 3}, true, true, false)" file="/opt/pytorch/nvfuser/tests/cpp/test_resharding.cpp" line="610" status="run" result="completed" time="0.005" timestamp="2025-05-20T08:03:22.113" classname="ReshardingTest" />
    <testcase name="Insert/9" value_param="(DeviceMesh{0}, DeviceMesh{0 1 2 3}, DeviceMesh{0 1 2 3}, false, false, true)" file="/opt/pytorch/nvfuser/tests/cpp/test_resharding.cpp" line="610" status="run" result="completed" time="0.003" timestamp="2025-05-20T08:03:22.118" classname="ReshardingTest" />
    <testcase name="Insert/12" value_param="(DeviceMesh{0}, DeviceMesh{0 1 2 3}, DeviceMesh{0 1 2 3}, true, false, false)" file="/opt/pytorch/nvfuser/tests/cpp/test_resharding.cpp" line="610" status="run" result="completed" time="0.004" timestamp="2025-05-20T08:03:22.122" classname="ReshardingTest" />
    <testcase name="Insert/15" value_param="(DeviceMesh{0}, DeviceMesh{0 1 2 3}, DeviceMesh{0 1 2 3}, true, true, true)" file="/opt/pytorch/nvfuser/tests/cpp/test_resharding.cpp" line="610" status="run" result="completed" time="0.002" timestamp="2025-05-20T08:03:22.127" classname="ReshardingTest" />
    <testcase name="Insert/18" value_param="(DeviceMesh{0 1 2 3}, DeviceMesh{1 2}, DeviceMesh{0 1 2 3}, false, true, false)" file="/opt/pytorch/nvfuser/tests/cpp/test_resharding.cpp" line="610" status="run" result="completed" time="0.003" timestamp="2025-05-20T08:03:22.129" classname="ReshardingTest" />
    <testcase name="Insert/21" value_param="(DeviceMesh{0 1 2 3}, DeviceMesh{1 2}, DeviceMesh{0 1 2 3}, true, false, true)" file="/opt/pytorch/nvfuser/tests/cpp/test_resharding.cpp" line="610" status="run" result="completed" time="0.003" timestamp="2025-05-20T08:03:22.133" classname="ReshardingTest" />
    <testcase name="Insert/24" value_param="(DeviceMesh{0 1 2 3}, DeviceMesh{0 1 2 3}, DeviceMesh{0 1 2 3}, false, false, false)" file="/opt/pytorch/nvfuser/tests/cpp/test_resharding.cpp" line="610" status="run" result="completed" time="0." timestamp="2025-05-20T08:03:22.136" classname="ReshardingTest" />
    <testcase name="Insert/27" value_param="(DeviceMesh{0 1 2 3}, DeviceMesh{0 1 2 3}, DeviceMesh{0 1 2 3}, false, true, true)" file="/opt/pytorch/nvfuser/tests/cpp/test_resharding.cpp" line="610" status="run" result="completed" time="0.002" timestamp="2025-05-20T08:03:22.136" classname="ReshardingTest" />
    <testcase name="Insert/30" value_param="(DeviceMesh{0 1 2 3}, DeviceMesh{0 1 2 3}, DeviceMesh{0 1 2 3}, true, true, false)" file="/opt/pytorch/nvfuser/tests/cpp/test_resharding.cpp" line="610" status="run" result="completed" time="0.003" timestamp="2025-05-20T08:03:22.139" classname="ReshardingTest" />
  </testsuite>
  <testsuite name="ReshardingSelectOpTest" tests="1" failures="0" disabled="0" skipped="0" errors="0" time="0." timestamp="2025-05-20T08:03:22.142">
    <testcase name="ReshardinSelectIntoDeviceDim" file="/opt/pytorch/nvfuser/tests/cpp/test_resharding.cpp" line="698" status="run" result="completed" time="0." timestamp="2025-05-20T08:03:22.142" classname="ReshardingSelectOpTest" />
  </testsuite>
  <testsuite name="ResizeTest" tests="37" failures="0" disabled="1" skipped="0" errors="0" time="4.665" timestamp="2025-05-20T08:03:22.142">
    <testcase name="Pad2" file="/opt/pytorch/nvfuser/tests/cpp/test_resize.cpp" line="107" status="run" result="completed" time="0.058" timestamp="2025-05-20T08:03:22.142" classname="ResizeTest" />
    <testcase name="Pad5" file="/opt/pytorch/nvfuser/tests/cpp/test_resize.cpp" line="215" status="run" result="completed" time="0.054" timestamp="2025-05-20T08:03:22.200" classname="ResizeTest" />
    <testcase name="PadScheduler1" file="/opt/pytorch/nvfuser/tests/cpp/test_resize.cpp" line="401" status="run" result="completed" time="0.062" timestamp="2025-05-20T08:03:22.255" classname="ResizeTest" />
    <testcase name="PadBroadcastInput" file="/opt/pytorch/nvfuser/tests/cpp/test_resize.cpp" line="539" status="run" result="completed" time="0.065" timestamp="2025-05-20T08:03:22.317" classname="ResizeTest" />
    <testcase name="Cat3" file="/opt/pytorch/nvfuser/tests/cpp/test_resize.cpp" line="634" status="run" result="completed" time="0.078" timestamp="2025-05-20T08:03:22.383" classname="ResizeTest" />
    <testcase name="Cat6" file="/opt/pytorch/nvfuser/tests/cpp/test_resize.cpp" line="763" status="run" result="completed" time="0.068" timestamp="2025-05-20T08:03:22.462" classname="ResizeTest" />
    <testcase name="CatScheduler2" file="/opt/pytorch/nvfuser/tests/cpp/test_resize.cpp" line="895" status="run" result="completed" time="0.094" timestamp="2025-05-20T08:03:22.531" classname="ResizeTest" />
    <testcase name="Slice2" file="/opt/pytorch/nvfuser/tests/cpp/test_resize.cpp" line="993" status="run" result="completed" time="0.558" timestamp="2025-05-20T08:03:22.625" classname="ResizeTest" />
    <testcase name="Slice5" file="/opt/pytorch/nvfuser/tests/cpp/test_resize.cpp" line="1120" status="run" result="completed" time="0.117" timestamp="2025-05-20T08:03:23.183" classname="ResizeTest" />
    <testcase name="SliceInputShmooFusionExecutorCache" file="/opt/pytorch/nvfuser/tests/cpp/test_resize.cpp" line="1274" status="run" result="completed" time="0.136" timestamp="2025-05-20T08:03:23.301" classname="ResizeTest" />
    <testcase name="PadReduceScheduler1" file="/opt/pytorch/nvfuser/tests/cpp/test_resize.cpp" line="1370" status="run" result="completed" time="0.128" timestamp="2025-05-20T08:03:23.438" classname="ResizeTest" />
    <testcase name="FusionSliceReduceScheduler3" file="/opt/pytorch/nvfuser/tests/cpp/test_resize.cpp" line="1492" status="run" result="completed" time="0.226" timestamp="2025-05-20T08:03:23.567" classname="ResizeTest" />
    <testcase name="ReductionSliceScheduler1" file="/opt/pytorch/nvfuser/tests/cpp/test_resize.cpp" line="1587" status="run" result="completed" time="0.121" timestamp="2025-05-20T08:03:23.793" classname="ResizeTest" />
    <testcase name="PadWithValue" file="/opt/pytorch/nvfuser/tests/cpp/test_resize.cpp" line="1673" status="run" result="completed" time="0.05" timestamp="2025-05-20T08:03:23.915" classname="ResizeTest" />
    <testcase name="FusionSliceForNanoGPT1" file="/opt/pytorch/nvfuser/tests/cpp/test_resize.cpp" line="1770" status="run" result="completed" time="0.362" timestamp="2025-05-20T08:03:23.965" classname="ResizeTest" />
    <testcase name="ResizeReshapeAndSlice" file="/opt/pytorch/nvfuser/tests/cpp/test_resize.cpp" line="1979" status="run" result="completed" time="0.126" timestamp="2025-05-20T08:03:24.328" classname="ResizeTest" />
    <testcase name="FusionSqueezeSymbolic" file="/opt/pytorch/nvfuser/tests/cpp/test_resize.cpp" line="2169" status="run" result="completed" time="0.062" timestamp="2025-05-20T08:03:24.454" classname="ResizeTest" />
    <testcase name="ResizePadToBroadcastStatic" file="/opt/pytorch/nvfuser/tests/cpp/test_resize.cpp" line="2314" status="run" result="completed" time="0.157" timestamp="2025-05-20T08:03:24.517" classname="ResizeTest" />
    <testcase name="SliceAndReshape1" file="/opt/pytorch/nvfuser/tests/cpp/test_resize.cpp" line="2490" status="run" result="completed" time="0.197" timestamp="2025-05-20T08:03:24.675" classname="ResizeTest" />
    <testcase name="Slice1DVectorize2" file="/opt/pytorch/nvfuser/tests/cpp/test_resize.cpp" line="2595" status="run" result="completed" time="0.092" timestamp="2025-05-20T08:03:24.872" classname="ResizeTest" />
    <testcase name="Slice1DVectorize3Manual" file="/opt/pytorch/nvfuser/tests/cpp/test_resize.cpp" line="2729" status="run" result="completed" time="0.148" timestamp="2025-05-20T08:03:24.964" classname="ResizeTest" />
    <testcase name="Slice3DVectorize1" file="/opt/pytorch/nvfuser/tests/cpp/test_resize.cpp" line="2856" status="run" result="completed" time="0.339" timestamp="2025-05-20T08:03:25.113" classname="ResizeTest" />
    <testcase name="ReshapeToPad" file="/opt/pytorch/nvfuser/tests/cpp/test_resize.cpp" line="3005" status="run" result="completed" time="0.096" timestamp="2025-05-20T08:03:25.453" classname="ResizeTest" />
    <testcase name="CatOfExpandedBroadcast" file="/opt/pytorch/nvfuser/tests/cpp/test_resize.cpp" line="3128" status="run" result="completed" time="0.063" timestamp="2025-05-20T08:03:25.550" classname="ResizeTest" />
    <testcase name="PadOfExpandedBroadcast" file="/opt/pytorch/nvfuser/tests/cpp/test_resize.cpp" line="3237" status="run" result="completed" time="0.063" timestamp="2025-05-20T08:03:25.613" classname="ResizeTest" />
    <testcase name="PadVectorization" file="/opt/pytorch/nvfuser/tests/cpp/test_resize.cpp" line="3353" status="run" result="completed" time="0.117" timestamp="2025-05-20T08:03:25.676" classname="ResizeTest" />
    <testcase name="Issue2552" file="/opt/pytorch/nvfuser/tests/cpp/test_resize.cpp" line="3500" status="run" result="completed" time="0.097" timestamp="2025-05-20T08:03:25.794" classname="ResizeTest" />
    <testcase name="Chunk_Uneven" file="/opt/pytorch/nvfuser/tests/cpp/test_resize.cpp" line="3567" status="run" result="completed" time="0.081" timestamp="2025-05-20T08:03:25.891" classname="ResizeTest" />
    <testcase name="SliceThenPadLeftHalf" file="/opt/pytorch/nvfuser/tests/cpp/test_resize.cpp" line="3688" status="run" result="completed" time="0.052" timestamp="2025-05-20T08:03:25.973" classname="ResizeTest" />
    <testcase name="SliceSliceConcatConcat" file="/opt/pytorch/nvfuser/tests/cpp/test_resize.cpp" line="3854" status="run" result="completed" time="0.084" timestamp="2025-05-20T08:03:26.025" classname="ResizeTest" />
    <testcase name="VectorizeFactorFour" file="/opt/pytorch/nvfuser/tests/cpp/test_resize.cpp" line="5369" status="run" result="completed" time="0.077" timestamp="2025-05-20T08:03:26.110" classname="ResizeTest" />
    <testcase name="VectorizePadNonInnermost" file="/opt/pytorch/nvfuser/tests/cpp/test_resize.cpp" line="5479" status="run" result="completed" time="0.087" timestamp="2025-05-20T08:03:26.187" classname="ResizeTest" />
    <testcase name="Repro3801" file="/opt/pytorch/nvfuser/tests/cpp/test_resize.cpp" line="5711" status="run" result="completed" time="0.168" timestamp="2025-05-20T08:03:26.275" classname="ResizeTest" />
    <testcase name="VectorizeInnermostWithReshapeMerge" file="/opt/pytorch/nvfuser/tests/cpp/test_resize.cpp" line="5859" status="run" result="completed" time="0.108" timestamp="2025-05-20T08:03:26.444" classname="ResizeTest" />
    <testcase name="DISABLED_VectorizeOuterSliceMultiplePaths" file="/opt/pytorch/nvfuser/tests/cpp/test_resize.cpp" line="6009" status="notrun" result="suppressed" time="0." timestamp="1969-12-31T16:00:00.000" classname="ResizeTest" />
    <testcase name="PropagateResizeThroughMultiplePaths" file="/opt/pytorch/nvfuser/tests/cpp/test_resize.cpp" line="6053" status="run" result="completed" time="0.144" timestamp="2025-05-20T08:03:26.553" classname="ResizeTest" />
    <testcase name="ReorderLikeInputShouldNotMoveInnermostID" file="/opt/pytorch/nvfuser/tests/cpp/test_resize.cpp" line="6188" status="run" result="completed" time="0.11" timestamp="2025-05-20T08:03:26.697" classname="ResizeTest" />
  </testsuite>
  <testsuite name="ResizeSchedulerTest" tests="7" failures="0" disabled="0" skipped="0" errors="0" time="0.707" timestamp="2025-05-20T08:03:26.808">
    <testcase name="PropagateSliceToInputs/Manual" value_param="false" file="/opt/pytorch/nvfuser/tests/cpp/test_resize.cpp" line="3953" status="run" result="completed" time="0.096" timestamp="2025-05-20T08:03:26.808" classname="ResizeSchedulerTest" />
    <testcase name="PropagateSliceToInputsWithReshape1/Scheduler" value_param="true" file="/opt/pytorch/nvfuser/tests/cpp/test_resize.cpp" line="4042" status="run" result="completed" time="0.101" timestamp="2025-05-20T08:03:26.905" classname="ResizeSchedulerTest" />
    <testcase name="PropagateMultipleSlicesToInputs1/Manual" value_param="false" file="/opt/pytorch/nvfuser/tests/cpp/test_resize.cpp" line="4219" status="run" result="completed" time="0.098" timestamp="2025-05-20T08:03:27.007" classname="ResizeSchedulerTest" />
    <testcase name="PropagateMultipleSlicesToInputs4" file="/opt/pytorch/nvfuser/tests/cpp/test_resize.cpp" line="4545" status="run" result="completed" time="0." timestamp="2025-05-20T08:03:27.105" classname="ResizeSchedulerTest" />
    <testcase name="PropagateMultipleSlicesToInputs5/Scheduler" value_param="true" file="/opt/pytorch/nvfuser/tests/cpp/test_resize.cpp" line="4583" status="run" result="completed" time="0.148" timestamp="2025-05-20T08:03:27.105" classname="ResizeSchedulerTest" />
    <testcase name="SliceRotateCatResidual/Manual" value_param="false" file="/opt/pytorch/nvfuser/tests/cpp/test_resize.cpp" line="4868" status="run" result="completed" time="0.167" timestamp="2025-05-20T08:03:27.254" classname="ResizeSchedulerTest" />
    <testcase name="PropagatePadToInputs/Scheduler" value_param="true" file="/opt/pytorch/nvfuser/tests/cpp/test_resize.cpp" line="5109" status="run" result="completed" time="0.094" timestamp="2025-05-20T08:03:27.421" classname="ResizeSchedulerTest" />
  </testsuite>
  <testsuite name="PointwiseFusedReductionTest" tests="2" failures="0" disabled="0" skipped="0" errors="0" time="0.437" timestamp="2025-05-20T08:03:27.515">
    <testcase name="InnerReductionNonBroadcast" file="/opt/pytorch/nvfuser/tests/cpp/test_reduction_pointwise.cpp" line="68" status="run" result="completed" time="0.144" timestamp="2025-05-20T08:03:27.515" classname="PointwiseFusedReductionTest" />
    <testcase name="OuterReductionBroadcast" file="/opt/pytorch/nvfuser/tests/cpp/test_reduction_pointwise.cpp" line="125" status="run" result="completed" time="0.292" timestamp="2025-05-20T08:03:27.660" classname="PointwiseFusedReductionTest" />
  </testsuite>
  <testsuite name="RuntimeTest" tests="1" failures="0" disabled="0" skipped="1" errors="0" time="0.267" timestamp="2025-05-20T08:03:27.952">
    <testcase name="ClearGmemBetweenSegments" file="/opt/pytorch/nvfuser/tests/cpp/test_runtime.cpp" line="26" status="run" result="skipped" time="0.267" timestamp="2025-05-20T08:03:27.952" classname="RuntimeTest">
      <skipped message="/opt/pytorch/nvfuser/tests/cpp/test_runtime.cpp:60&#x0A;Skipped because PYTORCH_NO_CUDA_MEMORY_CACHING is on. This usually happens when running with compute-sanitizer. maxMemoryAllocated can only collect peak memory from a caching allocator.&#x0A;"><![CDATA[/opt/pytorch/nvfuser/tests/cpp/test_runtime.cpp:60
Skipped because PYTORCH_NO_CUDA_MEMORY_CACHING is on. This usually happens when running with compute-sanitizer. maxMemoryAllocated can only collect peak memory from a caching allocator.
]]></skipped>
    </testcase>
  </testsuite>
  <testsuite name="ScalarHoistTest" tests="1" failures="0" disabled="0" skipped="0" errors="0" time="0.088" timestamp="2025-05-20T08:03:28.220">
    <testcase name="IndexHoist3" file="/opt/pytorch/nvfuser/tests/cpp/test_scalar_hoisting.cpp" line="267" status="run" result="completed" time="0.088" timestamp="2025-05-20T08:03:28.220" classname="ScalarHoistTest" />
  </testsuite>
  <testsuite name="SDPATest" tests="4" failures="0" disabled="0" skipped="0" errors="0" time="0.377" timestamp="2025-05-20T08:03:28.308">
    <testcase name="NonCausalAttnConcrete" file="/opt/pytorch/nvfuser/tests/cpp/test_sdpa_node.cpp" line="217" status="run" result="completed" time="0.098" timestamp="2025-05-20T08:03:28.308" classname="SDPATest" />
    <testcase name="PairwiseLogicalDomainMap" file="/opt/pytorch/nvfuser/tests/cpp/test_sdpa_node.cpp" line="357" status="run" result="completed" time="0." timestamp="2025-05-20T08:03:28.406" classname="SDPATest" />
    <testcase name="AttnProgram" file="/opt/pytorch/nvfuser/tests/cpp/test_sdpa_node.cpp" line="641" status="run" result="completed" time="0.181" timestamp="2025-05-20T08:03:28.407" classname="SDPATest" />
    <testcase name="Sharded_SdpaBwd" file="/opt/pytorch/nvfuser/tests/cpp/test_sdpa_node.cpp" line="836" status="run" result="completed" time="0.098" timestamp="2025-05-20T08:03:28.588" classname="SDPATest" />
  </testsuite>
  <testsuite name="SegmentationTest" tests="7" failures="0" disabled="0" skipped="0" errors="0" time="1.183" timestamp="2025-05-20T08:03:28.686">
    <testcase name="Issue1284_Repro2" file="/opt/pytorch/nvfuser/tests/cpp/test_segmentation.cpp" line="56" status="run" result="completed" time="0.17" timestamp="2025-05-20T08:03:28.686" classname="SegmentationTest" />
    <testcase name="EnforceSegmentationByCachingBeforeAndAfter" file="/opt/pytorch/nvfuser/tests/cpp/test_segmentation.cpp" line="158" status="run" result="completed" time="0.144" timestamp="2025-05-20T08:03:28.856" classname="SegmentationTest" />
    <testcase name="InputForwardingUntilOutput" file="/opt/pytorch/nvfuser/tests/cpp/test_segmentation.cpp" line="271" status="run" result="completed" time="0.198" timestamp="2025-05-20T08:03:29.001" classname="SegmentationTest" />
    <testcase name="ForceFp16Simple" file="/opt/pytorch/nvfuser/tests/cpp/test_segmentation.cpp" line="342" status="run" result="completed" time="0.115" timestamp="2025-05-20T08:03:29.200" classname="SegmentationTest" />
    <testcase name="ForceBf16NotAllCast" file="/opt/pytorch/nvfuser/tests/cpp/test_segmentation.cpp" line="485" status="run" result="completed" time="0.252" timestamp="2025-05-20T08:03:29.315" classname="SegmentationTest" />
    <testcase name="AliasedOutputOnSegmentation" file="/opt/pytorch/nvfuser/tests/cpp/test_segmentation.cpp" line="612" status="run" result="completed" time="0.128" timestamp="2025-05-20T08:03:29.568" classname="SegmentationTest" />
    <testcase name="PrivatizeUpcast" file="/opt/pytorch/nvfuser/tests/cpp/test_segmentation.cpp" line="698" status="run" result="completed" time="0.173" timestamp="2025-05-20T08:03:29.696" classname="SegmentationTest" />
  </testsuite>
  <testsuite name="SelectTest" tests="1" failures="0" disabled="0" skipped="0" errors="0" time="0.165" timestamp="2025-05-20T08:03:29.869">
    <testcase name="Pointwise" file="/opt/pytorch/nvfuser/tests/cpp/test_select.cpp" line="26" status="run" result="completed" time="0.165" timestamp="2025-05-20T08:03:29.869" classname="SelectTest" />
  </testsuite>
  <testsuite name="SerialGridReductionTest" tests="1" failures="0" disabled="0" skipped="0" errors="0" time="3.158" timestamp="2025-05-20T08:03:30.035">
    <testcase name="Scheduling" file="/opt/pytorch/nvfuser/tests/cpp/test_serial_gridreduce.cpp" line="38" status="run" result="completed" time="3.158" timestamp="2025-05-20T08:03:30.035" classname="SerialGridReductionTest" />
  </testsuite>
  <testsuite name="ShardingTest" tests="5" failures="0" disabled="0" skipped="0" errors="0" time="0.117" timestamp="2025-05-20T08:03:33.193">
    <testcase name="MultipleDIDx" file="/opt/pytorch/nvfuser/tests/cpp/test_sharding.cpp" line="51" status="run" result="completed" time="0." timestamp="2025-05-20T08:03:33.193" classname="ShardingTest" />
    <testcase name="PropagateSharding" file="/opt/pytorch/nvfuser/tests/cpp/test_sharding.cpp" line="93" status="run" result="completed" time="0." timestamp="2025-05-20T08:03:33.194" classname="ShardingTest" />
    <testcase name="ComputeIndex/false" value_param="false" file="/opt/pytorch/nvfuser/tests/cpp/test_sharding.cpp" line="173" status="run" result="completed" time="0.115" timestamp="2025-05-20T08:03:33.194" classname="ShardingTest" />
    <testcase name="ResidualAdd" file="/opt/pytorch/nvfuser/tests/cpp/test_sharding.cpp" line="237" status="run" result="completed" time="0." timestamp="2025-05-20T08:03:33.310" classname="ShardingTest" />
    <testcase name="ShardedNonDivisibleReshape" file="/opt/pytorch/nvfuser/tests/cpp/test_sharding.cpp" line="361" status="run" result="completed" time="0." timestamp="2025-05-20T08:03:33.310" classname="ShardingTest" />
  </testsuite>
  <testsuite name="SmemReuseTest" tests="3" failures="0" disabled="0" skipped="0" errors="0" time="0.679" timestamp="2025-05-20T08:03:33.311">
    <testcase name="NeedsReorderedPush" file="/opt/pytorch/nvfuser/tests/cpp/test_smem_reuse.cpp" line="176" status="run" result="completed" time="0.01" timestamp="2025-05-20T08:03:33.311" classname="SmemReuseTest" />
    <testcase name="MultiplePromoteReuse" file="/opt/pytorch/nvfuser/tests/cpp/test_smem_reuse.cpp" line="350" status="run" result="completed" time="0.01" timestamp="2025-05-20T08:03:33.321" classname="SmemReuseTest" />
    <testcase name="RegisterReuseWithDifferentVectorizationFactor" file="/opt/pytorch/nvfuser/tests/cpp/test_smem_reuse.cpp" line="565" status="run" result="completed" time="0.658" timestamp="2025-05-20T08:03:33.331" classname="SmemReuseTest" />
  </testsuite>
  <testsuite name="LegacySwizzleTest" tests="6" failures="0" disabled="0" skipped="1" errors="0" time="0.383" timestamp="2025-05-20T08:03:33.990">
    <testcase name="SimpleSwizzle0" file="/opt/pytorch/nvfuser/tests/cpp/test_swizzle.cpp" line="28" status="run" result="completed" time="0.16" timestamp="2025-05-20T08:03:33.990" classname="LegacySwizzleTest" />
    <testcase name="SwizzleMapping" file="/opt/pytorch/nvfuser/tests/cpp/test_swizzle.cpp" line="164" status="run" result="completed" time="0.001" timestamp="2025-05-20T08:03:34.150" classname="LegacySwizzleTest" />
    <testcase name="LoopSwizzleCheck0" file="/opt/pytorch/nvfuser/tests/cpp/test_swizzle.cpp" line="328" status="run" result="completed" time="0.002" timestamp="2025-05-20T08:03:34.151" classname="LegacySwizzleTest" />
    <testcase name="TransposeBankConflictSwizzle1" file="/opt/pytorch/nvfuser/tests/cpp/test_swizzle.cpp" line="407" status="run" result="completed" time="0.012" timestamp="2025-05-20T08:03:34.154" classname="LegacySwizzleTest" />
    <testcase name="SwizzleExampleZShape" file="/opt/pytorch/nvfuser/tests/cpp/test_swizzle.cpp" line="540" status="run" result="completed" time="0.206" timestamp="2025-05-20T08:03:34.166" classname="LegacySwizzleTest" />
    <testcase name="SwizzleIndexing170" file="/opt/pytorch/nvfuser/tests/cpp/test_swizzle.cpp" line="585" status="run" result="skipped" time="0." timestamp="2025-05-20T08:03:34.373" classname="LegacySwizzleTest">
      <skipped message="/opt/pytorch/nvfuser/tests/cpp/test_swizzle.cpp:587&#x0A;Repro for an unfixed bug&#x0A;"><![CDATA[/opt/pytorch/nvfuser/tests/cpp/test_swizzle.cpp:587
Repro for an unfixed bug
]]></skipped>
    </testcase>
  </testsuite>
  <testsuite name="SwizzleTest" tests="1" failures="0" disabled="0" skipped="0" errors="0" time="0.185" timestamp="2025-05-20T08:03:34.373">
    <testcase name="Transpose1" file="/opt/pytorch/nvfuser/tests/cpp/test_swizzle.cpp" line="699" status="run" result="completed" time="0.185" timestamp="2025-05-20T08:03:34.373" classname="SwizzleTest" />
  </testsuite>
  <testsuite name="TensorFactoryTest" tests="3" failures="0" disabled="0" skipped="0" errors="0" time="14.078" timestamp="2025-05-20T08:03:34.559">
    <testcase name="StandaloneOnes" file="/opt/pytorch/nvfuser/tests/cpp/test_tensor_factories.cpp" line="116" status="run" result="completed" time="6.251" timestamp="2025-05-20T08:03:34.559" classname="TensorFactoryTest" />
    <testcase name="StandaloneARange" file="/opt/pytorch/nvfuser/tests/cpp/test_tensor_factories.cpp" line="273" status="run" result="completed" time="7.747" timestamp="2025-05-20T08:03:40.810" classname="TensorFactoryTest" />
    <testcase name="MetadataAsTensor" file="/opt/pytorch/nvfuser/tests/cpp/test_tensor_factories.cpp" line="402" status="run" result="completed" time="0.079" timestamp="2025-05-20T08:03:48.558" classname="TensorFactoryTest" />
  </testsuite>
  <testsuite name="TMemTest" tests="2" failures="0" disabled="0" skipped="2" errors="0" time="0." timestamp="2025-05-20T08:03:48.637">
    <testcase name="GmemRegTMemRegGmemCopy" file="/opt/pytorch/nvfuser/tests/cpp/test_tmem.cpp" line="25" status="run" result="skipped" time="0." timestamp="2025-05-20T08:03:48.637" classname="TMemTest">
      <skipped message="/opt/pytorch/nvfuser/tests/cpp/utils.h:570&#x0A;skipping tests on non-Blackwell GPUs&#x0A;"><![CDATA[/opt/pytorch/nvfuser/tests/cpp/utils.h:570
skipping tests on non-Blackwell GPUs
]]></skipped>
    </testcase>
    <testcase name="dtypes" file="/opt/pytorch/nvfuser/tests/cpp/test_tmem.cpp" line="159" status="run" result="skipped" time="0." timestamp="2025-05-20T08:03:48.637" classname="TMemTest">
      <skipped message="/opt/pytorch/nvfuser/tests/cpp/utils.h:570&#x0A;skipping tests on non-Blackwell GPUs&#x0A;"><![CDATA[/opt/pytorch/nvfuser/tests/cpp/utils.h:570
skipping tests on non-Blackwell GPUs
]]></skipped>
    </testcase>
  </testsuite>
  <testsuite name="TMemTestCompileOnly" tests="1" failures="0" disabled="0" skipped="0" errors="0" time="0.002" timestamp="2025-05-20T08:03:48.637">
    <testcase name="WrongStride" file="/opt/pytorch/nvfuser/tests/cpp/test_tmem.cpp" line="297" status="run" result="completed" time="0.002" timestamp="2025-05-20T08:03:48.637" classname="TMemTestCompileOnly" />
  </testsuite>
  <testsuite name="VectorizeHelperTest" tests="6" failures="0" disabled="0" skipped="0" errors="0" time="0.001" timestamp="2025-05-20T08:03:48.640">
    <testcase name="BackwardMapper3" file="/opt/pytorch/nvfuser/tests/cpp/test_utils.cpp" line="395" status="run" result="completed" time="0." timestamp="2025-05-20T08:03:48.640" classname="VectorizeHelperTest" />
    <testcase name="BackwardMapper6" file="/opt/pytorch/nvfuser/tests/cpp/test_utils.cpp" line="505" status="run" result="completed" time="0." timestamp="2025-05-20T08:03:48.640" classname="VectorizeHelperTest" />
    <testcase name="BackwardMapper9" file="/opt/pytorch/nvfuser/tests/cpp/test_utils.cpp" line="595" status="run" result="completed" time="0." timestamp="2025-05-20T08:03:48.640" classname="VectorizeHelperTest" />
    <testcase name="ForwardMapper3" file="/opt/pytorch/nvfuser/tests/cpp/test_utils.cpp" line="717" status="run" result="completed" time="0." timestamp="2025-05-20T08:03:48.641" classname="VectorizeHelperTest" />
    <testcase name="ForwardMapper6" file="/opt/pytorch/nvfuser/tests/cpp/test_utils.cpp" line="827" status="run" result="completed" time="0." timestamp="2025-05-20T08:03:48.641" classname="VectorizeHelperTest" />
    <testcase name="ForwardMapper9" file="/opt/pytorch/nvfuser/tests/cpp/test_utils.cpp" line="918" status="run" result="completed" time="0." timestamp="2025-05-20T08:03:48.641" classname="VectorizeHelperTest" />
  </testsuite>
  <testsuite name="TestCpp23BackPort" tests="1" failures="0" disabled="0" skipped="0" errors="0" time="0." timestamp="2025-05-20T08:03:48.642">
    <testcase name="ZipDifferentWaysToSayZeroToTen" file="/opt/pytorch/nvfuser/tests/cpp/test_utils.cpp" line="1720" status="run" result="completed" time="0." timestamp="2025-05-20T08:03:48.642" classname="TestCpp23BackPort" />
  </testsuite>
  <testsuite name="VectorizationAnalysisTest" tests="2" failures="0" disabled="0" skipped="0" errors="0" time="0.001" timestamp="2025-05-20T08:03:48.642">
    <testcase name="ContigInnerDimsMapperResizeFastestDimensionP2C" file="/opt/pytorch/nvfuser/tests/cpp/test_vectorization_analysis.cpp" line="40" status="run" result="completed" time="0.001" timestamp="2025-05-20T08:03:48.642" classname="VectorizationAnalysisTest" />
    <testcase name="ContigInnerDimsMapperResizeMultipleDimension" file="/opt/pytorch/nvfuser/tests/cpp/test_vectorization_analysis.cpp" line="184" status="run" result="completed" time="0." timestamp="2025-05-20T08:03:48.643" classname="VectorizationAnalysisTest" />
  </testsuite>
  <testsuite name="InnerOuterReshapeTest" tests="1" failures="0" disabled="0" skipped="0" errors="0" time="0.59" timestamp="2025-05-20T08:03:48.643">
    <testcase name="ReshapeOuterDimTrueOrFalse/true" value_param="true" file="/opt/pytorch/nvfuser/tests/cpp/test_combined_inner_outer_reduction.cpp" line="1012" status="run" result="completed" time="0.59" timestamp="2025-05-20T08:03:48.643" classname="InnerOuterReshapeTest" />
  </testsuite>
  <testsuite name="TmaWarpSpecializedTest" tests="64" failures="0" disabled="0" skipped="0" errors="0" time="58.509" timestamp="2025-05-20T08:03:49.234">
    <testcase name="SimpleFusion/contig_1_ws_0_dtype_float_batch_1056_hidden_1024" value_param="(true, false, float, 1056, 1024)" file="/opt/pytorch/nvfuser/tests/cpp/test_combined_inner_outer_reduction.cpp" line="1072" status="run" result="completed" time="0.363" timestamp="2025-05-20T08:03:49.234" classname="TmaWarpSpecializedTest" />
    <testcase name="SimpleFusion/contig_1_ws_0_dtype___bfloat_batch_1056_hidden_1024" value_param="(true, false, __bfloat, 1056, 1024)" file="/opt/pytorch/nvfuser/tests/cpp/test_combined_inner_outer_reduction.cpp" line="1072" status="run" result="completed" time="0.345" timestamp="2025-05-20T08:03:49.598" classname="TmaWarpSpecializedTest" />
    <testcase name="SimpleFusion/contig_1_ws_0_dtype_float_batch_1056_hidden_2048" value_param="(true, false, float, 1056, 2048)" file="/opt/pytorch/nvfuser/tests/cpp/test_combined_inner_outer_reduction.cpp" line="1072" status="run" result="completed" time="0.478" timestamp="2025-05-20T08:03:49.944" classname="TmaWarpSpecializedTest" />
    <testcase name="SimpleFusion/contig_1_ws_0_dtype___bfloat_batch_1056_hidden_2048" value_param="(true, false, __bfloat, 1056, 2048)" file="/opt/pytorch/nvfuser/tests/cpp/test_combined_inner_outer_reduction.cpp" line="1072" status="run" result="completed" time="0.519" timestamp="2025-05-20T08:03:50.422" classname="TmaWarpSpecializedTest" />
    <testcase name="SimpleFusion/contig_1_ws_0_dtype_float_batch_1056_hidden_3072" value_param="(true, false, float, 1056, 3072)" file="/opt/pytorch/nvfuser/tests/cpp/test_combined_inner_outer_reduction.cpp" line="1072" status="run" result="completed" time="0.556" timestamp="2025-05-20T08:03:50.942" classname="TmaWarpSpecializedTest" />
    <testcase name="SimpleFusion/contig_1_ws_0_dtype___bfloat_batch_1056_hidden_3072" value_param="(true, false, __bfloat, 1056, 3072)" file="/opt/pytorch/nvfuser/tests/cpp/test_combined_inner_outer_reduction.cpp" line="1072" status="run" result="completed" time="0.466" timestamp="2025-05-20T08:03:51.498" classname="TmaWarpSpecializedTest" />
    <testcase name="SimpleFusion/contig_1_ws_0_dtype_float_batch_1056_hidden_4096" value_param="(true, false, float, 1056, 4096)" file="/opt/pytorch/nvfuser/tests/cpp/test_combined_inner_outer_reduction.cpp" line="1072" status="run" result="completed" time="0.428" timestamp="2025-05-20T08:03:51.965" classname="TmaWarpSpecializedTest" />
    <testcase name="SimpleFusion/contig_1_ws_0_dtype___bfloat_batch_1056_hidden_4096" value_param="(true, false, __bfloat, 1056, 4096)" file="/opt/pytorch/nvfuser/tests/cpp/test_combined_inner_outer_reduction.cpp" line="1072" status="run" result="completed" time="0.503" timestamp="2025-05-20T08:03:52.393" classname="TmaWarpSpecializedTest" />
    <testcase name="SimpleFusion/contig_1_ws_0_dtype_float_batch_1056_hidden_5120" value_param="(true, false, float, 1056, 5120)" file="/opt/pytorch/nvfuser/tests/cpp/test_combined_inner_outer_reduction.cpp" line="1072" status="run" result="completed" time="0.512" timestamp="2025-05-20T08:03:52.897" classname="TmaWarpSpecializedTest" />
    <testcase name="SimpleFusion/contig_1_ws_0_dtype___bfloat_batch_1056_hidden_5120" value_param="(true, false, __bfloat, 1056, 5120)" file="/opt/pytorch/nvfuser/tests/cpp/test_combined_inner_outer_reduction.cpp" line="1072" status="run" result="completed" time="0.479" timestamp="2025-05-20T08:03:53.410" classname="TmaWarpSpecializedTest" />
    <testcase name="SimpleFusion/contig_1_ws_0_dtype_float_batch_1056_hidden_6144" value_param="(true, false, float, 1056, 6144)" file="/opt/pytorch/nvfuser/tests/cpp/test_combined_inner_outer_reduction.cpp" line="1072" status="run" result="completed" time="0.408" timestamp="2025-05-20T08:03:53.890" classname="TmaWarpSpecializedTest" />
    <testcase name="SimpleFusion/contig_1_ws_0_dtype___bfloat_batch_1056_hidden_6144" value_param="(true, false, __bfloat, 1056, 6144)" file="/opt/pytorch/nvfuser/tests/cpp/test_combined_inner_outer_reduction.cpp" line="1072" status="run" result="completed" time="0.607" timestamp="2025-05-20T08:03:54.299" classname="TmaWarpSpecializedTest" />
    <testcase name="SimpleFusion/contig_1_ws_0_dtype_float_batch_1056_hidden_7168" value_param="(true, false, float, 1056, 7168)" file="/opt/pytorch/nvfuser/tests/cpp/test_combined_inner_outer_reduction.cpp" line="1072" status="run" result="completed" time="0.805" timestamp="2025-05-20T08:03:54.907" classname="TmaWarpSpecializedTest" />
    <testcase name="SimpleFusion/contig_1_ws_0_dtype___bfloat_batch_1056_hidden_7168" value_param="(true, false, __bfloat, 1056, 7168)" file="/opt/pytorch/nvfuser/tests/cpp/test_combined_inner_outer_reduction.cpp" line="1072" status="run" result="completed" time="0.706" timestamp="2025-05-20T08:03:55.712" classname="TmaWarpSpecializedTest" />
    <testcase name="SimpleFusion/contig_1_ws_0_dtype_float_batch_1056_hidden_8192" value_param="(true, false, float, 1056, 8192)" file="/opt/pytorch/nvfuser/tests/cpp/test_combined_inner_outer_reduction.cpp" line="1072" status="run" result="completed" time="0.477" timestamp="2025-05-20T08:03:56.418" classname="TmaWarpSpecializedTest" />
    <testcase name="SimpleFusion/contig_1_ws_0_dtype___bfloat_batch_1056_hidden_8192" value_param="(true, false, __bfloat, 1056, 8192)" file="/opt/pytorch/nvfuser/tests/cpp/test_combined_inner_outer_reduction.cpp" line="1072" status="run" result="completed" time="0.523" timestamp="2025-05-20T08:03:56.896" classname="TmaWarpSpecializedTest" />
    <testcase name="RMSNormBwd/contig_1_ws_0_dtype_float_batch_1056_hidden_1024" value_param="(true, false, float, 1056, 1024)" file="/opt/pytorch/nvfuser/tests/cpp/test_combined_inner_outer_reduction.cpp" line="1113" status="run" result="completed" time="0.508" timestamp="2025-05-20T08:03:57.419" classname="TmaWarpSpecializedTest" />
    <testcase name="RMSNormBwd/contig_1_ws_0_dtype___bfloat_batch_1056_hidden_1024" value_param="(true, false, __bfloat, 1056, 1024)" file="/opt/pytorch/nvfuser/tests/cpp/test_combined_inner_outer_reduction.cpp" line="1113" status="run" result="completed" time="0.675" timestamp="2025-05-20T08:03:57.928" classname="TmaWarpSpecializedTest" />
    <testcase name="RMSNormBwd/contig_1_ws_0_dtype_float_batch_1056_hidden_2048" value_param="(true, false, float, 1056, 2048)" file="/opt/pytorch/nvfuser/tests/cpp/test_combined_inner_outer_reduction.cpp" line="1113" status="run" result="completed" time="0.871" timestamp="2025-05-20T08:03:58.604" classname="TmaWarpSpecializedTest" />
    <testcase name="RMSNormBwd/contig_1_ws_0_dtype___bfloat_batch_1056_hidden_2048" value_param="(true, false, __bfloat, 1056, 2048)" file="/opt/pytorch/nvfuser/tests/cpp/test_combined_inner_outer_reduction.cpp" line="1113" status="run" result="completed" time="1.031" timestamp="2025-05-20T08:03:59.475" classname="TmaWarpSpecializedTest" />
    <testcase name="RMSNormBwd/contig_1_ws_0_dtype_float_batch_1056_hidden_3072" value_param="(true, false, float, 1056, 3072)" file="/opt/pytorch/nvfuser/tests/cpp/test_combined_inner_outer_reduction.cpp" line="1113" status="run" result="completed" time="1.045" timestamp="2025-05-20T08:04:00.506" classname="TmaWarpSpecializedTest" />
    <testcase name="RMSNormBwd/contig_1_ws_0_dtype___bfloat_batch_1056_hidden_3072" value_param="(true, false, __bfloat, 1056, 3072)" file="/opt/pytorch/nvfuser/tests/cpp/test_combined_inner_outer_reduction.cpp" line="1113" status="run" result="completed" time="0.889" timestamp="2025-05-20T08:04:01.551" classname="TmaWarpSpecializedTest" />
    <testcase name="RMSNormBwd/contig_1_ws_0_dtype_float_batch_1056_hidden_4096" value_param="(true, false, float, 1056, 4096)" file="/opt/pytorch/nvfuser/tests/cpp/test_combined_inner_outer_reduction.cpp" line="1113" status="run" result="completed" time="0.836" timestamp="2025-05-20T08:04:02.441" classname="TmaWarpSpecializedTest" />
    <testcase name="RMSNormBwd/contig_1_ws_0_dtype___bfloat_batch_1056_hidden_4096" value_param="(true, false, __bfloat, 1056, 4096)" file="/opt/pytorch/nvfuser/tests/cpp/test_combined_inner_outer_reduction.cpp" line="1113" status="run" result="completed" time="1.115" timestamp="2025-05-20T08:04:03.278" classname="TmaWarpSpecializedTest" />
    <testcase name="RMSNormBwd/contig_1_ws_0_dtype_float_batch_1056_hidden_5120" value_param="(true, false, float, 1056, 5120)" file="/opt/pytorch/nvfuser/tests/cpp/test_combined_inner_outer_reduction.cpp" line="1113" status="run" result="completed" time="1.034" timestamp="2025-05-20T08:04:04.394" classname="TmaWarpSpecializedTest" />
    <testcase name="RMSNormBwd/contig_1_ws_0_dtype___bfloat_batch_1056_hidden_5120" value_param="(true, false, __bfloat, 1056, 5120)" file="/opt/pytorch/nvfuser/tests/cpp/test_combined_inner_outer_reduction.cpp" line="1113" status="run" result="completed" time="1.148" timestamp="2025-05-20T08:04:05.429" classname="TmaWarpSpecializedTest" />
    <testcase name="RMSNormBwd/contig_1_ws_0_dtype_float_batch_1056_hidden_6144" value_param="(true, false, float, 1056, 6144)" file="/opt/pytorch/nvfuser/tests/cpp/test_combined_inner_outer_reduction.cpp" line="1113" status="run" result="completed" time="0.789" timestamp="2025-05-20T08:04:06.577" classname="TmaWarpSpecializedTest" />
    <testcase name="RMSNormBwd/contig_1_ws_0_dtype___bfloat_batch_1056_hidden_6144" value_param="(true, false, __bfloat, 1056, 6144)" file="/opt/pytorch/nvfuser/tests/cpp/test_combined_inner_outer_reduction.cpp" line="1113" status="run" result="completed" time="0.862" timestamp="2025-05-20T08:04:07.366" classname="TmaWarpSpecializedTest" />
    <testcase name="RMSNormBwd/contig_1_ws_0_dtype_float_batch_1056_hidden_7168" value_param="(true, false, float, 1056, 7168)" file="/opt/pytorch/nvfuser/tests/cpp/test_combined_inner_outer_reduction.cpp" line="1113" status="run" result="completed" time="0.807" timestamp="2025-05-20T08:04:08.229" classname="TmaWarpSpecializedTest" />
    <testcase name="RMSNormBwd/contig_1_ws_0_dtype___bfloat_batch_1056_hidden_7168" value_param="(true, false, __bfloat, 1056, 7168)" file="/opt/pytorch/nvfuser/tests/cpp/test_combined_inner_outer_reduction.cpp" line="1113" status="run" result="completed" time="1.536" timestamp="2025-05-20T08:04:09.036" classname="TmaWarpSpecializedTest" />
    <testcase name="RMSNormBwd/contig_1_ws_0_dtype_float_batch_1056_hidden_8192" value_param="(true, false, float, 1056, 8192)" file="/opt/pytorch/nvfuser/tests/cpp/test_combined_inner_outer_reduction.cpp" line="1113" status="run" result="completed" time="1.005" timestamp="2025-05-20T08:04:10.573" classname="TmaWarpSpecializedTest" />
    <testcase name="RMSNormBwd/contig_1_ws_0_dtype___bfloat_batch_1056_hidden_8192" value_param="(true, false, __bfloat, 1056, 8192)" file="/opt/pytorch/nvfuser/tests/cpp/test_combined_inner_outer_reduction.cpp" line="1113" status="run" result="completed" time="1.071" timestamp="2025-05-20T08:04:11.578" classname="TmaWarpSpecializedTest" />
    <testcase name="ThunderRMSNormBwd/contig_1_ws_0_dtype_float_batch_1056_hidden_1024" value_param="(true, false, float, 1056, 1024)" file="/opt/pytorch/nvfuser/tests/cpp/test_combined_inner_outer_reduction.cpp" line="1175" status="run" result="completed" time="0.567" timestamp="2025-05-20T08:04:12.649" classname="TmaWarpSpecializedTest" />
    <testcase name="ThunderRMSNormBwd/contig_1_ws_0_dtype___bfloat_batch_1056_hidden_1024" value_param="(true, false, __bfloat, 1056, 1024)" file="/opt/pytorch/nvfuser/tests/cpp/test_combined_inner_outer_reduction.cpp" line="1175" status="run" result="completed" time="0.646" timestamp="2025-05-20T08:04:13.217" classname="TmaWarpSpecializedTest" />
    <testcase name="ThunderRMSNormBwd/contig_1_ws_0_dtype_float_batch_1056_hidden_2048" value_param="(true, false, float, 1056, 2048)" file="/opt/pytorch/nvfuser/tests/cpp/test_combined_inner_outer_reduction.cpp" line="1175" status="run" result="completed" time="1.143" timestamp="2025-05-20T08:04:13.864" classname="TmaWarpSpecializedTest" />
    <testcase name="ThunderRMSNormBwd/contig_1_ws_0_dtype___bfloat_batch_1056_hidden_2048" value_param="(true, false, __bfloat, 1056, 2048)" file="/opt/pytorch/nvfuser/tests/cpp/test_combined_inner_outer_reduction.cpp" line="1175" status="run" result="completed" time="1.622" timestamp="2025-05-20T08:04:15.007" classname="TmaWarpSpecializedTest" />
    <testcase name="ThunderRMSNormBwd/contig_1_ws_0_dtype_float_batch_1056_hidden_3072" value_param="(true, false, float, 1056, 3072)" file="/opt/pytorch/nvfuser/tests/cpp/test_combined_inner_outer_reduction.cpp" line="1175" status="run" result="completed" time="0.863" timestamp="2025-05-20T08:04:16.630" classname="TmaWarpSpecializedTest" />
    <testcase name="ThunderRMSNormBwd/contig_1_ws_0_dtype___bfloat_batch_1056_hidden_3072" value_param="(true, false, __bfloat, 1056, 3072)" file="/opt/pytorch/nvfuser/tests/cpp/test_combined_inner_outer_reduction.cpp" line="1175" status="run" result="completed" time="0.931" timestamp="2025-05-20T08:04:17.493" classname="TmaWarpSpecializedTest" />
    <testcase name="ThunderRMSNormBwd/contig_1_ws_0_dtype_float_batch_1056_hidden_4096" value_param="(true, false, float, 1056, 4096)" file="/opt/pytorch/nvfuser/tests/cpp/test_combined_inner_outer_reduction.cpp" line="1175" status="run" result="completed" time="0.908" timestamp="2025-05-20T08:04:18.425" classname="TmaWarpSpecializedTest" />
    <testcase name="ThunderRMSNormBwd/contig_1_ws_0_dtype___bfloat_batch_1056_hidden_4096" value_param="(true, false, __bfloat, 1056, 4096)" file="/opt/pytorch/nvfuser/tests/cpp/test_combined_inner_outer_reduction.cpp" line="1175" status="run" result="completed" time="1.259" timestamp="2025-05-20T08:04:19.334" classname="TmaWarpSpecializedTest" />
    <testcase name="ThunderRMSNormBwd/contig_1_ws_0_dtype_float_batch_1056_hidden_5120" value_param="(true, false, float, 1056, 5120)" file="/opt/pytorch/nvfuser/tests/cpp/test_combined_inner_outer_reduction.cpp" line="1175" status="run" result="completed" time="0.904" timestamp="2025-05-20T08:04:20.593" classname="TmaWarpSpecializedTest" />
    <testcase name="ThunderRMSNormBwd/contig_1_ws_0_dtype___bfloat_batch_1056_hidden_5120" value_param="(true, false, __bfloat, 1056, 5120)" file="/opt/pytorch/nvfuser/tests/cpp/test_combined_inner_outer_reduction.cpp" line="1175" status="run" result="completed" time="0.909" timestamp="2025-05-20T08:04:21.498" classname="TmaWarpSpecializedTest" />
    <testcase name="ThunderRMSNormBwd/contig_1_ws_0_dtype_float_batch_1056_hidden_6144" value_param="(true, false, float, 1056, 6144)" file="/opt/pytorch/nvfuser/tests/cpp/test_combined_inner_outer_reduction.cpp" line="1175" status="run" result="completed" time="0.925" timestamp="2025-05-20T08:04:22.407" classname="TmaWarpSpecializedTest" />
    <testcase name="ThunderRMSNormBwd/contig_1_ws_0_dtype___bfloat_batch_1056_hidden_6144" value_param="(true, false, __bfloat, 1056, 6144)" file="/opt/pytorch/nvfuser/tests/cpp/test_combined_inner_outer_reduction.cpp" line="1175" status="run" result="completed" time="0.941" timestamp="2025-05-20T08:04:23.333" classname="TmaWarpSpecializedTest" />
    <testcase name="ThunderRMSNormBwd/contig_1_ws_0_dtype_float_batch_1056_hidden_7168" value_param="(true, false, float, 1056, 7168)" file="/opt/pytorch/nvfuser/tests/cpp/test_combined_inner_outer_reduction.cpp" line="1175" status="run" result="completed" time="1.083" timestamp="2025-05-20T08:04:24.275" classname="TmaWarpSpecializedTest" />
    <testcase name="ThunderRMSNormBwd/contig_1_ws_0_dtype___bfloat_batch_1056_hidden_7168" value_param="(true, false, __bfloat, 1056, 7168)" file="/opt/pytorch/nvfuser/tests/cpp/test_combined_inner_outer_reduction.cpp" line="1175" status="run" result="completed" time="1.105" timestamp="2025-05-20T08:04:25.358" classname="TmaWarpSpecializedTest" />
    <testcase name="ThunderRMSNormBwd/contig_1_ws_0_dtype_float_batch_1056_hidden_8192" value_param="(true, false, float, 1056, 8192)" file="/opt/pytorch/nvfuser/tests/cpp/test_combined_inner_outer_reduction.cpp" line="1175" status="run" result="completed" time="0.933" timestamp="2025-05-20T08:04:26.464" classname="TmaWarpSpecializedTest" />
    <testcase name="ThunderRMSNormBwd/contig_1_ws_0_dtype___bfloat_batch_1056_hidden_8192" value_param="(true, false, __bfloat, 1056, 8192)" file="/opt/pytorch/nvfuser/tests/cpp/test_combined_inner_outer_reduction.cpp" line="1175" status="run" result="completed" time="1.293" timestamp="2025-05-20T08:04:27.397" classname="TmaWarpSpecializedTest" />
    <testcase name="LayerNormBackward/contig_1_ws_0_dtype_float_batch_1056_hidden_1024" value_param="(true, false, float, 1056, 1024)" file="/opt/pytorch/nvfuser/tests/cpp/test_combined_inner_outer_reduction.cpp" line="1236" status="run" result="completed" time="0.751" timestamp="2025-05-20T08:04:28.690" classname="TmaWarpSpecializedTest" />
    <testcase name="LayerNormBackward/contig_1_ws_0_dtype___bfloat_batch_1056_hidden_1024" value_param="(true, false, __bfloat, 1056, 1024)" file="/opt/pytorch/nvfuser/tests/cpp/test_combined_inner_outer_reduction.cpp" line="1236" status="run" result="completed" time="1.192" timestamp="2025-05-20T08:04:29.442" classname="TmaWarpSpecializedTest" />
    <testcase name="LayerNormBackward/contig_1_ws_0_dtype_float_batch_1056_hidden_2048" value_param="(true, false, float, 1056, 2048)" file="/opt/pytorch/nvfuser/tests/cpp/test_combined_inner_outer_reduction.cpp" line="1236" status="run" result="completed" time="1.074" timestamp="2025-05-20T08:04:30.635" classname="TmaWarpSpecializedTest" />
    <testcase name="LayerNormBackward/contig_1_ws_0_dtype___bfloat_batch_1056_hidden_2048" value_param="(true, false, __bfloat, 1056, 2048)" file="/opt/pytorch/nvfuser/tests/cpp/test_combined_inner_outer_reduction.cpp" line="1236" status="run" result="completed" time="1.08" timestamp="2025-05-20T08:04:31.709" classname="TmaWarpSpecializedTest" />
    <testcase name="LayerNormBackward/contig_1_ws_0_dtype_float_batch_1056_hidden_3072" value_param="(true, false, float, 1056, 3072)" file="/opt/pytorch/nvfuser/tests/cpp/test_combined_inner_outer_reduction.cpp" line="1236" status="run" result="completed" time="1.019" timestamp="2025-05-20T08:04:32.790" classname="TmaWarpSpecializedTest" />
    <testcase name="LayerNormBackward/contig_1_ws_0_dtype___bfloat_batch_1056_hidden_3072" value_param="(true, false, __bfloat, 1056, 3072)" file="/opt/pytorch/nvfuser/tests/cpp/test_combined_inner_outer_reduction.cpp" line="1236" status="run" result="completed" time="1.235" timestamp="2025-05-20T08:04:33.810" classname="TmaWarpSpecializedTest" />
    <testcase name="LayerNormBackward/contig_1_ws_0_dtype_float_batch_1056_hidden_4096" value_param="(true, false, float, 1056, 4096)" file="/opt/pytorch/nvfuser/tests/cpp/test_combined_inner_outer_reduction.cpp" line="1236" status="run" result="completed" time="1.452" timestamp="2025-05-20T08:04:35.045" classname="TmaWarpSpecializedTest" />
    <testcase name="LayerNormBackward/contig_1_ws_0_dtype___bfloat_batch_1056_hidden_4096" value_param="(true, false, __bfloat, 1056, 4096)" file="/opt/pytorch/nvfuser/tests/cpp/test_combined_inner_outer_reduction.cpp" line="1236" status="run" result="completed" time="1.246" timestamp="2025-05-20T08:04:36.497" classname="TmaWarpSpecializedTest" />
    <testcase name="LayerNormBackward/contig_1_ws_0_dtype_float_batch_1056_hidden_5120" value_param="(true, false, float, 1056, 5120)" file="/opt/pytorch/nvfuser/tests/cpp/test_combined_inner_outer_reduction.cpp" line="1236" status="run" result="completed" time="1.07" timestamp="2025-05-20T08:04:37.744" classname="TmaWarpSpecializedTest" />
    <testcase name="LayerNormBackward/contig_1_ws_0_dtype___bfloat_batch_1056_hidden_5120" value_param="(true, false, __bfloat, 1056, 5120)" file="/opt/pytorch/nvfuser/tests/cpp/test_combined_inner_outer_reduction.cpp" line="1236" status="run" result="completed" time="1.491" timestamp="2025-05-20T08:04:38.814" classname="TmaWarpSpecializedTest" />
    <testcase name="LayerNormBackward/contig_1_ws_0_dtype_float_batch_1056_hidden_6144" value_param="(true, false, float, 1056, 6144)" file="/opt/pytorch/nvfuser/tests/cpp/test_combined_inner_outer_reduction.cpp" line="1236" status="run" result="completed" time="1.315" timestamp="2025-05-20T08:04:40.306" classname="TmaWarpSpecializedTest" />
    <testcase name="LayerNormBackward/contig_1_ws_0_dtype___bfloat_batch_1056_hidden_6144" value_param="(true, false, __bfloat, 1056, 6144)" file="/opt/pytorch/nvfuser/tests/cpp/test_combined_inner_outer_reduction.cpp" line="1236" status="run" result="completed" time="1.151" timestamp="2025-05-20T08:04:41.621" classname="TmaWarpSpecializedTest" />
    <testcase name="LayerNormBackward/contig_1_ws_0_dtype_float_batch_1056_hidden_7168" value_param="(true, false, float, 1056, 7168)" file="/opt/pytorch/nvfuser/tests/cpp/test_combined_inner_outer_reduction.cpp" line="1236" status="run" result="completed" time="1.132" timestamp="2025-05-20T08:04:42.773" classname="TmaWarpSpecializedTest" />
    <testcase name="LayerNormBackward/contig_1_ws_0_dtype___bfloat_batch_1056_hidden_7168" value_param="(true, false, __bfloat, 1056, 7168)" file="/opt/pytorch/nvfuser/tests/cpp/test_combined_inner_outer_reduction.cpp" line="1236" status="run" result="completed" time="1.483" timestamp="2025-05-20T08:04:43.906" classname="TmaWarpSpecializedTest" />
    <testcase name="LayerNormBackward/contig_1_ws_0_dtype_float_batch_1056_hidden_8192" value_param="(true, false, float, 1056, 8192)" file="/opt/pytorch/nvfuser/tests/cpp/test_combined_inner_outer_reduction.cpp" line="1236" status="run" result="completed" time="1.208" timestamp="2025-05-20T08:04:45.390" classname="TmaWarpSpecializedTest" />
    <testcase name="LayerNormBackward/contig_1_ws_0_dtype___bfloat_batch_1056_hidden_8192" value_param="(true, false, __bfloat, 1056, 8192)" file="/opt/pytorch/nvfuser/tests/cpp/test_combined_inner_outer_reduction.cpp" line="1236" status="run" result="completed" time="1.146" timestamp="2025-05-20T08:04:46.598" classname="TmaWarpSpecializedTest" />
  </testsuite>
  <testsuite name="NonTma/CircularBufferingTest" tests="149" failures="0" disabled="0" skipped="0" errors="0" time="51.895" timestamp="2025-05-20T08:04:47.744">
    <testcase name="SingleDim1/stage_2_prefetch_0" value_param="(2, 0)" file="/opt/pytorch/nvfuser/tests/cpp/test_circular_buffering.cpp" line="267" status="run" result="completed" time="0.074" timestamp="2025-05-20T08:04:47.744" classname="NonTma/CircularBufferingTest" />
    <testcase name="SingleDim1/stage_5_prefetch_neg4" value_param="(5, -4)" file="/opt/pytorch/nvfuser/tests/cpp/test_circular_buffering.cpp" line="267" status="run" result="completed" time="0.072" timestamp="2025-05-20T08:04:47.819" classname="NonTma/CircularBufferingTest" />
    <testcase name="SingleDim1/stage_5_prefetch_neg1" value_param="(5, -1)" file="/opt/pytorch/nvfuser/tests/cpp/test_circular_buffering.cpp" line="267" status="run" result="completed" time="0.088" timestamp="2025-05-20T08:04:47.892" classname="NonTma/CircularBufferingTest" />
    <testcase name="SingleDim1/stage_5_prefetch_2" value_param="(5, 2)" file="/opt/pytorch/nvfuser/tests/cpp/test_circular_buffering.cpp" line="267" status="run" result="completed" time="0.081" timestamp="2025-05-20T08:04:47.981" classname="NonTma/CircularBufferingTest" />
    <testcase name="SingleDim1/stage_9_prefetch_neg9" value_param="(9, -9)" file="/opt/pytorch/nvfuser/tests/cpp/test_circular_buffering.cpp" line="267" status="run" result="completed" time="0.06" timestamp="2025-05-20T08:04:48.062" classname="NonTma/CircularBufferingTest" />
    <testcase name="SingleDim1/stage_9_prefetch_neg6" value_param="(9, -6)" file="/opt/pytorch/nvfuser/tests/cpp/test_circular_buffering.cpp" line="267" status="run" result="completed" time="0.07" timestamp="2025-05-20T08:04:48.122" classname="NonTma/CircularBufferingTest" />
    <testcase name="SingleDim1/stage_9_prefetch_neg3" value_param="(9, -3)" file="/opt/pytorch/nvfuser/tests/cpp/test_circular_buffering.cpp" line="267" status="run" result="completed" time="0.079" timestamp="2025-05-20T08:04:48.192" classname="NonTma/CircularBufferingTest" />
    <testcase name="SingleDim1/stage_9_prefetch_0" value_param="(9, 0)" file="/opt/pytorch/nvfuser/tests/cpp/test_circular_buffering.cpp" line="267" status="run" result="completed" time="0.036" timestamp="2025-05-20T08:04:48.271" classname="NonTma/CircularBufferingTest" />
    <testcase name="SingleDim1/stage_9_prefetch_3" value_param="(9, 3)" file="/opt/pytorch/nvfuser/tests/cpp/test_circular_buffering.cpp" line="267" status="run" result="completed" time="0.038" timestamp="2025-05-20T08:04:48.308" classname="NonTma/CircularBufferingTest" />
    <testcase name="SingleDim1/stage_9_prefetch_6" value_param="(9, 6)" file="/opt/pytorch/nvfuser/tests/cpp/test_circular_buffering.cpp" line="267" status="run" result="completed" time="0.038" timestamp="2025-05-20T08:04:48.346" classname="NonTma/CircularBufferingTest" />
    <testcase name="SingleDim2/stage_2_prefetch_neg2" value_param="(2, -2)" file="/opt/pytorch/nvfuser/tests/cpp/test_circular_buffering.cpp" line="317" status="run" result="completed" time="0.072" timestamp="2025-05-20T08:04:48.385" classname="NonTma/CircularBufferingTest" />
    <testcase name="SingleDim2/stage_2_prefetch_1" value_param="(2, 1)" file="/opt/pytorch/nvfuser/tests/cpp/test_circular_buffering.cpp" line="317" status="run" result="completed" time="0.072" timestamp="2025-05-20T08:04:48.457" classname="NonTma/CircularBufferingTest" />
    <testcase name="SingleDim2/stage_5_prefetch_neg3" value_param="(5, -3)" file="/opt/pytorch/nvfuser/tests/cpp/test_circular_buffering.cpp" line="317" status="run" result="completed" time="0.083" timestamp="2025-05-20T08:04:48.530" classname="NonTma/CircularBufferingTest" />
    <testcase name="SingleDim2/stage_5_prefetch_0" value_param="(5, 0)" file="/opt/pytorch/nvfuser/tests/cpp/test_circular_buffering.cpp" line="317" status="run" result="completed" time="0.071" timestamp="2025-05-20T08:04:48.614" classname="NonTma/CircularBufferingTest" />
    <testcase name="SingleDim2/stage_5_prefetch_3" value_param="(5, 3)" file="/opt/pytorch/nvfuser/tests/cpp/test_circular_buffering.cpp" line="317" status="run" result="completed" time="0.092" timestamp="2025-05-20T08:04:48.686" classname="NonTma/CircularBufferingTest" />
    <testcase name="SingleDim2/stage_9_prefetch_neg8" value_param="(9, -8)" file="/opt/pytorch/nvfuser/tests/cpp/test_circular_buffering.cpp" line="317" status="run" result="completed" time="0.058" timestamp="2025-05-20T08:04:48.778" classname="NonTma/CircularBufferingTest" />
    <testcase name="SingleDim2/stage_9_prefetch_neg5" value_param="(9, -5)" file="/opt/pytorch/nvfuser/tests/cpp/test_circular_buffering.cpp" line="317" status="run" result="completed" time="0.074" timestamp="2025-05-20T08:04:48.836" classname="NonTma/CircularBufferingTest" />
    <testcase name="SingleDim2/stage_9_prefetch_neg2" value_param="(9, -2)" file="/opt/pytorch/nvfuser/tests/cpp/test_circular_buffering.cpp" line="317" status="run" result="completed" time="0.087" timestamp="2025-05-20T08:04:48.910" classname="NonTma/CircularBufferingTest" />
    <testcase name="SingleDim2/stage_9_prefetch_1" value_param="(9, 1)" file="/opt/pytorch/nvfuser/tests/cpp/test_circular_buffering.cpp" line="317" status="run" result="completed" time="0.057" timestamp="2025-05-20T08:04:48.998" classname="NonTma/CircularBufferingTest" />
    <testcase name="SingleDim2/stage_9_prefetch_4" value_param="(9, 4)" file="/opt/pytorch/nvfuser/tests/cpp/test_circular_buffering.cpp" line="317" status="run" result="completed" time="0.074" timestamp="2025-05-20T08:04:49.056" classname="NonTma/CircularBufferingTest" />
    <testcase name="SingleDim2/stage_9_prefetch_7" value_param="(9, 7)" file="/opt/pytorch/nvfuser/tests/cpp/test_circular_buffering.cpp" line="317" status="run" result="completed" time="0.087" timestamp="2025-05-20T08:04:49.130" classname="NonTma/CircularBufferingTest" />
    <testcase name="SingleDim3/stage_2_prefetch_neg1" value_param="(2, -1)" file="/opt/pytorch/nvfuser/tests/cpp/test_circular_buffering.cpp" line="365" status="run" result="completed" time="0.079" timestamp="2025-05-20T08:04:49.217" classname="NonTma/CircularBufferingTest" />
    <testcase name="SingleDim3/stage_5_prefetch_neg5" value_param="(5, -5)" file="/opt/pytorch/nvfuser/tests/cpp/test_circular_buffering.cpp" line="365" status="run" result="completed" time="0.06" timestamp="2025-05-20T08:04:49.297" classname="NonTma/CircularBufferingTest" />
    <testcase name="SingleDim3/stage_5_prefetch_neg2" value_param="(5, -2)" file="/opt/pytorch/nvfuser/tests/cpp/test_circular_buffering.cpp" line="365" status="run" result="completed" time="0.062" timestamp="2025-05-20T08:04:49.357" classname="NonTma/CircularBufferingTest" />
    <testcase name="SingleDim3/stage_5_prefetch_1" value_param="(5, 1)" file="/opt/pytorch/nvfuser/tests/cpp/test_circular_buffering.cpp" line="365" status="run" result="completed" time="0.064" timestamp="2025-05-20T08:04:49.419" classname="NonTma/CircularBufferingTest" />
    <testcase name="SingleDim3/stage_5_prefetch_4" value_param="(5, 4)" file="/opt/pytorch/nvfuser/tests/cpp/test_circular_buffering.cpp" line="365" status="run" result="completed" time="0.062" timestamp="2025-05-20T08:04:49.484" classname="NonTma/CircularBufferingTest" />
    <testcase name="SingleDim3/stage_9_prefetch_neg7" value_param="(9, -7)" file="/opt/pytorch/nvfuser/tests/cpp/test_circular_buffering.cpp" line="365" status="run" result="completed" time="0.063" timestamp="2025-05-20T08:04:49.547" classname="NonTma/CircularBufferingTest" />
    <testcase name="SingleDim3/stage_9_prefetch_neg4" value_param="(9, -4)" file="/opt/pytorch/nvfuser/tests/cpp/test_circular_buffering.cpp" line="365" status="run" result="completed" time="0.064" timestamp="2025-05-20T08:04:49.610" classname="NonTma/CircularBufferingTest" />
    <testcase name="SingleDim3/stage_9_prefetch_neg1" value_param="(9, -1)" file="/opt/pytorch/nvfuser/tests/cpp/test_circular_buffering.cpp" line="365" status="run" result="completed" time="0.065" timestamp="2025-05-20T08:04:49.674" classname="NonTma/CircularBufferingTest" />
    <testcase name="SingleDim3/stage_9_prefetch_2" value_param="(9, 2)" file="/opt/pytorch/nvfuser/tests/cpp/test_circular_buffering.cpp" line="365" status="run" result="completed" time="0.039" timestamp="2025-05-20T08:04:49.740" classname="NonTma/CircularBufferingTest" />
    <testcase name="SingleDim3/stage_9_prefetch_5" value_param="(9, 5)" file="/opt/pytorch/nvfuser/tests/cpp/test_circular_buffering.cpp" line="365" status="run" result="completed" time="0.04" timestamp="2025-05-20T08:04:49.780" classname="NonTma/CircularBufferingTest" />
    <testcase name="SingleDim3/stage_9_prefetch_8" value_param="(9, 8)" file="/opt/pytorch/nvfuser/tests/cpp/test_circular_buffering.cpp" line="365" status="run" result="completed" time="0.039" timestamp="2025-05-20T08:04:49.820" classname="NonTma/CircularBufferingTest" />
    <testcase name="SingleDimUnswitch1/stage_2_prefetch_0" value_param="(2, 0)" file="/opt/pytorch/nvfuser/tests/cpp/test_circular_buffering.cpp" line="421" status="run" result="completed" time="0.09" timestamp="2025-05-20T08:04:49.860" classname="NonTma/CircularBufferingTest" />
    <testcase name="SingleDimUnswitch1/stage_5_prefetch_neg4" value_param="(5, -4)" file="/opt/pytorch/nvfuser/tests/cpp/test_circular_buffering.cpp" line="421" status="run" result="completed" time="0.085" timestamp="2025-05-20T08:04:49.950" classname="NonTma/CircularBufferingTest" />
    <testcase name="SingleDimUnswitch1/stage_5_prefetch_neg1" value_param="(5, -1)" file="/opt/pytorch/nvfuser/tests/cpp/test_circular_buffering.cpp" line="421" status="run" result="completed" time="0.083" timestamp="2025-05-20T08:04:50.036" classname="NonTma/CircularBufferingTest" />
    <testcase name="SingleDimUnswitch1/stage_5_prefetch_2" value_param="(5, 2)" file="/opt/pytorch/nvfuser/tests/cpp/test_circular_buffering.cpp" line="421" status="run" result="completed" time="0.085" timestamp="2025-05-20T08:04:50.119" classname="NonTma/CircularBufferingTest" />
    <testcase name="SingleDimUnswitch1/stage_9_prefetch_neg9" value_param="(9, -9)" file="/opt/pytorch/nvfuser/tests/cpp/test_circular_buffering.cpp" line="421" status="run" result="completed" time="0.074" timestamp="2025-05-20T08:04:50.205" classname="NonTma/CircularBufferingTest" />
    <testcase name="SingleDimUnswitch1/stage_9_prefetch_neg6" value_param="(9, -6)" file="/opt/pytorch/nvfuser/tests/cpp/test_circular_buffering.cpp" line="421" status="run" result="completed" time="0.081" timestamp="2025-05-20T08:04:50.279" classname="NonTma/CircularBufferingTest" />
    <testcase name="SingleDimUnswitch1/stage_9_prefetch_neg3" value_param="(9, -3)" file="/opt/pytorch/nvfuser/tests/cpp/test_circular_buffering.cpp" line="421" status="run" result="completed" time="0.087" timestamp="2025-05-20T08:04:50.361" classname="NonTma/CircularBufferingTest" />
    <testcase name="SingleDimUnswitch1/stage_9_prefetch_0" value_param="(9, 0)" file="/opt/pytorch/nvfuser/tests/cpp/test_circular_buffering.cpp" line="421" status="run" result="completed" time="0.043" timestamp="2025-05-20T08:04:50.449" classname="NonTma/CircularBufferingTest" />
    <testcase name="SingleDimUnswitch1/stage_9_prefetch_3" value_param="(9, 3)" file="/opt/pytorch/nvfuser/tests/cpp/test_circular_buffering.cpp" line="421" status="run" result="completed" time="0.046" timestamp="2025-05-20T08:04:50.492" classname="NonTma/CircularBufferingTest" />
    <testcase name="SingleDimUnswitch1/stage_9_prefetch_6" value_param="(9, 6)" file="/opt/pytorch/nvfuser/tests/cpp/test_circular_buffering.cpp" line="421" status="run" result="completed" time="0.05" timestamp="2025-05-20T08:04:50.539" classname="NonTma/CircularBufferingTest" />
    <testcase name="SingleDimUnswitch2/stage_2_prefetch_neg2" value_param="(2, -2)" file="/opt/pytorch/nvfuser/tests/cpp/test_circular_buffering.cpp" line="474" status="run" result="completed" time="0.082" timestamp="2025-05-20T08:04:50.589" classname="NonTma/CircularBufferingTest" />
    <testcase name="SingleDimUnswitch2/stage_2_prefetch_1" value_param="(2, 1)" file="/opt/pytorch/nvfuser/tests/cpp/test_circular_buffering.cpp" line="474" status="run" result="completed" time="0.084" timestamp="2025-05-20T08:04:50.672" classname="NonTma/CircularBufferingTest" />
    <testcase name="SingleDimUnswitch2/stage_5_prefetch_neg3" value_param="(5, -3)" file="/opt/pytorch/nvfuser/tests/cpp/test_circular_buffering.cpp" line="474" status="run" result="completed" time="0.08" timestamp="2025-05-20T08:04:50.757" classname="NonTma/CircularBufferingTest" />
    <testcase name="SingleDimUnswitch2/stage_5_prefetch_0" value_param="(5, 0)" file="/opt/pytorch/nvfuser/tests/cpp/test_circular_buffering.cpp" line="474" status="run" result="completed" time="0.065" timestamp="2025-05-20T08:04:50.837" classname="NonTma/CircularBufferingTest" />
    <testcase name="SingleDimUnswitch2/stage_5_prefetch_3" value_param="(5, 3)" file="/opt/pytorch/nvfuser/tests/cpp/test_circular_buffering.cpp" line="474" status="run" result="completed" time="0.087" timestamp="2025-05-20T08:04:50.902" classname="NonTma/CircularBufferingTest" />
    <testcase name="SingleDimUnswitch2/stage_9_prefetch_neg8" value_param="(9, -8)" file="/opt/pytorch/nvfuser/tests/cpp/test_circular_buffering.cpp" line="474" status="run" result="completed" time="0.07" timestamp="2025-05-20T08:04:50.990" classname="NonTma/CircularBufferingTest" />
    <testcase name="SingleDimUnswitch2/stage_9_prefetch_neg5" value_param="(9, -5)" file="/opt/pytorch/nvfuser/tests/cpp/test_circular_buffering.cpp" line="474" status="run" result="completed" time="0.079" timestamp="2025-05-20T08:04:51.060" classname="NonTma/CircularBufferingTest" />
    <testcase name="SingleDimUnswitch2/stage_9_prefetch_neg2" value_param="(9, -2)" file="/opt/pytorch/nvfuser/tests/cpp/test_circular_buffering.cpp" line="474" status="run" result="completed" time="0.082" timestamp="2025-05-20T08:04:51.140" classname="NonTma/CircularBufferingTest" />
    <testcase name="SingleDimUnswitch2/stage_9_prefetch_1" value_param="(9, 1)" file="/opt/pytorch/nvfuser/tests/cpp/test_circular_buffering.cpp" line="474" status="run" result="completed" time="0.043" timestamp="2025-05-20T08:04:51.223" classname="NonTma/CircularBufferingTest" />
    <testcase name="SingleDimUnswitch2/stage_9_prefetch_4" value_param="(9, 4)" file="/opt/pytorch/nvfuser/tests/cpp/test_circular_buffering.cpp" line="474" status="run" result="completed" time="0.044" timestamp="2025-05-20T08:04:51.266" classname="NonTma/CircularBufferingTest" />
    <testcase name="SingleDimUnswitch2/stage_9_prefetch_7" value_param="(9, 7)" file="/opt/pytorch/nvfuser/tests/cpp/test_circular_buffering.cpp" line="474" status="run" result="completed" time="0.044" timestamp="2025-05-20T08:04:51.310" classname="NonTma/CircularBufferingTest" />
    <testcase name="SingleDimUnroll/stage_2_prefetch_neg1" value_param="(2, -1)" file="/opt/pytorch/nvfuser/tests/cpp/test_circular_buffering.cpp" line="526" status="run" result="completed" time="0.215" timestamp="2025-05-20T08:04:51.354" classname="NonTma/CircularBufferingTest" />
    <testcase name="SingleDimUnroll/stage_5_prefetch_neg5" value_param="(5, -5)" file="/opt/pytorch/nvfuser/tests/cpp/test_circular_buffering.cpp" line="526" status="run" result="completed" time="0.189" timestamp="2025-05-20T08:04:51.570" classname="NonTma/CircularBufferingTest" />
    <testcase name="SingleDimUnroll/stage_5_prefetch_neg2" value_param="(5, -2)" file="/opt/pytorch/nvfuser/tests/cpp/test_circular_buffering.cpp" line="526" status="run" result="completed" time="0.214" timestamp="2025-05-20T08:04:51.759" classname="NonTma/CircularBufferingTest" />
    <testcase name="SingleDimUnroll/stage_5_prefetch_1" value_param="(5, 1)" file="/opt/pytorch/nvfuser/tests/cpp/test_circular_buffering.cpp" line="526" status="run" result="completed" time="0.198" timestamp="2025-05-20T08:04:51.974" classname="NonTma/CircularBufferingTest" />
    <testcase name="SingleDimUnroll/stage_5_prefetch_4" value_param="(5, 4)" file="/opt/pytorch/nvfuser/tests/cpp/test_circular_buffering.cpp" line="526" status="run" result="completed" time="0.217" timestamp="2025-05-20T08:04:52.173" classname="NonTma/CircularBufferingTest" />
    <testcase name="SingleDimUnroll/stage_9_prefetch_neg7" value_param="(9, -7)" file="/opt/pytorch/nvfuser/tests/cpp/test_circular_buffering.cpp" line="526" status="run" result="completed" time="0.204" timestamp="2025-05-20T08:04:52.390" classname="NonTma/CircularBufferingTest" />
    <testcase name="SingleDimUnroll/stage_9_prefetch_neg4" value_param="(9, -4)" file="/opt/pytorch/nvfuser/tests/cpp/test_circular_buffering.cpp" line="526" status="run" result="completed" time="0.222" timestamp="2025-05-20T08:04:52.595" classname="NonTma/CircularBufferingTest" />
    <testcase name="SingleDimUnroll/stage_9_prefetch_neg1" value_param="(9, -1)" file="/opt/pytorch/nvfuser/tests/cpp/test_circular_buffering.cpp" line="526" status="run" result="completed" time="0.233" timestamp="2025-05-20T08:04:52.818" classname="NonTma/CircularBufferingTest" />
    <testcase name="SingleDimUnroll/stage_9_prefetch_2" value_param="(9, 2)" file="/opt/pytorch/nvfuser/tests/cpp/test_circular_buffering.cpp" line="526" status="run" result="completed" time="0.206" timestamp="2025-05-20T08:04:53.052" classname="NonTma/CircularBufferingTest" />
    <testcase name="SingleDimUnroll/stage_9_prefetch_5" value_param="(9, 5)" file="/opt/pytorch/nvfuser/tests/cpp/test_circular_buffering.cpp" line="526" status="run" result="completed" time="0.272" timestamp="2025-05-20T08:04:53.258" classname="NonTma/CircularBufferingTest" />
    <testcase name="SingleDimUnroll/stage_9_prefetch_8" value_param="(9, 8)" file="/opt/pytorch/nvfuser/tests/cpp/test_circular_buffering.cpp" line="526" status="run" result="completed" time="0.24" timestamp="2025-05-20T08:04:53.530" classname="NonTma/CircularBufferingTest" />
    <testcase name="SingleDimVectorize/stage_2_prefetch_0" value_param="(2, 0)" file="/opt/pytorch/nvfuser/tests/cpp/test_circular_buffering.cpp" line="580" status="run" result="completed" time="0.078" timestamp="2025-05-20T08:04:53.770" classname="NonTma/CircularBufferingTest" />
    <testcase name="SingleDimVectorize/stage_5_prefetch_neg4" value_param="(5, -4)" file="/opt/pytorch/nvfuser/tests/cpp/test_circular_buffering.cpp" line="580" status="run" result="completed" time="0.06" timestamp="2025-05-20T08:04:53.849" classname="NonTma/CircularBufferingTest" />
    <testcase name="SingleDimVectorize/stage_5_prefetch_neg1" value_param="(5, -1)" file="/opt/pytorch/nvfuser/tests/cpp/test_circular_buffering.cpp" line="580" status="run" result="completed" time="0.083" timestamp="2025-05-20T08:04:53.910" classname="NonTma/CircularBufferingTest" />
    <testcase name="SingleDimVectorize/stage_5_prefetch_2" value_param="(5, 2)" file="/opt/pytorch/nvfuser/tests/cpp/test_circular_buffering.cpp" line="580" status="run" result="completed" time="0.07" timestamp="2025-05-20T08:04:53.993" classname="NonTma/CircularBufferingTest" />
    <testcase name="SingleDimVectorize/stage_9_prefetch_neg9" value_param="(9, -9)" file="/opt/pytorch/nvfuser/tests/cpp/test_circular_buffering.cpp" line="580" status="run" result="completed" time="0.066" timestamp="2025-05-20T08:04:54.064" classname="NonTma/CircularBufferingTest" />
    <testcase name="SingleDimVectorize/stage_9_prefetch_neg6" value_param="(9, -6)" file="/opt/pytorch/nvfuser/tests/cpp/test_circular_buffering.cpp" line="580" status="run" result="completed" time="0.081" timestamp="2025-05-20T08:04:54.131" classname="NonTma/CircularBufferingTest" />
    <testcase name="SingleDimVectorize/stage_9_prefetch_neg3" value_param="(9, -3)" file="/opt/pytorch/nvfuser/tests/cpp/test_circular_buffering.cpp" line="580" status="run" result="completed" time="0.096" timestamp="2025-05-20T08:04:54.213" classname="NonTma/CircularBufferingTest" />
    <testcase name="SingleDimVectorize/stage_9_prefetch_0" value_param="(9, 0)" file="/opt/pytorch/nvfuser/tests/cpp/test_circular_buffering.cpp" line="580" status="run" result="completed" time="0.037" timestamp="2025-05-20T08:04:54.309" classname="NonTma/CircularBufferingTest" />
    <testcase name="SingleDimVectorize/stage_9_prefetch_3" value_param="(9, 3)" file="/opt/pytorch/nvfuser/tests/cpp/test_circular_buffering.cpp" line="580" status="run" result="completed" time="0.037" timestamp="2025-05-20T08:04:54.347" classname="NonTma/CircularBufferingTest" />
    <testcase name="SingleDimVectorize/stage_9_prefetch_6" value_param="(9, 6)" file="/opt/pytorch/nvfuser/tests/cpp/test_circular_buffering.cpp" line="580" status="run" result="completed" time="0.037" timestamp="2025-05-20T08:04:54.384" classname="NonTma/CircularBufferingTest" />
    <testcase name="MultipleTensors/stage_2_prefetch_neg2" value_param="(2, -2)" file="/opt/pytorch/nvfuser/tests/cpp/test_circular_buffering.cpp" line="627" status="run" result="completed" time="0.067" timestamp="2025-05-20T08:04:54.422" classname="NonTma/CircularBufferingTest" />
    <testcase name="MultipleTensors/stage_2_prefetch_1" value_param="(2, 1)" file="/opt/pytorch/nvfuser/tests/cpp/test_circular_buffering.cpp" line="627" status="run" result="completed" time="0.077" timestamp="2025-05-20T08:04:54.490" classname="NonTma/CircularBufferingTest" />
    <testcase name="MultipleTensors/stage_5_prefetch_neg3" value_param="(5, -3)" file="/opt/pytorch/nvfuser/tests/cpp/test_circular_buffering.cpp" line="627" status="run" result="completed" time="0.104" timestamp="2025-05-20T08:04:54.567" classname="NonTma/CircularBufferingTest" />
    <testcase name="MultipleTensors/stage_5_prefetch_0" value_param="(5, 0)" file="/opt/pytorch/nvfuser/tests/cpp/test_circular_buffering.cpp" line="627" status="run" result="completed" time="0.071" timestamp="2025-05-20T08:04:54.672" classname="NonTma/CircularBufferingTest" />
    <testcase name="MultipleTensors/stage_5_prefetch_3" value_param="(5, 3)" file="/opt/pytorch/nvfuser/tests/cpp/test_circular_buffering.cpp" line="627" status="run" result="completed" time="0.135" timestamp="2025-05-20T08:04:54.744" classname="NonTma/CircularBufferingTest" />
    <testcase name="MultipleTensors/stage_9_prefetch_neg8" value_param="(9, -8)" file="/opt/pytorch/nvfuser/tests/cpp/test_circular_buffering.cpp" line="627" status="run" result="completed" time="0.078" timestamp="2025-05-20T08:04:54.879" classname="NonTma/CircularBufferingTest" />
    <testcase name="MultipleTensors/stage_9_prefetch_neg5" value_param="(9, -5)" file="/opt/pytorch/nvfuser/tests/cpp/test_circular_buffering.cpp" line="627" status="run" result="completed" time="0.137" timestamp="2025-05-20T08:04:54.958" classname="NonTma/CircularBufferingTest" />
    <testcase name="MultipleTensors/stage_9_prefetch_neg2" value_param="(9, -2)" file="/opt/pytorch/nvfuser/tests/cpp/test_circular_buffering.cpp" line="627" status="run" result="completed" time="0.189" timestamp="2025-05-20T08:04:55.096" classname="NonTma/CircularBufferingTest" />
    <testcase name="MultipleTensors/stage_9_prefetch_1" value_param="(9, 1)" file="/opt/pytorch/nvfuser/tests/cpp/test_circular_buffering.cpp" line="627" status="run" result="completed" time="0.078" timestamp="2025-05-20T08:04:55.285" classname="NonTma/CircularBufferingTest" />
    <testcase name="MultipleTensors/stage_9_prefetch_4" value_param="(9, 4)" file="/opt/pytorch/nvfuser/tests/cpp/test_circular_buffering.cpp" line="627" status="run" result="completed" time="0.138" timestamp="2025-05-20T08:04:55.364" classname="NonTma/CircularBufferingTest" />
    <testcase name="MultipleTensors/stage_9_prefetch_7" value_param="(9, 7)" file="/opt/pytorch/nvfuser/tests/cpp/test_circular_buffering.cpp" line="627" status="run" result="completed" time="0.046" timestamp="2025-05-20T08:04:55.502" classname="NonTma/CircularBufferingTest" />
    <testcase name="NestedTensors/stage_2_prefetch_neg1" value_param="(2, -1)" file="/opt/pytorch/nvfuser/tests/cpp/test_circular_buffering.cpp" line="678" status="run" result="completed" time="0.089" timestamp="2025-05-20T08:04:55.549" classname="NonTma/CircularBufferingTest" />
    <testcase name="NestedTensors/stage_5_prefetch_neg5" value_param="(5, -5)" file="/opt/pytorch/nvfuser/tests/cpp/test_circular_buffering.cpp" line="678" status="run" result="completed" time="0.062" timestamp="2025-05-20T08:04:55.639" classname="NonTma/CircularBufferingTest" />
    <testcase name="NestedTensors/stage_5_prefetch_neg2" value_param="(5, -2)" file="/opt/pytorch/nvfuser/tests/cpp/test_circular_buffering.cpp" line="678" status="run" result="completed" time="0.11" timestamp="2025-05-20T08:04:55.701" classname="NonTma/CircularBufferingTest" />
    <testcase name="NestedTensors/stage_5_prefetch_1" value_param="(5, 1)" file="/opt/pytorch/nvfuser/tests/cpp/test_circular_buffering.cpp" line="678" status="run" result="completed" time="0.073" timestamp="2025-05-20T08:04:55.811" classname="NonTma/CircularBufferingTest" />
    <testcase name="NestedTensors/stage_5_prefetch_4" value_param="(5, 4)" file="/opt/pytorch/nvfuser/tests/cpp/test_circular_buffering.cpp" line="678" status="run" result="completed" time="0.116" timestamp="2025-05-20T08:04:55.885" classname="NonTma/CircularBufferingTest" />
    <testcase name="NestedTensors/stage_9_prefetch_neg7" value_param="(9, -7)" file="/opt/pytorch/nvfuser/tests/cpp/test_circular_buffering.cpp" line="678" status="run" result="completed" time="0.093" timestamp="2025-05-20T08:04:56.001" classname="NonTma/CircularBufferingTest" />
    <testcase name="NestedTensors/stage_9_prefetch_neg4" value_param="(9, -4)" file="/opt/pytorch/nvfuser/tests/cpp/test_circular_buffering.cpp" line="678" status="run" result="completed" time="0.138" timestamp="2025-05-20T08:04:56.094" classname="NonTma/CircularBufferingTest" />
    <testcase name="NestedTensors/stage_9_prefetch_neg1" value_param="(9, -1)" file="/opt/pytorch/nvfuser/tests/cpp/test_circular_buffering.cpp" line="678" status="run" result="completed" time="0.18" timestamp="2025-05-20T08:04:56.233" classname="NonTma/CircularBufferingTest" />
    <testcase name="NestedTensors/stage_9_prefetch_2" value_param="(9, 2)" file="/opt/pytorch/nvfuser/tests/cpp/test_circular_buffering.cpp" line="678" status="run" result="completed" time="0.044" timestamp="2025-05-20T08:04:56.414" classname="NonTma/CircularBufferingTest" />
    <testcase name="NestedTensors/stage_9_prefetch_5" value_param="(9, 5)" file="/opt/pytorch/nvfuser/tests/cpp/test_circular_buffering.cpp" line="678" status="run" result="completed" time="0.045" timestamp="2025-05-20T08:04:56.458" classname="NonTma/CircularBufferingTest" />
    <testcase name="NestedTensors/stage_9_prefetch_8" value_param="(9, 8)" file="/opt/pytorch/nvfuser/tests/cpp/test_circular_buffering.cpp" line="678" status="run" result="completed" time="0.045" timestamp="2025-05-20T08:04:56.504" classname="NonTma/CircularBufferingTest" />
    <testcase name="SmemBlockGemmCache/stage_2_prefetch_0" value_param="(2, 0)" file="/opt/pytorch/nvfuser/tests/cpp/test_circular_buffering.cpp" line="731" status="run" result="completed" time="1.073" timestamp="2025-05-20T08:04:56.549" classname="NonTma/CircularBufferingTest" />
    <testcase name="SmemBlockGemmCache/stage_5_prefetch_neg4" value_param="(5, -4)" file="/opt/pytorch/nvfuser/tests/cpp/test_circular_buffering.cpp" line="731" status="run" result="completed" time="1.232" timestamp="2025-05-20T08:04:57.623" classname="NonTma/CircularBufferingTest" />
    <testcase name="SmemBlockGemmCache/stage_5_prefetch_neg1" value_param="(5, -1)" file="/opt/pytorch/nvfuser/tests/cpp/test_circular_buffering.cpp" line="731" status="run" result="completed" time="3.549" timestamp="2025-05-20T08:04:58.855" classname="NonTma/CircularBufferingTest" />
    <testcase name="SmemBlockGemmCache/stage_5_prefetch_2" value_param="(5, 2)" file="/opt/pytorch/nvfuser/tests/cpp/test_circular_buffering.cpp" line="731" status="run" result="completed" time="5.233" timestamp="2025-05-20T08:05:02.404" classname="NonTma/CircularBufferingTest" />
    <testcase name="SmemBlockGemmCache/stage_9_prefetch_neg9" value_param="(9, -9)" file="/opt/pytorch/nvfuser/tests/cpp/test_circular_buffering.cpp" line="731" status="run" result="completed" time="0.871" timestamp="2025-05-20T08:05:07.638" classname="NonTma/CircularBufferingTest" />
    <testcase name="SmemBlockGemmCache/stage_9_prefetch_neg6" value_param="(9, -6)" file="/opt/pytorch/nvfuser/tests/cpp/test_circular_buffering.cpp" line="731" status="run" result="completed" time="6.829" timestamp="2025-05-20T08:05:08.509" classname="NonTma/CircularBufferingTest" />
    <testcase name="SmemBlockGemmCache/stage_9_prefetch_neg3" value_param="(9, -3)" file="/opt/pytorch/nvfuser/tests/cpp/test_circular_buffering.cpp" line="731" status="run" result="completed" time="6.433" timestamp="2025-05-20T08:05:15.339" classname="NonTma/CircularBufferingTest" />
    <testcase name="SmemBlockGemmCache/stage_9_prefetch_0" value_param="(9, 0)" file="/opt/pytorch/nvfuser/tests/cpp/test_circular_buffering.cpp" line="731" status="run" result="completed" time="0.868" timestamp="2025-05-20T08:05:21.773" classname="NonTma/CircularBufferingTest" />
    <testcase name="SmemBlockGemmCache/stage_9_prefetch_3" value_param="(9, 3)" file="/opt/pytorch/nvfuser/tests/cpp/test_circular_buffering.cpp" line="731" status="run" result="completed" time="6.85" timestamp="2025-05-20T08:05:22.641" classname="NonTma/CircularBufferingTest" />
    <testcase name="SmemBlockGemmCache/stage_9_prefetch_6" value_param="(9, 6)" file="/opt/pytorch/nvfuser/tests/cpp/test_circular_buffering.cpp" line="731" status="run" result="completed" time="6.469" timestamp="2025-05-20T08:05:29.491" classname="NonTma/CircularBufferingTest" />
    <testcase name="Vector/stage_2_prefetch_neg2" value_param="(2, -2)" file="/opt/pytorch/nvfuser/tests/cpp/test_circular_buffering.cpp" line="827" status="run" result="completed" time="0.103" timestamp="2025-05-20T08:05:35.961" classname="NonTma/CircularBufferingTest" />
    <testcase name="Vector/stage_2_prefetch_1" value_param="(2, 1)" file="/opt/pytorch/nvfuser/tests/cpp/test_circular_buffering.cpp" line="827" status="run" result="completed" time="0.097" timestamp="2025-05-20T08:05:36.064" classname="NonTma/CircularBufferingTest" />
    <testcase name="Vector/stage_5_prefetch_neg3" value_param="(5, -3)" file="/opt/pytorch/nvfuser/tests/cpp/test_circular_buffering.cpp" line="827" status="run" result="completed" time="0.105" timestamp="2025-05-20T08:05:36.162" classname="NonTma/CircularBufferingTest" />
    <testcase name="Vector/stage_5_prefetch_0" value_param="(5, 0)" file="/opt/pytorch/nvfuser/tests/cpp/test_circular_buffering.cpp" line="827" status="run" result="completed" time="0.096" timestamp="2025-05-20T08:05:36.267" classname="NonTma/CircularBufferingTest" />
    <testcase name="Vector/stage_5_prefetch_3" value_param="(5, 3)" file="/opt/pytorch/nvfuser/tests/cpp/test_circular_buffering.cpp" line="827" status="run" result="completed" time="0.109" timestamp="2025-05-20T08:05:36.364" classname="NonTma/CircularBufferingTest" />
    <testcase name="Vector/stage_9_prefetch_neg8" value_param="(9, -8)" file="/opt/pytorch/nvfuser/tests/cpp/test_circular_buffering.cpp" line="827" status="run" result="completed" time="0.08" timestamp="2025-05-20T08:05:36.473" classname="NonTma/CircularBufferingTest" />
    <testcase name="Vector/stage_9_prefetch_neg5" value_param="(9, -5)" file="/opt/pytorch/nvfuser/tests/cpp/test_circular_buffering.cpp" line="827" status="run" result="completed" time="0.085" timestamp="2025-05-20T08:05:36.553" classname="NonTma/CircularBufferingTest" />
    <testcase name="Vector/stage_9_prefetch_neg2" value_param="(9, -2)" file="/opt/pytorch/nvfuser/tests/cpp/test_circular_buffering.cpp" line="827" status="run" result="completed" time="0.083" timestamp="2025-05-20T08:05:36.638" classname="NonTma/CircularBufferingTest" />
    <testcase name="Vector/stage_9_prefetch_1" value_param="(9, 1)" file="/opt/pytorch/nvfuser/tests/cpp/test_circular_buffering.cpp" line="827" status="run" result="completed" time="0.038" timestamp="2025-05-20T08:05:36.722" classname="NonTma/CircularBufferingTest" />
    <testcase name="Vector/stage_9_prefetch_4" value_param="(9, 4)" file="/opt/pytorch/nvfuser/tests/cpp/test_circular_buffering.cpp" line="827" status="run" result="completed" time="0.038" timestamp="2025-05-20T08:05:36.760" classname="NonTma/CircularBufferingTest" />
    <testcase name="Vector/stage_9_prefetch_7" value_param="(9, 7)" file="/opt/pytorch/nvfuser/tests/cpp/test_circular_buffering.cpp" line="827" status="run" result="completed" time="0.037" timestamp="2025-05-20T08:05:36.798" classname="NonTma/CircularBufferingTest" />
    <testcase name="CpAsync1/stage_2_prefetch_neg1" value_param="(2, -1)" file="/opt/pytorch/nvfuser/tests/cpp/test_circular_buffering.cpp" line="877" status="run" result="completed" time="0.075" timestamp="2025-05-20T08:05:36.836" classname="NonTma/CircularBufferingTest" />
    <testcase name="CpAsync1/stage_5_prefetch_neg5" value_param="(5, -5)" file="/opt/pytorch/nvfuser/tests/cpp/test_circular_buffering.cpp" line="877" status="run" result="completed" time="0.078" timestamp="2025-05-20T08:05:36.911" classname="NonTma/CircularBufferingTest" />
    <testcase name="CpAsync1/stage_5_prefetch_neg2" value_param="(5, -2)" file="/opt/pytorch/nvfuser/tests/cpp/test_circular_buffering.cpp" line="877" status="run" result="completed" time="0.089" timestamp="2025-05-20T08:05:36.990" classname="NonTma/CircularBufferingTest" />
    <testcase name="CpAsync1/stage_5_prefetch_1" value_param="(5, 1)" file="/opt/pytorch/nvfuser/tests/cpp/test_circular_buffering.cpp" line="877" status="run" result="completed" time="0.076" timestamp="2025-05-20T08:05:37.079" classname="NonTma/CircularBufferingTest" />
    <testcase name="CpAsync1/stage_5_prefetch_4" value_param="(5, 4)" file="/opt/pytorch/nvfuser/tests/cpp/test_circular_buffering.cpp" line="877" status="run" result="completed" time="0.094" timestamp="2025-05-20T08:05:37.155" classname="NonTma/CircularBufferingTest" />
    <testcase name="CpAsync1/stage_9_prefetch_neg7" value_param="(9, -7)" file="/opt/pytorch/nvfuser/tests/cpp/test_circular_buffering.cpp" line="877" status="run" result="completed" time="0.083" timestamp="2025-05-20T08:05:37.250" classname="NonTma/CircularBufferingTest" />
    <testcase name="CpAsync1/stage_9_prefetch_neg4" value_param="(9, -4)" file="/opt/pytorch/nvfuser/tests/cpp/test_circular_buffering.cpp" line="877" status="run" result="completed" time="0.097" timestamp="2025-05-20T08:05:37.333" classname="NonTma/CircularBufferingTest" />
    <testcase name="CpAsync1/stage_9_prefetch_neg1" value_param="(9, -1)" file="/opt/pytorch/nvfuser/tests/cpp/test_circular_buffering.cpp" line="877" status="run" result="completed" time="0.112" timestamp="2025-05-20T08:05:37.431" classname="NonTma/CircularBufferingTest" />
    <testcase name="CpAsync1/stage_9_prefetch_2" value_param="(9, 2)" file="/opt/pytorch/nvfuser/tests/cpp/test_circular_buffering.cpp" line="877" status="run" result="completed" time="0.053" timestamp="2025-05-20T08:05:37.543" classname="NonTma/CircularBufferingTest" />
    <testcase name="CpAsync1/stage_9_prefetch_5" value_param="(9, 5)" file="/opt/pytorch/nvfuser/tests/cpp/test_circular_buffering.cpp" line="877" status="run" result="completed" time="0.053" timestamp="2025-05-20T08:05:37.597" classname="NonTma/CircularBufferingTest" />
    <testcase name="CpAsync1/stage_9_prefetch_8" value_param="(9, 8)" file="/opt/pytorch/nvfuser/tests/cpp/test_circular_buffering.cpp" line="877" status="run" result="completed" time="0.053" timestamp="2025-05-20T08:05:37.651" classname="NonTma/CircularBufferingTest" />
    <testcase name="CpAsync2/stage_2_prefetch_0" value_param="(2, 0)" file="/opt/pytorch/nvfuser/tests/cpp/test_circular_buffering.cpp" line="931" status="run" result="completed" time="0.077" timestamp="2025-05-20T08:05:37.705" classname="NonTma/CircularBufferingTest" />
    <testcase name="CpAsync2/stage_5_prefetch_neg4" value_param="(5, -4)" file="/opt/pytorch/nvfuser/tests/cpp/test_circular_buffering.cpp" line="931" status="run" result="completed" time="0.089" timestamp="2025-05-20T08:05:37.782" classname="NonTma/CircularBufferingTest" />
    <testcase name="CpAsync2/stage_5_prefetch_neg1" value_param="(5, -1)" file="/opt/pytorch/nvfuser/tests/cpp/test_circular_buffering.cpp" line="931" status="run" result="completed" time="0.121" timestamp="2025-05-20T08:05:37.871" classname="NonTma/CircularBufferingTest" />
    <testcase name="CpAsync2/stage_5_prefetch_2" value_param="(5, 2)" file="/opt/pytorch/nvfuser/tests/cpp/test_circular_buffering.cpp" line="931" status="run" result="completed" time="0.096" timestamp="2025-05-20T08:05:37.993" classname="NonTma/CircularBufferingTest" />
    <testcase name="CpAsync2/stage_9_prefetch_neg9" value_param="(9, -9)" file="/opt/pytorch/nvfuser/tests/cpp/test_circular_buffering.cpp" line="931" status="run" result="completed" time="0.078" timestamp="2025-05-20T08:05:38.090" classname="NonTma/CircularBufferingTest" />
    <testcase name="CpAsync2/stage_9_prefetch_neg6" value_param="(9, -6)" file="/opt/pytorch/nvfuser/tests/cpp/test_circular_buffering.cpp" line="931" status="run" result="completed" time="0.106" timestamp="2025-05-20T08:05:38.168" classname="NonTma/CircularBufferingTest" />
    <testcase name="CpAsync2/stage_9_prefetch_neg3" value_param="(9, -3)" file="/opt/pytorch/nvfuser/tests/cpp/test_circular_buffering.cpp" line="931" status="run" result="completed" time="0.135" timestamp="2025-05-20T08:05:38.275" classname="NonTma/CircularBufferingTest" />
    <testcase name="CpAsync2/stage_9_prefetch_0" value_param="(9, 0)" file="/opt/pytorch/nvfuser/tests/cpp/test_circular_buffering.cpp" line="931" status="run" result="completed" time="0.053" timestamp="2025-05-20T08:05:38.410" classname="NonTma/CircularBufferingTest" />
    <testcase name="CpAsync2/stage_9_prefetch_3" value_param="(9, 3)" file="/opt/pytorch/nvfuser/tests/cpp/test_circular_buffering.cpp" line="931" status="run" result="completed" time="0.055" timestamp="2025-05-20T08:05:38.463" classname="NonTma/CircularBufferingTest" />
    <testcase name="CpAsync2/stage_9_prefetch_6" value_param="(9, 6)" file="/opt/pytorch/nvfuser/tests/cpp/test_circular_buffering.cpp" line="931" status="run" result="completed" time="0.056" timestamp="2025-05-20T08:05:38.519" classname="NonTma/CircularBufferingTest" />
    <testcase name="NoSync/stage_2_prefetch_neg2" value_param="(2, -2)" file="/opt/pytorch/nvfuser/tests/cpp/test_circular_buffering.cpp" line="985" status="run" result="completed" time="0.081" timestamp="2025-05-20T08:05:38.575" classname="NonTma/CircularBufferingTest" />
    <testcase name="NoSync/stage_2_prefetch_1" value_param="(2, 1)" file="/opt/pytorch/nvfuser/tests/cpp/test_circular_buffering.cpp" line="985" status="run" result="completed" time="0.09" timestamp="2025-05-20T08:05:38.657" classname="NonTma/CircularBufferingTest" />
    <testcase name="NoSync/stage_5_prefetch_neg3" value_param="(5, -3)" file="/opt/pytorch/nvfuser/tests/cpp/test_circular_buffering.cpp" line="985" status="run" result="completed" time="0.107" timestamp="2025-05-20T08:05:38.748" classname="NonTma/CircularBufferingTest" />
    <testcase name="NoSync/stage_5_prefetch_0" value_param="(5, 0)" file="/opt/pytorch/nvfuser/tests/cpp/test_circular_buffering.cpp" line="985" status="run" result="completed" time="0.082" timestamp="2025-05-20T08:05:38.856" classname="NonTma/CircularBufferingTest" />
    <testcase name="NoSync/stage_5_prefetch_3" value_param="(5, 3)" file="/opt/pytorch/nvfuser/tests/cpp/test_circular_buffering.cpp" line="985" status="run" result="completed" time="0.12" timestamp="2025-05-20T08:05:38.939" classname="NonTma/CircularBufferingTest" />
    <testcase name="NoSync/stage_9_prefetch_neg8" value_param="(9, -8)" file="/opt/pytorch/nvfuser/tests/cpp/test_circular_buffering.cpp" line="985" status="run" result="completed" time="0.091" timestamp="2025-05-20T08:05:39.060" classname="NonTma/CircularBufferingTest" />
    <testcase name="NoSync/stage_9_prefetch_neg5" value_param="(9, -5)" file="/opt/pytorch/nvfuser/tests/cpp/test_circular_buffering.cpp" line="985" status="run" result="completed" time="0.132" timestamp="2025-05-20T08:05:39.151" classname="NonTma/CircularBufferingTest" />
    <testcase name="NoSync/stage_9_prefetch_neg2" value_param="(9, -2)" file="/opt/pytorch/nvfuser/tests/cpp/test_circular_buffering.cpp" line="985" status="run" result="completed" time="0.17" timestamp="2025-05-20T08:05:39.283" classname="NonTma/CircularBufferingTest" />
    <testcase name="NoSync/stage_9_prefetch_1" value_param="(9, 1)" file="/opt/pytorch/nvfuser/tests/cpp/test_circular_buffering.cpp" line="985" status="run" result="completed" time="0.061" timestamp="2025-05-20T08:05:39.454" classname="NonTma/CircularBufferingTest" />
    <testcase name="NoSync/stage_9_prefetch_4" value_param="(9, 4)" file="/opt/pytorch/nvfuser/tests/cpp/test_circular_buffering.cpp" line="985" status="run" result="completed" time="0.062" timestamp="2025-05-20T08:05:39.516" classname="NonTma/CircularBufferingTest" />
    <testcase name="NoSync/stage_9_prefetch_7" value_param="(9, 7)" file="/opt/pytorch/nvfuser/tests/cpp/test_circular_buffering.cpp" line="985" status="run" result="completed" time="0.062" timestamp="2025-05-20T08:05:39.578" classname="NonTma/CircularBufferingTest" />
  </testsuite>
  <testsuite name="Hopper/TmaCircularBufferingTest" tests="528" failures="0" disabled="0" skipped="169" errors="0" time="48.542" timestamp="2025-05-20T08:05:39.641">
    <testcase name="SingleDim/stage_2_prefetch_neg2_M_128_N_1024_PipelinedMBarrierForWAR_CpAsyncBulkTensorTile" value_param="(2, -2, 128, 1024, (&apos;nvfuser::Pipelined(index = 0)&apos; with value PipelinedMBarrierForWAR), CpAsyncBulkTensorTile)" file="/opt/pytorch/nvfuser/tests/cpp/test_circular_buffering.cpp" line="1281" status="run" result="completed" time="0.088" timestamp="2025-05-20T08:05:39.641" classname="Hopper/TmaCircularBufferingTest" />
    <testcase name="SingleDim/stage_2_prefetch_neg2_M_500_N_1024_PipelinedMBarrierForWAR_CpAsyncBulk" value_param="(2, -2, 500, 1024, (&apos;nvfuser::Pipelined(index = 0)&apos; with value PipelinedMBarrierForWAR), CpAsyncBulk)" file="/opt/pytorch/nvfuser/tests/cpp/test_circular_buffering.cpp" line="1281" status="run" result="completed" time="0.087" timestamp="2025-05-20T08:05:39.729" classname="Hopper/TmaCircularBufferingTest" />
    <testcase name="SingleDim/stage_2_prefetch_neg2_M_500_N_2048_WarpSpecializedOnTIDyRegisterSharing_64_168StageSlicePosition_None_CpAsyncBulkTensorTile" value_param="(2, -2, 500, 2048, (&apos;nvfuser::WarpSpecialized(index = 1)&apos; with value WarpSpecializedOnTIDyRegisterSharing_64_168StageSlicePosition_None), CpAsyncBulkTensorTile)" file="/opt/pytorch/nvfuser/tests/cpp/test_circular_buffering.cpp" line="1281" status="run" result="completed" time="0.003" timestamp="2025-05-20T08:05:39.817" classname="Hopper/TmaCircularBufferingTest" />
    <testcase name="SingleDim/stage_2_prefetch_neg2_M_1024_N_2048_WarpSpecializedOnTIDyRegisterSharing_64_168StageSlicePosition_None_CpAsyncBulk" value_param="(2, -2, 1024, 2048, (&apos;nvfuser::WarpSpecialized(index = 1)&apos; with value WarpSpecializedOnTIDyRegisterSharing_64_168StageSlicePosition_None), CpAsyncBulk)" file="/opt/pytorch/nvfuser/tests/cpp/test_circular_buffering.cpp" line="1281" status="run" result="completed" time="0.003" timestamp="2025-05-20T08:05:39.820" classname="Hopper/TmaCircularBufferingTest" />
    <testcase name="SingleDim/stage_2_prefetch_neg1_M_128_N_1024_WarpSpecializedOnTIDyRegisterSharing_NoneStageSlicePosition_None_CpAsyncBulkTensorTile" value_param="(2, -1, 128, 1024, (&apos;nvfuser::WarpSpecialized(index = 1)&apos; with value WarpSpecializedOnTIDyRegisterSharing_NoneStageSlicePosition_None), CpAsyncBulkTensorTile)" file="/opt/pytorch/nvfuser/tests/cpp/test_circular_buffering.cpp" line="1281" status="run" result="completed" time="0.002" timestamp="2025-05-20T08:05:39.823" classname="Hopper/TmaCircularBufferingTest" />
    <testcase name="SingleDim/stage_2_prefetch_neg1_M_500_N_1024_WarpSpecializedOnTIDyRegisterSharing_NoneStageSlicePosition_None_CpAsyncBulk" value_param="(2, -1, 500, 1024, (&apos;nvfuser::WarpSpecialized(index = 1)&apos; with value WarpSpecializedOnTIDyRegisterSharing_NoneStageSlicePosition_None), CpAsyncBulk)" file="/opt/pytorch/nvfuser/tests/cpp/test_circular_buffering.cpp" line="1281" status="run" result="completed" time="0.003" timestamp="2025-05-20T08:05:39.826" classname="Hopper/TmaCircularBufferingTest" />
    <testcase name="SingleDim/stage_2_prefetch_neg1_M_500_N_2048_WarpSpecializedOnTIDyRegisterSharing_64_168StageSlicePosition_None_CpAsyncBulkTensorTile" value_param="(2, -1, 500, 2048, (&apos;nvfuser::WarpSpecialized(index = 1)&apos; with value WarpSpecializedOnTIDyRegisterSharing_64_168StageSlicePosition_None), CpAsyncBulkTensorTile)" file="/opt/pytorch/nvfuser/tests/cpp/test_circular_buffering.cpp" line="1281" status="run" result="completed" time="0.003" timestamp="2025-05-20T08:05:39.829" classname="Hopper/TmaCircularBufferingTest" />
    <testcase name="SingleDim/stage_2_prefetch_neg1_M_1024_N_2048_WarpSpecializedOnTIDyRegisterSharing_64_168StageSlicePosition_None_CpAsyncBulk" value_param="(2, -1, 1024, 2048, (&apos;nvfuser::WarpSpecialized(index = 1)&apos; with value WarpSpecializedOnTIDyRegisterSharing_64_168StageSlicePosition_None), CpAsyncBulk)" file="/opt/pytorch/nvfuser/tests/cpp/test_circular_buffering.cpp" line="1281" status="run" result="completed" time="0.003" timestamp="2025-05-20T08:05:39.832" classname="Hopper/TmaCircularBufferingTest" />
    <testcase name="SingleDim/stage_2_prefetch_0_M_128_N_1024_WarpSpecializedOnTIDyRegisterSharing_NoneStageSlicePosition_None_CpAsyncBulkTensorTile" value_param="(2, 0, 128, 1024, (&apos;nvfuser::WarpSpecialized(index = 1)&apos; with value WarpSpecializedOnTIDyRegisterSharing_NoneStageSlicePosition_None), CpAsyncBulkTensorTile)" file="/opt/pytorch/nvfuser/tests/cpp/test_circular_buffering.cpp" line="1281" status="run" result="completed" time="0.002" timestamp="2025-05-20T08:05:39.835" classname="Hopper/TmaCircularBufferingTest" />
    <testcase name="SingleDim/stage_2_prefetch_0_M_500_N_1024_Pipelined_CpAsyncBulk" value_param="(2, 0, 500, 1024, (&apos;nvfuser::Pipelined(index = 0)&apos; with value Pipelined), CpAsyncBulk)" file="/opt/pytorch/nvfuser/tests/cpp/test_circular_buffering.cpp" line="1281" status="run" result="completed" time="0.079" timestamp="2025-05-20T08:05:39.838" classname="Hopper/TmaCircularBufferingTest" />
    <testcase name="SingleDim/stage_2_prefetch_0_M_500_N_2048_WarpSpecializedOnTIDyRegisterSharing_NoneStageSlicePosition_None_CpAsyncBulkTensorTile" value_param="(2, 0, 500, 2048, (&apos;nvfuser::WarpSpecialized(index = 1)&apos; with value WarpSpecializedOnTIDyRegisterSharing_NoneStageSlicePosition_None), CpAsyncBulkTensorTile)" file="/opt/pytorch/nvfuser/tests/cpp/test_circular_buffering.cpp" line="1281" status="run" result="completed" time="0.003" timestamp="2025-05-20T08:05:39.917" classname="Hopper/TmaCircularBufferingTest" />
    <testcase name="SingleDim/stage_2_prefetch_0_M_1024_N_2048_Pipelined_CpAsyncBulk" value_param="(2, 0, 1024, 2048, (&apos;nvfuser::Pipelined(index = 0)&apos; with value Pipelined), CpAsyncBulk)" file="/opt/pytorch/nvfuser/tests/cpp/test_circular_buffering.cpp" line="1281" status="run" result="completed" time="0.049" timestamp="2025-05-20T08:05:39.920" classname="Hopper/TmaCircularBufferingTest" />
    <testcase name="SingleDim/stage_2_prefetch_1_M_128_N_1024_WarpSpecializedOnTIDxRegisterSharing_64_168StageSlicePosition_None_CpAsyncBulkTensorTile" value_param="(2, 1, 128, 1024, (&apos;nvfuser::WarpSpecialized(index = 1)&apos; with value WarpSpecializedOnTIDxRegisterSharing_64_168StageSlicePosition_None), CpAsyncBulkTensorTile)" file="/opt/pytorch/nvfuser/tests/cpp/test_circular_buffering.cpp" line="1281" status="run" result="completed" time="0.084" timestamp="2025-05-20T08:05:39.970" classname="Hopper/TmaCircularBufferingTest" />
    <testcase name="SingleDim/stage_2_prefetch_1_M_500_N_1024_WarpSpecializedOnTIDyRegisterSharing_64_168StageSlicePosition_None_CpAsyncBulk" value_param="(2, 1, 500, 1024, (&apos;nvfuser::WarpSpecialized(index = 1)&apos; with value WarpSpecializedOnTIDyRegisterSharing_64_168StageSlicePosition_None), CpAsyncBulk)" file="/opt/pytorch/nvfuser/tests/cpp/test_circular_buffering.cpp" line="1281" status="run" result="completed" time="0.003" timestamp="2025-05-20T08:05:40.055" classname="Hopper/TmaCircularBufferingTest" />
    <testcase name="SingleDim/stage_2_prefetch_1_M_500_N_2048_WarpSpecializedOnTIDyRegisterSharing_64_168StageSlicePosition_None_CpAsyncBulkTensorTile" value_param="(2, 1, 500, 2048, (&apos;nvfuser::WarpSpecialized(index = 1)&apos; with value WarpSpecializedOnTIDyRegisterSharing_64_168StageSlicePosition_None), CpAsyncBulkTensorTile)" file="/opt/pytorch/nvfuser/tests/cpp/test_circular_buffering.cpp" line="1281" status="run" result="completed" time="0.003" timestamp="2025-05-20T08:05:40.058" classname="Hopper/TmaCircularBufferingTest" />
    <testcase name="SingleDim/stage_2_prefetch_1_M_1024_N_2048_WarpSpecializedOnTIDyRegisterSharing_64_168StageSlicePosition_None_CpAsyncBulk" value_param="(2, 1, 1024, 2048, (&apos;nvfuser::WarpSpecialized(index = 1)&apos; with value WarpSpecializedOnTIDyRegisterSharing_64_168StageSlicePosition_None), CpAsyncBulk)" file="/opt/pytorch/nvfuser/tests/cpp/test_circular_buffering.cpp" line="1281" status="run" result="completed" time="0.003" timestamp="2025-05-20T08:05:40.061" classname="Hopper/TmaCircularBufferingTest" />
    <testcase name="SingleDim/stage_4_prefetch_neg4_M_128_N_1024_PipelinedMBarrierForWAR_CpAsyncBulkTensorTile" value_param="(4, -4, 128, 1024, (&apos;nvfuser::Pipelined(index = 0)&apos; with value PipelinedMBarrierForWAR), CpAsyncBulkTensorTile)" file="/opt/pytorch/nvfuser/tests/cpp/test_circular_buffering.cpp" line="1281" status="run" result="completed" time="0.093" timestamp="2025-05-20T08:05:40.064" classname="Hopper/TmaCircularBufferingTest" />
    <testcase name="SingleDim/stage_4_prefetch_neg4_M_500_N_1024_WarpSpecializedOnTIDxRegisterSharing_64_168StageSlicePosition_None_CpAsyncBulk" value_param="(4, -4, 500, 1024, (&apos;nvfuser::WarpSpecialized(index = 1)&apos; with value WarpSpecializedOnTIDxRegisterSharing_64_168StageSlicePosition_None), CpAsyncBulk)" file="/opt/pytorch/nvfuser/tests/cpp/test_circular_buffering.cpp" line="1281" status="run" result="completed" time="0.108" timestamp="2025-05-20T08:05:40.158" classname="Hopper/TmaCircularBufferingTest" />
    <testcase name="SingleDim/stage_4_prefetch_neg4_M_500_N_2048_WarpSpecializedOnTIDxRegisterSharing_NoneStageSlicePosition_None_CpAsyncBulkTensorTile" value_param="(4, -4, 500, 2048, (&apos;nvfuser::WarpSpecialized(index = 1)&apos; with value WarpSpecializedOnTIDxRegisterSharing_NoneStageSlicePosition_None), CpAsyncBulkTensorTile)" file="/opt/pytorch/nvfuser/tests/cpp/test_circular_buffering.cpp" line="1281" status="run" result="completed" time="0.106" timestamp="2025-05-20T08:05:40.266" classname="Hopper/TmaCircularBufferingTest" />
    <testcase name="SingleDim/stage_4_prefetch_neg4_M_1024_N_2048_WarpSpecializedOnTIDyRegisterSharing_64_168StageSlicePosition_None_CpAsyncBulk" value_param="(4, -4, 1024, 2048, (&apos;nvfuser::WarpSpecialized(index = 1)&apos; with value WarpSpecializedOnTIDyRegisterSharing_64_168StageSlicePosition_None), CpAsyncBulk)" file="/opt/pytorch/nvfuser/tests/cpp/test_circular_buffering.cpp" line="1281" status="run" result="completed" time="0.003" timestamp="2025-05-20T08:05:40.372" classname="Hopper/TmaCircularBufferingTest" />
    <testcase name="SingleDim/stage_4_prefetch_neg3_M_128_N_1024_WarpSpecializedOnTIDxRegisterSharing_NoneStageSlicePosition_None_CpAsyncBulkTensorTile" value_param="(4, -3, 128, 1024, (&apos;nvfuser::WarpSpecialized(index = 1)&apos; with value WarpSpecializedOnTIDxRegisterSharing_NoneStageSlicePosition_None), CpAsyncBulkTensorTile)" file="/opt/pytorch/nvfuser/tests/cpp/test_circular_buffering.cpp" line="1281" status="run" result="completed" time="0.087" timestamp="2025-05-20T08:05:40.376" classname="Hopper/TmaCircularBufferingTest" />
    <testcase name="SingleDim/stage_4_prefetch_neg3_M_500_N_1024_WarpSpecializedOnTIDyRegisterSharing_NoneStageSlicePosition_None_CpAsyncBulk" value_param="(4, -3, 500, 1024, (&apos;nvfuser::WarpSpecialized(index = 1)&apos; with value WarpSpecializedOnTIDyRegisterSharing_NoneStageSlicePosition_None), CpAsyncBulk)" file="/opt/pytorch/nvfuser/tests/cpp/test_circular_buffering.cpp" line="1281" status="run" result="completed" time="0.003" timestamp="2025-05-20T08:05:40.463" classname="Hopper/TmaCircularBufferingTest" />
    <testcase name="SingleDim/stage_4_prefetch_neg3_M_500_N_2048_WarpSpecializedOnTIDxRegisterSharing_64_168StageSlicePosition_None_CpAsyncBulkTensorTile" value_param="(4, -3, 500, 2048, (&apos;nvfuser::WarpSpecialized(index = 1)&apos; with value WarpSpecializedOnTIDxRegisterSharing_64_168StageSlicePosition_None), CpAsyncBulkTensorTile)" file="/opt/pytorch/nvfuser/tests/cpp/test_circular_buffering.cpp" line="1281" status="run" result="completed" time="0.089" timestamp="2025-05-20T08:05:40.467" classname="Hopper/TmaCircularBufferingTest" />
    <testcase name="SingleDim/stage_4_prefetch_neg3_M_1024_N_2048_WarpSpecializedOnTIDxRegisterSharing_NoneStageSlicePosition_None_CpAsyncBulk" value_param="(4, -3, 1024, 2048, (&apos;nvfuser::WarpSpecialized(index = 1)&apos; with value WarpSpecializedOnTIDxRegisterSharing_NoneStageSlicePosition_None), CpAsyncBulk)" file="/opt/pytorch/nvfuser/tests/cpp/test_circular_buffering.cpp" line="1281" status="run" result="completed" time="0.088" timestamp="2025-05-20T08:05:40.556" classname="Hopper/TmaCircularBufferingTest" />
    <testcase name="SingleDim/stage_4_prefetch_neg2_M_128_N_1024_Pipelined_CpAsyncBulkTensorTile" value_param="(4, -2, 128, 1024, (&apos;nvfuser::Pipelined(index = 0)&apos; with value Pipelined), CpAsyncBulkTensorTile)" file="/opt/pytorch/nvfuser/tests/cpp/test_circular_buffering.cpp" line="1281" status="run" result="completed" time="0.094" timestamp="2025-05-20T08:05:40.644" classname="Hopper/TmaCircularBufferingTest" />
    <testcase name="SingleDim/stage_4_prefetch_neg2_M_500_N_1024_Pipelined_CpAsyncBulk" value_param="(4, -2, 500, 1024, (&apos;nvfuser::Pipelined(index = 0)&apos; with value Pipelined), CpAsyncBulk)" file="/opt/pytorch/nvfuser/tests/cpp/test_circular_buffering.cpp" line="1281" status="run" result="completed" time="0.093" timestamp="2025-05-20T08:05:40.738" classname="Hopper/TmaCircularBufferingTest" />
    <testcase name="SingleDim/stage_4_prefetch_neg2_M_500_N_2048_WarpSpecializedOnTIDyRegisterSharing_NoneStageSlicePosition_None_CpAsyncBulkTensorTile" value_param="(4, -2, 500, 2048, (&apos;nvfuser::WarpSpecialized(index = 1)&apos; with value WarpSpecializedOnTIDyRegisterSharing_NoneStageSlicePosition_None), CpAsyncBulkTensorTile)" file="/opt/pytorch/nvfuser/tests/cpp/test_circular_buffering.cpp" line="1281" status="run" result="completed" time="0.003" timestamp="2025-05-20T08:05:40.832" classname="Hopper/TmaCircularBufferingTest" />
    <testcase name="SingleDim/stage_4_prefetch_neg2_M_1024_N_2048_Pipelined_CpAsyncBulk" value_param="(4, -2, 1024, 2048, (&apos;nvfuser::Pipelined(index = 0)&apos; with value Pipelined), CpAsyncBulk)" file="/opt/pytorch/nvfuser/tests/cpp/test_circular_buffering.cpp" line="1281" status="run" result="completed" time="0.052" timestamp="2025-05-20T08:05:40.835" classname="Hopper/TmaCircularBufferingTest" />
    <testcase name="SingleDim/stage_4_prefetch_neg1_M_128_N_1024_Pipelined_CpAsyncBulkTensorTile" value_param="(4, -1, 128, 1024, (&apos;nvfuser::Pipelined(index = 0)&apos; with value Pipelined), CpAsyncBulkTensorTile)" file="/opt/pytorch/nvfuser/tests/cpp/test_circular_buffering.cpp" line="1281" status="run" result="completed" time="0.103" timestamp="2025-05-20T08:05:40.888" classname="Hopper/TmaCircularBufferingTest" />
    <testcase name="SingleDim/stage_4_prefetch_neg1_M_500_N_1024_WarpSpecializedOnTIDyRegisterSharing_NoneStageSlicePosition_None_CpAsyncBulk" value_param="(4, -1, 500, 1024, (&apos;nvfuser::WarpSpecialized(index = 1)&apos; with value WarpSpecializedOnTIDyRegisterSharing_NoneStageSlicePosition_None), CpAsyncBulk)" file="/opt/pytorch/nvfuser/tests/cpp/test_circular_buffering.cpp" line="1281" status="run" result="completed" time="0.003" timestamp="2025-05-20T08:05:40.992" classname="Hopper/TmaCircularBufferingTest" />
    <testcase name="SingleDim/stage_4_prefetch_neg1_M_500_N_2048_WarpSpecializedOnTIDyRegisterSharing_64_168StageSlicePosition_None_CpAsyncBulkTensorTile" value_param="(4, -1, 500, 2048, (&apos;nvfuser::WarpSpecialized(index = 1)&apos; with value WarpSpecializedOnTIDyRegisterSharing_64_168StageSlicePosition_None), CpAsyncBulkTensorTile)" file="/opt/pytorch/nvfuser/tests/cpp/test_circular_buffering.cpp" line="1281" status="run" result="completed" time="0.002" timestamp="2025-05-20T08:05:40.995" classname="Hopper/TmaCircularBufferingTest" />
    <testcase name="SingleDim/stage_4_prefetch_neg1_M_1024_N_2048_WarpSpecializedOnTIDxRegisterSharing_64_168StageSlicePosition_None_CpAsyncBulk" value_param="(4, -1, 1024, 2048, (&apos;nvfuser::WarpSpecialized(index = 1)&apos; with value WarpSpecializedOnTIDxRegisterSharing_64_168StageSlicePosition_None), CpAsyncBulk)" file="/opt/pytorch/nvfuser/tests/cpp/test_circular_buffering.cpp" line="1281" status="run" result="completed" time="0.11" timestamp="2025-05-20T08:05:40.998" classname="Hopper/TmaCircularBufferingTest" />
    <testcase name="SingleDim/stage_4_prefetch_0_M_128_N_1024_PipelinedMBarrierForWAR_CpAsyncBulkTensorTile" value_param="(4, 0, 128, 1024, (&apos;nvfuser::Pipelined(index = 0)&apos; with value PipelinedMBarrierForWAR), CpAsyncBulkTensorTile)" file="/opt/pytorch/nvfuser/tests/cpp/test_circular_buffering.cpp" line="1281" status="run" result="completed" time="0.093" timestamp="2025-05-20T08:05:41.109" classname="Hopper/TmaCircularBufferingTest" />
    <testcase name="SingleDim/stage_4_prefetch_0_M_500_N_1024_WarpSpecializedOnTIDyRegisterSharing_64_168StageSlicePosition_None_CpAsyncBulk" value_param="(4, 0, 500, 1024, (&apos;nvfuser::WarpSpecialized(index = 1)&apos; with value WarpSpecializedOnTIDyRegisterSharing_64_168StageSlicePosition_None), CpAsyncBulk)" file="/opt/pytorch/nvfuser/tests/cpp/test_circular_buffering.cpp" line="1281" status="run" result="completed" time="0.003" timestamp="2025-05-20T08:05:41.202" classname="Hopper/TmaCircularBufferingTest" />
    <testcase name="SingleDim/stage_4_prefetch_0_M_500_N_2048_WarpSpecializedOnTIDyRegisterSharing_NoneStageSlicePosition_None_CpAsyncBulkTensorTile" value_param="(4, 0, 500, 2048, (&apos;nvfuser::WarpSpecialized(index = 1)&apos; with value WarpSpecializedOnTIDyRegisterSharing_NoneStageSlicePosition_None), CpAsyncBulkTensorTile)" file="/opt/pytorch/nvfuser/tests/cpp/test_circular_buffering.cpp" line="1281" status="run" result="completed" time="0.003" timestamp="2025-05-20T08:05:41.205" classname="Hopper/TmaCircularBufferingTest" />
    <testcase name="SingleDim/stage_4_prefetch_0_M_1024_N_2048_WarpSpecializedOnTIDxRegisterSharing_64_168StageSlicePosition_None_CpAsyncBulk" value_param="(4, 0, 1024, 2048, (&apos;nvfuser::WarpSpecialized(index = 1)&apos; with value WarpSpecializedOnTIDxRegisterSharing_64_168StageSlicePosition_None), CpAsyncBulk)" file="/opt/pytorch/nvfuser/tests/cpp/test_circular_buffering.cpp" line="1281" status="run" result="completed" time="0.108" timestamp="2025-05-20T08:05:41.208" classname="Hopper/TmaCircularBufferingTest" />
    <testcase name="SingleDim/stage_4_prefetch_1_M_128_N_1024_WarpSpecializedOnTIDxRegisterSharing_64_168StageSlicePosition_None_CpAsyncBulkTensorTile" value_param="(4, 1, 128, 1024, (&apos;nvfuser::WarpSpecialized(index = 1)&apos; with value WarpSpecializedOnTIDxRegisterSharing_64_168StageSlicePosition_None), CpAsyncBulkTensorTile)" file="/opt/pytorch/nvfuser/tests/cpp/test_circular_buffering.cpp" line="1281" status="run" result="completed" time="0.088" timestamp="2025-05-20T08:05:41.317" classname="Hopper/TmaCircularBufferingTest" />
    <testcase name="SingleDim/stage_4_prefetch_1_M_500_N_1024_PipelinedMBarrierForWAR_CpAsyncBulk" value_param="(4, 1, 500, 1024, (&apos;nvfuser::Pipelined(index = 0)&apos; with value PipelinedMBarrierForWAR), CpAsyncBulk)" file="/opt/pytorch/nvfuser/tests/cpp/test_circular_buffering.cpp" line="1281" status="run" result="completed" time="0.092" timestamp="2025-05-20T08:05:41.405" classname="Hopper/TmaCircularBufferingTest" />
    <testcase name="SingleDim/stage_4_prefetch_1_M_500_N_2048_WarpSpecializedOnTIDyRegisterSharing_NoneStageSlicePosition_None_CpAsyncBulkTensorTile" value_param="(4, 1, 500, 2048, (&apos;nvfuser::WarpSpecialized(index = 1)&apos; with value WarpSpecializedOnTIDyRegisterSharing_NoneStageSlicePosition_None), CpAsyncBulkTensorTile)" file="/opt/pytorch/nvfuser/tests/cpp/test_circular_buffering.cpp" line="1281" status="run" result="completed" time="0.003" timestamp="2025-05-20T08:05:41.498" classname="Hopper/TmaCircularBufferingTest" />
    <testcase name="SingleDim/stage_4_prefetch_1_M_1024_N_2048_WarpSpecializedOnTIDyRegisterSharing_64_168StageSlicePosition_None_CpAsyncBulk" value_param="(4, 1, 1024, 2048, (&apos;nvfuser::WarpSpecialized(index = 1)&apos; with value WarpSpecializedOnTIDyRegisterSharing_64_168StageSlicePosition_None), CpAsyncBulk)" file="/opt/pytorch/nvfuser/tests/cpp/test_circular_buffering.cpp" line="1281" status="run" result="completed" time="0.002" timestamp="2025-05-20T08:05:41.501" classname="Hopper/TmaCircularBufferingTest" />
    <testcase name="SingleDim/stage_4_prefetch_2_M_128_N_1024_WarpSpecializedOnTIDxRegisterSharing_64_168StageSlicePosition_None_CpAsyncBulkTensorTile" value_param="(4, 2, 128, 1024, (&apos;nvfuser::WarpSpecialized(index = 1)&apos; with value WarpSpecializedOnTIDxRegisterSharing_64_168StageSlicePosition_None), CpAsyncBulkTensorTile)" file="/opt/pytorch/nvfuser/tests/cpp/test_circular_buffering.cpp" line="1281" status="run" result="completed" time="0.101" timestamp="2025-05-20T08:05:41.504" classname="Hopper/TmaCircularBufferingTest" />
    <testcase name="SingleDim/stage_4_prefetch_2_M_500_N_1024_WarpSpecializedOnTIDyRegisterSharing_64_168StageSlicePosition_None_CpAsyncBulk" value_param="(4, 2, 500, 1024, (&apos;nvfuser::WarpSpecialized(index = 1)&apos; with value WarpSpecializedOnTIDyRegisterSharing_64_168StageSlicePosition_None), CpAsyncBulk)" file="/opt/pytorch/nvfuser/tests/cpp/test_circular_buffering.cpp" line="1281" status="run" result="completed" time="0.003" timestamp="2025-05-20T08:05:41.606" classname="Hopper/TmaCircularBufferingTest" />
    <testcase name="SingleDim/stage_4_prefetch_2_M_500_N_2048_WarpSpecializedOnTIDyRegisterSharing_64_168StageSlicePosition_None_CpAsyncBulkTensorTile" value_param="(4, 2, 500, 2048, (&apos;nvfuser::WarpSpecialized(index = 1)&apos; with value WarpSpecializedOnTIDyRegisterSharing_64_168StageSlicePosition_None), CpAsyncBulkTensorTile)" file="/opt/pytorch/nvfuser/tests/cpp/test_circular_buffering.cpp" line="1281" status="run" result="completed" time="0.003" timestamp="2025-05-20T08:05:41.609" classname="Hopper/TmaCircularBufferingTest" />
    <testcase name="SingleDim/stage_4_prefetch_2_M_1024_N_2048_Pipelined_CpAsyncBulk" value_param="(4, 2, 1024, 2048, (&apos;nvfuser::Pipelined(index = 0)&apos; with value Pipelined), CpAsyncBulk)" file="/opt/pytorch/nvfuser/tests/cpp/test_circular_buffering.cpp" line="1281" status="run" result="completed" time="0.094" timestamp="2025-05-20T08:05:41.612" classname="Hopper/TmaCircularBufferingTest" />
    <testcase name="SingleDim/stage_4_prefetch_3_M_128_N_1024_PipelinedMBarrierForWAR_CpAsyncBulkTensorTile" value_param="(4, 3, 128, 1024, (&apos;nvfuser::Pipelined(index = 0)&apos; with value PipelinedMBarrierForWAR), CpAsyncBulkTensorTile)" file="/opt/pytorch/nvfuser/tests/cpp/test_circular_buffering.cpp" line="1281" status="run" result="completed" time="0.116" timestamp="2025-05-20T08:05:41.706" classname="Hopper/TmaCircularBufferingTest" />
    <testcase name="SingleDim/stage_4_prefetch_3_M_500_N_1024_WarpSpecializedOnTIDxRegisterSharing_64_168StageSlicePosition_None_CpAsyncBulk" value_param="(4, 3, 500, 1024, (&apos;nvfuser::WarpSpecialized(index = 1)&apos; with value WarpSpecializedOnTIDxRegisterSharing_64_168StageSlicePosition_None), CpAsyncBulk)" file="/opt/pytorch/nvfuser/tests/cpp/test_circular_buffering.cpp" line="1281" status="run" result="completed" time="0.052" timestamp="2025-05-20T08:05:41.823" classname="Hopper/TmaCircularBufferingTest" />
    <testcase name="SingleDim/stage_4_prefetch_3_M_500_N_2048_WarpSpecializedOnTIDxRegisterSharing_NoneStageSlicePosition_None_CpAsyncBulkTensorTile" value_param="(4, 3, 500, 2048, (&apos;nvfuser::WarpSpecialized(index = 1)&apos; with value WarpSpecializedOnTIDxRegisterSharing_NoneStageSlicePosition_None), CpAsyncBulkTensorTile)" file="/opt/pytorch/nvfuser/tests/cpp/test_circular_buffering.cpp" line="1281" status="run" result="completed" time="0.108" timestamp="2025-05-20T08:05:41.875" classname="Hopper/TmaCircularBufferingTest" />
    <testcase name="SingleDim/stage_4_prefetch_3_M_1024_N_2048_WarpSpecializedOnTIDyRegisterSharing_64_168StageSlicePosition_None_CpAsyncBulk" value_param="(4, 3, 1024, 2048, (&apos;nvfuser::WarpSpecialized(index = 1)&apos; with value WarpSpecializedOnTIDyRegisterSharing_64_168StageSlicePosition_None), CpAsyncBulk)" file="/opt/pytorch/nvfuser/tests/cpp/test_circular_buffering.cpp" line="1281" status="run" result="completed" time="0.003" timestamp="2025-05-20T08:05:41.984" classname="Hopper/TmaCircularBufferingTest" />
    <testcase name="SingleDimUnroll/stage_2_prefetch_neg2_M_128_N_1024_PipelinedMBarrierForWAR_CpAsyncBulkTensorTile" value_param="(2, -2, 128, 1024, (&apos;nvfuser::Pipelined(index = 0)&apos; with value PipelinedMBarrierForWAR), CpAsyncBulkTensorTile)" file="/opt/pytorch/nvfuser/tests/cpp/test_circular_buffering.cpp" line="1342" status="run" result="completed" time="0.078" timestamp="2025-05-20T08:05:41.987" classname="Hopper/TmaCircularBufferingTest" />
    <testcase name="SingleDimUnroll/stage_2_prefetch_neg2_M_500_N_1024_PipelinedMBarrierForWAR_CpAsyncBulk" value_param="(2, -2, 500, 1024, (&apos;nvfuser::Pipelined(index = 0)&apos; with value PipelinedMBarrierForWAR), CpAsyncBulk)" file="/opt/pytorch/nvfuser/tests/cpp/test_circular_buffering.cpp" line="1342" status="run" result="completed" time="0.078" timestamp="2025-05-20T08:05:42.065" classname="Hopper/TmaCircularBufferingTest" />
    <testcase name="SingleDimUnroll/stage_2_prefetch_neg2_M_500_N_2048_WarpSpecializedOnTIDyRegisterSharing_64_168StageSlicePosition_None_CpAsyncBulkTensorTile" value_param="(2, -2, 500, 2048, (&apos;nvfuser::WarpSpecialized(index = 1)&apos; with value WarpSpecializedOnTIDyRegisterSharing_64_168StageSlicePosition_None), CpAsyncBulkTensorTile)" file="/opt/pytorch/nvfuser/tests/cpp/test_circular_buffering.cpp" line="1342" status="run" result="completed" time="0.003" timestamp="2025-05-20T08:05:42.144" classname="Hopper/TmaCircularBufferingTest" />
    <testcase name="SingleDimUnroll/stage_2_prefetch_neg2_M_1024_N_2048_WarpSpecializedOnTIDyRegisterSharing_64_168StageSlicePosition_None_CpAsyncBulk" value_param="(2, -2, 1024, 2048, (&apos;nvfuser::WarpSpecialized(index = 1)&apos; with value WarpSpecializedOnTIDyRegisterSharing_64_168StageSlicePosition_None), CpAsyncBulk)" file="/opt/pytorch/nvfuser/tests/cpp/test_circular_buffering.cpp" line="1342" status="run" result="completed" time="0.003" timestamp="2025-05-20T08:05:42.147" classname="Hopper/TmaCircularBufferingTest" />
    <testcase name="SingleDimUnroll/stage_2_prefetch_neg1_M_128_N_1024_WarpSpecializedOnTIDyRegisterSharing_NoneStageSlicePosition_None_CpAsyncBulkTensorTile" value_param="(2, -1, 128, 1024, (&apos;nvfuser::WarpSpecialized(index = 1)&apos; with value WarpSpecializedOnTIDyRegisterSharing_NoneStageSlicePosition_None), CpAsyncBulkTensorTile)" file="/opt/pytorch/nvfuser/tests/cpp/test_circular_buffering.cpp" line="1342" status="run" result="completed" time="0.003" timestamp="2025-05-20T08:05:42.151" classname="Hopper/TmaCircularBufferingTest" />
    <testcase name="SingleDimUnroll/stage_2_prefetch_neg1_M_500_N_1024_WarpSpecializedOnTIDyRegisterSharing_NoneStageSlicePosition_None_CpAsyncBulk" value_param="(2, -1, 500, 1024, (&apos;nvfuser::WarpSpecialized(index = 1)&apos; with value WarpSpecializedOnTIDyRegisterSharing_NoneStageSlicePosition_None), CpAsyncBulk)" file="/opt/pytorch/nvfuser/tests/cpp/test_circular_buffering.cpp" line="1342" status="run" result="completed" time="0.003" timestamp="2025-05-20T08:05:42.154" classname="Hopper/TmaCircularBufferingTest" />
    <testcase name="SingleDimUnroll/stage_2_prefetch_neg1_M_500_N_2048_WarpSpecializedOnTIDyRegisterSharing_64_168StageSlicePosition_None_CpAsyncBulkTensorTile" value_param="(2, -1, 500, 2048, (&apos;nvfuser::WarpSpecialized(index = 1)&apos; with value WarpSpecializedOnTIDyRegisterSharing_64_168StageSlicePosition_None), CpAsyncBulkTensorTile)" file="/opt/pytorch/nvfuser/tests/cpp/test_circular_buffering.cpp" line="1342" status="run" result="completed" time="0.003" timestamp="2025-05-20T08:05:42.158" classname="Hopper/TmaCircularBufferingTest" />
    <testcase name="SingleDimUnroll/stage_2_prefetch_neg1_M_1024_N_2048_WarpSpecializedOnTIDyRegisterSharing_64_168StageSlicePosition_None_CpAsyncBulk" value_param="(2, -1, 1024, 2048, (&apos;nvfuser::WarpSpecialized(index = 1)&apos; with value WarpSpecializedOnTIDyRegisterSharing_64_168StageSlicePosition_None), CpAsyncBulk)" file="/opt/pytorch/nvfuser/tests/cpp/test_circular_buffering.cpp" line="1342" status="run" result="completed" time="0.003" timestamp="2025-05-20T08:05:42.161" classname="Hopper/TmaCircularBufferingTest" />
    <testcase name="SingleDimUnroll/stage_2_prefetch_0_M_128_N_1024_WarpSpecializedOnTIDyRegisterSharing_NoneStageSlicePosition_None_CpAsyncBulkTensorTile" value_param="(2, 0, 128, 1024, (&apos;nvfuser::WarpSpecialized(index = 1)&apos; with value WarpSpecializedOnTIDyRegisterSharing_NoneStageSlicePosition_None), CpAsyncBulkTensorTile)" file="/opt/pytorch/nvfuser/tests/cpp/test_circular_buffering.cpp" line="1342" status="run" result="completed" time="0.003" timestamp="2025-05-20T08:05:42.165" classname="Hopper/TmaCircularBufferingTest" />
    <testcase name="SingleDimUnroll/stage_2_prefetch_0_M_500_N_1024_Pipelined_CpAsyncBulk" value_param="(2, 0, 500, 1024, (&apos;nvfuser::Pipelined(index = 0)&apos; with value Pipelined), CpAsyncBulk)" file="/opt/pytorch/nvfuser/tests/cpp/test_circular_buffering.cpp" line="1342" status="run" result="completed" time="0.071" timestamp="2025-05-20T08:05:42.168" classname="Hopper/TmaCircularBufferingTest" />
    <testcase name="SingleDimUnroll/stage_2_prefetch_0_M_500_N_2048_WarpSpecializedOnTIDyRegisterSharing_NoneStageSlicePosition_None_CpAsyncBulkTensorTile" value_param="(2, 0, 500, 2048, (&apos;nvfuser::WarpSpecialized(index = 1)&apos; with value WarpSpecializedOnTIDyRegisterSharing_NoneStageSlicePosition_None), CpAsyncBulkTensorTile)" file="/opt/pytorch/nvfuser/tests/cpp/test_circular_buffering.cpp" line="1342" status="run" result="completed" time="0.003" timestamp="2025-05-20T08:05:42.240" classname="Hopper/TmaCircularBufferingTest" />
    <testcase name="SingleDimUnroll/stage_2_prefetch_0_M_1024_N_2048_Pipelined_CpAsyncBulk" value_param="(2, 0, 1024, 2048, (&apos;nvfuser::Pipelined(index = 0)&apos; with value Pipelined), CpAsyncBulk)" file="/opt/pytorch/nvfuser/tests/cpp/test_circular_buffering.cpp" line="1342" status="run" result="completed" time="0.053" timestamp="2025-05-20T08:05:42.243" classname="Hopper/TmaCircularBufferingTest" />
    <testcase name="SingleDimUnroll/stage_2_prefetch_1_M_128_N_1024_WarpSpecializedOnTIDxRegisterSharing_64_168StageSlicePosition_None_CpAsyncBulkTensorTile" value_param="(2, 1, 128, 1024, (&apos;nvfuser::WarpSpecialized(index = 1)&apos; with value WarpSpecializedOnTIDxRegisterSharing_64_168StageSlicePosition_None), CpAsyncBulkTensorTile)" file="/opt/pytorch/nvfuser/tests/cpp/test_circular_buffering.cpp" line="1342" status="run" result="completed" time="0.098" timestamp="2025-05-20T08:05:42.297" classname="Hopper/TmaCircularBufferingTest" />
    <testcase name="SingleDimUnroll/stage_2_prefetch_1_M_500_N_1024_WarpSpecializedOnTIDyRegisterSharing_64_168StageSlicePosition_None_CpAsyncBulk" value_param="(2, 1, 500, 1024, (&apos;nvfuser::WarpSpecialized(index = 1)&apos; with value WarpSpecializedOnTIDyRegisterSharing_64_168StageSlicePosition_None), CpAsyncBulk)" file="/opt/pytorch/nvfuser/tests/cpp/test_circular_buffering.cpp" line="1342" status="run" result="completed" time="0.003" timestamp="2025-05-20T08:05:42.395" classname="Hopper/TmaCircularBufferingTest" />
    <testcase name="SingleDimUnroll/stage_2_prefetch_1_M_500_N_2048_WarpSpecializedOnTIDyRegisterSharing_64_168StageSlicePosition_None_CpAsyncBulkTensorTile" value_param="(2, 1, 500, 2048, (&apos;nvfuser::WarpSpecialized(index = 1)&apos; with value WarpSpecializedOnTIDyRegisterSharing_64_168StageSlicePosition_None), CpAsyncBulkTensorTile)" file="/opt/pytorch/nvfuser/tests/cpp/test_circular_buffering.cpp" line="1342" status="run" result="completed" time="0.003" timestamp="2025-05-20T08:05:42.399" classname="Hopper/TmaCircularBufferingTest" />
    <testcase name="SingleDimUnroll/stage_2_prefetch_1_M_1024_N_2048_WarpSpecializedOnTIDyRegisterSharing_64_168StageSlicePosition_None_CpAsyncBulk" value_param="(2, 1, 1024, 2048, (&apos;nvfuser::WarpSpecialized(index = 1)&apos; with value WarpSpecializedOnTIDyRegisterSharing_64_168StageSlicePosition_None), CpAsyncBulk)" file="/opt/pytorch/nvfuser/tests/cpp/test_circular_buffering.cpp" line="1342" status="run" result="completed" time="0.003" timestamp="2025-05-20T08:05:42.402" classname="Hopper/TmaCircularBufferingTest" />
    <testcase name="SingleDimUnroll/stage_4_prefetch_neg4_M_128_N_1024_PipelinedMBarrierForWAR_CpAsyncBulkTensorTile" value_param="(4, -4, 128, 1024, (&apos;nvfuser::Pipelined(index = 0)&apos; with value PipelinedMBarrierForWAR), CpAsyncBulkTensorTile)" file="/opt/pytorch/nvfuser/tests/cpp/test_circular_buffering.cpp" line="1342" status="run" result="completed" time="0.083" timestamp="2025-05-20T08:05:42.406" classname="Hopper/TmaCircularBufferingTest" />
    <testcase name="SingleDimUnroll/stage_4_prefetch_neg4_M_500_N_1024_WarpSpecializedOnTIDxRegisterSharing_64_168StageSlicePosition_None_CpAsyncBulk" value_param="(4, -4, 500, 1024, (&apos;nvfuser::WarpSpecialized(index = 1)&apos; with value WarpSpecializedOnTIDxRegisterSharing_64_168StageSlicePosition_None), CpAsyncBulk)" file="/opt/pytorch/nvfuser/tests/cpp/test_circular_buffering.cpp" line="1342" status="run" result="completed" time="0.117" timestamp="2025-05-20T08:05:42.489" classname="Hopper/TmaCircularBufferingTest" />
    <testcase name="SingleDimUnroll/stage_4_prefetch_neg4_M_500_N_2048_WarpSpecializedOnTIDxRegisterSharing_NoneStageSlicePosition_None_CpAsyncBulkTensorTile" value_param="(4, -4, 500, 2048, (&apos;nvfuser::WarpSpecialized(index = 1)&apos; with value WarpSpecializedOnTIDxRegisterSharing_NoneStageSlicePosition_None), CpAsyncBulkTensorTile)" file="/opt/pytorch/nvfuser/tests/cpp/test_circular_buffering.cpp" line="1342" status="run" result="completed" time="0.115" timestamp="2025-05-20T08:05:42.606" classname="Hopper/TmaCircularBufferingTest" />
    <testcase name="SingleDimUnroll/stage_4_prefetch_neg4_M_1024_N_2048_WarpSpecializedOnTIDyRegisterSharing_64_168StageSlicePosition_None_CpAsyncBulk" value_param="(4, -4, 1024, 2048, (&apos;nvfuser::WarpSpecialized(index = 1)&apos; with value WarpSpecializedOnTIDyRegisterSharing_64_168StageSlicePosition_None), CpAsyncBulk)" file="/opt/pytorch/nvfuser/tests/cpp/test_circular_buffering.cpp" line="1342" status="run" result="completed" time="0.003" timestamp="2025-05-20T08:05:42.721" classname="Hopper/TmaCircularBufferingTest" />
    <testcase name="SingleDimUnroll/stage_4_prefetch_neg3_M_128_N_1024_WarpSpecializedOnTIDxRegisterSharing_NoneStageSlicePosition_None_CpAsyncBulkTensorTile" value_param="(4, -3, 128, 1024, (&apos;nvfuser::WarpSpecialized(index = 1)&apos; with value WarpSpecializedOnTIDxRegisterSharing_NoneStageSlicePosition_None), CpAsyncBulkTensorTile)" file="/opt/pytorch/nvfuser/tests/cpp/test_circular_buffering.cpp" line="1342" status="run" result="completed" time="0.102" timestamp="2025-05-20T08:05:42.725" classname="Hopper/TmaCircularBufferingTest" />
    <testcase name="SingleDimUnroll/stage_4_prefetch_neg3_M_500_N_1024_WarpSpecializedOnTIDyRegisterSharing_NoneStageSlicePosition_None_CpAsyncBulk" value_param="(4, -3, 500, 1024, (&apos;nvfuser::WarpSpecialized(index = 1)&apos; with value WarpSpecializedOnTIDyRegisterSharing_NoneStageSlicePosition_None), CpAsyncBulk)" file="/opt/pytorch/nvfuser/tests/cpp/test_circular_buffering.cpp" line="1342" status="run" result="completed" time="0.003" timestamp="2025-05-20T08:05:42.827" classname="Hopper/TmaCircularBufferingTest" />
    <testcase name="SingleDimUnroll/stage_4_prefetch_neg3_M_500_N_2048_WarpSpecializedOnTIDxRegisterSharing_64_168StageSlicePosition_None_CpAsyncBulkTensorTile" value_param="(4, -3, 500, 2048, (&apos;nvfuser::WarpSpecialized(index = 1)&apos; with value WarpSpecializedOnTIDxRegisterSharing_64_168StageSlicePosition_None), CpAsyncBulkTensorTile)" file="/opt/pytorch/nvfuser/tests/cpp/test_circular_buffering.cpp" line="1342" status="run" result="completed" time="0.103" timestamp="2025-05-20T08:05:42.831" classname="Hopper/TmaCircularBufferingTest" />
    <testcase name="SingleDimUnroll/stage_4_prefetch_neg3_M_1024_N_2048_WarpSpecializedOnTIDxRegisterSharing_NoneStageSlicePosition_None_CpAsyncBulk" value_param="(4, -3, 1024, 2048, (&apos;nvfuser::WarpSpecialized(index = 1)&apos; with value WarpSpecializedOnTIDxRegisterSharing_NoneStageSlicePosition_None), CpAsyncBulk)" file="/opt/pytorch/nvfuser/tests/cpp/test_circular_buffering.cpp" line="1342" status="run" result="completed" time="0.102" timestamp="2025-05-20T08:05:42.934" classname="Hopper/TmaCircularBufferingTest" />
    <testcase name="SingleDimUnroll/stage_4_prefetch_neg2_M_128_N_1024_Pipelined_CpAsyncBulkTensorTile" value_param="(4, -2, 128, 1024, (&apos;nvfuser::Pipelined(index = 0)&apos; with value Pipelined), CpAsyncBulkTensorTile)" file="/opt/pytorch/nvfuser/tests/cpp/test_circular_buffering.cpp" line="1342" status="run" result="completed" time="0.123" timestamp="2025-05-20T08:05:43.037" classname="Hopper/TmaCircularBufferingTest" />
    <testcase name="SingleDimUnroll/stage_4_prefetch_neg2_M_500_N_1024_Pipelined_CpAsyncBulk" value_param="(4, -2, 500, 1024, (&apos;nvfuser::Pipelined(index = 0)&apos; with value Pipelined), CpAsyncBulk)" file="/opt/pytorch/nvfuser/tests/cpp/test_circular_buffering.cpp" line="1342" status="run" result="completed" time="0.124" timestamp="2025-05-20T08:05:43.160" classname="Hopper/TmaCircularBufferingTest" />
    <testcase name="SingleDimUnroll/stage_4_prefetch_neg2_M_500_N_2048_WarpSpecializedOnTIDyRegisterSharing_NoneStageSlicePosition_None_CpAsyncBulkTensorTile" value_param="(4, -2, 500, 2048, (&apos;nvfuser::WarpSpecialized(index = 1)&apos; with value WarpSpecializedOnTIDyRegisterSharing_NoneStageSlicePosition_None), CpAsyncBulkTensorTile)" file="/opt/pytorch/nvfuser/tests/cpp/test_circular_buffering.cpp" line="1342" status="run" result="completed" time="0.003" timestamp="2025-05-20T08:05:43.285" classname="Hopper/TmaCircularBufferingTest" />
    <testcase name="SingleDimUnroll/stage_4_prefetch_neg2_M_1024_N_2048_Pipelined_CpAsyncBulk" value_param="(4, -2, 1024, 2048, (&apos;nvfuser::Pipelined(index = 0)&apos; with value Pipelined), CpAsyncBulk)" file="/opt/pytorch/nvfuser/tests/cpp/test_circular_buffering.cpp" line="1342" status="run" result="completed" time="0.046" timestamp="2025-05-20T08:05:43.288" classname="Hopper/TmaCircularBufferingTest" />
    <testcase name="SingleDimUnroll/stage_4_prefetch_neg1_M_128_N_1024_Pipelined_CpAsyncBulkTensorTile" value_param="(4, -1, 128, 1024, (&apos;nvfuser::Pipelined(index = 0)&apos; with value Pipelined), CpAsyncBulkTensorTile)" file="/opt/pytorch/nvfuser/tests/cpp/test_circular_buffering.cpp" line="1342" status="run" result="completed" time="0.148" timestamp="2025-05-20T08:05:43.335" classname="Hopper/TmaCircularBufferingTest" />
    <testcase name="SingleDimUnroll/stage_4_prefetch_neg1_M_500_N_1024_WarpSpecializedOnTIDyRegisterSharing_NoneStageSlicePosition_None_CpAsyncBulk" value_param="(4, -1, 500, 1024, (&apos;nvfuser::WarpSpecialized(index = 1)&apos; with value WarpSpecializedOnTIDyRegisterSharing_NoneStageSlicePosition_None), CpAsyncBulk)" file="/opt/pytorch/nvfuser/tests/cpp/test_circular_buffering.cpp" line="1342" status="run" result="completed" time="0.003" timestamp="2025-05-20T08:05:43.483" classname="Hopper/TmaCircularBufferingTest" />
    <testcase name="SingleDimUnroll/stage_4_prefetch_neg1_M_500_N_2048_WarpSpecializedOnTIDyRegisterSharing_64_168StageSlicePosition_None_CpAsyncBulkTensorTile" value_param="(4, -1, 500, 2048, (&apos;nvfuser::WarpSpecialized(index = 1)&apos; with value WarpSpecializedOnTIDyRegisterSharing_64_168StageSlicePosition_None), CpAsyncBulkTensorTile)" file="/opt/pytorch/nvfuser/tests/cpp/test_circular_buffering.cpp" line="1342" status="run" result="completed" time="0.003" timestamp="2025-05-20T08:05:43.486" classname="Hopper/TmaCircularBufferingTest" />
    <testcase name="SingleDimUnroll/stage_4_prefetch_neg1_M_1024_N_2048_WarpSpecializedOnTIDxRegisterSharing_64_168StageSlicePosition_None_CpAsyncBulk" value_param="(4, -1, 1024, 2048, (&apos;nvfuser::WarpSpecialized(index = 1)&apos; with value WarpSpecializedOnTIDxRegisterSharing_64_168StageSlicePosition_None), CpAsyncBulk)" file="/opt/pytorch/nvfuser/tests/cpp/test_circular_buffering.cpp" line="1342" status="run" result="completed" time="0.15" timestamp="2025-05-20T08:05:43.490" classname="Hopper/TmaCircularBufferingTest" />
    <testcase name="SingleDimUnroll/stage_4_prefetch_0_M_128_N_1024_PipelinedMBarrierForWAR_CpAsyncBulkTensorTile" value_param="(4, 0, 128, 1024, (&apos;nvfuser::Pipelined(index = 0)&apos; with value PipelinedMBarrierForWAR), CpAsyncBulkTensorTile)" file="/opt/pytorch/nvfuser/tests/cpp/test_circular_buffering.cpp" line="1342" status="run" result="completed" time="0.084" timestamp="2025-05-20T08:05:43.641" classname="Hopper/TmaCircularBufferingTest" />
    <testcase name="SingleDimUnroll/stage_4_prefetch_0_M_500_N_1024_WarpSpecializedOnTIDyRegisterSharing_64_168StageSlicePosition_None_CpAsyncBulk" value_param="(4, 0, 500, 1024, (&apos;nvfuser::WarpSpecialized(index = 1)&apos; with value WarpSpecializedOnTIDyRegisterSharing_64_168StageSlicePosition_None), CpAsyncBulk)" file="/opt/pytorch/nvfuser/tests/cpp/test_circular_buffering.cpp" line="1342" status="run" result="completed" time="0.003" timestamp="2025-05-20T08:05:43.725" classname="Hopper/TmaCircularBufferingTest" />
    <testcase name="SingleDimUnroll/stage_4_prefetch_0_M_500_N_2048_WarpSpecializedOnTIDyRegisterSharing_NoneStageSlicePosition_None_CpAsyncBulkTensorTile" value_param="(4, 0, 500, 2048, (&apos;nvfuser::WarpSpecialized(index = 1)&apos; with value WarpSpecializedOnTIDyRegisterSharing_NoneStageSlicePosition_None), CpAsyncBulkTensorTile)" file="/opt/pytorch/nvfuser/tests/cpp/test_circular_buffering.cpp" line="1342" status="run" result="completed" time="0.003" timestamp="2025-05-20T08:05:43.728" classname="Hopper/TmaCircularBufferingTest" />
    <testcase name="SingleDimUnroll/stage_4_prefetch_0_M_1024_N_2048_WarpSpecializedOnTIDxRegisterSharing_64_168StageSlicePosition_None_CpAsyncBulk" value_param="(4, 0, 1024, 2048, (&apos;nvfuser::WarpSpecialized(index = 1)&apos; with value WarpSpecializedOnTIDxRegisterSharing_64_168StageSlicePosition_None), CpAsyncBulk)" file="/opt/pytorch/nvfuser/tests/cpp/test_circular_buffering.cpp" line="1342" status="run" result="completed" time="0.116" timestamp="2025-05-20T08:05:43.732" classname="Hopper/TmaCircularBufferingTest" />
    <testcase name="SingleDimUnroll/stage_4_prefetch_1_M_128_N_1024_WarpSpecializedOnTIDxRegisterSharing_64_168StageSlicePosition_None_CpAsyncBulkTensorTile" value_param="(4, 1, 128, 1024, (&apos;nvfuser::WarpSpecialized(index = 1)&apos; with value WarpSpecializedOnTIDxRegisterSharing_64_168StageSlicePosition_None), CpAsyncBulkTensorTile)" file="/opt/pytorch/nvfuser/tests/cpp/test_circular_buffering.cpp" line="1342" status="run" result="completed" time="0.103" timestamp="2025-05-20T08:05:43.849" classname="Hopper/TmaCircularBufferingTest" />
    <testcase name="SingleDimUnroll/stage_4_prefetch_1_M_500_N_1024_PipelinedMBarrierForWAR_CpAsyncBulk" value_param="(4, 1, 500, 1024, (&apos;nvfuser::Pipelined(index = 0)&apos; with value PipelinedMBarrierForWAR), CpAsyncBulk)" file="/opt/pytorch/nvfuser/tests/cpp/test_circular_buffering.cpp" line="1342" status="run" result="completed" time="0.107" timestamp="2025-05-20T08:05:43.952" classname="Hopper/TmaCircularBufferingTest" />
    <testcase name="SingleDimUnroll/stage_4_prefetch_1_M_500_N_2048_WarpSpecializedOnTIDyRegisterSharing_NoneStageSlicePosition_None_CpAsyncBulkTensorTile" value_param="(4, 1, 500, 2048, (&apos;nvfuser::WarpSpecialized(index = 1)&apos; with value WarpSpecializedOnTIDyRegisterSharing_NoneStageSlicePosition_None), CpAsyncBulkTensorTile)" file="/opt/pytorch/nvfuser/tests/cpp/test_circular_buffering.cpp" line="1342" status="run" result="completed" time="0.003" timestamp="2025-05-20T08:05:44.060" classname="Hopper/TmaCircularBufferingTest" />
    <testcase name="SingleDimUnroll/stage_4_prefetch_1_M_1024_N_2048_WarpSpecializedOnTIDyRegisterSharing_64_168StageSlicePosition_None_CpAsyncBulk" value_param="(4, 1, 1024, 2048, (&apos;nvfuser::WarpSpecialized(index = 1)&apos; with value WarpSpecializedOnTIDyRegisterSharing_64_168StageSlicePosition_None), CpAsyncBulk)" file="/opt/pytorch/nvfuser/tests/cpp/test_circular_buffering.cpp" line="1342" status="run" result="completed" time="0.003" timestamp="2025-05-20T08:05:44.063" classname="Hopper/TmaCircularBufferingTest" />
    <testcase name="SingleDimUnroll/stage_4_prefetch_2_M_128_N_1024_WarpSpecializedOnTIDxRegisterSharing_64_168StageSlicePosition_None_CpAsyncBulkTensorTile" value_param="(4, 2, 128, 1024, (&apos;nvfuser::WarpSpecialized(index = 1)&apos; with value WarpSpecializedOnTIDxRegisterSharing_64_168StageSlicePosition_None), CpAsyncBulkTensorTile)" file="/opt/pytorch/nvfuser/tests/cpp/test_circular_buffering.cpp" line="1342" status="run" result="completed" time="0.13" timestamp="2025-05-20T08:05:44.067" classname="Hopper/TmaCircularBufferingTest" />
    <testcase name="SingleDimUnroll/stage_4_prefetch_2_M_500_N_1024_WarpSpecializedOnTIDyRegisterSharing_64_168StageSlicePosition_None_CpAsyncBulk" value_param="(4, 2, 500, 1024, (&apos;nvfuser::WarpSpecialized(index = 1)&apos; with value WarpSpecializedOnTIDyRegisterSharing_64_168StageSlicePosition_None), CpAsyncBulk)" file="/opt/pytorch/nvfuser/tests/cpp/test_circular_buffering.cpp" line="1342" status="run" result="completed" time="0.003" timestamp="2025-05-20T08:05:44.197" classname="Hopper/TmaCircularBufferingTest" />
    <testcase name="SingleDimUnroll/stage_4_prefetch_2_M_500_N_2048_WarpSpecializedOnTIDyRegisterSharing_64_168StageSlicePosition_None_CpAsyncBulkTensorTile" value_param="(4, 2, 500, 2048, (&apos;nvfuser::WarpSpecialized(index = 1)&apos; with value WarpSpecializedOnTIDyRegisterSharing_64_168StageSlicePosition_None), CpAsyncBulkTensorTile)" file="/opt/pytorch/nvfuser/tests/cpp/test_circular_buffering.cpp" line="1342" status="run" result="completed" time="0.003" timestamp="2025-05-20T08:05:44.201" classname="Hopper/TmaCircularBufferingTest" />
    <testcase name="SingleDimUnroll/stage_4_prefetch_2_M_1024_N_2048_Pipelined_CpAsyncBulk" value_param="(4, 2, 1024, 2048, (&apos;nvfuser::Pipelined(index = 0)&apos; with value Pipelined), CpAsyncBulk)" file="/opt/pytorch/nvfuser/tests/cpp/test_circular_buffering.cpp" line="1342" status="run" result="completed" time="0.124" timestamp="2025-05-20T08:05:44.204" classname="Hopper/TmaCircularBufferingTest" />
    <testcase name="SingleDimUnroll/stage_4_prefetch_3_M_128_N_1024_PipelinedMBarrierForWAR_CpAsyncBulkTensorTile" value_param="(4, 3, 128, 1024, (&apos;nvfuser::Pipelined(index = 0)&apos; with value PipelinedMBarrierForWAR), CpAsyncBulkTensorTile)" file="/opt/pytorch/nvfuser/tests/cpp/test_circular_buffering.cpp" line="1342" status="run" result="completed" time="0.161" timestamp="2025-05-20T08:05:44.329" classname="Hopper/TmaCircularBufferingTest" />
    <testcase name="SingleDimUnroll/stage_4_prefetch_3_M_500_N_1024_WarpSpecializedOnTIDxRegisterSharing_64_168StageSlicePosition_None_CpAsyncBulk" value_param="(4, 3, 500, 1024, (&apos;nvfuser::WarpSpecialized(index = 1)&apos; with value WarpSpecializedOnTIDxRegisterSharing_64_168StageSlicePosition_None), CpAsyncBulk)" file="/opt/pytorch/nvfuser/tests/cpp/test_circular_buffering.cpp" line="1342" status="run" result="completed" time="0.149" timestamp="2025-05-20T08:05:44.491" classname="Hopper/TmaCircularBufferingTest" />
    <testcase name="SingleDimUnroll/stage_4_prefetch_3_M_500_N_2048_WarpSpecializedOnTIDxRegisterSharing_NoneStageSlicePosition_None_CpAsyncBulkTensorTile" value_param="(4, 3, 500, 2048, (&apos;nvfuser::WarpSpecialized(index = 1)&apos; with value WarpSpecializedOnTIDxRegisterSharing_NoneStageSlicePosition_None), CpAsyncBulkTensorTile)" file="/opt/pytorch/nvfuser/tests/cpp/test_circular_buffering.cpp" line="1342" status="run" result="completed" time="0.146" timestamp="2025-05-20T08:05:44.641" classname="Hopper/TmaCircularBufferingTest" />
    <testcase name="SingleDimUnroll/stage_4_prefetch_3_M_1024_N_2048_WarpSpecializedOnTIDyRegisterSharing_64_168StageSlicePosition_None_CpAsyncBulk" value_param="(4, 3, 1024, 2048, (&apos;nvfuser::WarpSpecialized(index = 1)&apos; with value WarpSpecializedOnTIDyRegisterSharing_64_168StageSlicePosition_None), CpAsyncBulk)" file="/opt/pytorch/nvfuser/tests/cpp/test_circular_buffering.cpp" line="1342" status="run" result="completed" time="0.003" timestamp="2025-05-20T08:05:44.788" classname="Hopper/TmaCircularBufferingTest" />
    <testcase name="SingleDimUnswitch/stage_2_prefetch_neg2_M_128_N_1024_PipelinedMBarrierForWAR_CpAsyncBulkTensorTile" value_param="(2, -2, 128, 1024, (&apos;nvfuser::Pipelined(index = 0)&apos; with value PipelinedMBarrierForWAR), CpAsyncBulkTensorTile)" file="/opt/pytorch/nvfuser/tests/cpp/test_circular_buffering.cpp" line="1415" status="run" result="completed" time="0.075" timestamp="2025-05-20T08:05:44.792" classname="Hopper/TmaCircularBufferingTest" />
    <testcase name="SingleDimUnswitch/stage_2_prefetch_neg2_M_500_N_1024_PipelinedMBarrierForWAR_CpAsyncBulk" value_param="(2, -2, 500, 1024, (&apos;nvfuser::Pipelined(index = 0)&apos; with value PipelinedMBarrierForWAR), CpAsyncBulk)" file="/opt/pytorch/nvfuser/tests/cpp/test_circular_buffering.cpp" line="1415" status="run" result="completed" time="0.074" timestamp="2025-05-20T08:05:44.867" classname="Hopper/TmaCircularBufferingTest" />
    <testcase name="SingleDimUnswitch/stage_2_prefetch_neg2_M_500_N_2048_WarpSpecializedOnTIDyRegisterSharing_64_168StageSlicePosition_None_CpAsyncBulkTensorTile" value_param="(2, -2, 500, 2048, (&apos;nvfuser::WarpSpecialized(index = 1)&apos; with value WarpSpecializedOnTIDyRegisterSharing_64_168StageSlicePosition_None), CpAsyncBulkTensorTile)" file="/opt/pytorch/nvfuser/tests/cpp/test_circular_buffering.cpp" line="1415" status="run" result="completed" time="0.003" timestamp="2025-05-20T08:05:44.941" classname="Hopper/TmaCircularBufferingTest" />
    <testcase name="SingleDimUnswitch/stage_2_prefetch_neg2_M_1024_N_2048_WarpSpecializedOnTIDyRegisterSharing_64_168StageSlicePosition_None_CpAsyncBulk" value_param="(2, -2, 1024, 2048, (&apos;nvfuser::WarpSpecialized(index = 1)&apos; with value WarpSpecializedOnTIDyRegisterSharing_64_168StageSlicePosition_None), CpAsyncBulk)" file="/opt/pytorch/nvfuser/tests/cpp/test_circular_buffering.cpp" line="1415" status="run" result="completed" time="0.003" timestamp="2025-05-20T08:05:44.945" classname="Hopper/TmaCircularBufferingTest" />
    <testcase name="SingleDimUnswitch/stage_2_prefetch_neg1_M_128_N_1024_WarpSpecializedOnTIDyRegisterSharing_NoneStageSlicePosition_None_CpAsyncBulkTensorTile" value_param="(2, -1, 128, 1024, (&apos;nvfuser::WarpSpecialized(index = 1)&apos; with value WarpSpecializedOnTIDyRegisterSharing_NoneStageSlicePosition_None), CpAsyncBulkTensorTile)" file="/opt/pytorch/nvfuser/tests/cpp/test_circular_buffering.cpp" line="1415" status="run" result="completed" time="0.003" timestamp="2025-05-20T08:05:44.948" classname="Hopper/TmaCircularBufferingTest" />
    <testcase name="SingleDimUnswitch/stage_2_prefetch_neg1_M_500_N_1024_WarpSpecializedOnTIDyRegisterSharing_NoneStageSlicePosition_None_CpAsyncBulk" value_param="(2, -1, 500, 1024, (&apos;nvfuser::WarpSpecialized(index = 1)&apos; with value WarpSpecializedOnTIDyRegisterSharing_NoneStageSlicePosition_None), CpAsyncBulk)" file="/opt/pytorch/nvfuser/tests/cpp/test_circular_buffering.cpp" line="1415" status="run" result="completed" time="0.003" timestamp="2025-05-20T08:05:44.952" classname="Hopper/TmaCircularBufferingTest" />
    <testcase name="SingleDimUnswitch/stage_2_prefetch_neg1_M_500_N_2048_WarpSpecializedOnTIDyRegisterSharing_64_168StageSlicePosition_None_CpAsyncBulkTensorTile" value_param="(2, -1, 500, 2048, (&apos;nvfuser::WarpSpecialized(index = 1)&apos; with value WarpSpecializedOnTIDyRegisterSharing_64_168StageSlicePosition_None), CpAsyncBulkTensorTile)" file="/opt/pytorch/nvfuser/tests/cpp/test_circular_buffering.cpp" line="1415" status="run" result="completed" time="0.003" timestamp="2025-05-20T08:05:44.955" classname="Hopper/TmaCircularBufferingTest" />
    <testcase name="SingleDimUnswitch/stage_2_prefetch_neg1_M_1024_N_2048_WarpSpecializedOnTIDyRegisterSharing_64_168StageSlicePosition_None_CpAsyncBulk" value_param="(2, -1, 1024, 2048, (&apos;nvfuser::WarpSpecialized(index = 1)&apos; with value WarpSpecializedOnTIDyRegisterSharing_64_168StageSlicePosition_None), CpAsyncBulk)" file="/opt/pytorch/nvfuser/tests/cpp/test_circular_buffering.cpp" line="1415" status="run" result="completed" time="0.003" timestamp="2025-05-20T08:05:44.959" classname="Hopper/TmaCircularBufferingTest" />
    <testcase name="SingleDimUnswitch/stage_2_prefetch_0_M_128_N_1024_WarpSpecializedOnTIDyRegisterSharing_NoneStageSlicePosition_None_CpAsyncBulkTensorTile" value_param="(2, 0, 128, 1024, (&apos;nvfuser::WarpSpecialized(index = 1)&apos; with value WarpSpecializedOnTIDyRegisterSharing_NoneStageSlicePosition_None), CpAsyncBulkTensorTile)" file="/opt/pytorch/nvfuser/tests/cpp/test_circular_buffering.cpp" line="1415" status="run" result="completed" time="0.003" timestamp="2025-05-20T08:05:44.962" classname="Hopper/TmaCircularBufferingTest" />
    <testcase name="SingleDimUnswitch/stage_2_prefetch_0_M_500_N_1024_Pipelined_CpAsyncBulk" value_param="(2, 0, 500, 1024, (&apos;nvfuser::Pipelined(index = 0)&apos; with value Pipelined), CpAsyncBulk)" file="/opt/pytorch/nvfuser/tests/cpp/test_circular_buffering.cpp" line="1415" status="run" result="completed" time="0.067" timestamp="2025-05-20T08:05:44.966" classname="Hopper/TmaCircularBufferingTest" />
    <testcase name="SingleDimUnswitch/stage_2_prefetch_0_M_500_N_2048_WarpSpecializedOnTIDyRegisterSharing_NoneStageSlicePosition_None_CpAsyncBulkTensorTile" value_param="(2, 0, 500, 2048, (&apos;nvfuser::WarpSpecialized(index = 1)&apos; with value WarpSpecializedOnTIDyRegisterSharing_NoneStageSlicePosition_None), CpAsyncBulkTensorTile)" file="/opt/pytorch/nvfuser/tests/cpp/test_circular_buffering.cpp" line="1415" status="run" result="completed" time="0.003" timestamp="2025-05-20T08:05:45.034" classname="Hopper/TmaCircularBufferingTest" />
    <testcase name="SingleDimUnswitch/stage_2_prefetch_0_M_1024_N_2048_Pipelined_CpAsyncBulk" value_param="(2, 0, 1024, 2048, (&apos;nvfuser::Pipelined(index = 0)&apos; with value Pipelined), CpAsyncBulk)" file="/opt/pytorch/nvfuser/tests/cpp/test_circular_buffering.cpp" line="1415" status="run" result="completed" time="0.082" timestamp="2025-05-20T08:05:45.037" classname="Hopper/TmaCircularBufferingTest" />
    <testcase name="SingleDimUnswitch/stage_2_prefetch_1_M_128_N_1024_WarpSpecializedOnTIDxRegisterSharing_64_168StageSlicePosition_None_CpAsyncBulkTensorTile" value_param="(2, 1, 128, 1024, (&apos;nvfuser::WarpSpecialized(index = 1)&apos; with value WarpSpecializedOnTIDxRegisterSharing_64_168StageSlicePosition_None), CpAsyncBulkTensorTile)" file="/opt/pytorch/nvfuser/tests/cpp/test_circular_buffering.cpp" line="1415" status="run" result="completed" time="0.095" timestamp="2025-05-20T08:05:45.120" classname="Hopper/TmaCircularBufferingTest" />
    <testcase name="SingleDimUnswitch/stage_2_prefetch_1_M_500_N_1024_WarpSpecializedOnTIDyRegisterSharing_64_168StageSlicePosition_None_CpAsyncBulk" value_param="(2, 1, 500, 1024, (&apos;nvfuser::WarpSpecialized(index = 1)&apos; with value WarpSpecializedOnTIDyRegisterSharing_64_168StageSlicePosition_None), CpAsyncBulk)" file="/opt/pytorch/nvfuser/tests/cpp/test_circular_buffering.cpp" line="1415" status="run" result="completed" time="0.003" timestamp="2025-05-20T08:05:45.215" classname="Hopper/TmaCircularBufferingTest" />
    <testcase name="SingleDimUnswitch/stage_2_prefetch_1_M_500_N_2048_WarpSpecializedOnTIDyRegisterSharing_64_168StageSlicePosition_None_CpAsyncBulkTensorTile" value_param="(2, 1, 500, 2048, (&apos;nvfuser::WarpSpecialized(index = 1)&apos; with value WarpSpecializedOnTIDyRegisterSharing_64_168StageSlicePosition_None), CpAsyncBulkTensorTile)" file="/opt/pytorch/nvfuser/tests/cpp/test_circular_buffering.cpp" line="1415" status="run" result="completed" time="0.003" timestamp="2025-05-20T08:05:45.218" classname="Hopper/TmaCircularBufferingTest" />
    <testcase name="SingleDimUnswitch/stage_2_prefetch_1_M_1024_N_2048_WarpSpecializedOnTIDyRegisterSharing_64_168StageSlicePosition_None_CpAsyncBulk" value_param="(2, 1, 1024, 2048, (&apos;nvfuser::WarpSpecialized(index = 1)&apos; with value WarpSpecializedOnTIDyRegisterSharing_64_168StageSlicePosition_None), CpAsyncBulk)" file="/opt/pytorch/nvfuser/tests/cpp/test_circular_buffering.cpp" line="1415" status="run" result="completed" time="0.003" timestamp="2025-05-20T08:05:45.222" classname="Hopper/TmaCircularBufferingTest" />
    <testcase name="SingleDimUnswitch/stage_4_prefetch_neg4_M_128_N_1024_PipelinedMBarrierForWAR_CpAsyncBulkTensorTile" value_param="(4, -4, 128, 1024, (&apos;nvfuser::Pipelined(index = 0)&apos; with value PipelinedMBarrierForWAR), CpAsyncBulkTensorTile)" file="/opt/pytorch/nvfuser/tests/cpp/test_circular_buffering.cpp" line="1415" status="run" result="completed" time="0.079" timestamp="2025-05-20T08:05:45.225" classname="Hopper/TmaCircularBufferingTest" />
    <testcase name="SingleDimUnswitch/stage_4_prefetch_neg4_M_500_N_1024_WarpSpecializedOnTIDxRegisterSharing_64_168StageSlicePosition_None_CpAsyncBulk" value_param="(4, -4, 500, 1024, (&apos;nvfuser::WarpSpecialized(index = 1)&apos; with value WarpSpecializedOnTIDxRegisterSharing_64_168StageSlicePosition_None), CpAsyncBulk)" file="/opt/pytorch/nvfuser/tests/cpp/test_circular_buffering.cpp" line="1415" status="run" result="completed" time="0.113" timestamp="2025-05-20T08:05:45.305" classname="Hopper/TmaCircularBufferingTest" />
    <testcase name="SingleDimUnswitch/stage_4_prefetch_neg4_M_500_N_2048_WarpSpecializedOnTIDxRegisterSharing_NoneStageSlicePosition_None_CpAsyncBulkTensorTile" value_param="(4, -4, 500, 2048, (&apos;nvfuser::WarpSpecialized(index = 1)&apos; with value WarpSpecializedOnTIDxRegisterSharing_NoneStageSlicePosition_None), CpAsyncBulkTensorTile)" file="/opt/pytorch/nvfuser/tests/cpp/test_circular_buffering.cpp" line="1415" status="run" result="completed" time="0.11" timestamp="2025-05-20T08:05:45.418" classname="Hopper/TmaCircularBufferingTest" />
    <testcase name="SingleDimUnswitch/stage_4_prefetch_neg4_M_1024_N_2048_WarpSpecializedOnTIDyRegisterSharing_64_168StageSlicePosition_None_CpAsyncBulk" value_param="(4, -4, 1024, 2048, (&apos;nvfuser::WarpSpecialized(index = 1)&apos; with value WarpSpecializedOnTIDyRegisterSharing_64_168StageSlicePosition_None), CpAsyncBulk)" file="/opt/pytorch/nvfuser/tests/cpp/test_circular_buffering.cpp" line="1415" status="run" result="completed" time="0.003" timestamp="2025-05-20T08:05:45.528" classname="Hopper/TmaCircularBufferingTest" />
    <testcase name="SingleDimUnswitch/stage_4_prefetch_neg3_M_128_N_1024_WarpSpecializedOnTIDxRegisterSharing_NoneStageSlicePosition_None_CpAsyncBulkTensorTile" value_param="(4, -3, 128, 1024, (&apos;nvfuser::WarpSpecialized(index = 1)&apos; with value WarpSpecializedOnTIDxRegisterSharing_NoneStageSlicePosition_None), CpAsyncBulkTensorTile)" file="/opt/pytorch/nvfuser/tests/cpp/test_circular_buffering.cpp" line="1415" status="run" result="completed" time="0.098" timestamp="2025-05-20T08:05:45.532" classname="Hopper/TmaCircularBufferingTest" />
    <testcase name="SingleDimUnswitch/stage_4_prefetch_neg3_M_500_N_1024_WarpSpecializedOnTIDyRegisterSharing_NoneStageSlicePosition_None_CpAsyncBulk" value_param="(4, -3, 500, 1024, (&apos;nvfuser::WarpSpecialized(index = 1)&apos; with value WarpSpecializedOnTIDyRegisterSharing_NoneStageSlicePosition_None), CpAsyncBulk)" file="/opt/pytorch/nvfuser/tests/cpp/test_circular_buffering.cpp" line="1415" status="run" result="completed" time="0.003" timestamp="2025-05-20T08:05:45.630" classname="Hopper/TmaCircularBufferingTest" />
    <testcase name="SingleDimUnswitch/stage_4_prefetch_neg3_M_500_N_2048_WarpSpecializedOnTIDxRegisterSharing_64_168StageSlicePosition_None_CpAsyncBulkTensorTile" value_param="(4, -3, 500, 2048, (&apos;nvfuser::WarpSpecialized(index = 1)&apos; with value WarpSpecializedOnTIDxRegisterSharing_64_168StageSlicePosition_None), CpAsyncBulkTensorTile)" file="/opt/pytorch/nvfuser/tests/cpp/test_circular_buffering.cpp" line="1415" status="run" result="completed" time="0.098" timestamp="2025-05-20T08:05:45.634" classname="Hopper/TmaCircularBufferingTest" />
    <testcase name="SingleDimUnswitch/stage_4_prefetch_neg3_M_1024_N_2048_WarpSpecializedOnTIDxRegisterSharing_NoneStageSlicePosition_None_CpAsyncBulk" value_param="(4, -3, 1024, 2048, (&apos;nvfuser::WarpSpecialized(index = 1)&apos; with value WarpSpecializedOnTIDxRegisterSharing_NoneStageSlicePosition_None), CpAsyncBulk)" file="/opt/pytorch/nvfuser/tests/cpp/test_circular_buffering.cpp" line="1415" status="run" result="completed" time="0.098" timestamp="2025-05-20T08:05:45.733" classname="Hopper/TmaCircularBufferingTest" />
    <testcase name="SingleDimUnswitch/stage_4_prefetch_neg2_M_128_N_1024_Pipelined_CpAsyncBulkTensorTile" value_param="(4, -2, 128, 1024, (&apos;nvfuser::Pipelined(index = 0)&apos; with value Pipelined), CpAsyncBulkTensorTile)" file="/opt/pytorch/nvfuser/tests/cpp/test_circular_buffering.cpp" line="1415" status="run" result="completed" time="0.11" timestamp="2025-05-20T08:05:45.832" classname="Hopper/TmaCircularBufferingTest" />
    <testcase name="SingleDimUnswitch/stage_4_prefetch_neg2_M_500_N_1024_Pipelined_CpAsyncBulk" value_param="(4, -2, 500, 1024, (&apos;nvfuser::Pipelined(index = 0)&apos; with value Pipelined), CpAsyncBulk)" file="/opt/pytorch/nvfuser/tests/cpp/test_circular_buffering.cpp" line="1415" status="run" result="completed" time="0.111" timestamp="2025-05-20T08:05:45.942" classname="Hopper/TmaCircularBufferingTest" />
    <testcase name="SingleDimUnswitch/stage_4_prefetch_neg2_M_500_N_2048_WarpSpecializedOnTIDyRegisterSharing_NoneStageSlicePosition_None_CpAsyncBulkTensorTile" value_param="(4, -2, 500, 2048, (&apos;nvfuser::WarpSpecialized(index = 1)&apos; with value WarpSpecializedOnTIDyRegisterSharing_NoneStageSlicePosition_None), CpAsyncBulkTensorTile)" file="/opt/pytorch/nvfuser/tests/cpp/test_circular_buffering.cpp" line="1415" status="run" result="completed" time="0.003" timestamp="2025-05-20T08:05:46.054" classname="Hopper/TmaCircularBufferingTest" />
    <testcase name="SingleDimUnswitch/stage_4_prefetch_neg2_M_1024_N_2048_Pipelined_CpAsyncBulk" value_param="(4, -2, 1024, 2048, (&apos;nvfuser::Pipelined(index = 0)&apos; with value Pipelined), CpAsyncBulk)" file="/opt/pytorch/nvfuser/tests/cpp/test_circular_buffering.cpp" line="1415" status="run" result="completed" time="0.111" timestamp="2025-05-20T08:05:46.057" classname="Hopper/TmaCircularBufferingTest" />
    <testcase name="SingleDimUnswitch/stage_4_prefetch_neg1_M_128_N_1024_Pipelined_CpAsyncBulkTensorTile" value_param="(4, -1, 128, 1024, (&apos;nvfuser::Pipelined(index = 0)&apos; with value Pipelined), CpAsyncBulkTensorTile)" file="/opt/pytorch/nvfuser/tests/cpp/test_circular_buffering.cpp" line="1415" status="run" result="completed" time="0.124" timestamp="2025-05-20T08:05:46.169" classname="Hopper/TmaCircularBufferingTest" />
    <testcase name="SingleDimUnswitch/stage_4_prefetch_neg1_M_500_N_1024_WarpSpecializedOnTIDyRegisterSharing_NoneStageSlicePosition_None_CpAsyncBulk" value_param="(4, -1, 500, 1024, (&apos;nvfuser::WarpSpecialized(index = 1)&apos; with value WarpSpecializedOnTIDyRegisterSharing_NoneStageSlicePosition_None), CpAsyncBulk)" file="/opt/pytorch/nvfuser/tests/cpp/test_circular_buffering.cpp" line="1415" status="run" result="completed" time="0.003" timestamp="2025-05-20T08:05:46.293" classname="Hopper/TmaCircularBufferingTest" />
    <testcase name="SingleDimUnswitch/stage_4_prefetch_neg1_M_500_N_2048_WarpSpecializedOnTIDyRegisterSharing_64_168StageSlicePosition_None_CpAsyncBulkTensorTile" value_param="(4, -1, 500, 2048, (&apos;nvfuser::WarpSpecialized(index = 1)&apos; with value WarpSpecializedOnTIDyRegisterSharing_64_168StageSlicePosition_None), CpAsyncBulkTensorTile)" file="/opt/pytorch/nvfuser/tests/cpp/test_circular_buffering.cpp" line="1415" status="run" result="completed" time="0.003" timestamp="2025-05-20T08:05:46.297" classname="Hopper/TmaCircularBufferingTest" />
    <testcase name="SingleDimUnswitch/stage_4_prefetch_neg1_M_1024_N_2048_WarpSpecializedOnTIDxRegisterSharing_64_168StageSlicePosition_None_CpAsyncBulk" value_param="(4, -1, 1024, 2048, (&apos;nvfuser::WarpSpecialized(index = 1)&apos; with value WarpSpecializedOnTIDxRegisterSharing_64_168StageSlicePosition_None), CpAsyncBulk)" file="/opt/pytorch/nvfuser/tests/cpp/test_circular_buffering.cpp" line="1415" status="run" result="completed" time="0.132" timestamp="2025-05-20T08:05:46.301" classname="Hopper/TmaCircularBufferingTest" />
    <testcase name="SingleDimUnswitch/stage_4_prefetch_0_M_128_N_1024_PipelinedMBarrierForWAR_CpAsyncBulkTensorTile" value_param="(4, 0, 128, 1024, (&apos;nvfuser::Pipelined(index = 0)&apos; with value PipelinedMBarrierForWAR), CpAsyncBulkTensorTile)" file="/opt/pytorch/nvfuser/tests/cpp/test_circular_buffering.cpp" line="1415" status="run" result="completed" time="0.079" timestamp="2025-05-20T08:05:46.434" classname="Hopper/TmaCircularBufferingTest" />
    <testcase name="SingleDimUnswitch/stage_4_prefetch_0_M_500_N_1024_WarpSpecializedOnTIDyRegisterSharing_64_168StageSlicePosition_None_CpAsyncBulk" value_param="(4, 0, 500, 1024, (&apos;nvfuser::WarpSpecialized(index = 1)&apos; with value WarpSpecializedOnTIDyRegisterSharing_64_168StageSlicePosition_None), CpAsyncBulk)" file="/opt/pytorch/nvfuser/tests/cpp/test_circular_buffering.cpp" line="1415" status="run" result="completed" time="0.003" timestamp="2025-05-20T08:05:46.513" classname="Hopper/TmaCircularBufferingTest" />
    <testcase name="SingleDimUnswitch/stage_4_prefetch_0_M_500_N_2048_WarpSpecializedOnTIDyRegisterSharing_NoneStageSlicePosition_None_CpAsyncBulkTensorTile" value_param="(4, 0, 500, 2048, (&apos;nvfuser::WarpSpecialized(index = 1)&apos; with value WarpSpecializedOnTIDyRegisterSharing_NoneStageSlicePosition_None), CpAsyncBulkTensorTile)" file="/opt/pytorch/nvfuser/tests/cpp/test_circular_buffering.cpp" line="1415" status="run" result="completed" time="0.003" timestamp="2025-05-20T08:05:46.517" classname="Hopper/TmaCircularBufferingTest" />
    <testcase name="SingleDimUnswitch/stage_4_prefetch_0_M_1024_N_2048_WarpSpecializedOnTIDxRegisterSharing_64_168StageSlicePosition_None_CpAsyncBulk" value_param="(4, 0, 1024, 2048, (&apos;nvfuser::WarpSpecialized(index = 1)&apos; with value WarpSpecializedOnTIDxRegisterSharing_64_168StageSlicePosition_None), CpAsyncBulk)" file="/opt/pytorch/nvfuser/tests/cpp/test_circular_buffering.cpp" line="1415" status="run" result="completed" time="0.113" timestamp="2025-05-20T08:05:46.520" classname="Hopper/TmaCircularBufferingTest" />
    <testcase name="SingleDimUnswitch/stage_4_prefetch_1_M_128_N_1024_WarpSpecializedOnTIDxRegisterSharing_64_168StageSlicePosition_None_CpAsyncBulkTensorTile" value_param="(4, 1, 128, 1024, (&apos;nvfuser::WarpSpecialized(index = 1)&apos; with value WarpSpecializedOnTIDxRegisterSharing_64_168StageSlicePosition_None), CpAsyncBulkTensorTile)" file="/opt/pytorch/nvfuser/tests/cpp/test_circular_buffering.cpp" line="1415" status="run" result="completed" time="0.098" timestamp="2025-05-20T08:05:46.634" classname="Hopper/TmaCircularBufferingTest" />
    <testcase name="SingleDimUnswitch/stage_4_prefetch_1_M_500_N_1024_PipelinedMBarrierForWAR_CpAsyncBulk" value_param="(4, 1, 500, 1024, (&apos;nvfuser::Pipelined(index = 0)&apos; with value PipelinedMBarrierForWAR), CpAsyncBulk)" file="/opt/pytorch/nvfuser/tests/cpp/test_circular_buffering.cpp" line="1415" status="run" result="completed" time="0.099" timestamp="2025-05-20T08:05:46.733" classname="Hopper/TmaCircularBufferingTest" />
    <testcase name="SingleDimUnswitch/stage_4_prefetch_1_M_500_N_2048_WarpSpecializedOnTIDyRegisterSharing_NoneStageSlicePosition_None_CpAsyncBulkTensorTile" value_param="(4, 1, 500, 2048, (&apos;nvfuser::WarpSpecialized(index = 1)&apos; with value WarpSpecializedOnTIDyRegisterSharing_NoneStageSlicePosition_None), CpAsyncBulkTensorTile)" file="/opt/pytorch/nvfuser/tests/cpp/test_circular_buffering.cpp" line="1415" status="run" result="completed" time="0.004" timestamp="2025-05-20T08:05:46.833" classname="Hopper/TmaCircularBufferingTest" />
    <testcase name="SingleDimUnswitch/stage_4_prefetch_1_M_1024_N_2048_WarpSpecializedOnTIDyRegisterSharing_64_168StageSlicePosition_None_CpAsyncBulk" value_param="(4, 1, 1024, 2048, (&apos;nvfuser::WarpSpecialized(index = 1)&apos; with value WarpSpecializedOnTIDyRegisterSharing_64_168StageSlicePosition_None), CpAsyncBulk)" file="/opt/pytorch/nvfuser/tests/cpp/test_circular_buffering.cpp" line="1415" status="run" result="completed" time="0.003" timestamp="2025-05-20T08:05:46.837" classname="Hopper/TmaCircularBufferingTest" />
    <testcase name="SingleDimUnswitch/stage_4_prefetch_2_M_128_N_1024_WarpSpecializedOnTIDxRegisterSharing_64_168StageSlicePosition_None_CpAsyncBulkTensorTile" value_param="(4, 2, 128, 1024, (&apos;nvfuser::WarpSpecialized(index = 1)&apos; with value WarpSpecializedOnTIDxRegisterSharing_64_168StageSlicePosition_None), CpAsyncBulkTensorTile)" file="/opt/pytorch/nvfuser/tests/cpp/test_circular_buffering.cpp" line="1415" status="run" result="completed" time="0.121" timestamp="2025-05-20T08:05:46.840" classname="Hopper/TmaCircularBufferingTest" />
    <testcase name="SingleDimUnswitch/stage_4_prefetch_2_M_500_N_1024_WarpSpecializedOnTIDyRegisterSharing_64_168StageSlicePosition_None_CpAsyncBulk" value_param="(4, 2, 500, 1024, (&apos;nvfuser::WarpSpecialized(index = 1)&apos; with value WarpSpecializedOnTIDyRegisterSharing_64_168StageSlicePosition_None), CpAsyncBulk)" file="/opt/pytorch/nvfuser/tests/cpp/test_circular_buffering.cpp" line="1415" status="run" result="completed" time="0.003" timestamp="2025-05-20T08:05:46.962" classname="Hopper/TmaCircularBufferingTest" />
    <testcase name="SingleDimUnswitch/stage_4_prefetch_2_M_500_N_2048_WarpSpecializedOnTIDyRegisterSharing_64_168StageSlicePosition_None_CpAsyncBulkTensorTile" value_param="(4, 2, 500, 2048, (&apos;nvfuser::WarpSpecialized(index = 1)&apos; with value WarpSpecializedOnTIDyRegisterSharing_64_168StageSlicePosition_None), CpAsyncBulkTensorTile)" file="/opt/pytorch/nvfuser/tests/cpp/test_circular_buffering.cpp" line="1415" status="run" result="completed" time="0.003" timestamp="2025-05-20T08:05:46.965" classname="Hopper/TmaCircularBufferingTest" />
    <testcase name="SingleDimUnswitch/stage_4_prefetch_2_M_1024_N_2048_Pipelined_CpAsyncBulk" value_param="(4, 2, 1024, 2048, (&apos;nvfuser::Pipelined(index = 0)&apos; with value Pipelined), CpAsyncBulk)" file="/opt/pytorch/nvfuser/tests/cpp/test_circular_buffering.cpp" line="1415" status="run" result="completed" time="0.046" timestamp="2025-05-20T08:05:46.969" classname="Hopper/TmaCircularBufferingTest" />
    <testcase name="SingleDimUnswitch/stage_4_prefetch_3_M_128_N_1024_PipelinedMBarrierForWAR_CpAsyncBulkTensorTile" value_param="(4, 3, 128, 1024, (&apos;nvfuser::Pipelined(index = 0)&apos; with value PipelinedMBarrierForWAR), CpAsyncBulkTensorTile)" file="/opt/pytorch/nvfuser/tests/cpp/test_circular_buffering.cpp" line="1415" status="run" result="completed" time="0.138" timestamp="2025-05-20T08:05:47.015" classname="Hopper/TmaCircularBufferingTest" />
    <testcase name="SingleDimUnswitch/stage_4_prefetch_3_M_500_N_1024_WarpSpecializedOnTIDxRegisterSharing_64_168StageSlicePosition_None_CpAsyncBulk" value_param="(4, 3, 500, 1024, (&apos;nvfuser::WarpSpecialized(index = 1)&apos; with value WarpSpecializedOnTIDxRegisterSharing_64_168StageSlicePosition_None), CpAsyncBulk)" file="/opt/pytorch/nvfuser/tests/cpp/test_circular_buffering.cpp" line="1415" status="run" result="completed" time="0.133" timestamp="2025-05-20T08:05:47.154" classname="Hopper/TmaCircularBufferingTest" />
    <testcase name="SingleDimUnswitch/stage_4_prefetch_3_M_500_N_2048_WarpSpecializedOnTIDxRegisterSharing_NoneStageSlicePosition_None_CpAsyncBulkTensorTile" value_param="(4, 3, 500, 2048, (&apos;nvfuser::WarpSpecialized(index = 1)&apos; with value WarpSpecializedOnTIDxRegisterSharing_NoneStageSlicePosition_None), CpAsyncBulkTensorTile)" file="/opt/pytorch/nvfuser/tests/cpp/test_circular_buffering.cpp" line="1415" status="run" result="completed" time="0.129" timestamp="2025-05-20T08:05:47.287" classname="Hopper/TmaCircularBufferingTest" />
    <testcase name="SingleDimUnswitch/stage_4_prefetch_3_M_1024_N_2048_WarpSpecializedOnTIDyRegisterSharing_64_168StageSlicePosition_None_CpAsyncBulk" value_param="(4, 3, 1024, 2048, (&apos;nvfuser::WarpSpecialized(index = 1)&apos; with value WarpSpecializedOnTIDyRegisterSharing_64_168StageSlicePosition_None), CpAsyncBulk)" file="/opt/pytorch/nvfuser/tests/cpp/test_circular_buffering.cpp" line="1415" status="run" result="completed" time="0.003" timestamp="2025-05-20T08:05:47.417" classname="Hopper/TmaCircularBufferingTest" />
    <testcase name="MultiDim/stage_2_prefetch_neg2_M_128_N_1024_PipelinedMBarrierForWAR_CpAsyncBulkTensorTile" value_param="(2, -2, 128, 1024, (&apos;nvfuser::Pipelined(index = 0)&apos; with value PipelinedMBarrierForWAR), CpAsyncBulkTensorTile)" file="/opt/pytorch/nvfuser/tests/cpp/test_circular_buffering.cpp" line="1488" status="run" result="completed" time="0.094" timestamp="2025-05-20T08:05:47.420" classname="Hopper/TmaCircularBufferingTest" />
    <testcase name="MultiDim/stage_2_prefetch_neg2_M_500_N_1024_PipelinedMBarrierForWAR_CpAsyncBulk" value_param="(2, -2, 500, 1024, (&apos;nvfuser::Pipelined(index = 0)&apos; with value PipelinedMBarrierForWAR), CpAsyncBulk)" file="/opt/pytorch/nvfuser/tests/cpp/test_circular_buffering.cpp" line="1488" status="run" result="skipped" time="0." timestamp="2025-05-20T08:05:47.515" classname="Hopper/TmaCircularBufferingTest">
      <skipped message="/opt/pytorch/nvfuser/tests/cpp/test_circular_buffering.cpp:1491&#x0A;LoadStoreOpType::CpAsyncBulk only supports 1D TMA&#x0A;"><![CDATA[/opt/pytorch/nvfuser/tests/cpp/test_circular_buffering.cpp:1491
LoadStoreOpType::CpAsyncBulk only supports 1D TMA
]]></skipped>
    </testcase>
    <testcase name="MultiDim/stage_2_prefetch_neg2_M_500_N_2048_WarpSpecializedOnTIDyRegisterSharing_64_168StageSlicePosition_None_CpAsyncBulkTensorTile" value_param="(2, -2, 500, 2048, (&apos;nvfuser::WarpSpecialized(index = 1)&apos; with value WarpSpecializedOnTIDyRegisterSharing_64_168StageSlicePosition_None), CpAsyncBulkTensorTile)" file="/opt/pytorch/nvfuser/tests/cpp/test_circular_buffering.cpp" line="1488" status="run" result="completed" time="0.004" timestamp="2025-05-20T08:05:47.515" classname="Hopper/TmaCircularBufferingTest" />
    <testcase name="MultiDim/stage_2_prefetch_neg2_M_1024_N_2048_WarpSpecializedOnTIDyRegisterSharing_64_168StageSlicePosition_None_CpAsyncBulk" value_param="(2, -2, 1024, 2048, (&apos;nvfuser::WarpSpecialized(index = 1)&apos; with value WarpSpecializedOnTIDyRegisterSharing_64_168StageSlicePosition_None), CpAsyncBulk)" file="/opt/pytorch/nvfuser/tests/cpp/test_circular_buffering.cpp" line="1488" status="run" result="skipped" time="0." timestamp="2025-05-20T08:05:47.520" classname="Hopper/TmaCircularBufferingTest">
      <skipped message="/opt/pytorch/nvfuser/tests/cpp/test_circular_buffering.cpp:1491&#x0A;LoadStoreOpType::CpAsyncBulk only supports 1D TMA&#x0A;"><![CDATA[/opt/pytorch/nvfuser/tests/cpp/test_circular_buffering.cpp:1491
LoadStoreOpType::CpAsyncBulk only supports 1D TMA
]]></skipped>
    </testcase>
    <testcase name="MultiDim/stage_2_prefetch_neg1_M_128_N_1024_WarpSpecializedOnTIDyRegisterSharing_NoneStageSlicePosition_None_CpAsyncBulkTensorTile" value_param="(2, -1, 128, 1024, (&apos;nvfuser::WarpSpecialized(index = 1)&apos; with value WarpSpecializedOnTIDyRegisterSharing_NoneStageSlicePosition_None), CpAsyncBulkTensorTile)" file="/opt/pytorch/nvfuser/tests/cpp/test_circular_buffering.cpp" line="1488" status="run" result="completed" time="0.004" timestamp="2025-05-20T08:05:47.520" classname="Hopper/TmaCircularBufferingTest" />
    <testcase name="MultiDim/stage_2_prefetch_neg1_M_500_N_1024_WarpSpecializedOnTIDyRegisterSharing_NoneStageSlicePosition_None_CpAsyncBulk" value_param="(2, -1, 500, 1024, (&apos;nvfuser::WarpSpecialized(index = 1)&apos; with value WarpSpecializedOnTIDyRegisterSharing_NoneStageSlicePosition_None), CpAsyncBulk)" file="/opt/pytorch/nvfuser/tests/cpp/test_circular_buffering.cpp" line="1488" status="run" result="skipped" time="0." timestamp="2025-05-20T08:05:47.524" classname="Hopper/TmaCircularBufferingTest">
      <skipped message="/opt/pytorch/nvfuser/tests/cpp/test_circular_buffering.cpp:1491&#x0A;LoadStoreOpType::CpAsyncBulk only supports 1D TMA&#x0A;"><![CDATA[/opt/pytorch/nvfuser/tests/cpp/test_circular_buffering.cpp:1491
LoadStoreOpType::CpAsyncBulk only supports 1D TMA
]]></skipped>
    </testcase>
    <testcase name="MultiDim/stage_2_prefetch_neg1_M_500_N_2048_WarpSpecializedOnTIDyRegisterSharing_64_168StageSlicePosition_None_CpAsyncBulkTensorTile" value_param="(2, -1, 500, 2048, (&apos;nvfuser::WarpSpecialized(index = 1)&apos; with value WarpSpecializedOnTIDyRegisterSharing_64_168StageSlicePosition_None), CpAsyncBulkTensorTile)" file="/opt/pytorch/nvfuser/tests/cpp/test_circular_buffering.cpp" line="1488" status="run" result="completed" time="0.004" timestamp="2025-05-20T08:05:47.524" classname="Hopper/TmaCircularBufferingTest" />
    <testcase name="MultiDim/stage_2_prefetch_neg1_M_1024_N_2048_WarpSpecializedOnTIDyRegisterSharing_64_168StageSlicePosition_None_CpAsyncBulk" value_param="(2, -1, 1024, 2048, (&apos;nvfuser::WarpSpecialized(index = 1)&apos; with value WarpSpecializedOnTIDyRegisterSharing_64_168StageSlicePosition_None), CpAsyncBulk)" file="/opt/pytorch/nvfuser/tests/cpp/test_circular_buffering.cpp" line="1488" status="run" result="skipped" time="0." timestamp="2025-05-20T08:05:47.529" classname="Hopper/TmaCircularBufferingTest">
      <skipped message="/opt/pytorch/nvfuser/tests/cpp/test_circular_buffering.cpp:1491&#x0A;LoadStoreOpType::CpAsyncBulk only supports 1D TMA&#x0A;"><![CDATA[/opt/pytorch/nvfuser/tests/cpp/test_circular_buffering.cpp:1491
LoadStoreOpType::CpAsyncBulk only supports 1D TMA
]]></skipped>
    </testcase>
    <testcase name="MultiDim/stage_2_prefetch_0_M_128_N_1024_WarpSpecializedOnTIDyRegisterSharing_NoneStageSlicePosition_None_CpAsyncBulkTensorTile" value_param="(2, 0, 128, 1024, (&apos;nvfuser::WarpSpecialized(index = 1)&apos; with value WarpSpecializedOnTIDyRegisterSharing_NoneStageSlicePosition_None), CpAsyncBulkTensorTile)" file="/opt/pytorch/nvfuser/tests/cpp/test_circular_buffering.cpp" line="1488" status="run" result="completed" time="0.004" timestamp="2025-05-20T08:05:47.529" classname="Hopper/TmaCircularBufferingTest" />
    <testcase name="MultiDim/stage_2_prefetch_0_M_500_N_1024_Pipelined_CpAsyncBulk" value_param="(2, 0, 500, 1024, (&apos;nvfuser::Pipelined(index = 0)&apos; with value Pipelined), CpAsyncBulk)" file="/opt/pytorch/nvfuser/tests/cpp/test_circular_buffering.cpp" line="1488" status="run" result="skipped" time="0." timestamp="2025-05-20T08:05:47.533" classname="Hopper/TmaCircularBufferingTest">
      <skipped message="/opt/pytorch/nvfuser/tests/cpp/test_circular_buffering.cpp:1491&#x0A;LoadStoreOpType::CpAsyncBulk only supports 1D TMA&#x0A;"><![CDATA[/opt/pytorch/nvfuser/tests/cpp/test_circular_buffering.cpp:1491
LoadStoreOpType::CpAsyncBulk only supports 1D TMA
]]></skipped>
    </testcase>
    <testcase name="MultiDim/stage_2_prefetch_0_M_500_N_2048_WarpSpecializedOnTIDyRegisterSharing_NoneStageSlicePosition_None_CpAsyncBulkTensorTile" value_param="(2, 0, 500, 2048, (&apos;nvfuser::WarpSpecialized(index = 1)&apos; with value WarpSpecializedOnTIDyRegisterSharing_NoneStageSlicePosition_None), CpAsyncBulkTensorTile)" file="/opt/pytorch/nvfuser/tests/cpp/test_circular_buffering.cpp" line="1488" status="run" result="completed" time="0.004" timestamp="2025-05-20T08:05:47.533" classname="Hopper/TmaCircularBufferingTest" />
    <testcase name="MultiDim/stage_2_prefetch_0_M_1024_N_2048_Pipelined_CpAsyncBulk" value_param="(2, 0, 1024, 2048, (&apos;nvfuser::Pipelined(index = 0)&apos; with value Pipelined), CpAsyncBulk)" file="/opt/pytorch/nvfuser/tests/cpp/test_circular_buffering.cpp" line="1488" status="run" result="skipped" time="0." timestamp="2025-05-20T08:05:47.538" classname="Hopper/TmaCircularBufferingTest">
      <skipped message="/opt/pytorch/nvfuser/tests/cpp/test_circular_buffering.cpp:1491&#x0A;LoadStoreOpType::CpAsyncBulk only supports 1D TMA&#x0A;"><![CDATA[/opt/pytorch/nvfuser/tests/cpp/test_circular_buffering.cpp:1491
LoadStoreOpType::CpAsyncBulk only supports 1D TMA
]]></skipped>
    </testcase>
    <testcase name="MultiDim/stage_2_prefetch_1_M_128_N_1024_WarpSpecializedOnTIDxRegisterSharing_64_168StageSlicePosition_None_CpAsyncBulkTensorTile" value_param="(2, 1, 128, 1024, (&apos;nvfuser::WarpSpecialized(index = 1)&apos; with value WarpSpecializedOnTIDxRegisterSharing_64_168StageSlicePosition_None), CpAsyncBulkTensorTile)" file="/opt/pytorch/nvfuser/tests/cpp/test_circular_buffering.cpp" line="1488" status="run" result="completed" time="0.099" timestamp="2025-05-20T08:05:47.538" classname="Hopper/TmaCircularBufferingTest" />
    <testcase name="MultiDim/stage_2_prefetch_1_M_500_N_1024_WarpSpecializedOnTIDyRegisterSharing_64_168StageSlicePosition_None_CpAsyncBulk" value_param="(2, 1, 500, 1024, (&apos;nvfuser::WarpSpecialized(index = 1)&apos; with value WarpSpecializedOnTIDyRegisterSharing_64_168StageSlicePosition_None), CpAsyncBulk)" file="/opt/pytorch/nvfuser/tests/cpp/test_circular_buffering.cpp" line="1488" status="run" result="skipped" time="0." timestamp="2025-05-20T08:05:47.637" classname="Hopper/TmaCircularBufferingTest">
      <skipped message="/opt/pytorch/nvfuser/tests/cpp/test_circular_buffering.cpp:1491&#x0A;LoadStoreOpType::CpAsyncBulk only supports 1D TMA&#x0A;"><![CDATA[/opt/pytorch/nvfuser/tests/cpp/test_circular_buffering.cpp:1491
LoadStoreOpType::CpAsyncBulk only supports 1D TMA
]]></skipped>
    </testcase>
    <testcase name="MultiDim/stage_2_prefetch_1_M_500_N_2048_WarpSpecializedOnTIDyRegisterSharing_64_168StageSlicePosition_None_CpAsyncBulkTensorTile" value_param="(2, 1, 500, 2048, (&apos;nvfuser::WarpSpecialized(index = 1)&apos; with value WarpSpecializedOnTIDyRegisterSharing_64_168StageSlicePosition_None), CpAsyncBulkTensorTile)" file="/opt/pytorch/nvfuser/tests/cpp/test_circular_buffering.cpp" line="1488" status="run" result="completed" time="0.004" timestamp="2025-05-20T08:05:47.637" classname="Hopper/TmaCircularBufferingTest" />
    <testcase name="MultiDim/stage_2_prefetch_1_M_1024_N_2048_WarpSpecializedOnTIDyRegisterSharing_64_168StageSlicePosition_None_CpAsyncBulk" value_param="(2, 1, 1024, 2048, (&apos;nvfuser::WarpSpecialized(index = 1)&apos; with value WarpSpecializedOnTIDyRegisterSharing_64_168StageSlicePosition_None), CpAsyncBulk)" file="/opt/pytorch/nvfuser/tests/cpp/test_circular_buffering.cpp" line="1488" status="run" result="skipped" time="0." timestamp="2025-05-20T08:05:47.642" classname="Hopper/TmaCircularBufferingTest">
      <skipped message="/opt/pytorch/nvfuser/tests/cpp/test_circular_buffering.cpp:1491&#x0A;LoadStoreOpType::CpAsyncBulk only supports 1D TMA&#x0A;"><![CDATA[/opt/pytorch/nvfuser/tests/cpp/test_circular_buffering.cpp:1491
LoadStoreOpType::CpAsyncBulk only supports 1D TMA
]]></skipped>
    </testcase>
    <testcase name="MultiDim/stage_4_prefetch_neg4_M_128_N_1024_PipelinedMBarrierForWAR_CpAsyncBulkTensorTile" value_param="(4, -4, 128, 1024, (&apos;nvfuser::Pipelined(index = 0)&apos; with value PipelinedMBarrierForWAR), CpAsyncBulkTensorTile)" file="/opt/pytorch/nvfuser/tests/cpp/test_circular_buffering.cpp" line="1488" status="run" result="completed" time="0.111" timestamp="2025-05-20T08:05:47.642" classname="Hopper/TmaCircularBufferingTest" />
    <testcase name="MultiDim/stage_4_prefetch_neg4_M_500_N_1024_WarpSpecializedOnTIDxRegisterSharing_64_168StageSlicePosition_None_CpAsyncBulk" value_param="(4, -4, 500, 1024, (&apos;nvfuser::WarpSpecialized(index = 1)&apos; with value WarpSpecializedOnTIDxRegisterSharing_64_168StageSlicePosition_None), CpAsyncBulk)" file="/opt/pytorch/nvfuser/tests/cpp/test_circular_buffering.cpp" line="1488" status="run" result="skipped" time="0." timestamp="2025-05-20T08:05:47.754" classname="Hopper/TmaCircularBufferingTest">
      <skipped message="/opt/pytorch/nvfuser/tests/cpp/test_circular_buffering.cpp:1491&#x0A;LoadStoreOpType::CpAsyncBulk only supports 1D TMA&#x0A;"><![CDATA[/opt/pytorch/nvfuser/tests/cpp/test_circular_buffering.cpp:1491
LoadStoreOpType::CpAsyncBulk only supports 1D TMA
]]></skipped>
    </testcase>
    <testcase name="MultiDim/stage_4_prefetch_neg4_M_500_N_2048_WarpSpecializedOnTIDxRegisterSharing_NoneStageSlicePosition_None_CpAsyncBulkTensorTile" value_param="(4, -4, 500, 2048, (&apos;nvfuser::WarpSpecialized(index = 1)&apos; with value WarpSpecializedOnTIDxRegisterSharing_NoneStageSlicePosition_None), CpAsyncBulkTensorTile)" file="/opt/pytorch/nvfuser/tests/cpp/test_circular_buffering.cpp" line="1488" status="run" result="completed" time="0.358" timestamp="2025-05-20T08:05:47.754" classname="Hopper/TmaCircularBufferingTest" />
    <testcase name="MultiDim/stage_4_prefetch_neg4_M_1024_N_2048_WarpSpecializedOnTIDyRegisterSharing_64_168StageSlicePosition_None_CpAsyncBulk" value_param="(4, -4, 1024, 2048, (&apos;nvfuser::WarpSpecialized(index = 1)&apos; with value WarpSpecializedOnTIDyRegisterSharing_64_168StageSlicePosition_None), CpAsyncBulk)" file="/opt/pytorch/nvfuser/tests/cpp/test_circular_buffering.cpp" line="1488" status="run" result="skipped" time="0." timestamp="2025-05-20T08:05:48.113" classname="Hopper/TmaCircularBufferingTest">
      <skipped message="/opt/pytorch/nvfuser/tests/cpp/test_circular_buffering.cpp:1491&#x0A;LoadStoreOpType::CpAsyncBulk only supports 1D TMA&#x0A;"><![CDATA[/opt/pytorch/nvfuser/tests/cpp/test_circular_buffering.cpp:1491
LoadStoreOpType::CpAsyncBulk only supports 1D TMA
]]></skipped>
    </testcase>
    <testcase name="MultiDim/stage_4_prefetch_neg3_M_128_N_1024_WarpSpecializedOnTIDxRegisterSharing_NoneStageSlicePosition_None_CpAsyncBulkTensorTile" value_param="(4, -3, 128, 1024, (&apos;nvfuser::WarpSpecialized(index = 1)&apos; with value WarpSpecializedOnTIDxRegisterSharing_NoneStageSlicePosition_None), CpAsyncBulkTensorTile)" file="/opt/pytorch/nvfuser/tests/cpp/test_circular_buffering.cpp" line="1488" status="run" result="completed" time="0.153" timestamp="2025-05-20T08:05:48.113" classname="Hopper/TmaCircularBufferingTest" />
    <testcase name="MultiDim/stage_4_prefetch_neg3_M_500_N_1024_WarpSpecializedOnTIDyRegisterSharing_NoneStageSlicePosition_None_CpAsyncBulk" value_param="(4, -3, 500, 1024, (&apos;nvfuser::WarpSpecialized(index = 1)&apos; with value WarpSpecializedOnTIDyRegisterSharing_NoneStageSlicePosition_None), CpAsyncBulk)" file="/opt/pytorch/nvfuser/tests/cpp/test_circular_buffering.cpp" line="1488" status="run" result="skipped" time="0." timestamp="2025-05-20T08:05:48.266" classname="Hopper/TmaCircularBufferingTest">
      <skipped message="/opt/pytorch/nvfuser/tests/cpp/test_circular_buffering.cpp:1491&#x0A;LoadStoreOpType::CpAsyncBulk only supports 1D TMA&#x0A;"><![CDATA[/opt/pytorch/nvfuser/tests/cpp/test_circular_buffering.cpp:1491
LoadStoreOpType::CpAsyncBulk only supports 1D TMA
]]></skipped>
    </testcase>
    <testcase name="MultiDim/stage_4_prefetch_neg3_M_500_N_2048_WarpSpecializedOnTIDxRegisterSharing_64_168StageSlicePosition_None_CpAsyncBulkTensorTile" value_param="(4, -3, 500, 2048, (&apos;nvfuser::WarpSpecialized(index = 1)&apos; with value WarpSpecializedOnTIDxRegisterSharing_64_168StageSlicePosition_None), CpAsyncBulkTensorTile)" file="/opt/pytorch/nvfuser/tests/cpp/test_circular_buffering.cpp" line="1488" status="run" result="completed" time="0.326" timestamp="2025-05-20T08:05:48.266" classname="Hopper/TmaCircularBufferingTest" />
    <testcase name="MultiDim/stage_4_prefetch_neg3_M_1024_N_2048_WarpSpecializedOnTIDxRegisterSharing_NoneStageSlicePosition_None_CpAsyncBulk" value_param="(4, -3, 1024, 2048, (&apos;nvfuser::WarpSpecialized(index = 1)&apos; with value WarpSpecializedOnTIDxRegisterSharing_NoneStageSlicePosition_None), CpAsyncBulk)" file="/opt/pytorch/nvfuser/tests/cpp/test_circular_buffering.cpp" line="1488" status="run" result="skipped" time="0." timestamp="2025-05-20T08:05:48.593" classname="Hopper/TmaCircularBufferingTest">
      <skipped message="/opt/pytorch/nvfuser/tests/cpp/test_circular_buffering.cpp:1491&#x0A;LoadStoreOpType::CpAsyncBulk only supports 1D TMA&#x0A;"><![CDATA[/opt/pytorch/nvfuser/tests/cpp/test_circular_buffering.cpp:1491
LoadStoreOpType::CpAsyncBulk only supports 1D TMA
]]></skipped>
    </testcase>
    <testcase name="MultiDim/stage_4_prefetch_neg2_M_128_N_1024_Pipelined_CpAsyncBulkTensorTile" value_param="(4, -2, 128, 1024, (&apos;nvfuser::Pipelined(index = 0)&apos; with value Pipelined), CpAsyncBulkTensorTile)" file="/opt/pytorch/nvfuser/tests/cpp/test_circular_buffering.cpp" line="1488" status="run" result="completed" time="0.153" timestamp="2025-05-20T08:05:48.593" classname="Hopper/TmaCircularBufferingTest" />
    <testcase name="MultiDim/stage_4_prefetch_neg2_M_500_N_1024_Pipelined_CpAsyncBulk" value_param="(4, -2, 500, 1024, (&apos;nvfuser::Pipelined(index = 0)&apos; with value Pipelined), CpAsyncBulk)" file="/opt/pytorch/nvfuser/tests/cpp/test_circular_buffering.cpp" line="1488" status="run" result="skipped" time="0." timestamp="2025-05-20T08:05:48.746" classname="Hopper/TmaCircularBufferingTest">
      <skipped message="/opt/pytorch/nvfuser/tests/cpp/test_circular_buffering.cpp:1491&#x0A;LoadStoreOpType::CpAsyncBulk only supports 1D TMA&#x0A;"><![CDATA[/opt/pytorch/nvfuser/tests/cpp/test_circular_buffering.cpp:1491
LoadStoreOpType::CpAsyncBulk only supports 1D TMA
]]></skipped>
    </testcase>
    <testcase name="MultiDim/stage_4_prefetch_neg2_M_500_N_2048_WarpSpecializedOnTIDyRegisterSharing_NoneStageSlicePosition_None_CpAsyncBulkTensorTile" value_param="(4, -2, 500, 2048, (&apos;nvfuser::WarpSpecialized(index = 1)&apos; with value WarpSpecializedOnTIDyRegisterSharing_NoneStageSlicePosition_None), CpAsyncBulkTensorTile)" file="/opt/pytorch/nvfuser/tests/cpp/test_circular_buffering.cpp" line="1488" status="run" result="completed" time="0.004" timestamp="2025-05-20T08:05:48.746" classname="Hopper/TmaCircularBufferingTest" />
    <testcase name="MultiDim/stage_4_prefetch_neg2_M_1024_N_2048_Pipelined_CpAsyncBulk" value_param="(4, -2, 1024, 2048, (&apos;nvfuser::Pipelined(index = 0)&apos; with value Pipelined), CpAsyncBulk)" file="/opt/pytorch/nvfuser/tests/cpp/test_circular_buffering.cpp" line="1488" status="run" result="skipped" time="0." timestamp="2025-05-20T08:05:48.751" classname="Hopper/TmaCircularBufferingTest">
      <skipped message="/opt/pytorch/nvfuser/tests/cpp/test_circular_buffering.cpp:1491&#x0A;LoadStoreOpType::CpAsyncBulk only supports 1D TMA&#x0A;"><![CDATA[/opt/pytorch/nvfuser/tests/cpp/test_circular_buffering.cpp:1491
LoadStoreOpType::CpAsyncBulk only supports 1D TMA
]]></skipped>
    </testcase>
    <testcase name="MultiDim/stage_4_prefetch_neg1_M_128_N_1024_Pipelined_CpAsyncBulkTensorTile" value_param="(4, -1, 128, 1024, (&apos;nvfuser::Pipelined(index = 0)&apos; with value Pipelined), CpAsyncBulkTensorTile)" file="/opt/pytorch/nvfuser/tests/cpp/test_circular_buffering.cpp" line="1488" status="run" result="completed" time="0.185" timestamp="2025-05-20T08:05:48.751" classname="Hopper/TmaCircularBufferingTest" />
    <testcase name="MultiDim/stage_4_prefetch_neg1_M_500_N_1024_WarpSpecializedOnTIDyRegisterSharing_NoneStageSlicePosition_None_CpAsyncBulk" value_param="(4, -1, 500, 1024, (&apos;nvfuser::WarpSpecialized(index = 1)&apos; with value WarpSpecializedOnTIDyRegisterSharing_NoneStageSlicePosition_None), CpAsyncBulk)" file="/opt/pytorch/nvfuser/tests/cpp/test_circular_buffering.cpp" line="1488" status="run" result="skipped" time="0." timestamp="2025-05-20T08:05:48.936" classname="Hopper/TmaCircularBufferingTest">
      <skipped message="/opt/pytorch/nvfuser/tests/cpp/test_circular_buffering.cpp:1491&#x0A;LoadStoreOpType::CpAsyncBulk only supports 1D TMA&#x0A;"><![CDATA[/opt/pytorch/nvfuser/tests/cpp/test_circular_buffering.cpp:1491
LoadStoreOpType::CpAsyncBulk only supports 1D TMA
]]></skipped>
    </testcase>
    <testcase name="MultiDim/stage_4_prefetch_neg1_M_500_N_2048_WarpSpecializedOnTIDyRegisterSharing_64_168StageSlicePosition_None_CpAsyncBulkTensorTile" value_param="(4, -1, 500, 2048, (&apos;nvfuser::WarpSpecialized(index = 1)&apos; with value WarpSpecializedOnTIDyRegisterSharing_64_168StageSlicePosition_None), CpAsyncBulkTensorTile)" file="/opt/pytorch/nvfuser/tests/cpp/test_circular_buffering.cpp" line="1488" status="run" result="completed" time="0.008" timestamp="2025-05-20T08:05:48.936" classname="Hopper/TmaCircularBufferingTest" />
    <testcase name="MultiDim/stage_4_prefetch_neg1_M_1024_N_2048_WarpSpecializedOnTIDxRegisterSharing_64_168StageSlicePosition_None_CpAsyncBulk" value_param="(4, -1, 1024, 2048, (&apos;nvfuser::WarpSpecialized(index = 1)&apos; with value WarpSpecializedOnTIDxRegisterSharing_64_168StageSlicePosition_None), CpAsyncBulk)" file="/opt/pytorch/nvfuser/tests/cpp/test_circular_buffering.cpp" line="1488" status="run" result="skipped" time="0." timestamp="2025-05-20T08:05:48.945" classname="Hopper/TmaCircularBufferingTest">
      <skipped message="/opt/pytorch/nvfuser/tests/cpp/test_circular_buffering.cpp:1491&#x0A;LoadStoreOpType::CpAsyncBulk only supports 1D TMA&#x0A;"><![CDATA[/opt/pytorch/nvfuser/tests/cpp/test_circular_buffering.cpp:1491
LoadStoreOpType::CpAsyncBulk only supports 1D TMA
]]></skipped>
    </testcase>
    <testcase name="MultiDim/stage_4_prefetch_0_M_128_N_1024_PipelinedMBarrierForWAR_CpAsyncBulkTensorTile" value_param="(4, 0, 128, 1024, (&apos;nvfuser::Pipelined(index = 0)&apos; with value PipelinedMBarrierForWAR), CpAsyncBulkTensorTile)" file="/opt/pytorch/nvfuser/tests/cpp/test_circular_buffering.cpp" line="1488" status="run" result="completed" time="0.098" timestamp="2025-05-20T08:05:48.945" classname="Hopper/TmaCircularBufferingTest" />
    <testcase name="MultiDim/stage_4_prefetch_0_M_500_N_1024_WarpSpecializedOnTIDyRegisterSharing_64_168StageSlicePosition_None_CpAsyncBulk" value_param="(4, 0, 500, 1024, (&apos;nvfuser::WarpSpecialized(index = 1)&apos; with value WarpSpecializedOnTIDyRegisterSharing_64_168StageSlicePosition_None), CpAsyncBulk)" file="/opt/pytorch/nvfuser/tests/cpp/test_circular_buffering.cpp" line="1488" status="run" result="skipped" time="0." timestamp="2025-05-20T08:05:49.044" classname="Hopper/TmaCircularBufferingTest">
      <skipped message="/opt/pytorch/nvfuser/tests/cpp/test_circular_buffering.cpp:1491&#x0A;LoadStoreOpType::CpAsyncBulk only supports 1D TMA&#x0A;"><![CDATA[/opt/pytorch/nvfuser/tests/cpp/test_circular_buffering.cpp:1491
LoadStoreOpType::CpAsyncBulk only supports 1D TMA
]]></skipped>
    </testcase>
    <testcase name="MultiDim/stage_4_prefetch_0_M_500_N_2048_WarpSpecializedOnTIDyRegisterSharing_NoneStageSlicePosition_None_CpAsyncBulkTensorTile" value_param="(4, 0, 500, 2048, (&apos;nvfuser::WarpSpecialized(index = 1)&apos; with value WarpSpecializedOnTIDyRegisterSharing_NoneStageSlicePosition_None), CpAsyncBulkTensorTile)" file="/opt/pytorch/nvfuser/tests/cpp/test_circular_buffering.cpp" line="1488" status="run" result="completed" time="0.004" timestamp="2025-05-20T08:05:49.044" classname="Hopper/TmaCircularBufferingTest" />
    <testcase name="MultiDim/stage_4_prefetch_0_M_1024_N_2048_WarpSpecializedOnTIDxRegisterSharing_64_168StageSlicePosition_None_CpAsyncBulk" value_param="(4, 0, 1024, 2048, (&apos;nvfuser::WarpSpecialized(index = 1)&apos; with value WarpSpecializedOnTIDxRegisterSharing_64_168StageSlicePosition_None), CpAsyncBulk)" file="/opt/pytorch/nvfuser/tests/cpp/test_circular_buffering.cpp" line="1488" status="run" result="skipped" time="0." timestamp="2025-05-20T08:05:49.049" classname="Hopper/TmaCircularBufferingTest">
      <skipped message="/opt/pytorch/nvfuser/tests/cpp/test_circular_buffering.cpp:1491&#x0A;LoadStoreOpType::CpAsyncBulk only supports 1D TMA&#x0A;"><![CDATA[/opt/pytorch/nvfuser/tests/cpp/test_circular_buffering.cpp:1491
LoadStoreOpType::CpAsyncBulk only supports 1D TMA
]]></skipped>
    </testcase>
    <testcase name="MultiDim/stage_4_prefetch_1_M_128_N_1024_WarpSpecializedOnTIDxRegisterSharing_64_168StageSlicePosition_None_CpAsyncBulkTensorTile" value_param="(4, 1, 128, 1024, (&apos;nvfuser::WarpSpecialized(index = 1)&apos; with value WarpSpecializedOnTIDxRegisterSharing_64_168StageSlicePosition_None), CpAsyncBulkTensorTile)" file="/opt/pytorch/nvfuser/tests/cpp/test_circular_buffering.cpp" line="1488" status="run" result="completed" time="0.154" timestamp="2025-05-20T08:05:49.049" classname="Hopper/TmaCircularBufferingTest" />
    <testcase name="MultiDim/stage_4_prefetch_1_M_500_N_1024_PipelinedMBarrierForWAR_CpAsyncBulk" value_param="(4, 1, 500, 1024, (&apos;nvfuser::Pipelined(index = 0)&apos; with value PipelinedMBarrierForWAR), CpAsyncBulk)" file="/opt/pytorch/nvfuser/tests/cpp/test_circular_buffering.cpp" line="1488" status="run" result="skipped" time="0." timestamp="2025-05-20T08:05:49.203" classname="Hopper/TmaCircularBufferingTest">
      <skipped message="/opt/pytorch/nvfuser/tests/cpp/test_circular_buffering.cpp:1491&#x0A;LoadStoreOpType::CpAsyncBulk only supports 1D TMA&#x0A;"><![CDATA[/opt/pytorch/nvfuser/tests/cpp/test_circular_buffering.cpp:1491
LoadStoreOpType::CpAsyncBulk only supports 1D TMA
]]></skipped>
    </testcase>
    <testcase name="MultiDim/stage_4_prefetch_1_M_500_N_2048_WarpSpecializedOnTIDyRegisterSharing_NoneStageSlicePosition_None_CpAsyncBulkTensorTile" value_param="(4, 1, 500, 2048, (&apos;nvfuser::WarpSpecialized(index = 1)&apos; with value WarpSpecializedOnTIDyRegisterSharing_NoneStageSlicePosition_None), CpAsyncBulkTensorTile)" file="/opt/pytorch/nvfuser/tests/cpp/test_circular_buffering.cpp" line="1488" status="run" result="completed" time="0.007" timestamp="2025-05-20T08:05:49.203" classname="Hopper/TmaCircularBufferingTest" />
    <testcase name="MultiDim/stage_4_prefetch_1_M_1024_N_2048_WarpSpecializedOnTIDyRegisterSharing_64_168StageSlicePosition_None_CpAsyncBulk" value_param="(4, 1, 1024, 2048, (&apos;nvfuser::WarpSpecialized(index = 1)&apos; with value WarpSpecializedOnTIDyRegisterSharing_64_168StageSlicePosition_None), CpAsyncBulk)" file="/opt/pytorch/nvfuser/tests/cpp/test_circular_buffering.cpp" line="1488" status="run" result="skipped" time="0." timestamp="2025-05-20T08:05:49.211" classname="Hopper/TmaCircularBufferingTest">
      <skipped message="/opt/pytorch/nvfuser/tests/cpp/test_circular_buffering.cpp:1491&#x0A;LoadStoreOpType::CpAsyncBulk only supports 1D TMA&#x0A;"><![CDATA[/opt/pytorch/nvfuser/tests/cpp/test_circular_buffering.cpp:1491
LoadStoreOpType::CpAsyncBulk only supports 1D TMA
]]></skipped>
    </testcase>
    <testcase name="MultiDim/stage_4_prefetch_2_M_128_N_1024_WarpSpecializedOnTIDxRegisterSharing_64_168StageSlicePosition_None_CpAsyncBulkTensorTile" value_param="(4, 2, 128, 1024, (&apos;nvfuser::WarpSpecialized(index = 1)&apos; with value WarpSpecializedOnTIDxRegisterSharing_64_168StageSlicePosition_None), CpAsyncBulkTensorTile)" file="/opt/pytorch/nvfuser/tests/cpp/test_circular_buffering.cpp" line="1488" status="run" result="completed" time="0.123" timestamp="2025-05-20T08:05:49.211" classname="Hopper/TmaCircularBufferingTest" />
    <testcase name="MultiDim/stage_4_prefetch_2_M_500_N_1024_WarpSpecializedOnTIDyRegisterSharing_64_168StageSlicePosition_None_CpAsyncBulk" value_param="(4, 2, 500, 1024, (&apos;nvfuser::WarpSpecialized(index = 1)&apos; with value WarpSpecializedOnTIDyRegisterSharing_64_168StageSlicePosition_None), CpAsyncBulk)" file="/opt/pytorch/nvfuser/tests/cpp/test_circular_buffering.cpp" line="1488" status="run" result="skipped" time="0." timestamp="2025-05-20T08:05:49.335" classname="Hopper/TmaCircularBufferingTest">
      <skipped message="/opt/pytorch/nvfuser/tests/cpp/test_circular_buffering.cpp:1491&#x0A;LoadStoreOpType::CpAsyncBulk only supports 1D TMA&#x0A;"><![CDATA[/opt/pytorch/nvfuser/tests/cpp/test_circular_buffering.cpp:1491
LoadStoreOpType::CpAsyncBulk only supports 1D TMA
]]></skipped>
    </testcase>
    <testcase name="MultiDim/stage_4_prefetch_2_M_500_N_2048_WarpSpecializedOnTIDyRegisterSharing_64_168StageSlicePosition_None_CpAsyncBulkTensorTile" value_param="(4, 2, 500, 2048, (&apos;nvfuser::WarpSpecialized(index = 1)&apos; with value WarpSpecializedOnTIDyRegisterSharing_64_168StageSlicePosition_None), CpAsyncBulkTensorTile)" file="/opt/pytorch/nvfuser/tests/cpp/test_circular_buffering.cpp" line="1488" status="run" result="completed" time="0.004" timestamp="2025-05-20T08:05:49.335" classname="Hopper/TmaCircularBufferingTest" />
    <testcase name="MultiDim/stage_4_prefetch_2_M_1024_N_2048_Pipelined_CpAsyncBulk" value_param="(4, 2, 1024, 2048, (&apos;nvfuser::Pipelined(index = 0)&apos; with value Pipelined), CpAsyncBulk)" file="/opt/pytorch/nvfuser/tests/cpp/test_circular_buffering.cpp" line="1488" status="run" result="skipped" time="0." timestamp="2025-05-20T08:05:49.340" classname="Hopper/TmaCircularBufferingTest">
      <skipped message="/opt/pytorch/nvfuser/tests/cpp/test_circular_buffering.cpp:1491&#x0A;LoadStoreOpType::CpAsyncBulk only supports 1D TMA&#x0A;"><![CDATA[/opt/pytorch/nvfuser/tests/cpp/test_circular_buffering.cpp:1491
LoadStoreOpType::CpAsyncBulk only supports 1D TMA
]]></skipped>
    </testcase>
    <testcase name="MultiDim/stage_4_prefetch_3_M_128_N_1024_PipelinedMBarrierForWAR_CpAsyncBulkTensorTile" value_param="(4, 3, 128, 1024, (&apos;nvfuser::Pipelined(index = 0)&apos; with value PipelinedMBarrierForWAR), CpAsyncBulkTensorTile)" file="/opt/pytorch/nvfuser/tests/cpp/test_circular_buffering.cpp" line="1488" status="run" result="completed" time="0.218" timestamp="2025-05-20T08:05:49.340" classname="Hopper/TmaCircularBufferingTest" />
    <testcase name="MultiDim/stage_4_prefetch_3_M_500_N_1024_WarpSpecializedOnTIDxRegisterSharing_64_168StageSlicePosition_None_CpAsyncBulk" value_param="(4, 3, 500, 1024, (&apos;nvfuser::WarpSpecialized(index = 1)&apos; with value WarpSpecializedOnTIDxRegisterSharing_64_168StageSlicePosition_None), CpAsyncBulk)" file="/opt/pytorch/nvfuser/tests/cpp/test_circular_buffering.cpp" line="1488" status="run" result="skipped" time="0." timestamp="2025-05-20T08:05:49.558" classname="Hopper/TmaCircularBufferingTest">
      <skipped message="/opt/pytorch/nvfuser/tests/cpp/test_circular_buffering.cpp:1491&#x0A;LoadStoreOpType::CpAsyncBulk only supports 1D TMA&#x0A;"><![CDATA[/opt/pytorch/nvfuser/tests/cpp/test_circular_buffering.cpp:1491
LoadStoreOpType::CpAsyncBulk only supports 1D TMA
]]></skipped>
    </testcase>
    <testcase name="MultiDim/stage_4_prefetch_3_M_500_N_2048_WarpSpecializedOnTIDxRegisterSharing_NoneStageSlicePosition_None_CpAsyncBulkTensorTile" value_param="(4, 3, 500, 2048, (&apos;nvfuser::WarpSpecialized(index = 1)&apos; with value WarpSpecializedOnTIDxRegisterSharing_NoneStageSlicePosition_None), CpAsyncBulkTensorTile)" file="/opt/pytorch/nvfuser/tests/cpp/test_circular_buffering.cpp" line="1488" status="run" result="completed" time="0.21" timestamp="2025-05-20T08:05:49.558" classname="Hopper/TmaCircularBufferingTest" />
    <testcase name="MultiDim/stage_4_prefetch_3_M_1024_N_2048_WarpSpecializedOnTIDyRegisterSharing_64_168StageSlicePosition_None_CpAsyncBulk" value_param="(4, 3, 1024, 2048, (&apos;nvfuser::WarpSpecialized(index = 1)&apos; with value WarpSpecializedOnTIDyRegisterSharing_64_168StageSlicePosition_None), CpAsyncBulk)" file="/opt/pytorch/nvfuser/tests/cpp/test_circular_buffering.cpp" line="1488" status="run" result="skipped" time="0." timestamp="2025-05-20T08:05:49.769" classname="Hopper/TmaCircularBufferingTest">
      <skipped message="/opt/pytorch/nvfuser/tests/cpp/test_circular_buffering.cpp:1491&#x0A;LoadStoreOpType::CpAsyncBulk only supports 1D TMA&#x0A;"><![CDATA[/opt/pytorch/nvfuser/tests/cpp/test_circular_buffering.cpp:1491
LoadStoreOpType::CpAsyncBulk only supports 1D TMA
]]></skipped>
    </testcase>
    <testcase name="Pointwise/stage_2_prefetch_neg2_M_128_N_1024_PipelinedMBarrierForWAR_CpAsyncBulkTensorTile" value_param="(2, -2, 128, 1024, (&apos;nvfuser::Pipelined(index = 0)&apos; with value PipelinedMBarrierForWAR), CpAsyncBulkTensorTile)" file="/opt/pytorch/nvfuser/tests/cpp/test_circular_buffering.cpp" line="1564" status="run" result="completed" time="0.096" timestamp="2025-05-20T08:05:49.769" classname="Hopper/TmaCircularBufferingTest" />
    <testcase name="Pointwise/stage_2_prefetch_neg2_M_500_N_1024_PipelinedMBarrierForWAR_CpAsyncBulk" value_param="(2, -2, 500, 1024, (&apos;nvfuser::Pipelined(index = 0)&apos; with value PipelinedMBarrierForWAR), CpAsyncBulk)" file="/opt/pytorch/nvfuser/tests/cpp/test_circular_buffering.cpp" line="1564" status="run" result="completed" time="0.117" timestamp="2025-05-20T08:05:49.866" classname="Hopper/TmaCircularBufferingTest" />
    <testcase name="Pointwise/stage_2_prefetch_neg2_M_500_N_2048_WarpSpecializedOnTIDyRegisterSharing_64_168StageSlicePosition_None_CpAsyncBulkTensorTile" value_param="(2, -2, 500, 2048, (&apos;nvfuser::WarpSpecialized(index = 1)&apos; with value WarpSpecializedOnTIDyRegisterSharing_64_168StageSlicePosition_None), CpAsyncBulkTensorTile)" file="/opt/pytorch/nvfuser/tests/cpp/test_circular_buffering.cpp" line="1564" status="run" result="completed" time="0.009" timestamp="2025-05-20T08:05:49.983" classname="Hopper/TmaCircularBufferingTest" />
    <testcase name="Pointwise/stage_2_prefetch_neg2_M_1024_N_2048_WarpSpecializedOnTIDyRegisterSharing_64_168StageSlicePosition_None_CpAsyncBulk" value_param="(2, -2, 1024, 2048, (&apos;nvfuser::WarpSpecialized(index = 1)&apos; with value WarpSpecializedOnTIDyRegisterSharing_64_168StageSlicePosition_None), CpAsyncBulk)" file="/opt/pytorch/nvfuser/tests/cpp/test_circular_buffering.cpp" line="1564" status="run" result="completed" time="0.028" timestamp="2025-05-20T08:05:49.993" classname="Hopper/TmaCircularBufferingTest" />
    <testcase name="Pointwise/stage_2_prefetch_neg1_M_128_N_1024_WarpSpecializedOnTIDyRegisterSharing_NoneStageSlicePosition_None_CpAsyncBulkTensorTile" value_param="(2, -1, 128, 1024, (&apos;nvfuser::WarpSpecialized(index = 1)&apos; with value WarpSpecializedOnTIDyRegisterSharing_NoneStageSlicePosition_None), CpAsyncBulkTensorTile)" file="/opt/pytorch/nvfuser/tests/cpp/test_circular_buffering.cpp" line="1564" status="run" result="completed" time="0.005" timestamp="2025-05-20T08:05:50.022" classname="Hopper/TmaCircularBufferingTest" />
    <testcase name="Pointwise/stage_2_prefetch_neg1_M_500_N_1024_WarpSpecializedOnTIDyRegisterSharing_NoneStageSlicePosition_None_CpAsyncBulk" value_param="(2, -1, 500, 1024, (&apos;nvfuser::WarpSpecialized(index = 1)&apos; with value WarpSpecializedOnTIDyRegisterSharing_NoneStageSlicePosition_None), CpAsyncBulk)" file="/opt/pytorch/nvfuser/tests/cpp/test_circular_buffering.cpp" line="1564" status="run" result="completed" time="0.005" timestamp="2025-05-20T08:05:50.027" classname="Hopper/TmaCircularBufferingTest" />
    <testcase name="Pointwise/stage_2_prefetch_neg1_M_500_N_2048_WarpSpecializedOnTIDyRegisterSharing_64_168StageSlicePosition_None_CpAsyncBulkTensorTile" value_param="(2, -1, 500, 2048, (&apos;nvfuser::WarpSpecialized(index = 1)&apos; with value WarpSpecializedOnTIDyRegisterSharing_64_168StageSlicePosition_None), CpAsyncBulkTensorTile)" file="/opt/pytorch/nvfuser/tests/cpp/test_circular_buffering.cpp" line="1564" status="run" result="completed" time="0.005" timestamp="2025-05-20T08:05:50.033" classname="Hopper/TmaCircularBufferingTest" />
    <testcase name="Pointwise/stage_2_prefetch_neg1_M_1024_N_2048_WarpSpecializedOnTIDyRegisterSharing_64_168StageSlicePosition_None_CpAsyncBulk" value_param="(2, -1, 1024, 2048, (&apos;nvfuser::WarpSpecialized(index = 1)&apos; with value WarpSpecializedOnTIDyRegisterSharing_64_168StageSlicePosition_None), CpAsyncBulk)" file="/opt/pytorch/nvfuser/tests/cpp/test_circular_buffering.cpp" line="1564" status="run" result="completed" time="0.024" timestamp="2025-05-20T08:05:50.038" classname="Hopper/TmaCircularBufferingTest" />
    <testcase name="Pointwise/stage_2_prefetch_0_M_128_N_1024_WarpSpecializedOnTIDyRegisterSharing_NoneStageSlicePosition_None_CpAsyncBulkTensorTile" value_param="(2, 0, 128, 1024, (&apos;nvfuser::WarpSpecialized(index = 1)&apos; with value WarpSpecializedOnTIDyRegisterSharing_NoneStageSlicePosition_None), CpAsyncBulkTensorTile)" file="/opt/pytorch/nvfuser/tests/cpp/test_circular_buffering.cpp" line="1564" status="run" result="completed" time="0.005" timestamp="2025-05-20T08:05:50.062" classname="Hopper/TmaCircularBufferingTest" />
    <testcase name="Pointwise/stage_2_prefetch_0_M_500_N_1024_Pipelined_CpAsyncBulk" value_param="(2, 0, 500, 1024, (&apos;nvfuser::Pipelined(index = 0)&apos; with value Pipelined), CpAsyncBulk)" file="/opt/pytorch/nvfuser/tests/cpp/test_circular_buffering.cpp" line="1564" status="run" result="completed" time="0.11" timestamp="2025-05-20T08:05:50.068" classname="Hopper/TmaCircularBufferingTest" />
    <testcase name="Pointwise/stage_2_prefetch_0_M_500_N_2048_WarpSpecializedOnTIDyRegisterSharing_NoneStageSlicePosition_None_CpAsyncBulkTensorTile" value_param="(2, 0, 500, 2048, (&apos;nvfuser::WarpSpecialized(index = 1)&apos; with value WarpSpecializedOnTIDyRegisterSharing_NoneStageSlicePosition_None), CpAsyncBulkTensorTile)" file="/opt/pytorch/nvfuser/tests/cpp/test_circular_buffering.cpp" line="1564" status="run" result="completed" time="0.006" timestamp="2025-05-20T08:05:50.179" classname="Hopper/TmaCircularBufferingTest" />
    <testcase name="Pointwise/stage_2_prefetch_0_M_1024_N_2048_Pipelined_CpAsyncBulk" value_param="(2, 0, 1024, 2048, (&apos;nvfuser::Pipelined(index = 0)&apos; with value Pipelined), CpAsyncBulk)" file="/opt/pytorch/nvfuser/tests/cpp/test_circular_buffering.cpp" line="1564" status="run" result="completed" time="0.151" timestamp="2025-05-20T08:05:50.185" classname="Hopper/TmaCircularBufferingTest" />
    <testcase name="Pointwise/stage_2_prefetch_1_M_128_N_1024_WarpSpecializedOnTIDxRegisterSharing_64_168StageSlicePosition_None_CpAsyncBulkTensorTile" value_param="(2, 1, 128, 1024, (&apos;nvfuser::WarpSpecialized(index = 1)&apos; with value WarpSpecializedOnTIDxRegisterSharing_64_168StageSlicePosition_None), CpAsyncBulkTensorTile)" file="/opt/pytorch/nvfuser/tests/cpp/test_circular_buffering.cpp" line="1564" status="run" result="completed" time="0.096" timestamp="2025-05-20T08:05:50.336" classname="Hopper/TmaCircularBufferingTest" />
    <testcase name="Pointwise/stage_2_prefetch_1_M_500_N_1024_WarpSpecializedOnTIDyRegisterSharing_64_168StageSlicePosition_None_CpAsyncBulk" value_param="(2, 1, 500, 1024, (&apos;nvfuser::WarpSpecialized(index = 1)&apos; with value WarpSpecializedOnTIDyRegisterSharing_64_168StageSlicePosition_None), CpAsyncBulk)" file="/opt/pytorch/nvfuser/tests/cpp/test_circular_buffering.cpp" line="1564" status="run" result="completed" time="0.005" timestamp="2025-05-20T08:05:50.432" classname="Hopper/TmaCircularBufferingTest" />
    <testcase name="Pointwise/stage_2_prefetch_1_M_500_N_2048_WarpSpecializedOnTIDyRegisterSharing_64_168StageSlicePosition_None_CpAsyncBulkTensorTile" value_param="(2, 1, 500, 2048, (&apos;nvfuser::WarpSpecialized(index = 1)&apos; with value WarpSpecializedOnTIDyRegisterSharing_64_168StageSlicePosition_None), CpAsyncBulkTensorTile)" file="/opt/pytorch/nvfuser/tests/cpp/test_circular_buffering.cpp" line="1564" status="run" result="completed" time="0.005" timestamp="2025-05-20T08:05:50.438" classname="Hopper/TmaCircularBufferingTest" />
    <testcase name="Pointwise/stage_2_prefetch_1_M_1024_N_2048_WarpSpecializedOnTIDyRegisterSharing_64_168StageSlicePosition_None_CpAsyncBulk" value_param="(2, 1, 1024, 2048, (&apos;nvfuser::WarpSpecialized(index = 1)&apos; with value WarpSpecializedOnTIDyRegisterSharing_64_168StageSlicePosition_None), CpAsyncBulk)" file="/opt/pytorch/nvfuser/tests/cpp/test_circular_buffering.cpp" line="1564" status="run" result="completed" time="0.005" timestamp="2025-05-20T08:05:50.444" classname="Hopper/TmaCircularBufferingTest" />
    <testcase name="Pointwise/stage_4_prefetch_neg4_M_128_N_1024_PipelinedMBarrierForWAR_CpAsyncBulkTensorTile" value_param="(4, -4, 128, 1024, (&apos;nvfuser::Pipelined(index = 0)&apos; with value PipelinedMBarrierForWAR), CpAsyncBulkTensorTile)" file="/opt/pytorch/nvfuser/tests/cpp/test_circular_buffering.cpp" line="1564" status="run" result="completed" time="0.109" timestamp="2025-05-20T08:05:50.450" classname="Hopper/TmaCircularBufferingTest" />
    <testcase name="Pointwise/stage_4_prefetch_neg4_M_500_N_1024_WarpSpecializedOnTIDxRegisterSharing_64_168StageSlicePosition_None_CpAsyncBulk" value_param="(4, -4, 500, 1024, (&apos;nvfuser::WarpSpecialized(index = 1)&apos; with value WarpSpecializedOnTIDxRegisterSharing_64_168StageSlicePosition_None), CpAsyncBulk)" file="/opt/pytorch/nvfuser/tests/cpp/test_circular_buffering.cpp" line="1564" status="run" result="completed" time="0.164" timestamp="2025-05-20T08:05:50.559" classname="Hopper/TmaCircularBufferingTest" />
    <testcase name="Pointwise/stage_4_prefetch_neg4_M_500_N_2048_WarpSpecializedOnTIDxRegisterSharing_NoneStageSlicePosition_None_CpAsyncBulkTensorTile" value_param="(4, -4, 500, 2048, (&apos;nvfuser::WarpSpecialized(index = 1)&apos; with value WarpSpecializedOnTIDxRegisterSharing_NoneStageSlicePosition_None), CpAsyncBulkTensorTile)" file="/opt/pytorch/nvfuser/tests/cpp/test_circular_buffering.cpp" line="1564" status="run" result="completed" time="0.122" timestamp="2025-05-20T08:05:50.723" classname="Hopper/TmaCircularBufferingTest" />
    <testcase name="Pointwise/stage_4_prefetch_neg4_M_1024_N_2048_WarpSpecializedOnTIDyRegisterSharing_64_168StageSlicePosition_None_CpAsyncBulk" value_param="(4, -4, 1024, 2048, (&apos;nvfuser::WarpSpecialized(index = 1)&apos; with value WarpSpecializedOnTIDyRegisterSharing_64_168StageSlicePosition_None), CpAsyncBulk)" file="/opt/pytorch/nvfuser/tests/cpp/test_circular_buffering.cpp" line="1564" status="run" result="completed" time="0.005" timestamp="2025-05-20T08:05:50.846" classname="Hopper/TmaCircularBufferingTest" />
    <testcase name="Pointwise/stage_4_prefetch_neg3_M_128_N_1024_WarpSpecializedOnTIDxRegisterSharing_NoneStageSlicePosition_None_CpAsyncBulkTensorTile" value_param="(4, -3, 128, 1024, (&apos;nvfuser::WarpSpecialized(index = 1)&apos; with value WarpSpecializedOnTIDxRegisterSharing_NoneStageSlicePosition_None), CpAsyncBulkTensorTile)" file="/opt/pytorch/nvfuser/tests/cpp/test_circular_buffering.cpp" line="1564" status="run" result="completed" time="0.095" timestamp="2025-05-20T08:05:50.852" classname="Hopper/TmaCircularBufferingTest" />
    <testcase name="Pointwise/stage_4_prefetch_neg3_M_500_N_1024_WarpSpecializedOnTIDyRegisterSharing_NoneStageSlicePosition_None_CpAsyncBulk" value_param="(4, -3, 500, 1024, (&apos;nvfuser::WarpSpecialized(index = 1)&apos; with value WarpSpecializedOnTIDyRegisterSharing_NoneStageSlicePosition_None), CpAsyncBulk)" file="/opt/pytorch/nvfuser/tests/cpp/test_circular_buffering.cpp" line="1564" status="run" result="completed" time="0.009" timestamp="2025-05-20T08:05:50.947" classname="Hopper/TmaCircularBufferingTest" />
    <testcase name="Pointwise/stage_4_prefetch_neg3_M_500_N_2048_WarpSpecializedOnTIDxRegisterSharing_64_168StageSlicePosition_None_CpAsyncBulkTensorTile" value_param="(4, -3, 500, 2048, (&apos;nvfuser::WarpSpecialized(index = 1)&apos; with value WarpSpecializedOnTIDxRegisterSharing_64_168StageSlicePosition_None), CpAsyncBulkTensorTile)" file="/opt/pytorch/nvfuser/tests/cpp/test_circular_buffering.cpp" line="1564" status="run" result="completed" time="0.106" timestamp="2025-05-20T08:05:50.957" classname="Hopper/TmaCircularBufferingTest" />
    <testcase name="Pointwise/stage_4_prefetch_neg3_M_1024_N_2048_WarpSpecializedOnTIDxRegisterSharing_NoneStageSlicePosition_None_CpAsyncBulk" value_param="(4, -3, 1024, 2048, (&apos;nvfuser::WarpSpecialized(index = 1)&apos; with value WarpSpecializedOnTIDxRegisterSharing_NoneStageSlicePosition_None), CpAsyncBulk)" file="/opt/pytorch/nvfuser/tests/cpp/test_circular_buffering.cpp" line="1564" status="run" result="completed" time="0.111" timestamp="2025-05-20T08:05:51.063" classname="Hopper/TmaCircularBufferingTest" />
    <testcase name="Pointwise/stage_4_prefetch_neg2_M_128_N_1024_Pipelined_CpAsyncBulkTensorTile" value_param="(4, -2, 128, 1024, (&apos;nvfuser::Pipelined(index = 0)&apos; with value Pipelined), CpAsyncBulkTensorTile)" file="/opt/pytorch/nvfuser/tests/cpp/test_circular_buffering.cpp" line="1564" status="run" result="completed" time="0.122" timestamp="2025-05-20T08:05:51.175" classname="Hopper/TmaCircularBufferingTest" />
    <testcase name="Pointwise/stage_4_prefetch_neg2_M_500_N_1024_Pipelined_CpAsyncBulk" value_param="(4, -2, 500, 1024, (&apos;nvfuser::Pipelined(index = 0)&apos; with value Pipelined), CpAsyncBulk)" file="/opt/pytorch/nvfuser/tests/cpp/test_circular_buffering.cpp" line="1564" status="run" result="completed" time="0.109" timestamp="2025-05-20T08:05:51.297" classname="Hopper/TmaCircularBufferingTest" />
    <testcase name="Pointwise/stage_4_prefetch_neg2_M_500_N_2048_WarpSpecializedOnTIDyRegisterSharing_NoneStageSlicePosition_None_CpAsyncBulkTensorTile" value_param="(4, -2, 500, 2048, (&apos;nvfuser::WarpSpecialized(index = 1)&apos; with value WarpSpecializedOnTIDyRegisterSharing_NoneStageSlicePosition_None), CpAsyncBulkTensorTile)" file="/opt/pytorch/nvfuser/tests/cpp/test_circular_buffering.cpp" line="1564" status="run" result="completed" time="0.008" timestamp="2025-05-20T08:05:51.407" classname="Hopper/TmaCircularBufferingTest" />
    <testcase name="Pointwise/stage_4_prefetch_neg2_M_1024_N_2048_Pipelined_CpAsyncBulk" value_param="(4, -2, 1024, 2048, (&apos;nvfuser::Pipelined(index = 0)&apos; with value Pipelined), CpAsyncBulk)" file="/opt/pytorch/nvfuser/tests/cpp/test_circular_buffering.cpp" line="1564" status="run" result="completed" time="0.083" timestamp="2025-05-20T08:05:51.416" classname="Hopper/TmaCircularBufferingTest" />
    <testcase name="Pointwise/stage_4_prefetch_neg1_M_128_N_1024_Pipelined_CpAsyncBulkTensorTile" value_param="(4, -1, 128, 1024, (&apos;nvfuser::Pipelined(index = 0)&apos; with value Pipelined), CpAsyncBulkTensorTile)" file="/opt/pytorch/nvfuser/tests/cpp/test_circular_buffering.cpp" line="1564" status="run" result="completed" time="0.122" timestamp="2025-05-20T08:05:51.499" classname="Hopper/TmaCircularBufferingTest" />
    <testcase name="Pointwise/stage_4_prefetch_neg1_M_500_N_1024_WarpSpecializedOnTIDyRegisterSharing_NoneStageSlicePosition_None_CpAsyncBulk" value_param="(4, -1, 500, 1024, (&apos;nvfuser::WarpSpecialized(index = 1)&apos; with value WarpSpecializedOnTIDyRegisterSharing_NoneStageSlicePosition_None), CpAsyncBulk)" file="/opt/pytorch/nvfuser/tests/cpp/test_circular_buffering.cpp" line="1564" status="run" result="completed" time="0.006" timestamp="2025-05-20T08:05:51.622" classname="Hopper/TmaCircularBufferingTest" />
    <testcase name="Pointwise/stage_4_prefetch_neg1_M_500_N_2048_WarpSpecializedOnTIDyRegisterSharing_64_168StageSlicePosition_None_CpAsyncBulkTensorTile" value_param="(4, -1, 500, 2048, (&apos;nvfuser::WarpSpecialized(index = 1)&apos; with value WarpSpecializedOnTIDyRegisterSharing_64_168StageSlicePosition_None), CpAsyncBulkTensorTile)" file="/opt/pytorch/nvfuser/tests/cpp/test_circular_buffering.cpp" line="1564" status="run" result="completed" time="0.011" timestamp="2025-05-20T08:05:51.628" classname="Hopper/TmaCircularBufferingTest" />
    <testcase name="Pointwise/stage_4_prefetch_neg1_M_1024_N_2048_WarpSpecializedOnTIDxRegisterSharing_64_168StageSlicePosition_None_CpAsyncBulk" value_param="(4, -1, 1024, 2048, (&apos;nvfuser::WarpSpecialized(index = 1)&apos; with value WarpSpecializedOnTIDxRegisterSharing_64_168StageSlicePosition_None), CpAsyncBulk)" file="/opt/pytorch/nvfuser/tests/cpp/test_circular_buffering.cpp" line="1564" status="run" result="completed" time="0.219" timestamp="2025-05-20T08:05:51.640" classname="Hopper/TmaCircularBufferingTest" />
    <testcase name="Pointwise/stage_4_prefetch_0_M_128_N_1024_PipelinedMBarrierForWAR_CpAsyncBulkTensorTile" value_param="(4, 0, 128, 1024, (&apos;nvfuser::Pipelined(index = 0)&apos; with value PipelinedMBarrierForWAR), CpAsyncBulkTensorTile)" file="/opt/pytorch/nvfuser/tests/cpp/test_circular_buffering.cpp" line="1564" status="run" result="completed" time="0.102" timestamp="2025-05-20T08:05:51.859" classname="Hopper/TmaCircularBufferingTest" />
    <testcase name="Pointwise/stage_4_prefetch_0_M_500_N_1024_WarpSpecializedOnTIDyRegisterSharing_64_168StageSlicePosition_None_CpAsyncBulk" value_param="(4, 0, 500, 1024, (&apos;nvfuser::WarpSpecialized(index = 1)&apos; with value WarpSpecializedOnTIDyRegisterSharing_64_168StageSlicePosition_None), CpAsyncBulk)" file="/opt/pytorch/nvfuser/tests/cpp/test_circular_buffering.cpp" line="1564" status="run" result="completed" time="0.012" timestamp="2025-05-20T08:05:51.962" classname="Hopper/TmaCircularBufferingTest" />
    <testcase name="Pointwise/stage_4_prefetch_0_M_500_N_2048_WarpSpecializedOnTIDyRegisterSharing_NoneStageSlicePosition_None_CpAsyncBulkTensorTile" value_param="(4, 0, 500, 2048, (&apos;nvfuser::WarpSpecialized(index = 1)&apos; with value WarpSpecializedOnTIDyRegisterSharing_NoneStageSlicePosition_None), CpAsyncBulkTensorTile)" file="/opt/pytorch/nvfuser/tests/cpp/test_circular_buffering.cpp" line="1564" status="run" result="completed" time="0.008" timestamp="2025-05-20T08:05:51.974" classname="Hopper/TmaCircularBufferingTest" />
    <testcase name="Pointwise/stage_4_prefetch_0_M_1024_N_2048_WarpSpecializedOnTIDxRegisterSharing_64_168StageSlicePosition_None_CpAsyncBulk" value_param="(4, 0, 1024, 2048, (&apos;nvfuser::WarpSpecialized(index = 1)&apos; with value WarpSpecializedOnTIDxRegisterSharing_64_168StageSlicePosition_None), CpAsyncBulk)" file="/opt/pytorch/nvfuser/tests/cpp/test_circular_buffering.cpp" line="1564" status="run" result="completed" time="0.137" timestamp="2025-05-20T08:05:51.983" classname="Hopper/TmaCircularBufferingTest" />
    <testcase name="Pointwise/stage_4_prefetch_1_M_128_N_1024_WarpSpecializedOnTIDxRegisterSharing_64_168StageSlicePosition_None_CpAsyncBulkTensorTile" value_param="(4, 1, 128, 1024, (&apos;nvfuser::WarpSpecialized(index = 1)&apos; with value WarpSpecializedOnTIDxRegisterSharing_64_168StageSlicePosition_None), CpAsyncBulkTensorTile)" file="/opt/pytorch/nvfuser/tests/cpp/test_circular_buffering.cpp" line="1564" status="run" result="completed" time="0.106" timestamp="2025-05-20T08:05:52.120" classname="Hopper/TmaCircularBufferingTest" />
    <testcase name="Pointwise/stage_4_prefetch_1_M_500_N_1024_PipelinedMBarrierForWAR_CpAsyncBulk" value_param="(4, 1, 500, 1024, (&apos;nvfuser::Pipelined(index = 0)&apos; with value PipelinedMBarrierForWAR), CpAsyncBulk)" file="/opt/pytorch/nvfuser/tests/cpp/test_circular_buffering.cpp" line="1564" status="run" result="completed" time="0.128" timestamp="2025-05-20T08:05:52.227" classname="Hopper/TmaCircularBufferingTest" />
    <testcase name="Pointwise/stage_4_prefetch_1_M_500_N_2048_WarpSpecializedOnTIDyRegisterSharing_NoneStageSlicePosition_None_CpAsyncBulkTensorTile" value_param="(4, 1, 500, 2048, (&apos;nvfuser::WarpSpecialized(index = 1)&apos; with value WarpSpecializedOnTIDyRegisterSharing_NoneStageSlicePosition_None), CpAsyncBulkTensorTile)" file="/opt/pytorch/nvfuser/tests/cpp/test_circular_buffering.cpp" line="1564" status="run" result="completed" time="0.007" timestamp="2025-05-20T08:05:52.355" classname="Hopper/TmaCircularBufferingTest" />
    <testcase name="Pointwise/stage_4_prefetch_1_M_1024_N_2048_WarpSpecializedOnTIDyRegisterSharing_64_168StageSlicePosition_None_CpAsyncBulk" value_param="(4, 1, 1024, 2048, (&apos;nvfuser::WarpSpecialized(index = 1)&apos; with value WarpSpecializedOnTIDyRegisterSharing_64_168StageSlicePosition_None), CpAsyncBulk)" file="/opt/pytorch/nvfuser/tests/cpp/test_circular_buffering.cpp" line="1564" status="run" result="completed" time="0.005" timestamp="2025-05-20T08:05:52.363" classname="Hopper/TmaCircularBufferingTest" />
    <testcase name="Pointwise/stage_4_prefetch_2_M_128_N_1024_WarpSpecializedOnTIDxRegisterSharing_64_168StageSlicePosition_None_CpAsyncBulkTensorTile" value_param="(4, 2, 128, 1024, (&apos;nvfuser::WarpSpecialized(index = 1)&apos; with value WarpSpecializedOnTIDxRegisterSharing_64_168StageSlicePosition_None), CpAsyncBulkTensorTile)" file="/opt/pytorch/nvfuser/tests/cpp/test_circular_buffering.cpp" line="1564" status="run" result="completed" time="0.128" timestamp="2025-05-20T08:05:52.369" classname="Hopper/TmaCircularBufferingTest" />
    <testcase name="Pointwise/stage_4_prefetch_2_M_500_N_1024_WarpSpecializedOnTIDyRegisterSharing_64_168StageSlicePosition_None_CpAsyncBulk" value_param="(4, 2, 500, 1024, (&apos;nvfuser::WarpSpecialized(index = 1)&apos; with value WarpSpecializedOnTIDyRegisterSharing_64_168StageSlicePosition_None), CpAsyncBulk)" file="/opt/pytorch/nvfuser/tests/cpp/test_circular_buffering.cpp" line="1564" status="run" result="completed" time="0.042" timestamp="2025-05-20T08:05:52.497" classname="Hopper/TmaCircularBufferingTest" />
    <testcase name="Pointwise/stage_4_prefetch_2_M_500_N_2048_WarpSpecializedOnTIDyRegisterSharing_64_168StageSlicePosition_None_CpAsyncBulkTensorTile" value_param="(4, 2, 500, 2048, (&apos;nvfuser::WarpSpecialized(index = 1)&apos; with value WarpSpecializedOnTIDyRegisterSharing_64_168StageSlicePosition_None), CpAsyncBulkTensorTile)" file="/opt/pytorch/nvfuser/tests/cpp/test_circular_buffering.cpp" line="1564" status="run" result="completed" time="0.007" timestamp="2025-05-20T08:05:52.540" classname="Hopper/TmaCircularBufferingTest" />
    <testcase name="Pointwise/stage_4_prefetch_2_M_1024_N_2048_Pipelined_CpAsyncBulk" value_param="(4, 2, 1024, 2048, (&apos;nvfuser::Pipelined(index = 0)&apos; with value Pipelined), CpAsyncBulk)" file="/opt/pytorch/nvfuser/tests/cpp/test_circular_buffering.cpp" line="1564" status="run" result="completed" time="0.16" timestamp="2025-05-20T08:05:52.548" classname="Hopper/TmaCircularBufferingTest" />
    <testcase name="Pointwise/stage_4_prefetch_3_M_128_N_1024_PipelinedMBarrierForWAR_CpAsyncBulkTensorTile" value_param="(4, 3, 128, 1024, (&apos;nvfuser::Pipelined(index = 0)&apos; with value PipelinedMBarrierForWAR), CpAsyncBulkTensorTile)" file="/opt/pytorch/nvfuser/tests/cpp/test_circular_buffering.cpp" line="1564" status="run" result="completed" time="0.217" timestamp="2025-05-20T08:05:52.708" classname="Hopper/TmaCircularBufferingTest" />
    <testcase name="Pointwise/stage_4_prefetch_3_M_500_N_1024_WarpSpecializedOnTIDxRegisterSharing_64_168StageSlicePosition_None_CpAsyncBulk" value_param="(4, 3, 500, 1024, (&apos;nvfuser::WarpSpecialized(index = 1)&apos; with value WarpSpecializedOnTIDxRegisterSharing_64_168StageSlicePosition_None), CpAsyncBulk)" file="/opt/pytorch/nvfuser/tests/cpp/test_circular_buffering.cpp" line="1564" status="run" result="completed" time="0.171" timestamp="2025-05-20T08:05:52.926" classname="Hopper/TmaCircularBufferingTest" />
    <testcase name="Pointwise/stage_4_prefetch_3_M_500_N_2048_WarpSpecializedOnTIDxRegisterSharing_NoneStageSlicePosition_None_CpAsyncBulkTensorTile" value_param="(4, 3, 500, 2048, (&apos;nvfuser::WarpSpecialized(index = 1)&apos; with value WarpSpecializedOnTIDxRegisterSharing_NoneStageSlicePosition_None), CpAsyncBulkTensorTile)" file="/opt/pytorch/nvfuser/tests/cpp/test_circular_buffering.cpp" line="1564" status="run" result="completed" time="0.217" timestamp="2025-05-20T08:05:53.098" classname="Hopper/TmaCircularBufferingTest" />
    <testcase name="Pointwise/stage_4_prefetch_3_M_1024_N_2048_WarpSpecializedOnTIDyRegisterSharing_64_168StageSlicePosition_None_CpAsyncBulk" value_param="(4, 3, 1024, 2048, (&apos;nvfuser::WarpSpecialized(index = 1)&apos; with value WarpSpecializedOnTIDyRegisterSharing_64_168StageSlicePosition_None), CpAsyncBulk)" file="/opt/pytorch/nvfuser/tests/cpp/test_circular_buffering.cpp" line="1564" status="run" result="completed" time="0.012" timestamp="2025-05-20T08:05:53.315" classname="Hopper/TmaCircularBufferingTest" />
    <testcase name="PointwiseCpAsync/stage_2_prefetch_neg2_M_128_N_1024_PipelinedMBarrierForWAR_CpAsyncBulkTensorTile" value_param="(2, -2, 128, 1024, (&apos;nvfuser::Pipelined(index = 0)&apos; with value PipelinedMBarrierForWAR), CpAsyncBulkTensorTile)" file="/opt/pytorch/nvfuser/tests/cpp/test_circular_buffering.cpp" line="1639" status="run" result="skipped" time="0." timestamp="2025-05-20T08:05:53.328" classname="Hopper/TmaCircularBufferingTest">
      <skipped message="/opt/pytorch/nvfuser/tests/cpp/test_circular_buffering.cpp:1640&#x0A;Needs shared memory predicate, but current needsSharedMemoryPredicate() returns false&#x0A;"><![CDATA[/opt/pytorch/nvfuser/tests/cpp/test_circular_buffering.cpp:1640
Needs shared memory predicate, but current needsSharedMemoryPredicate() returns false
]]></skipped>
    </testcase>
    <testcase name="PointwiseCpAsync/stage_2_prefetch_neg2_M_500_N_1024_PipelinedMBarrierForWAR_CpAsyncBulk" value_param="(2, -2, 500, 1024, (&apos;nvfuser::Pipelined(index = 0)&apos; with value PipelinedMBarrierForWAR), CpAsyncBulk)" file="/opt/pytorch/nvfuser/tests/cpp/test_circular_buffering.cpp" line="1639" status="run" result="skipped" time="0." timestamp="2025-05-20T08:05:53.328" classname="Hopper/TmaCircularBufferingTest">
      <skipped message="/opt/pytorch/nvfuser/tests/cpp/test_circular_buffering.cpp:1640&#x0A;Needs shared memory predicate, but current needsSharedMemoryPredicate() returns false&#x0A;"><![CDATA[/opt/pytorch/nvfuser/tests/cpp/test_circular_buffering.cpp:1640
Needs shared memory predicate, but current needsSharedMemoryPredicate() returns false
]]></skipped>
    </testcase>
    <testcase name="PointwiseCpAsync/stage_2_prefetch_neg2_M_500_N_2048_WarpSpecializedOnTIDyRegisterSharing_64_168StageSlicePosition_None_CpAsyncBulkTensorTile" value_param="(2, -2, 500, 2048, (&apos;nvfuser::WarpSpecialized(index = 1)&apos; with value WarpSpecializedOnTIDyRegisterSharing_64_168StageSlicePosition_None), CpAsyncBulkTensorTile)" file="/opt/pytorch/nvfuser/tests/cpp/test_circular_buffering.cpp" line="1639" status="run" result="skipped" time="0." timestamp="2025-05-20T08:05:53.328" classname="Hopper/TmaCircularBufferingTest">
      <skipped message="/opt/pytorch/nvfuser/tests/cpp/test_circular_buffering.cpp:1640&#x0A;Needs shared memory predicate, but current needsSharedMemoryPredicate() returns false&#x0A;"><![CDATA[/opt/pytorch/nvfuser/tests/cpp/test_circular_buffering.cpp:1640
Needs shared memory predicate, but current needsSharedMemoryPredicate() returns false
]]></skipped>
    </testcase>
    <testcase name="PointwiseCpAsync/stage_2_prefetch_neg2_M_1024_N_2048_WarpSpecializedOnTIDyRegisterSharing_64_168StageSlicePosition_None_CpAsyncBulk" value_param="(2, -2, 1024, 2048, (&apos;nvfuser::WarpSpecialized(index = 1)&apos; with value WarpSpecializedOnTIDyRegisterSharing_64_168StageSlicePosition_None), CpAsyncBulk)" file="/opt/pytorch/nvfuser/tests/cpp/test_circular_buffering.cpp" line="1639" status="run" result="skipped" time="0." timestamp="2025-05-20T08:05:53.328" classname="Hopper/TmaCircularBufferingTest">
      <skipped message="/opt/pytorch/nvfuser/tests/cpp/test_circular_buffering.cpp:1640&#x0A;Needs shared memory predicate, but current needsSharedMemoryPredicate() returns false&#x0A;"><![CDATA[/opt/pytorch/nvfuser/tests/cpp/test_circular_buffering.cpp:1640
Needs shared memory predicate, but current needsSharedMemoryPredicate() returns false
]]></skipped>
    </testcase>
    <testcase name="PointwiseCpAsync/stage_2_prefetch_neg1_M_128_N_1024_WarpSpecializedOnTIDyRegisterSharing_NoneStageSlicePosition_None_CpAsyncBulkTensorTile" value_param="(2, -1, 128, 1024, (&apos;nvfuser::WarpSpecialized(index = 1)&apos; with value WarpSpecializedOnTIDyRegisterSharing_NoneStageSlicePosition_None), CpAsyncBulkTensorTile)" file="/opt/pytorch/nvfuser/tests/cpp/test_circular_buffering.cpp" line="1639" status="run" result="skipped" time="0." timestamp="2025-05-20T08:05:53.328" classname="Hopper/TmaCircularBufferingTest">
      <skipped message="/opt/pytorch/nvfuser/tests/cpp/test_circular_buffering.cpp:1640&#x0A;Needs shared memory predicate, but current needsSharedMemoryPredicate() returns false&#x0A;"><![CDATA[/opt/pytorch/nvfuser/tests/cpp/test_circular_buffering.cpp:1640
Needs shared memory predicate, but current needsSharedMemoryPredicate() returns false
]]></skipped>
    </testcase>
    <testcase name="PointwiseCpAsync/stage_2_prefetch_neg1_M_500_N_1024_WarpSpecializedOnTIDyRegisterSharing_NoneStageSlicePosition_None_CpAsyncBulk" value_param="(2, -1, 500, 1024, (&apos;nvfuser::WarpSpecialized(index = 1)&apos; with value WarpSpecializedOnTIDyRegisterSharing_NoneStageSlicePosition_None), CpAsyncBulk)" file="/opt/pytorch/nvfuser/tests/cpp/test_circular_buffering.cpp" line="1639" status="run" result="skipped" time="0." timestamp="2025-05-20T08:05:53.328" classname="Hopper/TmaCircularBufferingTest">
      <skipped message="/opt/pytorch/nvfuser/tests/cpp/test_circular_buffering.cpp:1640&#x0A;Needs shared memory predicate, but current needsSharedMemoryPredicate() returns false&#x0A;"><![CDATA[/opt/pytorch/nvfuser/tests/cpp/test_circular_buffering.cpp:1640
Needs shared memory predicate, but current needsSharedMemoryPredicate() returns false
]]></skipped>
    </testcase>
    <testcase name="PointwiseCpAsync/stage_2_prefetch_neg1_M_500_N_2048_WarpSpecializedOnTIDyRegisterSharing_64_168StageSlicePosition_None_CpAsyncBulkTensorTile" value_param="(2, -1, 500, 2048, (&apos;nvfuser::WarpSpecialized(index = 1)&apos; with value WarpSpecializedOnTIDyRegisterSharing_64_168StageSlicePosition_None), CpAsyncBulkTensorTile)" file="/opt/pytorch/nvfuser/tests/cpp/test_circular_buffering.cpp" line="1639" status="run" result="skipped" time="0." timestamp="2025-05-20T08:05:53.328" classname="Hopper/TmaCircularBufferingTest">
      <skipped message="/opt/pytorch/nvfuser/tests/cpp/test_circular_buffering.cpp:1640&#x0A;Needs shared memory predicate, but current needsSharedMemoryPredicate() returns false&#x0A;"><![CDATA[/opt/pytorch/nvfuser/tests/cpp/test_circular_buffering.cpp:1640
Needs shared memory predicate, but current needsSharedMemoryPredicate() returns false
]]></skipped>
    </testcase>
    <testcase name="PointwiseCpAsync/stage_2_prefetch_neg1_M_1024_N_2048_WarpSpecializedOnTIDyRegisterSharing_64_168StageSlicePosition_None_CpAsyncBulk" value_param="(2, -1, 1024, 2048, (&apos;nvfuser::WarpSpecialized(index = 1)&apos; with value WarpSpecializedOnTIDyRegisterSharing_64_168StageSlicePosition_None), CpAsyncBulk)" file="/opt/pytorch/nvfuser/tests/cpp/test_circular_buffering.cpp" line="1639" status="run" result="skipped" time="0." timestamp="2025-05-20T08:05:53.328" classname="Hopper/TmaCircularBufferingTest">
      <skipped message="/opt/pytorch/nvfuser/tests/cpp/test_circular_buffering.cpp:1640&#x0A;Needs shared memory predicate, but current needsSharedMemoryPredicate() returns false&#x0A;"><![CDATA[/opt/pytorch/nvfuser/tests/cpp/test_circular_buffering.cpp:1640
Needs shared memory predicate, but current needsSharedMemoryPredicate() returns false
]]></skipped>
    </testcase>
    <testcase name="PointwiseCpAsync/stage_2_prefetch_0_M_128_N_1024_WarpSpecializedOnTIDyRegisterSharing_NoneStageSlicePosition_None_CpAsyncBulkTensorTile" value_param="(2, 0, 128, 1024, (&apos;nvfuser::WarpSpecialized(index = 1)&apos; with value WarpSpecializedOnTIDyRegisterSharing_NoneStageSlicePosition_None), CpAsyncBulkTensorTile)" file="/opt/pytorch/nvfuser/tests/cpp/test_circular_buffering.cpp" line="1639" status="run" result="skipped" time="0." timestamp="2025-05-20T08:05:53.328" classname="Hopper/TmaCircularBufferingTest">
      <skipped message="/opt/pytorch/nvfuser/tests/cpp/test_circular_buffering.cpp:1640&#x0A;Needs shared memory predicate, but current needsSharedMemoryPredicate() returns false&#x0A;"><![CDATA[/opt/pytorch/nvfuser/tests/cpp/test_circular_buffering.cpp:1640
Needs shared memory predicate, but current needsSharedMemoryPredicate() returns false
]]></skipped>
    </testcase>
    <testcase name="PointwiseCpAsync/stage_2_prefetch_0_M_500_N_1024_Pipelined_CpAsyncBulk" value_param="(2, 0, 500, 1024, (&apos;nvfuser::Pipelined(index = 0)&apos; with value Pipelined), CpAsyncBulk)" file="/opt/pytorch/nvfuser/tests/cpp/test_circular_buffering.cpp" line="1639" status="run" result="skipped" time="0." timestamp="2025-05-20T08:05:53.328" classname="Hopper/TmaCircularBufferingTest">
      <skipped message="/opt/pytorch/nvfuser/tests/cpp/test_circular_buffering.cpp:1640&#x0A;Needs shared memory predicate, but current needsSharedMemoryPredicate() returns false&#x0A;"><![CDATA[/opt/pytorch/nvfuser/tests/cpp/test_circular_buffering.cpp:1640
Needs shared memory predicate, but current needsSharedMemoryPredicate() returns false
]]></skipped>
    </testcase>
    <testcase name="PointwiseCpAsync/stage_2_prefetch_0_M_500_N_2048_WarpSpecializedOnTIDyRegisterSharing_NoneStageSlicePosition_None_CpAsyncBulkTensorTile" value_param="(2, 0, 500, 2048, (&apos;nvfuser::WarpSpecialized(index = 1)&apos; with value WarpSpecializedOnTIDyRegisterSharing_NoneStageSlicePosition_None), CpAsyncBulkTensorTile)" file="/opt/pytorch/nvfuser/tests/cpp/test_circular_buffering.cpp" line="1639" status="run" result="skipped" time="0." timestamp="2025-05-20T08:05:53.328" classname="Hopper/TmaCircularBufferingTest">
      <skipped message="/opt/pytorch/nvfuser/tests/cpp/test_circular_buffering.cpp:1640&#x0A;Needs shared memory predicate, but current needsSharedMemoryPredicate() returns false&#x0A;"><![CDATA[/opt/pytorch/nvfuser/tests/cpp/test_circular_buffering.cpp:1640
Needs shared memory predicate, but current needsSharedMemoryPredicate() returns false
]]></skipped>
    </testcase>
    <testcase name="PointwiseCpAsync/stage_2_prefetch_0_M_1024_N_2048_Pipelined_CpAsyncBulk" value_param="(2, 0, 1024, 2048, (&apos;nvfuser::Pipelined(index = 0)&apos; with value Pipelined), CpAsyncBulk)" file="/opt/pytorch/nvfuser/tests/cpp/test_circular_buffering.cpp" line="1639" status="run" result="skipped" time="0." timestamp="2025-05-20T08:05:53.328" classname="Hopper/TmaCircularBufferingTest">
      <skipped message="/opt/pytorch/nvfuser/tests/cpp/test_circular_buffering.cpp:1640&#x0A;Needs shared memory predicate, but current needsSharedMemoryPredicate() returns false&#x0A;"><![CDATA[/opt/pytorch/nvfuser/tests/cpp/test_circular_buffering.cpp:1640
Needs shared memory predicate, but current needsSharedMemoryPredicate() returns false
]]></skipped>
    </testcase>
    <testcase name="PointwiseCpAsync/stage_2_prefetch_1_M_128_N_1024_WarpSpecializedOnTIDxRegisterSharing_64_168StageSlicePosition_None_CpAsyncBulkTensorTile" value_param="(2, 1, 128, 1024, (&apos;nvfuser::WarpSpecialized(index = 1)&apos; with value WarpSpecializedOnTIDxRegisterSharing_64_168StageSlicePosition_None), CpAsyncBulkTensorTile)" file="/opt/pytorch/nvfuser/tests/cpp/test_circular_buffering.cpp" line="1639" status="run" result="skipped" time="0." timestamp="2025-05-20T08:05:53.328" classname="Hopper/TmaCircularBufferingTest">
      <skipped message="/opt/pytorch/nvfuser/tests/cpp/test_circular_buffering.cpp:1640&#x0A;Needs shared memory predicate, but current needsSharedMemoryPredicate() returns false&#x0A;"><![CDATA[/opt/pytorch/nvfuser/tests/cpp/test_circular_buffering.cpp:1640
Needs shared memory predicate, but current needsSharedMemoryPredicate() returns false
]]></skipped>
    </testcase>
    <testcase name="PointwiseCpAsync/stage_2_prefetch_1_M_500_N_1024_WarpSpecializedOnTIDyRegisterSharing_64_168StageSlicePosition_None_CpAsyncBulk" value_param="(2, 1, 500, 1024, (&apos;nvfuser::WarpSpecialized(index = 1)&apos; with value WarpSpecializedOnTIDyRegisterSharing_64_168StageSlicePosition_None), CpAsyncBulk)" file="/opt/pytorch/nvfuser/tests/cpp/test_circular_buffering.cpp" line="1639" status="run" result="skipped" time="0." timestamp="2025-05-20T08:05:53.328" classname="Hopper/TmaCircularBufferingTest">
      <skipped message="/opt/pytorch/nvfuser/tests/cpp/test_circular_buffering.cpp:1640&#x0A;Needs shared memory predicate, but current needsSharedMemoryPredicate() returns false&#x0A;"><![CDATA[/opt/pytorch/nvfuser/tests/cpp/test_circular_buffering.cpp:1640
Needs shared memory predicate, but current needsSharedMemoryPredicate() returns false
]]></skipped>
    </testcase>
    <testcase name="PointwiseCpAsync/stage_2_prefetch_1_M_500_N_2048_WarpSpecializedOnTIDyRegisterSharing_64_168StageSlicePosition_None_CpAsyncBulkTensorTile" value_param="(2, 1, 500, 2048, (&apos;nvfuser::WarpSpecialized(index = 1)&apos; with value WarpSpecializedOnTIDyRegisterSharing_64_168StageSlicePosition_None), CpAsyncBulkTensorTile)" file="/opt/pytorch/nvfuser/tests/cpp/test_circular_buffering.cpp" line="1639" status="run" result="skipped" time="0." timestamp="2025-05-20T08:05:53.328" classname="Hopper/TmaCircularBufferingTest">
      <skipped message="/opt/pytorch/nvfuser/tests/cpp/test_circular_buffering.cpp:1640&#x0A;Needs shared memory predicate, but current needsSharedMemoryPredicate() returns false&#x0A;"><![CDATA[/opt/pytorch/nvfuser/tests/cpp/test_circular_buffering.cpp:1640
Needs shared memory predicate, but current needsSharedMemoryPredicate() returns false
]]></skipped>
    </testcase>
    <testcase name="PointwiseCpAsync/stage_2_prefetch_1_M_1024_N_2048_WarpSpecializedOnTIDyRegisterSharing_64_168StageSlicePosition_None_CpAsyncBulk" value_param="(2, 1, 1024, 2048, (&apos;nvfuser::WarpSpecialized(index = 1)&apos; with value WarpSpecializedOnTIDyRegisterSharing_64_168StageSlicePosition_None), CpAsyncBulk)" file="/opt/pytorch/nvfuser/tests/cpp/test_circular_buffering.cpp" line="1639" status="run" result="skipped" time="0." timestamp="2025-05-20T08:05:53.328" classname="Hopper/TmaCircularBufferingTest">
      <skipped message="/opt/pytorch/nvfuser/tests/cpp/test_circular_buffering.cpp:1640&#x0A;Needs shared memory predicate, but current needsSharedMemoryPredicate() returns false&#x0A;"><![CDATA[/opt/pytorch/nvfuser/tests/cpp/test_circular_buffering.cpp:1640
Needs shared memory predicate, but current needsSharedMemoryPredicate() returns false
]]></skipped>
    </testcase>
    <testcase name="PointwiseCpAsync/stage_4_prefetch_neg4_M_128_N_1024_PipelinedMBarrierForWAR_CpAsyncBulkTensorTile" value_param="(4, -4, 128, 1024, (&apos;nvfuser::Pipelined(index = 0)&apos; with value PipelinedMBarrierForWAR), CpAsyncBulkTensorTile)" file="/opt/pytorch/nvfuser/tests/cpp/test_circular_buffering.cpp" line="1639" status="run" result="skipped" time="0." timestamp="2025-05-20T08:05:53.328" classname="Hopper/TmaCircularBufferingTest">
      <skipped message="/opt/pytorch/nvfuser/tests/cpp/test_circular_buffering.cpp:1640&#x0A;Needs shared memory predicate, but current needsSharedMemoryPredicate() returns false&#x0A;"><![CDATA[/opt/pytorch/nvfuser/tests/cpp/test_circular_buffering.cpp:1640
Needs shared memory predicate, but current needsSharedMemoryPredicate() returns false
]]></skipped>
    </testcase>
    <testcase name="PointwiseCpAsync/stage_4_prefetch_neg4_M_500_N_1024_WarpSpecializedOnTIDxRegisterSharing_64_168StageSlicePosition_None_CpAsyncBulk" value_param="(4, -4, 500, 1024, (&apos;nvfuser::WarpSpecialized(index = 1)&apos; with value WarpSpecializedOnTIDxRegisterSharing_64_168StageSlicePosition_None), CpAsyncBulk)" file="/opt/pytorch/nvfuser/tests/cpp/test_circular_buffering.cpp" line="1639" status="run" result="skipped" time="0." timestamp="2025-05-20T08:05:53.328" classname="Hopper/TmaCircularBufferingTest">
      <skipped message="/opt/pytorch/nvfuser/tests/cpp/test_circular_buffering.cpp:1640&#x0A;Needs shared memory predicate, but current needsSharedMemoryPredicate() returns false&#x0A;"><![CDATA[/opt/pytorch/nvfuser/tests/cpp/test_circular_buffering.cpp:1640
Needs shared memory predicate, but current needsSharedMemoryPredicate() returns false
]]></skipped>
    </testcase>
    <testcase name="PointwiseCpAsync/stage_4_prefetch_neg4_M_500_N_2048_WarpSpecializedOnTIDxRegisterSharing_NoneStageSlicePosition_None_CpAsyncBulkTensorTile" value_param="(4, -4, 500, 2048, (&apos;nvfuser::WarpSpecialized(index = 1)&apos; with value WarpSpecializedOnTIDxRegisterSharing_NoneStageSlicePosition_None), CpAsyncBulkTensorTile)" file="/opt/pytorch/nvfuser/tests/cpp/test_circular_buffering.cpp" line="1639" status="run" result="skipped" time="0." timestamp="2025-05-20T08:05:53.328" classname="Hopper/TmaCircularBufferingTest">
      <skipped message="/opt/pytorch/nvfuser/tests/cpp/test_circular_buffering.cpp:1640&#x0A;Needs shared memory predicate, but current needsSharedMemoryPredicate() returns false&#x0A;"><![CDATA[/opt/pytorch/nvfuser/tests/cpp/test_circular_buffering.cpp:1640
Needs shared memory predicate, but current needsSharedMemoryPredicate() returns false
]]></skipped>
    </testcase>
    <testcase name="PointwiseCpAsync/stage_4_prefetch_neg4_M_1024_N_2048_WarpSpecializedOnTIDyRegisterSharing_64_168StageSlicePosition_None_CpAsyncBulk" value_param="(4, -4, 1024, 2048, (&apos;nvfuser::WarpSpecialized(index = 1)&apos; with value WarpSpecializedOnTIDyRegisterSharing_64_168StageSlicePosition_None), CpAsyncBulk)" file="/opt/pytorch/nvfuser/tests/cpp/test_circular_buffering.cpp" line="1639" status="run" result="skipped" time="0." timestamp="2025-05-20T08:05:53.328" classname="Hopper/TmaCircularBufferingTest">
      <skipped message="/opt/pytorch/nvfuser/tests/cpp/test_circular_buffering.cpp:1640&#x0A;Needs shared memory predicate, but current needsSharedMemoryPredicate() returns false&#x0A;"><![CDATA[/opt/pytorch/nvfuser/tests/cpp/test_circular_buffering.cpp:1640
Needs shared memory predicate, but current needsSharedMemoryPredicate() returns false
]]></skipped>
    </testcase>
    <testcase name="PointwiseCpAsync/stage_4_prefetch_neg3_M_128_N_1024_WarpSpecializedOnTIDxRegisterSharing_NoneStageSlicePosition_None_CpAsyncBulkTensorTile" value_param="(4, -3, 128, 1024, (&apos;nvfuser::WarpSpecialized(index = 1)&apos; with value WarpSpecializedOnTIDxRegisterSharing_NoneStageSlicePosition_None), CpAsyncBulkTensorTile)" file="/opt/pytorch/nvfuser/tests/cpp/test_circular_buffering.cpp" line="1639" status="run" result="skipped" time="0." timestamp="2025-05-20T08:05:53.328" classname="Hopper/TmaCircularBufferingTest">
      <skipped message="/opt/pytorch/nvfuser/tests/cpp/test_circular_buffering.cpp:1640&#x0A;Needs shared memory predicate, but current needsSharedMemoryPredicate() returns false&#x0A;"><![CDATA[/opt/pytorch/nvfuser/tests/cpp/test_circular_buffering.cpp:1640
Needs shared memory predicate, but current needsSharedMemoryPredicate() returns false
]]></skipped>
    </testcase>
    <testcase name="PointwiseCpAsync/stage_4_prefetch_neg3_M_500_N_1024_WarpSpecializedOnTIDyRegisterSharing_NoneStageSlicePosition_None_CpAsyncBulk" value_param="(4, -3, 500, 1024, (&apos;nvfuser::WarpSpecialized(index = 1)&apos; with value WarpSpecializedOnTIDyRegisterSharing_NoneStageSlicePosition_None), CpAsyncBulk)" file="/opt/pytorch/nvfuser/tests/cpp/test_circular_buffering.cpp" line="1639" status="run" result="skipped" time="0." timestamp="2025-05-20T08:05:53.328" classname="Hopper/TmaCircularBufferingTest">
      <skipped message="/opt/pytorch/nvfuser/tests/cpp/test_circular_buffering.cpp:1640&#x0A;Needs shared memory predicate, but current needsSharedMemoryPredicate() returns false&#x0A;"><![CDATA[/opt/pytorch/nvfuser/tests/cpp/test_circular_buffering.cpp:1640
Needs shared memory predicate, but current needsSharedMemoryPredicate() returns false
]]></skipped>
    </testcase>
    <testcase name="PointwiseCpAsync/stage_4_prefetch_neg3_M_500_N_2048_WarpSpecializedOnTIDxRegisterSharing_64_168StageSlicePosition_None_CpAsyncBulkTensorTile" value_param="(4, -3, 500, 2048, (&apos;nvfuser::WarpSpecialized(index = 1)&apos; with value WarpSpecializedOnTIDxRegisterSharing_64_168StageSlicePosition_None), CpAsyncBulkTensorTile)" file="/opt/pytorch/nvfuser/tests/cpp/test_circular_buffering.cpp" line="1639" status="run" result="skipped" time="0." timestamp="2025-05-20T08:05:53.328" classname="Hopper/TmaCircularBufferingTest">
      <skipped message="/opt/pytorch/nvfuser/tests/cpp/test_circular_buffering.cpp:1640&#x0A;Needs shared memory predicate, but current needsSharedMemoryPredicate() returns false&#x0A;"><![CDATA[/opt/pytorch/nvfuser/tests/cpp/test_circular_buffering.cpp:1640
Needs shared memory predicate, but current needsSharedMemoryPredicate() returns false
]]></skipped>
    </testcase>
    <testcase name="PointwiseCpAsync/stage_4_prefetch_neg3_M_1024_N_2048_WarpSpecializedOnTIDxRegisterSharing_NoneStageSlicePosition_None_CpAsyncBulk" value_param="(4, -3, 1024, 2048, (&apos;nvfuser::WarpSpecialized(index = 1)&apos; with value WarpSpecializedOnTIDxRegisterSharing_NoneStageSlicePosition_None), CpAsyncBulk)" file="/opt/pytorch/nvfuser/tests/cpp/test_circular_buffering.cpp" line="1639" status="run" result="skipped" time="0." timestamp="2025-05-20T08:05:53.328" classname="Hopper/TmaCircularBufferingTest">
      <skipped message="/opt/pytorch/nvfuser/tests/cpp/test_circular_buffering.cpp:1640&#x0A;Needs shared memory predicate, but current needsSharedMemoryPredicate() returns false&#x0A;"><![CDATA[/opt/pytorch/nvfuser/tests/cpp/test_circular_buffering.cpp:1640
Needs shared memory predicate, but current needsSharedMemoryPredicate() returns false
]]></skipped>
    </testcase>
    <testcase name="PointwiseCpAsync/stage_4_prefetch_neg2_M_128_N_1024_Pipelined_CpAsyncBulkTensorTile" value_param="(4, -2, 128, 1024, (&apos;nvfuser::Pipelined(index = 0)&apos; with value Pipelined), CpAsyncBulkTensorTile)" file="/opt/pytorch/nvfuser/tests/cpp/test_circular_buffering.cpp" line="1639" status="run" result="skipped" time="0." timestamp="2025-05-20T08:05:53.328" classname="Hopper/TmaCircularBufferingTest">
      <skipped message="/opt/pytorch/nvfuser/tests/cpp/test_circular_buffering.cpp:1640&#x0A;Needs shared memory predicate, but current needsSharedMemoryPredicate() returns false&#x0A;"><![CDATA[/opt/pytorch/nvfuser/tests/cpp/test_circular_buffering.cpp:1640
Needs shared memory predicate, but current needsSharedMemoryPredicate() returns false
]]></skipped>
    </testcase>
    <testcase name="PointwiseCpAsync/stage_4_prefetch_neg2_M_500_N_1024_Pipelined_CpAsyncBulk" value_param="(4, -2, 500, 1024, (&apos;nvfuser::Pipelined(index = 0)&apos; with value Pipelined), CpAsyncBulk)" file="/opt/pytorch/nvfuser/tests/cpp/test_circular_buffering.cpp" line="1639" status="run" result="skipped" time="0." timestamp="2025-05-20T08:05:53.328" classname="Hopper/TmaCircularBufferingTest">
      <skipped message="/opt/pytorch/nvfuser/tests/cpp/test_circular_buffering.cpp:1640&#x0A;Needs shared memory predicate, but current needsSharedMemoryPredicate() returns false&#x0A;"><![CDATA[/opt/pytorch/nvfuser/tests/cpp/test_circular_buffering.cpp:1640
Needs shared memory predicate, but current needsSharedMemoryPredicate() returns false
]]></skipped>
    </testcase>
    <testcase name="PointwiseCpAsync/stage_4_prefetch_neg2_M_500_N_2048_WarpSpecializedOnTIDyRegisterSharing_NoneStageSlicePosition_None_CpAsyncBulkTensorTile" value_param="(4, -2, 500, 2048, (&apos;nvfuser::WarpSpecialized(index = 1)&apos; with value WarpSpecializedOnTIDyRegisterSharing_NoneStageSlicePosition_None), CpAsyncBulkTensorTile)" file="/opt/pytorch/nvfuser/tests/cpp/test_circular_buffering.cpp" line="1639" status="run" result="skipped" time="0." timestamp="2025-05-20T08:05:53.328" classname="Hopper/TmaCircularBufferingTest">
      <skipped message="/opt/pytorch/nvfuser/tests/cpp/test_circular_buffering.cpp:1640&#x0A;Needs shared memory predicate, but current needsSharedMemoryPredicate() returns false&#x0A;"><![CDATA[/opt/pytorch/nvfuser/tests/cpp/test_circular_buffering.cpp:1640
Needs shared memory predicate, but current needsSharedMemoryPredicate() returns false
]]></skipped>
    </testcase>
    <testcase name="PointwiseCpAsync/stage_4_prefetch_neg2_M_1024_N_2048_Pipelined_CpAsyncBulk" value_param="(4, -2, 1024, 2048, (&apos;nvfuser::Pipelined(index = 0)&apos; with value Pipelined), CpAsyncBulk)" file="/opt/pytorch/nvfuser/tests/cpp/test_circular_buffering.cpp" line="1639" status="run" result="skipped" time="0." timestamp="2025-05-20T08:05:53.328" classname="Hopper/TmaCircularBufferingTest">
      <skipped message="/opt/pytorch/nvfuser/tests/cpp/test_circular_buffering.cpp:1640&#x0A;Needs shared memory predicate, but current needsSharedMemoryPredicate() returns false&#x0A;"><![CDATA[/opt/pytorch/nvfuser/tests/cpp/test_circular_buffering.cpp:1640
Needs shared memory predicate, but current needsSharedMemoryPredicate() returns false
]]></skipped>
    </testcase>
    <testcase name="PointwiseCpAsync/stage_4_prefetch_neg1_M_128_N_1024_Pipelined_CpAsyncBulkTensorTile" value_param="(4, -1, 128, 1024, (&apos;nvfuser::Pipelined(index = 0)&apos; with value Pipelined), CpAsyncBulkTensorTile)" file="/opt/pytorch/nvfuser/tests/cpp/test_circular_buffering.cpp" line="1639" status="run" result="skipped" time="0." timestamp="2025-05-20T08:05:53.328" classname="Hopper/TmaCircularBufferingTest">
      <skipped message="/opt/pytorch/nvfuser/tests/cpp/test_circular_buffering.cpp:1640&#x0A;Needs shared memory predicate, but current needsSharedMemoryPredicate() returns false&#x0A;"><![CDATA[/opt/pytorch/nvfuser/tests/cpp/test_circular_buffering.cpp:1640
Needs shared memory predicate, but current needsSharedMemoryPredicate() returns false
]]></skipped>
    </testcase>
    <testcase name="PointwiseCpAsync/stage_4_prefetch_neg1_M_500_N_1024_WarpSpecializedOnTIDyRegisterSharing_NoneStageSlicePosition_None_CpAsyncBulk" value_param="(4, -1, 500, 1024, (&apos;nvfuser::WarpSpecialized(index = 1)&apos; with value WarpSpecializedOnTIDyRegisterSharing_NoneStageSlicePosition_None), CpAsyncBulk)" file="/opt/pytorch/nvfuser/tests/cpp/test_circular_buffering.cpp" line="1639" status="run" result="skipped" time="0." timestamp="2025-05-20T08:05:53.328" classname="Hopper/TmaCircularBufferingTest">
      <skipped message="/opt/pytorch/nvfuser/tests/cpp/test_circular_buffering.cpp:1640&#x0A;Needs shared memory predicate, but current needsSharedMemoryPredicate() returns false&#x0A;"><![CDATA[/opt/pytorch/nvfuser/tests/cpp/test_circular_buffering.cpp:1640
Needs shared memory predicate, but current needsSharedMemoryPredicate() returns false
]]></skipped>
    </testcase>
    <testcase name="PointwiseCpAsync/stage_4_prefetch_neg1_M_500_N_2048_WarpSpecializedOnTIDyRegisterSharing_64_168StageSlicePosition_None_CpAsyncBulkTensorTile" value_param="(4, -1, 500, 2048, (&apos;nvfuser::WarpSpecialized(index = 1)&apos; with value WarpSpecializedOnTIDyRegisterSharing_64_168StageSlicePosition_None), CpAsyncBulkTensorTile)" file="/opt/pytorch/nvfuser/tests/cpp/test_circular_buffering.cpp" line="1639" status="run" result="skipped" time="0." timestamp="2025-05-20T08:05:53.328" classname="Hopper/TmaCircularBufferingTest">
      <skipped message="/opt/pytorch/nvfuser/tests/cpp/test_circular_buffering.cpp:1640&#x0A;Needs shared memory predicate, but current needsSharedMemoryPredicate() returns false&#x0A;"><![CDATA[/opt/pytorch/nvfuser/tests/cpp/test_circular_buffering.cpp:1640
Needs shared memory predicate, but current needsSharedMemoryPredicate() returns false
]]></skipped>
    </testcase>
    <testcase name="PointwiseCpAsync/stage_4_prefetch_neg1_M_1024_N_2048_WarpSpecializedOnTIDxRegisterSharing_64_168StageSlicePosition_None_CpAsyncBulk" value_param="(4, -1, 1024, 2048, (&apos;nvfuser::WarpSpecialized(index = 1)&apos; with value WarpSpecializedOnTIDxRegisterSharing_64_168StageSlicePosition_None), CpAsyncBulk)" file="/opt/pytorch/nvfuser/tests/cpp/test_circular_buffering.cpp" line="1639" status="run" result="skipped" time="0." timestamp="2025-05-20T08:05:53.329" classname="Hopper/TmaCircularBufferingTest">
      <skipped message="/opt/pytorch/nvfuser/tests/cpp/test_circular_buffering.cpp:1640&#x0A;Needs shared memory predicate, but current needsSharedMemoryPredicate() returns false&#x0A;"><![CDATA[/opt/pytorch/nvfuser/tests/cpp/test_circular_buffering.cpp:1640
Needs shared memory predicate, but current needsSharedMemoryPredicate() returns false
]]></skipped>
    </testcase>
    <testcase name="PointwiseCpAsync/stage_4_prefetch_0_M_128_N_1024_PipelinedMBarrierForWAR_CpAsyncBulkTensorTile" value_param="(4, 0, 128, 1024, (&apos;nvfuser::Pipelined(index = 0)&apos; with value PipelinedMBarrierForWAR), CpAsyncBulkTensorTile)" file="/opt/pytorch/nvfuser/tests/cpp/test_circular_buffering.cpp" line="1639" status="run" result="skipped" time="0." timestamp="2025-05-20T08:05:53.329" classname="Hopper/TmaCircularBufferingTest">
      <skipped message="/opt/pytorch/nvfuser/tests/cpp/test_circular_buffering.cpp:1640&#x0A;Needs shared memory predicate, but current needsSharedMemoryPredicate() returns false&#x0A;"><![CDATA[/opt/pytorch/nvfuser/tests/cpp/test_circular_buffering.cpp:1640
Needs shared memory predicate, but current needsSharedMemoryPredicate() returns false
]]></skipped>
    </testcase>
    <testcase name="PointwiseCpAsync/stage_4_prefetch_0_M_500_N_1024_WarpSpecializedOnTIDyRegisterSharing_64_168StageSlicePosition_None_CpAsyncBulk" value_param="(4, 0, 500, 1024, (&apos;nvfuser::WarpSpecialized(index = 1)&apos; with value WarpSpecializedOnTIDyRegisterSharing_64_168StageSlicePosition_None), CpAsyncBulk)" file="/opt/pytorch/nvfuser/tests/cpp/test_circular_buffering.cpp" line="1639" status="run" result="skipped" time="0." timestamp="2025-05-20T08:05:53.329" classname="Hopper/TmaCircularBufferingTest">
      <skipped message="/opt/pytorch/nvfuser/tests/cpp/test_circular_buffering.cpp:1640&#x0A;Needs shared memory predicate, but current needsSharedMemoryPredicate() returns false&#x0A;"><![CDATA[/opt/pytorch/nvfuser/tests/cpp/test_circular_buffering.cpp:1640
Needs shared memory predicate, but current needsSharedMemoryPredicate() returns false
]]></skipped>
    </testcase>
    <testcase name="PointwiseCpAsync/stage_4_prefetch_0_M_500_N_2048_WarpSpecializedOnTIDyRegisterSharing_NoneStageSlicePosition_None_CpAsyncBulkTensorTile" value_param="(4, 0, 500, 2048, (&apos;nvfuser::WarpSpecialized(index = 1)&apos; with value WarpSpecializedOnTIDyRegisterSharing_NoneStageSlicePosition_None), CpAsyncBulkTensorTile)" file="/opt/pytorch/nvfuser/tests/cpp/test_circular_buffering.cpp" line="1639" status="run" result="skipped" time="0." timestamp="2025-05-20T08:05:53.329" classname="Hopper/TmaCircularBufferingTest">
      <skipped message="/opt/pytorch/nvfuser/tests/cpp/test_circular_buffering.cpp:1640&#x0A;Needs shared memory predicate, but current needsSharedMemoryPredicate() returns false&#x0A;"><![CDATA[/opt/pytorch/nvfuser/tests/cpp/test_circular_buffering.cpp:1640
Needs shared memory predicate, but current needsSharedMemoryPredicate() returns false
]]></skipped>
    </testcase>
    <testcase name="PointwiseCpAsync/stage_4_prefetch_0_M_1024_N_2048_WarpSpecializedOnTIDxRegisterSharing_64_168StageSlicePosition_None_CpAsyncBulk" value_param="(4, 0, 1024, 2048, (&apos;nvfuser::WarpSpecialized(index = 1)&apos; with value WarpSpecializedOnTIDxRegisterSharing_64_168StageSlicePosition_None), CpAsyncBulk)" file="/opt/pytorch/nvfuser/tests/cpp/test_circular_buffering.cpp" line="1639" status="run" result="skipped" time="0." timestamp="2025-05-20T08:05:53.329" classname="Hopper/TmaCircularBufferingTest">
      <skipped message="/opt/pytorch/nvfuser/tests/cpp/test_circular_buffering.cpp:1640&#x0A;Needs shared memory predicate, but current needsSharedMemoryPredicate() returns false&#x0A;"><![CDATA[/opt/pytorch/nvfuser/tests/cpp/test_circular_buffering.cpp:1640
Needs shared memory predicate, but current needsSharedMemoryPredicate() returns false
]]></skipped>
    </testcase>
    <testcase name="PointwiseCpAsync/stage_4_prefetch_1_M_128_N_1024_WarpSpecializedOnTIDxRegisterSharing_64_168StageSlicePosition_None_CpAsyncBulkTensorTile" value_param="(4, 1, 128, 1024, (&apos;nvfuser::WarpSpecialized(index = 1)&apos; with value WarpSpecializedOnTIDxRegisterSharing_64_168StageSlicePosition_None), CpAsyncBulkTensorTile)" file="/opt/pytorch/nvfuser/tests/cpp/test_circular_buffering.cpp" line="1639" status="run" result="skipped" time="0." timestamp="2025-05-20T08:05:53.329" classname="Hopper/TmaCircularBufferingTest">
      <skipped message="/opt/pytorch/nvfuser/tests/cpp/test_circular_buffering.cpp:1640&#x0A;Needs shared memory predicate, but current needsSharedMemoryPredicate() returns false&#x0A;"><![CDATA[/opt/pytorch/nvfuser/tests/cpp/test_circular_buffering.cpp:1640
Needs shared memory predicate, but current needsSharedMemoryPredicate() returns false
]]></skipped>
    </testcase>
    <testcase name="PointwiseCpAsync/stage_4_prefetch_1_M_500_N_1024_PipelinedMBarrierForWAR_CpAsyncBulk" value_param="(4, 1, 500, 1024, (&apos;nvfuser::Pipelined(index = 0)&apos; with value PipelinedMBarrierForWAR), CpAsyncBulk)" file="/opt/pytorch/nvfuser/tests/cpp/test_circular_buffering.cpp" line="1639" status="run" result="skipped" time="0." timestamp="2025-05-20T08:05:53.329" classname="Hopper/TmaCircularBufferingTest">
      <skipped message="/opt/pytorch/nvfuser/tests/cpp/test_circular_buffering.cpp:1640&#x0A;Needs shared memory predicate, but current needsSharedMemoryPredicate() returns false&#x0A;"><![CDATA[/opt/pytorch/nvfuser/tests/cpp/test_circular_buffering.cpp:1640
Needs shared memory predicate, but current needsSharedMemoryPredicate() returns false
]]></skipped>
    </testcase>
    <testcase name="PointwiseCpAsync/stage_4_prefetch_1_M_500_N_2048_WarpSpecializedOnTIDyRegisterSharing_NoneStageSlicePosition_None_CpAsyncBulkTensorTile" value_param="(4, 1, 500, 2048, (&apos;nvfuser::WarpSpecialized(index = 1)&apos; with value WarpSpecializedOnTIDyRegisterSharing_NoneStageSlicePosition_None), CpAsyncBulkTensorTile)" file="/opt/pytorch/nvfuser/tests/cpp/test_circular_buffering.cpp" line="1639" status="run" result="skipped" time="0." timestamp="2025-05-20T08:05:53.329" classname="Hopper/TmaCircularBufferingTest">
      <skipped message="/opt/pytorch/nvfuser/tests/cpp/test_circular_buffering.cpp:1640&#x0A;Needs shared memory predicate, but current needsSharedMemoryPredicate() returns false&#x0A;"><![CDATA[/opt/pytorch/nvfuser/tests/cpp/test_circular_buffering.cpp:1640
Needs shared memory predicate, but current needsSharedMemoryPredicate() returns false
]]></skipped>
    </testcase>
    <testcase name="PointwiseCpAsync/stage_4_prefetch_1_M_1024_N_2048_WarpSpecializedOnTIDyRegisterSharing_64_168StageSlicePosition_None_CpAsyncBulk" value_param="(4, 1, 1024, 2048, (&apos;nvfuser::WarpSpecialized(index = 1)&apos; with value WarpSpecializedOnTIDyRegisterSharing_64_168StageSlicePosition_None), CpAsyncBulk)" file="/opt/pytorch/nvfuser/tests/cpp/test_circular_buffering.cpp" line="1639" status="run" result="skipped" time="0." timestamp="2025-05-20T08:05:53.329" classname="Hopper/TmaCircularBufferingTest">
      <skipped message="/opt/pytorch/nvfuser/tests/cpp/test_circular_buffering.cpp:1640&#x0A;Needs shared memory predicate, but current needsSharedMemoryPredicate() returns false&#x0A;"><![CDATA[/opt/pytorch/nvfuser/tests/cpp/test_circular_buffering.cpp:1640
Needs shared memory predicate, but current needsSharedMemoryPredicate() returns false
]]></skipped>
    </testcase>
    <testcase name="PointwiseCpAsync/stage_4_prefetch_2_M_128_N_1024_WarpSpecializedOnTIDxRegisterSharing_64_168StageSlicePosition_None_CpAsyncBulkTensorTile" value_param="(4, 2, 128, 1024, (&apos;nvfuser::WarpSpecialized(index = 1)&apos; with value WarpSpecializedOnTIDxRegisterSharing_64_168StageSlicePosition_None), CpAsyncBulkTensorTile)" file="/opt/pytorch/nvfuser/tests/cpp/test_circular_buffering.cpp" line="1639" status="run" result="skipped" time="0." timestamp="2025-05-20T08:05:53.329" classname="Hopper/TmaCircularBufferingTest">
      <skipped message="/opt/pytorch/nvfuser/tests/cpp/test_circular_buffering.cpp:1640&#x0A;Needs shared memory predicate, but current needsSharedMemoryPredicate() returns false&#x0A;"><![CDATA[/opt/pytorch/nvfuser/tests/cpp/test_circular_buffering.cpp:1640
Needs shared memory predicate, but current needsSharedMemoryPredicate() returns false
]]></skipped>
    </testcase>
    <testcase name="PointwiseCpAsync/stage_4_prefetch_2_M_500_N_1024_WarpSpecializedOnTIDyRegisterSharing_64_168StageSlicePosition_None_CpAsyncBulk" value_param="(4, 2, 500, 1024, (&apos;nvfuser::WarpSpecialized(index = 1)&apos; with value WarpSpecializedOnTIDyRegisterSharing_64_168StageSlicePosition_None), CpAsyncBulk)" file="/opt/pytorch/nvfuser/tests/cpp/test_circular_buffering.cpp" line="1639" status="run" result="skipped" time="0." timestamp="2025-05-20T08:05:53.329" classname="Hopper/TmaCircularBufferingTest">
      <skipped message="/opt/pytorch/nvfuser/tests/cpp/test_circular_buffering.cpp:1640&#x0A;Needs shared memory predicate, but current needsSharedMemoryPredicate() returns false&#x0A;"><![CDATA[/opt/pytorch/nvfuser/tests/cpp/test_circular_buffering.cpp:1640
Needs shared memory predicate, but current needsSharedMemoryPredicate() returns false
]]></skipped>
    </testcase>
    <testcase name="PointwiseCpAsync/stage_4_prefetch_2_M_500_N_2048_WarpSpecializedOnTIDyRegisterSharing_64_168StageSlicePosition_None_CpAsyncBulkTensorTile" value_param="(4, 2, 500, 2048, (&apos;nvfuser::WarpSpecialized(index = 1)&apos; with value WarpSpecializedOnTIDyRegisterSharing_64_168StageSlicePosition_None), CpAsyncBulkTensorTile)" file="/opt/pytorch/nvfuser/tests/cpp/test_circular_buffering.cpp" line="1639" status="run" result="skipped" time="0." timestamp="2025-05-20T08:05:53.329" classname="Hopper/TmaCircularBufferingTest">
      <skipped message="/opt/pytorch/nvfuser/tests/cpp/test_circular_buffering.cpp:1640&#x0A;Needs shared memory predicate, but current needsSharedMemoryPredicate() returns false&#x0A;"><![CDATA[/opt/pytorch/nvfuser/tests/cpp/test_circular_buffering.cpp:1640
Needs shared memory predicate, but current needsSharedMemoryPredicate() returns false
]]></skipped>
    </testcase>
    <testcase name="PointwiseCpAsync/stage_4_prefetch_2_M_1024_N_2048_Pipelined_CpAsyncBulk" value_param="(4, 2, 1024, 2048, (&apos;nvfuser::Pipelined(index = 0)&apos; with value Pipelined), CpAsyncBulk)" file="/opt/pytorch/nvfuser/tests/cpp/test_circular_buffering.cpp" line="1639" status="run" result="skipped" time="0." timestamp="2025-05-20T08:05:53.329" classname="Hopper/TmaCircularBufferingTest">
      <skipped message="/opt/pytorch/nvfuser/tests/cpp/test_circular_buffering.cpp:1640&#x0A;Needs shared memory predicate, but current needsSharedMemoryPredicate() returns false&#x0A;"><![CDATA[/opt/pytorch/nvfuser/tests/cpp/test_circular_buffering.cpp:1640
Needs shared memory predicate, but current needsSharedMemoryPredicate() returns false
]]></skipped>
    </testcase>
    <testcase name="PointwiseCpAsync/stage_4_prefetch_3_M_128_N_1024_PipelinedMBarrierForWAR_CpAsyncBulkTensorTile" value_param="(4, 3, 128, 1024, (&apos;nvfuser::Pipelined(index = 0)&apos; with value PipelinedMBarrierForWAR), CpAsyncBulkTensorTile)" file="/opt/pytorch/nvfuser/tests/cpp/test_circular_buffering.cpp" line="1639" status="run" result="skipped" time="0." timestamp="2025-05-20T08:05:53.329" classname="Hopper/TmaCircularBufferingTest">
      <skipped message="/opt/pytorch/nvfuser/tests/cpp/test_circular_buffering.cpp:1640&#x0A;Needs shared memory predicate, but current needsSharedMemoryPredicate() returns false&#x0A;"><![CDATA[/opt/pytorch/nvfuser/tests/cpp/test_circular_buffering.cpp:1640
Needs shared memory predicate, but current needsSharedMemoryPredicate() returns false
]]></skipped>
    </testcase>
    <testcase name="PointwiseCpAsync/stage_4_prefetch_3_M_500_N_1024_WarpSpecializedOnTIDxRegisterSharing_64_168StageSlicePosition_None_CpAsyncBulk" value_param="(4, 3, 500, 1024, (&apos;nvfuser::WarpSpecialized(index = 1)&apos; with value WarpSpecializedOnTIDxRegisterSharing_64_168StageSlicePosition_None), CpAsyncBulk)" file="/opt/pytorch/nvfuser/tests/cpp/test_circular_buffering.cpp" line="1639" status="run" result="skipped" time="0." timestamp="2025-05-20T08:05:53.329" classname="Hopper/TmaCircularBufferingTest">
      <skipped message="/opt/pytorch/nvfuser/tests/cpp/test_circular_buffering.cpp:1640&#x0A;Needs shared memory predicate, but current needsSharedMemoryPredicate() returns false&#x0A;"><![CDATA[/opt/pytorch/nvfuser/tests/cpp/test_circular_buffering.cpp:1640
Needs shared memory predicate, but current needsSharedMemoryPredicate() returns false
]]></skipped>
    </testcase>
    <testcase name="PointwiseCpAsync/stage_4_prefetch_3_M_500_N_2048_WarpSpecializedOnTIDxRegisterSharing_NoneStageSlicePosition_None_CpAsyncBulkTensorTile" value_param="(4, 3, 500, 2048, (&apos;nvfuser::WarpSpecialized(index = 1)&apos; with value WarpSpecializedOnTIDxRegisterSharing_NoneStageSlicePosition_None), CpAsyncBulkTensorTile)" file="/opt/pytorch/nvfuser/tests/cpp/test_circular_buffering.cpp" line="1639" status="run" result="skipped" time="0." timestamp="2025-05-20T08:05:53.329" classname="Hopper/TmaCircularBufferingTest">
      <skipped message="/opt/pytorch/nvfuser/tests/cpp/test_circular_buffering.cpp:1640&#x0A;Needs shared memory predicate, but current needsSharedMemoryPredicate() returns false&#x0A;"><![CDATA[/opt/pytorch/nvfuser/tests/cpp/test_circular_buffering.cpp:1640
Needs shared memory predicate, but current needsSharedMemoryPredicate() returns false
]]></skipped>
    </testcase>
    <testcase name="PointwiseCpAsync/stage_4_prefetch_3_M_1024_N_2048_WarpSpecializedOnTIDyRegisterSharing_64_168StageSlicePosition_None_CpAsyncBulk" value_param="(4, 3, 1024, 2048, (&apos;nvfuser::WarpSpecialized(index = 1)&apos; with value WarpSpecializedOnTIDyRegisterSharing_64_168StageSlicePosition_None), CpAsyncBulk)" file="/opt/pytorch/nvfuser/tests/cpp/test_circular_buffering.cpp" line="1639" status="run" result="skipped" time="0." timestamp="2025-05-20T08:05:53.329" classname="Hopper/TmaCircularBufferingTest">
      <skipped message="/opt/pytorch/nvfuser/tests/cpp/test_circular_buffering.cpp:1640&#x0A;Needs shared memory predicate, but current needsSharedMemoryPredicate() returns false&#x0A;"><![CDATA[/opt/pytorch/nvfuser/tests/cpp/test_circular_buffering.cpp:1640
Needs shared memory predicate, but current needsSharedMemoryPredicate() returns false
]]></skipped>
    </testcase>
    <testcase name="InnerReduction/stage_2_prefetch_neg2_M_128_N_1024_PipelinedMBarrierForWAR_CpAsyncBulkTensorTile" value_param="(2, -2, 128, 1024, (&apos;nvfuser::Pipelined(index = 0)&apos; with value PipelinedMBarrierForWAR), CpAsyncBulkTensorTile)" file="/opt/pytorch/nvfuser/tests/cpp/test_circular_buffering.cpp" line="1718" status="run" result="completed" time="0.101" timestamp="2025-05-20T08:05:53.329" classname="Hopper/TmaCircularBufferingTest" />
    <testcase name="InnerReduction/stage_2_prefetch_neg2_M_500_N_1024_PipelinedMBarrierForWAR_CpAsyncBulk" value_param="(2, -2, 500, 1024, (&apos;nvfuser::Pipelined(index = 0)&apos; with value PipelinedMBarrierForWAR), CpAsyncBulk)" file="/opt/pytorch/nvfuser/tests/cpp/test_circular_buffering.cpp" line="1718" status="run" result="completed" time="0.127" timestamp="2025-05-20T08:05:53.430" classname="Hopper/TmaCircularBufferingTest" />
    <testcase name="InnerReduction/stage_2_prefetch_neg2_M_500_N_2048_WarpSpecializedOnTIDyRegisterSharing_64_168StageSlicePosition_None_CpAsyncBulkTensorTile" value_param="(2, -2, 500, 2048, (&apos;nvfuser::WarpSpecialized(index = 1)&apos; with value WarpSpecializedOnTIDyRegisterSharing_64_168StageSlicePosition_None), CpAsyncBulkTensorTile)" file="/opt/pytorch/nvfuser/tests/cpp/test_circular_buffering.cpp" line="1718" status="run" result="completed" time="0.062" timestamp="2025-05-20T08:05:53.558" classname="Hopper/TmaCircularBufferingTest" />
    <testcase name="InnerReduction/stage_2_prefetch_neg2_M_1024_N_2048_WarpSpecializedOnTIDyRegisterSharing_64_168StageSlicePosition_None_CpAsyncBulk" value_param="(2, -2, 1024, 2048, (&apos;nvfuser::WarpSpecialized(index = 1)&apos; with value WarpSpecializedOnTIDyRegisterSharing_64_168StageSlicePosition_None), CpAsyncBulk)" file="/opt/pytorch/nvfuser/tests/cpp/test_circular_buffering.cpp" line="1718" status="run" result="completed" time="0.055" timestamp="2025-05-20T08:05:53.620" classname="Hopper/TmaCircularBufferingTest" />
    <testcase name="InnerReduction/stage_2_prefetch_neg1_M_128_N_1024_WarpSpecializedOnTIDyRegisterSharing_NoneStageSlicePosition_None_CpAsyncBulkTensorTile" value_param="(2, -1, 128, 1024, (&apos;nvfuser::WarpSpecialized(index = 1)&apos; with value WarpSpecializedOnTIDyRegisterSharing_NoneStageSlicePosition_None), CpAsyncBulkTensorTile)" file="/opt/pytorch/nvfuser/tests/cpp/test_circular_buffering.cpp" line="1718" status="run" result="completed" time="0.004" timestamp="2025-05-20T08:05:53.676" classname="Hopper/TmaCircularBufferingTest" />
    <testcase name="InnerReduction/stage_2_prefetch_neg1_M_500_N_1024_WarpSpecializedOnTIDyRegisterSharing_NoneStageSlicePosition_None_CpAsyncBulk" value_param="(2, -1, 500, 1024, (&apos;nvfuser::WarpSpecialized(index = 1)&apos; with value WarpSpecializedOnTIDyRegisterSharing_NoneStageSlicePosition_None), CpAsyncBulk)" file="/opt/pytorch/nvfuser/tests/cpp/test_circular_buffering.cpp" line="1718" status="run" result="completed" time="0.029" timestamp="2025-05-20T08:05:53.680" classname="Hopper/TmaCircularBufferingTest" />
    <testcase name="InnerReduction/stage_2_prefetch_neg1_M_500_N_2048_WarpSpecializedOnTIDyRegisterSharing_64_168StageSlicePosition_None_CpAsyncBulkTensorTile" value_param="(2, -1, 500, 2048, (&apos;nvfuser::WarpSpecialized(index = 1)&apos; with value WarpSpecializedOnTIDyRegisterSharing_64_168StageSlicePosition_None), CpAsyncBulkTensorTile)" file="/opt/pytorch/nvfuser/tests/cpp/test_circular_buffering.cpp" line="1718" status="run" result="completed" time="0.031" timestamp="2025-05-20T08:05:53.710" classname="Hopper/TmaCircularBufferingTest" />
    <testcase name="InnerReduction/stage_2_prefetch_neg1_M_1024_N_2048_WarpSpecializedOnTIDyRegisterSharing_64_168StageSlicePosition_None_CpAsyncBulk" value_param="(2, -1, 1024, 2048, (&apos;nvfuser::WarpSpecialized(index = 1)&apos; with value WarpSpecializedOnTIDyRegisterSharing_64_168StageSlicePosition_None), CpAsyncBulk)" file="/opt/pytorch/nvfuser/tests/cpp/test_circular_buffering.cpp" line="1718" status="run" result="completed" time="0.006" timestamp="2025-05-20T08:05:53.742" classname="Hopper/TmaCircularBufferingTest" />
    <testcase name="InnerReduction/stage_2_prefetch_0_M_128_N_1024_WarpSpecializedOnTIDyRegisterSharing_NoneStageSlicePosition_None_CpAsyncBulkTensorTile" value_param="(2, 0, 128, 1024, (&apos;nvfuser::WarpSpecialized(index = 1)&apos; with value WarpSpecializedOnTIDyRegisterSharing_NoneStageSlicePosition_None), CpAsyncBulkTensorTile)" file="/opt/pytorch/nvfuser/tests/cpp/test_circular_buffering.cpp" line="1718" status="run" result="completed" time="0.004" timestamp="2025-05-20T08:05:53.748" classname="Hopper/TmaCircularBufferingTest" />
    <testcase name="InnerReduction/stage_2_prefetch_0_M_500_N_1024_Pipelined_CpAsyncBulk" value_param="(2, 0, 500, 1024, (&apos;nvfuser::Pipelined(index = 0)&apos; with value Pipelined), CpAsyncBulk)" file="/opt/pytorch/nvfuser/tests/cpp/test_circular_buffering.cpp" line="1718" status="run" result="completed" time="0.125" timestamp="2025-05-20T08:05:53.753" classname="Hopper/TmaCircularBufferingTest" />
    <testcase name="InnerReduction/stage_2_prefetch_0_M_500_N_2048_WarpSpecializedOnTIDyRegisterSharing_NoneStageSlicePosition_None_CpAsyncBulkTensorTile" value_param="(2, 0, 500, 2048, (&apos;nvfuser::WarpSpecialized(index = 1)&apos; with value WarpSpecializedOnTIDyRegisterSharing_NoneStageSlicePosition_None), CpAsyncBulkTensorTile)" file="/opt/pytorch/nvfuser/tests/cpp/test_circular_buffering.cpp" line="1718" status="run" result="completed" time="0.008" timestamp="2025-05-20T08:05:53.878" classname="Hopper/TmaCircularBufferingTest" />
    <testcase name="InnerReduction/stage_2_prefetch_0_M_1024_N_2048_Pipelined_CpAsyncBulk" value_param="(2, 0, 1024, 2048, (&apos;nvfuser::Pipelined(index = 0)&apos; with value Pipelined), CpAsyncBulk)" file="/opt/pytorch/nvfuser/tests/cpp/test_circular_buffering.cpp" line="1718" status="run" result="completed" time="0.065" timestamp="2025-05-20T08:05:53.886" classname="Hopper/TmaCircularBufferingTest" />
    <testcase name="InnerReduction/stage_2_prefetch_1_M_128_N_1024_WarpSpecializedOnTIDxRegisterSharing_64_168StageSlicePosition_None_CpAsyncBulkTensorTile" value_param="(2, 1, 128, 1024, (&apos;nvfuser::WarpSpecialized(index = 1)&apos; with value WarpSpecializedOnTIDxRegisterSharing_64_168StageSlicePosition_None), CpAsyncBulkTensorTile)" file="/opt/pytorch/nvfuser/tests/cpp/test_circular_buffering.cpp" line="1718" status="run" result="completed" time="0.105" timestamp="2025-05-20T08:05:53.952" classname="Hopper/TmaCircularBufferingTest" />
    <testcase name="InnerReduction/stage_2_prefetch_1_M_500_N_1024_WarpSpecializedOnTIDyRegisterSharing_64_168StageSlicePosition_None_CpAsyncBulk" value_param="(2, 1, 500, 1024, (&apos;nvfuser::WarpSpecialized(index = 1)&apos; with value WarpSpecializedOnTIDyRegisterSharing_64_168StageSlicePosition_None), CpAsyncBulk)" file="/opt/pytorch/nvfuser/tests/cpp/test_circular_buffering.cpp" line="1718" status="run" result="completed" time="0.056" timestamp="2025-05-20T08:05:54.057" classname="Hopper/TmaCircularBufferingTest" />
    <testcase name="InnerReduction/stage_2_prefetch_1_M_500_N_2048_WarpSpecializedOnTIDyRegisterSharing_64_168StageSlicePosition_None_CpAsyncBulkTensorTile" value_param="(2, 1, 500, 2048, (&apos;nvfuser::WarpSpecialized(index = 1)&apos; with value WarpSpecializedOnTIDyRegisterSharing_64_168StageSlicePosition_None), CpAsyncBulkTensorTile)" file="/opt/pytorch/nvfuser/tests/cpp/test_circular_buffering.cpp" line="1718" status="run" result="completed" time="0.022" timestamp="2025-05-20T08:05:54.113" classname="Hopper/TmaCircularBufferingTest" />
    <testcase name="InnerReduction/stage_2_prefetch_1_M_1024_N_2048_WarpSpecializedOnTIDyRegisterSharing_64_168StageSlicePosition_None_CpAsyncBulk" value_param="(2, 1, 1024, 2048, (&apos;nvfuser::WarpSpecialized(index = 1)&apos; with value WarpSpecializedOnTIDyRegisterSharing_64_168StageSlicePosition_None), CpAsyncBulk)" file="/opt/pytorch/nvfuser/tests/cpp/test_circular_buffering.cpp" line="1718" status="run" result="completed" time="0.019" timestamp="2025-05-20T08:05:54.136" classname="Hopper/TmaCircularBufferingTest" />
    <testcase name="InnerReduction/stage_4_prefetch_neg4_M_128_N_1024_PipelinedMBarrierForWAR_CpAsyncBulkTensorTile" value_param="(4, -4, 128, 1024, (&apos;nvfuser::Pipelined(index = 0)&apos; with value PipelinedMBarrierForWAR), CpAsyncBulkTensorTile)" file="/opt/pytorch/nvfuser/tests/cpp/test_circular_buffering.cpp" line="1718" status="run" result="completed" time="0.104" timestamp="2025-05-20T08:05:54.155" classname="Hopper/TmaCircularBufferingTest" />
    <testcase name="InnerReduction/stage_4_prefetch_neg4_M_500_N_1024_WarpSpecializedOnTIDxRegisterSharing_64_168StageSlicePosition_None_CpAsyncBulk" value_param="(4, -4, 500, 1024, (&apos;nvfuser::WarpSpecialized(index = 1)&apos; with value WarpSpecializedOnTIDxRegisterSharing_64_168StageSlicePosition_None), CpAsyncBulk)" file="/opt/pytorch/nvfuser/tests/cpp/test_circular_buffering.cpp" line="1718" status="run" result="completed" time="0.138" timestamp="2025-05-20T08:05:54.260" classname="Hopper/TmaCircularBufferingTest" />
    <testcase name="InnerReduction/stage_4_prefetch_neg4_M_500_N_2048_WarpSpecializedOnTIDxRegisterSharing_NoneStageSlicePosition_None_CpAsyncBulkTensorTile" value_param="(4, -4, 500, 2048, (&apos;nvfuser::WarpSpecialized(index = 1)&apos; with value WarpSpecializedOnTIDxRegisterSharing_NoneStageSlicePosition_None), CpAsyncBulkTensorTile)" file="/opt/pytorch/nvfuser/tests/cpp/test_circular_buffering.cpp" line="1718" status="run" result="completed" time="0.141" timestamp="2025-05-20T08:05:54.398" classname="Hopper/TmaCircularBufferingTest" />
    <testcase name="InnerReduction/stage_4_prefetch_neg4_M_1024_N_2048_WarpSpecializedOnTIDyRegisterSharing_64_168StageSlicePosition_None_CpAsyncBulk" value_param="(4, -4, 1024, 2048, (&apos;nvfuser::WarpSpecialized(index = 1)&apos; with value WarpSpecializedOnTIDyRegisterSharing_64_168StageSlicePosition_None), CpAsyncBulk)" file="/opt/pytorch/nvfuser/tests/cpp/test_circular_buffering.cpp" line="1718" status="run" result="completed" time="0.047" timestamp="2025-05-20T08:05:54.540" classname="Hopper/TmaCircularBufferingTest" />
    <testcase name="InnerReduction/stage_4_prefetch_neg3_M_128_N_1024_WarpSpecializedOnTIDxRegisterSharing_NoneStageSlicePosition_None_CpAsyncBulkTensorTile" value_param="(4, -3, 128, 1024, (&apos;nvfuser::WarpSpecialized(index = 1)&apos; with value WarpSpecializedOnTIDxRegisterSharing_NoneStageSlicePosition_None), CpAsyncBulkTensorTile)" file="/opt/pytorch/nvfuser/tests/cpp/test_circular_buffering.cpp" line="1718" status="run" result="completed" time="0.108" timestamp="2025-05-20T08:05:54.587" classname="Hopper/TmaCircularBufferingTest" />
    <testcase name="InnerReduction/stage_4_prefetch_neg3_M_500_N_1024_WarpSpecializedOnTIDyRegisterSharing_NoneStageSlicePosition_None_CpAsyncBulk" value_param="(4, -3, 500, 1024, (&apos;nvfuser::WarpSpecialized(index = 1)&apos; with value WarpSpecializedOnTIDyRegisterSharing_NoneStageSlicePosition_None), CpAsyncBulk)" file="/opt/pytorch/nvfuser/tests/cpp/test_circular_buffering.cpp" line="1718" status="run" result="completed" time="0.027" timestamp="2025-05-20T08:05:54.695" classname="Hopper/TmaCircularBufferingTest" />
    <testcase name="InnerReduction/stage_4_prefetch_neg3_M_500_N_2048_WarpSpecializedOnTIDxRegisterSharing_64_168StageSlicePosition_None_CpAsyncBulkTensorTile" value_param="(4, -3, 500, 2048, (&apos;nvfuser::WarpSpecialized(index = 1)&apos; with value WarpSpecializedOnTIDxRegisterSharing_64_168StageSlicePosition_None), CpAsyncBulkTensorTile)" file="/opt/pytorch/nvfuser/tests/cpp/test_circular_buffering.cpp" line="1718" status="run" result="completed" time="0.141" timestamp="2025-05-20T08:05:54.723" classname="Hopper/TmaCircularBufferingTest" />
    <testcase name="InnerReduction/stage_4_prefetch_neg3_M_1024_N_2048_WarpSpecializedOnTIDxRegisterSharing_NoneStageSlicePosition_None_CpAsyncBulk" value_param="(4, -3, 1024, 2048, (&apos;nvfuser::WarpSpecialized(index = 1)&apos; with value WarpSpecializedOnTIDxRegisterSharing_NoneStageSlicePosition_None), CpAsyncBulk)" file="/opt/pytorch/nvfuser/tests/cpp/test_circular_buffering.cpp" line="1718" status="run" result="completed" time="0.118" timestamp="2025-05-20T08:05:54.864" classname="Hopper/TmaCircularBufferingTest" />
    <testcase name="InnerReduction/stage_4_prefetch_neg2_M_128_N_1024_Pipelined_CpAsyncBulkTensorTile" value_param="(4, -2, 128, 1024, (&apos;nvfuser::Pipelined(index = 0)&apos; with value Pipelined), CpAsyncBulkTensorTile)" file="/opt/pytorch/nvfuser/tests/cpp/test_circular_buffering.cpp" line="1718" status="run" result="completed" time="0.124" timestamp="2025-05-20T08:05:54.983" classname="Hopper/TmaCircularBufferingTest" />
    <testcase name="InnerReduction/stage_4_prefetch_neg2_M_500_N_1024_Pipelined_CpAsyncBulk" value_param="(4, -2, 500, 1024, (&apos;nvfuser::Pipelined(index = 0)&apos; with value Pipelined), CpAsyncBulk)" file="/opt/pytorch/nvfuser/tests/cpp/test_circular_buffering.cpp" line="1718" status="run" result="completed" time="0.126" timestamp="2025-05-20T08:05:55.108" classname="Hopper/TmaCircularBufferingTest" />
    <testcase name="InnerReduction/stage_4_prefetch_neg2_M_500_N_2048_WarpSpecializedOnTIDyRegisterSharing_NoneStageSlicePosition_None_CpAsyncBulkTensorTile" value_param="(4, -2, 500, 2048, (&apos;nvfuser::WarpSpecialized(index = 1)&apos; with value WarpSpecializedOnTIDyRegisterSharing_NoneStageSlicePosition_None), CpAsyncBulkTensorTile)" file="/opt/pytorch/nvfuser/tests/cpp/test_circular_buffering.cpp" line="1718" status="run" result="completed" time="0.004" timestamp="2025-05-20T08:05:55.234" classname="Hopper/TmaCircularBufferingTest" />
    <testcase name="InnerReduction/stage_4_prefetch_neg2_M_1024_N_2048_Pipelined_CpAsyncBulk" value_param="(4, -2, 1024, 2048, (&apos;nvfuser::Pipelined(index = 0)&apos; with value Pipelined), CpAsyncBulk)" file="/opt/pytorch/nvfuser/tests/cpp/test_circular_buffering.cpp" line="1718" status="run" result="completed" time="0.067" timestamp="2025-05-20T08:05:55.239" classname="Hopper/TmaCircularBufferingTest" />
    <testcase name="InnerReduction/stage_4_prefetch_neg1_M_128_N_1024_Pipelined_CpAsyncBulkTensorTile" value_param="(4, -1, 128, 1024, (&apos;nvfuser::Pipelined(index = 0)&apos; with value Pipelined), CpAsyncBulkTensorTile)" file="/opt/pytorch/nvfuser/tests/cpp/test_circular_buffering.cpp" line="1718" status="run" result="completed" time="0.123" timestamp="2025-05-20T08:05:55.307" classname="Hopper/TmaCircularBufferingTest" />
    <testcase name="InnerReduction/stage_4_prefetch_neg1_M_500_N_1024_WarpSpecializedOnTIDyRegisterSharing_NoneStageSlicePosition_None_CpAsyncBulk" value_param="(4, -1, 500, 1024, (&apos;nvfuser::WarpSpecialized(index = 1)&apos; with value WarpSpecializedOnTIDyRegisterSharing_NoneStageSlicePosition_None), CpAsyncBulk)" file="/opt/pytorch/nvfuser/tests/cpp/test_circular_buffering.cpp" line="1718" status="run" result="completed" time="0.004" timestamp="2025-05-20T08:05:55.431" classname="Hopper/TmaCircularBufferingTest" />
    <testcase name="InnerReduction/stage_4_prefetch_neg1_M_500_N_2048_WarpSpecializedOnTIDyRegisterSharing_64_168StageSlicePosition_None_CpAsyncBulkTensorTile" value_param="(4, -1, 500, 2048, (&apos;nvfuser::WarpSpecialized(index = 1)&apos; with value WarpSpecializedOnTIDyRegisterSharing_64_168StageSlicePosition_None), CpAsyncBulkTensorTile)" file="/opt/pytorch/nvfuser/tests/cpp/test_circular_buffering.cpp" line="1718" status="run" result="completed" time="0.009" timestamp="2025-05-20T08:05:55.435" classname="Hopper/TmaCircularBufferingTest" />
    <testcase name="InnerReduction/stage_4_prefetch_neg1_M_1024_N_2048_WarpSpecializedOnTIDxRegisterSharing_64_168StageSlicePosition_None_CpAsyncBulk" value_param="(4, -1, 1024, 2048, (&apos;nvfuser::WarpSpecialized(index = 1)&apos; with value WarpSpecializedOnTIDxRegisterSharing_64_168StageSlicePosition_None), CpAsyncBulk)" file="/opt/pytorch/nvfuser/tests/cpp/test_circular_buffering.cpp" line="1718" status="run" result="completed" time="0.135" timestamp="2025-05-20T08:05:55.445" classname="Hopper/TmaCircularBufferingTest" />
    <testcase name="InnerReduction/stage_4_prefetch_0_M_128_N_1024_PipelinedMBarrierForWAR_CpAsyncBulkTensorTile" value_param="(4, 0, 128, 1024, (&apos;nvfuser::Pipelined(index = 0)&apos; with value PipelinedMBarrierForWAR), CpAsyncBulkTensorTile)" file="/opt/pytorch/nvfuser/tests/cpp/test_circular_buffering.cpp" line="1718" status="run" result="completed" time="0.104" timestamp="2025-05-20T08:05:55.581" classname="Hopper/TmaCircularBufferingTest" />
    <testcase name="InnerReduction/stage_4_prefetch_0_M_500_N_1024_WarpSpecializedOnTIDyRegisterSharing_64_168StageSlicePosition_None_CpAsyncBulk" value_param="(4, 0, 500, 1024, (&apos;nvfuser::WarpSpecialized(index = 1)&apos; with value WarpSpecializedOnTIDyRegisterSharing_64_168StageSlicePosition_None), CpAsyncBulk)" file="/opt/pytorch/nvfuser/tests/cpp/test_circular_buffering.cpp" line="1718" status="run" result="completed" time="0.018" timestamp="2025-05-20T08:05:55.685" classname="Hopper/TmaCircularBufferingTest" />
    <testcase name="InnerReduction/stage_4_prefetch_0_M_500_N_2048_WarpSpecializedOnTIDyRegisterSharing_NoneStageSlicePosition_None_CpAsyncBulkTensorTile" value_param="(4, 0, 500, 2048, (&apos;nvfuser::WarpSpecialized(index = 1)&apos; with value WarpSpecializedOnTIDyRegisterSharing_NoneStageSlicePosition_None), CpAsyncBulkTensorTile)" file="/opt/pytorch/nvfuser/tests/cpp/test_circular_buffering.cpp" line="1718" status="run" result="completed" time="0.039" timestamp="2025-05-20T08:05:55.704" classname="Hopper/TmaCircularBufferingTest" />
    <testcase name="InnerReduction/stage_4_prefetch_0_M_1024_N_2048_WarpSpecializedOnTIDxRegisterSharing_64_168StageSlicePosition_None_CpAsyncBulk" value_param="(4, 0, 1024, 2048, (&apos;nvfuser::WarpSpecialized(index = 1)&apos; with value WarpSpecializedOnTIDxRegisterSharing_64_168StageSlicePosition_None), CpAsyncBulk)" file="/opt/pytorch/nvfuser/tests/cpp/test_circular_buffering.cpp" line="1718" status="run" result="completed" time="0.15" timestamp="2025-05-20T08:05:55.744" classname="Hopper/TmaCircularBufferingTest" />
    <testcase name="InnerReduction/stage_4_prefetch_1_M_128_N_1024_WarpSpecializedOnTIDxRegisterSharing_64_168StageSlicePosition_None_CpAsyncBulkTensorTile" value_param="(4, 1, 128, 1024, (&apos;nvfuser::WarpSpecialized(index = 1)&apos; with value WarpSpecializedOnTIDxRegisterSharing_64_168StageSlicePosition_None), CpAsyncBulkTensorTile)" file="/opt/pytorch/nvfuser/tests/cpp/test_circular_buffering.cpp" line="1718" status="run" result="completed" time="0.109" timestamp="2025-05-20T08:05:55.894" classname="Hopper/TmaCircularBufferingTest" />
    <testcase name="InnerReduction/stage_4_prefetch_1_M_500_N_1024_PipelinedMBarrierForWAR_CpAsyncBulk" value_param="(4, 1, 500, 1024, (&apos;nvfuser::Pipelined(index = 0)&apos; with value PipelinedMBarrierForWAR), CpAsyncBulk)" file="/opt/pytorch/nvfuser/tests/cpp/test_circular_buffering.cpp" line="1718" status="run" result="completed" time="0.124" timestamp="2025-05-20T08:05:56.003" classname="Hopper/TmaCircularBufferingTest" />
    <testcase name="InnerReduction/stage_4_prefetch_1_M_500_N_2048_WarpSpecializedOnTIDyRegisterSharing_NoneStageSlicePosition_None_CpAsyncBulkTensorTile" value_param="(4, 1, 500, 2048, (&apos;nvfuser::WarpSpecialized(index = 1)&apos; with value WarpSpecializedOnTIDyRegisterSharing_NoneStageSlicePosition_None), CpAsyncBulkTensorTile)" file="/opt/pytorch/nvfuser/tests/cpp/test_circular_buffering.cpp" line="1718" status="run" result="completed" time="0.01" timestamp="2025-05-20T08:05:56.128" classname="Hopper/TmaCircularBufferingTest" />
    <testcase name="InnerReduction/stage_4_prefetch_1_M_1024_N_2048_WarpSpecializedOnTIDyRegisterSharing_64_168StageSlicePosition_None_CpAsyncBulk" value_param="(4, 1, 1024, 2048, (&apos;nvfuser::WarpSpecialized(index = 1)&apos; with value WarpSpecializedOnTIDyRegisterSharing_64_168StageSlicePosition_None), CpAsyncBulk)" file="/opt/pytorch/nvfuser/tests/cpp/test_circular_buffering.cpp" line="1718" status="run" result="completed" time="0.006" timestamp="2025-05-20T08:05:56.139" classname="Hopper/TmaCircularBufferingTest" />
    <testcase name="InnerReduction/stage_4_prefetch_2_M_128_N_1024_WarpSpecializedOnTIDxRegisterSharing_64_168StageSlicePosition_None_CpAsyncBulkTensorTile" value_param="(4, 2, 128, 1024, (&apos;nvfuser::WarpSpecialized(index = 1)&apos; with value WarpSpecializedOnTIDxRegisterSharing_64_168StageSlicePosition_None), CpAsyncBulkTensorTile)" file="/opt/pytorch/nvfuser/tests/cpp/test_circular_buffering.cpp" line="1718" status="run" result="completed" time="0.121" timestamp="2025-05-20T08:05:56.146" classname="Hopper/TmaCircularBufferingTest" />
    <testcase name="InnerReduction/stage_4_prefetch_2_M_500_N_1024_WarpSpecializedOnTIDyRegisterSharing_64_168StageSlicePosition_None_CpAsyncBulk" value_param="(4, 2, 500, 1024, (&apos;nvfuser::WarpSpecialized(index = 1)&apos; with value WarpSpecializedOnTIDyRegisterSharing_64_168StageSlicePosition_None), CpAsyncBulk)" file="/opt/pytorch/nvfuser/tests/cpp/test_circular_buffering.cpp" line="1718" status="run" result="completed" time="0.015" timestamp="2025-05-20T08:05:56.267" classname="Hopper/TmaCircularBufferingTest" />
    <testcase name="InnerReduction/stage_4_prefetch_2_M_500_N_2048_WarpSpecializedOnTIDyRegisterSharing_64_168StageSlicePosition_None_CpAsyncBulkTensorTile" value_param="(4, 2, 500, 2048, (&apos;nvfuser::WarpSpecialized(index = 1)&apos; with value WarpSpecializedOnTIDyRegisterSharing_64_168StageSlicePosition_None), CpAsyncBulkTensorTile)" file="/opt/pytorch/nvfuser/tests/cpp/test_circular_buffering.cpp" line="1718" status="run" result="completed" time="0.004" timestamp="2025-05-20T08:05:56.282" classname="Hopper/TmaCircularBufferingTest" />
    <testcase name="InnerReduction/stage_4_prefetch_2_M_1024_N_2048_Pipelined_CpAsyncBulk" value_param="(4, 2, 1024, 2048, (&apos;nvfuser::Pipelined(index = 0)&apos; with value Pipelined), CpAsyncBulk)" file="/opt/pytorch/nvfuser/tests/cpp/test_circular_buffering.cpp" line="1718" status="run" result="completed" time="0.128" timestamp="2025-05-20T08:05:56.287" classname="Hopper/TmaCircularBufferingTest" />
    <testcase name="InnerReduction/stage_4_prefetch_3_M_128_N_1024_PipelinedMBarrierForWAR_CpAsyncBulkTensorTile" value_param="(4, 3, 128, 1024, (&apos;nvfuser::Pipelined(index = 0)&apos; with value PipelinedMBarrierForWAR), CpAsyncBulkTensorTile)" file="/opt/pytorch/nvfuser/tests/cpp/test_circular_buffering.cpp" line="1718" status="run" result="completed" time="0.132" timestamp="2025-05-20T08:05:56.415" classname="Hopper/TmaCircularBufferingTest" />
    <testcase name="InnerReduction/stage_4_prefetch_3_M_500_N_1024_WarpSpecializedOnTIDxRegisterSharing_64_168StageSlicePosition_None_CpAsyncBulk" value_param="(4, 3, 500, 1024, (&apos;nvfuser::WarpSpecialized(index = 1)&apos; with value WarpSpecializedOnTIDxRegisterSharing_64_168StageSlicePosition_None), CpAsyncBulk)" file="/opt/pytorch/nvfuser/tests/cpp/test_circular_buffering.cpp" line="1718" status="run" result="completed" time="0.135" timestamp="2025-05-20T08:05:56.548" classname="Hopper/TmaCircularBufferingTest" />
    <testcase name="InnerReduction/stage_4_prefetch_3_M_500_N_2048_WarpSpecializedOnTIDxRegisterSharing_NoneStageSlicePosition_None_CpAsyncBulkTensorTile" value_param="(4, 3, 500, 2048, (&apos;nvfuser::WarpSpecialized(index = 1)&apos; with value WarpSpecializedOnTIDxRegisterSharing_NoneStageSlicePosition_None), CpAsyncBulkTensorTile)" file="/opt/pytorch/nvfuser/tests/cpp/test_circular_buffering.cpp" line="1718" status="run" result="completed" time="0.152" timestamp="2025-05-20T08:05:56.683" classname="Hopper/TmaCircularBufferingTest" />
    <testcase name="InnerReduction/stage_4_prefetch_3_M_1024_N_2048_WarpSpecializedOnTIDyRegisterSharing_64_168StageSlicePosition_None_CpAsyncBulk" value_param="(4, 3, 1024, 2048, (&apos;nvfuser::WarpSpecialized(index = 1)&apos; with value WarpSpecializedOnTIDyRegisterSharing_64_168StageSlicePosition_None), CpAsyncBulk)" file="/opt/pytorch/nvfuser/tests/cpp/test_circular_buffering.cpp" line="1718" status="run" result="completed" time="0.004" timestamp="2025-05-20T08:05:56.835" classname="Hopper/TmaCircularBufferingTest" />
    <testcase name="OuterReduction/stage_2_prefetch_neg2_M_128_N_1024_PipelinedMBarrierForWAR_CpAsyncBulkTensorTile" value_param="(2, -2, 128, 1024, (&apos;nvfuser::Pipelined(index = 0)&apos; with value PipelinedMBarrierForWAR), CpAsyncBulkTensorTile)" file="/opt/pytorch/nvfuser/tests/cpp/test_circular_buffering.cpp" line="1790" status="run" result="completed" time="0.085" timestamp="2025-05-20T08:05:56.840" classname="Hopper/TmaCircularBufferingTest" />
    <testcase name="OuterReduction/stage_2_prefetch_neg2_M_500_N_1024_PipelinedMBarrierForWAR_CpAsyncBulk" value_param="(2, -2, 500, 1024, (&apos;nvfuser::Pipelined(index = 0)&apos; with value PipelinedMBarrierForWAR), CpAsyncBulk)" file="/opt/pytorch/nvfuser/tests/cpp/test_circular_buffering.cpp" line="1790" status="run" result="completed" time="0.09" timestamp="2025-05-20T08:05:56.926" classname="Hopper/TmaCircularBufferingTest" />
    <testcase name="OuterReduction/stage_2_prefetch_neg2_M_500_N_2048_WarpSpecializedOnTIDyRegisterSharing_64_168StageSlicePosition_None_CpAsyncBulkTensorTile" value_param="(2, -2, 500, 2048, (&apos;nvfuser::WarpSpecialized(index = 1)&apos; with value WarpSpecializedOnTIDyRegisterSharing_64_168StageSlicePosition_None), CpAsyncBulkTensorTile)" file="/opt/pytorch/nvfuser/tests/cpp/test_circular_buffering.cpp" line="1790" status="run" result="completed" time="0.003" timestamp="2025-05-20T08:05:57.017" classname="Hopper/TmaCircularBufferingTest" />
    <testcase name="OuterReduction/stage_2_prefetch_neg2_M_1024_N_2048_WarpSpecializedOnTIDyRegisterSharing_64_168StageSlicePosition_None_CpAsyncBulk" value_param="(2, -2, 1024, 2048, (&apos;nvfuser::WarpSpecialized(index = 1)&apos; with value WarpSpecializedOnTIDyRegisterSharing_64_168StageSlicePosition_None), CpAsyncBulk)" file="/opt/pytorch/nvfuser/tests/cpp/test_circular_buffering.cpp" line="1790" status="run" result="completed" time="0.004" timestamp="2025-05-20T08:05:57.021" classname="Hopper/TmaCircularBufferingTest" />
    <testcase name="OuterReduction/stage_2_prefetch_neg1_M_128_N_1024_WarpSpecializedOnTIDyRegisterSharing_NoneStageSlicePosition_None_CpAsyncBulkTensorTile" value_param="(2, -1, 128, 1024, (&apos;nvfuser::WarpSpecialized(index = 1)&apos; with value WarpSpecializedOnTIDyRegisterSharing_NoneStageSlicePosition_None), CpAsyncBulkTensorTile)" file="/opt/pytorch/nvfuser/tests/cpp/test_circular_buffering.cpp" line="1790" status="run" result="completed" time="0.003" timestamp="2025-05-20T08:05:57.025" classname="Hopper/TmaCircularBufferingTest" />
    <testcase name="OuterReduction/stage_2_prefetch_neg1_M_500_N_1024_WarpSpecializedOnTIDyRegisterSharing_NoneStageSlicePosition_None_CpAsyncBulk" value_param="(2, -1, 500, 1024, (&apos;nvfuser::WarpSpecialized(index = 1)&apos; with value WarpSpecializedOnTIDyRegisterSharing_NoneStageSlicePosition_None), CpAsyncBulk)" file="/opt/pytorch/nvfuser/tests/cpp/test_circular_buffering.cpp" line="1790" status="run" result="completed" time="0.003" timestamp="2025-05-20T08:05:57.028" classname="Hopper/TmaCircularBufferingTest" />
    <testcase name="OuterReduction/stage_2_prefetch_neg1_M_500_N_2048_WarpSpecializedOnTIDyRegisterSharing_64_168StageSlicePosition_None_CpAsyncBulkTensorTile" value_param="(2, -1, 500, 2048, (&apos;nvfuser::WarpSpecialized(index = 1)&apos; with value WarpSpecializedOnTIDyRegisterSharing_64_168StageSlicePosition_None), CpAsyncBulkTensorTile)" file="/opt/pytorch/nvfuser/tests/cpp/test_circular_buffering.cpp" line="1790" status="run" result="completed" time="0.003" timestamp="2025-05-20T08:05:57.032" classname="Hopper/TmaCircularBufferingTest" />
    <testcase name="OuterReduction/stage_2_prefetch_neg1_M_1024_N_2048_WarpSpecializedOnTIDyRegisterSharing_64_168StageSlicePosition_None_CpAsyncBulk" value_param="(2, -1, 1024, 2048, (&apos;nvfuser::WarpSpecialized(index = 1)&apos; with value WarpSpecializedOnTIDyRegisterSharing_64_168StageSlicePosition_None), CpAsyncBulk)" file="/opt/pytorch/nvfuser/tests/cpp/test_circular_buffering.cpp" line="1790" status="run" result="completed" time="0.004" timestamp="2025-05-20T08:05:57.035" classname="Hopper/TmaCircularBufferingTest" />
    <testcase name="OuterReduction/stage_2_prefetch_0_M_128_N_1024_WarpSpecializedOnTIDyRegisterSharing_NoneStageSlicePosition_None_CpAsyncBulkTensorTile" value_param="(2, 0, 128, 1024, (&apos;nvfuser::WarpSpecialized(index = 1)&apos; with value WarpSpecializedOnTIDyRegisterSharing_NoneStageSlicePosition_None), CpAsyncBulkTensorTile)" file="/opt/pytorch/nvfuser/tests/cpp/test_circular_buffering.cpp" line="1790" status="run" result="completed" time="0.003" timestamp="2025-05-20T08:05:57.040" classname="Hopper/TmaCircularBufferingTest" />
    <testcase name="OuterReduction/stage_2_prefetch_0_M_500_N_1024_Pipelined_CpAsyncBulk" value_param="(2, 0, 500, 1024, (&apos;nvfuser::Pipelined(index = 0)&apos; with value Pipelined), CpAsyncBulk)" file="/opt/pytorch/nvfuser/tests/cpp/test_circular_buffering.cpp" line="1790" status="run" result="completed" time="0.086" timestamp="2025-05-20T08:05:57.043" classname="Hopper/TmaCircularBufferingTest" />
    <testcase name="OuterReduction/stage_2_prefetch_0_M_500_N_2048_WarpSpecializedOnTIDyRegisterSharing_NoneStageSlicePosition_None_CpAsyncBulkTensorTile" value_param="(2, 0, 500, 2048, (&apos;nvfuser::WarpSpecialized(index = 1)&apos; with value WarpSpecializedOnTIDyRegisterSharing_NoneStageSlicePosition_None), CpAsyncBulkTensorTile)" file="/opt/pytorch/nvfuser/tests/cpp/test_circular_buffering.cpp" line="1790" status="run" result="completed" time="0.003" timestamp="2025-05-20T08:05:57.130" classname="Hopper/TmaCircularBufferingTest" />
    <testcase name="OuterReduction/stage_2_prefetch_0_M_1024_N_2048_Pipelined_CpAsyncBulk" value_param="(2, 0, 1024, 2048, (&apos;nvfuser::Pipelined(index = 0)&apos; with value Pipelined), CpAsyncBulk)" file="/opt/pytorch/nvfuser/tests/cpp/test_circular_buffering.cpp" line="1790" status="run" result="completed" time="0.063" timestamp="2025-05-20T08:05:57.133" classname="Hopper/TmaCircularBufferingTest" />
    <testcase name="OuterReduction/stage_2_prefetch_1_M_128_N_1024_WarpSpecializedOnTIDxRegisterSharing_64_168StageSlicePosition_None_CpAsyncBulkTensorTile" value_param="(2, 1, 128, 1024, (&apos;nvfuser::WarpSpecialized(index = 1)&apos; with value WarpSpecializedOnTIDxRegisterSharing_64_168StageSlicePosition_None), CpAsyncBulkTensorTile)" file="/opt/pytorch/nvfuser/tests/cpp/test_circular_buffering.cpp" line="1790" status="run" result="completed" time="0.084" timestamp="2025-05-20T08:05:57.197" classname="Hopper/TmaCircularBufferingTest" />
    <testcase name="OuterReduction/stage_2_prefetch_1_M_500_N_1024_WarpSpecializedOnTIDyRegisterSharing_64_168StageSlicePosition_None_CpAsyncBulk" value_param="(2, 1, 500, 1024, (&apos;nvfuser::WarpSpecialized(index = 1)&apos; with value WarpSpecializedOnTIDyRegisterSharing_64_168StageSlicePosition_None), CpAsyncBulk)" file="/opt/pytorch/nvfuser/tests/cpp/test_circular_buffering.cpp" line="1790" status="run" result="completed" time="0.019" timestamp="2025-05-20T08:05:57.281" classname="Hopper/TmaCircularBufferingTest" />
    <testcase name="OuterReduction/stage_2_prefetch_1_M_500_N_2048_WarpSpecializedOnTIDyRegisterSharing_64_168StageSlicePosition_None_CpAsyncBulkTensorTile" value_param="(2, 1, 500, 2048, (&apos;nvfuser::WarpSpecialized(index = 1)&apos; with value WarpSpecializedOnTIDyRegisterSharing_64_168StageSlicePosition_None), CpAsyncBulkTensorTile)" file="/opt/pytorch/nvfuser/tests/cpp/test_circular_buffering.cpp" line="1790" status="run" result="completed" time="0.003" timestamp="2025-05-20T08:05:57.301" classname="Hopper/TmaCircularBufferingTest" />
    <testcase name="OuterReduction/stage_2_prefetch_1_M_1024_N_2048_WarpSpecializedOnTIDyRegisterSharing_64_168StageSlicePosition_None_CpAsyncBulk" value_param="(2, 1, 1024, 2048, (&apos;nvfuser::WarpSpecialized(index = 1)&apos; with value WarpSpecializedOnTIDyRegisterSharing_64_168StageSlicePosition_None), CpAsyncBulk)" file="/opt/pytorch/nvfuser/tests/cpp/test_circular_buffering.cpp" line="1790" status="run" result="completed" time="0.004" timestamp="2025-05-20T08:05:57.305" classname="Hopper/TmaCircularBufferingTest" />
    <testcase name="OuterReduction/stage_4_prefetch_neg4_M_128_N_1024_PipelinedMBarrierForWAR_CpAsyncBulkTensorTile" value_param="(4, -4, 128, 1024, (&apos;nvfuser::Pipelined(index = 0)&apos; with value PipelinedMBarrierForWAR), CpAsyncBulkTensorTile)" file="/opt/pytorch/nvfuser/tests/cpp/test_circular_buffering.cpp" line="1790" status="run" result="completed" time="0.091" timestamp="2025-05-20T08:05:57.309" classname="Hopper/TmaCircularBufferingTest" />
    <testcase name="OuterReduction/stage_4_prefetch_neg4_M_500_N_1024_WarpSpecializedOnTIDxRegisterSharing_64_168StageSlicePosition_None_CpAsyncBulk" value_param="(4, -4, 500, 1024, (&apos;nvfuser::WarpSpecialized(index = 1)&apos; with value WarpSpecializedOnTIDxRegisterSharing_64_168StageSlicePosition_None), CpAsyncBulk)" file="/opt/pytorch/nvfuser/tests/cpp/test_circular_buffering.cpp" line="1790" status="run" result="completed" time="0.11" timestamp="2025-05-20T08:05:57.400" classname="Hopper/TmaCircularBufferingTest" />
    <testcase name="OuterReduction/stage_4_prefetch_neg4_M_500_N_2048_WarpSpecializedOnTIDxRegisterSharing_NoneStageSlicePosition_None_CpAsyncBulkTensorTile" value_param="(4, -4, 500, 2048, (&apos;nvfuser::WarpSpecialized(index = 1)&apos; with value WarpSpecializedOnTIDxRegisterSharing_NoneStageSlicePosition_None), CpAsyncBulkTensorTile)" file="/opt/pytorch/nvfuser/tests/cpp/test_circular_buffering.cpp" line="1790" status="run" result="completed" time="0.105" timestamp="2025-05-20T08:05:57.511" classname="Hopper/TmaCircularBufferingTest" />
    <testcase name="OuterReduction/stage_4_prefetch_neg4_M_1024_N_2048_WarpSpecializedOnTIDyRegisterSharing_64_168StageSlicePosition_None_CpAsyncBulk" value_param="(4, -4, 1024, 2048, (&apos;nvfuser::WarpSpecialized(index = 1)&apos; with value WarpSpecializedOnTIDyRegisterSharing_64_168StageSlicePosition_None), CpAsyncBulk)" file="/opt/pytorch/nvfuser/tests/cpp/test_circular_buffering.cpp" line="1790" status="run" result="completed" time="0.004" timestamp="2025-05-20T08:05:57.617" classname="Hopper/TmaCircularBufferingTest" />
    <testcase name="OuterReduction/stage_4_prefetch_neg3_M_128_N_1024_WarpSpecializedOnTIDxRegisterSharing_NoneStageSlicePosition_None_CpAsyncBulkTensorTile" value_param="(4, -3, 128, 1024, (&apos;nvfuser::WarpSpecialized(index = 1)&apos; with value WarpSpecializedOnTIDxRegisterSharing_NoneStageSlicePosition_None), CpAsyncBulkTensorTile)" file="/opt/pytorch/nvfuser/tests/cpp/test_circular_buffering.cpp" line="1790" status="run" result="completed" time="0.087" timestamp="2025-05-20T08:05:57.621" classname="Hopper/TmaCircularBufferingTest" />
    <testcase name="OuterReduction/stage_4_prefetch_neg3_M_500_N_1024_WarpSpecializedOnTIDyRegisterSharing_NoneStageSlicePosition_None_CpAsyncBulk" value_param="(4, -3, 500, 1024, (&apos;nvfuser::WarpSpecialized(index = 1)&apos; with value WarpSpecializedOnTIDyRegisterSharing_NoneStageSlicePosition_None), CpAsyncBulk)" file="/opt/pytorch/nvfuser/tests/cpp/test_circular_buffering.cpp" line="1790" status="run" result="completed" time="0.007" timestamp="2025-05-20T08:05:57.709" classname="Hopper/TmaCircularBufferingTest" />
    <testcase name="OuterReduction/stage_4_prefetch_neg3_M_500_N_2048_WarpSpecializedOnTIDxRegisterSharing_64_168StageSlicePosition_None_CpAsyncBulkTensorTile" value_param="(4, -3, 500, 2048, (&apos;nvfuser::WarpSpecialized(index = 1)&apos; with value WarpSpecializedOnTIDxRegisterSharing_64_168StageSlicePosition_None), CpAsyncBulkTensorTile)" file="/opt/pytorch/nvfuser/tests/cpp/test_circular_buffering.cpp" line="1790" status="run" result="completed" time="0.095" timestamp="2025-05-20T08:05:57.716" classname="Hopper/TmaCircularBufferingTest" />
    <testcase name="OuterReduction/stage_4_prefetch_neg3_M_1024_N_2048_WarpSpecializedOnTIDxRegisterSharing_NoneStageSlicePosition_None_CpAsyncBulk" value_param="(4, -3, 1024, 2048, (&apos;nvfuser::WarpSpecialized(index = 1)&apos; with value WarpSpecializedOnTIDxRegisterSharing_NoneStageSlicePosition_None), CpAsyncBulk)" file="/opt/pytorch/nvfuser/tests/cpp/test_circular_buffering.cpp" line="1790" status="run" result="completed" time="0.115" timestamp="2025-05-20T08:05:57.812" classname="Hopper/TmaCircularBufferingTest" />
    <testcase name="OuterReduction/stage_4_prefetch_neg2_M_128_N_1024_Pipelined_CpAsyncBulkTensorTile" value_param="(4, -2, 128, 1024, (&apos;nvfuser::Pipelined(index = 0)&apos; with value Pipelined), CpAsyncBulkTensorTile)" file="/opt/pytorch/nvfuser/tests/cpp/test_circular_buffering.cpp" line="1790" status="run" result="completed" time="0.095" timestamp="2025-05-20T08:05:57.928" classname="Hopper/TmaCircularBufferingTest" />
    <testcase name="OuterReduction/stage_4_prefetch_neg2_M_500_N_1024_Pipelined_CpAsyncBulk" value_param="(4, -2, 500, 1024, (&apos;nvfuser::Pipelined(index = 0)&apos; with value Pipelined), CpAsyncBulk)" file="/opt/pytorch/nvfuser/tests/cpp/test_circular_buffering.cpp" line="1790" status="run" result="completed" time="0.12" timestamp="2025-05-20T08:05:58.024" classname="Hopper/TmaCircularBufferingTest" />
    <testcase name="OuterReduction/stage_4_prefetch_neg2_M_500_N_2048_WarpSpecializedOnTIDyRegisterSharing_NoneStageSlicePosition_None_CpAsyncBulkTensorTile" value_param="(4, -2, 500, 2048, (&apos;nvfuser::WarpSpecialized(index = 1)&apos; with value WarpSpecializedOnTIDyRegisterSharing_NoneStageSlicePosition_None), CpAsyncBulkTensorTile)" file="/opt/pytorch/nvfuser/tests/cpp/test_circular_buffering.cpp" line="1790" status="run" result="completed" time="0.024" timestamp="2025-05-20T08:05:58.144" classname="Hopper/TmaCircularBufferingTest" />
    <testcase name="OuterReduction/stage_4_prefetch_neg2_M_1024_N_2048_Pipelined_CpAsyncBulk" value_param="(4, -2, 1024, 2048, (&apos;nvfuser::Pipelined(index = 0)&apos; with value Pipelined), CpAsyncBulk)" file="/opt/pytorch/nvfuser/tests/cpp/test_circular_buffering.cpp" line="1790" status="run" result="completed" time="0.117" timestamp="2025-05-20T08:05:58.168" classname="Hopper/TmaCircularBufferingTest" />
    <testcase name="OuterReduction/stage_4_prefetch_neg1_M_128_N_1024_Pipelined_CpAsyncBulkTensorTile" value_param="(4, -1, 128, 1024, (&apos;nvfuser::Pipelined(index = 0)&apos; with value Pipelined), CpAsyncBulkTensorTile)" file="/opt/pytorch/nvfuser/tests/cpp/test_circular_buffering.cpp" line="1790" status="run" result="completed" time="0.107" timestamp="2025-05-20T08:05:58.286" classname="Hopper/TmaCircularBufferingTest" />
    <testcase name="OuterReduction/stage_4_prefetch_neg1_M_500_N_1024_WarpSpecializedOnTIDyRegisterSharing_NoneStageSlicePosition_None_CpAsyncBulk" value_param="(4, -1, 500, 1024, (&apos;nvfuser::WarpSpecialized(index = 1)&apos; with value WarpSpecializedOnTIDyRegisterSharing_NoneStageSlicePosition_None), CpAsyncBulk)" file="/opt/pytorch/nvfuser/tests/cpp/test_circular_buffering.cpp" line="1790" status="run" result="completed" time="0.024" timestamp="2025-05-20T08:05:58.393" classname="Hopper/TmaCircularBufferingTest" />
    <testcase name="OuterReduction/stage_4_prefetch_neg1_M_500_N_2048_WarpSpecializedOnTIDyRegisterSharing_64_168StageSlicePosition_None_CpAsyncBulkTensorTile" value_param="(4, -1, 500, 2048, (&apos;nvfuser::WarpSpecialized(index = 1)&apos; with value WarpSpecializedOnTIDyRegisterSharing_64_168StageSlicePosition_None), CpAsyncBulkTensorTile)" file="/opt/pytorch/nvfuser/tests/cpp/test_circular_buffering.cpp" line="1790" status="run" result="completed" time="0.021" timestamp="2025-05-20T08:05:58.418" classname="Hopper/TmaCircularBufferingTest" />
    <testcase name="OuterReduction/stage_4_prefetch_neg1_M_1024_N_2048_WarpSpecializedOnTIDxRegisterSharing_64_168StageSlicePosition_None_CpAsyncBulk" value_param="(4, -1, 1024, 2048, (&apos;nvfuser::WarpSpecialized(index = 1)&apos; with value WarpSpecializedOnTIDxRegisterSharing_64_168StageSlicePosition_None), CpAsyncBulk)" file="/opt/pytorch/nvfuser/tests/cpp/test_circular_buffering.cpp" line="1790" status="run" result="completed" time="0.137" timestamp="2025-05-20T08:05:58.439" classname="Hopper/TmaCircularBufferingTest" />
    <testcase name="OuterReduction/stage_4_prefetch_0_M_128_N_1024_PipelinedMBarrierForWAR_CpAsyncBulkTensorTile" value_param="(4, 0, 128, 1024, (&apos;nvfuser::Pipelined(index = 0)&apos; with value PipelinedMBarrierForWAR), CpAsyncBulkTensorTile)" file="/opt/pytorch/nvfuser/tests/cpp/test_circular_buffering.cpp" line="1790" status="run" result="completed" time="0.092" timestamp="2025-05-20T08:05:58.576" classname="Hopper/TmaCircularBufferingTest" />
    <testcase name="OuterReduction/stage_4_prefetch_0_M_500_N_1024_WarpSpecializedOnTIDyRegisterSharing_64_168StageSlicePosition_None_CpAsyncBulk" value_param="(4, 0, 500, 1024, (&apos;nvfuser::WarpSpecialized(index = 1)&apos; with value WarpSpecializedOnTIDyRegisterSharing_64_168StageSlicePosition_None), CpAsyncBulk)" file="/opt/pytorch/nvfuser/tests/cpp/test_circular_buffering.cpp" line="1790" status="run" result="completed" time="0.048" timestamp="2025-05-20T08:05:58.669" classname="Hopper/TmaCircularBufferingTest" />
    <testcase name="OuterReduction/stage_4_prefetch_0_M_500_N_2048_WarpSpecializedOnTIDyRegisterSharing_NoneStageSlicePosition_None_CpAsyncBulkTensorTile" value_param="(4, 0, 500, 2048, (&apos;nvfuser::WarpSpecialized(index = 1)&apos; with value WarpSpecializedOnTIDyRegisterSharing_NoneStageSlicePosition_None), CpAsyncBulkTensorTile)" file="/opt/pytorch/nvfuser/tests/cpp/test_circular_buffering.cpp" line="1790" status="run" result="completed" time="0.053" timestamp="2025-05-20T08:05:58.717" classname="Hopper/TmaCircularBufferingTest" />
    <testcase name="OuterReduction/stage_4_prefetch_0_M_1024_N_2048_WarpSpecializedOnTIDxRegisterSharing_64_168StageSlicePosition_None_CpAsyncBulk" value_param="(4, 0, 1024, 2048, (&apos;nvfuser::WarpSpecialized(index = 1)&apos; with value WarpSpecializedOnTIDxRegisterSharing_64_168StageSlicePosition_None), CpAsyncBulk)" file="/opt/pytorch/nvfuser/tests/cpp/test_circular_buffering.cpp" line="1790" status="run" result="completed" time="0.161" timestamp="2025-05-20T08:05:58.770" classname="Hopper/TmaCircularBufferingTest" />
    <testcase name="OuterReduction/stage_4_prefetch_1_M_128_N_1024_WarpSpecializedOnTIDxRegisterSharing_64_168StageSlicePosition_None_CpAsyncBulkTensorTile" value_param="(4, 1, 128, 1024, (&apos;nvfuser::WarpSpecialized(index = 1)&apos; with value WarpSpecializedOnTIDxRegisterSharing_64_168StageSlicePosition_None), CpAsyncBulkTensorTile)" file="/opt/pytorch/nvfuser/tests/cpp/test_circular_buffering.cpp" line="1790" status="run" result="completed" time="0.088" timestamp="2025-05-20T08:05:58.931" classname="Hopper/TmaCircularBufferingTest" />
    <testcase name="OuterReduction/stage_4_prefetch_1_M_500_N_1024_PipelinedMBarrierForWAR_CpAsyncBulk" value_param="(4, 1, 500, 1024, (&apos;nvfuser::Pipelined(index = 0)&apos; with value PipelinedMBarrierForWAR), CpAsyncBulk)" file="/opt/pytorch/nvfuser/tests/cpp/test_circular_buffering.cpp" line="1790" status="run" result="completed" time="0.114" timestamp="2025-05-20T08:05:59.020" classname="Hopper/TmaCircularBufferingTest" />
    <testcase name="OuterReduction/stage_4_prefetch_1_M_500_N_2048_WarpSpecializedOnTIDyRegisterSharing_NoneStageSlicePosition_None_CpAsyncBulkTensorTile" value_param="(4, 1, 500, 2048, (&apos;nvfuser::WarpSpecialized(index = 1)&apos; with value WarpSpecializedOnTIDyRegisterSharing_NoneStageSlicePosition_None), CpAsyncBulkTensorTile)" file="/opt/pytorch/nvfuser/tests/cpp/test_circular_buffering.cpp" line="1790" status="run" result="completed" time="0.046" timestamp="2025-05-20T08:05:59.134" classname="Hopper/TmaCircularBufferingTest" />
    <testcase name="OuterReduction/stage_4_prefetch_1_M_1024_N_2048_WarpSpecializedOnTIDyRegisterSharing_64_168StageSlicePosition_None_CpAsyncBulk" value_param="(4, 1, 1024, 2048, (&apos;nvfuser::WarpSpecialized(index = 1)&apos; with value WarpSpecializedOnTIDyRegisterSharing_64_168StageSlicePosition_None), CpAsyncBulk)" file="/opt/pytorch/nvfuser/tests/cpp/test_circular_buffering.cpp" line="1790" status="run" result="completed" time="0.02" timestamp="2025-05-20T08:05:59.181" classname="Hopper/TmaCircularBufferingTest" />
    <testcase name="OuterReduction/stage_4_prefetch_2_M_128_N_1024_WarpSpecializedOnTIDxRegisterSharing_64_168StageSlicePosition_None_CpAsyncBulkTensorTile" value_param="(4, 2, 128, 1024, (&apos;nvfuser::WarpSpecialized(index = 1)&apos; with value WarpSpecializedOnTIDxRegisterSharing_64_168StageSlicePosition_None), CpAsyncBulkTensorTile)" file="/opt/pytorch/nvfuser/tests/cpp/test_circular_buffering.cpp" line="1790" status="run" result="completed" time="0.099" timestamp="2025-05-20T08:05:59.202" classname="Hopper/TmaCircularBufferingTest" />
    <testcase name="OuterReduction/stage_4_prefetch_2_M_500_N_1024_WarpSpecializedOnTIDyRegisterSharing_64_168StageSlicePosition_None_CpAsyncBulk" value_param="(4, 2, 500, 1024, (&apos;nvfuser::WarpSpecialized(index = 1)&apos; with value WarpSpecializedOnTIDyRegisterSharing_64_168StageSlicePosition_None), CpAsyncBulk)" file="/opt/pytorch/nvfuser/tests/cpp/test_circular_buffering.cpp" line="1790" status="run" result="completed" time="0.016" timestamp="2025-05-20T08:05:59.301" classname="Hopper/TmaCircularBufferingTest" />
    <testcase name="OuterReduction/stage_4_prefetch_2_M_500_N_2048_WarpSpecializedOnTIDyRegisterSharing_64_168StageSlicePosition_None_CpAsyncBulkTensorTile" value_param="(4, 2, 500, 2048, (&apos;nvfuser::WarpSpecialized(index = 1)&apos; with value WarpSpecializedOnTIDyRegisterSharing_64_168StageSlicePosition_None), CpAsyncBulkTensorTile)" file="/opt/pytorch/nvfuser/tests/cpp/test_circular_buffering.cpp" line="1790" status="run" result="completed" time="0.011" timestamp="2025-05-20T08:05:59.318" classname="Hopper/TmaCircularBufferingTest" />
    <testcase name="OuterReduction/stage_4_prefetch_2_M_1024_N_2048_Pipelined_CpAsyncBulk" value_param="(4, 2, 1024, 2048, (&apos;nvfuser::Pipelined(index = 0)&apos; with value Pipelined), CpAsyncBulk)" file="/opt/pytorch/nvfuser/tests/cpp/test_circular_buffering.cpp" line="1790" status="run" result="completed" time="0.134" timestamp="2025-05-20T08:05:59.329" classname="Hopper/TmaCircularBufferingTest" />
    <testcase name="OuterReduction/stage_4_prefetch_3_M_128_N_1024_PipelinedMBarrierForWAR_CpAsyncBulkTensorTile" value_param="(4, 3, 128, 1024, (&apos;nvfuser::Pipelined(index = 0)&apos; with value PipelinedMBarrierForWAR), CpAsyncBulkTensorTile)" file="/opt/pytorch/nvfuser/tests/cpp/test_circular_buffering.cpp" line="1790" status="run" result="completed" time="0.119" timestamp="2025-05-20T08:05:59.463" classname="Hopper/TmaCircularBufferingTest" />
    <testcase name="OuterReduction/stage_4_prefetch_3_M_500_N_1024_WarpSpecializedOnTIDxRegisterSharing_64_168StageSlicePosition_None_CpAsyncBulk" value_param="(4, 3, 500, 1024, (&apos;nvfuser::WarpSpecialized(index = 1)&apos; with value WarpSpecializedOnTIDxRegisterSharing_64_168StageSlicePosition_None), CpAsyncBulk)" file="/opt/pytorch/nvfuser/tests/cpp/test_circular_buffering.cpp" line="1790" status="run" result="completed" time="0.126" timestamp="2025-05-20T08:05:59.583" classname="Hopper/TmaCircularBufferingTest" />
    <testcase name="OuterReduction/stage_4_prefetch_3_M_500_N_2048_WarpSpecializedOnTIDxRegisterSharing_NoneStageSlicePosition_None_CpAsyncBulkTensorTile" value_param="(4, 3, 500, 2048, (&apos;nvfuser::WarpSpecialized(index = 1)&apos; with value WarpSpecializedOnTIDxRegisterSharing_NoneStageSlicePosition_None), CpAsyncBulkTensorTile)" file="/opt/pytorch/nvfuser/tests/cpp/test_circular_buffering.cpp" line="1790" status="run" result="completed" time="0.113" timestamp="2025-05-20T08:05:59.710" classname="Hopper/TmaCircularBufferingTest" />
    <testcase name="OuterReduction/stage_4_prefetch_3_M_1024_N_2048_WarpSpecializedOnTIDyRegisterSharing_64_168StageSlicePosition_None_CpAsyncBulk" value_param="(4, 3, 1024, 2048, (&apos;nvfuser::WarpSpecialized(index = 1)&apos; with value WarpSpecializedOnTIDyRegisterSharing_64_168StageSlicePosition_None), CpAsyncBulk)" file="/opt/pytorch/nvfuser/tests/cpp/test_circular_buffering.cpp" line="1790" status="run" result="completed" time="0.026" timestamp="2025-05-20T08:05:59.823" classname="Hopper/TmaCircularBufferingTest" />
    <testcase name="Persistent/stage_2_prefetch_neg2_M_128_N_1024_PipelinedMBarrierForWAR_CpAsyncBulkTensorTile" value_param="(2, -2, 128, 1024, (&apos;nvfuser::Pipelined(index = 0)&apos; with value PipelinedMBarrierForWAR), CpAsyncBulkTensorTile)" file="/opt/pytorch/nvfuser/tests/cpp/test_circular_buffering.cpp" line="1854" status="run" result="completed" time="0.296" timestamp="2025-05-20T08:05:59.850" classname="Hopper/TmaCircularBufferingTest" />
    <testcase name="Persistent/stage_2_prefetch_neg2_M_500_N_1024_PipelinedMBarrierForWAR_CpAsyncBulk" value_param="(2, -2, 500, 1024, (&apos;nvfuser::Pipelined(index = 0)&apos; with value PipelinedMBarrierForWAR), CpAsyncBulk)" file="/opt/pytorch/nvfuser/tests/cpp/test_circular_buffering.cpp" line="1854" status="run" result="completed" time="0.21" timestamp="2025-05-20T08:06:00.146" classname="Hopper/TmaCircularBufferingTest" />
    <testcase name="Persistent/stage_2_prefetch_neg2_M_500_N_2048_WarpSpecializedOnTIDyRegisterSharing_64_168StageSlicePosition_None_CpAsyncBulkTensorTile" value_param="(2, -2, 500, 2048, (&apos;nvfuser::WarpSpecialized(index = 1)&apos; with value WarpSpecializedOnTIDyRegisterSharing_64_168StageSlicePosition_None), CpAsyncBulkTensorTile)" file="/opt/pytorch/nvfuser/tests/cpp/test_circular_buffering.cpp" line="1854" status="run" result="skipped" time="0." timestamp="2025-05-20T08:06:00.356" classname="Hopper/TmaCircularBufferingTest">
      <skipped message="/opt/pytorch/nvfuser/tests/cpp/test_circular_buffering.cpp:1857&#x0A;Bdimx is dynamic, Warp Specialization is disabled.&#x0A;"><![CDATA[/opt/pytorch/nvfuser/tests/cpp/test_circular_buffering.cpp:1857
Bdimx is dynamic, Warp Specialization is disabled.
]]></skipped>
    </testcase>
    <testcase name="Persistent/stage_2_prefetch_neg2_M_1024_N_2048_WarpSpecializedOnTIDyRegisterSharing_64_168StageSlicePosition_None_CpAsyncBulk" value_param="(2, -2, 1024, 2048, (&apos;nvfuser::WarpSpecialized(index = 1)&apos; with value WarpSpecializedOnTIDyRegisterSharing_64_168StageSlicePosition_None), CpAsyncBulk)" file="/opt/pytorch/nvfuser/tests/cpp/test_circular_buffering.cpp" line="1854" status="run" result="skipped" time="0." timestamp="2025-05-20T08:06:00.356" classname="Hopper/TmaCircularBufferingTest">
      <skipped message="/opt/pytorch/nvfuser/tests/cpp/test_circular_buffering.cpp:1857&#x0A;Bdimx is dynamic, Warp Specialization is disabled.&#x0A;"><![CDATA[/opt/pytorch/nvfuser/tests/cpp/test_circular_buffering.cpp:1857
Bdimx is dynamic, Warp Specialization is disabled.
]]></skipped>
    </testcase>
    <testcase name="Persistent/stage_2_prefetch_neg1_M_128_N_1024_WarpSpecializedOnTIDyRegisterSharing_NoneStageSlicePosition_None_CpAsyncBulkTensorTile" value_param="(2, -1, 128, 1024, (&apos;nvfuser::WarpSpecialized(index = 1)&apos; with value WarpSpecializedOnTIDyRegisterSharing_NoneStageSlicePosition_None), CpAsyncBulkTensorTile)" file="/opt/pytorch/nvfuser/tests/cpp/test_circular_buffering.cpp" line="1854" status="run" result="skipped" time="0." timestamp="2025-05-20T08:06:00.356" classname="Hopper/TmaCircularBufferingTest">
      <skipped message="/opt/pytorch/nvfuser/tests/cpp/test_circular_buffering.cpp:1857&#x0A;Bdimx is dynamic, Warp Specialization is disabled.&#x0A;"><![CDATA[/opt/pytorch/nvfuser/tests/cpp/test_circular_buffering.cpp:1857
Bdimx is dynamic, Warp Specialization is disabled.
]]></skipped>
    </testcase>
    <testcase name="Persistent/stage_2_prefetch_neg1_M_500_N_1024_WarpSpecializedOnTIDyRegisterSharing_NoneStageSlicePosition_None_CpAsyncBulk" value_param="(2, -1, 500, 1024, (&apos;nvfuser::WarpSpecialized(index = 1)&apos; with value WarpSpecializedOnTIDyRegisterSharing_NoneStageSlicePosition_None), CpAsyncBulk)" file="/opt/pytorch/nvfuser/tests/cpp/test_circular_buffering.cpp" line="1854" status="run" result="skipped" time="0." timestamp="2025-05-20T08:06:00.356" classname="Hopper/TmaCircularBufferingTest">
      <skipped message="/opt/pytorch/nvfuser/tests/cpp/test_circular_buffering.cpp:1857&#x0A;Bdimx is dynamic, Warp Specialization is disabled.&#x0A;"><![CDATA[/opt/pytorch/nvfuser/tests/cpp/test_circular_buffering.cpp:1857
Bdimx is dynamic, Warp Specialization is disabled.
]]></skipped>
    </testcase>
    <testcase name="Persistent/stage_2_prefetch_neg1_M_500_N_2048_WarpSpecializedOnTIDyRegisterSharing_64_168StageSlicePosition_None_CpAsyncBulkTensorTile" value_param="(2, -1, 500, 2048, (&apos;nvfuser::WarpSpecialized(index = 1)&apos; with value WarpSpecializedOnTIDyRegisterSharing_64_168StageSlicePosition_None), CpAsyncBulkTensorTile)" file="/opt/pytorch/nvfuser/tests/cpp/test_circular_buffering.cpp" line="1854" status="run" result="skipped" time="0." timestamp="2025-05-20T08:06:00.356" classname="Hopper/TmaCircularBufferingTest">
      <skipped message="/opt/pytorch/nvfuser/tests/cpp/test_circular_buffering.cpp:1857&#x0A;Bdimx is dynamic, Warp Specialization is disabled.&#x0A;"><![CDATA[/opt/pytorch/nvfuser/tests/cpp/test_circular_buffering.cpp:1857
Bdimx is dynamic, Warp Specialization is disabled.
]]></skipped>
    </testcase>
    <testcase name="Persistent/stage_2_prefetch_neg1_M_1024_N_2048_WarpSpecializedOnTIDyRegisterSharing_64_168StageSlicePosition_None_CpAsyncBulk" value_param="(2, -1, 1024, 2048, (&apos;nvfuser::WarpSpecialized(index = 1)&apos; with value WarpSpecializedOnTIDyRegisterSharing_64_168StageSlicePosition_None), CpAsyncBulk)" file="/opt/pytorch/nvfuser/tests/cpp/test_circular_buffering.cpp" line="1854" status="run" result="skipped" time="0." timestamp="2025-05-20T08:06:00.356" classname="Hopper/TmaCircularBufferingTest">
      <skipped message="/opt/pytorch/nvfuser/tests/cpp/test_circular_buffering.cpp:1857&#x0A;Bdimx is dynamic, Warp Specialization is disabled.&#x0A;"><![CDATA[/opt/pytorch/nvfuser/tests/cpp/test_circular_buffering.cpp:1857
Bdimx is dynamic, Warp Specialization is disabled.
]]></skipped>
    </testcase>
    <testcase name="Persistent/stage_2_prefetch_0_M_128_N_1024_WarpSpecializedOnTIDyRegisterSharing_NoneStageSlicePosition_None_CpAsyncBulkTensorTile" value_param="(2, 0, 128, 1024, (&apos;nvfuser::WarpSpecialized(index = 1)&apos; with value WarpSpecializedOnTIDyRegisterSharing_NoneStageSlicePosition_None), CpAsyncBulkTensorTile)" file="/opt/pytorch/nvfuser/tests/cpp/test_circular_buffering.cpp" line="1854" status="run" result="skipped" time="0." timestamp="2025-05-20T08:06:00.356" classname="Hopper/TmaCircularBufferingTest">
      <skipped message="/opt/pytorch/nvfuser/tests/cpp/test_circular_buffering.cpp:1857&#x0A;Bdimx is dynamic, Warp Specialization is disabled.&#x0A;"><![CDATA[/opt/pytorch/nvfuser/tests/cpp/test_circular_buffering.cpp:1857
Bdimx is dynamic, Warp Specialization is disabled.
]]></skipped>
    </testcase>
    <testcase name="Persistent/stage_2_prefetch_0_M_500_N_1024_Pipelined_CpAsyncBulk" value_param="(2, 0, 500, 1024, (&apos;nvfuser::Pipelined(index = 0)&apos; with value Pipelined), CpAsyncBulk)" file="/opt/pytorch/nvfuser/tests/cpp/test_circular_buffering.cpp" line="1854" status="run" result="completed" time="0.362" timestamp="2025-05-20T08:06:00.356" classname="Hopper/TmaCircularBufferingTest" />
    <testcase name="Persistent/stage_2_prefetch_0_M_500_N_2048_WarpSpecializedOnTIDyRegisterSharing_NoneStageSlicePosition_None_CpAsyncBulkTensorTile" value_param="(2, 0, 500, 2048, (&apos;nvfuser::WarpSpecialized(index = 1)&apos; with value WarpSpecializedOnTIDyRegisterSharing_NoneStageSlicePosition_None), CpAsyncBulkTensorTile)" file="/opt/pytorch/nvfuser/tests/cpp/test_circular_buffering.cpp" line="1854" status="run" result="skipped" time="0." timestamp="2025-05-20T08:06:00.719" classname="Hopper/TmaCircularBufferingTest">
      <skipped message="/opt/pytorch/nvfuser/tests/cpp/test_circular_buffering.cpp:1857&#x0A;Bdimx is dynamic, Warp Specialization is disabled.&#x0A;"><![CDATA[/opt/pytorch/nvfuser/tests/cpp/test_circular_buffering.cpp:1857
Bdimx is dynamic, Warp Specialization is disabled.
]]></skipped>
    </testcase>
    <testcase name="Persistent/stage_2_prefetch_0_M_1024_N_2048_Pipelined_CpAsyncBulk" value_param="(2, 0, 1024, 2048, (&apos;nvfuser::Pipelined(index = 0)&apos; with value Pipelined), CpAsyncBulk)" file="/opt/pytorch/nvfuser/tests/cpp/test_circular_buffering.cpp" line="1854" status="run" result="completed" time="0.281" timestamp="2025-05-20T08:06:00.719" classname="Hopper/TmaCircularBufferingTest" />
    <testcase name="Persistent/stage_2_prefetch_1_M_128_N_1024_WarpSpecializedOnTIDxRegisterSharing_64_168StageSlicePosition_None_CpAsyncBulkTensorTile" value_param="(2, 1, 128, 1024, (&apos;nvfuser::WarpSpecialized(index = 1)&apos; with value WarpSpecializedOnTIDxRegisterSharing_64_168StageSlicePosition_None), CpAsyncBulkTensorTile)" file="/opt/pytorch/nvfuser/tests/cpp/test_circular_buffering.cpp" line="1854" status="run" result="skipped" time="0." timestamp="2025-05-20T08:06:01.000" classname="Hopper/TmaCircularBufferingTest">
      <skipped message="/opt/pytorch/nvfuser/tests/cpp/test_circular_buffering.cpp:1857&#x0A;Bdimx is dynamic, Warp Specialization is disabled.&#x0A;"><![CDATA[/opt/pytorch/nvfuser/tests/cpp/test_circular_buffering.cpp:1857
Bdimx is dynamic, Warp Specialization is disabled.
]]></skipped>
    </testcase>
    <testcase name="Persistent/stage_2_prefetch_1_M_500_N_1024_WarpSpecializedOnTIDyRegisterSharing_64_168StageSlicePosition_None_CpAsyncBulk" value_param="(2, 1, 500, 1024, (&apos;nvfuser::WarpSpecialized(index = 1)&apos; with value WarpSpecializedOnTIDyRegisterSharing_64_168StageSlicePosition_None), CpAsyncBulk)" file="/opt/pytorch/nvfuser/tests/cpp/test_circular_buffering.cpp" line="1854" status="run" result="skipped" time="0." timestamp="2025-05-20T08:06:01.000" classname="Hopper/TmaCircularBufferingTest">
      <skipped message="/opt/pytorch/nvfuser/tests/cpp/test_circular_buffering.cpp:1857&#x0A;Bdimx is dynamic, Warp Specialization is disabled.&#x0A;"><![CDATA[/opt/pytorch/nvfuser/tests/cpp/test_circular_buffering.cpp:1857
Bdimx is dynamic, Warp Specialization is disabled.
]]></skipped>
    </testcase>
    <testcase name="Persistent/stage_2_prefetch_1_M_500_N_2048_WarpSpecializedOnTIDyRegisterSharing_64_168StageSlicePosition_None_CpAsyncBulkTensorTile" value_param="(2, 1, 500, 2048, (&apos;nvfuser::WarpSpecialized(index = 1)&apos; with value WarpSpecializedOnTIDyRegisterSharing_64_168StageSlicePosition_None), CpAsyncBulkTensorTile)" file="/opt/pytorch/nvfuser/tests/cpp/test_circular_buffering.cpp" line="1854" status="run" result="skipped" time="0." timestamp="2025-05-20T08:06:01.000" classname="Hopper/TmaCircularBufferingTest">
      <skipped message="/opt/pytorch/nvfuser/tests/cpp/test_circular_buffering.cpp:1857&#x0A;Bdimx is dynamic, Warp Specialization is disabled.&#x0A;"><![CDATA[/opt/pytorch/nvfuser/tests/cpp/test_circular_buffering.cpp:1857
Bdimx is dynamic, Warp Specialization is disabled.
]]></skipped>
    </testcase>
    <testcase name="Persistent/stage_2_prefetch_1_M_1024_N_2048_WarpSpecializedOnTIDyRegisterSharing_64_168StageSlicePosition_None_CpAsyncBulk" value_param="(2, 1, 1024, 2048, (&apos;nvfuser::WarpSpecialized(index = 1)&apos; with value WarpSpecializedOnTIDyRegisterSharing_64_168StageSlicePosition_None), CpAsyncBulk)" file="/opt/pytorch/nvfuser/tests/cpp/test_circular_buffering.cpp" line="1854" status="run" result="skipped" time="0." timestamp="2025-05-20T08:06:01.000" classname="Hopper/TmaCircularBufferingTest">
      <skipped message="/opt/pytorch/nvfuser/tests/cpp/test_circular_buffering.cpp:1857&#x0A;Bdimx is dynamic, Warp Specialization is disabled.&#x0A;"><![CDATA[/opt/pytorch/nvfuser/tests/cpp/test_circular_buffering.cpp:1857
Bdimx is dynamic, Warp Specialization is disabled.
]]></skipped>
    </testcase>
    <testcase name="Persistent/stage_4_prefetch_neg4_M_128_N_1024_PipelinedMBarrierForWAR_CpAsyncBulkTensorTile" value_param="(4, -4, 128, 1024, (&apos;nvfuser::Pipelined(index = 0)&apos; with value PipelinedMBarrierForWAR), CpAsyncBulkTensorTile)" file="/opt/pytorch/nvfuser/tests/cpp/test_circular_buffering.cpp" line="1854" status="run" result="completed" time="0.183" timestamp="2025-05-20T08:06:01.000" classname="Hopper/TmaCircularBufferingTest" />
    <testcase name="Persistent/stage_4_prefetch_neg4_M_500_N_1024_WarpSpecializedOnTIDxRegisterSharing_64_168StageSlicePosition_None_CpAsyncBulk" value_param="(4, -4, 500, 1024, (&apos;nvfuser::WarpSpecialized(index = 1)&apos; with value WarpSpecializedOnTIDxRegisterSharing_64_168StageSlicePosition_None), CpAsyncBulk)" file="/opt/pytorch/nvfuser/tests/cpp/test_circular_buffering.cpp" line="1854" status="run" result="skipped" time="0." timestamp="2025-05-20T08:06:01.184" classname="Hopper/TmaCircularBufferingTest">
      <skipped message="/opt/pytorch/nvfuser/tests/cpp/test_circular_buffering.cpp:1857&#x0A;Bdimx is dynamic, Warp Specialization is disabled.&#x0A;"><![CDATA[/opt/pytorch/nvfuser/tests/cpp/test_circular_buffering.cpp:1857
Bdimx is dynamic, Warp Specialization is disabled.
]]></skipped>
    </testcase>
    <testcase name="Persistent/stage_4_prefetch_neg4_M_500_N_2048_WarpSpecializedOnTIDxRegisterSharing_NoneStageSlicePosition_None_CpAsyncBulkTensorTile" value_param="(4, -4, 500, 2048, (&apos;nvfuser::WarpSpecialized(index = 1)&apos; with value WarpSpecializedOnTIDxRegisterSharing_NoneStageSlicePosition_None), CpAsyncBulkTensorTile)" file="/opt/pytorch/nvfuser/tests/cpp/test_circular_buffering.cpp" line="1854" status="run" result="skipped" time="0." timestamp="2025-05-20T08:06:01.184" classname="Hopper/TmaCircularBufferingTest">
      <skipped message="/opt/pytorch/nvfuser/tests/cpp/test_circular_buffering.cpp:1857&#x0A;Bdimx is dynamic, Warp Specialization is disabled.&#x0A;"><![CDATA[/opt/pytorch/nvfuser/tests/cpp/test_circular_buffering.cpp:1857
Bdimx is dynamic, Warp Specialization is disabled.
]]></skipped>
    </testcase>
    <testcase name="Persistent/stage_4_prefetch_neg4_M_1024_N_2048_WarpSpecializedOnTIDyRegisterSharing_64_168StageSlicePosition_None_CpAsyncBulk" value_param="(4, -4, 1024, 2048, (&apos;nvfuser::WarpSpecialized(index = 1)&apos; with value WarpSpecializedOnTIDyRegisterSharing_64_168StageSlicePosition_None), CpAsyncBulk)" file="/opt/pytorch/nvfuser/tests/cpp/test_circular_buffering.cpp" line="1854" status="run" result="skipped" time="0." timestamp="2025-05-20T08:06:01.184" classname="Hopper/TmaCircularBufferingTest">
      <skipped message="/opt/pytorch/nvfuser/tests/cpp/test_circular_buffering.cpp:1857&#x0A;Bdimx is dynamic, Warp Specialization is disabled.&#x0A;"><![CDATA[/opt/pytorch/nvfuser/tests/cpp/test_circular_buffering.cpp:1857
Bdimx is dynamic, Warp Specialization is disabled.
]]></skipped>
    </testcase>
    <testcase name="Persistent/stage_4_prefetch_neg3_M_128_N_1024_WarpSpecializedOnTIDxRegisterSharing_NoneStageSlicePosition_None_CpAsyncBulkTensorTile" value_param="(4, -3, 128, 1024, (&apos;nvfuser::WarpSpecialized(index = 1)&apos; with value WarpSpecializedOnTIDxRegisterSharing_NoneStageSlicePosition_None), CpAsyncBulkTensorTile)" file="/opt/pytorch/nvfuser/tests/cpp/test_circular_buffering.cpp" line="1854" status="run" result="skipped" time="0." timestamp="2025-05-20T08:06:01.184" classname="Hopper/TmaCircularBufferingTest">
      <skipped message="/opt/pytorch/nvfuser/tests/cpp/test_circular_buffering.cpp:1857&#x0A;Bdimx is dynamic, Warp Specialization is disabled.&#x0A;"><![CDATA[/opt/pytorch/nvfuser/tests/cpp/test_circular_buffering.cpp:1857
Bdimx is dynamic, Warp Specialization is disabled.
]]></skipped>
    </testcase>
    <testcase name="Persistent/stage_4_prefetch_neg3_M_500_N_1024_WarpSpecializedOnTIDyRegisterSharing_NoneStageSlicePosition_None_CpAsyncBulk" value_param="(4, -3, 500, 1024, (&apos;nvfuser::WarpSpecialized(index = 1)&apos; with value WarpSpecializedOnTIDyRegisterSharing_NoneStageSlicePosition_None), CpAsyncBulk)" file="/opt/pytorch/nvfuser/tests/cpp/test_circular_buffering.cpp" line="1854" status="run" result="skipped" time="0." timestamp="2025-05-20T08:06:01.184" classname="Hopper/TmaCircularBufferingTest">
      <skipped message="/opt/pytorch/nvfuser/tests/cpp/test_circular_buffering.cpp:1857&#x0A;Bdimx is dynamic, Warp Specialization is disabled.&#x0A;"><![CDATA[/opt/pytorch/nvfuser/tests/cpp/test_circular_buffering.cpp:1857
Bdimx is dynamic, Warp Specialization is disabled.
]]></skipped>
    </testcase>
    <testcase name="Persistent/stage_4_prefetch_neg3_M_500_N_2048_WarpSpecializedOnTIDxRegisterSharing_64_168StageSlicePosition_None_CpAsyncBulkTensorTile" value_param="(4, -3, 500, 2048, (&apos;nvfuser::WarpSpecialized(index = 1)&apos; with value WarpSpecializedOnTIDxRegisterSharing_64_168StageSlicePosition_None), CpAsyncBulkTensorTile)" file="/opt/pytorch/nvfuser/tests/cpp/test_circular_buffering.cpp" line="1854" status="run" result="skipped" time="0." timestamp="2025-05-20T08:06:01.184" classname="Hopper/TmaCircularBufferingTest">
      <skipped message="/opt/pytorch/nvfuser/tests/cpp/test_circular_buffering.cpp:1857&#x0A;Bdimx is dynamic, Warp Specialization is disabled.&#x0A;"><![CDATA[/opt/pytorch/nvfuser/tests/cpp/test_circular_buffering.cpp:1857
Bdimx is dynamic, Warp Specialization is disabled.
]]></skipped>
    </testcase>
    <testcase name="Persistent/stage_4_prefetch_neg3_M_1024_N_2048_WarpSpecializedOnTIDxRegisterSharing_NoneStageSlicePosition_None_CpAsyncBulk" value_param="(4, -3, 1024, 2048, (&apos;nvfuser::WarpSpecialized(index = 1)&apos; with value WarpSpecializedOnTIDxRegisterSharing_NoneStageSlicePosition_None), CpAsyncBulk)" file="/opt/pytorch/nvfuser/tests/cpp/test_circular_buffering.cpp" line="1854" status="run" result="skipped" time="0." timestamp="2025-05-20T08:06:01.184" classname="Hopper/TmaCircularBufferingTest">
      <skipped message="/opt/pytorch/nvfuser/tests/cpp/test_circular_buffering.cpp:1857&#x0A;Bdimx is dynamic, Warp Specialization is disabled.&#x0A;"><![CDATA[/opt/pytorch/nvfuser/tests/cpp/test_circular_buffering.cpp:1857
Bdimx is dynamic, Warp Specialization is disabled.
]]></skipped>
    </testcase>
    <testcase name="Persistent/stage_4_prefetch_neg2_M_128_N_1024_Pipelined_CpAsyncBulkTensorTile" value_param="(4, -2, 128, 1024, (&apos;nvfuser::Pipelined(index = 0)&apos; with value Pipelined), CpAsyncBulkTensorTile)" file="/opt/pytorch/nvfuser/tests/cpp/test_circular_buffering.cpp" line="1854" status="run" result="completed" time="0.266" timestamp="2025-05-20T08:06:01.184" classname="Hopper/TmaCircularBufferingTest" />
    <testcase name="Persistent/stage_4_prefetch_neg2_M_500_N_1024_Pipelined_CpAsyncBulk" value_param="(4, -2, 500, 1024, (&apos;nvfuser::Pipelined(index = 0)&apos; with value Pipelined), CpAsyncBulk)" file="/opt/pytorch/nvfuser/tests/cpp/test_circular_buffering.cpp" line="1854" status="run" result="completed" time="0.34" timestamp="2025-05-20T08:06:01.451" classname="Hopper/TmaCircularBufferingTest" />
    <testcase name="Persistent/stage_4_prefetch_neg2_M_500_N_2048_WarpSpecializedOnTIDyRegisterSharing_NoneStageSlicePosition_None_CpAsyncBulkTensorTile" value_param="(4, -2, 500, 2048, (&apos;nvfuser::WarpSpecialized(index = 1)&apos; with value WarpSpecializedOnTIDyRegisterSharing_NoneStageSlicePosition_None), CpAsyncBulkTensorTile)" file="/opt/pytorch/nvfuser/tests/cpp/test_circular_buffering.cpp" line="1854" status="run" result="skipped" time="0." timestamp="2025-05-20T08:06:01.792" classname="Hopper/TmaCircularBufferingTest">
      <skipped message="/opt/pytorch/nvfuser/tests/cpp/test_circular_buffering.cpp:1857&#x0A;Bdimx is dynamic, Warp Specialization is disabled.&#x0A;"><![CDATA[/opt/pytorch/nvfuser/tests/cpp/test_circular_buffering.cpp:1857
Bdimx is dynamic, Warp Specialization is disabled.
]]></skipped>
    </testcase>
    <testcase name="Persistent/stage_4_prefetch_neg2_M_1024_N_2048_Pipelined_CpAsyncBulk" value_param="(4, -2, 1024, 2048, (&apos;nvfuser::Pipelined(index = 0)&apos; with value Pipelined), CpAsyncBulk)" file="/opt/pytorch/nvfuser/tests/cpp/test_circular_buffering.cpp" line="1854" status="run" result="completed" time="0.326" timestamp="2025-05-20T08:06:01.792" classname="Hopper/TmaCircularBufferingTest" />
    <testcase name="Persistent/stage_4_prefetch_neg1_M_128_N_1024_Pipelined_CpAsyncBulkTensorTile" value_param="(4, -1, 128, 1024, (&apos;nvfuser::Pipelined(index = 0)&apos; with value Pipelined), CpAsyncBulkTensorTile)" file="/opt/pytorch/nvfuser/tests/cpp/test_circular_buffering.cpp" line="1854" status="run" result="completed" time="0.252" timestamp="2025-05-20T08:06:02.119" classname="Hopper/TmaCircularBufferingTest" />
    <testcase name="Persistent/stage_4_prefetch_neg1_M_500_N_1024_WarpSpecializedOnTIDyRegisterSharing_NoneStageSlicePosition_None_CpAsyncBulk" value_param="(4, -1, 500, 1024, (&apos;nvfuser::WarpSpecialized(index = 1)&apos; with value WarpSpecializedOnTIDyRegisterSharing_NoneStageSlicePosition_None), CpAsyncBulk)" file="/opt/pytorch/nvfuser/tests/cpp/test_circular_buffering.cpp" line="1854" status="run" result="skipped" time="0." timestamp="2025-05-20T08:06:02.371" classname="Hopper/TmaCircularBufferingTest">
      <skipped message="/opt/pytorch/nvfuser/tests/cpp/test_circular_buffering.cpp:1857&#x0A;Bdimx is dynamic, Warp Specialization is disabled.&#x0A;"><![CDATA[/opt/pytorch/nvfuser/tests/cpp/test_circular_buffering.cpp:1857
Bdimx is dynamic, Warp Specialization is disabled.
]]></skipped>
    </testcase>
    <testcase name="Persistent/stage_4_prefetch_neg1_M_500_N_2048_WarpSpecializedOnTIDyRegisterSharing_64_168StageSlicePosition_None_CpAsyncBulkTensorTile" value_param="(4, -1, 500, 2048, (&apos;nvfuser::WarpSpecialized(index = 1)&apos; with value WarpSpecializedOnTIDyRegisterSharing_64_168StageSlicePosition_None), CpAsyncBulkTensorTile)" file="/opt/pytorch/nvfuser/tests/cpp/test_circular_buffering.cpp" line="1854" status="run" result="skipped" time="0." timestamp="2025-05-20T08:06:02.371" classname="Hopper/TmaCircularBufferingTest">
      <skipped message="/opt/pytorch/nvfuser/tests/cpp/test_circular_buffering.cpp:1857&#x0A;Bdimx is dynamic, Warp Specialization is disabled.&#x0A;"><![CDATA[/opt/pytorch/nvfuser/tests/cpp/test_circular_buffering.cpp:1857
Bdimx is dynamic, Warp Specialization is disabled.
]]></skipped>
    </testcase>
    <testcase name="Persistent/stage_4_prefetch_neg1_M_1024_N_2048_WarpSpecializedOnTIDxRegisterSharing_64_168StageSlicePosition_None_CpAsyncBulk" value_param="(4, -1, 1024, 2048, (&apos;nvfuser::WarpSpecialized(index = 1)&apos; with value WarpSpecializedOnTIDxRegisterSharing_64_168StageSlicePosition_None), CpAsyncBulk)" file="/opt/pytorch/nvfuser/tests/cpp/test_circular_buffering.cpp" line="1854" status="run" result="skipped" time="0." timestamp="2025-05-20T08:06:02.371" classname="Hopper/TmaCircularBufferingTest">
      <skipped message="/opt/pytorch/nvfuser/tests/cpp/test_circular_buffering.cpp:1857&#x0A;Bdimx is dynamic, Warp Specialization is disabled.&#x0A;"><![CDATA[/opt/pytorch/nvfuser/tests/cpp/test_circular_buffering.cpp:1857
Bdimx is dynamic, Warp Specialization is disabled.
]]></skipped>
    </testcase>
    <testcase name="Persistent/stage_4_prefetch_0_M_128_N_1024_PipelinedMBarrierForWAR_CpAsyncBulkTensorTile" value_param="(4, 0, 128, 1024, (&apos;nvfuser::Pipelined(index = 0)&apos; with value PipelinedMBarrierForWAR), CpAsyncBulkTensorTile)" file="/opt/pytorch/nvfuser/tests/cpp/test_circular_buffering.cpp" line="1854" status="run" result="completed" time="0.222" timestamp="2025-05-20T08:06:02.371" classname="Hopper/TmaCircularBufferingTest" />
    <testcase name="Persistent/stage_4_prefetch_0_M_500_N_1024_WarpSpecializedOnTIDyRegisterSharing_64_168StageSlicePosition_None_CpAsyncBulk" value_param="(4, 0, 500, 1024, (&apos;nvfuser::WarpSpecialized(index = 1)&apos; with value WarpSpecializedOnTIDyRegisterSharing_64_168StageSlicePosition_None), CpAsyncBulk)" file="/opt/pytorch/nvfuser/tests/cpp/test_circular_buffering.cpp" line="1854" status="run" result="skipped" time="0." timestamp="2025-05-20T08:06:02.593" classname="Hopper/TmaCircularBufferingTest">
      <skipped message="/opt/pytorch/nvfuser/tests/cpp/test_circular_buffering.cpp:1857&#x0A;Bdimx is dynamic, Warp Specialization is disabled.&#x0A;"><![CDATA[/opt/pytorch/nvfuser/tests/cpp/test_circular_buffering.cpp:1857
Bdimx is dynamic, Warp Specialization is disabled.
]]></skipped>
    </testcase>
    <testcase name="Persistent/stage_4_prefetch_0_M_500_N_2048_WarpSpecializedOnTIDyRegisterSharing_NoneStageSlicePosition_None_CpAsyncBulkTensorTile" value_param="(4, 0, 500, 2048, (&apos;nvfuser::WarpSpecialized(index = 1)&apos; with value WarpSpecializedOnTIDyRegisterSharing_NoneStageSlicePosition_None), CpAsyncBulkTensorTile)" file="/opt/pytorch/nvfuser/tests/cpp/test_circular_buffering.cpp" line="1854" status="run" result="skipped" time="0." timestamp="2025-05-20T08:06:02.593" classname="Hopper/TmaCircularBufferingTest">
      <skipped message="/opt/pytorch/nvfuser/tests/cpp/test_circular_buffering.cpp:1857&#x0A;Bdimx is dynamic, Warp Specialization is disabled.&#x0A;"><![CDATA[/opt/pytorch/nvfuser/tests/cpp/test_circular_buffering.cpp:1857
Bdimx is dynamic, Warp Specialization is disabled.
]]></skipped>
    </testcase>
    <testcase name="Persistent/stage_4_prefetch_0_M_1024_N_2048_WarpSpecializedOnTIDxRegisterSharing_64_168StageSlicePosition_None_CpAsyncBulk" value_param="(4, 0, 1024, 2048, (&apos;nvfuser::WarpSpecialized(index = 1)&apos; with value WarpSpecializedOnTIDxRegisterSharing_64_168StageSlicePosition_None), CpAsyncBulk)" file="/opt/pytorch/nvfuser/tests/cpp/test_circular_buffering.cpp" line="1854" status="run" result="skipped" time="0." timestamp="2025-05-20T08:06:02.593" classname="Hopper/TmaCircularBufferingTest">
      <skipped message="/opt/pytorch/nvfuser/tests/cpp/test_circular_buffering.cpp:1857&#x0A;Bdimx is dynamic, Warp Specialization is disabled.&#x0A;"><![CDATA[/opt/pytorch/nvfuser/tests/cpp/test_circular_buffering.cpp:1857
Bdimx is dynamic, Warp Specialization is disabled.
]]></skipped>
    </testcase>
    <testcase name="Persistent/stage_4_prefetch_1_M_128_N_1024_WarpSpecializedOnTIDxRegisterSharing_64_168StageSlicePosition_None_CpAsyncBulkTensorTile" value_param="(4, 1, 128, 1024, (&apos;nvfuser::WarpSpecialized(index = 1)&apos; with value WarpSpecializedOnTIDxRegisterSharing_64_168StageSlicePosition_None), CpAsyncBulkTensorTile)" file="/opt/pytorch/nvfuser/tests/cpp/test_circular_buffering.cpp" line="1854" status="run" result="skipped" time="0." timestamp="2025-05-20T08:06:02.593" classname="Hopper/TmaCircularBufferingTest">
      <skipped message="/opt/pytorch/nvfuser/tests/cpp/test_circular_buffering.cpp:1857&#x0A;Bdimx is dynamic, Warp Specialization is disabled.&#x0A;"><![CDATA[/opt/pytorch/nvfuser/tests/cpp/test_circular_buffering.cpp:1857
Bdimx is dynamic, Warp Specialization is disabled.
]]></skipped>
    </testcase>
    <testcase name="Persistent/stage_4_prefetch_1_M_500_N_1024_PipelinedMBarrierForWAR_CpAsyncBulk" value_param="(4, 1, 500, 1024, (&apos;nvfuser::Pipelined(index = 0)&apos; with value PipelinedMBarrierForWAR), CpAsyncBulk)" file="/opt/pytorch/nvfuser/tests/cpp/test_circular_buffering.cpp" line="1854" status="run" result="completed" time="0.534" timestamp="2025-05-20T08:06:02.593" classname="Hopper/TmaCircularBufferingTest" />
    <testcase name="Persistent/stage_4_prefetch_1_M_500_N_2048_WarpSpecializedOnTIDyRegisterSharing_NoneStageSlicePosition_None_CpAsyncBulkTensorTile" value_param="(4, 1, 500, 2048, (&apos;nvfuser::WarpSpecialized(index = 1)&apos; with value WarpSpecializedOnTIDyRegisterSharing_NoneStageSlicePosition_None), CpAsyncBulkTensorTile)" file="/opt/pytorch/nvfuser/tests/cpp/test_circular_buffering.cpp" line="1854" status="run" result="skipped" time="0." timestamp="2025-05-20T08:06:03.127" classname="Hopper/TmaCircularBufferingTest">
      <skipped message="/opt/pytorch/nvfuser/tests/cpp/test_circular_buffering.cpp:1857&#x0A;Bdimx is dynamic, Warp Specialization is disabled.&#x0A;"><![CDATA[/opt/pytorch/nvfuser/tests/cpp/test_circular_buffering.cpp:1857
Bdimx is dynamic, Warp Specialization is disabled.
]]></skipped>
    </testcase>
    <testcase name="Persistent/stage_4_prefetch_1_M_1024_N_2048_WarpSpecializedOnTIDyRegisterSharing_64_168StageSlicePosition_None_CpAsyncBulk" value_param="(4, 1, 1024, 2048, (&apos;nvfuser::WarpSpecialized(index = 1)&apos; with value WarpSpecializedOnTIDyRegisterSharing_64_168StageSlicePosition_None), CpAsyncBulk)" file="/opt/pytorch/nvfuser/tests/cpp/test_circular_buffering.cpp" line="1854" status="run" result="skipped" time="0." timestamp="2025-05-20T08:06:03.127" classname="Hopper/TmaCircularBufferingTest">
      <skipped message="/opt/pytorch/nvfuser/tests/cpp/test_circular_buffering.cpp:1857&#x0A;Bdimx is dynamic, Warp Specialization is disabled.&#x0A;"><![CDATA[/opt/pytorch/nvfuser/tests/cpp/test_circular_buffering.cpp:1857
Bdimx is dynamic, Warp Specialization is disabled.
]]></skipped>
    </testcase>
    <testcase name="Persistent/stage_4_prefetch_2_M_128_N_1024_WarpSpecializedOnTIDxRegisterSharing_64_168StageSlicePosition_None_CpAsyncBulkTensorTile" value_param="(4, 2, 128, 1024, (&apos;nvfuser::WarpSpecialized(index = 1)&apos; with value WarpSpecializedOnTIDxRegisterSharing_64_168StageSlicePosition_None), CpAsyncBulkTensorTile)" file="/opt/pytorch/nvfuser/tests/cpp/test_circular_buffering.cpp" line="1854" status="run" result="skipped" time="0." timestamp="2025-05-20T08:06:03.127" classname="Hopper/TmaCircularBufferingTest">
      <skipped message="/opt/pytorch/nvfuser/tests/cpp/test_circular_buffering.cpp:1857&#x0A;Bdimx is dynamic, Warp Specialization is disabled.&#x0A;"><![CDATA[/opt/pytorch/nvfuser/tests/cpp/test_circular_buffering.cpp:1857
Bdimx is dynamic, Warp Specialization is disabled.
]]></skipped>
    </testcase>
    <testcase name="Persistent/stage_4_prefetch_2_M_500_N_1024_WarpSpecializedOnTIDyRegisterSharing_64_168StageSlicePosition_None_CpAsyncBulk" value_param="(4, 2, 500, 1024, (&apos;nvfuser::WarpSpecialized(index = 1)&apos; with value WarpSpecializedOnTIDyRegisterSharing_64_168StageSlicePosition_None), CpAsyncBulk)" file="/opt/pytorch/nvfuser/tests/cpp/test_circular_buffering.cpp" line="1854" status="run" result="skipped" time="0." timestamp="2025-05-20T08:06:03.127" classname="Hopper/TmaCircularBufferingTest">
      <skipped message="/opt/pytorch/nvfuser/tests/cpp/test_circular_buffering.cpp:1857&#x0A;Bdimx is dynamic, Warp Specialization is disabled.&#x0A;"><![CDATA[/opt/pytorch/nvfuser/tests/cpp/test_circular_buffering.cpp:1857
Bdimx is dynamic, Warp Specialization is disabled.
]]></skipped>
    </testcase>
    <testcase name="Persistent/stage_4_prefetch_2_M_500_N_2048_WarpSpecializedOnTIDyRegisterSharing_64_168StageSlicePosition_None_CpAsyncBulkTensorTile" value_param="(4, 2, 500, 2048, (&apos;nvfuser::WarpSpecialized(index = 1)&apos; with value WarpSpecializedOnTIDyRegisterSharing_64_168StageSlicePosition_None), CpAsyncBulkTensorTile)" file="/opt/pytorch/nvfuser/tests/cpp/test_circular_buffering.cpp" line="1854" status="run" result="skipped" time="0." timestamp="2025-05-20T08:06:03.127" classname="Hopper/TmaCircularBufferingTest">
      <skipped message="/opt/pytorch/nvfuser/tests/cpp/test_circular_buffering.cpp:1857&#x0A;Bdimx is dynamic, Warp Specialization is disabled.&#x0A;"><![CDATA[/opt/pytorch/nvfuser/tests/cpp/test_circular_buffering.cpp:1857
Bdimx is dynamic, Warp Specialization is disabled.
]]></skipped>
    </testcase>
    <testcase name="Persistent/stage_4_prefetch_2_M_1024_N_2048_Pipelined_CpAsyncBulk" value_param="(4, 2, 1024, 2048, (&apos;nvfuser::Pipelined(index = 0)&apos; with value Pipelined), CpAsyncBulk)" file="/opt/pytorch/nvfuser/tests/cpp/test_circular_buffering.cpp" line="1854" status="run" result="completed" time="0.401" timestamp="2025-05-20T08:06:03.127" classname="Hopper/TmaCircularBufferingTest" />
    <testcase name="Persistent/stage_4_prefetch_3_M_128_N_1024_PipelinedMBarrierForWAR_CpAsyncBulkTensorTile" value_param="(4, 3, 128, 1024, (&apos;nvfuser::Pipelined(index = 0)&apos; with value PipelinedMBarrierForWAR), CpAsyncBulkTensorTile)" file="/opt/pytorch/nvfuser/tests/cpp/test_circular_buffering.cpp" line="1854" status="run" result="completed" time="0.299" timestamp="2025-05-20T08:06:03.529" classname="Hopper/TmaCircularBufferingTest" />
    <testcase name="Persistent/stage_4_prefetch_3_M_500_N_1024_WarpSpecializedOnTIDxRegisterSharing_64_168StageSlicePosition_None_CpAsyncBulk" value_param="(4, 3, 500, 1024, (&apos;nvfuser::WarpSpecialized(index = 1)&apos; with value WarpSpecializedOnTIDxRegisterSharing_64_168StageSlicePosition_None), CpAsyncBulk)" file="/opt/pytorch/nvfuser/tests/cpp/test_circular_buffering.cpp" line="1854" status="run" result="skipped" time="0." timestamp="2025-05-20T08:06:03.829" classname="Hopper/TmaCircularBufferingTest">
      <skipped message="/opt/pytorch/nvfuser/tests/cpp/test_circular_buffering.cpp:1857&#x0A;Bdimx is dynamic, Warp Specialization is disabled.&#x0A;"><![CDATA[/opt/pytorch/nvfuser/tests/cpp/test_circular_buffering.cpp:1857
Bdimx is dynamic, Warp Specialization is disabled.
]]></skipped>
    </testcase>
    <testcase name="Persistent/stage_4_prefetch_3_M_500_N_2048_WarpSpecializedOnTIDxRegisterSharing_NoneStageSlicePosition_None_CpAsyncBulkTensorTile" value_param="(4, 3, 500, 2048, (&apos;nvfuser::WarpSpecialized(index = 1)&apos; with value WarpSpecializedOnTIDxRegisterSharing_NoneStageSlicePosition_None), CpAsyncBulkTensorTile)" file="/opt/pytorch/nvfuser/tests/cpp/test_circular_buffering.cpp" line="1854" status="run" result="skipped" time="0." timestamp="2025-05-20T08:06:03.829" classname="Hopper/TmaCircularBufferingTest">
      <skipped message="/opt/pytorch/nvfuser/tests/cpp/test_circular_buffering.cpp:1857&#x0A;Bdimx is dynamic, Warp Specialization is disabled.&#x0A;"><![CDATA[/opt/pytorch/nvfuser/tests/cpp/test_circular_buffering.cpp:1857
Bdimx is dynamic, Warp Specialization is disabled.
]]></skipped>
    </testcase>
    <testcase name="Persistent/stage_4_prefetch_3_M_1024_N_2048_WarpSpecializedOnTIDyRegisterSharing_64_168StageSlicePosition_None_CpAsyncBulk" value_param="(4, 3, 1024, 2048, (&apos;nvfuser::WarpSpecialized(index = 1)&apos; with value WarpSpecializedOnTIDyRegisterSharing_64_168StageSlicePosition_None), CpAsyncBulk)" file="/opt/pytorch/nvfuser/tests/cpp/test_circular_buffering.cpp" line="1854" status="run" result="skipped" time="0." timestamp="2025-05-20T08:06:03.829" classname="Hopper/TmaCircularBufferingTest">
      <skipped message="/opt/pytorch/nvfuser/tests/cpp/test_circular_buffering.cpp:1857&#x0A;Bdimx is dynamic, Warp Specialization is disabled.&#x0A;"><![CDATA[/opt/pytorch/nvfuser/tests/cpp/test_circular_buffering.cpp:1857
Bdimx is dynamic, Warp Specialization is disabled.
]]></skipped>
    </testcase>
    <testcase name="Matmul/stage_2_prefetch_neg2_M_128_N_1024_PipelinedMBarrierForWAR_CpAsyncBulkTensorTile" value_param="(2, -2, 128, 1024, (&apos;nvfuser::Pipelined(index = 0)&apos; with value PipelinedMBarrierForWAR), CpAsyncBulkTensorTile)" file="/opt/pytorch/nvfuser/tests/cpp/test_circular_buffering.cpp" line="1994" status="run" result="completed" time="0.41" timestamp="2025-05-20T08:06:03.829" classname="Hopper/TmaCircularBufferingTest" />
    <testcase name="Matmul/stage_2_prefetch_neg2_M_500_N_1024_PipelinedMBarrierForWAR_CpAsyncBulk" value_param="(2, -2, 500, 1024, (&apos;nvfuser::Pipelined(index = 0)&apos; with value PipelinedMBarrierForWAR), CpAsyncBulk)" file="/opt/pytorch/nvfuser/tests/cpp/test_circular_buffering.cpp" line="1994" status="run" result="skipped" time="0." timestamp="2025-05-20T08:06:04.240" classname="Hopper/TmaCircularBufferingTest">
      <skipped message="/opt/pytorch/nvfuser/tests/cpp/test_circular_buffering.cpp:2013&#x0A;LoadStoreOpType::CpAsyncBulk only supports 1D TMA&#x0A;"><![CDATA[/opt/pytorch/nvfuser/tests/cpp/test_circular_buffering.cpp:2013
LoadStoreOpType::CpAsyncBulk only supports 1D TMA
]]></skipped>
    </testcase>
    <testcase name="Matmul/stage_2_prefetch_neg2_M_500_N_2048_WarpSpecializedOnTIDyRegisterSharing_64_168StageSlicePosition_None_CpAsyncBulkTensorTile" value_param="(2, -2, 500, 2048, (&apos;nvfuser::WarpSpecialized(index = 1)&apos; with value WarpSpecializedOnTIDyRegisterSharing_64_168StageSlicePosition_None), CpAsyncBulkTensorTile)" file="/opt/pytorch/nvfuser/tests/cpp/test_circular_buffering.cpp" line="1994" status="run" result="completed" time="0.707" timestamp="2025-05-20T08:06:04.240" classname="Hopper/TmaCircularBufferingTest" />
    <testcase name="Matmul/stage_2_prefetch_neg2_M_1024_N_2048_WarpSpecializedOnTIDyRegisterSharing_64_168StageSlicePosition_None_CpAsyncBulk" value_param="(2, -2, 1024, 2048, (&apos;nvfuser::WarpSpecialized(index = 1)&apos; with value WarpSpecializedOnTIDyRegisterSharing_64_168StageSlicePosition_None), CpAsyncBulk)" file="/opt/pytorch/nvfuser/tests/cpp/test_circular_buffering.cpp" line="1994" status="run" result="skipped" time="0." timestamp="2025-05-20T08:06:04.948" classname="Hopper/TmaCircularBufferingTest">
      <skipped message="/opt/pytorch/nvfuser/tests/cpp/test_circular_buffering.cpp:2013&#x0A;LoadStoreOpType::CpAsyncBulk only supports 1D TMA&#x0A;"><![CDATA[/opt/pytorch/nvfuser/tests/cpp/test_circular_buffering.cpp:2013
LoadStoreOpType::CpAsyncBulk only supports 1D TMA
]]></skipped>
    </testcase>
    <testcase name="Matmul/stage_2_prefetch_neg1_M_128_N_1024_WarpSpecializedOnTIDyRegisterSharing_NoneStageSlicePosition_None_CpAsyncBulkTensorTile" value_param="(2, -1, 128, 1024, (&apos;nvfuser::WarpSpecialized(index = 1)&apos; with value WarpSpecializedOnTIDyRegisterSharing_NoneStageSlicePosition_None), CpAsyncBulkTensorTile)" file="/opt/pytorch/nvfuser/tests/cpp/test_circular_buffering.cpp" line="1994" status="run" result="completed" time="0.276" timestamp="2025-05-20T08:06:04.948" classname="Hopper/TmaCircularBufferingTest" />
    <testcase name="Matmul/stage_2_prefetch_neg1_M_500_N_1024_WarpSpecializedOnTIDyRegisterSharing_NoneStageSlicePosition_None_CpAsyncBulk" value_param="(2, -1, 500, 1024, (&apos;nvfuser::WarpSpecialized(index = 1)&apos; with value WarpSpecializedOnTIDyRegisterSharing_NoneStageSlicePosition_None), CpAsyncBulk)" file="/opt/pytorch/nvfuser/tests/cpp/test_circular_buffering.cpp" line="1994" status="run" result="skipped" time="0." timestamp="2025-05-20T08:06:05.224" classname="Hopper/TmaCircularBufferingTest">
      <skipped message="/opt/pytorch/nvfuser/tests/cpp/test_circular_buffering.cpp:2013&#x0A;LoadStoreOpType::CpAsyncBulk only supports 1D TMA&#x0A;"><![CDATA[/opt/pytorch/nvfuser/tests/cpp/test_circular_buffering.cpp:2013
LoadStoreOpType::CpAsyncBulk only supports 1D TMA
]]></skipped>
    </testcase>
    <testcase name="Matmul/stage_2_prefetch_neg1_M_500_N_2048_WarpSpecializedOnTIDyRegisterSharing_64_168StageSlicePosition_None_CpAsyncBulkTensorTile" value_param="(2, -1, 500, 2048, (&apos;nvfuser::WarpSpecialized(index = 1)&apos; with value WarpSpecializedOnTIDyRegisterSharing_64_168StageSlicePosition_None), CpAsyncBulkTensorTile)" file="/opt/pytorch/nvfuser/tests/cpp/test_circular_buffering.cpp" line="1994" status="run" result="completed" time="0.706" timestamp="2025-05-20T08:06:05.224" classname="Hopper/TmaCircularBufferingTest" />
    <testcase name="Matmul/stage_2_prefetch_neg1_M_1024_N_2048_WarpSpecializedOnTIDyRegisterSharing_64_168StageSlicePosition_None_CpAsyncBulk" value_param="(2, -1, 1024, 2048, (&apos;nvfuser::WarpSpecialized(index = 1)&apos; with value WarpSpecializedOnTIDyRegisterSharing_64_168StageSlicePosition_None), CpAsyncBulk)" file="/opt/pytorch/nvfuser/tests/cpp/test_circular_buffering.cpp" line="1994" status="run" result="skipped" time="0." timestamp="2025-05-20T08:06:05.931" classname="Hopper/TmaCircularBufferingTest">
      <skipped message="/opt/pytorch/nvfuser/tests/cpp/test_circular_buffering.cpp:2013&#x0A;LoadStoreOpType::CpAsyncBulk only supports 1D TMA&#x0A;"><![CDATA[/opt/pytorch/nvfuser/tests/cpp/test_circular_buffering.cpp:2013
LoadStoreOpType::CpAsyncBulk only supports 1D TMA
]]></skipped>
    </testcase>
    <testcase name="Matmul/stage_2_prefetch_0_M_128_N_1024_WarpSpecializedOnTIDyRegisterSharing_NoneStageSlicePosition_None_CpAsyncBulkTensorTile" value_param="(2, 0, 128, 1024, (&apos;nvfuser::WarpSpecialized(index = 1)&apos; with value WarpSpecializedOnTIDyRegisterSharing_NoneStageSlicePosition_None), CpAsyncBulkTensorTile)" file="/opt/pytorch/nvfuser/tests/cpp/test_circular_buffering.cpp" line="1994" status="run" result="completed" time="0.361" timestamp="2025-05-20T08:06:05.931" classname="Hopper/TmaCircularBufferingTest" />
    <testcase name="Matmul/stage_2_prefetch_0_M_500_N_1024_Pipelined_CpAsyncBulk" value_param="(2, 0, 500, 1024, (&apos;nvfuser::Pipelined(index = 0)&apos; with value Pipelined), CpAsyncBulk)" file="/opt/pytorch/nvfuser/tests/cpp/test_circular_buffering.cpp" line="1994" status="run" result="skipped" time="0." timestamp="2025-05-20T08:06:06.292" classname="Hopper/TmaCircularBufferingTest">
      <skipped message="/opt/pytorch/nvfuser/tests/cpp/test_circular_buffering.cpp:2013&#x0A;LoadStoreOpType::CpAsyncBulk only supports 1D TMA&#x0A;"><![CDATA[/opt/pytorch/nvfuser/tests/cpp/test_circular_buffering.cpp:2013
LoadStoreOpType::CpAsyncBulk only supports 1D TMA
]]></skipped>
    </testcase>
    <testcase name="Matmul/stage_2_prefetch_0_M_500_N_2048_WarpSpecializedOnTIDyRegisterSharing_NoneStageSlicePosition_None_CpAsyncBulkTensorTile" value_param="(2, 0, 500, 2048, (&apos;nvfuser::WarpSpecialized(index = 1)&apos; with value WarpSpecializedOnTIDyRegisterSharing_NoneStageSlicePosition_None), CpAsyncBulkTensorTile)" file="/opt/pytorch/nvfuser/tests/cpp/test_circular_buffering.cpp" line="1994" status="run" result="completed" time="0.705" timestamp="2025-05-20T08:06:06.292" classname="Hopper/TmaCircularBufferingTest" />
    <testcase name="Matmul/stage_2_prefetch_0_M_1024_N_2048_Pipelined_CpAsyncBulk" value_param="(2, 0, 1024, 2048, (&apos;nvfuser::Pipelined(index = 0)&apos; with value Pipelined), CpAsyncBulk)" file="/opt/pytorch/nvfuser/tests/cpp/test_circular_buffering.cpp" line="1994" status="run" result="skipped" time="0." timestamp="2025-05-20T08:06:06.997" classname="Hopper/TmaCircularBufferingTest">
      <skipped message="/opt/pytorch/nvfuser/tests/cpp/test_circular_buffering.cpp:2013&#x0A;LoadStoreOpType::CpAsyncBulk only supports 1D TMA&#x0A;"><![CDATA[/opt/pytorch/nvfuser/tests/cpp/test_circular_buffering.cpp:2013
LoadStoreOpType::CpAsyncBulk only supports 1D TMA
]]></skipped>
    </testcase>
    <testcase name="Matmul/stage_2_prefetch_1_M_128_N_1024_WarpSpecializedOnTIDxRegisterSharing_64_168StageSlicePosition_None_CpAsyncBulkTensorTile" value_param="(2, 1, 128, 1024, (&apos;nvfuser::WarpSpecialized(index = 1)&apos; with value WarpSpecializedOnTIDxRegisterSharing_64_168StageSlicePosition_None), CpAsyncBulkTensorTile)" file="/opt/pytorch/nvfuser/tests/cpp/test_circular_buffering.cpp" line="1994" status="run" result="skipped" time="0." timestamp="2025-05-20T08:06:06.997" classname="Hopper/TmaCircularBufferingTest">
      <skipped message="/opt/pytorch/nvfuser/tests/cpp/test_circular_buffering.cpp:1998&#x0A;Warp Specialization with TIDx used for both computation and load, requires TIDx to be a multiple of 128.&#x0A;"><![CDATA[/opt/pytorch/nvfuser/tests/cpp/test_circular_buffering.cpp:1998
Warp Specialization with TIDx used for both computation and load, requires TIDx to be a multiple of 128.
]]></skipped>
    </testcase>
    <testcase name="Matmul/stage_2_prefetch_1_M_500_N_1024_WarpSpecializedOnTIDyRegisterSharing_64_168StageSlicePosition_None_CpAsyncBulk" value_param="(2, 1, 500, 1024, (&apos;nvfuser::WarpSpecialized(index = 1)&apos; with value WarpSpecializedOnTIDyRegisterSharing_64_168StageSlicePosition_None), CpAsyncBulk)" file="/opt/pytorch/nvfuser/tests/cpp/test_circular_buffering.cpp" line="1994" status="run" result="skipped" time="0." timestamp="2025-05-20T08:06:06.997" classname="Hopper/TmaCircularBufferingTest">
      <skipped message="/opt/pytorch/nvfuser/tests/cpp/test_circular_buffering.cpp:2013&#x0A;LoadStoreOpType::CpAsyncBulk only supports 1D TMA&#x0A;"><![CDATA[/opt/pytorch/nvfuser/tests/cpp/test_circular_buffering.cpp:2013
LoadStoreOpType::CpAsyncBulk only supports 1D TMA
]]></skipped>
    </testcase>
    <testcase name="Matmul/stage_2_prefetch_1_M_500_N_2048_WarpSpecializedOnTIDyRegisterSharing_64_168StageSlicePosition_None_CpAsyncBulkTensorTile" value_param="(2, 1, 500, 2048, (&apos;nvfuser::WarpSpecialized(index = 1)&apos; with value WarpSpecializedOnTIDyRegisterSharing_64_168StageSlicePosition_None), CpAsyncBulkTensorTile)" file="/opt/pytorch/nvfuser/tests/cpp/test_circular_buffering.cpp" line="1994" status="run" result="completed" time="0.731" timestamp="2025-05-20T08:06:06.997" classname="Hopper/TmaCircularBufferingTest" />
    <testcase name="Matmul/stage_2_prefetch_1_M_1024_N_2048_WarpSpecializedOnTIDyRegisterSharing_64_168StageSlicePosition_None_CpAsyncBulk" value_param="(2, 1, 1024, 2048, (&apos;nvfuser::WarpSpecialized(index = 1)&apos; with value WarpSpecializedOnTIDyRegisterSharing_64_168StageSlicePosition_None), CpAsyncBulk)" file="/opt/pytorch/nvfuser/tests/cpp/test_circular_buffering.cpp" line="1994" status="run" result="skipped" time="0." timestamp="2025-05-20T08:06:07.729" classname="Hopper/TmaCircularBufferingTest">
      <skipped message="/opt/pytorch/nvfuser/tests/cpp/test_circular_buffering.cpp:2013&#x0A;LoadStoreOpType::CpAsyncBulk only supports 1D TMA&#x0A;"><![CDATA[/opt/pytorch/nvfuser/tests/cpp/test_circular_buffering.cpp:2013
LoadStoreOpType::CpAsyncBulk only supports 1D TMA
]]></skipped>
    </testcase>
    <testcase name="Matmul/stage_4_prefetch_neg4_M_128_N_1024_PipelinedMBarrierForWAR_CpAsyncBulkTensorTile" value_param="(4, -4, 128, 1024, (&apos;nvfuser::Pipelined(index = 0)&apos; with value PipelinedMBarrierForWAR), CpAsyncBulkTensorTile)" file="/opt/pytorch/nvfuser/tests/cpp/test_circular_buffering.cpp" line="1994" status="run" result="completed" time="0.339" timestamp="2025-05-20T08:06:07.729" classname="Hopper/TmaCircularBufferingTest" />
    <testcase name="Matmul/stage_4_prefetch_neg4_M_500_N_1024_WarpSpecializedOnTIDxRegisterSharing_64_168StageSlicePosition_None_CpAsyncBulk" value_param="(4, -4, 500, 1024, (&apos;nvfuser::WarpSpecialized(index = 1)&apos; with value WarpSpecializedOnTIDxRegisterSharing_64_168StageSlicePosition_None), CpAsyncBulk)" file="/opt/pytorch/nvfuser/tests/cpp/test_circular_buffering.cpp" line="1994" status="run" result="skipped" time="0." timestamp="2025-05-20T08:06:08.068" classname="Hopper/TmaCircularBufferingTest">
      <skipped message="/opt/pytorch/nvfuser/tests/cpp/test_circular_buffering.cpp:1998&#x0A;Warp Specialization with TIDx used for both computation and load, requires TIDx to be a multiple of 128.&#x0A;"><![CDATA[/opt/pytorch/nvfuser/tests/cpp/test_circular_buffering.cpp:1998
Warp Specialization with TIDx used for both computation and load, requires TIDx to be a multiple of 128.
]]></skipped>
    </testcase>
    <testcase name="Matmul/stage_4_prefetch_neg4_M_500_N_2048_WarpSpecializedOnTIDxRegisterSharing_NoneStageSlicePosition_None_CpAsyncBulkTensorTile" value_param="(4, -4, 500, 2048, (&apos;nvfuser::WarpSpecialized(index = 1)&apos; with value WarpSpecializedOnTIDxRegisterSharing_NoneStageSlicePosition_None), CpAsyncBulkTensorTile)" file="/opt/pytorch/nvfuser/tests/cpp/test_circular_buffering.cpp" line="1994" status="run" result="skipped" time="0." timestamp="2025-05-20T08:06:08.068" classname="Hopper/TmaCircularBufferingTest">
      <skipped message="/opt/pytorch/nvfuser/tests/cpp/test_circular_buffering.cpp:1998&#x0A;Warp Specialization with TIDx used for both computation and load, requires TIDx to be a multiple of 128.&#x0A;"><![CDATA[/opt/pytorch/nvfuser/tests/cpp/test_circular_buffering.cpp:1998
Warp Specialization with TIDx used for both computation and load, requires TIDx to be a multiple of 128.
]]></skipped>
    </testcase>
    <testcase name="Matmul/stage_4_prefetch_neg4_M_1024_N_2048_WarpSpecializedOnTIDyRegisterSharing_64_168StageSlicePosition_None_CpAsyncBulk" value_param="(4, -4, 1024, 2048, (&apos;nvfuser::WarpSpecialized(index = 1)&apos; with value WarpSpecializedOnTIDyRegisterSharing_64_168StageSlicePosition_None), CpAsyncBulk)" file="/opt/pytorch/nvfuser/tests/cpp/test_circular_buffering.cpp" line="1994" status="run" result="skipped" time="0." timestamp="2025-05-20T08:06:08.068" classname="Hopper/TmaCircularBufferingTest">
      <skipped message="/opt/pytorch/nvfuser/tests/cpp/test_circular_buffering.cpp:2013&#x0A;LoadStoreOpType::CpAsyncBulk only supports 1D TMA&#x0A;"><![CDATA[/opt/pytorch/nvfuser/tests/cpp/test_circular_buffering.cpp:2013
LoadStoreOpType::CpAsyncBulk only supports 1D TMA
]]></skipped>
    </testcase>
    <testcase name="Matmul/stage_4_prefetch_neg3_M_128_N_1024_WarpSpecializedOnTIDxRegisterSharing_NoneStageSlicePosition_None_CpAsyncBulkTensorTile" value_param="(4, -3, 128, 1024, (&apos;nvfuser::WarpSpecialized(index = 1)&apos; with value WarpSpecializedOnTIDxRegisterSharing_NoneStageSlicePosition_None), CpAsyncBulkTensorTile)" file="/opt/pytorch/nvfuser/tests/cpp/test_circular_buffering.cpp" line="1994" status="run" result="skipped" time="0." timestamp="2025-05-20T08:06:08.068" classname="Hopper/TmaCircularBufferingTest">
      <skipped message="/opt/pytorch/nvfuser/tests/cpp/test_circular_buffering.cpp:1998&#x0A;Warp Specialization with TIDx used for both computation and load, requires TIDx to be a multiple of 128.&#x0A;"><![CDATA[/opt/pytorch/nvfuser/tests/cpp/test_circular_buffering.cpp:1998
Warp Specialization with TIDx used for both computation and load, requires TIDx to be a multiple of 128.
]]></skipped>
    </testcase>
    <testcase name="Matmul/stage_4_prefetch_neg3_M_500_N_1024_WarpSpecializedOnTIDyRegisterSharing_NoneStageSlicePosition_None_CpAsyncBulk" value_param="(4, -3, 500, 1024, (&apos;nvfuser::WarpSpecialized(index = 1)&apos; with value WarpSpecializedOnTIDyRegisterSharing_NoneStageSlicePosition_None), CpAsyncBulk)" file="/opt/pytorch/nvfuser/tests/cpp/test_circular_buffering.cpp" line="1994" status="run" result="skipped" time="0." timestamp="2025-05-20T08:06:08.069" classname="Hopper/TmaCircularBufferingTest">
      <skipped message="/opt/pytorch/nvfuser/tests/cpp/test_circular_buffering.cpp:2013&#x0A;LoadStoreOpType::CpAsyncBulk only supports 1D TMA&#x0A;"><![CDATA[/opt/pytorch/nvfuser/tests/cpp/test_circular_buffering.cpp:2013
LoadStoreOpType::CpAsyncBulk only supports 1D TMA
]]></skipped>
    </testcase>
    <testcase name="Matmul/stage_4_prefetch_neg3_M_500_N_2048_WarpSpecializedOnTIDxRegisterSharing_64_168StageSlicePosition_None_CpAsyncBulkTensorTile" value_param="(4, -3, 500, 2048, (&apos;nvfuser::WarpSpecialized(index = 1)&apos; with value WarpSpecializedOnTIDxRegisterSharing_64_168StageSlicePosition_None), CpAsyncBulkTensorTile)" file="/opt/pytorch/nvfuser/tests/cpp/test_circular_buffering.cpp" line="1994" status="run" result="skipped" time="0." timestamp="2025-05-20T08:06:08.069" classname="Hopper/TmaCircularBufferingTest">
      <skipped message="/opt/pytorch/nvfuser/tests/cpp/test_circular_buffering.cpp:1998&#x0A;Warp Specialization with TIDx used for both computation and load, requires TIDx to be a multiple of 128.&#x0A;"><![CDATA[/opt/pytorch/nvfuser/tests/cpp/test_circular_buffering.cpp:1998
Warp Specialization with TIDx used for both computation and load, requires TIDx to be a multiple of 128.
]]></skipped>
    </testcase>
    <testcase name="Matmul/stage_4_prefetch_neg3_M_1024_N_2048_WarpSpecializedOnTIDxRegisterSharing_NoneStageSlicePosition_None_CpAsyncBulk" value_param="(4, -3, 1024, 2048, (&apos;nvfuser::WarpSpecialized(index = 1)&apos; with value WarpSpecializedOnTIDxRegisterSharing_NoneStageSlicePosition_None), CpAsyncBulk)" file="/opt/pytorch/nvfuser/tests/cpp/test_circular_buffering.cpp" line="1994" status="run" result="skipped" time="0." timestamp="2025-05-20T08:06:08.069" classname="Hopper/TmaCircularBufferingTest">
      <skipped message="/opt/pytorch/nvfuser/tests/cpp/test_circular_buffering.cpp:1998&#x0A;Warp Specialization with TIDx used for both computation and load, requires TIDx to be a multiple of 128.&#x0A;"><![CDATA[/opt/pytorch/nvfuser/tests/cpp/test_circular_buffering.cpp:1998
Warp Specialization with TIDx used for both computation and load, requires TIDx to be a multiple of 128.
]]></skipped>
    </testcase>
    <testcase name="Matmul/stage_4_prefetch_neg2_M_128_N_1024_Pipelined_CpAsyncBulkTensorTile" value_param="(4, -2, 128, 1024, (&apos;nvfuser::Pipelined(index = 0)&apos; with value Pipelined), CpAsyncBulkTensorTile)" file="/opt/pytorch/nvfuser/tests/cpp/test_circular_buffering.cpp" line="1994" status="run" result="completed" time="0.712" timestamp="2025-05-20T08:06:08.069" classname="Hopper/TmaCircularBufferingTest" />
    <testcase name="Matmul/stage_4_prefetch_neg2_M_500_N_1024_Pipelined_CpAsyncBulk" value_param="(4, -2, 500, 1024, (&apos;nvfuser::Pipelined(index = 0)&apos; with value Pipelined), CpAsyncBulk)" file="/opt/pytorch/nvfuser/tests/cpp/test_circular_buffering.cpp" line="1994" status="run" result="skipped" time="0." timestamp="2025-05-20T08:06:08.781" classname="Hopper/TmaCircularBufferingTest">
      <skipped message="/opt/pytorch/nvfuser/tests/cpp/test_circular_buffering.cpp:2013&#x0A;LoadStoreOpType::CpAsyncBulk only supports 1D TMA&#x0A;"><![CDATA[/opt/pytorch/nvfuser/tests/cpp/test_circular_buffering.cpp:2013
LoadStoreOpType::CpAsyncBulk only supports 1D TMA
]]></skipped>
    </testcase>
    <testcase name="Matmul/stage_4_prefetch_neg2_M_500_N_2048_WarpSpecializedOnTIDyRegisterSharing_NoneStageSlicePosition_None_CpAsyncBulkTensorTile" value_param="(4, -2, 500, 2048, (&apos;nvfuser::WarpSpecialized(index = 1)&apos; with value WarpSpecializedOnTIDyRegisterSharing_NoneStageSlicePosition_None), CpAsyncBulkTensorTile)" file="/opt/pytorch/nvfuser/tests/cpp/test_circular_buffering.cpp" line="1994" status="run" result="completed" time="1.054" timestamp="2025-05-20T08:06:08.781" classname="Hopper/TmaCircularBufferingTest" />
    <testcase name="Matmul/stage_4_prefetch_neg2_M_1024_N_2048_Pipelined_CpAsyncBulk" value_param="(4, -2, 1024, 2048, (&apos;nvfuser::Pipelined(index = 0)&apos; with value Pipelined), CpAsyncBulk)" file="/opt/pytorch/nvfuser/tests/cpp/test_circular_buffering.cpp" line="1994" status="run" result="skipped" time="0." timestamp="2025-05-20T08:06:09.836" classname="Hopper/TmaCircularBufferingTest">
      <skipped message="/opt/pytorch/nvfuser/tests/cpp/test_circular_buffering.cpp:2013&#x0A;LoadStoreOpType::CpAsyncBulk only supports 1D TMA&#x0A;"><![CDATA[/opt/pytorch/nvfuser/tests/cpp/test_circular_buffering.cpp:2013
LoadStoreOpType::CpAsyncBulk only supports 1D TMA
]]></skipped>
    </testcase>
    <testcase name="Matmul/stage_4_prefetch_neg1_M_128_N_1024_Pipelined_CpAsyncBulkTensorTile" value_param="(4, -1, 128, 1024, (&apos;nvfuser::Pipelined(index = 0)&apos; with value Pipelined), CpAsyncBulkTensorTile)" file="/opt/pytorch/nvfuser/tests/cpp/test_circular_buffering.cpp" line="1994" status="run" result="completed" time="0.964" timestamp="2025-05-20T08:06:09.836" classname="Hopper/TmaCircularBufferingTest" />
    <testcase name="Matmul/stage_4_prefetch_neg1_M_500_N_1024_WarpSpecializedOnTIDyRegisterSharing_NoneStageSlicePosition_None_CpAsyncBulk" value_param="(4, -1, 500, 1024, (&apos;nvfuser::WarpSpecialized(index = 1)&apos; with value WarpSpecializedOnTIDyRegisterSharing_NoneStageSlicePosition_None), CpAsyncBulk)" file="/opt/pytorch/nvfuser/tests/cpp/test_circular_buffering.cpp" line="1994" status="run" result="skipped" time="0." timestamp="2025-05-20T08:06:10.800" classname="Hopper/TmaCircularBufferingTest">
      <skipped message="/opt/pytorch/nvfuser/tests/cpp/test_circular_buffering.cpp:2013&#x0A;LoadStoreOpType::CpAsyncBulk only supports 1D TMA&#x0A;"><![CDATA[/opt/pytorch/nvfuser/tests/cpp/test_circular_buffering.cpp:2013
LoadStoreOpType::CpAsyncBulk only supports 1D TMA
]]></skipped>
    </testcase>
    <testcase name="Matmul/stage_4_prefetch_neg1_M_500_N_2048_WarpSpecializedOnTIDyRegisterSharing_64_168StageSlicePosition_None_CpAsyncBulkTensorTile" value_param="(4, -1, 500, 2048, (&apos;nvfuser::WarpSpecialized(index = 1)&apos; with value WarpSpecializedOnTIDyRegisterSharing_64_168StageSlicePosition_None), CpAsyncBulkTensorTile)" file="/opt/pytorch/nvfuser/tests/cpp/test_circular_buffering.cpp" line="1994" status="run" result="completed" time="1.117" timestamp="2025-05-20T08:06:10.800" classname="Hopper/TmaCircularBufferingTest" />
    <testcase name="Matmul/stage_4_prefetch_neg1_M_1024_N_2048_WarpSpecializedOnTIDxRegisterSharing_64_168StageSlicePosition_None_CpAsyncBulk" value_param="(4, -1, 1024, 2048, (&apos;nvfuser::WarpSpecialized(index = 1)&apos; with value WarpSpecializedOnTIDxRegisterSharing_64_168StageSlicePosition_None), CpAsyncBulk)" file="/opt/pytorch/nvfuser/tests/cpp/test_circular_buffering.cpp" line="1994" status="run" result="skipped" time="0." timestamp="2025-05-20T08:06:11.917" classname="Hopper/TmaCircularBufferingTest">
      <skipped message="/opt/pytorch/nvfuser/tests/cpp/test_circular_buffering.cpp:1998&#x0A;Warp Specialization with TIDx used for both computation and load, requires TIDx to be a multiple of 128.&#x0A;"><![CDATA[/opt/pytorch/nvfuser/tests/cpp/test_circular_buffering.cpp:1998
Warp Specialization with TIDx used for both computation and load, requires TIDx to be a multiple of 128.
]]></skipped>
    </testcase>
    <testcase name="Matmul/stage_4_prefetch_0_M_128_N_1024_PipelinedMBarrierForWAR_CpAsyncBulkTensorTile" value_param="(4, 0, 128, 1024, (&apos;nvfuser::Pipelined(index = 0)&apos; with value PipelinedMBarrierForWAR), CpAsyncBulkTensorTile)" file="/opt/pytorch/nvfuser/tests/cpp/test_circular_buffering.cpp" line="1994" status="run" result="completed" time="0.308" timestamp="2025-05-20T08:06:11.917" classname="Hopper/TmaCircularBufferingTest" />
    <testcase name="Matmul/stage_4_prefetch_0_M_500_N_1024_WarpSpecializedOnTIDyRegisterSharing_64_168StageSlicePosition_None_CpAsyncBulk" value_param="(4, 0, 500, 1024, (&apos;nvfuser::WarpSpecialized(index = 1)&apos; with value WarpSpecializedOnTIDyRegisterSharing_64_168StageSlicePosition_None), CpAsyncBulk)" file="/opt/pytorch/nvfuser/tests/cpp/test_circular_buffering.cpp" line="1994" status="run" result="skipped" time="0." timestamp="2025-05-20T08:06:12.226" classname="Hopper/TmaCircularBufferingTest">
      <skipped message="/opt/pytorch/nvfuser/tests/cpp/test_circular_buffering.cpp:2013&#x0A;LoadStoreOpType::CpAsyncBulk only supports 1D TMA&#x0A;"><![CDATA[/opt/pytorch/nvfuser/tests/cpp/test_circular_buffering.cpp:2013
LoadStoreOpType::CpAsyncBulk only supports 1D TMA
]]></skipped>
    </testcase>
    <testcase name="Matmul/stage_4_prefetch_0_M_500_N_2048_WarpSpecializedOnTIDyRegisterSharing_NoneStageSlicePosition_None_CpAsyncBulkTensorTile" value_param="(4, 0, 500, 2048, (&apos;nvfuser::WarpSpecialized(index = 1)&apos; with value WarpSpecializedOnTIDyRegisterSharing_NoneStageSlicePosition_None), CpAsyncBulkTensorTile)" file="/opt/pytorch/nvfuser/tests/cpp/test_circular_buffering.cpp" line="1994" status="run" result="completed" time="0.866" timestamp="2025-05-20T08:06:12.226" classname="Hopper/TmaCircularBufferingTest" />
    <testcase name="Matmul/stage_4_prefetch_0_M_1024_N_2048_WarpSpecializedOnTIDxRegisterSharing_64_168StageSlicePosition_None_CpAsyncBulk" value_param="(4, 0, 1024, 2048, (&apos;nvfuser::WarpSpecialized(index = 1)&apos; with value WarpSpecializedOnTIDxRegisterSharing_64_168StageSlicePosition_None), CpAsyncBulk)" file="/opt/pytorch/nvfuser/tests/cpp/test_circular_buffering.cpp" line="1994" status="run" result="skipped" time="0." timestamp="2025-05-20T08:06:13.092" classname="Hopper/TmaCircularBufferingTest">
      <skipped message="/opt/pytorch/nvfuser/tests/cpp/test_circular_buffering.cpp:1998&#x0A;Warp Specialization with TIDx used for both computation and load, requires TIDx to be a multiple of 128.&#x0A;"><![CDATA[/opt/pytorch/nvfuser/tests/cpp/test_circular_buffering.cpp:1998
Warp Specialization with TIDx used for both computation and load, requires TIDx to be a multiple of 128.
]]></skipped>
    </testcase>
    <testcase name="Matmul/stage_4_prefetch_1_M_128_N_1024_WarpSpecializedOnTIDxRegisterSharing_64_168StageSlicePosition_None_CpAsyncBulkTensorTile" value_param="(4, 1, 128, 1024, (&apos;nvfuser::WarpSpecialized(index = 1)&apos; with value WarpSpecializedOnTIDxRegisterSharing_64_168StageSlicePosition_None), CpAsyncBulkTensorTile)" file="/opt/pytorch/nvfuser/tests/cpp/test_circular_buffering.cpp" line="1994" status="run" result="skipped" time="0." timestamp="2025-05-20T08:06:13.092" classname="Hopper/TmaCircularBufferingTest">
      <skipped message="/opt/pytorch/nvfuser/tests/cpp/test_circular_buffering.cpp:1998&#x0A;Warp Specialization with TIDx used for both computation and load, requires TIDx to be a multiple of 128.&#x0A;"><![CDATA[/opt/pytorch/nvfuser/tests/cpp/test_circular_buffering.cpp:1998
Warp Specialization with TIDx used for both computation and load, requires TIDx to be a multiple of 128.
]]></skipped>
    </testcase>
    <testcase name="Matmul/stage_4_prefetch_1_M_500_N_1024_PipelinedMBarrierForWAR_CpAsyncBulk" value_param="(4, 1, 500, 1024, (&apos;nvfuser::Pipelined(index = 0)&apos; with value PipelinedMBarrierForWAR), CpAsyncBulk)" file="/opt/pytorch/nvfuser/tests/cpp/test_circular_buffering.cpp" line="1994" status="run" result="skipped" time="0." timestamp="2025-05-20T08:06:13.092" classname="Hopper/TmaCircularBufferingTest">
      <skipped message="/opt/pytorch/nvfuser/tests/cpp/test_circular_buffering.cpp:2013&#x0A;LoadStoreOpType::CpAsyncBulk only supports 1D TMA&#x0A;"><![CDATA[/opt/pytorch/nvfuser/tests/cpp/test_circular_buffering.cpp:2013
LoadStoreOpType::CpAsyncBulk only supports 1D TMA
]]></skipped>
    </testcase>
    <testcase name="Matmul/stage_4_prefetch_1_M_500_N_2048_WarpSpecializedOnTIDyRegisterSharing_NoneStageSlicePosition_None_CpAsyncBulkTensorTile" value_param="(4, 1, 500, 2048, (&apos;nvfuser::WarpSpecialized(index = 1)&apos; with value WarpSpecializedOnTIDyRegisterSharing_NoneStageSlicePosition_None), CpAsyncBulkTensorTile)" file="/opt/pytorch/nvfuser/tests/cpp/test_circular_buffering.cpp" line="1994" status="run" result="completed" time="1.039" timestamp="2025-05-20T08:06:13.092" classname="Hopper/TmaCircularBufferingTest" />
    <testcase name="Matmul/stage_4_prefetch_1_M_1024_N_2048_WarpSpecializedOnTIDyRegisterSharing_64_168StageSlicePosition_None_CpAsyncBulk" value_param="(4, 1, 1024, 2048, (&apos;nvfuser::WarpSpecialized(index = 1)&apos; with value WarpSpecializedOnTIDyRegisterSharing_64_168StageSlicePosition_None), CpAsyncBulk)" file="/opt/pytorch/nvfuser/tests/cpp/test_circular_buffering.cpp" line="1994" status="run" result="skipped" time="0." timestamp="2025-05-20T08:06:14.132" classname="Hopper/TmaCircularBufferingTest">
      <skipped message="/opt/pytorch/nvfuser/tests/cpp/test_circular_buffering.cpp:2013&#x0A;LoadStoreOpType::CpAsyncBulk only supports 1D TMA&#x0A;"><![CDATA[/opt/pytorch/nvfuser/tests/cpp/test_circular_buffering.cpp:2013
LoadStoreOpType::CpAsyncBulk only supports 1D TMA
]]></skipped>
    </testcase>
    <testcase name="Matmul/stage_4_prefetch_2_M_128_N_1024_WarpSpecializedOnTIDxRegisterSharing_64_168StageSlicePosition_None_CpAsyncBulkTensorTile" value_param="(4, 2, 128, 1024, (&apos;nvfuser::WarpSpecialized(index = 1)&apos; with value WarpSpecializedOnTIDxRegisterSharing_64_168StageSlicePosition_None), CpAsyncBulkTensorTile)" file="/opt/pytorch/nvfuser/tests/cpp/test_circular_buffering.cpp" line="1994" status="run" result="skipped" time="0." timestamp="2025-05-20T08:06:14.132" classname="Hopper/TmaCircularBufferingTest">
      <skipped message="/opt/pytorch/nvfuser/tests/cpp/test_circular_buffering.cpp:1998&#x0A;Warp Specialization with TIDx used for both computation and load, requires TIDx to be a multiple of 128.&#x0A;"><![CDATA[/opt/pytorch/nvfuser/tests/cpp/test_circular_buffering.cpp:1998
Warp Specialization with TIDx used for both computation and load, requires TIDx to be a multiple of 128.
]]></skipped>
    </testcase>
    <testcase name="Matmul/stage_4_prefetch_2_M_500_N_1024_WarpSpecializedOnTIDyRegisterSharing_64_168StageSlicePosition_None_CpAsyncBulk" value_param="(4, 2, 500, 1024, (&apos;nvfuser::WarpSpecialized(index = 1)&apos; with value WarpSpecializedOnTIDyRegisterSharing_64_168StageSlicePosition_None), CpAsyncBulk)" file="/opt/pytorch/nvfuser/tests/cpp/test_circular_buffering.cpp" line="1994" status="run" result="skipped" time="0." timestamp="2025-05-20T08:06:14.132" classname="Hopper/TmaCircularBufferingTest">
      <skipped message="/opt/pytorch/nvfuser/tests/cpp/test_circular_buffering.cpp:2013&#x0A;LoadStoreOpType::CpAsyncBulk only supports 1D TMA&#x0A;"><![CDATA[/opt/pytorch/nvfuser/tests/cpp/test_circular_buffering.cpp:2013
LoadStoreOpType::CpAsyncBulk only supports 1D TMA
]]></skipped>
    </testcase>
    <testcase name="Matmul/stage_4_prefetch_2_M_500_N_2048_WarpSpecializedOnTIDyRegisterSharing_64_168StageSlicePosition_None_CpAsyncBulkTensorTile" value_param="(4, 2, 500, 2048, (&apos;nvfuser::WarpSpecialized(index = 1)&apos; with value WarpSpecializedOnTIDyRegisterSharing_64_168StageSlicePosition_None), CpAsyncBulkTensorTile)" file="/opt/pytorch/nvfuser/tests/cpp/test_circular_buffering.cpp" line="1994" status="run" result="completed" time="1." timestamp="2025-05-20T08:06:14.132" classname="Hopper/TmaCircularBufferingTest" />
    <testcase name="Matmul/stage_4_prefetch_2_M_1024_N_2048_Pipelined_CpAsyncBulk" value_param="(4, 2, 1024, 2048, (&apos;nvfuser::Pipelined(index = 0)&apos; with value Pipelined), CpAsyncBulk)" file="/opt/pytorch/nvfuser/tests/cpp/test_circular_buffering.cpp" line="1994" status="run" result="skipped" time="0." timestamp="2025-05-20T08:06:15.133" classname="Hopper/TmaCircularBufferingTest">
      <skipped message="/opt/pytorch/nvfuser/tests/cpp/test_circular_buffering.cpp:2013&#x0A;LoadStoreOpType::CpAsyncBulk only supports 1D TMA&#x0A;"><![CDATA[/opt/pytorch/nvfuser/tests/cpp/test_circular_buffering.cpp:2013
LoadStoreOpType::CpAsyncBulk only supports 1D TMA
]]></skipped>
    </testcase>
    <testcase name="Matmul/stage_4_prefetch_3_M_128_N_1024_PipelinedMBarrierForWAR_CpAsyncBulkTensorTile" value_param="(4, 3, 128, 1024, (&apos;nvfuser::Pipelined(index = 0)&apos; with value PipelinedMBarrierForWAR), CpAsyncBulkTensorTile)" file="/opt/pytorch/nvfuser/tests/cpp/test_circular_buffering.cpp" line="1994" status="run" result="completed" time="1.102" timestamp="2025-05-20T08:06:15.133" classname="Hopper/TmaCircularBufferingTest" />
    <testcase name="Matmul/stage_4_prefetch_3_M_500_N_1024_WarpSpecializedOnTIDxRegisterSharing_64_168StageSlicePosition_None_CpAsyncBulk" value_param="(4, 3, 500, 1024, (&apos;nvfuser::WarpSpecialized(index = 1)&apos; with value WarpSpecializedOnTIDxRegisterSharing_64_168StageSlicePosition_None), CpAsyncBulk)" file="/opt/pytorch/nvfuser/tests/cpp/test_circular_buffering.cpp" line="1994" status="run" result="skipped" time="0." timestamp="2025-05-20T08:06:16.235" classname="Hopper/TmaCircularBufferingTest">
      <skipped message="/opt/pytorch/nvfuser/tests/cpp/test_circular_buffering.cpp:1998&#x0A;Warp Specialization with TIDx used for both computation and load, requires TIDx to be a multiple of 128.&#x0A;"><![CDATA[/opt/pytorch/nvfuser/tests/cpp/test_circular_buffering.cpp:1998
Warp Specialization with TIDx used for both computation and load, requires TIDx to be a multiple of 128.
]]></skipped>
    </testcase>
    <testcase name="Matmul/stage_4_prefetch_3_M_500_N_2048_WarpSpecializedOnTIDxRegisterSharing_NoneStageSlicePosition_None_CpAsyncBulkTensorTile" value_param="(4, 3, 500, 2048, (&apos;nvfuser::WarpSpecialized(index = 1)&apos; with value WarpSpecializedOnTIDxRegisterSharing_NoneStageSlicePosition_None), CpAsyncBulkTensorTile)" file="/opt/pytorch/nvfuser/tests/cpp/test_circular_buffering.cpp" line="1994" status="run" result="skipped" time="0." timestamp="2025-05-20T08:06:16.235" classname="Hopper/TmaCircularBufferingTest">
      <skipped message="/opt/pytorch/nvfuser/tests/cpp/test_circular_buffering.cpp:1998&#x0A;Warp Specialization with TIDx used for both computation and load, requires TIDx to be a multiple of 128.&#x0A;"><![CDATA[/opt/pytorch/nvfuser/tests/cpp/test_circular_buffering.cpp:1998
Warp Specialization with TIDx used for both computation and load, requires TIDx to be a multiple of 128.
]]></skipped>
    </testcase>
    <testcase name="Matmul/stage_4_prefetch_3_M_1024_N_2048_WarpSpecializedOnTIDyRegisterSharing_64_168StageSlicePosition_None_CpAsyncBulk" value_param="(4, 3, 1024, 2048, (&apos;nvfuser::WarpSpecialized(index = 1)&apos; with value WarpSpecializedOnTIDyRegisterSharing_64_168StageSlicePosition_None), CpAsyncBulk)" file="/opt/pytorch/nvfuser/tests/cpp/test_circular_buffering.cpp" line="1994" status="run" result="skipped" time="0." timestamp="2025-05-20T08:06:16.235" classname="Hopper/TmaCircularBufferingTest">
      <skipped message="/opt/pytorch/nvfuser/tests/cpp/test_circular_buffering.cpp:2013&#x0A;LoadStoreOpType::CpAsyncBulk only supports 1D TMA&#x0A;"><![CDATA[/opt/pytorch/nvfuser/tests/cpp/test_circular_buffering.cpp:2013
LoadStoreOpType::CpAsyncBulk only supports 1D TMA
]]></skipped>
    </testcase>
    <testcase name="MatmulWithBroadcastedInput/stage_2_prefetch_neg2_M_128_N_1024_PipelinedMBarrierForWAR_CpAsyncBulkTensorTile" value_param="(2, -2, 128, 1024, (&apos;nvfuser::Pipelined(index = 0)&apos; with value PipelinedMBarrierForWAR), CpAsyncBulkTensorTile)" file="/opt/pytorch/nvfuser/tests/cpp/test_circular_buffering.cpp" line="2137" status="run" result="completed" time="0.335" timestamp="2025-05-20T08:06:16.235" classname="Hopper/TmaCircularBufferingTest" />
    <testcase name="MatmulWithBroadcastedInput/stage_2_prefetch_neg2_M_500_N_1024_PipelinedMBarrierForWAR_CpAsyncBulk" value_param="(2, -2, 500, 1024, (&apos;nvfuser::Pipelined(index = 0)&apos; with value PipelinedMBarrierForWAR), CpAsyncBulk)" file="/opt/pytorch/nvfuser/tests/cpp/test_circular_buffering.cpp" line="2137" status="run" result="skipped" time="0." timestamp="2025-05-20T08:06:16.571" classname="Hopper/TmaCircularBufferingTest">
      <skipped message="/opt/pytorch/nvfuser/tests/cpp/test_circular_buffering.cpp:2156&#x0A;LoadStoreOpType::CpAsyncBulk only supports 1D TMA&#x0A;"><![CDATA[/opt/pytorch/nvfuser/tests/cpp/test_circular_buffering.cpp:2156
LoadStoreOpType::CpAsyncBulk only supports 1D TMA
]]></skipped>
    </testcase>
    <testcase name="MatmulWithBroadcastedInput/stage_2_prefetch_neg2_M_500_N_2048_WarpSpecializedOnTIDyRegisterSharing_64_168StageSlicePosition_None_CpAsyncBulkTensorTile" value_param="(2, -2, 500, 2048, (&apos;nvfuser::WarpSpecialized(index = 1)&apos; with value WarpSpecializedOnTIDyRegisterSharing_64_168StageSlicePosition_None), CpAsyncBulkTensorTile)" file="/opt/pytorch/nvfuser/tests/cpp/test_circular_buffering.cpp" line="2137" status="run" result="completed" time="0.657" timestamp="2025-05-20T08:06:16.571" classname="Hopper/TmaCircularBufferingTest" />
    <testcase name="MatmulWithBroadcastedInput/stage_2_prefetch_neg2_M_1024_N_2048_WarpSpecializedOnTIDyRegisterSharing_64_168StageSlicePosition_None_CpAsyncBulk" value_param="(2, -2, 1024, 2048, (&apos;nvfuser::WarpSpecialized(index = 1)&apos; with value WarpSpecializedOnTIDyRegisterSharing_64_168StageSlicePosition_None), CpAsyncBulk)" file="/opt/pytorch/nvfuser/tests/cpp/test_circular_buffering.cpp" line="2137" status="run" result="skipped" time="0." timestamp="2025-05-20T08:06:17.229" classname="Hopper/TmaCircularBufferingTest">
      <skipped message="/opt/pytorch/nvfuser/tests/cpp/test_circular_buffering.cpp:2156&#x0A;LoadStoreOpType::CpAsyncBulk only supports 1D TMA&#x0A;"><![CDATA[/opt/pytorch/nvfuser/tests/cpp/test_circular_buffering.cpp:2156
LoadStoreOpType::CpAsyncBulk only supports 1D TMA
]]></skipped>
    </testcase>
    <testcase name="MatmulWithBroadcastedInput/stage_2_prefetch_neg1_M_128_N_1024_WarpSpecializedOnTIDyRegisterSharing_NoneStageSlicePosition_None_CpAsyncBulkTensorTile" value_param="(2, -1, 128, 1024, (&apos;nvfuser::WarpSpecialized(index = 1)&apos; with value WarpSpecializedOnTIDyRegisterSharing_NoneStageSlicePosition_None), CpAsyncBulkTensorTile)" file="/opt/pytorch/nvfuser/tests/cpp/test_circular_buffering.cpp" line="2137" status="run" result="completed" time="0.275" timestamp="2025-05-20T08:06:17.229" classname="Hopper/TmaCircularBufferingTest" />
    <testcase name="MatmulWithBroadcastedInput/stage_2_prefetch_neg1_M_500_N_1024_WarpSpecializedOnTIDyRegisterSharing_NoneStageSlicePosition_None_CpAsyncBulk" value_param="(2, -1, 500, 1024, (&apos;nvfuser::WarpSpecialized(index = 1)&apos; with value WarpSpecializedOnTIDyRegisterSharing_NoneStageSlicePosition_None), CpAsyncBulk)" file="/opt/pytorch/nvfuser/tests/cpp/test_circular_buffering.cpp" line="2137" status="run" result="skipped" time="0." timestamp="2025-05-20T08:06:17.505" classname="Hopper/TmaCircularBufferingTest">
      <skipped message="/opt/pytorch/nvfuser/tests/cpp/test_circular_buffering.cpp:2156&#x0A;LoadStoreOpType::CpAsyncBulk only supports 1D TMA&#x0A;"><![CDATA[/opt/pytorch/nvfuser/tests/cpp/test_circular_buffering.cpp:2156
LoadStoreOpType::CpAsyncBulk only supports 1D TMA
]]></skipped>
    </testcase>
    <testcase name="MatmulWithBroadcastedInput/stage_2_prefetch_neg1_M_500_N_2048_WarpSpecializedOnTIDyRegisterSharing_64_168StageSlicePosition_None_CpAsyncBulkTensorTile" value_param="(2, -1, 500, 2048, (&apos;nvfuser::WarpSpecialized(index = 1)&apos; with value WarpSpecializedOnTIDyRegisterSharing_64_168StageSlicePosition_None), CpAsyncBulkTensorTile)" file="/opt/pytorch/nvfuser/tests/cpp/test_circular_buffering.cpp" line="2137" status="run" result="completed" time="1.032" timestamp="2025-05-20T08:06:17.505" classname="Hopper/TmaCircularBufferingTest" />
    <testcase name="MatmulWithBroadcastedInput/stage_2_prefetch_neg1_M_1024_N_2048_WarpSpecializedOnTIDyRegisterSharing_64_168StageSlicePosition_None_CpAsyncBulk" value_param="(2, -1, 1024, 2048, (&apos;nvfuser::WarpSpecialized(index = 1)&apos; with value WarpSpecializedOnTIDyRegisterSharing_64_168StageSlicePosition_None), CpAsyncBulk)" file="/opt/pytorch/nvfuser/tests/cpp/test_circular_buffering.cpp" line="2137" status="run" result="skipped" time="0." timestamp="2025-05-20T08:06:18.538" classname="Hopper/TmaCircularBufferingTest">
      <skipped message="/opt/pytorch/nvfuser/tests/cpp/test_circular_buffering.cpp:2156&#x0A;LoadStoreOpType::CpAsyncBulk only supports 1D TMA&#x0A;"><![CDATA[/opt/pytorch/nvfuser/tests/cpp/test_circular_buffering.cpp:2156
LoadStoreOpType::CpAsyncBulk only supports 1D TMA
]]></skipped>
    </testcase>
    <testcase name="MatmulWithBroadcastedInput/stage_2_prefetch_0_M_128_N_1024_WarpSpecializedOnTIDyRegisterSharing_NoneStageSlicePosition_None_CpAsyncBulkTensorTile" value_param="(2, 0, 128, 1024, (&apos;nvfuser::WarpSpecialized(index = 1)&apos; with value WarpSpecializedOnTIDyRegisterSharing_NoneStageSlicePosition_None), CpAsyncBulkTensorTile)" file="/opt/pytorch/nvfuser/tests/cpp/test_circular_buffering.cpp" line="2137" status="run" result="completed" time="0.342" timestamp="2025-05-20T08:06:18.538" classname="Hopper/TmaCircularBufferingTest" />
    <testcase name="MatmulWithBroadcastedInput/stage_2_prefetch_0_M_500_N_1024_Pipelined_CpAsyncBulk" value_param="(2, 0, 500, 1024, (&apos;nvfuser::Pipelined(index = 0)&apos; with value Pipelined), CpAsyncBulk)" file="/opt/pytorch/nvfuser/tests/cpp/test_circular_buffering.cpp" line="2137" status="run" result="skipped" time="0." timestamp="2025-05-20T08:06:18.880" classname="Hopper/TmaCircularBufferingTest">
      <skipped message="/opt/pytorch/nvfuser/tests/cpp/test_circular_buffering.cpp:2156&#x0A;LoadStoreOpType::CpAsyncBulk only supports 1D TMA&#x0A;"><![CDATA[/opt/pytorch/nvfuser/tests/cpp/test_circular_buffering.cpp:2156
LoadStoreOpType::CpAsyncBulk only supports 1D TMA
]]></skipped>
    </testcase>
    <testcase name="MatmulWithBroadcastedInput/stage_2_prefetch_0_M_500_N_2048_WarpSpecializedOnTIDyRegisterSharing_NoneStageSlicePosition_None_CpAsyncBulkTensorTile" value_param="(2, 0, 500, 2048, (&apos;nvfuser::WarpSpecialized(index = 1)&apos; with value WarpSpecializedOnTIDyRegisterSharing_NoneStageSlicePosition_None), CpAsyncBulkTensorTile)" file="/opt/pytorch/nvfuser/tests/cpp/test_circular_buffering.cpp" line="2137" status="run" result="completed" time="0.805" timestamp="2025-05-20T08:06:18.880" classname="Hopper/TmaCircularBufferingTest" />
    <testcase name="MatmulWithBroadcastedInput/stage_2_prefetch_0_M_1024_N_2048_Pipelined_CpAsyncBulk" value_param="(2, 0, 1024, 2048, (&apos;nvfuser::Pipelined(index = 0)&apos; with value Pipelined), CpAsyncBulk)" file="/opt/pytorch/nvfuser/tests/cpp/test_circular_buffering.cpp" line="2137" status="run" result="skipped" time="0." timestamp="2025-05-20T08:06:19.685" classname="Hopper/TmaCircularBufferingTest">
      <skipped message="/opt/pytorch/nvfuser/tests/cpp/test_circular_buffering.cpp:2156&#x0A;LoadStoreOpType::CpAsyncBulk only supports 1D TMA&#x0A;"><![CDATA[/opt/pytorch/nvfuser/tests/cpp/test_circular_buffering.cpp:2156
LoadStoreOpType::CpAsyncBulk only supports 1D TMA
]]></skipped>
    </testcase>
    <testcase name="MatmulWithBroadcastedInput/stage_2_prefetch_1_M_128_N_1024_WarpSpecializedOnTIDxRegisterSharing_64_168StageSlicePosition_None_CpAsyncBulkTensorTile" value_param="(2, 1, 128, 1024, (&apos;nvfuser::WarpSpecialized(index = 1)&apos; with value WarpSpecializedOnTIDxRegisterSharing_64_168StageSlicePosition_None), CpAsyncBulkTensorTile)" file="/opt/pytorch/nvfuser/tests/cpp/test_circular_buffering.cpp" line="2137" status="run" result="skipped" time="0." timestamp="2025-05-20T08:06:19.685" classname="Hopper/TmaCircularBufferingTest">
      <skipped message="/opt/pytorch/nvfuser/tests/cpp/test_circular_buffering.cpp:2141&#x0A;Warp Specialization with TIDx used for both computation and load, requires TIDx to be a multiple of 128.&#x0A;"><![CDATA[/opt/pytorch/nvfuser/tests/cpp/test_circular_buffering.cpp:2141
Warp Specialization with TIDx used for both computation and load, requires TIDx to be a multiple of 128.
]]></skipped>
    </testcase>
    <testcase name="MatmulWithBroadcastedInput/stage_2_prefetch_1_M_500_N_1024_WarpSpecializedOnTIDyRegisterSharing_64_168StageSlicePosition_None_CpAsyncBulk" value_param="(2, 1, 500, 1024, (&apos;nvfuser::WarpSpecialized(index = 1)&apos; with value WarpSpecializedOnTIDyRegisterSharing_64_168StageSlicePosition_None), CpAsyncBulk)" file="/opt/pytorch/nvfuser/tests/cpp/test_circular_buffering.cpp" line="2137" status="run" result="skipped" time="0." timestamp="2025-05-20T08:06:19.685" classname="Hopper/TmaCircularBufferingTest">
      <skipped message="/opt/pytorch/nvfuser/tests/cpp/test_circular_buffering.cpp:2156&#x0A;LoadStoreOpType::CpAsyncBulk only supports 1D TMA&#x0A;"><![CDATA[/opt/pytorch/nvfuser/tests/cpp/test_circular_buffering.cpp:2156
LoadStoreOpType::CpAsyncBulk only supports 1D TMA
]]></skipped>
    </testcase>
    <testcase name="MatmulWithBroadcastedInput/stage_2_prefetch_1_M_500_N_2048_WarpSpecializedOnTIDyRegisterSharing_64_168StageSlicePosition_None_CpAsyncBulkTensorTile" value_param="(2, 1, 500, 2048, (&apos;nvfuser::WarpSpecialized(index = 1)&apos; with value WarpSpecializedOnTIDyRegisterSharing_64_168StageSlicePosition_None), CpAsyncBulkTensorTile)" file="/opt/pytorch/nvfuser/tests/cpp/test_circular_buffering.cpp" line="2137" status="run" result="completed" time="0.745" timestamp="2025-05-20T08:06:19.685" classname="Hopper/TmaCircularBufferingTest" />
    <testcase name="MatmulWithBroadcastedInput/stage_2_prefetch_1_M_1024_N_2048_WarpSpecializedOnTIDyRegisterSharing_64_168StageSlicePosition_None_CpAsyncBulk" value_param="(2, 1, 1024, 2048, (&apos;nvfuser::WarpSpecialized(index = 1)&apos; with value WarpSpecializedOnTIDyRegisterSharing_64_168StageSlicePosition_None), CpAsyncBulk)" file="/opt/pytorch/nvfuser/tests/cpp/test_circular_buffering.cpp" line="2137" status="run" result="skipped" time="0." timestamp="2025-05-20T08:06:20.431" classname="Hopper/TmaCircularBufferingTest">
      <skipped message="/opt/pytorch/nvfuser/tests/cpp/test_circular_buffering.cpp:2156&#x0A;LoadStoreOpType::CpAsyncBulk only supports 1D TMA&#x0A;"><![CDATA[/opt/pytorch/nvfuser/tests/cpp/test_circular_buffering.cpp:2156
LoadStoreOpType::CpAsyncBulk only supports 1D TMA
]]></skipped>
    </testcase>
    <testcase name="MatmulWithBroadcastedInput/stage_4_prefetch_neg4_M_128_N_1024_PipelinedMBarrierForWAR_CpAsyncBulkTensorTile" value_param="(4, -4, 128, 1024, (&apos;nvfuser::Pipelined(index = 0)&apos; with value PipelinedMBarrierForWAR), CpAsyncBulkTensorTile)" file="/opt/pytorch/nvfuser/tests/cpp/test_circular_buffering.cpp" line="2137" status="run" result="completed" time="0.368" timestamp="2025-05-20T08:06:20.431" classname="Hopper/TmaCircularBufferingTest" />
    <testcase name="MatmulWithBroadcastedInput/stage_4_prefetch_neg4_M_500_N_1024_WarpSpecializedOnTIDxRegisterSharing_64_168StageSlicePosition_None_CpAsyncBulk" value_param="(4, -4, 500, 1024, (&apos;nvfuser::WarpSpecialized(index = 1)&apos; with value WarpSpecializedOnTIDxRegisterSharing_64_168StageSlicePosition_None), CpAsyncBulk)" file="/opt/pytorch/nvfuser/tests/cpp/test_circular_buffering.cpp" line="2137" status="run" result="skipped" time="0." timestamp="2025-05-20T08:06:20.799" classname="Hopper/TmaCircularBufferingTest">
      <skipped message="/opt/pytorch/nvfuser/tests/cpp/test_circular_buffering.cpp:2141&#x0A;Warp Specialization with TIDx used for both computation and load, requires TIDx to be a multiple of 128.&#x0A;"><![CDATA[/opt/pytorch/nvfuser/tests/cpp/test_circular_buffering.cpp:2141
Warp Specialization with TIDx used for both computation and load, requires TIDx to be a multiple of 128.
]]></skipped>
    </testcase>
    <testcase name="MatmulWithBroadcastedInput/stage_4_prefetch_neg4_M_500_N_2048_WarpSpecializedOnTIDxRegisterSharing_NoneStageSlicePosition_None_CpAsyncBulkTensorTile" value_param="(4, -4, 500, 2048, (&apos;nvfuser::WarpSpecialized(index = 1)&apos; with value WarpSpecializedOnTIDxRegisterSharing_NoneStageSlicePosition_None), CpAsyncBulkTensorTile)" file="/opt/pytorch/nvfuser/tests/cpp/test_circular_buffering.cpp" line="2137" status="run" result="skipped" time="0." timestamp="2025-05-20T08:06:20.799" classname="Hopper/TmaCircularBufferingTest">
      <skipped message="/opt/pytorch/nvfuser/tests/cpp/test_circular_buffering.cpp:2141&#x0A;Warp Specialization with TIDx used for both computation and load, requires TIDx to be a multiple of 128.&#x0A;"><![CDATA[/opt/pytorch/nvfuser/tests/cpp/test_circular_buffering.cpp:2141
Warp Specialization with TIDx used for both computation and load, requires TIDx to be a multiple of 128.
]]></skipped>
    </testcase>
    <testcase name="MatmulWithBroadcastedInput/stage_4_prefetch_neg4_M_1024_N_2048_WarpSpecializedOnTIDyRegisterSharing_64_168StageSlicePosition_None_CpAsyncBulk" value_param="(4, -4, 1024, 2048, (&apos;nvfuser::WarpSpecialized(index = 1)&apos; with value WarpSpecializedOnTIDyRegisterSharing_64_168StageSlicePosition_None), CpAsyncBulk)" file="/opt/pytorch/nvfuser/tests/cpp/test_circular_buffering.cpp" line="2137" status="run" result="skipped" time="0." timestamp="2025-05-20T08:06:20.799" classname="Hopper/TmaCircularBufferingTest">
      <skipped message="/opt/pytorch/nvfuser/tests/cpp/test_circular_buffering.cpp:2156&#x0A;LoadStoreOpType::CpAsyncBulk only supports 1D TMA&#x0A;"><![CDATA[/opt/pytorch/nvfuser/tests/cpp/test_circular_buffering.cpp:2156
LoadStoreOpType::CpAsyncBulk only supports 1D TMA
]]></skipped>
    </testcase>
    <testcase name="MatmulWithBroadcastedInput/stage_4_prefetch_neg3_M_128_N_1024_WarpSpecializedOnTIDxRegisterSharing_NoneStageSlicePosition_None_CpAsyncBulkTensorTile" value_param="(4, -3, 128, 1024, (&apos;nvfuser::WarpSpecialized(index = 1)&apos; with value WarpSpecializedOnTIDxRegisterSharing_NoneStageSlicePosition_None), CpAsyncBulkTensorTile)" file="/opt/pytorch/nvfuser/tests/cpp/test_circular_buffering.cpp" line="2137" status="run" result="skipped" time="0." timestamp="2025-05-20T08:06:20.799" classname="Hopper/TmaCircularBufferingTest">
      <skipped message="/opt/pytorch/nvfuser/tests/cpp/test_circular_buffering.cpp:2141&#x0A;Warp Specialization with TIDx used for both computation and load, requires TIDx to be a multiple of 128.&#x0A;"><![CDATA[/opt/pytorch/nvfuser/tests/cpp/test_circular_buffering.cpp:2141
Warp Specialization with TIDx used for both computation and load, requires TIDx to be a multiple of 128.
]]></skipped>
    </testcase>
    <testcase name="MatmulWithBroadcastedInput/stage_4_prefetch_neg3_M_500_N_1024_WarpSpecializedOnTIDyRegisterSharing_NoneStageSlicePosition_None_CpAsyncBulk" value_param="(4, -3, 500, 1024, (&apos;nvfuser::WarpSpecialized(index = 1)&apos; with value WarpSpecializedOnTIDyRegisterSharing_NoneStageSlicePosition_None), CpAsyncBulk)" file="/opt/pytorch/nvfuser/tests/cpp/test_circular_buffering.cpp" line="2137" status="run" result="skipped" time="0." timestamp="2025-05-20T08:06:20.799" classname="Hopper/TmaCircularBufferingTest">
      <skipped message="/opt/pytorch/nvfuser/tests/cpp/test_circular_buffering.cpp:2156&#x0A;LoadStoreOpType::CpAsyncBulk only supports 1D TMA&#x0A;"><![CDATA[/opt/pytorch/nvfuser/tests/cpp/test_circular_buffering.cpp:2156
LoadStoreOpType::CpAsyncBulk only supports 1D TMA
]]></skipped>
    </testcase>
    <testcase name="MatmulWithBroadcastedInput/stage_4_prefetch_neg3_M_500_N_2048_WarpSpecializedOnTIDxRegisterSharing_64_168StageSlicePosition_None_CpAsyncBulkTensorTile" value_param="(4, -3, 500, 2048, (&apos;nvfuser::WarpSpecialized(index = 1)&apos; with value WarpSpecializedOnTIDxRegisterSharing_64_168StageSlicePosition_None), CpAsyncBulkTensorTile)" file="/opt/pytorch/nvfuser/tests/cpp/test_circular_buffering.cpp" line="2137" status="run" result="skipped" time="0." timestamp="2025-05-20T08:06:20.799" classname="Hopper/TmaCircularBufferingTest">
      <skipped message="/opt/pytorch/nvfuser/tests/cpp/test_circular_buffering.cpp:2141&#x0A;Warp Specialization with TIDx used for both computation and load, requires TIDx to be a multiple of 128.&#x0A;"><![CDATA[/opt/pytorch/nvfuser/tests/cpp/test_circular_buffering.cpp:2141
Warp Specialization with TIDx used for both computation and load, requires TIDx to be a multiple of 128.
]]></skipped>
    </testcase>
    <testcase name="MatmulWithBroadcastedInput/stage_4_prefetch_neg3_M_1024_N_2048_WarpSpecializedOnTIDxRegisterSharing_NoneStageSlicePosition_None_CpAsyncBulk" value_param="(4, -3, 1024, 2048, (&apos;nvfuser::WarpSpecialized(index = 1)&apos; with value WarpSpecializedOnTIDxRegisterSharing_NoneStageSlicePosition_None), CpAsyncBulk)" file="/opt/pytorch/nvfuser/tests/cpp/test_circular_buffering.cpp" line="2137" status="run" result="skipped" time="0." timestamp="2025-05-20T08:06:20.799" classname="Hopper/TmaCircularBufferingTest">
      <skipped message="/opt/pytorch/nvfuser/tests/cpp/test_circular_buffering.cpp:2141&#x0A;Warp Specialization with TIDx used for both computation and load, requires TIDx to be a multiple of 128.&#x0A;"><![CDATA[/opt/pytorch/nvfuser/tests/cpp/test_circular_buffering.cpp:2141
Warp Specialization with TIDx used for both computation and load, requires TIDx to be a multiple of 128.
]]></skipped>
    </testcase>
    <testcase name="MatmulWithBroadcastedInput/stage_4_prefetch_neg2_M_128_N_1024_Pipelined_CpAsyncBulkTensorTile" value_param="(4, -2, 128, 1024, (&apos;nvfuser::Pipelined(index = 0)&apos; with value Pipelined), CpAsyncBulkTensorTile)" file="/opt/pytorch/nvfuser/tests/cpp/test_circular_buffering.cpp" line="2137" status="run" result="completed" time="0.572" timestamp="2025-05-20T08:06:20.799" classname="Hopper/TmaCircularBufferingTest" />
    <testcase name="MatmulWithBroadcastedInput/stage_4_prefetch_neg2_M_500_N_1024_Pipelined_CpAsyncBulk" value_param="(4, -2, 500, 1024, (&apos;nvfuser::Pipelined(index = 0)&apos; with value Pipelined), CpAsyncBulk)" file="/opt/pytorch/nvfuser/tests/cpp/test_circular_buffering.cpp" line="2137" status="run" result="skipped" time="0." timestamp="2025-05-20T08:06:21.371" classname="Hopper/TmaCircularBufferingTest">
      <skipped message="/opt/pytorch/nvfuser/tests/cpp/test_circular_buffering.cpp:2156&#x0A;LoadStoreOpType::CpAsyncBulk only supports 1D TMA&#x0A;"><![CDATA[/opt/pytorch/nvfuser/tests/cpp/test_circular_buffering.cpp:2156
LoadStoreOpType::CpAsyncBulk only supports 1D TMA
]]></skipped>
    </testcase>
    <testcase name="MatmulWithBroadcastedInput/stage_4_prefetch_neg2_M_500_N_2048_WarpSpecializedOnTIDyRegisterSharing_NoneStageSlicePosition_None_CpAsyncBulkTensorTile" value_param="(4, -2, 500, 2048, (&apos;nvfuser::WarpSpecialized(index = 1)&apos; with value WarpSpecializedOnTIDyRegisterSharing_NoneStageSlicePosition_None), CpAsyncBulkTensorTile)" file="/opt/pytorch/nvfuser/tests/cpp/test_circular_buffering.cpp" line="2137" status="run" result="completed" time="0.878" timestamp="2025-05-20T08:06:21.371" classname="Hopper/TmaCircularBufferingTest" />
    <testcase name="MatmulWithBroadcastedInput/stage_4_prefetch_neg2_M_1024_N_2048_Pipelined_CpAsyncBulk" value_param="(4, -2, 1024, 2048, (&apos;nvfuser::Pipelined(index = 0)&apos; with value Pipelined), CpAsyncBulk)" file="/opt/pytorch/nvfuser/tests/cpp/test_circular_buffering.cpp" line="2137" status="run" result="skipped" time="0." timestamp="2025-05-20T08:06:22.250" classname="Hopper/TmaCircularBufferingTest">
      <skipped message="/opt/pytorch/nvfuser/tests/cpp/test_circular_buffering.cpp:2156&#x0A;LoadStoreOpType::CpAsyncBulk only supports 1D TMA&#x0A;"><![CDATA[/opt/pytorch/nvfuser/tests/cpp/test_circular_buffering.cpp:2156
LoadStoreOpType::CpAsyncBulk only supports 1D TMA
]]></skipped>
    </testcase>
    <testcase name="MatmulWithBroadcastedInput/stage_4_prefetch_neg1_M_128_N_1024_Pipelined_CpAsyncBulkTensorTile" value_param="(4, -1, 128, 1024, (&apos;nvfuser::Pipelined(index = 0)&apos; with value Pipelined), CpAsyncBulkTensorTile)" file="/opt/pytorch/nvfuser/tests/cpp/test_circular_buffering.cpp" line="2137" status="run" result="completed" time="1.072" timestamp="2025-05-20T08:06:22.250" classname="Hopper/TmaCircularBufferingTest" />
    <testcase name="MatmulWithBroadcastedInput/stage_4_prefetch_neg1_M_500_N_1024_WarpSpecializedOnTIDyRegisterSharing_NoneStageSlicePosition_None_CpAsyncBulk" value_param="(4, -1, 500, 1024, (&apos;nvfuser::WarpSpecialized(index = 1)&apos; with value WarpSpecializedOnTIDyRegisterSharing_NoneStageSlicePosition_None), CpAsyncBulk)" file="/opt/pytorch/nvfuser/tests/cpp/test_circular_buffering.cpp" line="2137" status="run" result="skipped" time="0." timestamp="2025-05-20T08:06:23.323" classname="Hopper/TmaCircularBufferingTest">
      <skipped message="/opt/pytorch/nvfuser/tests/cpp/test_circular_buffering.cpp:2156&#x0A;LoadStoreOpType::CpAsyncBulk only supports 1D TMA&#x0A;"><![CDATA[/opt/pytorch/nvfuser/tests/cpp/test_circular_buffering.cpp:2156
LoadStoreOpType::CpAsyncBulk only supports 1D TMA
]]></skipped>
    </testcase>
    <testcase name="MatmulWithBroadcastedInput/stage_4_prefetch_neg1_M_500_N_2048_WarpSpecializedOnTIDyRegisterSharing_64_168StageSlicePosition_None_CpAsyncBulkTensorTile" value_param="(4, -1, 500, 2048, (&apos;nvfuser::WarpSpecialized(index = 1)&apos; with value WarpSpecializedOnTIDyRegisterSharing_64_168StageSlicePosition_None), CpAsyncBulkTensorTile)" file="/opt/pytorch/nvfuser/tests/cpp/test_circular_buffering.cpp" line="2137" status="run" result="completed" time="1.215" timestamp="2025-05-20T08:06:23.323" classname="Hopper/TmaCircularBufferingTest" />
    <testcase name="MatmulWithBroadcastedInput/stage_4_prefetch_neg1_M_1024_N_2048_WarpSpecializedOnTIDxRegisterSharing_64_168StageSlicePosition_None_CpAsyncBulk" value_param="(4, -1, 1024, 2048, (&apos;nvfuser::WarpSpecialized(index = 1)&apos; with value WarpSpecializedOnTIDxRegisterSharing_64_168StageSlicePosition_None), CpAsyncBulk)" file="/opt/pytorch/nvfuser/tests/cpp/test_circular_buffering.cpp" line="2137" status="run" result="skipped" time="0." timestamp="2025-05-20T08:06:24.539" classname="Hopper/TmaCircularBufferingTest">
      <skipped message="/opt/pytorch/nvfuser/tests/cpp/test_circular_buffering.cpp:2141&#x0A;Warp Specialization with TIDx used for both computation and load, requires TIDx to be a multiple of 128.&#x0A;"><![CDATA[/opt/pytorch/nvfuser/tests/cpp/test_circular_buffering.cpp:2141
Warp Specialization with TIDx used for both computation and load, requires TIDx to be a multiple of 128.
]]></skipped>
    </testcase>
    <testcase name="MatmulWithBroadcastedInput/stage_4_prefetch_0_M_128_N_1024_PipelinedMBarrierForWAR_CpAsyncBulkTensorTile" value_param="(4, 0, 128, 1024, (&apos;nvfuser::Pipelined(index = 0)&apos; with value PipelinedMBarrierForWAR), CpAsyncBulkTensorTile)" file="/opt/pytorch/nvfuser/tests/cpp/test_circular_buffering.cpp" line="2137" status="run" result="completed" time="0.323" timestamp="2025-05-20T08:06:24.539" classname="Hopper/TmaCircularBufferingTest" />
    <testcase name="MatmulWithBroadcastedInput/stage_4_prefetch_0_M_500_N_1024_WarpSpecializedOnTIDyRegisterSharing_64_168StageSlicePosition_None_CpAsyncBulk" value_param="(4, 0, 500, 1024, (&apos;nvfuser::WarpSpecialized(index = 1)&apos; with value WarpSpecializedOnTIDyRegisterSharing_64_168StageSlicePosition_None), CpAsyncBulk)" file="/opt/pytorch/nvfuser/tests/cpp/test_circular_buffering.cpp" line="2137" status="run" result="skipped" time="0." timestamp="2025-05-20T08:06:24.862" classname="Hopper/TmaCircularBufferingTest">
      <skipped message="/opt/pytorch/nvfuser/tests/cpp/test_circular_buffering.cpp:2156&#x0A;LoadStoreOpType::CpAsyncBulk only supports 1D TMA&#x0A;"><![CDATA[/opt/pytorch/nvfuser/tests/cpp/test_circular_buffering.cpp:2156
LoadStoreOpType::CpAsyncBulk only supports 1D TMA
]]></skipped>
    </testcase>
    <testcase name="MatmulWithBroadcastedInput/stage_4_prefetch_0_M_500_N_2048_WarpSpecializedOnTIDyRegisterSharing_NoneStageSlicePosition_None_CpAsyncBulkTensorTile" value_param="(4, 0, 500, 2048, (&apos;nvfuser::WarpSpecialized(index = 1)&apos; with value WarpSpecializedOnTIDyRegisterSharing_NoneStageSlicePosition_None), CpAsyncBulkTensorTile)" file="/opt/pytorch/nvfuser/tests/cpp/test_circular_buffering.cpp" line="2137" status="run" result="completed" time="0.66" timestamp="2025-05-20T08:06:24.862" classname="Hopper/TmaCircularBufferingTest" />
    <testcase name="MatmulWithBroadcastedInput/stage_4_prefetch_0_M_1024_N_2048_WarpSpecializedOnTIDxRegisterSharing_64_168StageSlicePosition_None_CpAsyncBulk" value_param="(4, 0, 1024, 2048, (&apos;nvfuser::WarpSpecialized(index = 1)&apos; with value WarpSpecializedOnTIDxRegisterSharing_64_168StageSlicePosition_None), CpAsyncBulk)" file="/opt/pytorch/nvfuser/tests/cpp/test_circular_buffering.cpp" line="2137" status="run" result="skipped" time="0." timestamp="2025-05-20T08:06:25.523" classname="Hopper/TmaCircularBufferingTest">
      <skipped message="/opt/pytorch/nvfuser/tests/cpp/test_circular_buffering.cpp:2141&#x0A;Warp Specialization with TIDx used for both computation and load, requires TIDx to be a multiple of 128.&#x0A;"><![CDATA[/opt/pytorch/nvfuser/tests/cpp/test_circular_buffering.cpp:2141
Warp Specialization with TIDx used for both computation and load, requires TIDx to be a multiple of 128.
]]></skipped>
    </testcase>
    <testcase name="MatmulWithBroadcastedInput/stage_4_prefetch_1_M_128_N_1024_WarpSpecializedOnTIDxRegisterSharing_64_168StageSlicePosition_None_CpAsyncBulkTensorTile" value_param="(4, 1, 128, 1024, (&apos;nvfuser::WarpSpecialized(index = 1)&apos; with value WarpSpecializedOnTIDxRegisterSharing_64_168StageSlicePosition_None), CpAsyncBulkTensorTile)" file="/opt/pytorch/nvfuser/tests/cpp/test_circular_buffering.cpp" line="2137" status="run" result="skipped" time="0." timestamp="2025-05-20T08:06:25.523" classname="Hopper/TmaCircularBufferingTest">
      <skipped message="/opt/pytorch/nvfuser/tests/cpp/test_circular_buffering.cpp:2141&#x0A;Warp Specialization with TIDx used for both computation and load, requires TIDx to be a multiple of 128.&#x0A;"><![CDATA[/opt/pytorch/nvfuser/tests/cpp/test_circular_buffering.cpp:2141
Warp Specialization with TIDx used for both computation and load, requires TIDx to be a multiple of 128.
]]></skipped>
    </testcase>
    <testcase name="MatmulWithBroadcastedInput/stage_4_prefetch_1_M_500_N_1024_PipelinedMBarrierForWAR_CpAsyncBulk" value_param="(4, 1, 500, 1024, (&apos;nvfuser::Pipelined(index = 0)&apos; with value PipelinedMBarrierForWAR), CpAsyncBulk)" file="/opt/pytorch/nvfuser/tests/cpp/test_circular_buffering.cpp" line="2137" status="run" result="skipped" time="0." timestamp="2025-05-20T08:06:25.523" classname="Hopper/TmaCircularBufferingTest">
      <skipped message="/opt/pytorch/nvfuser/tests/cpp/test_circular_buffering.cpp:2156&#x0A;LoadStoreOpType::CpAsyncBulk only supports 1D TMA&#x0A;"><![CDATA[/opt/pytorch/nvfuser/tests/cpp/test_circular_buffering.cpp:2156
LoadStoreOpType::CpAsyncBulk only supports 1D TMA
]]></skipped>
    </testcase>
    <testcase name="MatmulWithBroadcastedInput/stage_4_prefetch_1_M_500_N_2048_WarpSpecializedOnTIDyRegisterSharing_NoneStageSlicePosition_None_CpAsyncBulkTensorTile" value_param="(4, 1, 500, 2048, (&apos;nvfuser::WarpSpecialized(index = 1)&apos; with value WarpSpecializedOnTIDyRegisterSharing_NoneStageSlicePosition_None), CpAsyncBulkTensorTile)" file="/opt/pytorch/nvfuser/tests/cpp/test_circular_buffering.cpp" line="2137" status="run" result="completed" time="0.728" timestamp="2025-05-20T08:06:25.523" classname="Hopper/TmaCircularBufferingTest" />
    <testcase name="MatmulWithBroadcastedInput/stage_4_prefetch_1_M_1024_N_2048_WarpSpecializedOnTIDyRegisterSharing_64_168StageSlicePosition_None_CpAsyncBulk" value_param="(4, 1, 1024, 2048, (&apos;nvfuser::WarpSpecialized(index = 1)&apos; with value WarpSpecializedOnTIDyRegisterSharing_64_168StageSlicePosition_None), CpAsyncBulk)" file="/opt/pytorch/nvfuser/tests/cpp/test_circular_buffering.cpp" line="2137" status="run" result="skipped" time="0." timestamp="2025-05-20T08:06:26.251" classname="Hopper/TmaCircularBufferingTest">
      <skipped message="/opt/pytorch/nvfuser/tests/cpp/test_circular_buffering.cpp:2156&#x0A;LoadStoreOpType::CpAsyncBulk only supports 1D TMA&#x0A;"><![CDATA[/opt/pytorch/nvfuser/tests/cpp/test_circular_buffering.cpp:2156
LoadStoreOpType::CpAsyncBulk only supports 1D TMA
]]></skipped>
    </testcase>
    <testcase name="MatmulWithBroadcastedInput/stage_4_prefetch_2_M_128_N_1024_WarpSpecializedOnTIDxRegisterSharing_64_168StageSlicePosition_None_CpAsyncBulkTensorTile" value_param="(4, 2, 128, 1024, (&apos;nvfuser::WarpSpecialized(index = 1)&apos; with value WarpSpecializedOnTIDxRegisterSharing_64_168StageSlicePosition_None), CpAsyncBulkTensorTile)" file="/opt/pytorch/nvfuser/tests/cpp/test_circular_buffering.cpp" line="2137" status="run" result="skipped" time="0." timestamp="2025-05-20T08:06:26.251" classname="Hopper/TmaCircularBufferingTest">
      <skipped message="/opt/pytorch/nvfuser/tests/cpp/test_circular_buffering.cpp:2141&#x0A;Warp Specialization with TIDx used for both computation and load, requires TIDx to be a multiple of 128.&#x0A;"><![CDATA[/opt/pytorch/nvfuser/tests/cpp/test_circular_buffering.cpp:2141
Warp Specialization with TIDx used for both computation and load, requires TIDx to be a multiple of 128.
]]></skipped>
    </testcase>
    <testcase name="MatmulWithBroadcastedInput/stage_4_prefetch_2_M_500_N_1024_WarpSpecializedOnTIDyRegisterSharing_64_168StageSlicePosition_None_CpAsyncBulk" value_param="(4, 2, 500, 1024, (&apos;nvfuser::WarpSpecialized(index = 1)&apos; with value WarpSpecializedOnTIDyRegisterSharing_64_168StageSlicePosition_None), CpAsyncBulk)" file="/opt/pytorch/nvfuser/tests/cpp/test_circular_buffering.cpp" line="2137" status="run" result="skipped" time="0." timestamp="2025-05-20T08:06:26.251" classname="Hopper/TmaCircularBufferingTest">
      <skipped message="/opt/pytorch/nvfuser/tests/cpp/test_circular_buffering.cpp:2156&#x0A;LoadStoreOpType::CpAsyncBulk only supports 1D TMA&#x0A;"><![CDATA[/opt/pytorch/nvfuser/tests/cpp/test_circular_buffering.cpp:2156
LoadStoreOpType::CpAsyncBulk only supports 1D TMA
]]></skipped>
    </testcase>
    <testcase name="MatmulWithBroadcastedInput/stage_4_prefetch_2_M_500_N_2048_WarpSpecializedOnTIDyRegisterSharing_64_168StageSlicePosition_None_CpAsyncBulkTensorTile" value_param="(4, 2, 500, 2048, (&apos;nvfuser::WarpSpecialized(index = 1)&apos; with value WarpSpecializedOnTIDyRegisterSharing_64_168StageSlicePosition_None), CpAsyncBulkTensorTile)" file="/opt/pytorch/nvfuser/tests/cpp/test_circular_buffering.cpp" line="2137" status="run" result="completed" time="0.845" timestamp="2025-05-20T08:06:26.251" classname="Hopper/TmaCircularBufferingTest" />
    <testcase name="MatmulWithBroadcastedInput/stage_4_prefetch_2_M_1024_N_2048_Pipelined_CpAsyncBulk" value_param="(4, 2, 1024, 2048, (&apos;nvfuser::Pipelined(index = 0)&apos; with value Pipelined), CpAsyncBulk)" file="/opt/pytorch/nvfuser/tests/cpp/test_circular_buffering.cpp" line="2137" status="run" result="skipped" time="0." timestamp="2025-05-20T08:06:27.096" classname="Hopper/TmaCircularBufferingTest">
      <skipped message="/opt/pytorch/nvfuser/tests/cpp/test_circular_buffering.cpp:2156&#x0A;LoadStoreOpType::CpAsyncBulk only supports 1D TMA&#x0A;"><![CDATA[/opt/pytorch/nvfuser/tests/cpp/test_circular_buffering.cpp:2156
LoadStoreOpType::CpAsyncBulk only supports 1D TMA
]]></skipped>
    </testcase>
    <testcase name="MatmulWithBroadcastedInput/stage_4_prefetch_3_M_128_N_1024_PipelinedMBarrierForWAR_CpAsyncBulkTensorTile" value_param="(4, 3, 128, 1024, (&apos;nvfuser::Pipelined(index = 0)&apos; with value PipelinedMBarrierForWAR), CpAsyncBulkTensorTile)" file="/opt/pytorch/nvfuser/tests/cpp/test_circular_buffering.cpp" line="2137" status="run" result="completed" time="1.085" timestamp="2025-05-20T08:06:27.096" classname="Hopper/TmaCircularBufferingTest" />
    <testcase name="MatmulWithBroadcastedInput/stage_4_prefetch_3_M_500_N_1024_WarpSpecializedOnTIDxRegisterSharing_64_168StageSlicePosition_None_CpAsyncBulk" value_param="(4, 3, 500, 1024, (&apos;nvfuser::WarpSpecialized(index = 1)&apos; with value WarpSpecializedOnTIDxRegisterSharing_64_168StageSlicePosition_None), CpAsyncBulk)" file="/opt/pytorch/nvfuser/tests/cpp/test_circular_buffering.cpp" line="2137" status="run" result="skipped" time="0." timestamp="2025-05-20T08:06:28.182" classname="Hopper/TmaCircularBufferingTest">
      <skipped message="/opt/pytorch/nvfuser/tests/cpp/test_circular_buffering.cpp:2141&#x0A;Warp Specialization with TIDx used for both computation and load, requires TIDx to be a multiple of 128.&#x0A;"><![CDATA[/opt/pytorch/nvfuser/tests/cpp/test_circular_buffering.cpp:2141
Warp Specialization with TIDx used for both computation and load, requires TIDx to be a multiple of 128.
]]></skipped>
    </testcase>
    <testcase name="MatmulWithBroadcastedInput/stage_4_prefetch_3_M_500_N_2048_WarpSpecializedOnTIDxRegisterSharing_NoneStageSlicePosition_None_CpAsyncBulkTensorTile" value_param="(4, 3, 500, 2048, (&apos;nvfuser::WarpSpecialized(index = 1)&apos; with value WarpSpecializedOnTIDxRegisterSharing_NoneStageSlicePosition_None), CpAsyncBulkTensorTile)" file="/opt/pytorch/nvfuser/tests/cpp/test_circular_buffering.cpp" line="2137" status="run" result="skipped" time="0." timestamp="2025-05-20T08:06:28.182" classname="Hopper/TmaCircularBufferingTest">
      <skipped message="/opt/pytorch/nvfuser/tests/cpp/test_circular_buffering.cpp:2141&#x0A;Warp Specialization with TIDx used for both computation and load, requires TIDx to be a multiple of 128.&#x0A;"><![CDATA[/opt/pytorch/nvfuser/tests/cpp/test_circular_buffering.cpp:2141
Warp Specialization with TIDx used for both computation and load, requires TIDx to be a multiple of 128.
]]></skipped>
    </testcase>
    <testcase name="MatmulWithBroadcastedInput/stage_4_prefetch_3_M_1024_N_2048_WarpSpecializedOnTIDyRegisterSharing_64_168StageSlicePosition_None_CpAsyncBulk" value_param="(4, 3, 1024, 2048, (&apos;nvfuser::WarpSpecialized(index = 1)&apos; with value WarpSpecializedOnTIDyRegisterSharing_64_168StageSlicePosition_None), CpAsyncBulk)" file="/opt/pytorch/nvfuser/tests/cpp/test_circular_buffering.cpp" line="2137" status="run" result="skipped" time="0." timestamp="2025-05-20T08:06:28.183" classname="Hopper/TmaCircularBufferingTest">
      <skipped message="/opt/pytorch/nvfuser/tests/cpp/test_circular_buffering.cpp:2156&#x0A;LoadStoreOpType::CpAsyncBulk only supports 1D TMA&#x0A;"><![CDATA[/opt/pytorch/nvfuser/tests/cpp/test_circular_buffering.cpp:2156
LoadStoreOpType::CpAsyncBulk only supports 1D TMA
]]></skipped>
    </testcase>
  </testsuite>
  <testsuite name="Hopper/TmaRegisterSharing" tests="3" failures="0" disabled="0" skipped="0" errors="0" time="0.205" timestamp="2025-05-20T08:06:28.183">
    <testcase name="CtaShapeShmoo/cta_32_4_2_pt_threadIdx_y" value_param="(12-byte object &lt;20-00 00-00 04-00 00-00 02-00 00-00&gt;, threadIdx.y)" file="/opt/pytorch/nvfuser/tests/cpp/test_circular_buffering.cpp" line="2445" status="run" result="completed" time="0.103" timestamp="2025-05-20T08:06:28.183" classname="Hopper/TmaRegisterSharing" />
    <testcase name="CtaShapeShmoo/cta_128_2_1_pt_threadIdx_y" value_param="(12-byte object &lt;80-00 00-00 02-00 00-00 01-00 00-00&gt;, threadIdx.y)" file="/opt/pytorch/nvfuser/tests/cpp/test_circular_buffering.cpp" line="2445" status="run" result="completed" time="0.097" timestamp="2025-05-20T08:06:28.287" classname="Hopper/TmaRegisterSharing" />
    <testcase name="CtaShapeShmoo/cta_256_1_1_pt_threadIdx_y" value_param="(12-byte object &lt;00-01 00-00 01-00 00-00 01-00 00-00&gt;, threadIdx.y)" file="/opt/pytorch/nvfuser/tests/cpp/test_circular_buffering.cpp" line="2445" status="run" result="completed" time="0.004" timestamp="2025-05-20T08:06:28.384" classname="Hopper/TmaRegisterSharing" />
  </testsuite>
  <testsuite name="PingPongCircularBuffering" tests="3" failures="0" disabled="0" skipped="0" errors="0" time="0.612" timestamp="2025-05-20T08:06:28.389">
    <testcase name="StageSlicePositionComputeAt/stage_slice_position_0" value_param="(0)" file="/opt/pytorch/nvfuser/tests/cpp/test_circular_buffering_ping_pong.cpp" line="30" status="run" result="completed" time="0.021" timestamp="2025-05-20T08:06:28.389" classname="PingPongCircularBuffering" />
    <testcase name="StageSlicePositionComputeAt/stage_slice_position_3" value_param="(3)" file="/opt/pytorch/nvfuser/tests/cpp/test_circular_buffering_ping_pong.cpp" line="30" status="run" result="completed" time="0.58" timestamp="2025-05-20T08:06:28.410" classname="PingPongCircularBuffering" />
    <testcase name="StageSlicePositionComputeAt/stage_slice_position_6" value_param="(6)" file="/opt/pytorch/nvfuser/tests/cpp/test_circular_buffering_ping_pong.cpp" line="30" status="run" result="completed" time="0.009" timestamp="2025-05-20T08:06:28.991" classname="PingPongCircularBuffering" />
  </testsuite>
  <testsuite name="ReductionNoODim" tests="42" failures="0" disabled="0" skipped="0" errors="0" time="5.104" timestamp="2025-05-20T08:06:29.001">
    <testcase name="Test/dtype_double_rsize_4" value_param="(double, 4)" file="/opt/pytorch/nvfuser/tests/cpp/test_gpu1.cpp" line="5384" status="run" result="completed" time="0.095" timestamp="2025-05-20T08:06:29.001" classname="ReductionNoODim" />
    <testcase name="Test/dtype_double_rsize_32" value_param="(double, 32)" file="/opt/pytorch/nvfuser/tests/cpp/test_gpu1.cpp" line="5384" status="run" result="completed" time="0.08" timestamp="2025-05-20T08:06:29.097" classname="ReductionNoODim" />
    <testcase name="Test/dtype_double_rsize_256" value_param="(double, 256)" file="/opt/pytorch/nvfuser/tests/cpp/test_gpu1.cpp" line="5384" status="run" result="completed" time="0.24" timestamp="2025-05-20T08:06:29.177" classname="ReductionNoODim" />
    <testcase name="Test/dtype_double_rsize_2048" value_param="(double, 2048)" file="/opt/pytorch/nvfuser/tests/cpp/test_gpu1.cpp" line="5384" status="run" result="completed" time="0.269" timestamp="2025-05-20T08:06:29.418" classname="ReductionNoODim" />
    <testcase name="Test/dtype_double_rsize_16384" value_param="(double, 16384)" file="/opt/pytorch/nvfuser/tests/cpp/test_gpu1.cpp" line="5384" status="run" result="completed" time="0.202" timestamp="2025-05-20T08:06:29.687" classname="ReductionNoODim" />
    <testcase name="Test/dtype_double_rsize_131072" value_param="(double, 131072)" file="/opt/pytorch/nvfuser/tests/cpp/test_gpu1.cpp" line="5384" status="run" result="completed" time="0.116" timestamp="2025-05-20T08:06:29.890" classname="ReductionNoODim" />
    <testcase name="Test/dtype_double_rsize_1048576" value_param="(double, 1048576)" file="/opt/pytorch/nvfuser/tests/cpp/test_gpu1.cpp" line="5384" status="run" result="completed" time="0.162" timestamp="2025-05-20T08:06:30.006" classname="ReductionNoODim" />
    <testcase name="Test/dtype_float_rsize_4" value_param="(float, 4)" file="/opt/pytorch/nvfuser/tests/cpp/test_gpu1.cpp" line="5384" status="run" result="completed" time="0.084" timestamp="2025-05-20T08:06:30.169" classname="ReductionNoODim" />
    <testcase name="Test/dtype_float_rsize_32" value_param="(float, 32)" file="/opt/pytorch/nvfuser/tests/cpp/test_gpu1.cpp" line="5384" status="run" result="completed" time="0.076" timestamp="2025-05-20T08:06:30.253" classname="ReductionNoODim" />
    <testcase name="Test/dtype_float_rsize_256" value_param="(float, 256)" file="/opt/pytorch/nvfuser/tests/cpp/test_gpu1.cpp" line="5384" status="run" result="completed" time="0.098" timestamp="2025-05-20T08:06:30.329" classname="ReductionNoODim" />
    <testcase name="Test/dtype_float_rsize_2048" value_param="(float, 2048)" file="/opt/pytorch/nvfuser/tests/cpp/test_gpu1.cpp" line="5384" status="run" result="completed" time="0.12" timestamp="2025-05-20T08:06:30.427" classname="ReductionNoODim" />
    <testcase name="Test/dtype_float_rsize_16384" value_param="(float, 16384)" file="/opt/pytorch/nvfuser/tests/cpp/test_gpu1.cpp" line="5384" status="run" result="completed" time="0.131" timestamp="2025-05-20T08:06:30.548" classname="ReductionNoODim" />
    <testcase name="Test/dtype_float_rsize_131072" value_param="(float, 131072)" file="/opt/pytorch/nvfuser/tests/cpp/test_gpu1.cpp" line="5384" status="run" result="completed" time="0.095" timestamp="2025-05-20T08:06:30.679" classname="ReductionNoODim" />
    <testcase name="Test/dtype_float_rsize_1048576" value_param="(float, 1048576)" file="/opt/pytorch/nvfuser/tests/cpp/test_gpu1.cpp" line="5384" status="run" result="completed" time="0.141" timestamp="2025-05-20T08:06:30.775" classname="ReductionNoODim" />
    <testcase name="Test/dtype___half_rsize_4" value_param="(__half, 4)" file="/opt/pytorch/nvfuser/tests/cpp/test_gpu1.cpp" line="5384" status="run" result="completed" time="0.086" timestamp="2025-05-20T08:06:30.916" classname="ReductionNoODim" />
    <testcase name="Test/dtype___half_rsize_32" value_param="(__half, 32)" file="/opt/pytorch/nvfuser/tests/cpp/test_gpu1.cpp" line="5384" status="run" result="completed" time="0.099" timestamp="2025-05-20T08:06:31.003" classname="ReductionNoODim" />
    <testcase name="Test/dtype___half_rsize_256" value_param="(__half, 256)" file="/opt/pytorch/nvfuser/tests/cpp/test_gpu1.cpp" line="5384" status="run" result="completed" time="0.114" timestamp="2025-05-20T08:06:31.102" classname="ReductionNoODim" />
    <testcase name="Test/dtype___half_rsize_2048" value_param="(__half, 2048)" file="/opt/pytorch/nvfuser/tests/cpp/test_gpu1.cpp" line="5384" status="run" result="completed" time="0.127" timestamp="2025-05-20T08:06:31.217" classname="ReductionNoODim" />
    <testcase name="Test/dtype___half_rsize_16384" value_param="(__half, 16384)" file="/opt/pytorch/nvfuser/tests/cpp/test_gpu1.cpp" line="5384" status="run" result="completed" time="0.154" timestamp="2025-05-20T08:06:31.344" classname="ReductionNoODim" />
    <testcase name="Test/dtype___half_rsize_131072" value_param="(__half, 131072)" file="/opt/pytorch/nvfuser/tests/cpp/test_gpu1.cpp" line="5384" status="run" result="completed" time="0.078" timestamp="2025-05-20T08:06:31.499" classname="ReductionNoODim" />
    <testcase name="Test/dtype___half_rsize_1048576" value_param="(__half, 1048576)" file="/opt/pytorch/nvfuser/tests/cpp/test_gpu1.cpp" line="5384" status="run" result="completed" time="0.113" timestamp="2025-05-20T08:06:31.578" classname="ReductionNoODim" />
    <testcase name="Test/dtype_std__complex_float__rsize_4" value_param="(std::complex&lt;float&gt;, 4)" file="/opt/pytorch/nvfuser/tests/cpp/test_gpu1.cpp" line="5384" status="run" result="completed" time="0.105" timestamp="2025-05-20T08:06:31.691" classname="ReductionNoODim" />
    <testcase name="Test/dtype_std__complex_float__rsize_32" value_param="(std::complex&lt;float&gt;, 32)" file="/opt/pytorch/nvfuser/tests/cpp/test_gpu1.cpp" line="5384" status="run" result="completed" time="0.071" timestamp="2025-05-20T08:06:31.796" classname="ReductionNoODim" />
    <testcase name="Test/dtype_std__complex_float__rsize_256" value_param="(std::complex&lt;float&gt;, 256)" file="/opt/pytorch/nvfuser/tests/cpp/test_gpu1.cpp" line="5384" status="run" result="completed" time="0.107" timestamp="2025-05-20T08:06:31.868" classname="ReductionNoODim" />
    <testcase name="Test/dtype_std__complex_float__rsize_2048" value_param="(std::complex&lt;float&gt;, 2048)" file="/opt/pytorch/nvfuser/tests/cpp/test_gpu1.cpp" line="5384" status="run" result="completed" time="0.135" timestamp="2025-05-20T08:06:31.975" classname="ReductionNoODim" />
    <testcase name="Test/dtype_std__complex_float__rsize_16384" value_param="(std::complex&lt;float&gt;, 16384)" file="/opt/pytorch/nvfuser/tests/cpp/test_gpu1.cpp" line="5384" status="run" result="completed" time="0.085" timestamp="2025-05-20T08:06:32.110" classname="ReductionNoODim" />
    <testcase name="Test/dtype_std__complex_float__rsize_131072" value_param="(std::complex&lt;float&gt;, 131072)" file="/opt/pytorch/nvfuser/tests/cpp/test_gpu1.cpp" line="5384" status="run" result="completed" time="0.087" timestamp="2025-05-20T08:06:32.196" classname="ReductionNoODim" />
    <testcase name="Test/dtype_std__complex_float__rsize_1048576" value_param="(std::complex&lt;float&gt;, 1048576)" file="/opt/pytorch/nvfuser/tests/cpp/test_gpu1.cpp" line="5384" status="run" result="completed" time="0.19" timestamp="2025-05-20T08:06:32.284" classname="ReductionNoODim" />
    <testcase name="Test/dtype_std__complex_double__rsize_4" value_param="(std::complex&lt;double&gt;, 4)" file="/opt/pytorch/nvfuser/tests/cpp/test_gpu1.cpp" line="5384" status="run" result="completed" time="0.112" timestamp="2025-05-20T08:06:32.474" classname="ReductionNoODim" />
    <testcase name="Test/dtype_std__complex_double__rsize_32" value_param="(std::complex&lt;double&gt;, 32)" file="/opt/pytorch/nvfuser/tests/cpp/test_gpu1.cpp" line="5384" status="run" result="completed" time="0.066" timestamp="2025-05-20T08:06:32.587" classname="ReductionNoODim" />
    <testcase name="Test/dtype_std__complex_double__rsize_256" value_param="(std::complex&lt;double&gt;, 256)" file="/opt/pytorch/nvfuser/tests/cpp/test_gpu1.cpp" line="5384" status="run" result="completed" time="0.096" timestamp="2025-05-20T08:06:32.653" classname="ReductionNoODim" />
    <testcase name="Test/dtype_std__complex_double__rsize_2048" value_param="(std::complex&lt;double&gt;, 2048)" file="/opt/pytorch/nvfuser/tests/cpp/test_gpu1.cpp" line="5384" status="run" result="completed" time="0.127" timestamp="2025-05-20T08:06:32.750" classname="ReductionNoODim" />
    <testcase name="Test/dtype_std__complex_double__rsize_16384" value_param="(std::complex&lt;double&gt;, 16384)" file="/opt/pytorch/nvfuser/tests/cpp/test_gpu1.cpp" line="5384" status="run" result="completed" time="0.097" timestamp="2025-05-20T08:06:32.877" classname="ReductionNoODim" />
    <testcase name="Test/dtype_std__complex_double__rsize_131072" value_param="(std::complex&lt;double&gt;, 131072)" file="/opt/pytorch/nvfuser/tests/cpp/test_gpu1.cpp" line="5384" status="run" result="completed" time="0.22" timestamp="2025-05-20T08:06:32.974" classname="ReductionNoODim" />
    <testcase name="Test/dtype_std__complex_double__rsize_1048576" value_param="(std::complex&lt;double&gt;, 1048576)" file="/opt/pytorch/nvfuser/tests/cpp/test_gpu1.cpp" line="5384" status="run" result="completed" time="0.142" timestamp="2025-05-20T08:06:33.195" classname="ReductionNoODim" />
    <testcase name="Test/dtype___bfloat_rsize_4" value_param="(__bfloat, 4)" file="/opt/pytorch/nvfuser/tests/cpp/test_gpu1.cpp" line="5384" status="run" result="completed" time="0.091" timestamp="2025-05-20T08:06:33.337" classname="ReductionNoODim" />
    <testcase name="Test/dtype___bfloat_rsize_32" value_param="(__bfloat, 32)" file="/opt/pytorch/nvfuser/tests/cpp/test_gpu1.cpp" line="5384" status="run" result="completed" time="0.087" timestamp="2025-05-20T08:06:33.429" classname="ReductionNoODim" />
    <testcase name="Test/dtype___bfloat_rsize_256" value_param="(__bfloat, 256)" file="/opt/pytorch/nvfuser/tests/cpp/test_gpu1.cpp" line="5384" status="run" result="completed" time="0.099" timestamp="2025-05-20T08:06:33.516" classname="ReductionNoODim" />
    <testcase name="Test/dtype___bfloat_rsize_2048" value_param="(__bfloat, 2048)" file="/opt/pytorch/nvfuser/tests/cpp/test_gpu1.cpp" line="5384" status="run" result="completed" time="0.116" timestamp="2025-05-20T08:06:33.616" classname="ReductionNoODim" />
    <testcase name="Test/dtype___bfloat_rsize_16384" value_param="(__bfloat, 16384)" file="/opt/pytorch/nvfuser/tests/cpp/test_gpu1.cpp" line="5384" status="run" result="completed" time="0.135" timestamp="2025-05-20T08:06:33.732" classname="ReductionNoODim" />
    <testcase name="Test/dtype___bfloat_rsize_131072" value_param="(__bfloat, 131072)" file="/opt/pytorch/nvfuser/tests/cpp/test_gpu1.cpp" line="5384" status="run" result="completed" time="0.085" timestamp="2025-05-20T08:06:33.868" classname="ReductionNoODim" />
    <testcase name="Test/dtype___bfloat_rsize_1048576" value_param="(__bfloat, 1048576)" file="/opt/pytorch/nvfuser/tests/cpp/test_gpu1.cpp" line="5384" status="run" result="completed" time="0.152" timestamp="2025-05-20T08:06:33.953" classname="ReductionNoODim" />
  </testsuite>
  <testsuite name="ReductionWithIterDim" tests="168" failures="0" disabled="0" skipped="0" errors="0" time="25.46" timestamp="2025-05-20T08:06:34.106">
    <testcase name="Test/dtype_double_rsize_1_isize_320_raxis_0" value_param="(double, 1, 320, 0)" file="/opt/pytorch/nvfuser/tests/cpp/test_gpu1.cpp" line="5457" status="run" result="completed" time="0.093" timestamp="2025-05-20T08:06:34.106" classname="ReductionWithIterDim" />
    <testcase name="Test/dtype_double_rsize_2_isize_160_raxis_1" value_param="(double, 2, 160, 1)" file="/opt/pytorch/nvfuser/tests/cpp/test_gpu1.cpp" line="5457" status="run" result="completed" time="0.107" timestamp="2025-05-20T08:06:34.199" classname="ReductionWithIterDim" />
    <testcase name="Test/dtype_double_rsize_4_isize_160_raxis_0" value_param="(double, 4, 160, 0)" file="/opt/pytorch/nvfuser/tests/cpp/test_gpu1.cpp" line="5457" status="run" result="completed" time="0.086" timestamp="2025-05-20T08:06:34.307" classname="ReductionWithIterDim" />
    <testcase name="Test/dtype_double_rsize_4_isize_320_raxis_1" value_param="(double, 4, 320, 1)" file="/opt/pytorch/nvfuser/tests/cpp/test_gpu1.cpp" line="5457" status="run" result="completed" time="0.088" timestamp="2025-05-20T08:06:34.393" classname="ReductionWithIterDim" />
    <testcase name="Test/dtype_double_rsize_8_isize_320_raxis_0" value_param="(double, 8, 320, 0)" file="/opt/pytorch/nvfuser/tests/cpp/test_gpu1.cpp" line="5457" status="run" result="completed" time="0.109" timestamp="2025-05-20T08:06:34.482" classname="ReductionWithIterDim" />
    <testcase name="Test/dtype_double_rsize_16_isize_160_raxis_1" value_param="(double, 16, 160, 1)" file="/opt/pytorch/nvfuser/tests/cpp/test_gpu1.cpp" line="5457" status="run" result="completed" time="0.085" timestamp="2025-05-20T08:06:34.592" classname="ReductionWithIterDim" />
    <testcase name="Test/dtype_double_rsize_32_isize_160_raxis_0" value_param="(double, 32, 160, 0)" file="/opt/pytorch/nvfuser/tests/cpp/test_gpu1.cpp" line="5457" status="run" result="completed" time="0.118" timestamp="2025-05-20T08:06:34.677" classname="ReductionWithIterDim" />
    <testcase name="Test/dtype_double_rsize_32_isize_320_raxis_1" value_param="(double, 32, 320, 1)" file="/opt/pytorch/nvfuser/tests/cpp/test_gpu1.cpp" line="5457" status="run" result="completed" time="0.06" timestamp="2025-05-20T08:06:34.796" classname="ReductionWithIterDim" />
    <testcase name="Test/dtype_double_rsize_64_isize_320_raxis_0" value_param="(double, 64, 320, 0)" file="/opt/pytorch/nvfuser/tests/cpp/test_gpu1.cpp" line="5457" status="run" result="completed" time="0.141" timestamp="2025-05-20T08:06:34.857" classname="ReductionWithIterDim" />
    <testcase name="Test/dtype_double_rsize_128_isize_160_raxis_1" value_param="(double, 128, 160, 1)" file="/opt/pytorch/nvfuser/tests/cpp/test_gpu1.cpp" line="5457" status="run" result="completed" time="0.099" timestamp="2025-05-20T08:06:34.998" classname="ReductionWithIterDim" />
    <testcase name="Test/dtype_double_rsize_256_isize_160_raxis_0" value_param="(double, 256, 160, 0)" file="/opt/pytorch/nvfuser/tests/cpp/test_gpu1.cpp" line="5457" status="run" result="completed" time="0.119" timestamp="2025-05-20T08:06:35.097" classname="ReductionWithIterDim" />
    <testcase name="Test/dtype_double_rsize_256_isize_320_raxis_1" value_param="(double, 256, 320, 1)" file="/opt/pytorch/nvfuser/tests/cpp/test_gpu1.cpp" line="5457" status="run" result="completed" time="0.121" timestamp="2025-05-20T08:06:35.217" classname="ReductionWithIterDim" />
    <testcase name="Test/dtype_double_rsize_512_isize_320_raxis_0" value_param="(double, 512, 320, 0)" file="/opt/pytorch/nvfuser/tests/cpp/test_gpu1.cpp" line="5457" status="run" result="completed" time="0.14" timestamp="2025-05-20T08:06:35.338" classname="ReductionWithIterDim" />
    <testcase name="Test/dtype_double_rsize_1024_isize_160_raxis_1" value_param="(double, 1024, 160, 1)" file="/opt/pytorch/nvfuser/tests/cpp/test_gpu1.cpp" line="5457" status="run" result="completed" time="0.101" timestamp="2025-05-20T08:06:35.478" classname="ReductionWithIterDim" />
    <testcase name="Test/dtype_double_rsize_2048_isize_160_raxis_0" value_param="(double, 2048, 160, 0)" file="/opt/pytorch/nvfuser/tests/cpp/test_gpu1.cpp" line="5457" status="run" result="completed" time="0.266" timestamp="2025-05-20T08:06:35.580" classname="ReductionWithIterDim" />
    <testcase name="Test/dtype_double_rsize_2048_isize_320_raxis_1" value_param="(double, 2048, 320, 1)" file="/opt/pytorch/nvfuser/tests/cpp/test_gpu1.cpp" line="5457" status="run" result="completed" time="0.096" timestamp="2025-05-20T08:06:35.846" classname="ReductionWithIterDim" />
    <testcase name="Test/dtype_double_rsize_4096_isize_320_raxis_0" value_param="(double, 4096, 320, 0)" file="/opt/pytorch/nvfuser/tests/cpp/test_gpu1.cpp" line="5457" status="run" result="completed" time="0.274" timestamp="2025-05-20T08:06:35.942" classname="ReductionWithIterDim" />
    <testcase name="Test/dtype_double_rsize_8192_isize_160_raxis_1" value_param="(double, 8192, 160, 1)" file="/opt/pytorch/nvfuser/tests/cpp/test_gpu1.cpp" line="5457" status="run" result="completed" time="0.1" timestamp="2025-05-20T08:06:36.217" classname="ReductionWithIterDim" />
    <testcase name="Test/dtype_double_rsize_16384_isize_160_raxis_0" value_param="(double, 16384, 160, 0)" file="/opt/pytorch/nvfuser/tests/cpp/test_gpu1.cpp" line="5457" status="run" result="completed" time="0.269" timestamp="2025-05-20T08:06:36.318" classname="ReductionWithIterDim" />
    <testcase name="Test/dtype_double_rsize_16384_isize_320_raxis_1" value_param="(double, 16384, 320, 1)" file="/opt/pytorch/nvfuser/tests/cpp/test_gpu1.cpp" line="5457" status="run" result="completed" time="0.065" timestamp="2025-05-20T08:06:36.587" classname="ReductionWithIterDim" />
    <testcase name="Test/dtype_double_rsize_32768_isize_320_raxis_0" value_param="(double, 32768, 320, 0)" file="/opt/pytorch/nvfuser/tests/cpp/test_gpu1.cpp" line="5457" status="run" result="completed" time="0.138" timestamp="2025-05-20T08:06:36.652" classname="ReductionWithIterDim" />
    <testcase name="Test/dtype_double_rsize_65536_isize_160_raxis_1" value_param="(double, 65536, 160, 1)" file="/opt/pytorch/nvfuser/tests/cpp/test_gpu1.cpp" line="5457" status="run" result="completed" time="0.096" timestamp="2025-05-20T08:06:36.791" classname="ReductionWithIterDim" />
    <testcase name="Test/dtype_double_rsize_131072_isize_160_raxis_0" value_param="(double, 131072, 160, 0)" file="/opt/pytorch/nvfuser/tests/cpp/test_gpu1.cpp" line="5457" status="run" result="completed" time="0.225" timestamp="2025-05-20T08:06:36.887" classname="ReductionWithIterDim" />
    <testcase name="Test/dtype_double_rsize_131072_isize_320_raxis_1" value_param="(double, 131072, 320, 1)" file="/opt/pytorch/nvfuser/tests/cpp/test_gpu1.cpp" line="5457" status="run" result="completed" time="0.161" timestamp="2025-05-20T08:06:37.113" classname="ReductionWithIterDim" />
    <testcase name="Test/dtype_double_rsize_262144_isize_320_raxis_0" value_param="(double, 262144, 320, 0)" file="/opt/pytorch/nvfuser/tests/cpp/test_gpu1.cpp" line="5457" status="run" result="completed" time="0.316" timestamp="2025-05-20T08:06:37.275" classname="ReductionWithIterDim" />
    <testcase name="Test/dtype_double_rsize_524288_isize_160_raxis_1" value_param="(double, 524288, 160, 1)" file="/opt/pytorch/nvfuser/tests/cpp/test_gpu1.cpp" line="5457" status="run" result="completed" time="0.119" timestamp="2025-05-20T08:06:37.591" classname="ReductionWithIterDim" />
    <testcase name="Test/dtype_double_rsize_1048576_isize_160_raxis_0" value_param="(double, 1048576, 160, 0)" file="/opt/pytorch/nvfuser/tests/cpp/test_gpu1.cpp" line="5457" status="run" result="completed" time="0.311" timestamp="2025-05-20T08:06:37.711" classname="ReductionWithIterDim" />
    <testcase name="Test/dtype_double_rsize_1048576_isize_320_raxis_1" value_param="(double, 1048576, 320, 1)" file="/opt/pytorch/nvfuser/tests/cpp/test_gpu1.cpp" line="5457" status="run" result="completed" time="0.184" timestamp="2025-05-20T08:06:38.023" classname="ReductionWithIterDim" />
    <testcase name="Test/dtype_float_rsize_1_isize_320_raxis_0" value_param="(float, 1, 320, 0)" file="/opt/pytorch/nvfuser/tests/cpp/test_gpu1.cpp" line="5457" status="run" result="completed" time="0.089" timestamp="2025-05-20T08:06:38.207" classname="ReductionWithIterDim" />
    <testcase name="Test/dtype_float_rsize_2_isize_160_raxis_1" value_param="(float, 2, 160, 1)" file="/opt/pytorch/nvfuser/tests/cpp/test_gpu1.cpp" line="5457" status="run" result="completed" time="0.096" timestamp="2025-05-20T08:06:38.297" classname="ReductionWithIterDim" />
    <testcase name="Test/dtype_float_rsize_4_isize_160_raxis_0" value_param="(float, 4, 160, 0)" file="/opt/pytorch/nvfuser/tests/cpp/test_gpu1.cpp" line="5457" status="run" result="completed" time="0.086" timestamp="2025-05-20T08:06:38.393" classname="ReductionWithIterDim" />
    <testcase name="Test/dtype_float_rsize_4_isize_320_raxis_1" value_param="(float, 4, 320, 1)" file="/opt/pytorch/nvfuser/tests/cpp/test_gpu1.cpp" line="5457" status="run" result="completed" time="0.11" timestamp="2025-05-20T08:06:38.479" classname="ReductionWithIterDim" />
    <testcase name="Test/dtype_float_rsize_8_isize_320_raxis_0" value_param="(float, 8, 320, 0)" file="/opt/pytorch/nvfuser/tests/cpp/test_gpu1.cpp" line="5457" status="run" result="completed" time="0.11" timestamp="2025-05-20T08:06:38.589" classname="ReductionWithIterDim" />
    <testcase name="Test/dtype_float_rsize_16_isize_160_raxis_1" value_param="(float, 16, 160, 1)" file="/opt/pytorch/nvfuser/tests/cpp/test_gpu1.cpp" line="5457" status="run" result="completed" time="0.065" timestamp="2025-05-20T08:06:38.700" classname="ReductionWithIterDim" />
    <testcase name="Test/dtype_float_rsize_32_isize_160_raxis_0" value_param="(float, 32, 160, 0)" file="/opt/pytorch/nvfuser/tests/cpp/test_gpu1.cpp" line="5457" status="run" result="completed" time="0.132" timestamp="2025-05-20T08:06:38.765" classname="ReductionWithIterDim" />
    <testcase name="Test/dtype_float_rsize_32_isize_320_raxis_1" value_param="(float, 32, 320, 1)" file="/opt/pytorch/nvfuser/tests/cpp/test_gpu1.cpp" line="5457" status="run" result="completed" time="0.063" timestamp="2025-05-20T08:06:38.898" classname="ReductionWithIterDim" />
    <testcase name="Test/dtype_float_rsize_64_isize_320_raxis_0" value_param="(float, 64, 320, 0)" file="/opt/pytorch/nvfuser/tests/cpp/test_gpu1.cpp" line="5457" status="run" result="completed" time="0.164" timestamp="2025-05-20T08:06:38.962" classname="ReductionWithIterDim" />
    <testcase name="Test/dtype_float_rsize_128_isize_160_raxis_1" value_param="(float, 128, 160, 1)" file="/opt/pytorch/nvfuser/tests/cpp/test_gpu1.cpp" line="5457" status="run" result="completed" time="0.094" timestamp="2025-05-20T08:06:39.127" classname="ReductionWithIterDim" />
    <testcase name="Test/dtype_float_rsize_256_isize_160_raxis_0" value_param="(float, 256, 160, 0)" file="/opt/pytorch/nvfuser/tests/cpp/test_gpu1.cpp" line="5457" status="run" result="completed" time="0.152" timestamp="2025-05-20T08:06:39.221" classname="ReductionWithIterDim" />
    <testcase name="Test/dtype_float_rsize_256_isize_320_raxis_1" value_param="(float, 256, 320, 1)" file="/opt/pytorch/nvfuser/tests/cpp/test_gpu1.cpp" line="5457" status="run" result="completed" time="0.114" timestamp="2025-05-20T08:06:39.374" classname="ReductionWithIterDim" />
    <testcase name="Test/dtype_float_rsize_512_isize_320_raxis_0" value_param="(float, 512, 320, 0)" file="/opt/pytorch/nvfuser/tests/cpp/test_gpu1.cpp" line="5457" status="run" result="completed" time="0.167" timestamp="2025-05-20T08:06:39.488" classname="ReductionWithIterDim" />
    <testcase name="Test/dtype_float_rsize_1024_isize_160_raxis_1" value_param="(float, 1024, 160, 1)" file="/opt/pytorch/nvfuser/tests/cpp/test_gpu1.cpp" line="5457" status="run" result="completed" time="0.143" timestamp="2025-05-20T08:06:39.656" classname="ReductionWithIterDim" />
    <testcase name="Test/dtype_float_rsize_2048_isize_160_raxis_0" value_param="(float, 2048, 160, 0)" file="/opt/pytorch/nvfuser/tests/cpp/test_gpu1.cpp" line="5457" status="run" result="completed" time="0.153" timestamp="2025-05-20T08:06:39.799" classname="ReductionWithIterDim" />
    <testcase name="Test/dtype_float_rsize_2048_isize_320_raxis_1" value_param="(float, 2048, 320, 1)" file="/opt/pytorch/nvfuser/tests/cpp/test_gpu1.cpp" line="5457" status="run" result="completed" time="0.155" timestamp="2025-05-20T08:06:39.953" classname="ReductionWithIterDim" />
    <testcase name="Test/dtype_float_rsize_4096_isize_320_raxis_0" value_param="(float, 4096, 320, 0)" file="/opt/pytorch/nvfuser/tests/cpp/test_gpu1.cpp" line="5457" status="run" result="completed" time="0.282" timestamp="2025-05-20T08:06:40.108" classname="ReductionWithIterDim" />
    <testcase name="Test/dtype_float_rsize_8192_isize_160_raxis_1" value_param="(float, 8192, 160, 1)" file="/opt/pytorch/nvfuser/tests/cpp/test_gpu1.cpp" line="5457" status="run" result="completed" time="0.097" timestamp="2025-05-20T08:06:40.391" classname="ReductionWithIterDim" />
    <testcase name="Test/dtype_float_rsize_16384_isize_160_raxis_0" value_param="(float, 16384, 160, 0)" file="/opt/pytorch/nvfuser/tests/cpp/test_gpu1.cpp" line="5457" status="run" result="completed" time="0.242" timestamp="2025-05-20T08:06:40.489" classname="ReductionWithIterDim" />
    <testcase name="Test/dtype_float_rsize_16384_isize_320_raxis_1" value_param="(float, 16384, 320, 1)" file="/opt/pytorch/nvfuser/tests/cpp/test_gpu1.cpp" line="5457" status="run" result="completed" time="0.062" timestamp="2025-05-20T08:06:40.732" classname="ReductionWithIterDim" />
    <testcase name="Test/dtype_float_rsize_32768_isize_320_raxis_0" value_param="(float, 32768, 320, 0)" file="/opt/pytorch/nvfuser/tests/cpp/test_gpu1.cpp" line="5457" status="run" result="completed" time="0.105" timestamp="2025-05-20T08:06:40.795" classname="ReductionWithIterDim" />
    <testcase name="Test/dtype_float_rsize_65536_isize_160_raxis_1" value_param="(float, 65536, 160, 1)" file="/opt/pytorch/nvfuser/tests/cpp/test_gpu1.cpp" line="5457" status="run" result="completed" time="0.062" timestamp="2025-05-20T08:06:40.901" classname="ReductionWithIterDim" />
    <testcase name="Test/dtype_float_rsize_131072_isize_160_raxis_0" value_param="(float, 131072, 160, 0)" file="/opt/pytorch/nvfuser/tests/cpp/test_gpu1.cpp" line="5457" status="run" result="completed" time="0.195" timestamp="2025-05-20T08:06:40.963" classname="ReductionWithIterDim" />
    <testcase name="Test/dtype_float_rsize_131072_isize_320_raxis_1" value_param="(float, 131072, 320, 1)" file="/opt/pytorch/nvfuser/tests/cpp/test_gpu1.cpp" line="5457" status="run" result="completed" time="0.102" timestamp="2025-05-20T08:06:41.159" classname="ReductionWithIterDim" />
    <testcase name="Test/dtype_float_rsize_262144_isize_320_raxis_0" value_param="(float, 262144, 320, 0)" file="/opt/pytorch/nvfuser/tests/cpp/test_gpu1.cpp" line="5457" status="run" result="completed" time="0.295" timestamp="2025-05-20T08:06:41.261" classname="ReductionWithIterDim" />
    <testcase name="Test/dtype_float_rsize_524288_isize_160_raxis_1" value_param="(float, 524288, 160, 1)" file="/opt/pytorch/nvfuser/tests/cpp/test_gpu1.cpp" line="5457" status="run" result="completed" time="0.09" timestamp="2025-05-20T08:06:41.557" classname="ReductionWithIterDim" />
    <testcase name="Test/dtype_float_rsize_1048576_isize_160_raxis_0" value_param="(float, 1048576, 160, 0)" file="/opt/pytorch/nvfuser/tests/cpp/test_gpu1.cpp" line="5457" status="run" result="completed" time="0.253" timestamp="2025-05-20T08:06:41.648" classname="ReductionWithIterDim" />
    <testcase name="Test/dtype_float_rsize_1048576_isize_320_raxis_1" value_param="(float, 1048576, 320, 1)" file="/opt/pytorch/nvfuser/tests/cpp/test_gpu1.cpp" line="5457" status="run" result="completed" time="0.145" timestamp="2025-05-20T08:06:41.902" classname="ReductionWithIterDim" />
    <testcase name="Test/dtype___half_rsize_1_isize_320_raxis_0" value_param="(__half, 1, 320, 0)" file="/opt/pytorch/nvfuser/tests/cpp/test_gpu1.cpp" line="5457" status="run" result="completed" time="0.094" timestamp="2025-05-20T08:06:42.048" classname="ReductionWithIterDim" />
    <testcase name="Test/dtype___half_rsize_2_isize_160_raxis_1" value_param="(__half, 2, 160, 1)" file="/opt/pytorch/nvfuser/tests/cpp/test_gpu1.cpp" line="5457" status="run" result="completed" time="0.086" timestamp="2025-05-20T08:06:42.142" classname="ReductionWithIterDim" />
    <testcase name="Test/dtype___half_rsize_4_isize_160_raxis_0" value_param="(__half, 4, 160, 0)" file="/opt/pytorch/nvfuser/tests/cpp/test_gpu1.cpp" line="5457" status="run" result="completed" time="0.097" timestamp="2025-05-20T08:06:42.229" classname="ReductionWithIterDim" />
    <testcase name="Test/dtype___half_rsize_4_isize_320_raxis_1" value_param="(__half, 4, 320, 1)" file="/opt/pytorch/nvfuser/tests/cpp/test_gpu1.cpp" line="5457" status="run" result="completed" time="0.089" timestamp="2025-05-20T08:06:42.326" classname="ReductionWithIterDim" />
    <testcase name="Test/dtype___half_rsize_8_isize_320_raxis_0" value_param="(__half, 8, 320, 0)" file="/opt/pytorch/nvfuser/tests/cpp/test_gpu1.cpp" line="5457" status="run" result="completed" time="0.122" timestamp="2025-05-20T08:06:42.416" classname="ReductionWithIterDim" />
    <testcase name="Test/dtype___half_rsize_16_isize_160_raxis_1" value_param="(__half, 16, 160, 1)" file="/opt/pytorch/nvfuser/tests/cpp/test_gpu1.cpp" line="5457" status="run" result="completed" time="0.06" timestamp="2025-05-20T08:06:42.538" classname="ReductionWithIterDim" />
    <testcase name="Test/dtype___half_rsize_32_isize_160_raxis_0" value_param="(__half, 32, 160, 0)" file="/opt/pytorch/nvfuser/tests/cpp/test_gpu1.cpp" line="5457" status="run" result="completed" time="0.148" timestamp="2025-05-20T08:06:42.599" classname="ReductionWithIterDim" />
    <testcase name="Test/dtype___half_rsize_32_isize_320_raxis_1" value_param="(__half, 32, 320, 1)" file="/opt/pytorch/nvfuser/tests/cpp/test_gpu1.cpp" line="5457" status="run" result="completed" time="0.086" timestamp="2025-05-20T08:06:42.747" classname="ReductionWithIterDim" />
    <testcase name="Test/dtype___half_rsize_64_isize_320_raxis_0" value_param="(__half, 64, 320, 0)" file="/opt/pytorch/nvfuser/tests/cpp/test_gpu1.cpp" line="5457" status="run" result="completed" time="0.257" timestamp="2025-05-20T08:06:42.833" classname="ReductionWithIterDim" />
    <testcase name="Test/dtype___half_rsize_128_isize_160_raxis_1" value_param="(__half, 128, 160, 1)" file="/opt/pytorch/nvfuser/tests/cpp/test_gpu1.cpp" line="5457" status="run" result="completed" time="0.094" timestamp="2025-05-20T08:06:43.091" classname="ReductionWithIterDim" />
    <testcase name="Test/dtype___half_rsize_256_isize_160_raxis_0" value_param="(__half, 256, 160, 0)" file="/opt/pytorch/nvfuser/tests/cpp/test_gpu1.cpp" line="5457" status="run" result="completed" time="0.296" timestamp="2025-05-20T08:06:43.185" classname="ReductionWithIterDim" />
    <testcase name="Test/dtype___half_rsize_256_isize_320_raxis_1" value_param="(__half, 256, 320, 1)" file="/opt/pytorch/nvfuser/tests/cpp/test_gpu1.cpp" line="5457" status="run" result="completed" time="0.106" timestamp="2025-05-20T08:06:43.481" classname="ReductionWithIterDim" />
    <testcase name="Test/dtype___half_rsize_512_isize_320_raxis_0" value_param="(__half, 512, 320, 0)" file="/opt/pytorch/nvfuser/tests/cpp/test_gpu1.cpp" line="5457" status="run" result="completed" time="0.26" timestamp="2025-05-20T08:06:43.588" classname="ReductionWithIterDim" />
    <testcase name="Test/dtype___half_rsize_1024_isize_160_raxis_1" value_param="(__half, 1024, 160, 1)" file="/opt/pytorch/nvfuser/tests/cpp/test_gpu1.cpp" line="5457" status="run" result="completed" time="0.123" timestamp="2025-05-20T08:06:43.848" classname="ReductionWithIterDim" />
    <testcase name="Test/dtype___half_rsize_2048_isize_160_raxis_0" value_param="(__half, 2048, 160, 0)" file="/opt/pytorch/nvfuser/tests/cpp/test_gpu1.cpp" line="5457" status="run" result="completed" time="0.078" timestamp="2025-05-20T08:06:43.972" classname="ReductionWithIterDim" />
    <testcase name="Test/dtype___half_rsize_2048_isize_320_raxis_1" value_param="(__half, 2048, 320, 1)" file="/opt/pytorch/nvfuser/tests/cpp/test_gpu1.cpp" line="5457" status="run" result="completed" time="0.168" timestamp="2025-05-20T08:06:44.050" classname="ReductionWithIterDim" />
    <testcase name="Test/dtype___half_rsize_4096_isize_320_raxis_0" value_param="(__half, 4096, 320, 0)" file="/opt/pytorch/nvfuser/tests/cpp/test_gpu1.cpp" line="5457" status="run" result="completed" time="0.342" timestamp="2025-05-20T08:06:44.219" classname="ReductionWithIterDim" />
    <testcase name="Test/dtype___half_rsize_8192_isize_160_raxis_1" value_param="(__half, 8192, 160, 1)" file="/opt/pytorch/nvfuser/tests/cpp/test_gpu1.cpp" line="5457" status="run" result="completed" time="0.171" timestamp="2025-05-20T08:06:44.561" classname="ReductionWithIterDim" />
    <testcase name="Test/dtype___half_rsize_16384_isize_160_raxis_0" value_param="(__half, 16384, 160, 0)" file="/opt/pytorch/nvfuser/tests/cpp/test_gpu1.cpp" line="5457" status="run" result="completed" time="0.443" timestamp="2025-05-20T08:06:44.732" classname="ReductionWithIterDim" />
    <testcase name="Test/dtype___half_rsize_16384_isize_320_raxis_1" value_param="(__half, 16384, 320, 1)" file="/opt/pytorch/nvfuser/tests/cpp/test_gpu1.cpp" line="5457" status="run" result="completed" time="0.133" timestamp="2025-05-20T08:06:45.176" classname="ReductionWithIterDim" />
    <testcase name="Test/dtype___half_rsize_32768_isize_320_raxis_0" value_param="(__half, 32768, 320, 0)" file="/opt/pytorch/nvfuser/tests/cpp/test_gpu1.cpp" line="5457" status="run" result="completed" time="0.372" timestamp="2025-05-20T08:06:45.309" classname="ReductionWithIterDim" />
    <testcase name="Test/dtype___half_rsize_65536_isize_160_raxis_1" value_param="(__half, 65536, 160, 1)" file="/opt/pytorch/nvfuser/tests/cpp/test_gpu1.cpp" line="5457" status="run" result="completed" time="0.064" timestamp="2025-05-20T08:06:45.682" classname="ReductionWithIterDim" />
    <testcase name="Test/dtype___half_rsize_131072_isize_160_raxis_0" value_param="(__half, 131072, 160, 0)" file="/opt/pytorch/nvfuser/tests/cpp/test_gpu1.cpp" line="5457" status="run" result="completed" time="0.352" timestamp="2025-05-20T08:06:45.746" classname="ReductionWithIterDim" />
    <testcase name="Test/dtype___half_rsize_131072_isize_320_raxis_1" value_param="(__half, 131072, 320, 1)" file="/opt/pytorch/nvfuser/tests/cpp/test_gpu1.cpp" line="5457" status="run" result="completed" time="0.113" timestamp="2025-05-20T08:06:46.099" classname="ReductionWithIterDim" />
    <testcase name="Test/dtype___half_rsize_262144_isize_320_raxis_0" value_param="(__half, 262144, 320, 0)" file="/opt/pytorch/nvfuser/tests/cpp/test_gpu1.cpp" line="5457" status="run" result="completed" time="0.387" timestamp="2025-05-20T08:06:46.212" classname="ReductionWithIterDim" />
    <testcase name="Test/dtype___half_rsize_524288_isize_160_raxis_1" value_param="(__half, 524288, 160, 1)" file="/opt/pytorch/nvfuser/tests/cpp/test_gpu1.cpp" line="5457" status="run" result="completed" time="0.088" timestamp="2025-05-20T08:06:46.600" classname="ReductionWithIterDim" />
    <testcase name="Test/dtype___half_rsize_1048576_isize_160_raxis_0" value_param="(__half, 1048576, 160, 0)" file="/opt/pytorch/nvfuser/tests/cpp/test_gpu1.cpp" line="5457" status="run" result="completed" time="0.389" timestamp="2025-05-20T08:06:46.689" classname="ReductionWithIterDim" />
    <testcase name="Test/dtype___half_rsize_1048576_isize_320_raxis_1" value_param="(__half, 1048576, 320, 1)" file="/opt/pytorch/nvfuser/tests/cpp/test_gpu1.cpp" line="5457" status="run" result="completed" time="0.179" timestamp="2025-05-20T08:06:47.078" classname="ReductionWithIterDim" />
    <testcase name="Test/dtype_std__complex_float__rsize_1_isize_320_raxis_0" value_param="(std::complex&lt;float&gt;, 1, 320, 0)" file="/opt/pytorch/nvfuser/tests/cpp/test_gpu1.cpp" line="5457" status="run" result="completed" time="0.09" timestamp="2025-05-20T08:06:47.257" classname="ReductionWithIterDim" />
    <testcase name="Test/dtype_std__complex_float__rsize_2_isize_160_raxis_1" value_param="(std::complex&lt;float&gt;, 2, 160, 1)" file="/opt/pytorch/nvfuser/tests/cpp/test_gpu1.cpp" line="5457" status="run" result="completed" time="0.088" timestamp="2025-05-20T08:06:47.348" classname="ReductionWithIterDim" />
    <testcase name="Test/dtype_std__complex_float__rsize_4_isize_160_raxis_0" value_param="(std::complex&lt;float&gt;, 4, 160, 0)" file="/opt/pytorch/nvfuser/tests/cpp/test_gpu1.cpp" line="5457" status="run" result="completed" time="0.089" timestamp="2025-05-20T08:06:47.436" classname="ReductionWithIterDim" />
    <testcase name="Test/dtype_std__complex_float__rsize_4_isize_320_raxis_1" value_param="(std::complex&lt;float&gt;, 4, 320, 1)" file="/opt/pytorch/nvfuser/tests/cpp/test_gpu1.cpp" line="5457" status="run" result="completed" time="0.094" timestamp="2025-05-20T08:06:47.526" classname="ReductionWithIterDim" />
    <testcase name="Test/dtype_std__complex_float__rsize_8_isize_320_raxis_0" value_param="(std::complex&lt;float&gt;, 8, 320, 0)" file="/opt/pytorch/nvfuser/tests/cpp/test_gpu1.cpp" line="5457" status="run" result="completed" time="0.118" timestamp="2025-05-20T08:06:47.620" classname="ReductionWithIterDim" />
    <testcase name="Test/dtype_std__complex_float__rsize_16_isize_160_raxis_1" value_param="(std::complex&lt;float&gt;, 16, 160, 1)" file="/opt/pytorch/nvfuser/tests/cpp/test_gpu1.cpp" line="5457" status="run" result="completed" time="0.063" timestamp="2025-05-20T08:06:47.738" classname="ReductionWithIterDim" />
    <testcase name="Test/dtype_std__complex_float__rsize_32_isize_160_raxis_0" value_param="(std::complex&lt;float&gt;, 32, 160, 0)" file="/opt/pytorch/nvfuser/tests/cpp/test_gpu1.cpp" line="5457" status="run" result="completed" time="0.131" timestamp="2025-05-20T08:06:47.802" classname="ReductionWithIterDim" />
    <testcase name="Test/dtype_std__complex_float__rsize_32_isize_320_raxis_1" value_param="(std::complex&lt;float&gt;, 32, 320, 1)" file="/opt/pytorch/nvfuser/tests/cpp/test_gpu1.cpp" line="5457" status="run" result="completed" time="0.077" timestamp="2025-05-20T08:06:47.933" classname="ReductionWithIterDim" />
    <testcase name="Test/dtype_std__complex_float__rsize_64_isize_320_raxis_0" value_param="(std::complex&lt;float&gt;, 64, 320, 0)" file="/opt/pytorch/nvfuser/tests/cpp/test_gpu1.cpp" line="5457" status="run" result="completed" time="0.153" timestamp="2025-05-20T08:06:48.011" classname="ReductionWithIterDim" />
    <testcase name="Test/dtype_std__complex_float__rsize_128_isize_160_raxis_1" value_param="(std::complex&lt;float&gt;, 128, 160, 1)" file="/opt/pytorch/nvfuser/tests/cpp/test_gpu1.cpp" line="5457" status="run" result="completed" time="0.093" timestamp="2025-05-20T08:06:48.165" classname="ReductionWithIterDim" />
    <testcase name="Test/dtype_std__complex_float__rsize_256_isize_160_raxis_0" value_param="(std::complex&lt;float&gt;, 256, 160, 0)" file="/opt/pytorch/nvfuser/tests/cpp/test_gpu1.cpp" line="5457" status="run" result="completed" time="0.132" timestamp="2025-05-20T08:06:48.258" classname="ReductionWithIterDim" />
    <testcase name="Test/dtype_std__complex_float__rsize_256_isize_320_raxis_1" value_param="(std::complex&lt;float&gt;, 256, 320, 1)" file="/opt/pytorch/nvfuser/tests/cpp/test_gpu1.cpp" line="5457" status="run" result="completed" time="0.099" timestamp="2025-05-20T08:06:48.391" classname="ReductionWithIterDim" />
    <testcase name="Test/dtype_std__complex_float__rsize_512_isize_320_raxis_0" value_param="(std::complex&lt;float&gt;, 512, 320, 0)" file="/opt/pytorch/nvfuser/tests/cpp/test_gpu1.cpp" line="5457" status="run" result="completed" time="0.201" timestamp="2025-05-20T08:06:48.490" classname="ReductionWithIterDim" />
    <testcase name="Test/dtype_std__complex_float__rsize_1024_isize_160_raxis_1" value_param="(std::complex&lt;float&gt;, 1024, 160, 1)" file="/opt/pytorch/nvfuser/tests/cpp/test_gpu1.cpp" line="5457" status="run" result="completed" time="0.12" timestamp="2025-05-20T08:06:48.691" classname="ReductionWithIterDim" />
    <testcase name="Test/dtype_std__complex_float__rsize_2048_isize_160_raxis_0" value_param="(std::complex&lt;float&gt;, 2048, 160, 0)" file="/opt/pytorch/nvfuser/tests/cpp/test_gpu1.cpp" line="5457" status="run" result="completed" time="0.293" timestamp="2025-05-20T08:06:48.811" classname="ReductionWithIterDim" />
    <testcase name="Test/dtype_std__complex_float__rsize_2048_isize_320_raxis_1" value_param="(std::complex&lt;float&gt;, 2048, 320, 1)" file="/opt/pytorch/nvfuser/tests/cpp/test_gpu1.cpp" line="5457" status="run" result="completed" time="0.13" timestamp="2025-05-20T08:06:49.105" classname="ReductionWithIterDim" />
    <testcase name="Test/dtype_std__complex_float__rsize_4096_isize_320_raxis_0" value_param="(std::complex&lt;float&gt;, 4096, 320, 0)" file="/opt/pytorch/nvfuser/tests/cpp/test_gpu1.cpp" line="5457" status="run" result="completed" time="0.276" timestamp="2025-05-20T08:06:49.236" classname="ReductionWithIterDim" />
    <testcase name="Test/dtype_std__complex_float__rsize_8192_isize_160_raxis_1" value_param="(std::complex&lt;float&gt;, 8192, 160, 1)" file="/opt/pytorch/nvfuser/tests/cpp/test_gpu1.cpp" line="5457" status="run" result="completed" time="0.129" timestamp="2025-05-20T08:06:49.512" classname="ReductionWithIterDim" />
    <testcase name="Test/dtype_std__complex_float__rsize_16384_isize_160_raxis_0" value_param="(std::complex&lt;float&gt;, 16384, 160, 0)" file="/opt/pytorch/nvfuser/tests/cpp/test_gpu1.cpp" line="5457" status="run" result="completed" time="0.147" timestamp="2025-05-20T08:06:49.642" classname="ReductionWithIterDim" />
    <testcase name="Test/dtype_std__complex_float__rsize_16384_isize_320_raxis_1" value_param="(std::complex&lt;float&gt;, 16384, 320, 1)" file="/opt/pytorch/nvfuser/tests/cpp/test_gpu1.cpp" line="5457" status="run" result="completed" time="0.068" timestamp="2025-05-20T08:06:49.789" classname="ReductionWithIterDim" />
    <testcase name="Test/dtype_std__complex_float__rsize_32768_isize_320_raxis_0" value_param="(std::complex&lt;float&gt;, 32768, 320, 0)" file="/opt/pytorch/nvfuser/tests/cpp/test_gpu1.cpp" line="5457" status="run" result="completed" time="0.121" timestamp="2025-05-20T08:06:49.857" classname="ReductionWithIterDim" />
    <testcase name="Test/dtype_std__complex_float__rsize_65536_isize_160_raxis_1" value_param="(std::complex&lt;float&gt;, 65536, 160, 1)" file="/opt/pytorch/nvfuser/tests/cpp/test_gpu1.cpp" line="5457" status="run" result="completed" time="0.124" timestamp="2025-05-20T08:06:49.979" classname="ReductionWithIterDim" />
    <testcase name="Test/dtype_std__complex_float__rsize_131072_isize_160_raxis_0" value_param="(std::complex&lt;float&gt;, 131072, 160, 0)" file="/opt/pytorch/nvfuser/tests/cpp/test_gpu1.cpp" line="5457" status="run" result="completed" time="0.177" timestamp="2025-05-20T08:06:50.104" classname="ReductionWithIterDim" />
    <testcase name="Test/dtype_std__complex_float__rsize_131072_isize_320_raxis_1" value_param="(std::complex&lt;float&gt;, 131072, 320, 1)" file="/opt/pytorch/nvfuser/tests/cpp/test_gpu1.cpp" line="5457" status="run" result="completed" time="0.077" timestamp="2025-05-20T08:06:50.281" classname="ReductionWithIterDim" />
    <testcase name="Test/dtype_std__complex_float__rsize_262144_isize_320_raxis_0" value_param="(std::complex&lt;float&gt;, 262144, 320, 0)" file="/opt/pytorch/nvfuser/tests/cpp/test_gpu1.cpp" line="5457" status="run" result="completed" time="0.258" timestamp="2025-05-20T08:06:50.358" classname="ReductionWithIterDim" />
    <testcase name="Test/dtype_std__complex_float__rsize_524288_isize_160_raxis_1" value_param="(std::complex&lt;float&gt;, 524288, 160, 1)" file="/opt/pytorch/nvfuser/tests/cpp/test_gpu1.cpp" line="5457" status="run" result="completed" time="0.095" timestamp="2025-05-20T08:06:50.617" classname="ReductionWithIterDim" />
    <testcase name="Test/dtype_std__complex_float__rsize_1048576_isize_160_raxis_0" value_param="(std::complex&lt;float&gt;, 1048576, 160, 0)" file="/opt/pytorch/nvfuser/tests/cpp/test_gpu1.cpp" line="5457" status="run" result="completed" time="0.148" timestamp="2025-05-20T08:06:50.712" classname="ReductionWithIterDim" />
    <testcase name="Test/dtype_std__complex_float__rsize_1048576_isize_320_raxis_1" value_param="(std::complex&lt;float&gt;, 1048576, 320, 1)" file="/opt/pytorch/nvfuser/tests/cpp/test_gpu1.cpp" line="5457" status="run" result="completed" time="0.166" timestamp="2025-05-20T08:06:50.861" classname="ReductionWithIterDim" />
    <testcase name="Test/dtype_std__complex_double__rsize_1_isize_320_raxis_0" value_param="(std::complex&lt;double&gt;, 1, 320, 0)" file="/opt/pytorch/nvfuser/tests/cpp/test_gpu1.cpp" line="5457" status="run" result="completed" time="0.07" timestamp="2025-05-20T08:06:51.028" classname="ReductionWithIterDim" />
    <testcase name="Test/dtype_std__complex_double__rsize_2_isize_160_raxis_1" value_param="(std::complex&lt;double&gt;, 2, 160, 1)" file="/opt/pytorch/nvfuser/tests/cpp/test_gpu1.cpp" line="5457" status="run" result="completed" time="0.092" timestamp="2025-05-20T08:06:51.099" classname="ReductionWithIterDim" />
    <testcase name="Test/dtype_std__complex_double__rsize_4_isize_160_raxis_0" value_param="(std::complex&lt;double&gt;, 4, 160, 0)" file="/opt/pytorch/nvfuser/tests/cpp/test_gpu1.cpp" line="5457" status="run" result="completed" time="0.089" timestamp="2025-05-20T08:06:51.191" classname="ReductionWithIterDim" />
    <testcase name="Test/dtype_std__complex_double__rsize_4_isize_320_raxis_1" value_param="(std::complex&lt;double&gt;, 4, 320, 1)" file="/opt/pytorch/nvfuser/tests/cpp/test_gpu1.cpp" line="5457" status="run" result="completed" time="0.086" timestamp="2025-05-20T08:06:51.280" classname="ReductionWithIterDim" />
    <testcase name="Test/dtype_std__complex_double__rsize_8_isize_320_raxis_0" value_param="(std::complex&lt;double&gt;, 8, 320, 0)" file="/opt/pytorch/nvfuser/tests/cpp/test_gpu1.cpp" line="5457" status="run" result="completed" time="0.095" timestamp="2025-05-20T08:06:51.367" classname="ReductionWithIterDim" />
    <testcase name="Test/dtype_std__complex_double__rsize_16_isize_160_raxis_1" value_param="(std::complex&lt;double&gt;, 16, 160, 1)" file="/opt/pytorch/nvfuser/tests/cpp/test_gpu1.cpp" line="5457" status="run" result="completed" time="0.069" timestamp="2025-05-20T08:06:51.463" classname="ReductionWithIterDim" />
    <testcase name="Test/dtype_std__complex_double__rsize_32_isize_160_raxis_0" value_param="(std::complex&lt;double&gt;, 32, 160, 0)" file="/opt/pytorch/nvfuser/tests/cpp/test_gpu1.cpp" line="5457" status="run" result="completed" time="0.114" timestamp="2025-05-20T08:06:51.533" classname="ReductionWithIterDim" />
    <testcase name="Test/dtype_std__complex_double__rsize_32_isize_320_raxis_1" value_param="(std::complex&lt;double&gt;, 32, 320, 1)" file="/opt/pytorch/nvfuser/tests/cpp/test_gpu1.cpp" line="5457" status="run" result="completed" time="0.06" timestamp="2025-05-20T08:06:51.647" classname="ReductionWithIterDim" />
    <testcase name="Test/dtype_std__complex_double__rsize_64_isize_320_raxis_0" value_param="(std::complex&lt;double&gt;, 64, 320, 0)" file="/opt/pytorch/nvfuser/tests/cpp/test_gpu1.cpp" line="5457" status="run" result="completed" time="0.067" timestamp="2025-05-20T08:06:51.708" classname="ReductionWithIterDim" />
    <testcase name="Test/dtype_std__complex_double__rsize_128_isize_160_raxis_1" value_param="(std::complex&lt;double&gt;, 128, 160, 1)" file="/opt/pytorch/nvfuser/tests/cpp/test_gpu1.cpp" line="5457" status="run" result="completed" time="0.057" timestamp="2025-05-20T08:06:51.776" classname="ReductionWithIterDim" />
    <testcase name="Test/dtype_std__complex_double__rsize_256_isize_160_raxis_0" value_param="(std::complex&lt;double&gt;, 256, 160, 0)" file="/opt/pytorch/nvfuser/tests/cpp/test_gpu1.cpp" line="5457" status="run" result="completed" time="0.067" timestamp="2025-05-20T08:06:51.834" classname="ReductionWithIterDim" />
    <testcase name="Test/dtype_std__complex_double__rsize_256_isize_320_raxis_1" value_param="(std::complex&lt;double&gt;, 256, 320, 1)" file="/opt/pytorch/nvfuser/tests/cpp/test_gpu1.cpp" line="5457" status="run" result="completed" time="0.112" timestamp="2025-05-20T08:06:51.901" classname="ReductionWithIterDim" />
    <testcase name="Test/dtype_std__complex_double__rsize_512_isize_320_raxis_0" value_param="(std::complex&lt;double&gt;, 512, 320, 0)" file="/opt/pytorch/nvfuser/tests/cpp/test_gpu1.cpp" line="5457" status="run" result="completed" time="0.126" timestamp="2025-05-20T08:06:52.013" classname="ReductionWithIterDim" />
    <testcase name="Test/dtype_std__complex_double__rsize_1024_isize_160_raxis_1" value_param="(std::complex&lt;double&gt;, 1024, 160, 1)" file="/opt/pytorch/nvfuser/tests/cpp/test_gpu1.cpp" line="5457" status="run" result="completed" time="0.106" timestamp="2025-05-20T08:06:52.140" classname="ReductionWithIterDim" />
    <testcase name="Test/dtype_std__complex_double__rsize_2048_isize_160_raxis_0" value_param="(std::complex&lt;double&gt;, 2048, 160, 0)" file="/opt/pytorch/nvfuser/tests/cpp/test_gpu1.cpp" line="5457" status="run" result="completed" time="0.152" timestamp="2025-05-20T08:06:52.246" classname="ReductionWithIterDim" />
    <testcase name="Test/dtype_std__complex_double__rsize_2048_isize_320_raxis_1" value_param="(std::complex&lt;double&gt;, 2048, 320, 1)" file="/opt/pytorch/nvfuser/tests/cpp/test_gpu1.cpp" line="5457" status="run" result="completed" time="0.061" timestamp="2025-05-20T08:06:52.399" classname="ReductionWithIterDim" />
    <testcase name="Test/dtype_std__complex_double__rsize_4096_isize_320_raxis_0" value_param="(std::complex&lt;double&gt;, 4096, 320, 0)" file="/opt/pytorch/nvfuser/tests/cpp/test_gpu1.cpp" line="5457" status="run" result="completed" time="0.154" timestamp="2025-05-20T08:06:52.461" classname="ReductionWithIterDim" />
    <testcase name="Test/dtype_std__complex_double__rsize_8192_isize_160_raxis_1" value_param="(std::complex&lt;double&gt;, 8192, 160, 1)" file="/opt/pytorch/nvfuser/tests/cpp/test_gpu1.cpp" line="5457" status="run" result="completed" time="0.075" timestamp="2025-05-20T08:06:52.616" classname="ReductionWithIterDim" />
    <testcase name="Test/dtype_std__complex_double__rsize_16384_isize_160_raxis_0" value_param="(std::complex&lt;double&gt;, 16384, 160, 0)" file="/opt/pytorch/nvfuser/tests/cpp/test_gpu1.cpp" line="5457" status="run" result="completed" time="0.087" timestamp="2025-05-20T08:06:52.691" classname="ReductionWithIterDim" />
    <testcase name="Test/dtype_std__complex_double__rsize_16384_isize_320_raxis_1" value_param="(std::complex&lt;double&gt;, 16384, 320, 1)" file="/opt/pytorch/nvfuser/tests/cpp/test_gpu1.cpp" line="5457" status="run" result="completed" time="0.11" timestamp="2025-05-20T08:06:52.778" classname="ReductionWithIterDim" />
    <testcase name="Test/dtype_std__complex_double__rsize_32768_isize_320_raxis_0" value_param="(std::complex&lt;double&gt;, 32768, 320, 0)" file="/opt/pytorch/nvfuser/tests/cpp/test_gpu1.cpp" line="5457" status="run" result="completed" time="0.124" timestamp="2025-05-20T08:06:52.889" classname="ReductionWithIterDim" />
    <testcase name="Test/dtype_std__complex_double__rsize_65536_isize_160_raxis_1" value_param="(std::complex&lt;double&gt;, 65536, 160, 1)" file="/opt/pytorch/nvfuser/tests/cpp/test_gpu1.cpp" line="5457" status="run" result="completed" time="0.116" timestamp="2025-05-20T08:06:53.014" classname="ReductionWithIterDim" />
    <testcase name="Test/dtype_std__complex_double__rsize_131072_isize_160_raxis_0" value_param="(std::complex&lt;double&gt;, 131072, 160, 0)" file="/opt/pytorch/nvfuser/tests/cpp/test_gpu1.cpp" line="5457" status="run" result="completed" time="0.194" timestamp="2025-05-20T08:06:53.130" classname="ReductionWithIterDim" />
    <testcase name="Test/dtype_std__complex_double__rsize_131072_isize_320_raxis_1" value_param="(std::complex&lt;double&gt;, 131072, 320, 1)" file="/opt/pytorch/nvfuser/tests/cpp/test_gpu1.cpp" line="5457" status="run" result="completed" time="0.075" timestamp="2025-05-20T08:06:53.325" classname="ReductionWithIterDim" />
    <testcase name="Test/dtype_std__complex_double__rsize_262144_isize_320_raxis_0" value_param="(std::complex&lt;double&gt;, 262144, 320, 0)" file="/opt/pytorch/nvfuser/tests/cpp/test_gpu1.cpp" line="5457" status="run" result="completed" time="0.232" timestamp="2025-05-20T08:06:53.400" classname="ReductionWithIterDim" />
    <testcase name="Test/dtype_std__complex_double__rsize_524288_isize_160_raxis_1" value_param="(std::complex&lt;double&gt;, 524288, 160, 1)" file="/opt/pytorch/nvfuser/tests/cpp/test_gpu1.cpp" line="5457" status="run" result="completed" time="0.133" timestamp="2025-05-20T08:06:53.633" classname="ReductionWithIterDim" />
    <testcase name="Test/dtype_std__complex_double__rsize_1048576_isize_160_raxis_0" value_param="(std::complex&lt;double&gt;, 1048576, 160, 0)" file="/opt/pytorch/nvfuser/tests/cpp/test_gpu1.cpp" line="5457" status="run" result="completed" time="0.188" timestamp="2025-05-20T08:06:53.766" classname="ReductionWithIterDim" />
    <testcase name="Test/dtype_std__complex_double__rsize_1048576_isize_320_raxis_1" value_param="(std::complex&lt;double&gt;, 1048576, 320, 1)" file="/opt/pytorch/nvfuser/tests/cpp/test_gpu1.cpp" line="5457" status="run" result="completed" time="0.201" timestamp="2025-05-20T08:06:53.954" classname="ReductionWithIterDim" />
    <testcase name="Test/dtype___bfloat_rsize_1_isize_320_raxis_0" value_param="(__bfloat, 1, 320, 0)" file="/opt/pytorch/nvfuser/tests/cpp/test_gpu1.cpp" line="5457" status="run" result="completed" time="0.096" timestamp="2025-05-20T08:06:54.156" classname="ReductionWithIterDim" />
    <testcase name="Test/dtype___bfloat_rsize_2_isize_160_raxis_1" value_param="(__bfloat, 2, 160, 1)" file="/opt/pytorch/nvfuser/tests/cpp/test_gpu1.cpp" line="5457" status="run" result="completed" time="0.086" timestamp="2025-05-20T08:06:54.253" classname="ReductionWithIterDim" />
    <testcase name="Test/dtype___bfloat_rsize_4_isize_160_raxis_0" value_param="(__bfloat, 4, 160, 0)" file="/opt/pytorch/nvfuser/tests/cpp/test_gpu1.cpp" line="5457" status="run" result="completed" time="0.094" timestamp="2025-05-20T08:06:54.339" classname="ReductionWithIterDim" />
    <testcase name="Test/dtype___bfloat_rsize_4_isize_320_raxis_1" value_param="(__bfloat, 4, 320, 1)" file="/opt/pytorch/nvfuser/tests/cpp/test_gpu1.cpp" line="5457" status="run" result="completed" time="0.1" timestamp="2025-05-20T08:06:54.433" classname="ReductionWithIterDim" />
    <testcase name="Test/dtype___bfloat_rsize_8_isize_320_raxis_0" value_param="(__bfloat, 8, 320, 0)" file="/opt/pytorch/nvfuser/tests/cpp/test_gpu1.cpp" line="5457" status="run" result="completed" time="0.122" timestamp="2025-05-20T08:06:54.534" classname="ReductionWithIterDim" />
    <testcase name="Test/dtype___bfloat_rsize_16_isize_160_raxis_1" value_param="(__bfloat, 16, 160, 1)" file="/opt/pytorch/nvfuser/tests/cpp/test_gpu1.cpp" line="5457" status="run" result="completed" time="0.066" timestamp="2025-05-20T08:06:54.657" classname="ReductionWithIterDim" />
    <testcase name="Test/dtype___bfloat_rsize_32_isize_160_raxis_0" value_param="(__bfloat, 32, 160, 0)" file="/opt/pytorch/nvfuser/tests/cpp/test_gpu1.cpp" line="5457" status="run" result="completed" time="0.147" timestamp="2025-05-20T08:06:54.724" classname="ReductionWithIterDim" />
    <testcase name="Test/dtype___bfloat_rsize_32_isize_320_raxis_1" value_param="(__bfloat, 32, 320, 1)" file="/opt/pytorch/nvfuser/tests/cpp/test_gpu1.cpp" line="5457" status="run" result="completed" time="0.088" timestamp="2025-05-20T08:06:54.871" classname="ReductionWithIterDim" />
    <testcase name="Test/dtype___bfloat_rsize_64_isize_320_raxis_0" value_param="(__bfloat, 64, 320, 0)" file="/opt/pytorch/nvfuser/tests/cpp/test_gpu1.cpp" line="5457" status="run" result="completed" time="0.256" timestamp="2025-05-20T08:06:54.960" classname="ReductionWithIterDim" />
    <testcase name="Test/dtype___bfloat_rsize_128_isize_160_raxis_1" value_param="(__bfloat, 128, 160, 1)" file="/opt/pytorch/nvfuser/tests/cpp/test_gpu1.cpp" line="5457" status="run" result="completed" time="0.084" timestamp="2025-05-20T08:06:55.217" classname="ReductionWithIterDim" />
    <testcase name="Test/dtype___bfloat_rsize_256_isize_160_raxis_0" value_param="(__bfloat, 256, 160, 0)" file="/opt/pytorch/nvfuser/tests/cpp/test_gpu1.cpp" line="5457" status="run" result="completed" time="0.294" timestamp="2025-05-20T08:06:55.301" classname="ReductionWithIterDim" />
    <testcase name="Test/dtype___bfloat_rsize_256_isize_320_raxis_1" value_param="(__bfloat, 256, 320, 1)" file="/opt/pytorch/nvfuser/tests/cpp/test_gpu1.cpp" line="5457" status="run" result="completed" time="0.099" timestamp="2025-05-20T08:06:55.596" classname="ReductionWithIterDim" />
    <testcase name="Test/dtype___bfloat_rsize_512_isize_320_raxis_0" value_param="(__bfloat, 512, 320, 0)" file="/opt/pytorch/nvfuser/tests/cpp/test_gpu1.cpp" line="5457" status="run" result="completed" time="0.257" timestamp="2025-05-20T08:06:55.696" classname="ReductionWithIterDim" />
    <testcase name="Test/dtype___bfloat_rsize_1024_isize_160_raxis_1" value_param="(__bfloat, 1024, 160, 1)" file="/opt/pytorch/nvfuser/tests/cpp/test_gpu1.cpp" line="5457" status="run" result="completed" time="0.107" timestamp="2025-05-20T08:06:55.954" classname="ReductionWithIterDim" />
    <testcase name="Test/dtype___bfloat_rsize_2048_isize_160_raxis_0" value_param="(__bfloat, 2048, 160, 0)" file="/opt/pytorch/nvfuser/tests/cpp/test_gpu1.cpp" line="5457" status="run" result="completed" time="0.301" timestamp="2025-05-20T08:06:56.061" classname="ReductionWithIterDim" />
    <testcase name="Test/dtype___bfloat_rsize_2048_isize_320_raxis_1" value_param="(__bfloat, 2048, 320, 1)" file="/opt/pytorch/nvfuser/tests/cpp/test_gpu1.cpp" line="5457" status="run" result="completed" time="0.111" timestamp="2025-05-20T08:06:56.363" classname="ReductionWithIterDim" />
    <testcase name="Test/dtype___bfloat_rsize_4096_isize_320_raxis_0" value_param="(__bfloat, 4096, 320, 0)" file="/opt/pytorch/nvfuser/tests/cpp/test_gpu1.cpp" line="5457" status="run" result="completed" time="0.262" timestamp="2025-05-20T08:06:56.475" classname="ReductionWithIterDim" />
    <testcase name="Test/dtype___bfloat_rsize_8192_isize_160_raxis_1" value_param="(__bfloat, 8192, 160, 1)" file="/opt/pytorch/nvfuser/tests/cpp/test_gpu1.cpp" line="5457" status="run" result="completed" time="0.115" timestamp="2025-05-20T08:06:56.737" classname="ReductionWithIterDim" />
    <testcase name="Test/dtype___bfloat_rsize_16384_isize_160_raxis_0" value_param="(__bfloat, 16384, 160, 0)" file="/opt/pytorch/nvfuser/tests/cpp/test_gpu1.cpp" line="5457" status="run" result="completed" time="0.343" timestamp="2025-05-20T08:06:56.853" classname="ReductionWithIterDim" />
    <testcase name="Test/dtype___bfloat_rsize_16384_isize_320_raxis_1" value_param="(__bfloat, 16384, 320, 1)" file="/opt/pytorch/nvfuser/tests/cpp/test_gpu1.cpp" line="5457" status="run" result="completed" time="0.124" timestamp="2025-05-20T08:06:57.197" classname="ReductionWithIterDim" />
    <testcase name="Test/dtype___bfloat_rsize_32768_isize_320_raxis_0" value_param="(__bfloat, 32768, 320, 0)" file="/opt/pytorch/nvfuser/tests/cpp/test_gpu1.cpp" line="5457" status="run" result="completed" time="0.349" timestamp="2025-05-20T08:06:57.321" classname="ReductionWithIterDim" />
    <testcase name="Test/dtype___bfloat_rsize_65536_isize_160_raxis_1" value_param="(__bfloat, 65536, 160, 1)" file="/opt/pytorch/nvfuser/tests/cpp/test_gpu1.cpp" line="5457" status="run" result="completed" time="0.097" timestamp="2025-05-20T08:06:57.671" classname="ReductionWithIterDim" />
    <testcase name="Test/dtype___bfloat_rsize_131072_isize_160_raxis_0" value_param="(__bfloat, 131072, 160, 0)" file="/opt/pytorch/nvfuser/tests/cpp/test_gpu1.cpp" line="5457" status="run" result="completed" time="0.358" timestamp="2025-05-20T08:06:57.769" classname="ReductionWithIterDim" />
    <testcase name="Test/dtype___bfloat_rsize_131072_isize_320_raxis_1" value_param="(__bfloat, 131072, 320, 1)" file="/opt/pytorch/nvfuser/tests/cpp/test_gpu1.cpp" line="5457" status="run" result="completed" time="0.156" timestamp="2025-05-20T08:06:58.127" classname="ReductionWithIterDim" />
    <testcase name="Test/dtype___bfloat_rsize_262144_isize_320_raxis_0" value_param="(__bfloat, 262144, 320, 0)" file="/opt/pytorch/nvfuser/tests/cpp/test_gpu1.cpp" line="5457" status="run" result="completed" time="0.451" timestamp="2025-05-20T08:06:58.283" classname="ReductionWithIterDim" />
    <testcase name="Test/dtype___bfloat_rsize_524288_isize_160_raxis_1" value_param="(__bfloat, 524288, 160, 1)" file="/opt/pytorch/nvfuser/tests/cpp/test_gpu1.cpp" line="5457" status="run" result="completed" time="0.134" timestamp="2025-05-20T08:06:58.735" classname="ReductionWithIterDim" />
    <testcase name="Test/dtype___bfloat_rsize_1048576_isize_160_raxis_0" value_param="(__bfloat, 1048576, 160, 0)" file="/opt/pytorch/nvfuser/tests/cpp/test_gpu1.cpp" line="5457" status="run" result="completed" time="0.441" timestamp="2025-05-20T08:06:58.870" classname="ReductionWithIterDim" />
    <testcase name="Test/dtype___bfloat_rsize_1048576_isize_320_raxis_1" value_param="(__bfloat, 1048576, 320, 1)" file="/opt/pytorch/nvfuser/tests/cpp/test_gpu1.cpp" line="5457" status="run" result="completed" time="0.255" timestamp="2025-05-20T08:06:59.311" classname="ReductionWithIterDim" />
  </testsuite>
  <testsuite name="WelfordReduction" tests="168" failures="0" disabled="0" skipped="14" errors="0" time="65.233" timestamp="2025-05-20T08:06:59.567">
    <testcase name="Test/dtype_double_redu_1_iter_320_axis_0" value_param="(double, 1, 320, 0)" file="/opt/pytorch/nvfuser/tests/cpp/test_gpu2.cpp" line="2511" status="run" result="completed" time="0.233" timestamp="2025-05-20T08:06:59.567" classname="WelfordReduction" />
    <testcase name="Test/dtype_double_redu_2_iter_160_axis_1" value_param="(double, 2, 160, 1)" file="/opt/pytorch/nvfuser/tests/cpp/test_gpu2.cpp" line="2511" status="run" result="completed" time="0.14" timestamp="2025-05-20T08:06:59.801" classname="WelfordReduction" />
    <testcase name="Test/dtype_double_redu_4_iter_160_axis_0" value_param="(double, 4, 160, 0)" file="/opt/pytorch/nvfuser/tests/cpp/test_gpu2.cpp" line="2511" status="run" result="completed" time="0.222" timestamp="2025-05-20T08:06:59.941" classname="WelfordReduction" />
    <testcase name="Test/dtype_double_redu_4_iter_320_axis_1" value_param="(double, 4, 320, 1)" file="/opt/pytorch/nvfuser/tests/cpp/test_gpu2.cpp" line="2511" status="run" result="completed" time="0.141" timestamp="2025-05-20T08:07:00.164" classname="WelfordReduction" />
    <testcase name="Test/dtype_double_redu_8_iter_320_axis_0" value_param="(double, 8, 320, 0)" file="/opt/pytorch/nvfuser/tests/cpp/test_gpu2.cpp" line="2511" status="run" result="completed" time="0.253" timestamp="2025-05-20T08:07:00.306" classname="WelfordReduction" />
    <testcase name="Test/dtype_double_redu_16_iter_160_axis_1" value_param="(double, 16, 160, 1)" file="/opt/pytorch/nvfuser/tests/cpp/test_gpu2.cpp" line="2511" status="run" result="completed" time="0.092" timestamp="2025-05-20T08:07:00.559" classname="WelfordReduction" />
    <testcase name="Test/dtype_double_redu_32_iter_160_axis_0" value_param="(double, 32, 160, 0)" file="/opt/pytorch/nvfuser/tests/cpp/test_gpu2.cpp" line="2511" status="run" result="completed" time="0.366" timestamp="2025-05-20T08:07:00.652" classname="WelfordReduction" />
    <testcase name="Test/dtype_double_redu_32_iter_320_axis_1" value_param="(double, 32, 320, 1)" file="/opt/pytorch/nvfuser/tests/cpp/test_gpu2.cpp" line="2511" status="run" result="completed" time="0.141" timestamp="2025-05-20T08:07:01.018" classname="WelfordReduction" />
    <testcase name="Test/dtype_double_redu_64_iter_320_axis_0" value_param="(double, 64, 320, 0)" file="/opt/pytorch/nvfuser/tests/cpp/test_gpu2.cpp" line="2511" status="run" result="completed" time="0.377" timestamp="2025-05-20T08:07:01.160" classname="WelfordReduction" />
    <testcase name="Test/dtype_double_redu_128_iter_160_axis_1" value_param="(double, 128, 160, 1)" file="/opt/pytorch/nvfuser/tests/cpp/test_gpu2.cpp" line="2511" status="run" result="completed" time="0.097" timestamp="2025-05-20T08:07:01.538" classname="WelfordReduction" />
    <testcase name="Test/dtype_double_redu_256_iter_160_axis_0" value_param="(double, 256, 160, 0)" file="/opt/pytorch/nvfuser/tests/cpp/test_gpu2.cpp" line="2511" status="run" result="completed" time="0.366" timestamp="2025-05-20T08:07:01.635" classname="WelfordReduction" />
    <testcase name="Test/dtype_double_redu_256_iter_320_axis_1" value_param="(double, 256, 320, 1)" file="/opt/pytorch/nvfuser/tests/cpp/test_gpu2.cpp" line="2511" status="run" result="completed" time="0.165" timestamp="2025-05-20T08:07:02.001" classname="WelfordReduction" />
    <testcase name="Test/dtype_double_redu_512_iter_320_axis_0" value_param="(double, 512, 320, 0)" file="/opt/pytorch/nvfuser/tests/cpp/test_gpu2.cpp" line="2511" status="run" result="completed" time="0.38" timestamp="2025-05-20T08:07:02.166" classname="WelfordReduction" />
    <testcase name="Test/dtype_double_redu_1024_iter_160_axis_1" value_param="(double, 1024, 160, 1)" file="/opt/pytorch/nvfuser/tests/cpp/test_gpu2.cpp" line="2511" status="run" result="completed" time="0.152" timestamp="2025-05-20T08:07:02.547" classname="WelfordReduction" />
    <testcase name="Test/dtype_double_redu_2048_iter_160_axis_0" value_param="(double, 2048, 160, 0)" file="/opt/pytorch/nvfuser/tests/cpp/test_gpu2.cpp" line="2511" status="run" result="completed" time="0.681" timestamp="2025-05-20T08:07:02.699" classname="WelfordReduction" />
    <testcase name="Test/dtype_double_redu_2048_iter_320_axis_1" value_param="(double, 2048, 320, 1)" file="/opt/pytorch/nvfuser/tests/cpp/test_gpu2.cpp" line="2511" status="run" result="completed" time="0.221" timestamp="2025-05-20T08:07:03.380" classname="WelfordReduction" />
    <testcase name="Test/dtype_double_redu_4096_iter_320_axis_0" value_param="(double, 4096, 320, 0)" file="/opt/pytorch/nvfuser/tests/cpp/test_gpu2.cpp" line="2511" status="run" result="completed" time="0.728" timestamp="2025-05-20T08:07:03.602" classname="WelfordReduction" />
    <testcase name="Test/dtype_double_redu_8192_iter_160_axis_1" value_param="(double, 8192, 160, 1)" file="/opt/pytorch/nvfuser/tests/cpp/test_gpu2.cpp" line="2511" status="run" result="completed" time="0.204" timestamp="2025-05-20T08:07:04.331" classname="WelfordReduction" />
    <testcase name="Test/dtype_double_redu_16384_iter_160_axis_0" value_param="(double, 16384, 160, 0)" file="/opt/pytorch/nvfuser/tests/cpp/test_gpu2.cpp" line="2511" status="run" result="completed" time="0.674" timestamp="2025-05-20T08:07:04.536" classname="WelfordReduction" />
    <testcase name="Test/dtype_double_redu_16384_iter_320_axis_1" value_param="(double, 16384, 320, 1)" file="/opt/pytorch/nvfuser/tests/cpp/test_gpu2.cpp" line="2511" status="run" result="completed" time="0.164" timestamp="2025-05-20T08:07:05.210" classname="WelfordReduction" />
    <testcase name="Test/dtype_double_redu_32768_iter_320_axis_0" value_param="(double, 32768, 320, 0)" file="/opt/pytorch/nvfuser/tests/cpp/test_gpu2.cpp" line="2511" status="run" result="completed" time="0.677" timestamp="2025-05-20T08:07:05.375" classname="WelfordReduction" />
    <testcase name="Test/dtype_double_redu_65536_iter_160_axis_1" value_param="(double, 65536, 160, 1)" file="/opt/pytorch/nvfuser/tests/cpp/test_gpu2.cpp" line="2511" status="run" result="completed" time="0.198" timestamp="2025-05-20T08:07:06.052" classname="WelfordReduction" />
    <testcase name="Test/dtype_double_redu_131072_iter_160_axis_0" value_param="(double, 131072, 160, 0)" file="/opt/pytorch/nvfuser/tests/cpp/test_gpu2.cpp" line="2511" status="run" result="completed" time="0.498" timestamp="2025-05-20T08:07:06.251" classname="WelfordReduction" />
    <testcase name="Test/dtype_double_redu_131072_iter_320_axis_1" value_param="(double, 131072, 320, 1)" file="/opt/pytorch/nvfuser/tests/cpp/test_gpu2.cpp" line="2511" status="run" result="completed" time="0.121" timestamp="2025-05-20T08:07:06.750" classname="WelfordReduction" />
    <testcase name="Test/dtype_double_redu_262144_iter_320_axis_0" value_param="(double, 262144, 320, 0)" file="/opt/pytorch/nvfuser/tests/cpp/test_gpu2.cpp" line="2511" status="run" result="completed" time="0.79" timestamp="2025-05-20T08:07:06.871" classname="WelfordReduction" />
    <testcase name="Test/dtype_double_redu_524288_iter_160_axis_1" value_param="(double, 524288, 160, 1)" file="/opt/pytorch/nvfuser/tests/cpp/test_gpu2.cpp" line="2511" status="run" result="completed" time="0.222" timestamp="2025-05-20T08:07:07.662" classname="WelfordReduction" />
    <testcase name="Test/dtype_double_redu_1048576_iter_160_axis_0" value_param="(double, 1048576, 160, 0)" file="/opt/pytorch/nvfuser/tests/cpp/test_gpu2.cpp" line="2511" status="run" result="completed" time="0.701" timestamp="2025-05-20T08:07:07.884" classname="WelfordReduction" />
    <testcase name="Test/dtype_double_redu_1048576_iter_320_axis_1" value_param="(double, 1048576, 320, 1)" file="/opt/pytorch/nvfuser/tests/cpp/test_gpu2.cpp" line="2511" status="run" result="completed" time="0.323" timestamp="2025-05-20T08:07:08.585" classname="WelfordReduction" />
    <testcase name="Test/dtype_float_redu_1_iter_320_axis_0" value_param="(float, 1, 320, 0)" file="/opt/pytorch/nvfuser/tests/cpp/test_gpu2.cpp" line="2511" status="run" result="completed" time="0.232" timestamp="2025-05-20T08:07:08.909" classname="WelfordReduction" />
    <testcase name="Test/dtype_float_redu_2_iter_160_axis_1" value_param="(float, 2, 160, 1)" file="/opt/pytorch/nvfuser/tests/cpp/test_gpu2.cpp" line="2511" status="run" result="completed" time="0.169" timestamp="2025-05-20T08:07:09.142" classname="WelfordReduction" />
    <testcase name="Test/dtype_float_redu_4_iter_160_axis_0" value_param="(float, 4, 160, 0)" file="/opt/pytorch/nvfuser/tests/cpp/test_gpu2.cpp" line="2511" status="run" result="completed" time="0.221" timestamp="2025-05-20T08:07:09.311" classname="WelfordReduction" />
    <testcase name="Test/dtype_float_redu_4_iter_320_axis_1" value_param="(float, 4, 320, 1)" file="/opt/pytorch/nvfuser/tests/cpp/test_gpu2.cpp" line="2511" status="run" result="completed" time="0.163" timestamp="2025-05-20T08:07:09.533" classname="WelfordReduction" />
    <testcase name="Test/dtype_float_redu_8_iter_320_axis_0" value_param="(float, 8, 320, 0)" file="/opt/pytorch/nvfuser/tests/cpp/test_gpu2.cpp" line="2511" status="run" result="completed" time="0.252" timestamp="2025-05-20T08:07:09.696" classname="WelfordReduction" />
    <testcase name="Test/dtype_float_redu_16_iter_160_axis_1" value_param="(float, 16, 160, 1)" file="/opt/pytorch/nvfuser/tests/cpp/test_gpu2.cpp" line="2511" status="run" result="completed" time="0.091" timestamp="2025-05-20T08:07:09.948" classname="WelfordReduction" />
    <testcase name="Test/dtype_float_redu_32_iter_160_axis_0" value_param="(float, 32, 160, 0)" file="/opt/pytorch/nvfuser/tests/cpp/test_gpu2.cpp" line="2511" status="run" result="completed" time="0.447" timestamp="2025-05-20T08:07:10.040" classname="WelfordReduction" />
    <testcase name="Test/dtype_float_redu_32_iter_320_axis_1" value_param="(float, 32, 320, 1)" file="/opt/pytorch/nvfuser/tests/cpp/test_gpu2.cpp" line="2511" status="run" result="completed" time="0.139" timestamp="2025-05-20T08:07:10.488" classname="WelfordReduction" />
    <testcase name="Test/dtype_float_redu_64_iter_320_axis_0" value_param="(float, 64, 320, 0)" file="/opt/pytorch/nvfuser/tests/cpp/test_gpu2.cpp" line="2511" status="run" result="completed" time="0.37" timestamp="2025-05-20T08:07:10.627" classname="WelfordReduction" />
    <testcase name="Test/dtype_float_redu_128_iter_160_axis_1" value_param="(float, 128, 160, 1)" file="/opt/pytorch/nvfuser/tests/cpp/test_gpu2.cpp" line="2511" status="run" result="completed" time="0.141" timestamp="2025-05-20T08:07:10.998" classname="WelfordReduction" />
    <testcase name="Test/dtype_float_redu_256_iter_160_axis_0" value_param="(float, 256, 160, 0)" file="/opt/pytorch/nvfuser/tests/cpp/test_gpu2.cpp" line="2511" status="run" result="completed" time="0.51" timestamp="2025-05-20T08:07:11.140" classname="WelfordReduction" />
    <testcase name="Test/dtype_float_redu_256_iter_320_axis_1" value_param="(float, 256, 320, 1)" file="/opt/pytorch/nvfuser/tests/cpp/test_gpu2.cpp" line="2511" status="run" result="completed" time="0.159" timestamp="2025-05-20T08:07:11.650" classname="WelfordReduction" />
    <testcase name="Test/dtype_float_redu_512_iter_320_axis_0" value_param="(float, 512, 320, 0)" file="/opt/pytorch/nvfuser/tests/cpp/test_gpu2.cpp" line="2511" status="run" result="completed" time="0.366" timestamp="2025-05-20T08:07:11.809" classname="WelfordReduction" />
    <testcase name="Test/dtype_float_redu_1024_iter_160_axis_1" value_param="(float, 1024, 160, 1)" file="/opt/pytorch/nvfuser/tests/cpp/test_gpu2.cpp" line="2511" status="run" result="completed" time="0.173" timestamp="2025-05-20T08:07:12.176" classname="WelfordReduction" />
    <testcase name="Test/dtype_float_redu_2048_iter_160_axis_0" value_param="(float, 2048, 160, 0)" file="/opt/pytorch/nvfuser/tests/cpp/test_gpu2.cpp" line="2511" status="run" result="completed" time="0.564" timestamp="2025-05-20T08:07:12.349" classname="WelfordReduction" />
    <testcase name="Test/dtype_float_redu_2048_iter_320_axis_1" value_param="(float, 2048, 320, 1)" file="/opt/pytorch/nvfuser/tests/cpp/test_gpu2.cpp" line="2511" status="run" result="completed" time="0.222" timestamp="2025-05-20T08:07:12.914" classname="WelfordReduction" />
    <testcase name="Test/dtype_float_redu_4096_iter_320_axis_0" value_param="(float, 4096, 320, 0)" file="/opt/pytorch/nvfuser/tests/cpp/test_gpu2.cpp" line="2511" status="run" result="completed" time="1.182" timestamp="2025-05-20T08:07:13.137" classname="WelfordReduction" />
    <testcase name="Test/dtype_float_redu_8192_iter_160_axis_1" value_param="(float, 8192, 160, 1)" file="/opt/pytorch/nvfuser/tests/cpp/test_gpu2.cpp" line="2511" status="run" result="completed" time="0.256" timestamp="2025-05-20T08:07:14.320" classname="WelfordReduction" />
    <testcase name="Test/dtype_float_redu_16384_iter_160_axis_0" value_param="(float, 16384, 160, 0)" file="/opt/pytorch/nvfuser/tests/cpp/test_gpu2.cpp" line="2511" status="run" result="completed" time="0.671" timestamp="2025-05-20T08:07:14.576" classname="WelfordReduction" />
    <testcase name="Test/dtype_float_redu_16384_iter_320_axis_1" value_param="(float, 16384, 320, 1)" file="/opt/pytorch/nvfuser/tests/cpp/test_gpu2.cpp" line="2511" status="run" result="completed" time="0.159" timestamp="2025-05-20T08:07:15.248" classname="WelfordReduction" />
    <testcase name="Test/dtype_float_redu_32768_iter_320_axis_0" value_param="(float, 32768, 320, 0)" file="/opt/pytorch/nvfuser/tests/cpp/test_gpu2.cpp" line="2511" status="run" result="completed" time="1.09" timestamp="2025-05-20T08:07:15.407" classname="WelfordReduction" />
    <testcase name="Test/dtype_float_redu_65536_iter_160_axis_1" value_param="(float, 65536, 160, 1)" file="/opt/pytorch/nvfuser/tests/cpp/test_gpu2.cpp" line="2511" status="run" result="completed" time="0.168" timestamp="2025-05-20T08:07:16.498" classname="WelfordReduction" />
    <testcase name="Test/dtype_float_redu_131072_iter_160_axis_0" value_param="(float, 131072, 160, 0)" file="/opt/pytorch/nvfuser/tests/cpp/test_gpu2.cpp" line="2511" status="run" result="completed" time="0.656" timestamp="2025-05-20T08:07:16.667" classname="WelfordReduction" />
    <testcase name="Test/dtype_float_redu_131072_iter_320_axis_1" value_param="(float, 131072, 320, 1)" file="/opt/pytorch/nvfuser/tests/cpp/test_gpu2.cpp" line="2511" status="run" result="completed" time="0.168" timestamp="2025-05-20T08:07:17.323" classname="WelfordReduction" />
    <testcase name="Test/dtype_float_redu_262144_iter_320_axis_0" value_param="(float, 262144, 320, 0)" file="/opt/pytorch/nvfuser/tests/cpp/test_gpu2.cpp" line="2511" status="run" result="completed" time="0.687" timestamp="2025-05-20T08:07:17.492" classname="WelfordReduction" />
    <testcase name="Test/dtype_float_redu_524288_iter_160_axis_1" value_param="(float, 524288, 160, 1)" file="/opt/pytorch/nvfuser/tests/cpp/test_gpu2.cpp" line="2511" status="run" result="completed" time="0.237" timestamp="2025-05-20T08:07:18.179" classname="WelfordReduction" />
    <testcase name="Test/dtype_float_redu_1048576_iter_160_axis_0" value_param="(float, 1048576, 160, 0)" file="/opt/pytorch/nvfuser/tests/cpp/test_gpu2.cpp" line="2511" status="run" result="completed" time="0.862" timestamp="2025-05-20T08:07:18.416" classname="WelfordReduction" />
    <testcase name="Test/dtype_float_redu_1048576_iter_320_axis_1" value_param="(float, 1048576, 320, 1)" file="/opt/pytorch/nvfuser/tests/cpp/test_gpu2.cpp" line="2511" status="run" result="completed" time="0.255" timestamp="2025-05-20T08:07:19.279" classname="WelfordReduction" />
    <testcase name="Test/dtype___half_redu_1_iter_320_axis_0" value_param="(__half, 1, 320, 0)" file="/opt/pytorch/nvfuser/tests/cpp/test_gpu2.cpp" line="2511" status="run" result="completed" time="0.279" timestamp="2025-05-20T08:07:19.535" classname="WelfordReduction" />
    <testcase name="Test/dtype___half_redu_2_iter_160_axis_1" value_param="(__half, 2, 160, 1)" file="/opt/pytorch/nvfuser/tests/cpp/test_gpu2.cpp" line="2511" status="run" result="completed" time="0.181" timestamp="2025-05-20T08:07:19.815" classname="WelfordReduction" />
    <testcase name="Test/dtype___half_redu_4_iter_160_axis_0" value_param="(__half, 4, 160, 0)" file="/opt/pytorch/nvfuser/tests/cpp/test_gpu2.cpp" line="2511" status="run" result="completed" time="0.232" timestamp="2025-05-20T08:07:19.996" classname="WelfordReduction" />
    <testcase name="Test/dtype___half_redu_4_iter_320_axis_1" value_param="(__half, 4, 320, 1)" file="/opt/pytorch/nvfuser/tests/cpp/test_gpu2.cpp" line="2511" status="run" result="completed" time="0.145" timestamp="2025-05-20T08:07:20.229" classname="WelfordReduction" />
    <testcase name="Test/dtype___half_redu_8_iter_320_axis_0" value_param="(__half, 8, 320, 0)" file="/opt/pytorch/nvfuser/tests/cpp/test_gpu2.cpp" line="2511" status="run" result="completed" time="0.265" timestamp="2025-05-20T08:07:20.375" classname="WelfordReduction" />
    <testcase name="Test/dtype___half_redu_16_iter_160_axis_1" value_param="(__half, 16, 160, 1)" file="/opt/pytorch/nvfuser/tests/cpp/test_gpu2.cpp" line="2511" status="run" result="completed" time="0.101" timestamp="2025-05-20T08:07:20.641" classname="WelfordReduction" />
    <testcase name="Test/dtype___half_redu_32_iter_160_axis_0" value_param="(__half, 32, 160, 0)" file="/opt/pytorch/nvfuser/tests/cpp/test_gpu2.cpp" line="2511" status="run" result="completed" time="0.467" timestamp="2025-05-20T08:07:20.742" classname="WelfordReduction" />
    <testcase name="Test/dtype___half_redu_32_iter_320_axis_1" value_param="(__half, 32, 320, 1)" file="/opt/pytorch/nvfuser/tests/cpp/test_gpu2.cpp" line="2511" status="run" result="completed" time="0.144" timestamp="2025-05-20T08:07:21.209" classname="WelfordReduction" />
    <testcase name="Test/dtype___half_redu_64_iter_320_axis_0" value_param="(__half, 64, 320, 0)" file="/opt/pytorch/nvfuser/tests/cpp/test_gpu2.cpp" line="2511" status="run" result="completed" time="0.387" timestamp="2025-05-20T08:07:21.354" classname="WelfordReduction" />
    <testcase name="Test/dtype___half_redu_128_iter_160_axis_1" value_param="(__half, 128, 160, 1)" file="/opt/pytorch/nvfuser/tests/cpp/test_gpu2.cpp" line="2511" status="run" result="completed" time="0.097" timestamp="2025-05-20T08:07:21.741" classname="WelfordReduction" />
    <testcase name="Test/dtype___half_redu_256_iter_160_axis_0" value_param="(__half, 256, 160, 0)" file="/opt/pytorch/nvfuser/tests/cpp/test_gpu2.cpp" line="2511" status="run" result="completed" time="0.536" timestamp="2025-05-20T08:07:21.838" classname="WelfordReduction" />
    <testcase name="Test/dtype___half_redu_256_iter_320_axis_1" value_param="(__half, 256, 320, 1)" file="/opt/pytorch/nvfuser/tests/cpp/test_gpu2.cpp" line="2511" status="run" result="completed" time="0.166" timestamp="2025-05-20T08:07:22.374" classname="WelfordReduction" />
    <testcase name="Test/dtype___half_redu_512_iter_320_axis_0" value_param="(__half, 512, 320, 0)" file="/opt/pytorch/nvfuser/tests/cpp/test_gpu2.cpp" line="2511" status="run" result="completed" time="0.387" timestamp="2025-05-20T08:07:22.541" classname="WelfordReduction" />
    <testcase name="Test/dtype___half_redu_1024_iter_160_axis_1" value_param="(__half, 1024, 160, 1)" file="/opt/pytorch/nvfuser/tests/cpp/test_gpu2.cpp" line="2511" status="run" result="completed" time="0.203" timestamp="2025-05-20T08:07:22.929" classname="WelfordReduction" />
    <testcase name="Test/dtype___half_redu_2048_iter_160_axis_0" value_param="(__half, 2048, 160, 0)" file="/opt/pytorch/nvfuser/tests/cpp/test_gpu2.cpp" line="2511" status="run" result="completed" time="0.629" timestamp="2025-05-20T08:07:23.132" classname="WelfordReduction" />
    <testcase name="Test/dtype___half_redu_2048_iter_320_axis_1" value_param="(__half, 2048, 320, 1)" file="/opt/pytorch/nvfuser/tests/cpp/test_gpu2.cpp" line="2511" status="run" result="completed" time="0.218" timestamp="2025-05-20T08:07:23.761" classname="WelfordReduction" />
    <testcase name="Test/dtype___half_redu_4096_iter_320_axis_0" value_param="(__half, 4096, 320, 0)" file="/opt/pytorch/nvfuser/tests/cpp/test_gpu2.cpp" line="2511" status="run" result="completed" time="1.121" timestamp="2025-05-20T08:07:23.980" classname="WelfordReduction" />
    <testcase name="Test/dtype___half_redu_8192_iter_160_axis_1" value_param="(__half, 8192, 160, 1)" file="/opt/pytorch/nvfuser/tests/cpp/test_gpu2.cpp" line="2511" status="run" result="completed" time="0.179" timestamp="2025-05-20T08:07:25.102" classname="WelfordReduction" />
    <testcase name="Test/dtype___half_redu_16384_iter_160_axis_0" value_param="(__half, 16384, 160, 0)" file="/opt/pytorch/nvfuser/tests/cpp/test_gpu2.cpp" line="2511" status="run" result="completed" time="0.66" timestamp="2025-05-20T08:07:25.282" classname="WelfordReduction" />
    <testcase name="Test/dtype___half_redu_16384_iter_320_axis_1" value_param="(__half, 16384, 320, 1)" file="/opt/pytorch/nvfuser/tests/cpp/test_gpu2.cpp" line="2511" status="run" result="completed" time="0.127" timestamp="2025-05-20T08:07:25.942" classname="WelfordReduction" />
    <testcase name="Test/dtype___half_redu_32768_iter_320_axis_0" value_param="(__half, 32768, 320, 0)" file="/opt/pytorch/nvfuser/tests/cpp/test_gpu2.cpp" line="2511" status="run" result="completed" time="1.112" timestamp="2025-05-20T08:07:26.069" classname="WelfordReduction" />
    <testcase name="Test/dtype___half_redu_65536_iter_160_axis_1" value_param="(__half, 65536, 160, 1)" file="/opt/pytorch/nvfuser/tests/cpp/test_gpu2.cpp" line="2511" status="run" result="skipped" time="0." timestamp="2025-05-20T08:07:27.182" classname="WelfordReduction">
      <skipped message="/opt/pytorch/nvfuser/tests/cpp/test_gpu2.cpp:2524&#x0A;Skipping large reduction dims (65536) for half and bfloat16&#x0A;"><![CDATA[/opt/pytorch/nvfuser/tests/cpp/test_gpu2.cpp:2524
Skipping large reduction dims (65536) for half and bfloat16
]]></skipped>
    </testcase>
    <testcase name="Test/dtype___half_redu_131072_iter_160_axis_0" value_param="(__half, 131072, 160, 0)" file="/opt/pytorch/nvfuser/tests/cpp/test_gpu2.cpp" line="2511" status="run" result="skipped" time="0." timestamp="2025-05-20T08:07:27.182" classname="WelfordReduction">
      <skipped message="/opt/pytorch/nvfuser/tests/cpp/test_gpu2.cpp:2524&#x0A;Skipping large reduction dims (131072) for half and bfloat16&#x0A;"><![CDATA[/opt/pytorch/nvfuser/tests/cpp/test_gpu2.cpp:2524
Skipping large reduction dims (131072) for half and bfloat16
]]></skipped>
    </testcase>
    <testcase name="Test/dtype___half_redu_131072_iter_320_axis_1" value_param="(__half, 131072, 320, 1)" file="/opt/pytorch/nvfuser/tests/cpp/test_gpu2.cpp" line="2511" status="run" result="skipped" time="0." timestamp="2025-05-20T08:07:27.182" classname="WelfordReduction">
      <skipped message="/opt/pytorch/nvfuser/tests/cpp/test_gpu2.cpp:2524&#x0A;Skipping large reduction dims (131072) for half and bfloat16&#x0A;"><![CDATA[/opt/pytorch/nvfuser/tests/cpp/test_gpu2.cpp:2524
Skipping large reduction dims (131072) for half and bfloat16
]]></skipped>
    </testcase>
    <testcase name="Test/dtype___half_redu_262144_iter_320_axis_0" value_param="(__half, 262144, 320, 0)" file="/opt/pytorch/nvfuser/tests/cpp/test_gpu2.cpp" line="2511" status="run" result="skipped" time="0." timestamp="2025-05-20T08:07:27.182" classname="WelfordReduction">
      <skipped message="/opt/pytorch/nvfuser/tests/cpp/test_gpu2.cpp:2524&#x0A;Skipping large reduction dims (262144) for half and bfloat16&#x0A;"><![CDATA[/opt/pytorch/nvfuser/tests/cpp/test_gpu2.cpp:2524
Skipping large reduction dims (262144) for half and bfloat16
]]></skipped>
    </testcase>
    <testcase name="Test/dtype___half_redu_524288_iter_160_axis_1" value_param="(__half, 524288, 160, 1)" file="/opt/pytorch/nvfuser/tests/cpp/test_gpu2.cpp" line="2511" status="run" result="skipped" time="0." timestamp="2025-05-20T08:07:27.182" classname="WelfordReduction">
      <skipped message="/opt/pytorch/nvfuser/tests/cpp/test_gpu2.cpp:2524&#x0A;Skipping large reduction dims (524288) for half and bfloat16&#x0A;"><![CDATA[/opt/pytorch/nvfuser/tests/cpp/test_gpu2.cpp:2524
Skipping large reduction dims (524288) for half and bfloat16
]]></skipped>
    </testcase>
    <testcase name="Test/dtype___half_redu_1048576_iter_160_axis_0" value_param="(__half, 1048576, 160, 0)" file="/opt/pytorch/nvfuser/tests/cpp/test_gpu2.cpp" line="2511" status="run" result="skipped" time="0." timestamp="2025-05-20T08:07:27.182" classname="WelfordReduction">
      <skipped message="/opt/pytorch/nvfuser/tests/cpp/test_gpu2.cpp:2524&#x0A;Skipping large reduction dims (1048576) for half and bfloat16&#x0A;"><![CDATA[/opt/pytorch/nvfuser/tests/cpp/test_gpu2.cpp:2524
Skipping large reduction dims (1048576) for half and bfloat16
]]></skipped>
    </testcase>
    <testcase name="Test/dtype___half_redu_1048576_iter_320_axis_1" value_param="(__half, 1048576, 320, 1)" file="/opt/pytorch/nvfuser/tests/cpp/test_gpu2.cpp" line="2511" status="run" result="skipped" time="0." timestamp="2025-05-20T08:07:27.182" classname="WelfordReduction">
      <skipped message="/opt/pytorch/nvfuser/tests/cpp/test_gpu2.cpp:2524&#x0A;Skipping large reduction dims (1048576) for half and bfloat16&#x0A;"><![CDATA[/opt/pytorch/nvfuser/tests/cpp/test_gpu2.cpp:2524
Skipping large reduction dims (1048576) for half and bfloat16
]]></skipped>
    </testcase>
    <testcase name="Test/dtype_std__complex_float__redu_1_iter_320_axis_0" value_param="(std::complex&lt;float&gt;, 1, 320, 0)" file="/opt/pytorch/nvfuser/tests/cpp/test_gpu2.cpp" line="2511" status="run" result="completed" time="0.322" timestamp="2025-05-20T08:07:27.182" classname="WelfordReduction" />
    <testcase name="Test/dtype_std__complex_float__redu_2_iter_160_axis_1" value_param="(std::complex&lt;float&gt;, 2, 160, 1)" file="/opt/pytorch/nvfuser/tests/cpp/test_gpu2.cpp" line="2511" status="run" result="completed" time="0.193" timestamp="2025-05-20T08:07:27.505" classname="WelfordReduction" />
    <testcase name="Test/dtype_std__complex_float__redu_4_iter_160_axis_0" value_param="(std::complex&lt;float&gt;, 4, 160, 0)" file="/opt/pytorch/nvfuser/tests/cpp/test_gpu2.cpp" line="2511" status="run" result="completed" time="0.335" timestamp="2025-05-20T08:07:27.698" classname="WelfordReduction" />
    <testcase name="Test/dtype_std__complex_float__redu_4_iter_320_axis_1" value_param="(std::complex&lt;float&gt;, 4, 320, 1)" file="/opt/pytorch/nvfuser/tests/cpp/test_gpu2.cpp" line="2511" status="run" result="completed" time="0.194" timestamp="2025-05-20T08:07:28.034" classname="WelfordReduction" />
    <testcase name="Test/dtype_std__complex_float__redu_8_iter_320_axis_0" value_param="(std::complex&lt;float&gt;, 8, 320, 0)" file="/opt/pytorch/nvfuser/tests/cpp/test_gpu2.cpp" line="2511" status="run" result="completed" time="0.372" timestamp="2025-05-20T08:07:28.229" classname="WelfordReduction" />
    <testcase name="Test/dtype_std__complex_float__redu_16_iter_160_axis_1" value_param="(std::complex&lt;float&gt;, 16, 160, 1)" file="/opt/pytorch/nvfuser/tests/cpp/test_gpu2.cpp" line="2511" status="run" result="completed" time="0.18" timestamp="2025-05-20T08:07:28.601" classname="WelfordReduction" />
    <testcase name="Test/dtype_std__complex_float__redu_32_iter_160_axis_0" value_param="(std::complex&lt;float&gt;, 32, 160, 0)" file="/opt/pytorch/nvfuser/tests/cpp/test_gpu2.cpp" line="2511" status="run" result="completed" time="0.727" timestamp="2025-05-20T08:07:28.782" classname="WelfordReduction" />
    <testcase name="Test/dtype_std__complex_float__redu_32_iter_320_axis_1" value_param="(std::complex&lt;float&gt;, 32, 320, 1)" file="/opt/pytorch/nvfuser/tests/cpp/test_gpu2.cpp" line="2511" status="run" result="completed" time="0.191" timestamp="2025-05-20T08:07:29.509" classname="WelfordReduction" />
    <testcase name="Test/dtype_std__complex_float__redu_64_iter_320_axis_0" value_param="(std::complex&lt;float&gt;, 64, 320, 0)" file="/opt/pytorch/nvfuser/tests/cpp/test_gpu2.cpp" line="2511" status="run" result="completed" time="0.593" timestamp="2025-05-20T08:07:29.701" classname="WelfordReduction" />
    <testcase name="Test/dtype_std__complex_float__redu_128_iter_160_axis_1" value_param="(std::complex&lt;float&gt;, 128, 160, 1)" file="/opt/pytorch/nvfuser/tests/cpp/test_gpu2.cpp" line="2511" status="run" result="completed" time="0.19" timestamp="2025-05-20T08:07:30.294" classname="WelfordReduction" />
    <testcase name="Test/dtype_std__complex_float__redu_256_iter_160_axis_0" value_param="(std::complex&lt;float&gt;, 256, 160, 0)" file="/opt/pytorch/nvfuser/tests/cpp/test_gpu2.cpp" line="2511" status="run" result="completed" time="0.722" timestamp="2025-05-20T08:07:30.485" classname="WelfordReduction" />
    <testcase name="Test/dtype_std__complex_float__redu_256_iter_320_axis_1" value_param="(std::complex&lt;float&gt;, 256, 320, 1)" file="/opt/pytorch/nvfuser/tests/cpp/test_gpu2.cpp" line="2511" status="run" result="completed" time="0.23" timestamp="2025-05-20T08:07:31.207" classname="WelfordReduction" />
    <testcase name="Test/dtype_std__complex_float__redu_512_iter_320_axis_0" value_param="(std::complex&lt;float&gt;, 512, 320, 0)" file="/opt/pytorch/nvfuser/tests/cpp/test_gpu2.cpp" line="2511" status="run" result="completed" time="0.586" timestamp="2025-05-20T08:07:31.438" classname="WelfordReduction" />
    <testcase name="Test/dtype_std__complex_float__redu_1024_iter_160_axis_1" value_param="(std::complex&lt;float&gt;, 1024, 160, 1)" file="/opt/pytorch/nvfuser/tests/cpp/test_gpu2.cpp" line="2511" status="run" result="completed" time="0.239" timestamp="2025-05-20T08:07:32.024" classname="WelfordReduction" />
    <testcase name="Test/dtype_std__complex_float__redu_2048_iter_160_axis_0" value_param="(std::complex&lt;float&gt;, 2048, 160, 0)" file="/opt/pytorch/nvfuser/tests/cpp/test_gpu2.cpp" line="2511" status="run" result="completed" time="1.302" timestamp="2025-05-20T08:07:32.264" classname="WelfordReduction" />
    <testcase name="Test/dtype_std__complex_float__redu_2048_iter_320_axis_1" value_param="(std::complex&lt;float&gt;, 2048, 320, 1)" file="/opt/pytorch/nvfuser/tests/cpp/test_gpu2.cpp" line="2511" status="run" result="completed" time="0.242" timestamp="2025-05-20T08:07:33.566" classname="WelfordReduction" />
    <testcase name="Test/dtype_std__complex_float__redu_4096_iter_320_axis_0" value_param="(std::complex&lt;float&gt;, 4096, 320, 0)" file="/opt/pytorch/nvfuser/tests/cpp/test_gpu2.cpp" line="2511" status="run" result="completed" time="1.267" timestamp="2025-05-20T08:07:33.809" classname="WelfordReduction" />
    <testcase name="Test/dtype_std__complex_float__redu_8192_iter_160_axis_1" value_param="(std::complex&lt;float&gt;, 8192, 160, 1)" file="/opt/pytorch/nvfuser/tests/cpp/test_gpu2.cpp" line="2511" status="run" result="completed" time="0.213" timestamp="2025-05-20T08:07:35.076" classname="WelfordReduction" />
    <testcase name="Test/dtype_std__complex_float__redu_16384_iter_160_axis_0" value_param="(std::complex&lt;float&gt;, 16384, 160, 0)" file="/opt/pytorch/nvfuser/tests/cpp/test_gpu2.cpp" line="2511" status="run" result="completed" time="1.256" timestamp="2025-05-20T08:07:35.290" classname="WelfordReduction" />
    <testcase name="Test/dtype_std__complex_float__redu_16384_iter_320_axis_1" value_param="(std::complex&lt;float&gt;, 16384, 320, 1)" file="/opt/pytorch/nvfuser/tests/cpp/test_gpu2.cpp" line="2511" status="run" result="completed" time="0.225" timestamp="2025-05-20T08:07:36.546" classname="WelfordReduction" />
    <testcase name="Test/dtype_std__complex_float__redu_32768_iter_320_axis_0" value_param="(std::complex&lt;float&gt;, 32768, 320, 0)" file="/opt/pytorch/nvfuser/tests/cpp/test_gpu2.cpp" line="2511" status="run" result="completed" time="1.301" timestamp="2025-05-20T08:07:36.771" classname="WelfordReduction" />
    <testcase name="Test/dtype_std__complex_float__redu_65536_iter_160_axis_1" value_param="(std::complex&lt;float&gt;, 65536, 160, 1)" file="/opt/pytorch/nvfuser/tests/cpp/test_gpu2.cpp" line="2511" status="run" result="completed" time="0.267" timestamp="2025-05-20T08:07:38.072" classname="WelfordReduction" />
    <testcase name="Test/dtype_std__complex_float__redu_131072_iter_160_axis_0" value_param="(std::complex&lt;float&gt;, 131072, 160, 0)" file="/opt/pytorch/nvfuser/tests/cpp/test_gpu2.cpp" line="2511" status="run" result="completed" time="0.998" timestamp="2025-05-20T08:07:38.340" classname="WelfordReduction" />
    <testcase name="Test/dtype_std__complex_float__redu_131072_iter_320_axis_1" value_param="(std::complex&lt;float&gt;, 131072, 320, 1)" file="/opt/pytorch/nvfuser/tests/cpp/test_gpu2.cpp" line="2511" status="run" result="completed" time="0.276" timestamp="2025-05-20T08:07:39.339" classname="WelfordReduction" />
    <testcase name="Test/dtype_std__complex_float__redu_262144_iter_320_axis_0" value_param="(std::complex&lt;float&gt;, 262144, 320, 0)" file="/opt/pytorch/nvfuser/tests/cpp/test_gpu2.cpp" line="2511" status="run" result="completed" time="1.307" timestamp="2025-05-20T08:07:39.615" classname="WelfordReduction" />
    <testcase name="Test/dtype_std__complex_float__redu_524288_iter_160_axis_1" value_param="(std::complex&lt;float&gt;, 524288, 160, 1)" file="/opt/pytorch/nvfuser/tests/cpp/test_gpu2.cpp" line="2511" status="run" result="completed" time="0.277" timestamp="2025-05-20T08:07:40.923" classname="WelfordReduction" />
    <testcase name="Test/dtype_std__complex_float__redu_1048576_iter_160_axis_0" value_param="(std::complex&lt;float&gt;, 1048576, 160, 0)" file="/opt/pytorch/nvfuser/tests/cpp/test_gpu2.cpp" line="2511" status="run" result="completed" time="1.055" timestamp="2025-05-20T08:07:41.201" classname="WelfordReduction" />
    <testcase name="Test/dtype_std__complex_float__redu_1048576_iter_320_axis_1" value_param="(std::complex&lt;float&gt;, 1048576, 320, 1)" file="/opt/pytorch/nvfuser/tests/cpp/test_gpu2.cpp" line="2511" status="run" result="completed" time="0.386" timestamp="2025-05-20T08:07:42.256" classname="WelfordReduction" />
    <testcase name="Test/dtype_std__complex_double__redu_1_iter_320_axis_0" value_param="(std::complex&lt;double&gt;, 1, 320, 0)" file="/opt/pytorch/nvfuser/tests/cpp/test_gpu2.cpp" line="2511" status="run" result="completed" time="0.238" timestamp="2025-05-20T08:07:42.643" classname="WelfordReduction" />
    <testcase name="Test/dtype_std__complex_double__redu_2_iter_160_axis_1" value_param="(std::complex&lt;double&gt;, 2, 160, 1)" file="/opt/pytorch/nvfuser/tests/cpp/test_gpu2.cpp" line="2511" status="run" result="completed" time="0.223" timestamp="2025-05-20T08:07:42.882" classname="WelfordReduction" />
    <testcase name="Test/dtype_std__complex_double__redu_4_iter_160_axis_0" value_param="(std::complex&lt;double&gt;, 4, 160, 0)" file="/opt/pytorch/nvfuser/tests/cpp/test_gpu2.cpp" line="2511" status="run" result="completed" time="0.405" timestamp="2025-05-20T08:07:43.106" classname="WelfordReduction" />
    <testcase name="Test/dtype_std__complex_double__redu_4_iter_320_axis_1" value_param="(std::complex&lt;double&gt;, 4, 320, 1)" file="/opt/pytorch/nvfuser/tests/cpp/test_gpu2.cpp" line="2511" status="run" result="completed" time="0.207" timestamp="2025-05-20T08:07:43.511" classname="WelfordReduction" />
    <testcase name="Test/dtype_std__complex_double__redu_8_iter_320_axis_0" value_param="(std::complex&lt;double&gt;, 8, 320, 0)" file="/opt/pytorch/nvfuser/tests/cpp/test_gpu2.cpp" line="2511" status="run" result="completed" time="0.562" timestamp="2025-05-20T08:07:43.719" classname="WelfordReduction" />
    <testcase name="Test/dtype_std__complex_double__redu_16_iter_160_axis_1" value_param="(std::complex&lt;double&gt;, 16, 160, 1)" file="/opt/pytorch/nvfuser/tests/cpp/test_gpu2.cpp" line="2511" status="run" result="completed" time="0.206" timestamp="2025-05-20T08:07:44.282" classname="WelfordReduction" />
    <testcase name="Test/dtype_std__complex_double__redu_32_iter_160_axis_0" value_param="(std::complex&lt;double&gt;, 32, 160, 0)" file="/opt/pytorch/nvfuser/tests/cpp/test_gpu2.cpp" line="2511" status="run" result="completed" time="0.674" timestamp="2025-05-20T08:07:44.488" classname="WelfordReduction" />
    <testcase name="Test/dtype_std__complex_double__redu_32_iter_320_axis_1" value_param="(std::complex&lt;double&gt;, 32, 320, 1)" file="/opt/pytorch/nvfuser/tests/cpp/test_gpu2.cpp" line="2511" status="run" result="completed" time="0.195" timestamp="2025-05-20T08:07:45.163" classname="WelfordReduction" />
    <testcase name="Test/dtype_std__complex_double__redu_64_iter_320_axis_0" value_param="(std::complex&lt;double&gt;, 64, 320, 0)" file="/opt/pytorch/nvfuser/tests/cpp/test_gpu2.cpp" line="2511" status="run" result="completed" time="0.675" timestamp="2025-05-20T08:07:45.359" classname="WelfordReduction" />
    <testcase name="Test/dtype_std__complex_double__redu_128_iter_160_axis_1" value_param="(std::complex&lt;double&gt;, 128, 160, 1)" file="/opt/pytorch/nvfuser/tests/cpp/test_gpu2.cpp" line="2511" status="run" result="completed" time="0.2" timestamp="2025-05-20T08:07:46.034" classname="WelfordReduction" />
    <testcase name="Test/dtype_std__complex_double__redu_256_iter_160_axis_0" value_param="(std::complex&lt;double&gt;, 256, 160, 0)" file="/opt/pytorch/nvfuser/tests/cpp/test_gpu2.cpp" line="2511" status="run" result="completed" time="0.66" timestamp="2025-05-20T08:07:46.235" classname="WelfordReduction" />
    <testcase name="Test/dtype_std__complex_double__redu_256_iter_320_axis_1" value_param="(std::complex&lt;double&gt;, 256, 320, 1)" file="/opt/pytorch/nvfuser/tests/cpp/test_gpu2.cpp" line="2511" status="run" result="completed" time="0.247" timestamp="2025-05-20T08:07:46.896" classname="WelfordReduction" />
    <testcase name="Test/dtype_std__complex_double__redu_512_iter_320_axis_0" value_param="(std::complex&lt;double&gt;, 512, 320, 0)" file="/opt/pytorch/nvfuser/tests/cpp/test_gpu2.cpp" line="2511" status="run" result="completed" time="0.668" timestamp="2025-05-20T08:07:47.143" classname="WelfordReduction" />
    <testcase name="Test/dtype_std__complex_double__redu_1024_iter_160_axis_1" value_param="(std::complex&lt;double&gt;, 1024, 160, 1)" file="/opt/pytorch/nvfuser/tests/cpp/test_gpu2.cpp" line="2511" status="run" result="completed" time="0.25" timestamp="2025-05-20T08:07:47.811" classname="WelfordReduction" />
    <testcase name="Test/dtype_std__complex_double__redu_2048_iter_160_axis_0" value_param="(std::complex&lt;double&gt;, 2048, 160, 0)" file="/opt/pytorch/nvfuser/tests/cpp/test_gpu2.cpp" line="2511" status="run" result="completed" time="0.932" timestamp="2025-05-20T08:07:48.062" classname="WelfordReduction" />
    <testcase name="Test/dtype_std__complex_double__redu_2048_iter_320_axis_1" value_param="(std::complex&lt;double&gt;, 2048, 320, 1)" file="/opt/pytorch/nvfuser/tests/cpp/test_gpu2.cpp" line="2511" status="run" result="completed" time="0.245" timestamp="2025-05-20T08:07:48.995" classname="WelfordReduction" />
    <testcase name="Test/dtype_std__complex_double__redu_4096_iter_320_axis_0" value_param="(std::complex&lt;double&gt;, 4096, 320, 0)" file="/opt/pytorch/nvfuser/tests/cpp/test_gpu2.cpp" line="2511" status="run" result="completed" time="0.886" timestamp="2025-05-20T08:07:49.240" classname="WelfordReduction" />
    <testcase name="Test/dtype_std__complex_double__redu_8192_iter_160_axis_1" value_param="(std::complex&lt;double&gt;, 8192, 160, 1)" file="/opt/pytorch/nvfuser/tests/cpp/test_gpu2.cpp" line="2511" status="run" result="completed" time="0.231" timestamp="2025-05-20T08:07:50.127" classname="WelfordReduction" />
    <testcase name="Test/dtype_std__complex_double__redu_16384_iter_160_axis_0" value_param="(std::complex&lt;double&gt;, 16384, 160, 0)" file="/opt/pytorch/nvfuser/tests/cpp/test_gpu2.cpp" line="2511" status="run" result="completed" time="0.904" timestamp="2025-05-20T08:07:50.359" classname="WelfordReduction" />
    <testcase name="Test/dtype_std__complex_double__redu_16384_iter_320_axis_1" value_param="(std::complex&lt;double&gt;, 16384, 320, 1)" file="/opt/pytorch/nvfuser/tests/cpp/test_gpu2.cpp" line="2511" status="run" result="completed" time="0.241" timestamp="2025-05-20T08:07:51.263" classname="WelfordReduction" />
    <testcase name="Test/dtype_std__complex_double__redu_32768_iter_320_axis_0" value_param="(std::complex&lt;double&gt;, 32768, 320, 0)" file="/opt/pytorch/nvfuser/tests/cpp/test_gpu2.cpp" line="2511" status="run" result="completed" time="0.912" timestamp="2025-05-20T08:07:51.505" classname="WelfordReduction" />
    <testcase name="Test/dtype_std__complex_double__redu_65536_iter_160_axis_1" value_param="(std::complex&lt;double&gt;, 65536, 160, 1)" file="/opt/pytorch/nvfuser/tests/cpp/test_gpu2.cpp" line="2511" status="run" result="completed" time="0.248" timestamp="2025-05-20T08:07:52.417" classname="WelfordReduction" />
    <testcase name="Test/dtype_std__complex_double__redu_131072_iter_160_axis_0" value_param="(std::complex&lt;double&gt;, 131072, 160, 0)" file="/opt/pytorch/nvfuser/tests/cpp/test_gpu2.cpp" line="2511" status="run" result="completed" time="1.087" timestamp="2025-05-20T08:07:52.666" classname="WelfordReduction" />
    <testcase name="Test/dtype_std__complex_double__redu_131072_iter_320_axis_1" value_param="(std::complex&lt;double&gt;, 131072, 320, 1)" file="/opt/pytorch/nvfuser/tests/cpp/test_gpu2.cpp" line="2511" status="run" result="completed" time="0.35" timestamp="2025-05-20T08:07:53.753" classname="WelfordReduction" />
    <testcase name="Test/dtype_std__complex_double__redu_262144_iter_320_axis_0" value_param="(std::complex&lt;double&gt;, 262144, 320, 0)" file="/opt/pytorch/nvfuser/tests/cpp/test_gpu2.cpp" line="2511" status="run" result="completed" time="1.038" timestamp="2025-05-20T08:07:54.104" classname="WelfordReduction" />
    <testcase name="Test/dtype_std__complex_double__redu_524288_iter_160_axis_1" value_param="(std::complex&lt;double&gt;, 524288, 160, 1)" file="/opt/pytorch/nvfuser/tests/cpp/test_gpu2.cpp" line="2511" status="run" result="completed" time="0.283" timestamp="2025-05-20T08:07:55.143" classname="WelfordReduction" />
    <testcase name="Test/dtype_std__complex_double__redu_1048576_iter_160_axis_0" value_param="(std::complex&lt;double&gt;, 1048576, 160, 0)" file="/opt/pytorch/nvfuser/tests/cpp/test_gpu2.cpp" line="2511" status="run" result="completed" time="1.06" timestamp="2025-05-20T08:07:55.426" classname="WelfordReduction" />
    <testcase name="Test/dtype_std__complex_double__redu_1048576_iter_320_axis_1" value_param="(std::complex&lt;double&gt;, 1048576, 320, 1)" file="/opt/pytorch/nvfuser/tests/cpp/test_gpu2.cpp" line="2511" status="run" result="completed" time="0.483" timestamp="2025-05-20T08:07:56.487" classname="WelfordReduction" />
    <testcase name="Test/dtype___bfloat_redu_1_iter_320_axis_0" value_param="(__bfloat, 1, 320, 0)" file="/opt/pytorch/nvfuser/tests/cpp/test_gpu2.cpp" line="2511" status="run" result="completed" time="0.265" timestamp="2025-05-20T08:07:56.971" classname="WelfordReduction" />
    <testcase name="Test/dtype___bfloat_redu_2_iter_160_axis_1" value_param="(__bfloat, 2, 160, 1)" file="/opt/pytorch/nvfuser/tests/cpp/test_gpu2.cpp" line="2511" status="run" result="completed" time="0.153" timestamp="2025-05-20T08:07:57.236" classname="WelfordReduction" />
    <testcase name="Test/dtype___bfloat_redu_4_iter_160_axis_0" value_param="(__bfloat, 4, 160, 0)" file="/opt/pytorch/nvfuser/tests/cpp/test_gpu2.cpp" line="2511" status="run" result="completed" time="0.231" timestamp="2025-05-20T08:07:57.390" classname="WelfordReduction" />
    <testcase name="Test/dtype___bfloat_redu_4_iter_320_axis_1" value_param="(__bfloat, 4, 320, 1)" file="/opt/pytorch/nvfuser/tests/cpp/test_gpu2.cpp" line="2511" status="run" result="completed" time="0.144" timestamp="2025-05-20T08:07:57.621" classname="WelfordReduction" />
    <testcase name="Test/dtype___bfloat_redu_8_iter_320_axis_0" value_param="(__bfloat, 8, 320, 0)" file="/opt/pytorch/nvfuser/tests/cpp/test_gpu2.cpp" line="2511" status="run" result="completed" time="0.267" timestamp="2025-05-20T08:07:57.766" classname="WelfordReduction" />
    <testcase name="Test/dtype___bfloat_redu_16_iter_160_axis_1" value_param="(__bfloat, 16, 160, 1)" file="/opt/pytorch/nvfuser/tests/cpp/test_gpu2.cpp" line="2511" status="run" result="completed" time="0.152" timestamp="2025-05-20T08:07:58.034" classname="WelfordReduction" />
    <testcase name="Test/dtype___bfloat_redu_32_iter_160_axis_0" value_param="(__bfloat, 32, 160, 0)" file="/opt/pytorch/nvfuser/tests/cpp/test_gpu2.cpp" line="2511" status="run" result="completed" time="0.468" timestamp="2025-05-20T08:07:58.186" classname="WelfordReduction" />
    <testcase name="Test/dtype___bfloat_redu_32_iter_320_axis_1" value_param="(__bfloat, 32, 320, 1)" file="/opt/pytorch/nvfuser/tests/cpp/test_gpu2.cpp" line="2511" status="run" result="completed" time="0.101" timestamp="2025-05-20T08:07:58.654" classname="WelfordReduction" />
    <testcase name="Test/dtype___bfloat_redu_64_iter_320_axis_0" value_param="(__bfloat, 64, 320, 0)" file="/opt/pytorch/nvfuser/tests/cpp/test_gpu2.cpp" line="2511" status="run" result="completed" time="0.39" timestamp="2025-05-20T08:07:58.756" classname="WelfordReduction" />
    <testcase name="Test/dtype___bfloat_redu_128_iter_160_axis_1" value_param="(__bfloat, 128, 160, 1)" file="/opt/pytorch/nvfuser/tests/cpp/test_gpu2.cpp" line="2511" status="run" result="completed" time="0.154" timestamp="2025-05-20T08:07:59.146" classname="WelfordReduction" />
    <testcase name="Test/dtype___bfloat_redu_256_iter_160_axis_0" value_param="(__bfloat, 256, 160, 0)" file="/opt/pytorch/nvfuser/tests/cpp/test_gpu2.cpp" line="2511" status="run" result="completed" time="0.542" timestamp="2025-05-20T08:07:59.301" classname="WelfordReduction" />
    <testcase name="Test/dtype___bfloat_redu_256_iter_320_axis_1" value_param="(__bfloat, 256, 320, 1)" file="/opt/pytorch/nvfuser/tests/cpp/test_gpu2.cpp" line="2511" status="run" result="completed" time="0.167" timestamp="2025-05-20T08:07:59.843" classname="WelfordReduction" />
    <testcase name="Test/dtype___bfloat_redu_512_iter_320_axis_0" value_param="(__bfloat, 512, 320, 0)" file="/opt/pytorch/nvfuser/tests/cpp/test_gpu2.cpp" line="2511" status="run" result="completed" time="0.388" timestamp="2025-05-20T08:08:00.011" classname="WelfordReduction" />
    <testcase name="Test/dtype___bfloat_redu_1024_iter_160_axis_1" value_param="(__bfloat, 1024, 160, 1)" file="/opt/pytorch/nvfuser/tests/cpp/test_gpu2.cpp" line="2511" status="run" result="completed" time="0.189" timestamp="2025-05-20T08:08:00.399" classname="WelfordReduction" />
    <testcase name="Test/dtype___bfloat_redu_2048_iter_160_axis_0" value_param="(__bfloat, 2048, 160, 0)" file="/opt/pytorch/nvfuser/tests/cpp/test_gpu2.cpp" line="2511" status="run" result="completed" time="0.6" timestamp="2025-05-20T08:08:00.589" classname="WelfordReduction" />
    <testcase name="Test/dtype___bfloat_redu_2048_iter_320_axis_1" value_param="(__bfloat, 2048, 320, 1)" file="/opt/pytorch/nvfuser/tests/cpp/test_gpu2.cpp" line="2511" status="run" result="completed" time="0.188" timestamp="2025-05-20T08:08:01.189" classname="WelfordReduction" />
    <testcase name="Test/dtype___bfloat_redu_4096_iter_320_axis_0" value_param="(__bfloat, 4096, 320, 0)" file="/opt/pytorch/nvfuser/tests/cpp/test_gpu2.cpp" line="2511" status="run" result="completed" time="1.108" timestamp="2025-05-20T08:08:01.378" classname="WelfordReduction" />
    <testcase name="Test/dtype___bfloat_redu_8192_iter_160_axis_1" value_param="(__bfloat, 8192, 160, 1)" file="/opt/pytorch/nvfuser/tests/cpp/test_gpu2.cpp" line="2511" status="run" result="completed" time="0.179" timestamp="2025-05-20T08:08:02.487" classname="WelfordReduction" />
    <testcase name="Test/dtype___bfloat_redu_16384_iter_160_axis_0" value_param="(__bfloat, 16384, 160, 0)" file="/opt/pytorch/nvfuser/tests/cpp/test_gpu2.cpp" line="2511" status="run" result="completed" time="0.718" timestamp="2025-05-20T08:08:02.666" classname="WelfordReduction" />
    <testcase name="Test/dtype___bfloat_redu_16384_iter_320_axis_1" value_param="(__bfloat, 16384, 320, 1)" file="/opt/pytorch/nvfuser/tests/cpp/test_gpu2.cpp" line="2511" status="run" result="completed" time="0.242" timestamp="2025-05-20T08:08:03.385" classname="WelfordReduction" />
    <testcase name="Test/dtype___bfloat_redu_32768_iter_320_axis_0" value_param="(__bfloat, 32768, 320, 0)" file="/opt/pytorch/nvfuser/tests/cpp/test_gpu2.cpp" line="2511" status="run" result="completed" time="1.173" timestamp="2025-05-20T08:08:03.628" classname="WelfordReduction" />
    <testcase name="Test/dtype___bfloat_redu_65536_iter_160_axis_1" value_param="(__bfloat, 65536, 160, 1)" file="/opt/pytorch/nvfuser/tests/cpp/test_gpu2.cpp" line="2511" status="run" result="skipped" time="0." timestamp="2025-05-20T08:08:04.801" classname="WelfordReduction">
      <skipped message="/opt/pytorch/nvfuser/tests/cpp/test_gpu2.cpp:2524&#x0A;Skipping large reduction dims (65536) for half and bfloat16&#x0A;"><![CDATA[/opt/pytorch/nvfuser/tests/cpp/test_gpu2.cpp:2524
Skipping large reduction dims (65536) for half and bfloat16
]]></skipped>
    </testcase>
    <testcase name="Test/dtype___bfloat_redu_131072_iter_160_axis_0" value_param="(__bfloat, 131072, 160, 0)" file="/opt/pytorch/nvfuser/tests/cpp/test_gpu2.cpp" line="2511" status="run" result="skipped" time="0." timestamp="2025-05-20T08:08:04.801" classname="WelfordReduction">
      <skipped message="/opt/pytorch/nvfuser/tests/cpp/test_gpu2.cpp:2524&#x0A;Skipping large reduction dims (131072) for half and bfloat16&#x0A;"><![CDATA[/opt/pytorch/nvfuser/tests/cpp/test_gpu2.cpp:2524
Skipping large reduction dims (131072) for half and bfloat16
]]></skipped>
    </testcase>
    <testcase name="Test/dtype___bfloat_redu_131072_iter_320_axis_1" value_param="(__bfloat, 131072, 320, 1)" file="/opt/pytorch/nvfuser/tests/cpp/test_gpu2.cpp" line="2511" status="run" result="skipped" time="0." timestamp="2025-05-20T08:08:04.801" classname="WelfordReduction">
      <skipped message="/opt/pytorch/nvfuser/tests/cpp/test_gpu2.cpp:2524&#x0A;Skipping large reduction dims (131072) for half and bfloat16&#x0A;"><![CDATA[/opt/pytorch/nvfuser/tests/cpp/test_gpu2.cpp:2524
Skipping large reduction dims (131072) for half and bfloat16
]]></skipped>
    </testcase>
    <testcase name="Test/dtype___bfloat_redu_262144_iter_320_axis_0" value_param="(__bfloat, 262144, 320, 0)" file="/opt/pytorch/nvfuser/tests/cpp/test_gpu2.cpp" line="2511" status="run" result="skipped" time="0." timestamp="2025-05-20T08:08:04.801" classname="WelfordReduction">
      <skipped message="/opt/pytorch/nvfuser/tests/cpp/test_gpu2.cpp:2524&#x0A;Skipping large reduction dims (262144) for half and bfloat16&#x0A;"><![CDATA[/opt/pytorch/nvfuser/tests/cpp/test_gpu2.cpp:2524
Skipping large reduction dims (262144) for half and bfloat16
]]></skipped>
    </testcase>
    <testcase name="Test/dtype___bfloat_redu_524288_iter_160_axis_1" value_param="(__bfloat, 524288, 160, 1)" file="/opt/pytorch/nvfuser/tests/cpp/test_gpu2.cpp" line="2511" status="run" result="skipped" time="0." timestamp="2025-05-20T08:08:04.801" classname="WelfordReduction">
      <skipped message="/opt/pytorch/nvfuser/tests/cpp/test_gpu2.cpp:2524&#x0A;Skipping large reduction dims (524288) for half and bfloat16&#x0A;"><![CDATA[/opt/pytorch/nvfuser/tests/cpp/test_gpu2.cpp:2524
Skipping large reduction dims (524288) for half and bfloat16
]]></skipped>
    </testcase>
    <testcase name="Test/dtype___bfloat_redu_1048576_iter_160_axis_0" value_param="(__bfloat, 1048576, 160, 0)" file="/opt/pytorch/nvfuser/tests/cpp/test_gpu2.cpp" line="2511" status="run" result="skipped" time="0." timestamp="2025-05-20T08:08:04.801" classname="WelfordReduction">
      <skipped message="/opt/pytorch/nvfuser/tests/cpp/test_gpu2.cpp:2524&#x0A;Skipping large reduction dims (1048576) for half and bfloat16&#x0A;"><![CDATA[/opt/pytorch/nvfuser/tests/cpp/test_gpu2.cpp:2524
Skipping large reduction dims (1048576) for half and bfloat16
]]></skipped>
    </testcase>
    <testcase name="Test/dtype___bfloat_redu_1048576_iter_320_axis_1" value_param="(__bfloat, 1048576, 320, 1)" file="/opt/pytorch/nvfuser/tests/cpp/test_gpu2.cpp" line="2511" status="run" result="skipped" time="0." timestamp="2025-05-20T08:08:04.801" classname="WelfordReduction">
      <skipped message="/opt/pytorch/nvfuser/tests/cpp/test_gpu2.cpp:2524&#x0A;Skipping large reduction dims (1048576) for half and bfloat16&#x0A;"><![CDATA[/opt/pytorch/nvfuser/tests/cpp/test_gpu2.cpp:2524
Skipping large reduction dims (1048576) for half and bfloat16
]]></skipped>
    </testcase>
  </testsuite>
  <testsuite name="AdvancedIndexingTest" tests="13" failures="0" disabled="0" skipped="0" errors="0" time="2.295" timestamp="2025-05-20T08:08:04.801">
    <testcase name="1/Legacy" value_param="false" file="/opt/pytorch/nvfuser/tests/cpp/test_indexing_advanced.cpp" line="77" status="run" result="completed" time="0.151" timestamp="2025-05-20T08:08:04.801" classname="AdvancedIndexingTest" />
    <testcase name="2/IdModel" value_param="true" file="/opt/pytorch/nvfuser/tests/cpp/test_indexing_advanced.cpp" line="126" status="run" result="completed" time="0.155" timestamp="2025-05-20T08:08:04.953" classname="AdvancedIndexingTest" />
    <testcase name="4/Legacy" value_param="false" file="/opt/pytorch/nvfuser/tests/cpp/test_indexing_advanced.cpp" line="200" status="run" result="completed" time="0.179" timestamp="2025-05-20T08:08:05.108" classname="AdvancedIndexingTest" />
    <testcase name="5/IdModel" value_param="true" file="/opt/pytorch/nvfuser/tests/cpp/test_indexing_advanced.cpp" line="226" status="run" result="completed" time="0.109" timestamp="2025-05-20T08:08:05.288" classname="AdvancedIndexingTest" />
    <testcase name="7/Legacy" value_param="false" file="/opt/pytorch/nvfuser/tests/cpp/test_indexing_advanced.cpp" line="296" status="run" result="completed" time="0.101" timestamp="2025-05-20T08:08:05.398" classname="AdvancedIndexingTest" />
    <testcase name="8/IdModel" value_param="true" file="/opt/pytorch/nvfuser/tests/cpp/test_indexing_advanced.cpp" line="342" status="run" result="completed" time="0.887" timestamp="2025-05-20T08:08:05.499" classname="AdvancedIndexingTest" />
    <testcase name="10/Legacy" value_param="false" file="/opt/pytorch/nvfuser/tests/cpp/test_indexing_advanced.cpp" line="418" status="run" result="completed" time="0.074" timestamp="2025-05-20T08:08:06.387" classname="AdvancedIndexingTest" />
    <testcase name="11/IdModel" value_param="true" file="/opt/pytorch/nvfuser/tests/cpp/test_indexing_advanced.cpp" line="477" status="run" result="completed" time="0.076" timestamp="2025-05-20T08:08:06.462" classname="AdvancedIndexingTest" />
    <testcase name="13/Legacy" value_param="false" file="/opt/pytorch/nvfuser/tests/cpp/test_indexing_advanced.cpp" line="563" status="run" result="completed" time="0.087" timestamp="2025-05-20T08:08:06.538" classname="AdvancedIndexingTest" />
    <testcase name="14/IdModel" value_param="true" file="/opt/pytorch/nvfuser/tests/cpp/test_indexing_advanced.cpp" line="609" status="run" result="completed" time="0.089" timestamp="2025-05-20T08:08:06.626" classname="AdvancedIndexingTest" />
    <testcase name="16/Legacy" value_param="false" file="/opt/pytorch/nvfuser/tests/cpp/test_indexing_advanced.cpp" line="683" status="run" result="completed" time="0.105" timestamp="2025-05-20T08:08:06.716" classname="AdvancedIndexingTest" />
    <testcase name="17/IdModel" value_param="true" file="/opt/pytorch/nvfuser/tests/cpp/test_indexing_advanced.cpp" line="713" status="run" result="completed" time="0.127" timestamp="2025-05-20T08:08:06.822" classname="AdvancedIndexingTest" />
    <testcase name="19/Legacy" value_param="false" file="/opt/pytorch/nvfuser/tests/cpp/test_indexing_advanced.cpp" line="790" status="run" result="completed" time="0.148" timestamp="2025-05-20T08:08:06.949" classname="AdvancedIndexingTest" />
  </testsuite>
  <testsuite name="IndexPut" tests="3" failures="0" disabled="0" skipped="0" errors="0" time="0.485" timestamp="2025-05-20T08:08:07.097">
    <testcase name="AccumulateOpWithBroadcastIDs/1" value_param="24-byte object &lt;01-00 00-00 00-00 00-00 01-00 00-00 00-00 00-00 B8-0B 00-00 00-00 00-00&gt;" file="/opt/pytorch/nvfuser/tests/cpp/test_index_put.cpp" line="57" status="run" result="completed" time="0.25" timestamp="2025-05-20T08:08:07.097" classname="IndexPut" />
    <testcase name="AccumulateOpWithBroadcastIDs/4" value_param="24-byte object &lt;00-04 00-00 00-00 00-00 01-00 00-00 00-00 00-00 01-00 00-00 00-00 00-00&gt;" file="/opt/pytorch/nvfuser/tests/cpp/test_index_put.cpp" line="57" status="run" result="completed" time="0.097" timestamp="2025-05-20T08:08:07.347" classname="IndexPut" />
    <testcase name="AccumulateOpWithBroadcastIDs/7" value_param="24-byte object &lt;00-04 00-00 00-00 00-00 00-0E 00-00 00-00 00-00 B8-0B 00-00 00-00 00-00&gt;" file="/opt/pytorch/nvfuser/tests/cpp/test_index_put.cpp" line="57" status="run" result="completed" time="0.137" timestamp="2025-05-20T08:08:07.444" classname="IndexPut" />
  </testsuite>
  <testsuite name="CacheGlobalLoads/MemoryTest" tests="1" failures="0" disabled="0" skipped="0" errors="0" time="0.072" timestamp="2025-05-20T08:08:07.582">
    <testcase name="LoadCache/Streaming" value_param="(Streaming, &quot;cs&quot;)" file="/opt/pytorch/nvfuser/tests/cpp/test_memory.cpp" line="48" status="run" result="completed" time="0.072" timestamp="2025-05-20T08:08:07.582" classname="CacheGlobalLoads/MemoryTest" />
  </testsuite>
  <testsuite name="TMASimpleLdstTest" tests="40" failures="0" disabled="0" skipped="0" errors="0" time="17.551" timestamp="2025-05-20T08:08:07.655">
    <testcase name="Load/3D_NoSwizzle___half" value_param="(NoSwizzle, __half, 3)" file="/opt/pytorch/nvfuser/tests/cpp/test_memory.cpp" line="497" status="run" result="completed" time="0.16" timestamp="2025-05-20T08:08:07.655" classname="TMASimpleLdstTest" />
    <testcase name="Load/1D_NoSwizzle_float" value_param="(NoSwizzle, float, 1)" file="/opt/pytorch/nvfuser/tests/cpp/test_memory.cpp" line="497" status="run" result="completed" time="0.268" timestamp="2025-05-20T08:08:07.816" classname="TMASimpleLdstTest" />
    <testcase name="Load/4D_NoSwizzle_float" value_param="(NoSwizzle, float, 4)" file="/opt/pytorch/nvfuser/tests/cpp/test_memory.cpp" line="497" status="run" result="completed" time="0.507" timestamp="2025-05-20T08:08:08.084" classname="TMASimpleLdstTest" />
    <testcase name="Load/2D_NoSwizzle_double" value_param="(NoSwizzle, double, 2)" file="/opt/pytorch/nvfuser/tests/cpp/test_memory.cpp" line="497" status="run" result="completed" time="0.224" timestamp="2025-05-20T08:08:08.591" classname="TMASimpleLdstTest" />
    <testcase name="Load/5D_NoSwizzle_double" value_param="(NoSwizzle, double, 5)" file="/opt/pytorch/nvfuser/tests/cpp/test_memory.cpp" line="497" status="run" result="completed" time="1.04" timestamp="2025-05-20T08:08:08.816" classname="TMASimpleLdstTest" />
    <testcase name="Load/3D_128B___half" value_param="(128B, __half, 3)" file="/opt/pytorch/nvfuser/tests/cpp/test_memory.cpp" line="497" status="run" result="completed" time="0.464" timestamp="2025-05-20T08:08:09.856" classname="TMASimpleLdstTest" />
    <testcase name="Load/1D_128B_float" value_param="(128B, float, 1)" file="/opt/pytorch/nvfuser/tests/cpp/test_memory.cpp" line="497" status="run" result="completed" time="0.427" timestamp="2025-05-20T08:08:10.321" classname="TMASimpleLdstTest" />
    <testcase name="Load/4D_128B_float" value_param="(128B, float, 4)" file="/opt/pytorch/nvfuser/tests/cpp/test_memory.cpp" line="497" status="run" result="completed" time="0.492" timestamp="2025-05-20T08:08:10.749" classname="TMASimpleLdstTest" />
    <testcase name="Load/2D_128B_double" value_param="(128B, double, 2)" file="/opt/pytorch/nvfuser/tests/cpp/test_memory.cpp" line="497" status="run" result="completed" time="0.282" timestamp="2025-05-20T08:08:11.241" classname="TMASimpleLdstTest" />
    <testcase name="Load/5D_128B_double" value_param="(128B, double, 5)" file="/opt/pytorch/nvfuser/tests/cpp/test_memory.cpp" line="497" status="run" result="completed" time="0.754" timestamp="2025-05-20T08:08:11.524" classname="TMASimpleLdstTest" />
    <testcase name="Load/3D_64B___half" value_param="(64B, __half, 3)" file="/opt/pytorch/nvfuser/tests/cpp/test_memory.cpp" line="497" status="run" result="completed" time="0.578" timestamp="2025-05-20T08:08:12.279" classname="TMASimpleLdstTest" />
    <testcase name="Load/1D_64B_float" value_param="(64B, float, 1)" file="/opt/pytorch/nvfuser/tests/cpp/test_memory.cpp" line="497" status="run" result="completed" time="0.473" timestamp="2025-05-20T08:08:12.857" classname="TMASimpleLdstTest" />
    <testcase name="Load/4D_64B_float" value_param="(64B, float, 4)" file="/opt/pytorch/nvfuser/tests/cpp/test_memory.cpp" line="497" status="run" result="completed" time="0.705" timestamp="2025-05-20T08:08:13.331" classname="TMASimpleLdstTest" />
    <testcase name="Load/2D_64B_double" value_param="(64B, double, 2)" file="/opt/pytorch/nvfuser/tests/cpp/test_memory.cpp" line="497" status="run" result="completed" time="0.249" timestamp="2025-05-20T08:08:14.036" classname="TMASimpleLdstTest" />
    <testcase name="Load/5D_64B_double" value_param="(64B, double, 5)" file="/opt/pytorch/nvfuser/tests/cpp/test_memory.cpp" line="497" status="run" result="completed" time="0.775" timestamp="2025-05-20T08:08:14.285" classname="TMASimpleLdstTest" />
    <testcase name="Load/3D_32B___half" value_param="(32B, __half, 3)" file="/opt/pytorch/nvfuser/tests/cpp/test_memory.cpp" line="497" status="run" result="completed" time="0.401" timestamp="2025-05-20T08:08:15.061" classname="TMASimpleLdstTest" />
    <testcase name="Load/1D_32B_float" value_param="(32B, float, 1)" file="/opt/pytorch/nvfuser/tests/cpp/test_memory.cpp" line="497" status="run" result="completed" time="0.487" timestamp="2025-05-20T08:08:15.463" classname="TMASimpleLdstTest" />
    <testcase name="Load/4D_32B_float" value_param="(32B, float, 4)" file="/opt/pytorch/nvfuser/tests/cpp/test_memory.cpp" line="497" status="run" result="completed" time="0.537" timestamp="2025-05-20T08:08:15.950" classname="TMASimpleLdstTest" />
    <testcase name="Load/2D_32B_double" value_param="(32B, double, 2)" file="/opt/pytorch/nvfuser/tests/cpp/test_memory.cpp" line="497" status="run" result="completed" time="0.303" timestamp="2025-05-20T08:08:16.487" classname="TMASimpleLdstTest" />
    <testcase name="Load/5D_32B_double" value_param="(32B, double, 5)" file="/opt/pytorch/nvfuser/tests/cpp/test_memory.cpp" line="497" status="run" result="completed" time="0.727" timestamp="2025-05-20T08:08:16.790" classname="TMASimpleLdstTest" />
    <testcase name="Store/3D_NoSwizzle___half" value_param="(NoSwizzle, __half, 3)" file="/opt/pytorch/nvfuser/tests/cpp/test_memory.cpp" line="615" status="run" result="completed" time="0.503" timestamp="2025-05-20T08:08:17.517" classname="TMASimpleLdstTest" />
    <testcase name="Store/1D_NoSwizzle_float" value_param="(NoSwizzle, float, 1)" file="/opt/pytorch/nvfuser/tests/cpp/test_memory.cpp" line="615" status="run" result="completed" time="0.429" timestamp="2025-05-20T08:08:18.021" classname="TMASimpleLdstTest" />
    <testcase name="Store/4D_NoSwizzle_float" value_param="(NoSwizzle, float, 4)" file="/opt/pytorch/nvfuser/tests/cpp/test_memory.cpp" line="615" status="run" result="completed" time="0.552" timestamp="2025-05-20T08:08:18.450" classname="TMASimpleLdstTest" />
    <testcase name="Store/2D_NoSwizzle_double" value_param="(NoSwizzle, double, 2)" file="/opt/pytorch/nvfuser/tests/cpp/test_memory.cpp" line="615" status="run" result="completed" time="0.214" timestamp="2025-05-20T08:08:19.003" classname="TMASimpleLdstTest" />
    <testcase name="Store/5D_NoSwizzle_double" value_param="(NoSwizzle, double, 5)" file="/opt/pytorch/nvfuser/tests/cpp/test_memory.cpp" line="615" status="run" result="completed" time="0.557" timestamp="2025-05-20T08:08:19.217" classname="TMASimpleLdstTest" />
    <testcase name="Store/3D_128B___half" value_param="(128B, __half, 3)" file="/opt/pytorch/nvfuser/tests/cpp/test_memory.cpp" line="615" status="run" result="completed" time="0.64" timestamp="2025-05-20T08:08:19.775" classname="TMASimpleLdstTest" />
    <testcase name="Store/1D_128B_float" value_param="(128B, float, 1)" file="/opt/pytorch/nvfuser/tests/cpp/test_memory.cpp" line="615" status="run" result="completed" time="0.563" timestamp="2025-05-20T08:08:20.415" classname="TMASimpleLdstTest" />
    <testcase name="Store/4D_128B_float" value_param="(128B, float, 4)" file="/opt/pytorch/nvfuser/tests/cpp/test_memory.cpp" line="615" status="run" result="completed" time="0.378" timestamp="2025-05-20T08:08:20.979" classname="TMASimpleLdstTest" />
    <testcase name="Store/2D_128B_double" value_param="(128B, double, 2)" file="/opt/pytorch/nvfuser/tests/cpp/test_memory.cpp" line="615" status="run" result="completed" time="0.158" timestamp="2025-05-20T08:08:21.357" classname="TMASimpleLdstTest" />
    <testcase name="Store/5D_128B_double" value_param="(128B, double, 5)" file="/opt/pytorch/nvfuser/tests/cpp/test_memory.cpp" line="615" status="run" result="completed" time="0.49" timestamp="2025-05-20T08:08:21.515" classname="TMASimpleLdstTest" />
    <testcase name="Store/3D_64B___half" value_param="(64B, __half, 3)" file="/opt/pytorch/nvfuser/tests/cpp/test_memory.cpp" line="615" status="run" result="completed" time="0.199" timestamp="2025-05-20T08:08:22.006" classname="TMASimpleLdstTest" />
    <testcase name="Store/1D_64B_float" value_param="(64B, float, 1)" file="/opt/pytorch/nvfuser/tests/cpp/test_memory.cpp" line="615" status="run" result="completed" time="0.089" timestamp="2025-05-20T08:08:22.206" classname="TMASimpleLdstTest" />
    <testcase name="Store/4D_64B_float" value_param="(64B, float, 4)" file="/opt/pytorch/nvfuser/tests/cpp/test_memory.cpp" line="615" status="run" result="completed" time="0.26" timestamp="2025-05-20T08:08:22.295" classname="TMASimpleLdstTest" />
    <testcase name="Store/2D_64B_double" value_param="(64B, double, 2)" file="/opt/pytorch/nvfuser/tests/cpp/test_memory.cpp" line="615" status="run" result="completed" time="0.132" timestamp="2025-05-20T08:08:22.556" classname="TMASimpleLdstTest" />
    <testcase name="Store/5D_64B_double" value_param="(64B, double, 5)" file="/opt/pytorch/nvfuser/tests/cpp/test_memory.cpp" line="615" status="run" result="completed" time="0.712" timestamp="2025-05-20T08:08:22.688" classname="TMASimpleLdstTest" />
    <testcase name="Store/3D_32B___half" value_param="(32B, __half, 3)" file="/opt/pytorch/nvfuser/tests/cpp/test_memory.cpp" line="615" status="run" result="completed" time="0.463" timestamp="2025-05-20T08:08:23.401" classname="TMASimpleLdstTest" />
    <testcase name="Store/1D_32B_float" value_param="(32B, float, 1)" file="/opt/pytorch/nvfuser/tests/cpp/test_memory.cpp" line="615" status="run" result="completed" time="0.162" timestamp="2025-05-20T08:08:23.864" classname="TMASimpleLdstTest" />
    <testcase name="Store/4D_32B_float" value_param="(32B, float, 4)" file="/opt/pytorch/nvfuser/tests/cpp/test_memory.cpp" line="615" status="run" result="completed" time="0.326" timestamp="2025-05-20T08:08:24.026" classname="TMASimpleLdstTest" />
    <testcase name="Store/2D_32B_double" value_param="(32B, double, 2)" file="/opt/pytorch/nvfuser/tests/cpp/test_memory.cpp" line="615" status="run" result="completed" time="0.29" timestamp="2025-05-20T08:08:24.353" classname="TMASimpleLdstTest" />
    <testcase name="Store/5D_32B_double" value_param="(32B, double, 5)" file="/opt/pytorch/nvfuser/tests/cpp/test_memory.cpp" line="615" status="run" result="completed" time="0.563" timestamp="2025-05-20T08:08:24.643" classname="TMASimpleLdstTest" />
  </testsuite>
  <testsuite name="TMALoadTestWithABroadcastDim" tests="20" failures="0" disabled="0" skipped="0" errors="0" time="19.014" timestamp="2025-05-20T08:08:25.207">
    <testcase name="LoadWithBroadcast/2" value_param="({ 1, 64, 16 }, __half, 64B)" file="/opt/pytorch/nvfuser/tests/cpp/test_memory.cpp" line="554" status="run" result="completed" time="0.89" timestamp="2025-05-20T08:08:25.207" classname="TMALoadTestWithABroadcastDim" />
    <testcase name="LoadWithBroadcast/5" value_param="({ 1, 64, 16 }, float, 128B)" file="/opt/pytorch/nvfuser/tests/cpp/test_memory.cpp" line="554" status="run" result="completed" time="0.918" timestamp="2025-05-20T08:08:26.097" classname="TMALoadTestWithABroadcastDim" />
    <testcase name="LoadWithBroadcast/8" value_param="({ 1, 64, 16 }, double, NoSwizzle)" file="/opt/pytorch/nvfuser/tests/cpp/test_memory.cpp" line="554" status="run" result="completed" time="0.199" timestamp="2025-05-20T08:08:27.015" classname="TMALoadTestWithABroadcastDim" />
    <testcase name="LoadWithBroadcast/11" value_param="({ 1, 64, 16 }, double, 32B)" file="/opt/pytorch/nvfuser/tests/cpp/test_memory.cpp" line="554" status="run" result="completed" time="0.231" timestamp="2025-05-20T08:08:27.215" classname="TMALoadTestWithABroadcastDim" />
    <testcase name="LoadWithBroadcast/14" value_param="({ 1, 16, 64 }, __half, 64B)" file="/opt/pytorch/nvfuser/tests/cpp/test_memory.cpp" line="554" status="run" result="completed" time="0.539" timestamp="2025-05-20T08:08:27.446" classname="TMALoadTestWithABroadcastDim" />
    <testcase name="LoadWithBroadcast/17" value_param="({ 1, 16, 64 }, float, 128B)" file="/opt/pytorch/nvfuser/tests/cpp/test_memory.cpp" line="554" status="run" result="completed" time="0.416" timestamp="2025-05-20T08:08:27.986" classname="TMALoadTestWithABroadcastDim" />
    <testcase name="LoadWithBroadcast/20" value_param="({ 1, 16, 64 }, double, NoSwizzle)" file="/opt/pytorch/nvfuser/tests/cpp/test_memory.cpp" line="554" status="run" result="completed" time="0.151" timestamp="2025-05-20T08:08:28.402" classname="TMALoadTestWithABroadcastDim" />
    <testcase name="LoadWithBroadcast/23" value_param="({ 1, 16, 64 }, double, 32B)" file="/opt/pytorch/nvfuser/tests/cpp/test_memory.cpp" line="554" status="run" result="completed" time="0.131" timestamp="2025-05-20T08:08:28.553" classname="TMALoadTestWithABroadcastDim" />
    <testcase name="LoadWithBroadcast/26" value_param="({ 1, 128, 64 }, __half, 64B)" file="/opt/pytorch/nvfuser/tests/cpp/test_memory.cpp" line="554" status="run" result="completed" time="1.861" timestamp="2025-05-20T08:08:28.684" classname="TMALoadTestWithABroadcastDim" />
    <testcase name="LoadWithBroadcast/29" value_param="({ 1, 128, 64 }, float, 128B)" file="/opt/pytorch/nvfuser/tests/cpp/test_memory.cpp" line="554" status="run" result="completed" time="1.665" timestamp="2025-05-20T08:08:30.546" classname="TMALoadTestWithABroadcastDim" />
    <testcase name="LoadWithBroadcast/32" value_param="({ 1, 128, 64 }, double, NoSwizzle)" file="/opt/pytorch/nvfuser/tests/cpp/test_memory.cpp" line="554" status="run" result="completed" time="1.149" timestamp="2025-05-20T08:08:32.212" classname="TMALoadTestWithABroadcastDim" />
    <testcase name="LoadWithBroadcast/35" value_param="({ 1, 128, 64 }, double, 32B)" file="/opt/pytorch/nvfuser/tests/cpp/test_memory.cpp" line="554" status="run" result="completed" time="0.865" timestamp="2025-05-20T08:08:33.362" classname="TMALoadTestWithABroadcastDim" />
    <testcase name="LoadWithBroadcast/38" value_param="({ 1, 128, 128 }, __half, 64B)" file="/opt/pytorch/nvfuser/tests/cpp/test_memory.cpp" line="554" status="run" result="completed" time="1.938" timestamp="2025-05-20T08:08:34.228" classname="TMALoadTestWithABroadcastDim" />
    <testcase name="LoadWithBroadcast/41" value_param="({ 1, 128, 128 }, float, 128B)" file="/opt/pytorch/nvfuser/tests/cpp/test_memory.cpp" line="554" status="run" result="completed" time="1.729" timestamp="2025-05-20T08:08:36.167" classname="TMALoadTestWithABroadcastDim" />
    <testcase name="LoadWithBroadcast/44" value_param="({ 1, 128, 128 }, double, NoSwizzle)" file="/opt/pytorch/nvfuser/tests/cpp/test_memory.cpp" line="554" status="run" result="completed" time="2.704" timestamp="2025-05-20T08:08:37.896" classname="TMALoadTestWithABroadcastDim" />
    <testcase name="LoadWithBroadcast/47" value_param="({ 1, 128, 128 }, double, 32B)" file="/opt/pytorch/nvfuser/tests/cpp/test_memory.cpp" line="554" status="run" result="completed" time="1.39" timestamp="2025-05-20T08:08:40.600" classname="TMALoadTestWithABroadcastDim" />
    <testcase name="LoadWithBroadcast/50" value_param="({ 64, 1, 16 }, __half, 64B)" file="/opt/pytorch/nvfuser/tests/cpp/test_memory.cpp" line="554" status="run" result="completed" time="0.886" timestamp="2025-05-20T08:08:41.991" classname="TMALoadTestWithABroadcastDim" />
    <testcase name="LoadWithBroadcast/53" value_param="({ 64, 1, 16 }, float, 128B)" file="/opt/pytorch/nvfuser/tests/cpp/test_memory.cpp" line="554" status="run" result="completed" time="0.91" timestamp="2025-05-20T08:08:42.877" classname="TMALoadTestWithABroadcastDim" />
    <testcase name="LoadWithBroadcast/56" value_param="({ 64, 1, 16 }, double, NoSwizzle)" file="/opt/pytorch/nvfuser/tests/cpp/test_memory.cpp" line="554" status="run" result="completed" time="0.2" timestamp="2025-05-20T08:08:43.788" classname="TMALoadTestWithABroadcastDim" />
    <testcase name="LoadWithBroadcast/59" value_param="({ 64, 1, 16 }, double, 32B)" file="/opt/pytorch/nvfuser/tests/cpp/test_memory.cpp" line="554" status="run" result="completed" time="0.232" timestamp="2025-05-20T08:08:43.988" classname="TMALoadTestWithABroadcastDim" />
  </testsuite>
  <testsuite name="LdMatrixTest" tests="4" failures="0" disabled="0" skipped="0" errors="0" time="1.891" timestamp="2025-05-20T08:08:44.221">
    <testcase name="Regular/B_8x8" value_param="(8-byte object &lt;08-00 08-00 10-00 02-00&gt;, 4-byte object &lt;01-00 00-00&gt;)" file="/opt/pytorch/nvfuser/tests/cpp/test_memory.cpp" line="2847" status="run" result="completed" time="0.092" timestamp="2025-05-20T08:08:44.221" classname="LdMatrixTest" />
    <testcase name="Regular/A_64x16" value_param="(8-byte object &lt;10-00 08-00 40-00 04-00&gt;, 4-byte object &lt;00-00 00-00&gt;)" file="/opt/pytorch/nvfuser/tests/cpp/test_memory.cpp" line="2847" status="run" result="completed" time="0.708" timestamp="2025-05-20T08:08:44.314" classname="LdMatrixTest" />
    <testcase name="Transpose/B_8x8" value_param="(8-byte object &lt;08-00 08-00 10-00 02-00&gt;, 4-byte object &lt;01-00 00-00&gt;)" file="/opt/pytorch/nvfuser/tests/cpp/test_memory.cpp" line="2992" status="run" result="completed" time="0.119" timestamp="2025-05-20T08:08:45.023" classname="LdMatrixTest" />
    <testcase name="Transpose/A_64x16" value_param="(8-byte object &lt;10-00 08-00 40-00 04-00&gt;, 4-byte object &lt;00-00 00-00&gt;)" file="/opt/pytorch/nvfuser/tests/cpp/test_memory.cpp" line="2992" status="run" result="completed" time="0.969" timestamp="2025-05-20T08:08:45.142" classname="LdMatrixTest" />
  </testsuite>
  <testsuite name="StMatrixTest" tests="42" failures="0" disabled="0" skipped="11" errors="0" time="8.716" timestamp="2025-05-20T08:08:46.112">
    <testcase name="Regular/m_64_n_8_tile_m_16_tile_n_16_H" value_param="(8-byte object &lt;10-00 08-00 40-00 04-00&gt;, { 16, 16 }, __half)" file="/opt/pytorch/nvfuser/tests/cpp/test_memory.cpp" line="2901" status="run" result="skipped" time="0." timestamp="2025-05-20T08:08:46.112" classname="StMatrixTest">
      <skipped message="/opt/pytorch/nvfuser/tests/cpp/test_memory.cpp:2914&#x0A;Fractional tiling is not supported/tested&#x0A;"><![CDATA[/opt/pytorch/nvfuser/tests/cpp/test_memory.cpp:2914
Fractional tiling is not supported/tested
]]></skipped>
    </testcase>
    <testcase name="Regular/m_64_n_16_tile_m_16_tile_n_8_T" value_param="(8-byte object &lt;10-00 10-00 40-00 04-00&gt;, { 16, 8 }, __bfloat)" file="/opt/pytorch/nvfuser/tests/cpp/test_memory.cpp" line="2901" status="run" result="completed" time="0.087" timestamp="2025-05-20T08:08:46.112" classname="StMatrixTest" />
    <testcase name="Regular/m_64_n_24_tile_m_16_tile_n_8_H" value_param="(8-byte object &lt;10-00 18-00 40-00 04-00&gt;, { 16, 8 }, __half)" file="/opt/pytorch/nvfuser/tests/cpp/test_memory.cpp" line="2901" status="run" result="completed" time="0.093" timestamp="2025-05-20T08:08:46.200" classname="StMatrixTest" />
    <testcase name="Regular/m_64_n_24_tile_m_16_tile_n_16_T" value_param="(8-byte object &lt;10-00 18-00 40-00 04-00&gt;, { 16, 16 }, __bfloat)" file="/opt/pytorch/nvfuser/tests/cpp/test_memory.cpp" line="2901" status="run" result="skipped" time="0." timestamp="2025-05-20T08:08:46.293" classname="StMatrixTest">
      <skipped message="/opt/pytorch/nvfuser/tests/cpp/test_memory.cpp:2914&#x0A;Fractional tiling is not supported/tested&#x0A;"><![CDATA[/opt/pytorch/nvfuser/tests/cpp/test_memory.cpp:2914
Fractional tiling is not supported/tested
]]></skipped>
    </testcase>
    <testcase name="Regular/m_64_n_32_tile_m_16_tile_n_16_H" value_param="(8-byte object &lt;10-00 20-00 40-00 04-00&gt;, { 16, 16 }, __half)" file="/opt/pytorch/nvfuser/tests/cpp/test_memory.cpp" line="2901" status="run" result="completed" time="0.1" timestamp="2025-05-20T08:08:46.293" classname="StMatrixTest" />
    <testcase name="Regular/m_64_n_40_tile_m_16_tile_n_8_T" value_param="(8-byte object &lt;10-00 28-00 40-00 04-00&gt;, { 16, 8 }, __bfloat)" file="/opt/pytorch/nvfuser/tests/cpp/test_memory.cpp" line="2901" status="run" result="completed" time="0.107" timestamp="2025-05-20T08:08:46.393" classname="StMatrixTest" />
    <testcase name="Regular/m_64_n_48_tile_m_16_tile_n_8_H" value_param="(8-byte object &lt;10-00 30-00 40-00 04-00&gt;, { 16, 8 }, __half)" file="/opt/pytorch/nvfuser/tests/cpp/test_memory.cpp" line="2901" status="run" result="completed" time="0.115" timestamp="2025-05-20T08:08:46.501" classname="StMatrixTest" />
    <testcase name="Regular/m_64_n_48_tile_m_16_tile_n_16_T" value_param="(8-byte object &lt;10-00 30-00 40-00 04-00&gt;, { 16, 16 }, __bfloat)" file="/opt/pytorch/nvfuser/tests/cpp/test_memory.cpp" line="2901" status="run" result="completed" time="0.116" timestamp="2025-05-20T08:08:46.616" classname="StMatrixTest" />
    <testcase name="Regular/m_64_n_56_tile_m_16_tile_n_16_H" value_param="(8-byte object &lt;10-00 38-00 40-00 04-00&gt;, { 16, 16 }, __half)" file="/opt/pytorch/nvfuser/tests/cpp/test_memory.cpp" line="2901" status="run" result="skipped" time="0." timestamp="2025-05-20T08:08:46.732" classname="StMatrixTest">
      <skipped message="/opt/pytorch/nvfuser/tests/cpp/test_memory.cpp:2914&#x0A;Fractional tiling is not supported/tested&#x0A;"><![CDATA[/opt/pytorch/nvfuser/tests/cpp/test_memory.cpp:2914
Fractional tiling is not supported/tested
]]></skipped>
    </testcase>
    <testcase name="Regular/m_64_n_64_tile_m_16_tile_n_8_T" value_param="(8-byte object &lt;10-00 40-00 40-00 04-00&gt;, { 16, 8 }, __bfloat)" file="/opt/pytorch/nvfuser/tests/cpp/test_memory.cpp" line="2901" status="run" result="completed" time="0.134" timestamp="2025-05-20T08:08:46.732" classname="StMatrixTest" />
    <testcase name="Regular/m_64_n_72_tile_m_16_tile_n_8_H" value_param="(8-byte object &lt;10-00 48-00 40-00 04-00&gt;, { 16, 8 }, __half)" file="/opt/pytorch/nvfuser/tests/cpp/test_memory.cpp" line="2901" status="run" result="completed" time="0.15" timestamp="2025-05-20T08:08:46.867" classname="StMatrixTest" />
    <testcase name="Regular/m_64_n_72_tile_m_16_tile_n_16_T" value_param="(8-byte object &lt;10-00 48-00 40-00 04-00&gt;, { 16, 16 }, __bfloat)" file="/opt/pytorch/nvfuser/tests/cpp/test_memory.cpp" line="2901" status="run" result="skipped" time="0." timestamp="2025-05-20T08:08:47.017" classname="StMatrixTest">
      <skipped message="/opt/pytorch/nvfuser/tests/cpp/test_memory.cpp:2914&#x0A;Fractional tiling is not supported/tested&#x0A;"><![CDATA[/opt/pytorch/nvfuser/tests/cpp/test_memory.cpp:2914
Fractional tiling is not supported/tested
]]></skipped>
    </testcase>
    <testcase name="Regular/m_64_n_80_tile_m_16_tile_n_16_H" value_param="(8-byte object &lt;10-00 50-00 40-00 04-00&gt;, { 16, 16 }, __half)" file="/opt/pytorch/nvfuser/tests/cpp/test_memory.cpp" line="2901" status="run" result="completed" time="0.158" timestamp="2025-05-20T08:08:47.017" classname="StMatrixTest" />
    <testcase name="Regular/m_64_n_88_tile_m_16_tile_n_8_T" value_param="(8-byte object &lt;10-00 58-00 40-00 04-00&gt;, { 16, 8 }, __bfloat)" file="/opt/pytorch/nvfuser/tests/cpp/test_memory.cpp" line="2901" status="run" result="completed" time="0.169" timestamp="2025-05-20T08:08:47.175" classname="StMatrixTest" />
    <testcase name="Regular/m_64_n_96_tile_m_16_tile_n_8_H" value_param="(8-byte object &lt;10-00 60-00 40-00 04-00&gt;, { 16, 8 }, __half)" file="/opt/pytorch/nvfuser/tests/cpp/test_memory.cpp" line="2901" status="run" result="completed" time="0.183" timestamp="2025-05-20T08:08:47.345" classname="StMatrixTest" />
    <testcase name="Regular/m_64_n_96_tile_m_16_tile_n_16_T" value_param="(8-byte object &lt;10-00 60-00 40-00 04-00&gt;, { 16, 16 }, __bfloat)" file="/opt/pytorch/nvfuser/tests/cpp/test_memory.cpp" line="2901" status="run" result="completed" time="0.185" timestamp="2025-05-20T08:08:47.528" classname="StMatrixTest" />
    <testcase name="Regular/m_64_n_104_tile_m_16_tile_n_16_H" value_param="(8-byte object &lt;10-00 68-00 40-00 04-00&gt;, { 16, 16 }, __half)" file="/opt/pytorch/nvfuser/tests/cpp/test_memory.cpp" line="2901" status="run" result="skipped" time="0." timestamp="2025-05-20T08:08:47.714" classname="StMatrixTest">
      <skipped message="/opt/pytorch/nvfuser/tests/cpp/test_memory.cpp:2914&#x0A;Fractional tiling is not supported/tested&#x0A;"><![CDATA[/opt/pytorch/nvfuser/tests/cpp/test_memory.cpp:2914
Fractional tiling is not supported/tested
]]></skipped>
    </testcase>
    <testcase name="Regular/m_64_n_112_tile_m_16_tile_n_8_T" value_param="(8-byte object &lt;10-00 70-00 40-00 04-00&gt;, { 16, 8 }, __bfloat)" file="/opt/pytorch/nvfuser/tests/cpp/test_memory.cpp" line="2901" status="run" result="completed" time="0.21" timestamp="2025-05-20T08:08:47.714" classname="StMatrixTest" />
    <testcase name="Regular/m_64_n_120_tile_m_16_tile_n_8_H" value_param="(8-byte object &lt;10-00 78-00 40-00 04-00&gt;, { 16, 8 }, __half)" file="/opt/pytorch/nvfuser/tests/cpp/test_memory.cpp" line="2901" status="run" result="completed" time="0.223" timestamp="2025-05-20T08:08:47.924" classname="StMatrixTest" />
    <testcase name="Regular/m_64_n_120_tile_m_16_tile_n_16_T" value_param="(8-byte object &lt;10-00 78-00 40-00 04-00&gt;, { 16, 16 }, __bfloat)" file="/opt/pytorch/nvfuser/tests/cpp/test_memory.cpp" line="2901" status="run" result="skipped" time="0." timestamp="2025-05-20T08:08:48.148" classname="StMatrixTest">
      <skipped message="/opt/pytorch/nvfuser/tests/cpp/test_memory.cpp:2914&#x0A;Fractional tiling is not supported/tested&#x0A;"><![CDATA[/opt/pytorch/nvfuser/tests/cpp/test_memory.cpp:2914
Fractional tiling is not supported/tested
]]></skipped>
    </testcase>
    <testcase name="Regular/m_64_n_128_tile_m_16_tile_n_16_H" value_param="(8-byte object &lt;10-00 80-00 40-00 04-00&gt;, { 16, 16 }, __half)" file="/opt/pytorch/nvfuser/tests/cpp/test_memory.cpp" line="2901" status="run" result="completed" time="0.239" timestamp="2025-05-20T08:08:48.148" classname="StMatrixTest" />
    <testcase name="Regular/m_64_n_136_tile_m_16_tile_n_8_T" value_param="(8-byte object &lt;10-00 88-00 40-00 04-00&gt;, { 16, 8 }, __bfloat)" file="/opt/pytorch/nvfuser/tests/cpp/test_memory.cpp" line="2901" status="run" result="completed" time="0.255" timestamp="2025-05-20T08:08:48.388" classname="StMatrixTest" />
    <testcase name="Regular/m_64_n_144_tile_m_16_tile_n_8_H" value_param="(8-byte object &lt;10-00 90-00 40-00 04-00&gt;, { 16, 8 }, __half)" file="/opt/pytorch/nvfuser/tests/cpp/test_memory.cpp" line="2901" status="run" result="completed" time="0.272" timestamp="2025-05-20T08:08:48.643" classname="StMatrixTest" />
    <testcase name="Regular/m_64_n_144_tile_m_16_tile_n_16_T" value_param="(8-byte object &lt;10-00 90-00 40-00 04-00&gt;, { 16, 16 }, __bfloat)" file="/opt/pytorch/nvfuser/tests/cpp/test_memory.cpp" line="2901" status="run" result="completed" time="0.273" timestamp="2025-05-20T08:08:48.916" classname="StMatrixTest" />
    <testcase name="Regular/m_64_n_152_tile_m_16_tile_n_16_H" value_param="(8-byte object &lt;10-00 98-00 40-00 04-00&gt;, { 16, 16 }, __half)" file="/opt/pytorch/nvfuser/tests/cpp/test_memory.cpp" line="2901" status="run" result="skipped" time="0." timestamp="2025-05-20T08:08:49.189" classname="StMatrixTest">
      <skipped message="/opt/pytorch/nvfuser/tests/cpp/test_memory.cpp:2914&#x0A;Fractional tiling is not supported/tested&#x0A;"><![CDATA[/opt/pytorch/nvfuser/tests/cpp/test_memory.cpp:2914
Fractional tiling is not supported/tested
]]></skipped>
    </testcase>
    <testcase name="Regular/m_64_n_160_tile_m_16_tile_n_8_T" value_param="(8-byte object &lt;10-00 A0-00 40-00 04-00&gt;, { 16, 8 }, __bfloat)" file="/opt/pytorch/nvfuser/tests/cpp/test_memory.cpp" line="2901" status="run" result="completed" time="0.308" timestamp="2025-05-20T08:08:49.189" classname="StMatrixTest" />
    <testcase name="Regular/m_64_n_168_tile_m_16_tile_n_8_H" value_param="(8-byte object &lt;10-00 A8-00 40-00 04-00&gt;, { 16, 8 }, __half)" file="/opt/pytorch/nvfuser/tests/cpp/test_memory.cpp" line="2901" status="run" result="completed" time="0.327" timestamp="2025-05-20T08:08:49.498" classname="StMatrixTest" />
    <testcase name="Regular/m_64_n_168_tile_m_16_tile_n_16_T" value_param="(8-byte object &lt;10-00 A8-00 40-00 04-00&gt;, { 16, 16 }, __bfloat)" file="/opt/pytorch/nvfuser/tests/cpp/test_memory.cpp" line="2901" status="run" result="skipped" time="0." timestamp="2025-05-20T08:08:49.825" classname="StMatrixTest">
      <skipped message="/opt/pytorch/nvfuser/tests/cpp/test_memory.cpp:2914&#x0A;Fractional tiling is not supported/tested&#x0A;"><![CDATA[/opt/pytorch/nvfuser/tests/cpp/test_memory.cpp:2914
Fractional tiling is not supported/tested
]]></skipped>
    </testcase>
    <testcase name="Regular/m_64_n_176_tile_m_16_tile_n_16_H" value_param="(8-byte object &lt;10-00 B0-00 40-00 04-00&gt;, { 16, 16 }, __half)" file="/opt/pytorch/nvfuser/tests/cpp/test_memory.cpp" line="2901" status="run" result="completed" time="0.346" timestamp="2025-05-20T08:08:49.825" classname="StMatrixTest" />
    <testcase name="Regular/m_64_n_184_tile_m_16_tile_n_8_T" value_param="(8-byte object &lt;10-00 B8-00 40-00 04-00&gt;, { 16, 8 }, __bfloat)" file="/opt/pytorch/nvfuser/tests/cpp/test_memory.cpp" line="2901" status="run" result="completed" time="0.368" timestamp="2025-05-20T08:08:50.171" classname="StMatrixTest" />
    <testcase name="Regular/m_64_n_192_tile_m_16_tile_n_8_H" value_param="(8-byte object &lt;10-00 C0-00 40-00 04-00&gt;, { 16, 8 }, __half)" file="/opt/pytorch/nvfuser/tests/cpp/test_memory.cpp" line="2901" status="run" result="completed" time="0.388" timestamp="2025-05-20T08:08:50.539" classname="StMatrixTest" />
    <testcase name="Regular/m_64_n_192_tile_m_16_tile_n_16_T" value_param="(8-byte object &lt;10-00 C0-00 40-00 04-00&gt;, { 16, 16 }, __bfloat)" file="/opt/pytorch/nvfuser/tests/cpp/test_memory.cpp" line="2901" status="run" result="completed" time="0.387" timestamp="2025-05-20T08:08:50.928" classname="StMatrixTest" />
    <testcase name="Regular/m_64_n_200_tile_m_16_tile_n_16_H" value_param="(8-byte object &lt;10-00 C8-00 40-00 04-00&gt;, { 16, 16 }, __half)" file="/opt/pytorch/nvfuser/tests/cpp/test_memory.cpp" line="2901" status="run" result="skipped" time="0." timestamp="2025-05-20T08:08:51.316" classname="StMatrixTest">
      <skipped message="/opt/pytorch/nvfuser/tests/cpp/test_memory.cpp:2914&#x0A;Fractional tiling is not supported/tested&#x0A;"><![CDATA[/opt/pytorch/nvfuser/tests/cpp/test_memory.cpp:2914
Fractional tiling is not supported/tested
]]></skipped>
    </testcase>
    <testcase name="Regular/m_64_n_208_tile_m_16_tile_n_8_T" value_param="(8-byte object &lt;10-00 D0-00 40-00 04-00&gt;, { 16, 8 }, __bfloat)" file="/opt/pytorch/nvfuser/tests/cpp/test_memory.cpp" line="2901" status="run" result="completed" time="0.434" timestamp="2025-05-20T08:08:51.316" classname="StMatrixTest" />
    <testcase name="Regular/m_64_n_216_tile_m_16_tile_n_8_H" value_param="(8-byte object &lt;10-00 D8-00 40-00 04-00&gt;, { 16, 8 }, __half)" file="/opt/pytorch/nvfuser/tests/cpp/test_memory.cpp" line="2901" status="run" result="completed" time="0.456" timestamp="2025-05-20T08:08:51.750" classname="StMatrixTest" />
    <testcase name="Regular/m_64_n_216_tile_m_16_tile_n_16_T" value_param="(8-byte object &lt;10-00 D8-00 40-00 04-00&gt;, { 16, 16 }, __bfloat)" file="/opt/pytorch/nvfuser/tests/cpp/test_memory.cpp" line="2901" status="run" result="skipped" time="0." timestamp="2025-05-20T08:08:52.206" classname="StMatrixTest">
      <skipped message="/opt/pytorch/nvfuser/tests/cpp/test_memory.cpp:2914&#x0A;Fractional tiling is not supported/tested&#x0A;"><![CDATA[/opt/pytorch/nvfuser/tests/cpp/test_memory.cpp:2914
Fractional tiling is not supported/tested
]]></skipped>
    </testcase>
    <testcase name="Regular/m_64_n_224_tile_m_16_tile_n_16_H" value_param="(8-byte object &lt;10-00 E0-00 40-00 04-00&gt;, { 16, 16 }, __half)" file="/opt/pytorch/nvfuser/tests/cpp/test_memory.cpp" line="2901" status="run" result="completed" time="0.477" timestamp="2025-05-20T08:08:52.207" classname="StMatrixTest" />
    <testcase name="Regular/m_64_n_232_tile_m_16_tile_n_8_T" value_param="(8-byte object &lt;10-00 E8-00 40-00 04-00&gt;, { 16, 8 }, __bfloat)" file="/opt/pytorch/nvfuser/tests/cpp/test_memory.cpp" line="2901" status="run" result="completed" time="0.503" timestamp="2025-05-20T08:08:52.684" classname="StMatrixTest" />
    <testcase name="Regular/m_64_n_240_tile_m_16_tile_n_8_H" value_param="(8-byte object &lt;10-00 F0-00 40-00 04-00&gt;, { 16, 8 }, __half)" file="/opt/pytorch/nvfuser/tests/cpp/test_memory.cpp" line="2901" status="run" result="completed" time="0.53" timestamp="2025-05-20T08:08:53.188" classname="StMatrixTest" />
    <testcase name="Regular/m_64_n_240_tile_m_16_tile_n_16_T" value_param="(8-byte object &lt;10-00 F0-00 40-00 04-00&gt;, { 16, 16 }, __bfloat)" file="/opt/pytorch/nvfuser/tests/cpp/test_memory.cpp" line="2901" status="run" result="completed" time="0.528" timestamp="2025-05-20T08:08:53.719" classname="StMatrixTest" />
    <testcase name="Regular/m_64_n_248_tile_m_16_tile_n_16_H" value_param="(8-byte object &lt;10-00 F8-00 40-00 04-00&gt;, { 16, 16 }, __half)" file="/opt/pytorch/nvfuser/tests/cpp/test_memory.cpp" line="2901" status="run" result="skipped" time="0." timestamp="2025-05-20T08:08:54.247" classname="StMatrixTest">
      <skipped message="/opt/pytorch/nvfuser/tests/cpp/test_memory.cpp:2914&#x0A;Fractional tiling is not supported/tested&#x0A;"><![CDATA[/opt/pytorch/nvfuser/tests/cpp/test_memory.cpp:2914
Fractional tiling is not supported/tested
]]></skipped>
    </testcase>
    <testcase name="Regular/m_64_n_256_tile_m_16_tile_n_8_T" value_param="(8-byte object &lt;10-00 00-01 40-00 04-00&gt;, { 16, 8 }, __bfloat)" file="/opt/pytorch/nvfuser/tests/cpp/test_memory.cpp" line="2901" status="run" result="completed" time="0.582" timestamp="2025-05-20T08:08:54.247" classname="StMatrixTest" />
  </testsuite>
  <testsuite name="PersistentBufferTest/LayerNormSharedMemoryTest" tests="9" failures="0" disabled="0" skipped="0" errors="0" time="7.016" timestamp="2025-05-20T08:08:54.829">
    <testcase name="FusionLayerNormSharedMemoryBuffer_CUDA/dtype___half_hidden_32768" value_param="(__half, 32768)" file="/opt/pytorch/nvfuser/tests/cpp/test_persistent_buffer.cpp" line="1443" status="run" result="completed" time="0.599" timestamp="2025-05-20T08:08:54.829" classname="PersistentBufferTest/LayerNormSharedMemoryTest" />
    <testcase name="FusionLayerNormSharedMemoryBuffer_CUDA/dtype___half_hidden_45056" value_param="(__half, 45056)" file="/opt/pytorch/nvfuser/tests/cpp/test_persistent_buffer.cpp" line="1443" status="run" result="completed" time="0.652" timestamp="2025-05-20T08:08:55.429" classname="PersistentBufferTest/LayerNormSharedMemoryTest" />
    <testcase name="FusionLayerNormSharedMemoryBuffer_CUDA/dtype___half_hidden_57344" value_param="(__half, 57344)" file="/opt/pytorch/nvfuser/tests/cpp/test_persistent_buffer.cpp" line="1443" status="run" result="completed" time="0.656" timestamp="2025-05-20T08:08:56.081" classname="PersistentBufferTest/LayerNormSharedMemoryTest" />
    <testcase name="FusionLayerNormSharedMemoryBuffer_CUDA/dtype___half_hidden_69632" value_param="(__half, 69632)" file="/opt/pytorch/nvfuser/tests/cpp/test_persistent_buffer.cpp" line="1443" status="run" result="completed" time="0.779" timestamp="2025-05-20T08:08:56.738" classname="PersistentBufferTest/LayerNormSharedMemoryTest" />
    <testcase name="FusionLayerNormSharedMemoryBuffer_CUDA/dtype___half_hidden_81920" value_param="(__half, 81920)" file="/opt/pytorch/nvfuser/tests/cpp/test_persistent_buffer.cpp" line="1443" status="run" result="completed" time="1.24" timestamp="2025-05-20T08:08:57.517" classname="PersistentBufferTest/LayerNormSharedMemoryTest" />
    <testcase name="FusionLayerNormSharedMemoryBuffer_CUDA/dtype_float_hidden_40960" value_param="(float, 40960)" file="/opt/pytorch/nvfuser/tests/cpp/test_persistent_buffer.cpp" line="1443" status="run" result="completed" time="0.81" timestamp="2025-05-20T08:08:58.757" classname="PersistentBufferTest/LayerNormSharedMemoryTest" />
    <testcase name="FusionLayerNormSharedMemoryBuffer_CUDA/dtype_float_hidden_53248" value_param="(float, 53248)" file="/opt/pytorch/nvfuser/tests/cpp/test_persistent_buffer.cpp" line="1443" status="run" result="completed" time="0.647" timestamp="2025-05-20T08:08:59.567" classname="PersistentBufferTest/LayerNormSharedMemoryTest" />
    <testcase name="FusionLayerNormSharedMemoryBuffer_CUDA/dtype_float_hidden_65536" value_param="(float, 65536)" file="/opt/pytorch/nvfuser/tests/cpp/test_persistent_buffer.cpp" line="1443" status="run" result="completed" time="0.755" timestamp="2025-05-20T08:09:00.215" classname="PersistentBufferTest/LayerNormSharedMemoryTest" />
    <testcase name="FusionLayerNormSharedMemoryBuffer_CUDA/dtype_float_hidden_77824" value_param="(float, 77824)" file="/opt/pytorch/nvfuser/tests/cpp/test_persistent_buffer.cpp" line="1443" status="run" result="completed" time="0.875" timestamp="2025-05-20T08:09:00.970" classname="PersistentBufferTest/LayerNormSharedMemoryTest" />
  </testsuite>
  <testsuite name="PointwiseParamsTest" tests="3" failures="0" disabled="0" skipped="0" errors="0" time="0.347" timestamp="2025-05-20T08:09:01.846">
    <testcase name="UnrollOnTopOfVectorize/vect_1_inner_unroll_1_outer_unroll_2" value_param="(1, 1, 2)" file="/opt/pytorch/nvfuser/tests/cpp/test_pointwise.cpp" line="668" status="run" result="completed" time="0.113" timestamp="2025-05-20T08:09:01.846" classname="PointwiseParamsTest" />
    <testcase name="UnrollOnTopOfVectorize/vect_4_inner_unroll_1_outer_unroll_1" value_param="(4, 1, 1)" file="/opt/pytorch/nvfuser/tests/cpp/test_pointwise.cpp" line="668" status="run" result="completed" time="0.1" timestamp="2025-05-20T08:09:01.959" classname="PointwiseParamsTest" />
    <testcase name="UnrollOnTopOfVectorize/vect_4_inner_unroll_2_outer_unroll_2" value_param="(4, 2, 2)" file="/opt/pytorch/nvfuser/tests/cpp/test_pointwise.cpp" line="668" status="run" result="completed" time="0.133" timestamp="2025-05-20T08:09:02.060" classname="PointwiseParamsTest" />
  </testsuite>
  <testsuite name="TranslateNoReductionMatmulTest" tests="3" failures="0" disabled="0" skipped="0" errors="0" time="0.342" timestamp="2025-05-20T08:09:02.193">
    <testcase name="Test/1_1x8" value_param="48-byte object &lt;30-C6 B8-5F BC-55 00-00 38-C6 B8-5F BC-55 00-00 38-C6 B8-5F BC-55 00-00 50-6A BE-5F BC-55 00-00 60-6A BE-5F BC-55 00-00 60-6A BE-5F BC-55 00-00&gt;" file="/opt/pytorch/nvfuser/tests/cpp/test_preseg_passes.cpp" line="1294" status="run" result="completed" time="0.111" timestamp="2025-05-20T08:09:02.193" classname="TranslateNoReductionMatmulTest" />
    <testcase name="Test/4x1_2x1x5" value_param="48-byte object &lt;D0-CC B8-5F BC-55 00-00 E0-CC B8-5F BC-55 00-00 E0-CC B8-5F BC-55 00-00 80-94 B8-5F BC-55 00-00 98-94 B8-5F BC-55 00-00 98-94 B8-5F BC-55 00-00&gt;" file="/opt/pytorch/nvfuser/tests/cpp/test_preseg_passes.cpp" line="1294" status="run" result="completed" time="0.143" timestamp="2025-05-20T08:09:02.305" classname="TranslateNoReductionMatmulTest" />
    <testcase name="Test/3x4x1_1" value_param="48-byte object &lt;70-72 BE-5F BC-55 00-00 88-72 BE-5F BC-55 00-00 88-72 BE-5F BC-55 00-00 50-72 BE-5F BC-55 00-00 58-72 BE-5F BC-55 00-00 58-72 BE-5F BC-55 00-00&gt;" file="/opt/pytorch/nvfuser/tests/cpp/test_preseg_passes.cpp" line="1294" status="run" result="completed" time="0.088" timestamp="2025-05-20T08:09:02.448" classname="TranslateNoReductionMatmulTest" />
  </testsuite>
  <testsuite name="MistralRopeTest" tests="1" failures="0" disabled="0" skipped="0" errors="0" time="1.774" timestamp="2025-05-20T08:09:02.536">
    <testcase name="Fwd2/32_128_8_128_1_4096" value_param="48-byte object &lt;20-00 00-00 00-00 00-00 80-00 00-00 00-00 00-00 08-00 00-00 00-00 00-00 80-00 00-00 00-00 00-00 01-00 00-00 00-00 00-00 00-10 00-00 00-00 00-00&gt;" file="/opt/pytorch/nvfuser/tests/cpp/test_rope.cpp" line="231" status="run" result="completed" time="1.774" timestamp="2025-05-20T08:09:02.536" classname="MistralRopeTest" />
  </testsuite>
  <testsuite name="Phi3RopeTest" tests="1" failures="0" disabled="0" skipped="0" errors="0" time="1.268" timestamp="2025-05-20T08:09:04.311">
    <testcase name="Bwd/32_96_32_128_1_8192" value_param="48-byte object &lt;20-00 00-00 00-00 00-00 60-00 00-00 00-00 00-00 20-00 00-00 00-00 00-00 80-00 00-00 00-00 00-00 01-00 00-00 00-00 00-00 00-20 00-00 00-00 00-00&gt;" file="/opt/pytorch/nvfuser/tests/cpp/test_rope.cpp" line="1058" status="run" result="completed" time="1.268" timestamp="2025-05-20T08:09:04.311" classname="Phi3RopeTest" />
  </testsuite>
  <testsuite name="LitgptRopeTest" tests="2" failures="0" disabled="0" skipped="0" errors="0" time="2.549" timestamp="2025-05-20T08:09:05.579">
    <testcase name="Fwd/4_16_4_16_2_8" value_param="48-byte object &lt;04-00 00-00 00-00 00-00 10-00 00-00 00-00 00-00 04-00 00-00 00-00 00-00 10-00 00-00 00-00 00-00 02-00 00-00 00-00 00-00 08-00 00-00 00-00 00-00&gt;" file="/opt/pytorch/nvfuser/tests/cpp/test_rope.cpp" line="1237" status="run" result="completed" time="0.582" timestamp="2025-05-20T08:09:05.579" classname="LitgptRopeTest" />
    <testcase name="Bwd/32_128_8_128_2_8192" value_param="48-byte object &lt;20-00 00-00 00-00 00-00 80-00 00-00 00-00 00-00 08-00 00-00 00-00 00-00 80-00 00-00 00-00 00-00 02-00 00-00 00-00 00-00 00-20 00-00 00-00 00-00&gt;" file="/opt/pytorch/nvfuser/tests/cpp/test_rope.cpp" line="1447" status="run" result="completed" time="1.967" timestamp="2025-05-20T08:09:06.162" classname="LitgptRopeTest" />
  </testsuite>
  <testsuite name="TMemAllocationSize" tests="4" failures="0" disabled="0" skipped="4" errors="0" time="0." timestamp="2025-05-20T08:09:08.129">
    <testcase name="CopyKernel/32cols" value_param="32" file="/opt/pytorch/nvfuser/tests/cpp/test_tmem.cpp" line="405" status="run" result="skipped" time="0." timestamp="2025-05-20T08:09:08.129" classname="TMemAllocationSize">
      <skipped message="/opt/pytorch/nvfuser/tests/cpp/utils.h:570&#x0A;skipping tests on non-Blackwell GPUs&#x0A;"><![CDATA[/opt/pytorch/nvfuser/tests/cpp/utils.h:570
skipping tests on non-Blackwell GPUs
]]></skipped>
    </testcase>
    <testcase name="CopyKernel/64cols" value_param="64" file="/opt/pytorch/nvfuser/tests/cpp/test_tmem.cpp" line="405" status="run" result="skipped" time="0." timestamp="2025-05-20T08:09:08.129" classname="TMemAllocationSize">
      <skipped message="/opt/pytorch/nvfuser/tests/cpp/utils.h:570&#x0A;skipping tests on non-Blackwell GPUs&#x0A;"><![CDATA[/opt/pytorch/nvfuser/tests/cpp/utils.h:570
skipping tests on non-Blackwell GPUs
]]></skipped>
    </testcase>
    <testcase name="CopyKernel/128cols" value_param="128" file="/opt/pytorch/nvfuser/tests/cpp/test_tmem.cpp" line="405" status="run" result="skipped" time="0." timestamp="2025-05-20T08:09:08.129" classname="TMemAllocationSize">
      <skipped message="/opt/pytorch/nvfuser/tests/cpp/utils.h:570&#x0A;skipping tests on non-Blackwell GPUs&#x0A;"><![CDATA[/opt/pytorch/nvfuser/tests/cpp/utils.h:570
skipping tests on non-Blackwell GPUs
]]></skipped>
    </testcase>
    <testcase name="CopyKernel/256cols" value_param="256" file="/opt/pytorch/nvfuser/tests/cpp/test_tmem.cpp" line="405" status="run" result="skipped" time="0." timestamp="2025-05-20T08:09:08.129" classname="TMemAllocationSize">
      <skipped message="/opt/pytorch/nvfuser/tests/cpp/utils.h:570&#x0A;skipping tests on non-Blackwell GPUs&#x0A;"><![CDATA[/opt/pytorch/nvfuser/tests/cpp/utils.h:570
skipping tests on non-Blackwell GPUs
]]></skipped>
    </testcase>
  </testsuite>
  <testsuite name="UnaryTests/UnaryTest" tests="3" failures="0" disabled="0" skipped="0" errors="0" time="0.338" timestamp="2025-05-20T08:09:08.129">
    <testcase name="Neg/__bfloat" value_param="__bfloat" file="/opt/pytorch/nvfuser/tests/cpp/test_unary.cpp" line="22" status="run" result="completed" time="0.101" timestamp="2025-05-20T08:09:08.129" classname="UnaryTests/UnaryTest" />
    <testcase name="Neg/int" value_param="int" file="/opt/pytorch/nvfuser/tests/cpp/test_unary.cpp" line="22" status="run" result="completed" time="0.098" timestamp="2025-05-20T08:09:08.230" classname="UnaryTests/UnaryTest" />
    <testcase name="Neg/std__complex_double_" value_param="std::complex&lt;double&gt;" file="/opt/pytorch/nvfuser/tests/cpp/test_unary.cpp" line="22" status="run" result="completed" time="0.138" timestamp="2025-05-20T08:09:08.329" classname="UnaryTests/UnaryTest" />
  </testsuite>
</testsuites>
