<?xml version="1.0" encoding="UTF-8"?>
<testsuites tests="27" failures="0" disabled="0" errors="0" time="11.635" timestamp="2025-04-30T07:37:14.673" name="AllTests">
  <testsuite name="StreamTest" tests="2" failures="0" disabled="0" skipped="0" errors="0" time="0.251" timestamp="2025-04-30T07:37:14.673">
    <testcase name="HostIrSetStream" file="/opt/pytorch/nvfuser/tests/cpp/test_host_irs.cpp" line="528" status="run" result="completed" time="0.251" timestamp="2025-04-30T07:37:14.673" classname="StreamTest" />
    <testcase name="ByIndex" file="/opt/pytorch/nvfuser/tests/cpp/test_host_irs.cpp" line="589" status="run" result="completed" time="0." timestamp="2025-04-30T07:37:14.925" classname="StreamTest" />
  </testsuite>
  <testsuite name="LinearHostIrTest" tests="1" failures="0" disabled="0" skipped="0" errors="0" time="0.109" timestamp="2025-04-30T07:37:14.925">
    <testcase name="HostIr" file="/opt/pytorch/nvfuser/tests/cpp/test_host_irs.cpp" line="906" status="run" result="completed" time="0.109" timestamp="2025-04-30T07:37:14.925" classname="LinearHostIrTest" />
  </testsuite>
  <testsuite name="ReductionHostIrTest" tests="1" failures="0" disabled="0" skipped="0" errors="0" time="0.005" timestamp="2025-04-30T07:37:15.034">
    <testcase name="Sum" file="/opt/pytorch/nvfuser/tests/cpp/test_host_irs.cpp" line="1089" status="run" result="completed" time="0.005" timestamp="2025-04-30T07:37:15.034" classname="ReductionHostIrTest" />
  </testsuite>
  <testsuite name="AllocationTest" tests="1" failures="0" disabled="0" skipped="0" errors="0" time="0." timestamp="2025-04-30T07:37:15.039">
    <testcase name="inHostForLoop" file="/opt/pytorch/nvfuser/tests/cpp/test_host_irs.cpp" line="1197" status="run" result="completed" time="0." timestamp="2025-04-30T07:37:15.039" classname="AllocationTest" />
  </testsuite>
  <testsuite name="HirAlias" tests="1" failures="0" disabled="0" skipped="0" errors="0" time="0." timestamp="2025-04-30T07:37:15.040">
    <testcase name="ThrowOnInputAlias" file="/opt/pytorch/nvfuser/tests/cpp/test_host_irs.cpp" line="1296" status="run" result="completed" time="0." timestamp="2025-04-30T07:37:15.040" classname="HirAlias" />
  </testsuite>
  <testsuite name="HirReductionOpTest" tests="1" failures="0" disabled="0" skipped="0" errors="0" time="0." timestamp="2025-04-30T07:37:15.040">
    <testcase name="PreAllocatedOutputs" file="/opt/pytorch/nvfuser/tests/cpp/test_host_irs.cpp" line="1472" status="run" result="completed" time="0." timestamp="2025-04-30T07:37:15.040" classname="HirReductionOpTest" />
  </testsuite>
  <testsuite name="HostIrIntegrationTest" tests="2" failures="0" disabled="0" skipped="0" errors="0" time="0.001" timestamp="2025-04-30T07:37:15.040">
    <testcase name="Set_Kernel" file="/opt/pytorch/nvfuser/tests/cpp/test_host_ir_integration.cpp" line="74" status="run" result="completed" time="0.001" timestamp="2025-04-30T07:37:15.040" classname="HostIrIntegrationTest" />
    <testcase name="Deallocate" file="/opt/pytorch/nvfuser/tests/cpp/test_host_ir_integration.cpp" line="150" status="run" result="completed" time="0." timestamp="2025-04-30T07:37:15.041" classname="HostIrIntegrationTest" />
  </testsuite>
  <testsuite name="HirLowerStreamTest" tests="5" failures="0" disabled="0" skipped="0" errors="0" time="0.011" timestamp="2025-04-30T07:37:15.041">
    <testcase name="Merge" file="/opt/pytorch/nvfuser/tests/cpp/test_host_ir_stream_lowering.cpp" line="57" status="run" result="completed" time="0." timestamp="2025-04-30T07:37:15.041" classname="HirLowerStreamTest" />
    <testcase name="SingleBinaryOp" file="/opt/pytorch/nvfuser/tests/cpp/test_host_ir_stream_lowering.cpp" line="130" status="run" result="completed" time="0.001" timestamp="2025-04-30T07:37:15.042" classname="HirLowerStreamTest" />
    <testcase name="ReductionUnsupported" file="/opt/pytorch/nvfuser/tests/cpp/test_host_ir_stream_lowering.cpp" line="237" status="run" result="completed" time="0." timestamp="2025-04-30T07:37:15.043" classname="HirLowerStreamTest" />
    <testcase name="BatchedMatmul" file="/opt/pytorch/nvfuser/tests/cpp/test_host_ir_stream_lowering.cpp" line="319" status="run" result="completed" time="0.009" timestamp="2025-04-30T07:37:15.043" classname="HirLowerStreamTest" />
    <testcase name="DoNotSupportPostOnStream" file="/opt/pytorch/nvfuser/tests/cpp/test_host_ir_stream_lowering.cpp" line="412" status="run" result="completed" time="0." timestamp="2025-04-30T07:37:15.053" classname="HirLowerStreamTest" />
  </testsuite>
  <testsuite name="MultiDeviceExecutorLowerStreamTest" tests="5" failures="0" disabled="0" skipped="0" errors="0" time="0.002" timestamp="2025-04-30T07:37:15.053">
    <testcase name="Merge" file="/opt/pytorch/nvfuser/tests/cpp/test_host_ir_stream_lowering.cpp" line="487" status="run" result="completed" time="0." timestamp="2025-04-30T07:37:15.053" classname="MultiDeviceExecutorLowerStreamTest" />
    <testcase name="SingleBinaryOp" file="/opt/pytorch/nvfuser/tests/cpp/test_host_ir_stream_lowering.cpp" line="553" status="run" result="completed" time="0." timestamp="2025-04-30T07:37:15.053" classname="MultiDeviceExecutorLowerStreamTest" />
    <testcase name="ReductionUnsupported" file="/opt/pytorch/nvfuser/tests/cpp/test_host_ir_stream_lowering.cpp" line="644" status="run" result="completed" time="0." timestamp="2025-04-30T07:37:15.054" classname="MultiDeviceExecutorLowerStreamTest" />
    <testcase name="BatchedMatmul" file="/opt/pytorch/nvfuser/tests/cpp/test_host_ir_stream_lowering.cpp" line="715" status="run" result="completed" time="0.001" timestamp="2025-04-30T07:37:15.054" classname="MultiDeviceExecutorLowerStreamTest" />
    <testcase name="DoNotSupportPostOnStream" file="/opt/pytorch/nvfuser/tests/cpp/test_host_ir_stream_lowering.cpp" line="797" status="run" result="completed" time="0." timestamp="2025-04-30T07:37:15.055" classname="MultiDeviceExecutorLowerStreamTest" />
  </testsuite>
  <testsuite name="HostIrTest" tests="3" failures="0" disabled="0" skipped="0" errors="0" time="11.168" timestamp="2025-04-30T07:37:15.056">
    <testcase name="TwoFusions/useFusionExecutor" value_param="(false)" file="/opt/pytorch/nvfuser/tests/cpp/test_host_irs.cpp" line="159" status="run" result="completed" time="5.675" timestamp="2025-04-30T07:37:15.056" classname="HostIrTest" />
    <testcase name="ThreeFusions/useFusionExecutorCache" value_param="(true)" file="/opt/pytorch/nvfuser/tests/cpp/test_host_irs.cpp" line="253" status="run" result="completed" time="0.253" timestamp="2025-04-30T07:37:20.732" classname="HostIrTest" />
    <testcase name="PreAllocatedOutputs/useFusionExecutor" value_param="(false)" file="/opt/pytorch/nvfuser/tests/cpp/test_host_irs.cpp" line="459" status="run" result="completed" time="5.239" timestamp="2025-04-30T07:37:20.985" classname="HostIrTest" />
  </testsuite>
  <testsuite name="StreamHostIrTest" tests="1" failures="0" disabled="0" skipped="0" errors="0" time="0.084" timestamp="2025-04-30T07:37:26.224">
    <testcase name="SingleFusionMultipleStreams/useFusionExecutorCache_NStreams1_NIterations8" value_param="(true, 1, 8)" file="/opt/pytorch/nvfuser/tests/cpp/test_host_irs.cpp" line="648" status="run" result="completed" time="0.084" timestamp="2025-04-30T07:37:26.224" classname="StreamHostIrTest" />
  </testsuite>
  <testsuite name="SliceHostIrTest" tests="1" failures="0" disabled="0" skipped="0" errors="0" time="0." timestamp="2025-04-30T07:37:26.308">
    <testcase name="SlicingTensor/SliceOpNotInTopLevelExpr" value_param="false" file="/opt/pytorch/nvfuser/tests/cpp/test_host_irs.cpp" line="756" status="run" result="completed" time="0." timestamp="2025-04-30T07:37:26.308" classname="SliceHostIrTest" />
  </testsuite>
  <testsuite name="SelectHostIrTest" tests="1" failures="0" disabled="0" skipped="0" errors="0" time="0." timestamp="2025-04-30T07:37:26.309">
    <testcase name="SelectingTensor/SelectOpInTopLevelExpr" value_param="true" file="/opt/pytorch/nvfuser/tests/cpp/test_host_irs.cpp" line="993" status="run" result="completed" time="0." timestamp="2025-04-30T07:37:26.309" classname="SelectHostIrTest" />
  </testsuite>
  <testsuite name="HirBinaryOpTest" tests="2" failures="0" disabled="0" skipped="0" errors="0" time="0." timestamp="2025-04-30T07:37:26.309">
    <testcase name="PreAllocatedOutputs/BinaryOpType_mul" value_param="mul" file="/opt/pytorch/nvfuser/tests/cpp/test_host_irs.cpp" line="1395" status="run" result="completed" time="0." timestamp="2025-04-30T07:37:26.309" classname="HirBinaryOpTest" />
    <testcase name="NonPreAllocatedOutputs/BinaryOpType_sub" value_param="sub" file="/opt/pytorch/nvfuser/tests/cpp/test_host_irs.cpp" line="1426" status="run" result="completed" time="0." timestamp="2025-04-30T07:37:26.309" classname="HirBinaryOpTest" />
  </testsuite>
</testsuites>
