<?xml version="1.0" encoding="UTF-8"?>
<testsuites tests="2" failures="0" disabled="0" errors="0" time="0.343" timestamp="2025-04-30T07:37:46.506" name="AllTests">
  <testsuite name="FusionProfilerTest" tests="2" failures="0" disabled="0" skipped="0" errors="0" time="0.343" timestamp="2025-04-30T07:37:46.506">
    <testcase name="Profile1Segment" file="/opt/pytorch/nvfuser/tests/cpp/test_fusion_profiler.cpp" line="58" status="run" result="completed" time="0.342" timestamp="2025-04-30T07:37:46.506" classname="FusionProfilerTest" />
    <testcase name="FusionProfilerErrorChecks" file="/opt/pytorch/nvfuser/tests/cpp/test_fusion_profiler.cpp" line="203" status="run" result="completed" time="0." timestamp="2025-04-30T07:37:46.848" classname="FusionProfilerTest" />
  </testsuite>
</testsuites>
