<?xml version="1.0" encoding="UTF-8"?>
<testsuites tests="56" failures="0" disabled="0" errors="0" time="31.537" timestamp="2025-05-20T07:59:32.035" name="AllTests">
  <testsuite name="GpuViewTest" tests="19" failures="0" disabled="0" skipped="0" errors="0" time="25.424" timestamp="2025-05-20T07:59:32.035">
    <testcase name="FusionViewAsRealOutput" file="/opt/pytorch/nvfuser/tests/cpp/test_gpu_view.cpp" line="105" status="run" result="completed" time="7.801" timestamp="2025-05-20T07:59:32.035" classname="GpuViewTest" />
    <testcase name="FusionReshapeFailMismatchSize" file="/opt/pytorch/nvfuser/tests/cpp/test_gpu_view.cpp" line="201" status="run" result="completed" time="0." timestamp="2025-05-20T07:59:39.836" classname="GpuViewTest" />
    <testcase name="FusionReshapeSplit" file="/opt/pytorch/nvfuser/tests/cpp/test_gpu_view.cpp" line="515" status="run" result="completed" time="0.194" timestamp="2025-05-20T07:59:39.837" classname="GpuViewTest" />
    <testcase name="FusionReshapeAllShmoo" file="/opt/pytorch/nvfuser/tests/cpp/test_gpu_view.cpp" line="533" status="run" result="completed" time="13.746" timestamp="2025-05-20T07:59:40.031" classname="GpuViewTest" />
    <testcase name="FusionReshapeConcreteDomain" file="/opt/pytorch/nvfuser/tests/cpp/test_gpu_view.cpp" line="626" status="run" result="completed" time="0.069" timestamp="2025-05-20T07:59:53.778" classname="GpuViewTest" />
    <testcase name="FusionReshapeConcreteDomain4" file="/opt/pytorch/nvfuser/tests/cpp/test_gpu_view.cpp" line="721" status="run" result="completed" time="0.001" timestamp="2025-05-20T07:59:53.848" classname="GpuViewTest" />
    <testcase name="FusionComputeAtLogicalDomainMapWithView" file="/opt/pytorch/nvfuser/tests/cpp/test_gpu_view.cpp" line="867" status="run" result="completed" time="0." timestamp="2025-05-20T07:59:53.849" classname="GpuViewTest" />
    <testcase name="FusionExpandView2" file="/opt/pytorch/nvfuser/tests/cpp/test_gpu_view.cpp" line="966" status="run" result="completed" time="0.098" timestamp="2025-05-20T07:59:53.850" classname="GpuViewTest" />
    <testcase name="FusionReshapeVectorize" file="/opt/pytorch/nvfuser/tests/cpp/test_gpu_view.cpp" line="1198" status="run" result="completed" time="1.205" timestamp="2025-05-20T07:59:53.948" classname="GpuViewTest" />
    <testcase name="FusionReductionFlatten1" file="/opt/pytorch/nvfuser/tests/cpp/test_gpu_view.cpp" line="1283" status="run" result="completed" time="0.118" timestamp="2025-05-20T07:59:55.154" classname="GpuViewTest" />
    <testcase name="FusionReshapeMagicSchedule1" file="/opt/pytorch/nvfuser/tests/cpp/test_gpu_view.cpp" line="1432" status="run" result="completed" time="0.47" timestamp="2025-05-20T07:59:55.272" classname="GpuViewTest" />
    <testcase name="FusionReshapeMagicSchedule4" file="/opt/pytorch/nvfuser/tests/cpp/test_gpu_view.cpp" line="1584" status="run" result="completed" time="0.292" timestamp="2025-05-20T07:59:55.743" classname="GpuViewTest" />
    <testcase name="FusionReshapeMagicSchedule7" file="/opt/pytorch/nvfuser/tests/cpp/test_gpu_view.cpp" line="1720" status="run" result="completed" time="0.321" timestamp="2025-05-20T07:59:56.035" classname="GpuViewTest" />
    <testcase name="FusionReshapeMagicSchedule10" file="/opt/pytorch/nvfuser/tests/cpp/test_gpu_view.cpp" line="1854" status="run" result="completed" time="0.195" timestamp="2025-05-20T07:59:56.357" classname="GpuViewTest" />
    <testcase name="FusionLowerDivisibleSplits" file="/opt/pytorch/nvfuser/tests/cpp/test_gpu_view.cpp" line="1960" status="run" result="completed" time="0.003" timestamp="2025-05-20T07:59:56.552" classname="GpuViewTest" />
    <testcase name="FusionReshapeZeroDimInput" file="/opt/pytorch/nvfuser/tests/cpp/test_gpu_view.cpp" line="2183" status="run" result="completed" time="0.129" timestamp="2025-05-20T07:59:56.556" classname="GpuViewTest" />
    <testcase name="ReshapeOfReshape" file="/opt/pytorch/nvfuser/tests/cpp/test_gpu_view.cpp" line="2273" status="run" result="completed" time="0.03" timestamp="2025-05-20T07:59:56.685" classname="GpuViewTest" />
    <testcase name="GroupNormOriginal" file="/opt/pytorch/nvfuser/tests/cpp/test_gpu_view.cpp" line="2364" status="run" result="completed" time="0.585" timestamp="2025-05-20T07:59:56.715" classname="GpuViewTest" />
    <testcase name="ReplacedScalarInSplitOutput" file="/opt/pytorch/nvfuser/tests/cpp/test_gpu_view.cpp" line="2715" status="run" result="completed" time="0.159" timestamp="2025-05-20T07:59:57.300" classname="GpuViewTest" />
  </testsuite>
  <testsuite name="ReshapeReduction" tests="31" failures="0" disabled="0" skipped="0" errors="0" time="5.241" timestamp="2025-05-20T07:59:57.460">
    <testcase name="FusionReshapeReduction/1" value_param="56-byte object &lt;A0-42 EF-79 D4-55 00-00 D8-42 EF-79 D4-55 00-00 D8-42 EF-79 D4-55 00-00 80-4B EF-79 D4-55 00-00 A8-4B EF-79 D4-55 00-00 A8-4B EF-79 D4-55 00-00 00-01 00-00 00-00 00-00&gt;" file="/opt/pytorch/nvfuser/tests/cpp/test_gpu_view.cpp" line="403" status="run" result="completed" time="0.723" timestamp="2025-05-20T07:59:57.460" classname="ReshapeReduction" />
    <testcase name="FusionReshapeReduction/4" value_param="56-byte object &lt;40-4A EF-79 D4-55 00-00 60-4A EF-79 D4-55 00-00 60-4A EF-79 D4-55 00-00 D0-4A EF-79 D4-55 00-00 F8-4A EF-79 D4-55 00-00 F8-4A EF-79 D4-55 00-00 00-01 00-00 00-00 00-00&gt;" file="/opt/pytorch/nvfuser/tests/cpp/test_gpu_view.cpp" line="403" status="run" result="completed" time="0.21" timestamp="2025-05-20T07:59:58.183" classname="ReshapeReduction" />
    <testcase name="FusionReshapeReduction/7" value_param="56-byte object &lt;60-46 EF-79 D4-55 00-00 88-46 EF-79 D4-55 00-00 88-46 EF-79 D4-55 00-00 00-38 EF-79 D4-55 00-00 30-38 EF-79 D4-55 00-00 30-38 EF-79 D4-55 00-00 00-01 00-00 00-00 00-00&gt;" file="/opt/pytorch/nvfuser/tests/cpp/test_gpu_view.cpp" line="403" status="run" result="completed" time="0.211" timestamp="2025-05-20T07:59:58.393" classname="ReshapeReduction" />
    <testcase name="FusionReshapeReduction/10" value_param="56-byte object &lt;40-46 EF-79 D4-55 00-00 58-46 EF-79 D4-55 00-00 58-46 EF-79 D4-55 00-00 70-42 EF-79 D4-55 00-00 98-42 EF-79 D4-55 00-00 98-42 EF-79 D4-55 00-00 00-01 00-00 00-00 00-00&gt;" file="/opt/pytorch/nvfuser/tests/cpp/test_gpu_view.cpp" line="403" status="run" result="completed" time="0.159" timestamp="2025-05-20T07:59:58.605" classname="ReshapeReduction" />
    <testcase name="FusionReshapeReduction/13" value_param="56-byte object &lt;30-43 EF-79 D4-55 00-00 50-43 EF-79 D4-55 00-00 50-43 EF-79 D4-55 00-00 B0-3F EF-79 D4-55 00-00 B8-3F EF-79 D4-55 00-00 B8-3F EF-79 D4-55 00-00 00-01 00-00 00-00 00-00&gt;" file="/opt/pytorch/nvfuser/tests/cpp/test_gpu_view.cpp" line="403" status="run" result="completed" time="0.168" timestamp="2025-05-20T07:59:58.765" classname="ReshapeReduction" />
    <testcase name="FusionReshapeReduction/16" value_param="56-byte object &lt;50-3D EF-79 D4-55 00-00 70-3D EF-79 D4-55 00-00 70-3D EF-79 D4-55 00-00 40-3E EF-79 D4-55 00-00 60-3E EF-79 D4-55 00-00 60-3E EF-79 D4-55 00-00 00-01 00-00 00-00 00-00&gt;" file="/opt/pytorch/nvfuser/tests/cpp/test_gpu_view.cpp" line="403" status="run" result="completed" time="0.11" timestamp="2025-05-20T07:59:58.933" classname="ReshapeReduction" />
    <testcase name="FusionReshapeReduction/19" value_param="56-byte object &lt;10-41 EF-79 D4-55 00-00 28-41 EF-79 D4-55 00-00 28-41 EF-79 D4-55 00-00 E0-3E EF-79 D4-55 00-00 00-3F EF-79 D4-55 00-00 00-3F EF-79 D4-55 00-00 00-01 00-00 00-00 00-00&gt;" file="/opt/pytorch/nvfuser/tests/cpp/test_gpu_view.cpp" line="403" status="run" result="completed" time="0.085" timestamp="2025-05-20T07:59:59.044" classname="ReshapeReduction" />
    <testcase name="FusionReshapeReduction/22" value_param="56-byte object &lt;20-40 EF-79 D4-55 00-00 40-40 EF-79 D4-55 00-00 40-40 EF-79 D4-55 00-00 60-39 EF-79 D4-55 00-00 80-39 EF-79 D4-55 00-00 80-39 EF-79 D4-55 00-00 00-01 00-00 00-00 00-00&gt;" file="/opt/pytorch/nvfuser/tests/cpp/test_gpu_view.cpp" line="403" status="run" result="completed" time="0.166" timestamp="2025-05-20T07:59:59.130" classname="ReshapeReduction" />
    <testcase name="FusionReshapeReduction/25" value_param="56-byte object &lt;30-39 EF-79 D4-55 00-00 50-39 EF-79 D4-55 00-00 50-39 EF-79 D4-55 00-00 B0-43 EF-79 D4-55 00-00 C8-43 EF-79 D4-55 00-00 C8-43 EF-79 D4-55 00-00 00-01 00-00 00-00 00-00&gt;" file="/opt/pytorch/nvfuser/tests/cpp/test_gpu_view.cpp" line="403" status="run" result="completed" time="0.235" timestamp="2025-05-20T07:59:59.296" classname="ReshapeReduction" />
    <testcase name="FusionReshapeReduction/28" value_param="56-byte object &lt;60-3B EF-79 D4-55 00-00 90-3B EF-79 D4-55 00-00 90-3B EF-79 D4-55 00-00 20-40 EF-79 D4-55 00-00 48-40 EF-79 D4-55 00-00 48-40 EF-79 D4-55 00-00 00-01 00-00 00-00 00-00&gt;" file="/opt/pytorch/nvfuser/tests/cpp/test_gpu_view.cpp" line="403" status="run" result="completed" time="0.166" timestamp="2025-05-20T07:59:59.532" classname="ReshapeReduction" />
    <testcase name="FusionReshapeReduction/31" value_param="56-byte object &lt;B0-31 EF-79 D4-55 00-00 D0-31 EF-79 D4-55 00-00 D0-31 EF-79 D4-55 00-00 30-4B EF-79 D4-55 00-00 48-4B EF-79 D4-55 00-00 48-4B EF-79 D4-55 00-00 00-01 00-00 00-00 00-00&gt;" file="/opt/pytorch/nvfuser/tests/cpp/test_gpu_view.cpp" line="403" status="run" result="completed" time="0.041" timestamp="2025-05-20T07:59:59.699" classname="ReshapeReduction" />
    <testcase name="FusionReshapeReduction/34" value_param="56-byte object &lt;60-3B EF-79 D4-55 00-00 98-3B EF-79 D4-55 00-00 98-3B EF-79 D4-55 00-00 B0-31 EF-79 D4-55 00-00 D8-31 EF-79 D4-55 00-00 D8-31 EF-79 D4-55 00-00 01-01 00-00 00-00 00-00&gt;" file="/opt/pytorch/nvfuser/tests/cpp/test_gpu_view.cpp" line="403" status="run" result="completed" time="0.251" timestamp="2025-05-20T07:59:59.740" classname="ReshapeReduction" />
    <testcase name="FusionReshapeReduction/37" value_param="56-byte object &lt;B0-31 EF-79 D4-55 00-00 D0-31 EF-79 D4-55 00-00 D0-31 EF-79 D4-55 00-00 40-B1 EB-79 D4-55 00-00 68-B1 EB-79 D4-55 00-00 68-B1 EB-79 D4-55 00-00 01-01 00-00 00-00 00-00&gt;" file="/opt/pytorch/nvfuser/tests/cpp/test_gpu_view.cpp" line="403" status="run" result="completed" time="0.177" timestamp="2025-05-20T07:59:59.992" classname="ReshapeReduction" />
    <testcase name="FusionReshapeReduction/40" value_param="56-byte object &lt;B0-31 EF-79 D4-55 00-00 D8-31 EF-79 D4-55 00-00 D8-31 EF-79 D4-55 00-00 60-3B EF-79 D4-55 00-00 90-3B EF-79 D4-55 00-00 90-3B EF-79 D4-55 00-00 01-01 00-00 00-00 00-00&gt;" file="/opt/pytorch/nvfuser/tests/cpp/test_gpu_view.cpp" line="403" status="run" result="completed" time="0.141" timestamp="2025-05-20T08:00:00.170" classname="ReshapeReduction" />
    <testcase name="FusionReshapeReduction/43" value_param="56-byte object &lt;30-4B EF-79 D4-55 00-00 48-4B EF-79 D4-55 00-00 48-4B EF-79 D4-55 00-00 B0-31 EF-79 D4-55 00-00 D8-31 EF-79 D4-55 00-00 D8-31 EF-79 D4-55 00-00 01-01 00-00 00-00 00-00&gt;" file="/opt/pytorch/nvfuser/tests/cpp/test_gpu_view.cpp" line="403" status="run" result="completed" time="0.182" timestamp="2025-05-20T08:00:00.311" classname="ReshapeReduction" />
    <testcase name="FusionReshapeReduction/46" value_param="56-byte object &lt;B0-31 EF-79 D4-55 00-00 D0-31 EF-79 D4-55 00-00 D0-31 EF-79 D4-55 00-00 30-4B EF-79 D4-55 00-00 38-4B EF-79 D4-55 00-00 38-4B EF-79 D4-55 00-00 01-01 00-00 00-00 00-00&gt;" file="/opt/pytorch/nvfuser/tests/cpp/test_gpu_view.cpp" line="403" status="run" result="completed" time="0.127" timestamp="2025-05-20T08:00:00.494" classname="ReshapeReduction" />
    <testcase name="FusionReshapeReduction/49" value_param="56-byte object &lt;B0-31 EF-79 D4-55 00-00 D0-31 EF-79 D4-55 00-00 D0-31 EF-79 D4-55 00-00 40-B1 EB-79 D4-55 00-00 60-B1 EB-79 D4-55 00-00 60-B1 EB-79 D4-55 00-00 01-01 00-00 00-00 00-00&gt;" file="/opt/pytorch/nvfuser/tests/cpp/test_gpu_view.cpp" line="403" status="run" result="completed" time="0.109" timestamp="2025-05-20T08:00:00.622" classname="ReshapeReduction" />
    <testcase name="FusionReshapeReduction/52" value_param="56-byte object &lt;A0-01 F0-79 D4-55 00-00 B8-01 F0-79 D4-55 00-00 B8-01 F0-79 D4-55 00-00 B0-31 EF-79 D4-55 00-00 D0-31 EF-79 D4-55 00-00 D0-31 EF-79 D4-55 00-00 01-01 00-00 00-00 00-00&gt;" file="/opt/pytorch/nvfuser/tests/cpp/test_gpu_view.cpp" line="403" status="run" result="completed" time="0.08" timestamp="2025-05-20T08:00:00.731" classname="ReshapeReduction" />
    <testcase name="FusionReshapeReduction/55" value_param="56-byte object &lt;B0-31 EF-79 D4-55 00-00 D0-31 EF-79 D4-55 00-00 D0-31 EF-79 D4-55 00-00 E0-1E F0-79 D4-55 00-00 00-1F F0-79 D4-55 00-00 00-1F F0-79 D4-55 00-00 01-01 00-00 00-00 00-00&gt;" file="/opt/pytorch/nvfuser/tests/cpp/test_gpu_view.cpp" line="403" status="run" result="completed" time="0.171" timestamp="2025-05-20T08:00:00.812" classname="ReshapeReduction" />
    <testcase name="FusionReshapeReduction/58" value_param="56-byte object &lt;B0-31 EF-79 D4-55 00-00 D0-31 EF-79 D4-55 00-00 D0-31 EF-79 D4-55 00-00 B0-17 F0-79 D4-55 00-00 C8-17 F0-79 D4-55 00-00 C8-17 F0-79 D4-55 00-00 01-01 00-00 00-00 00-00&gt;" file="/opt/pytorch/nvfuser/tests/cpp/test_gpu_view.cpp" line="403" status="run" result="completed" time="0.174" timestamp="2025-05-20T08:00:00.983" classname="ReshapeReduction" />
    <testcase name="FusionReshapeReduction/61" value_param="56-byte object &lt;60-3B EF-79 D4-55 00-00 90-3B EF-79 D4-55 00-00 90-3B EF-79 D4-55 00-00 B0-31 EF-79 D4-55 00-00 D8-31 EF-79 D4-55 00-00 D8-31 EF-79 D4-55 00-00 01-01 00-00 00-00 00-00&gt;" file="/opt/pytorch/nvfuser/tests/cpp/test_gpu_view.cpp" line="403" status="run" result="completed" time="0.124" timestamp="2025-05-20T08:00:01.158" classname="ReshapeReduction" />
    <testcase name="FusionReshapeReduction/64" value_param="56-byte object &lt;B0-31 EF-79 D4-55 00-00 D0-31 EF-79 D4-55 00-00 D0-31 EF-79 D4-55 00-00 B0-17 F0-79 D4-55 00-00 C8-17 F0-79 D4-55 00-00 C8-17 F0-79 D4-55 00-00 01-01 00-00 00-00 00-00&gt;" file="/opt/pytorch/nvfuser/tests/cpp/test_gpu_view.cpp" line="403" status="run" result="completed" time="0.087" timestamp="2025-05-20T08:00:01.283" classname="ReshapeReduction" />
    <testcase name="FusionReshapeReduction/67" value_param="56-byte object &lt;60-3B EF-79 D4-55 00-00 98-3B EF-79 D4-55 00-00 98-3B EF-79 D4-55 00-00 B0-31 EF-79 D4-55 00-00 D8-31 EF-79 D4-55 00-00 D8-31 EF-79 D4-55 00-00 00-00 00-00 00-00 00-00&gt;" file="/opt/pytorch/nvfuser/tests/cpp/test_gpu_view.cpp" line="403" status="run" result="completed" time="0.282" timestamp="2025-05-20T08:00:01.371" classname="ReshapeReduction" />
    <testcase name="FusionReshapeReduction/70" value_param="56-byte object &lt;B0-31 EF-79 D4-55 00-00 D0-31 EF-79 D4-55 00-00 D0-31 EF-79 D4-55 00-00 60-3B EF-79 D4-55 00-00 90-3B EF-79 D4-55 00-00 90-3B EF-79 D4-55 00-00 00-00 00-00 00-00 00-00&gt;" file="/opt/pytorch/nvfuser/tests/cpp/test_gpu_view.cpp" line="403" status="run" result="completed" time="0.184" timestamp="2025-05-20T08:00:01.653" classname="ReshapeReduction" />
    <testcase name="FusionReshapeReduction/73" value_param="56-byte object &lt;B0-31 EF-79 D4-55 00-00 D0-31 EF-79 D4-55 00-00 D0-31 EF-79 D4-55 00-00 C0-29 F0-79 D4-55 00-00 E0-29 F0-79 D4-55 00-00 E0-29 F0-79 D4-55 00-00 00-00 00-00 00-00 00-00&gt;" file="/opt/pytorch/nvfuser/tests/cpp/test_gpu_view.cpp" line="403" status="run" result="completed" time="0.124" timestamp="2025-05-20T08:00:01.838" classname="ReshapeReduction" />
    <testcase name="FusionReshapeReduction/76" value_param="56-byte object &lt;B0-31 EF-79 D4-55 00-00 D0-31 EF-79 D4-55 00-00 D0-31 EF-79 D4-55 00-00 B0-17 F0-79 D4-55 00-00 B8-17 F0-79 D4-55 00-00 B8-17 F0-79 D4-55 00-00 00-00 00-00 00-00 00-00&gt;" file="/opt/pytorch/nvfuser/tests/cpp/test_gpu_view.cpp" line="403" status="run" result="completed" time="0.129" timestamp="2025-05-20T08:00:01.963" classname="ReshapeReduction" />
    <testcase name="FusionReshapeReduction/79" value_param="56-byte object &lt;B0-31 EF-79 D4-55 00-00 D0-31 EF-79 D4-55 00-00 D0-31 EF-79 D4-55 00-00 90-5D F0-79 D4-55 00-00 A8-5D F0-79 D4-55 00-00 A8-5D F0-79 D4-55 00-00 00-00 00-00 00-00 00-00&gt;" file="/opt/pytorch/nvfuser/tests/cpp/test_gpu_view.cpp" line="403" status="run" result="completed" time="0.153" timestamp="2025-05-20T08:00:02.093" classname="ReshapeReduction" />
    <testcase name="FusionReshapeReduction/82" value_param="56-byte object &lt;B0-31 EF-79 D4-55 00-00 D0-31 EF-79 D4-55 00-00 D0-31 EF-79 D4-55 00-00 30-73 F0-79 D4-55 00-00 58-73 F0-79 D4-55 00-00 58-73 F0-79 D4-55 00-00 01-00 00-00 00-00 00-00&gt;" file="/opt/pytorch/nvfuser/tests/cpp/test_gpu_view.cpp" line="403" status="run" result="completed" time="0.1" timestamp="2025-05-20T08:00:02.246" classname="ReshapeReduction" />
    <testcase name="FusionReshapeReduction/85" value_param="56-byte object &lt;90-5D F0-79 D4-55 00-00 A8-5D F0-79 D4-55 00-00 A8-5D F0-79 D4-55 00-00 B0-31 EF-79 D4-55 00-00 D8-31 EF-79 D4-55 00-00 D8-31 EF-79 D4-55 00-00 01-00 00-00 00-00 00-00&gt;" file="/opt/pytorch/nvfuser/tests/cpp/test_gpu_view.cpp" line="403" status="run" result="completed" time="0.131" timestamp="2025-05-20T08:00:02.346" classname="ReshapeReduction" />
    <testcase name="FusionReshapeReduction/88" value_param="56-byte object &lt;60-3B EF-79 D4-55 00-00 90-3B EF-79 D4-55 00-00 90-3B EF-79 D4-55 00-00 B0-31 EF-79 D4-55 00-00 D0-31 EF-79 D4-55 00-00 D0-31 EF-79 D4-55 00-00 01-00 00-00 00-00 00-00&gt;" file="/opt/pytorch/nvfuser/tests/cpp/test_gpu_view.cpp" line="403" status="run" result="completed" time="0.153" timestamp="2025-05-20T08:00:02.478" classname="ReshapeReduction" />
    <testcase name="FusionReshapeReduction/91" value_param="56-byte object &lt;90-5D F0-79 D4-55 00-00 A8-5D F0-79 D4-55 00-00 A8-5D F0-79 D4-55 00-00 E0-90 F0-79 D4-55 00-00 E8-90 F0-79 D4-55 00-00 E8-90 F0-79 D4-55 00-00 01-00 00-00 00-00 00-00&gt;" file="/opt/pytorch/nvfuser/tests/cpp/test_gpu_view.cpp" line="403" status="run" result="completed" time="0.069" timestamp="2025-05-20T08:00:02.631" classname="ReshapeReduction" />
  </testsuite>
  <testsuite name="ViewReductionTest" tests="3" failures="0" disabled="0" skipped="0" errors="0" time="0.376" timestamp="2025-05-20T08:00:02.701">
    <testcase name="ReductionReshapeInputNoMergedIds/0" value_param="{ 0 }" file="/opt/pytorch/nvfuser/tests/cpp/test_gpu_view.cpp" line="2423" status="run" result="completed" time="0.134" timestamp="2025-05-20T08:00:02.701" classname="ViewReductionTest" />
    <testcase name="ReductionReshapeInputNoMergedIds/3" value_param="{ -1 }" file="/opt/pytorch/nvfuser/tests/cpp/test_gpu_view.cpp" line="2423" status="run" result="completed" time="0.112" timestamp="2025-05-20T08:00:02.836" classname="ViewReductionTest" />
    <testcase name="ReductionReshapeInputNoMergedIds/6" value_param="{ 0, 2, 4 }" file="/opt/pytorch/nvfuser/tests/cpp/test_gpu_view.cpp" line="2423" status="run" result="completed" time="0.129" timestamp="2025-05-20T08:00:02.948" classname="ViewReductionTest" />
  </testsuite>
  <testsuite name="ViewNormalizationTest" tests="3" failures="0" disabled="0" skipped="0" errors="0" time="0.494" timestamp="2025-05-20T08:00:03.078">
    <testcase name="NormalizationReshapeInputNoMergedIds/1" value_param="{ 0, 1 }" file="/opt/pytorch/nvfuser/tests/cpp/test_gpu_view.cpp" line="2469" status="run" result="completed" time="0.165" timestamp="2025-05-20T08:00:03.078" classname="ViewNormalizationTest" />
    <testcase name="NormalizationReshapeInputNoMergedIds/4" value_param="{ -1, -2 }" file="/opt/pytorch/nvfuser/tests/cpp/test_gpu_view.cpp" line="2469" status="run" result="completed" time="0.162" timestamp="2025-05-20T08:00:03.243" classname="ViewNormalizationTest" />
    <testcase name="NormalizationReshapeInputNoMergedIds/7" value_param="{ 1, 3 }" file="/opt/pytorch/nvfuser/tests/cpp/test_gpu_view.cpp" line="2469" status="run" result="completed" time="0.167" timestamp="2025-05-20T08:00:03.405" classname="ViewNormalizationTest" />
  </testsuite>
</testsuites>
