<?xml version="1.0" encoding="UTF-8"?>
<testsuites tests="1" failures="0" disabled="0" errors="0" time="6.609" timestamp="2025-05-20T07:55:58.729" name="AllTests">
  <testsuite name="FusionProfilerTest" tests="1" failures="0" disabled="0" skipped="1" errors="0" time="6.609" timestamp="2025-05-20T07:55:58.729">
    <testcase name="Profile3Segments" file="/opt/pytorch/nvfuser/tests/cpp/test_fusion_profiler.cpp" line="151" status="run" result="skipped" time="6.609" timestamp="2025-05-20T07:55:58.729" classname="FusionProfilerTest">
      <skipped message="/opt/pytorch/nvfuser/tests/cpp/test_fusion_profiler.cpp:31&#x0A;Skipped as compute-sanitizer is uesd&#x0A;"><![CDATA[/opt/pytorch/nvfuser/tests/cpp/test_fusion_profiler.cpp:31
Skipped as compute-sanitizer is uesd
]]></skipped>
    </testcase>
  </testsuite>
</testsuites>
