<?xml version="1.0" encoding="UTF-8"?>
<testsuites tests="9" failures="0" disabled="0" errors="0" time="11.844" timestamp="2025-05-20T07:55:45.418" name="AllTests">
  <testsuite name="Tutorial" tests="3" failures="0" disabled="0" skipped="0" errors="0" time="11.839" timestamp="2025-05-20T07:55:45.418">
    <testcase name="ReductionRFactor" file="/opt/pytorch/nvfuser/tests/cpp/test_tutorial.cpp" line="278" status="run" result="completed" time="8.93" timestamp="2025-05-20T07:55:45.418" classname="Tutorial" />
    <testcase name="BasicTMA" file="/opt/pytorch/nvfuser/tests/cpp/test_tutorial.cpp" line="698" status="run" result="completed" time="2.77" timestamp="2025-05-20T07:55:54.348" classname="Tutorial" />
    <testcase name="TMABankConflictFreeTranspose" file="/opt/pytorch/nvfuser/tests/cpp/test_tutorial.cpp" line="1457" status="run" result="completed" time="0.138" timestamp="2025-05-20T07:55:57.119" classname="Tutorial" />
  </testsuite>
  <testsuite name="TMemTutorialC" tests="2" failures="0" disabled="0" skipped="0" errors="0" time="0.004" timestamp="2025-05-20T07:55:57.257">
    <testcase name="TooManyCols" file="/opt/pytorch/nvfuser/tests/cpp/tutorial_tmem.cpp" line="380" status="run" result="completed" time="0.003" timestamp="2025-05-20T07:55:57.257" classname="TMemTutorialC" />
    <testcase name="OneLane" file="/opt/pytorch/nvfuser/tests/cpp/tutorial_tmem.cpp" line="553" status="run" result="completed" time="0.001" timestamp="2025-05-20T07:55:57.260" classname="TMemTutorialC" />
  </testsuite>
  <testsuite name="TMemTutorialR" tests="4" failures="0" disabled="0" skipped="4" errors="0" time="0." timestamp="2025-05-20T07:55:57.262">
    <testcase name="WarpXYZ" file="/opt/pytorch/nvfuser/tests/cpp/tutorial_tmem.cpp" line="656" status="run" result="skipped" time="0." timestamp="2025-05-20T07:55:57.262" classname="TMemTutorialR">
      <skipped message="/opt/pytorch/nvfuser/tests/cpp/utils.h:570&#x0A;skipping tests on non-Blackwell GPUs&#x0A;"><![CDATA[/opt/pytorch/nvfuser/tests/cpp/utils.h:570
skipping tests on non-Blackwell GPUs
]]></skipped>
    </testcase>
    <testcase name="WarpGroupXColYZ" file="/opt/pytorch/nvfuser/tests/cpp/tutorial_tmem.cpp" line="774" status="run" result="skipped" time="0." timestamp="2025-05-20T07:55:57.262" classname="TMemTutorialR">
      <skipped message="/opt/pytorch/nvfuser/tests/cpp/utils.h:570&#x0A;skipping tests on non-Blackwell GPUs&#x0A;"><![CDATA[/opt/pytorch/nvfuser/tests/cpp/utils.h:570
skipping tests on non-Blackwell GPUs
]]></skipped>
    </testcase>
    <testcase name="Complicated2" file="/opt/pytorch/nvfuser/tests/cpp/tutorial_tmem.cpp" line="991" status="run" result="skipped" time="0." timestamp="2025-05-20T07:55:57.262" classname="TMemTutorialR">
      <skipped message="/opt/pytorch/nvfuser/tests/cpp/utils.h:570&#x0A;skipping tests on non-Blackwell GPUs&#x0A;"><![CDATA[/opt/pytorch/nvfuser/tests/cpp/utils.h:570
skipping tests on non-Blackwell GPUs
]]></skipped>
    </testcase>
    <testcase name="VectorizeMultipleOf4Bytes" file="/opt/pytorch/nvfuser/tests/cpp/tutorial_tmem.cpp" line="1196" status="run" result="skipped" time="0." timestamp="2025-05-20T07:55:57.262" classname="TMemTutorialR">
      <skipped message="/opt/pytorch/nvfuser/tests/cpp/utils.h:570&#x0A;skipping tests on non-Blackwell GPUs&#x0A;"><![CDATA[/opt/pytorch/nvfuser/tests/cpp/utils.h:570
skipping tests on non-Blackwell GPUs
]]></skipped>
    </testcase>
  </testsuite>
</testsuites>
