<?xml version="1.0" encoding="UTF-8"?>
<testsuites tests="495" failures="0" disabled="112" errors="0" time="17.162" timestamp="2025-04-30T07:37:26.980" name="AllTests">
  <testsuite name="CollectiveBasedOverlapTest" tests="1" failures="0" disabled="0" skipped="0" errors="0" time="0.659" timestamp="2025-04-30T07:37:26.980">
    <testcase name="ReduceScatterBasedPipeliningATenImplementation" file="/opt/pytorch/nvfuser/tests/cpp/test_multidevice_overlap.cpp" line="274" status="run" result="completed" time="0.659" timestamp="2025-04-30T07:37:26.980" classname="CollectiveBasedOverlapTest" />
  </testsuite>
  <testsuite name="RingBasedOverlapTest" tests="1" failures="0" disabled="0" skipped="0" errors="0" time="0.014" timestamp="2025-04-30T07:37:27.640">
    <testcase name="ReduceScatterRingBasedPipeliningHostIrImplementation" file="/opt/pytorch/nvfuser/tests/cpp/test_multidevice_overlap.cpp" line="517" status="run" result="completed" time="0.014" timestamp="2025-04-30T07:37:27.640" classname="RingBasedOverlapTest" />
  </testsuite>
  <testsuite name="RingAllgatherOverlapTest" tests="1" failures="0" disabled="0" skipped="0" errors="0" time="0.004" timestamp="2025-04-30T07:37:27.654">
    <testcase name="RingAllgatherBasedPipeliningATenImplementation" file="/opt/pytorch/nvfuser/tests/cpp/test_multidevice_overlap.cpp" line="1044" status="run" result="completed" time="0.004" timestamp="2025-04-30T07:37:27.654" classname="RingAllgatherOverlapTest" />
  </testsuite>
  <testsuite name="P2PCommHostIrTest" tests="1" failures="0" disabled="0" skipped="1" errors="0" time="0." timestamp="2025-04-30T07:37:27.659">
    <testcase name="RingPairwiseExchange" file="/opt/pytorch/nvfuser/tests/cpp/test_multidevice_host_ir.cpp" line="256" status="run" result="skipped" time="0." timestamp="2025-04-30T07:37:27.659" classname="P2PCommHostIrTest">
      <skipped message="/opt/pytorch/nvfuser/tests/cpp/test_multidevice_host_ir.cpp:265&#x0A;needs at least two ranks&#x0A;"><![CDATA[/opt/pytorch/nvfuser/tests/cpp/test_multidevice_host_ir.cpp:265
needs at least two ranks
]]></skipped>
    </testcase>
  </testsuite>
  <testsuite name="OverlapDistributedMatmulTest" tests="1" failures="0" disabled="0" skipped="0" errors="0" time="0.603" timestamp="2025-04-30T07:37:27.659">
    <testcase name="AG_linear" file="/opt/pytorch/nvfuser/tests/cpp/test_multidevice_host_ir.cpp" line="424" status="run" result="completed" time="0.603" timestamp="2025-04-30T07:37:27.659" classname="OverlapDistributedMatmulTest" />
  </testsuite>
  <testsuite name="MultiDeviceTest" tests="6" failures="0" disabled="0" skipped="0" errors="0" time="0.451" timestamp="2025-04-30T07:37:28.262">
    <testcase name="Slice" file="/opt/pytorch/nvfuser/tests/cpp/test_multidevice_sharding.cpp" line="154" status="run" result="completed" time="0.014" timestamp="2025-04-30T07:37:28.262" classname="MultiDeviceTest" />
    <testcase name="LayerNorm" file="/opt/pytorch/nvfuser/tests/cpp/test_multidevice_sharding.cpp" line="263" status="run" result="completed" time="0.219" timestamp="2025-04-30T07:37:28.276" classname="MultiDeviceTest" />
    <testcase name="LoopSplit" file="/opt/pytorch/nvfuser/tests/cpp/test_multidevice_sharding.cpp" line="385" status="run" result="completed" time="0.064" timestamp="2025-04-30T07:37:28.495" classname="MultiDeviceTest" />
    <testcase name="ShardTensor_InnerSplit" file="/opt/pytorch/nvfuser/tests/cpp/test_multidevice_sharding.cpp" line="565" status="run" result="completed" time="0." timestamp="2025-04-30T07:37:28.560" classname="MultiDeviceTest" />
    <testcase name="ViewWithMerge" file="/opt/pytorch/nvfuser/tests/cpp/test_multidevice_sharding.cpp" line="668" status="run" result="completed" time="0.072" timestamp="2025-04-30T07:37:28.561" classname="MultiDeviceTest" />
    <testcase name="LoopShardedSplitReshapeIds" file="/opt/pytorch/nvfuser/tests/cpp/test_multidevice_sharding.cpp" line="813" status="run" result="completed" time="0.08" timestamp="2025-04-30T07:37:28.633" classname="MultiDeviceTest" />
  </testsuite>
  <testsuite name="DistributedMatmulTest" tests="3" failures="0" disabled="0" skipped="0" errors="0" time="0.111" timestamp="2025-04-30T07:37:28.714">
    <testcase name="Matmul_LayoutTN_NoComms" file="/opt/pytorch/nvfuser/tests/cpp/test_multidevice_matmul.cpp" line="125" status="run" result="completed" time="0.078" timestamp="2025-04-30T07:37:28.714" classname="DistributedMatmulTest" />
    <testcase name="Matmul_LayoutNT_ReduceScatter" file="/opt/pytorch/nvfuser/tests/cpp/test_multidevice_matmul.cpp" line="295" status="run" result="completed" time="0.024" timestamp="2025-04-30T07:37:28.792" classname="DistributedMatmulTest" />
    <testcase name="RowParallelLinear" file="/opt/pytorch/nvfuser/tests/cpp/test_multidevice_matmul.cpp" line="447" status="run" result="completed" time="0.009" timestamp="2025-04-30T07:37:28.816" classname="DistributedMatmulTest" />
  </testsuite>
  <testsuite name="DistributedTransformerTest" tests="7" failures="0" disabled="0" skipped="1" errors="0" time="12.426" timestamp="2025-04-30T07:37:28.826">
    <testcase name="Sequence_Parallel_MLP_Layer/__half" value_param="__half" file="/opt/pytorch/nvfuser/tests/cpp/test_multidevice_transformer.cpp" line="356" status="run" result="skipped" time="0." timestamp="2025-04-30T07:37:28.826" classname="DistributedTransformerTest">
      <skipped message="/opt/pytorch/nvfuser/tests/cpp/test_multidevice_transformer.cpp:361&#x0A;Requires &gt;1 devices, D=1&#x0A;"><![CDATA[/opt/pytorch/nvfuser/tests/cpp/test_multidevice_transformer.cpp:361
Requires >1 devices, D=1
]]></skipped>
    </testcase>
    <testcase name="MultiheadAttention/__bfloat" value_param="__bfloat" file="/opt/pytorch/nvfuser/tests/cpp/test_multidevice_transformer.cpp" line="438" status="run" result="completed" time="0.403" timestamp="2025-04-30T07:37:28.826" classname="DistributedTransformerTest" />
    <testcase name="MLP_Backward/__half" value_param="__half" file="/opt/pytorch/nvfuser/tests/cpp/test_multidevice_transformer.cpp" line="566" status="run" result="completed" time="1.028" timestamp="2025-04-30T07:37:29.229" classname="DistributedTransformerTest" />
    <testcase name="MHA_Backward/__bfloat" value_param="__bfloat" file="/opt/pytorch/nvfuser/tests/cpp/test_multidevice_transformer.cpp" line="640" status="run" result="completed" time="2.209" timestamp="2025-04-30T07:37:30.257" classname="DistributedTransformerTest" />
    <testcase name="Forward/__half" value_param="__half" file="/opt/pytorch/nvfuser/tests/cpp/test_multidevice_transformer.cpp" line="816" status="run" result="completed" time="1.782" timestamp="2025-04-30T07:37:32.467" classname="DistributedTransformerTest" />
    <testcase name="Backward/__bfloat" value_param="__bfloat" file="/opt/pytorch/nvfuser/tests/cpp/test_multidevice_transformer.cpp" line="883" status="run" result="completed" time="6.681" timestamp="2025-04-30T07:37:34.250" classname="DistributedTransformerTest" />
    <testcase name="LoopSplitMHAFwd" file="/opt/pytorch/nvfuser/tests/cpp/test_multidevice_transformer.cpp" line="1102" status="run" result="completed" time="0.32" timestamp="2025-04-30T07:37:40.931" classname="DistributedTransformerTest" />
  </testsuite>
  <testsuite name="IpcTest" tests="1" failures="0" disabled="0" skipped="1" errors="0" time="0." timestamp="2025-04-30T07:37:41.252">
    <testcase name="IpcMemHandlePtrArithmeticAtSender" file="/opt/pytorch/nvfuser/tests/cpp/test_multidevice_ipc.cpp" line="133" status="run" result="skipped" time="0." timestamp="2025-04-30T07:37:41.252" classname="IpcTest">
      <skipped message="/opt/pytorch/nvfuser/tests/cpp/test_multidevice_ipc.cpp:135&#x0A;Skipping test for single device&#x0A;"><![CDATA[/opt/pytorch/nvfuser/tests/cpp/test_multidevice_ipc.cpp:135
Skipping test for single device
]]></skipped>
    </testcase>
  </testsuite>
  <testsuite name="CommunicationTest" tests="6" failures="0" disabled="0" skipped="0" errors="0" time="0.176" timestamp="2025-04-30T07:37:41.252">
    <testcase name="Gather/UCC" value_param="UCC" file="/opt/pytorch/nvfuser/tests/cpp/test_multidevice_communications.cpp" line="71" status="run" result="completed" time="0.172" timestamp="2025-04-30T07:37:41.252" classname="CommunicationTest" />
    <testcase name="Scatter/NCCL" value_param="NCCL" file="/opt/pytorch/nvfuser/tests/cpp/test_multidevice_communications.cpp" line="137" status="run" result="completed" time="0.001" timestamp="2025-04-30T07:37:41.425" classname="CommunicationTest" />
    <testcase name="Broadcast/UCC" value_param="UCC" file="/opt/pytorch/nvfuser/tests/cpp/test_multidevice_communications.cpp" line="176" status="run" result="completed" time="0." timestamp="2025-04-30T07:37:41.426" classname="CommunicationTest" />
    <testcase name="SendRecvToSelf/NCCL" value_param="NCCL" file="/opt/pytorch/nvfuser/tests/cpp/test_multidevice_communications.cpp" line="262" status="run" result="completed" time="0." timestamp="2025-04-30T07:37:41.426" classname="CommunicationTest" />
    <testcase name="Reduce/UCC" value_param="UCC" file="/opt/pytorch/nvfuser/tests/cpp/test_multidevice_communications.cpp" line="297" status="run" result="completed" time="0." timestamp="2025-04-30T07:37:41.427" classname="CommunicationTest" />
    <testcase name="ReduceScatter/NCCL" value_param="NCCL" file="/opt/pytorch/nvfuser/tests/cpp/test_multidevice_communications.cpp" line="367" status="run" result="completed" time="0." timestamp="2025-04-30T07:37:41.428" classname="CommunicationTest" />
  </testsuite>
  <testsuite name="Manual/MultiDeviceHostIrTest" tests="3" failures="0" disabled="0" skipped="0" errors="0" time="0.764" timestamp="2025-04-30T07:37:41.429">
    <testcase name="SingleFusionSingleComm/useFusionExecutor_withShardingAnnotations" value_param="(false, true)" file="/opt/pytorch/nvfuser/tests/cpp/test_multidevice_host_ir.cpp" line="44" status="run" result="completed" time="0.356" timestamp="2025-04-30T07:37:41.429" classname="Manual/MultiDeviceHostIrTest" />
    <testcase name="SingleCommTwoFusionAndWait/useFusionExecutor_withoutShardingAnnotations" value_param="(false, false)" file="/opt/pytorch/nvfuser/tests/cpp/test_multidevice_host_ir.cpp" line="140" status="run" result="completed" time="0.043" timestamp="2025-04-30T07:37:41.785" classname="Manual/MultiDeviceHostIrTest" />
    <testcase name="SingleCommTwoFusionAndWait/useFusionExecutorCache_withShardingAnnotations" value_param="(true, true)" file="/opt/pytorch/nvfuser/tests/cpp/test_multidevice_host_ir.cpp" line="140" status="run" result="completed" time="0.364" timestamp="2025-04-30T07:37:41.829" classname="Manual/MultiDeviceHostIrTest" />
  </testsuite>
  <testsuite name="HostIrLowering/LowerGatherTest" tests="2" failures="0" disabled="0" skipped="2" errors="0" time="0." timestamp="2025-04-30T07:37:42.193">
    <testcase name="InMesh_0_1_OutMesh_1_HirDisabled" value_param="((DeviceMesh{0 1}, DeviceMesh{1}), false)" file="/opt/pytorch/nvfuser/tests/cpp/test_multidevice_lower_communication.cpp" line="74" status="run" result="skipped" time="0." timestamp="2025-04-30T07:37:42.193" classname="HostIrLowering/LowerGatherTest">
      <skipped message="/opt/pytorch/nvfuser/tests/cpp/test_multidevice_lower_communication.cpp:83&#x0A;Mesh (DeviceMesh{0 1}) requires more than 1 devices.&#x0A;"><![CDATA[/opt/pytorch/nvfuser/tests/cpp/test_multidevice_lower_communication.cpp:83
Mesh (DeviceMesh{0 1}) requires more than 1 devices.
]]></skipped>
    </testcase>
    <testcase name="InMesh_1_2_OutMesh_0_2_HirEnabled" value_param="((DeviceMesh{1 2}, DeviceMesh{0 2}), true)" file="/opt/pytorch/nvfuser/tests/cpp/test_multidevice_lower_communication.cpp" line="74" status="run" result="skipped" time="0." timestamp="2025-04-30T07:37:42.193" classname="HostIrLowering/LowerGatherTest">
      <skipped message="/opt/pytorch/nvfuser/tests/cpp/test_multidevice_lower_communication.cpp:83&#x0A;Mesh (DeviceMesh{1 2}) requires more than 1 devices.&#x0A;"><![CDATA[/opt/pytorch/nvfuser/tests/cpp/test_multidevice_lower_communication.cpp:83
Mesh (DeviceMesh{1 2}) requires more than 1 devices.
]]></skipped>
    </testcase>
  </testsuite>
  <testsuite name="HostIrLowering/LowerScatterTest" tests="2" failures="0" disabled="0" skipped="2" errors="0" time="0." timestamp="2025-04-30T07:37:42.193">
    <testcase name="InMesh_1_OutMesh_0_1_HirDisabled" value_param="((DeviceMesh{1}, DeviceMesh{0 1}), false)" file="/opt/pytorch/nvfuser/tests/cpp/test_multidevice_lower_communication.cpp" line="147" status="run" result="skipped" time="0." timestamp="2025-04-30T07:37:42.193" classname="HostIrLowering/LowerScatterTest">
      <skipped message="/opt/pytorch/nvfuser/tests/cpp/test_multidevice_lower_communication.cpp:156&#x0A;Mesh (DeviceMesh{1}) requires more than 1 devices.&#x0A;"><![CDATA[/opt/pytorch/nvfuser/tests/cpp/test_multidevice_lower_communication.cpp:156
Mesh (DeviceMesh{1}) requires more than 1 devices.
]]></skipped>
    </testcase>
    <testcase name="InMesh_0_2_OutMesh_1_2_HirEnabled" value_param="((DeviceMesh{0 2}, DeviceMesh{1 2}), true)" file="/opt/pytorch/nvfuser/tests/cpp/test_multidevice_lower_communication.cpp" line="147" status="run" result="skipped" time="0." timestamp="2025-04-30T07:37:42.193" classname="HostIrLowering/LowerScatterTest">
      <skipped message="/opt/pytorch/nvfuser/tests/cpp/test_multidevice_lower_communication.cpp:156&#x0A;Mesh (DeviceMesh{0 2}) requires more than 1 devices.&#x0A;"><![CDATA[/opt/pytorch/nvfuser/tests/cpp/test_multidevice_lower_communication.cpp:156
Mesh (DeviceMesh{0 2}) requires more than 1 devices.
]]></skipped>
    </testcase>
  </testsuite>
  <testsuite name="HostIrLowering/LowerSendRecvTest" tests="2" failures="0" disabled="0" skipped="2" errors="0" time="0." timestamp="2025-04-30T07:37:42.193">
    <testcase name="InMesh_1_OutMesh_0_HirDisabled" value_param="((DeviceMesh{1}, DeviceMesh{0}), false)" file="/opt/pytorch/nvfuser/tests/cpp/test_multidevice_lower_communication.cpp" line="198" status="run" result="skipped" time="0." timestamp="2025-04-30T07:37:42.193" classname="HostIrLowering/LowerSendRecvTest">
      <skipped message="/opt/pytorch/nvfuser/tests/cpp/test_multidevice_lower_communication.cpp:207&#x0A;Mesh (DeviceMesh{1}) requires more than 1 devices.&#x0A;"><![CDATA[/opt/pytorch/nvfuser/tests/cpp/test_multidevice_lower_communication.cpp:207
Mesh (DeviceMesh{1}) requires more than 1 devices.
]]></skipped>
    </testcase>
    <testcase name="InMesh_1_2_OutMesh_0_1_HirEnabled" value_param="((DeviceMesh{1 2}, DeviceMesh{0 1}), true)" file="/opt/pytorch/nvfuser/tests/cpp/test_multidevice_lower_communication.cpp" line="198" status="run" result="skipped" time="0." timestamp="2025-04-30T07:37:42.193" classname="HostIrLowering/LowerSendRecvTest">
      <skipped message="/opt/pytorch/nvfuser/tests/cpp/test_multidevice_lower_communication.cpp:207&#x0A;Mesh (DeviceMesh{1 2}) requires more than 1 devices.&#x0A;"><![CDATA[/opt/pytorch/nvfuser/tests/cpp/test_multidevice_lower_communication.cpp:207
Mesh (DeviceMesh{1 2}) requires more than 1 devices.
]]></skipped>
    </testcase>
  </testsuite>
  <testsuite name="HostIrLowering/LowerCollectiveTest" tests="6" failures="0" disabled="0" skipped="0" errors="0" time="0.025" timestamp="2025-04-30T07:37:42.193">
    <testcase name="Allgather/NCCL_HirLowerDisabled" value_param="(NCCL, false)" file="/opt/pytorch/nvfuser/tests/cpp/test_multidevice_lower_communication.cpp" line="271" status="run" result="completed" time="0.001" timestamp="2025-04-30T07:37:42.193" classname="HostIrLowering/LowerCollectiveTest" />
    <testcase name="Allgather_LoopSplit/UCC_HirLowerDisabled" value_param="(UCC, false)" file="/opt/pytorch/nvfuser/tests/cpp/test_multidevice_lower_communication.cpp" line="298" status="run" result="completed" time="0.001" timestamp="2025-04-30T07:37:42.195" classname="HostIrLowering/LowerCollectiveTest" />
    <testcase name="Reduce/NCCL_HirLowerDisabled" value_param="(NCCL, false)" file="/opt/pytorch/nvfuser/tests/cpp/test_multidevice_lower_communication.cpp" line="399" status="run" result="completed" time="0.001" timestamp="2025-04-30T07:37:42.196" classname="HostIrLowering/LowerCollectiveTest" />
    <testcase name="Allreduce/UCC_HirLowerDisabled" value_param="(UCC, false)" file="/opt/pytorch/nvfuser/tests/cpp/test_multidevice_lower_communication.cpp" line="431" status="run" result="completed" time="0.001" timestamp="2025-04-30T07:37:42.198" classname="HostIrLowering/LowerCollectiveTest" />
    <testcase name="ReduceScatter/NCCL_HirLowerDisabled" value_param="(NCCL, false)" file="/opt/pytorch/nvfuser/tests/cpp/test_multidevice_lower_communication.cpp" line="489" status="run" result="completed" time="0.004" timestamp="2025-04-30T07:37:42.199" classname="HostIrLowering/LowerCollectiveTest" />
    <testcase name="ReduceScatter_Allgather/UCC_HirLowerDisabled" value_param="(UCC, false)" file="/opt/pytorch/nvfuser/tests/cpp/test_multidevice_lower_communication.cpp" line="518" status="run" result="completed" time="0.014" timestamp="2025-04-30T07:37:42.204" classname="HostIrLowering/LowerCollectiveTest" />
  </testsuite>
  <testsuite name="Gather/PipelineTestTwoStages" tests="96" failures="0" disabled="0" skipped="92" errors="0" time="0.413" timestamp="2025-04-30T07:37:42.218">
    <testcase name="Communication/0" value_param="(NCCL, DeviceMesh{0}, DeviceMesh{0}, true, false, false, 0, false)" file="/opt/pytorch/nvfuser/tests/cpp/test_multidevice_pipeline.cpp" line="259" status="run" result="completed" time="0.09" timestamp="2025-04-30T07:37:42.218" classname="Gather/PipelineTestTwoStages" />
    <testcase name="Communication/3" value_param="(NCCL, DeviceMesh{0}, DeviceMesh{0}, true, false, false, 1, true)" file="/opt/pytorch/nvfuser/tests/cpp/test_multidevice_pipeline.cpp" line="259" status="run" result="completed" time="0.089" timestamp="2025-04-30T07:37:42.309" classname="Gather/PipelineTestTwoStages" />
    <testcase name="Communication/6" value_param="(NCCL, DeviceMesh{0}, DeviceMesh{1}, true, false, false, 1, false)" file="/opt/pytorch/nvfuser/tests/cpp/test_multidevice_pipeline.cpp" line="259" status="run" result="skipped" time="0." timestamp="2025-04-30T07:37:42.399" classname="Gather/PipelineTestTwoStages">
      <skipped message="/opt/pytorch/nvfuser/tests/cpp/test_multidevice_pipeline.cpp:134&#x0A;the fusion requests 2 GPUs to run, but there are only 1 ranks in the communicator&#x0A;"><![CDATA[/opt/pytorch/nvfuser/tests/cpp/test_multidevice_pipeline.cpp:134
the fusion requests 2 GPUs to run, but there are only 1 ranks in the communicator
]]></skipped>
    </testcase>
    <testcase name="Communication/9" value_param="(NCCL, DeviceMesh{0}, DeviceMesh{0 1 2 3}, true, false, false, 0, true)" file="/opt/pytorch/nvfuser/tests/cpp/test_multidevice_pipeline.cpp" line="259" status="run" result="skipped" time="0." timestamp="2025-04-30T07:37:42.400" classname="Gather/PipelineTestTwoStages">
      <skipped message="/opt/pytorch/nvfuser/tests/cpp/test_multidevice_pipeline.cpp:134&#x0A;the fusion requests 4 GPUs to run, but there are only 1 ranks in the communicator&#x0A;"><![CDATA[/opt/pytorch/nvfuser/tests/cpp/test_multidevice_pipeline.cpp:134
the fusion requests 4 GPUs to run, but there are only 1 ranks in the communicator
]]></skipped>
    </testcase>
    <testcase name="Communication/12" value_param="(NCCL, DeviceMesh{0}, DeviceMesh{0 2 3}, true, false, false, 0, false)" file="/opt/pytorch/nvfuser/tests/cpp/test_multidevice_pipeline.cpp" line="259" status="run" result="skipped" time="0." timestamp="2025-04-30T07:37:42.400" classname="Gather/PipelineTestTwoStages">
      <skipped message="/opt/pytorch/nvfuser/tests/cpp/test_multidevice_pipeline.cpp:134&#x0A;the fusion requests 4 GPUs to run, but there are only 1 ranks in the communicator&#x0A;"><![CDATA[/opt/pytorch/nvfuser/tests/cpp/test_multidevice_pipeline.cpp:134
the fusion requests 4 GPUs to run, but there are only 1 ranks in the communicator
]]></skipped>
    </testcase>
    <testcase name="Communication/15" value_param="(NCCL, DeviceMesh{0}, DeviceMesh{0 2 3}, true, false, false, 1, true)" file="/opt/pytorch/nvfuser/tests/cpp/test_multidevice_pipeline.cpp" line="259" status="run" result="skipped" time="0." timestamp="2025-04-30T07:37:42.401" classname="Gather/PipelineTestTwoStages">
      <skipped message="/opt/pytorch/nvfuser/tests/cpp/test_multidevice_pipeline.cpp:134&#x0A;the fusion requests 4 GPUs to run, but there are only 1 ranks in the communicator&#x0A;"><![CDATA[/opt/pytorch/nvfuser/tests/cpp/test_multidevice_pipeline.cpp:134
the fusion requests 4 GPUs to run, but there are only 1 ranks in the communicator
]]></skipped>
    </testcase>
    <testcase name="Communication/18" value_param="(NCCL, DeviceMesh{0}, DeviceMesh{1 0 2}, true, false, false, 1, false)" file="/opt/pytorch/nvfuser/tests/cpp/test_multidevice_pipeline.cpp" line="259" status="run" result="skipped" time="0." timestamp="2025-04-30T07:37:42.402" classname="Gather/PipelineTestTwoStages">
      <skipped message="/opt/pytorch/nvfuser/tests/cpp/test_multidevice_pipeline.cpp:134&#x0A;the fusion requests 3 GPUs to run, but there are only 1 ranks in the communicator&#x0A;"><![CDATA[/opt/pytorch/nvfuser/tests/cpp/test_multidevice_pipeline.cpp:134
the fusion requests 3 GPUs to run, but there are only 1 ranks in the communicator
]]></skipped>
    </testcase>
    <testcase name="Communication/21" value_param="(NCCL, DeviceMesh{0}, DeviceMesh{1 0}, true, false, false, 0, true)" file="/opt/pytorch/nvfuser/tests/cpp/test_multidevice_pipeline.cpp" line="259" status="run" result="skipped" time="0." timestamp="2025-04-30T07:37:42.403" classname="Gather/PipelineTestTwoStages">
      <skipped message="/opt/pytorch/nvfuser/tests/cpp/test_multidevice_pipeline.cpp:134&#x0A;the fusion requests 2 GPUs to run, but there are only 1 ranks in the communicator&#x0A;"><![CDATA[/opt/pytorch/nvfuser/tests/cpp/test_multidevice_pipeline.cpp:134
the fusion requests 2 GPUs to run, but there are only 1 ranks in the communicator
]]></skipped>
    </testcase>
    <testcase name="Communication/24" value_param="(NCCL, DeviceMesh{1}, DeviceMesh{0}, true, false, false, 0, false)" file="/opt/pytorch/nvfuser/tests/cpp/test_multidevice_pipeline.cpp" line="259" status="run" result="skipped" time="0." timestamp="2025-04-30T07:37:42.404" classname="Gather/PipelineTestTwoStages">
      <skipped message="/opt/pytorch/nvfuser/tests/cpp/test_multidevice_pipeline.cpp:134&#x0A;the fusion requests 2 GPUs to run, but there are only 1 ranks in the communicator&#x0A;"><![CDATA[/opt/pytorch/nvfuser/tests/cpp/test_multidevice_pipeline.cpp:134
the fusion requests 2 GPUs to run, but there are only 1 ranks in the communicator
]]></skipped>
    </testcase>
    <testcase name="Communication/27" value_param="(NCCL, DeviceMesh{1}, DeviceMesh{0}, true, false, false, 1, true)" file="/opt/pytorch/nvfuser/tests/cpp/test_multidevice_pipeline.cpp" line="259" status="run" result="skipped" time="0." timestamp="2025-04-30T07:37:42.405" classname="Gather/PipelineTestTwoStages">
      <skipped message="/opt/pytorch/nvfuser/tests/cpp/test_multidevice_pipeline.cpp:134&#x0A;the fusion requests 2 GPUs to run, but there are only 1 ranks in the communicator&#x0A;"><![CDATA[/opt/pytorch/nvfuser/tests/cpp/test_multidevice_pipeline.cpp:134
the fusion requests 2 GPUs to run, but there are only 1 ranks in the communicator
]]></skipped>
    </testcase>
    <testcase name="Communication/30" value_param="(NCCL, DeviceMesh{1}, DeviceMesh{1}, true, false, false, 1, false)" file="/opt/pytorch/nvfuser/tests/cpp/test_multidevice_pipeline.cpp" line="259" status="run" result="skipped" time="0." timestamp="2025-04-30T07:37:42.405" classname="Gather/PipelineTestTwoStages">
      <skipped message="/opt/pytorch/nvfuser/tests/cpp/test_multidevice_pipeline.cpp:134&#x0A;the fusion requests 2 GPUs to run, but there are only 1 ranks in the communicator&#x0A;"><![CDATA[/opt/pytorch/nvfuser/tests/cpp/test_multidevice_pipeline.cpp:134
the fusion requests 2 GPUs to run, but there are only 1 ranks in the communicator
]]></skipped>
    </testcase>
    <testcase name="Communication/33" value_param="(NCCL, DeviceMesh{1}, DeviceMesh{0 1 2 3}, true, false, false, 0, true)" file="/opt/pytorch/nvfuser/tests/cpp/test_multidevice_pipeline.cpp" line="259" status="run" result="skipped" time="0." timestamp="2025-04-30T07:37:42.406" classname="Gather/PipelineTestTwoStages">
      <skipped message="/opt/pytorch/nvfuser/tests/cpp/test_multidevice_pipeline.cpp:134&#x0A;the fusion requests 4 GPUs to run, but there are only 1 ranks in the communicator&#x0A;"><![CDATA[/opt/pytorch/nvfuser/tests/cpp/test_multidevice_pipeline.cpp:134
the fusion requests 4 GPUs to run, but there are only 1 ranks in the communicator
]]></skipped>
    </testcase>
    <testcase name="Communication/36" value_param="(NCCL, DeviceMesh{1}, DeviceMesh{0 2 3}, true, false, false, 0, false)" file="/opt/pytorch/nvfuser/tests/cpp/test_multidevice_pipeline.cpp" line="259" status="run" result="skipped" time="0." timestamp="2025-04-30T07:37:42.407" classname="Gather/PipelineTestTwoStages">
      <skipped message="/opt/pytorch/nvfuser/tests/cpp/test_multidevice_pipeline.cpp:134&#x0A;the fusion requests 4 GPUs to run, but there are only 1 ranks in the communicator&#x0A;"><![CDATA[/opt/pytorch/nvfuser/tests/cpp/test_multidevice_pipeline.cpp:134
the fusion requests 4 GPUs to run, but there are only 1 ranks in the communicator
]]></skipped>
    </testcase>
    <testcase name="Communication/39" value_param="(NCCL, DeviceMesh{1}, DeviceMesh{0 2 3}, true, false, false, 1, true)" file="/opt/pytorch/nvfuser/tests/cpp/test_multidevice_pipeline.cpp" line="259" status="run" result="skipped" time="0." timestamp="2025-04-30T07:37:42.408" classname="Gather/PipelineTestTwoStages">
      <skipped message="/opt/pytorch/nvfuser/tests/cpp/test_multidevice_pipeline.cpp:134&#x0A;the fusion requests 4 GPUs to run, but there are only 1 ranks in the communicator&#x0A;"><![CDATA[/opt/pytorch/nvfuser/tests/cpp/test_multidevice_pipeline.cpp:134
the fusion requests 4 GPUs to run, but there are only 1 ranks in the communicator
]]></skipped>
    </testcase>
    <testcase name="Communication/42" value_param="(NCCL, DeviceMesh{1}, DeviceMesh{1 0 2}, true, false, false, 1, false)" file="/opt/pytorch/nvfuser/tests/cpp/test_multidevice_pipeline.cpp" line="259" status="run" result="skipped" time="0." timestamp="2025-04-30T07:37:42.409" classname="Gather/PipelineTestTwoStages">
      <skipped message="/opt/pytorch/nvfuser/tests/cpp/test_multidevice_pipeline.cpp:134&#x0A;the fusion requests 3 GPUs to run, but there are only 1 ranks in the communicator&#x0A;"><![CDATA[/opt/pytorch/nvfuser/tests/cpp/test_multidevice_pipeline.cpp:134
the fusion requests 3 GPUs to run, but there are only 1 ranks in the communicator
]]></skipped>
    </testcase>
    <testcase name="Communication/45" value_param="(NCCL, DeviceMesh{1}, DeviceMesh{1 0}, true, false, false, 0, true)" file="/opt/pytorch/nvfuser/tests/cpp/test_multidevice_pipeline.cpp" line="259" status="run" result="skipped" time="0." timestamp="2025-04-30T07:37:42.409" classname="Gather/PipelineTestTwoStages">
      <skipped message="/opt/pytorch/nvfuser/tests/cpp/test_multidevice_pipeline.cpp:134&#x0A;the fusion requests 2 GPUs to run, but there are only 1 ranks in the communicator&#x0A;"><![CDATA[/opt/pytorch/nvfuser/tests/cpp/test_multidevice_pipeline.cpp:134
the fusion requests 2 GPUs to run, but there are only 1 ranks in the communicator
]]></skipped>
    </testcase>
    <testcase name="Communication/48" value_param="(NCCL, DeviceMesh{0 1 2 3}, DeviceMesh{0}, true, false, false, 0, false)" file="/opt/pytorch/nvfuser/tests/cpp/test_multidevice_pipeline.cpp" line="259" status="run" result="skipped" time="0." timestamp="2025-04-30T07:37:42.410" classname="Gather/PipelineTestTwoStages">
      <skipped message="/opt/pytorch/nvfuser/tests/cpp/test_multidevice_pipeline.cpp:134&#x0A;the fusion requests 4 GPUs to run, but there are only 1 ranks in the communicator&#x0A;"><![CDATA[/opt/pytorch/nvfuser/tests/cpp/test_multidevice_pipeline.cpp:134
the fusion requests 4 GPUs to run, but there are only 1 ranks in the communicator
]]></skipped>
    </testcase>
    <testcase name="Communication/51" value_param="(NCCL, DeviceMesh{0 1 2 3}, DeviceMesh{0}, true, false, false, 1, true)" file="/opt/pytorch/nvfuser/tests/cpp/test_multidevice_pipeline.cpp" line="259" status="run" result="skipped" time="0.001" timestamp="2025-04-30T07:37:42.411" classname="Gather/PipelineTestTwoStages">
      <skipped message="/opt/pytorch/nvfuser/tests/cpp/test_multidevice_pipeline.cpp:134&#x0A;the fusion requests 4 GPUs to run, but there are only 1 ranks in the communicator&#x0A;"><![CDATA[/opt/pytorch/nvfuser/tests/cpp/test_multidevice_pipeline.cpp:134
the fusion requests 4 GPUs to run, but there are only 1 ranks in the communicator
]]></skipped>
    </testcase>
    <testcase name="Communication/54" value_param="(NCCL, DeviceMesh{0 1 2 3}, DeviceMesh{1}, true, false, false, 1, false)" file="/opt/pytorch/nvfuser/tests/cpp/test_multidevice_pipeline.cpp" line="259" status="run" result="skipped" time="0.001" timestamp="2025-04-30T07:37:42.413" classname="Gather/PipelineTestTwoStages">
      <skipped message="/opt/pytorch/nvfuser/tests/cpp/test_multidevice_pipeline.cpp:134&#x0A;the fusion requests 4 GPUs to run, but there are only 1 ranks in the communicator&#x0A;"><![CDATA[/opt/pytorch/nvfuser/tests/cpp/test_multidevice_pipeline.cpp:134
the fusion requests 4 GPUs to run, but there are only 1 ranks in the communicator
]]></skipped>
    </testcase>
    <testcase name="Communication/57" value_param="(NCCL, DeviceMesh{0 1 2 3}, DeviceMesh{0 1 2 3}, true, false, false, 0, true)" file="/opt/pytorch/nvfuser/tests/cpp/test_multidevice_pipeline.cpp" line="259" status="run" result="skipped" time="0." timestamp="2025-04-30T07:37:42.414" classname="Gather/PipelineTestTwoStages">
      <skipped message="/opt/pytorch/nvfuser/tests/cpp/test_multidevice_pipeline.cpp:134&#x0A;the fusion requests 4 GPUs to run, but there are only 1 ranks in the communicator&#x0A;"><![CDATA[/opt/pytorch/nvfuser/tests/cpp/test_multidevice_pipeline.cpp:134
the fusion requests 4 GPUs to run, but there are only 1 ranks in the communicator
]]></skipped>
    </testcase>
    <testcase name="Communication/60" value_param="(NCCL, DeviceMesh{0 1 2 3}, DeviceMesh{0 2 3}, true, false, false, 0, false)" file="/opt/pytorch/nvfuser/tests/cpp/test_multidevice_pipeline.cpp" line="259" status="run" result="skipped" time="0." timestamp="2025-04-30T07:37:42.415" classname="Gather/PipelineTestTwoStages">
      <skipped message="/opt/pytorch/nvfuser/tests/cpp/test_multidevice_pipeline.cpp:134&#x0A;the fusion requests 4 GPUs to run, but there are only 1 ranks in the communicator&#x0A;"><![CDATA[/opt/pytorch/nvfuser/tests/cpp/test_multidevice_pipeline.cpp:134
the fusion requests 4 GPUs to run, but there are only 1 ranks in the communicator
]]></skipped>
    </testcase>
    <testcase name="Communication/63" value_param="(NCCL, DeviceMesh{0 1 2 3}, DeviceMesh{0 2 3}, true, false, false, 1, true)" file="/opt/pytorch/nvfuser/tests/cpp/test_multidevice_pipeline.cpp" line="259" status="run" result="skipped" time="0.002" timestamp="2025-04-30T07:37:42.416" classname="Gather/PipelineTestTwoStages">
      <skipped message="/opt/pytorch/nvfuser/tests/cpp/test_multidevice_pipeline.cpp:134&#x0A;the fusion requests 4 GPUs to run, but there are only 1 ranks in the communicator&#x0A;"><![CDATA[/opt/pytorch/nvfuser/tests/cpp/test_multidevice_pipeline.cpp:134
the fusion requests 4 GPUs to run, but there are only 1 ranks in the communicator
]]></skipped>
    </testcase>
    <testcase name="Communication/66" value_param="(NCCL, DeviceMesh{0 1 2 3}, DeviceMesh{1 0 2}, true, false, false, 1, false)" file="/opt/pytorch/nvfuser/tests/cpp/test_multidevice_pipeline.cpp" line="259" status="run" result="skipped" time="0.002" timestamp="2025-04-30T07:37:42.418" classname="Gather/PipelineTestTwoStages">
      <skipped message="/opt/pytorch/nvfuser/tests/cpp/test_multidevice_pipeline.cpp:134&#x0A;the fusion requests 4 GPUs to run, but there are only 1 ranks in the communicator&#x0A;"><![CDATA[/opt/pytorch/nvfuser/tests/cpp/test_multidevice_pipeline.cpp:134
the fusion requests 4 GPUs to run, but there are only 1 ranks in the communicator
]]></skipped>
    </testcase>
    <testcase name="Communication/69" value_param="(NCCL, DeviceMesh{0 1 2 3}, DeviceMesh{1 0}, true, false, false, 0, true)" file="/opt/pytorch/nvfuser/tests/cpp/test_multidevice_pipeline.cpp" line="259" status="run" result="skipped" time="0." timestamp="2025-04-30T07:37:42.420" classname="Gather/PipelineTestTwoStages">
      <skipped message="/opt/pytorch/nvfuser/tests/cpp/test_multidevice_pipeline.cpp:134&#x0A;the fusion requests 4 GPUs to run, but there are only 1 ranks in the communicator&#x0A;"><![CDATA[/opt/pytorch/nvfuser/tests/cpp/test_multidevice_pipeline.cpp:134
the fusion requests 4 GPUs to run, but there are only 1 ranks in the communicator
]]></skipped>
    </testcase>
    <testcase name="Communication/72" value_param="(NCCL, DeviceMesh{0 2 3}, DeviceMesh{0}, true, false, false, 0, false)" file="/opt/pytorch/nvfuser/tests/cpp/test_multidevice_pipeline.cpp" line="259" status="run" result="skipped" time="0." timestamp="2025-04-30T07:37:42.421" classname="Gather/PipelineTestTwoStages">
      <skipped message="/opt/pytorch/nvfuser/tests/cpp/test_multidevice_pipeline.cpp:134&#x0A;the fusion requests 4 GPUs to run, but there are only 1 ranks in the communicator&#x0A;"><![CDATA[/opt/pytorch/nvfuser/tests/cpp/test_multidevice_pipeline.cpp:134
the fusion requests 4 GPUs to run, but there are only 1 ranks in the communicator
]]></skipped>
    </testcase>
    <testcase name="Communication/75" value_param="(NCCL, DeviceMesh{0 2 3}, DeviceMesh{0}, true, false, false, 1, true)" file="/opt/pytorch/nvfuser/tests/cpp/test_multidevice_pipeline.cpp" line="259" status="run" result="skipped" time="0.001" timestamp="2025-04-30T07:37:42.422" classname="Gather/PipelineTestTwoStages">
      <skipped message="/opt/pytorch/nvfuser/tests/cpp/test_multidevice_pipeline.cpp:134&#x0A;the fusion requests 4 GPUs to run, but there are only 1 ranks in the communicator&#x0A;"><![CDATA[/opt/pytorch/nvfuser/tests/cpp/test_multidevice_pipeline.cpp:134
the fusion requests 4 GPUs to run, but there are only 1 ranks in the communicator
]]></skipped>
    </testcase>
    <testcase name="Communication/78" value_param="(NCCL, DeviceMesh{0 2 3}, DeviceMesh{1}, true, false, false, 1, false)" file="/opt/pytorch/nvfuser/tests/cpp/test_multidevice_pipeline.cpp" line="259" status="run" result="skipped" time="0.001" timestamp="2025-04-30T07:37:42.424" classname="Gather/PipelineTestTwoStages">
      <skipped message="/opt/pytorch/nvfuser/tests/cpp/test_multidevice_pipeline.cpp:134&#x0A;the fusion requests 4 GPUs to run, but there are only 1 ranks in the communicator&#x0A;"><![CDATA[/opt/pytorch/nvfuser/tests/cpp/test_multidevice_pipeline.cpp:134
the fusion requests 4 GPUs to run, but there are only 1 ranks in the communicator
]]></skipped>
    </testcase>
    <testcase name="Communication/81" value_param="(NCCL, DeviceMesh{0 2 3}, DeviceMesh{0 1 2 3}, true, false, false, 0, true)" file="/opt/pytorch/nvfuser/tests/cpp/test_multidevice_pipeline.cpp" line="259" status="run" result="skipped" time="0." timestamp="2025-04-30T07:37:42.426" classname="Gather/PipelineTestTwoStages">
      <skipped message="/opt/pytorch/nvfuser/tests/cpp/test_multidevice_pipeline.cpp:134&#x0A;the fusion requests 4 GPUs to run, but there are only 1 ranks in the communicator&#x0A;"><![CDATA[/opt/pytorch/nvfuser/tests/cpp/test_multidevice_pipeline.cpp:134
the fusion requests 4 GPUs to run, but there are only 1 ranks in the communicator
]]></skipped>
    </testcase>
    <testcase name="Communication/84" value_param="(NCCL, DeviceMesh{0 2 3}, DeviceMesh{0 2 3}, true, false, false, 0, false)" file="/opt/pytorch/nvfuser/tests/cpp/test_multidevice_pipeline.cpp" line="259" status="run" result="skipped" time="0." timestamp="2025-04-30T07:37:42.427" classname="Gather/PipelineTestTwoStages">
      <skipped message="/opt/pytorch/nvfuser/tests/cpp/test_multidevice_pipeline.cpp:134&#x0A;the fusion requests 4 GPUs to run, but there are only 1 ranks in the communicator&#x0A;"><![CDATA[/opt/pytorch/nvfuser/tests/cpp/test_multidevice_pipeline.cpp:134
the fusion requests 4 GPUs to run, but there are only 1 ranks in the communicator
]]></skipped>
    </testcase>
    <testcase name="Communication/87" value_param="(NCCL, DeviceMesh{0 2 3}, DeviceMesh{0 2 3}, true, false, false, 1, true)" file="/opt/pytorch/nvfuser/tests/cpp/test_multidevice_pipeline.cpp" line="259" status="run" result="skipped" time="0.002" timestamp="2025-04-30T07:37:42.427" classname="Gather/PipelineTestTwoStages">
      <skipped message="/opt/pytorch/nvfuser/tests/cpp/test_multidevice_pipeline.cpp:134&#x0A;the fusion requests 4 GPUs to run, but there are only 1 ranks in the communicator&#x0A;"><![CDATA[/opt/pytorch/nvfuser/tests/cpp/test_multidevice_pipeline.cpp:134
the fusion requests 4 GPUs to run, but there are only 1 ranks in the communicator
]]></skipped>
    </testcase>
    <testcase name="Communication/90" value_param="(NCCL, DeviceMesh{0 2 3}, DeviceMesh{1 0 2}, true, false, false, 1, false)" file="/opt/pytorch/nvfuser/tests/cpp/test_multidevice_pipeline.cpp" line="259" status="run" result="skipped" time="0.002" timestamp="2025-04-30T07:37:42.429" classname="Gather/PipelineTestTwoStages">
      <skipped message="/opt/pytorch/nvfuser/tests/cpp/test_multidevice_pipeline.cpp:134&#x0A;the fusion requests 4 GPUs to run, but there are only 1 ranks in the communicator&#x0A;"><![CDATA[/opt/pytorch/nvfuser/tests/cpp/test_multidevice_pipeline.cpp:134
the fusion requests 4 GPUs to run, but there are only 1 ranks in the communicator
]]></skipped>
    </testcase>
    <testcase name="Communication/93" value_param="(NCCL, DeviceMesh{0 2 3}, DeviceMesh{1 0}, true, false, false, 0, true)" file="/opt/pytorch/nvfuser/tests/cpp/test_multidevice_pipeline.cpp" line="259" status="run" result="skipped" time="0." timestamp="2025-04-30T07:37:42.431" classname="Gather/PipelineTestTwoStages">
      <skipped message="/opt/pytorch/nvfuser/tests/cpp/test_multidevice_pipeline.cpp:134&#x0A;the fusion requests 4 GPUs to run, but there are only 1 ranks in the communicator&#x0A;"><![CDATA[/opt/pytorch/nvfuser/tests/cpp/test_multidevice_pipeline.cpp:134
the fusion requests 4 GPUs to run, but there are only 1 ranks in the communicator
]]></skipped>
    </testcase>
    <testcase name="Communication/96" value_param="(NCCL, DeviceMesh{1 0 2}, DeviceMesh{0}, true, false, false, 0, false)" file="/opt/pytorch/nvfuser/tests/cpp/test_multidevice_pipeline.cpp" line="259" status="run" result="skipped" time="0." timestamp="2025-04-30T07:37:42.432" classname="Gather/PipelineTestTwoStages">
      <skipped message="/opt/pytorch/nvfuser/tests/cpp/test_multidevice_pipeline.cpp:134&#x0A;the fusion requests 3 GPUs to run, but there are only 1 ranks in the communicator&#x0A;"><![CDATA[/opt/pytorch/nvfuser/tests/cpp/test_multidevice_pipeline.cpp:134
the fusion requests 3 GPUs to run, but there are only 1 ranks in the communicator
]]></skipped>
    </testcase>
    <testcase name="Communication/99" value_param="(NCCL, DeviceMesh{1 0 2}, DeviceMesh{0}, true, false, false, 1, true)" file="/opt/pytorch/nvfuser/tests/cpp/test_multidevice_pipeline.cpp" line="259" status="run" result="skipped" time="0.001" timestamp="2025-04-30T07:37:42.433" classname="Gather/PipelineTestTwoStages">
      <skipped message="/opt/pytorch/nvfuser/tests/cpp/test_multidevice_pipeline.cpp:134&#x0A;the fusion requests 3 GPUs to run, but there are only 1 ranks in the communicator&#x0A;"><![CDATA[/opt/pytorch/nvfuser/tests/cpp/test_multidevice_pipeline.cpp:134
the fusion requests 3 GPUs to run, but there are only 1 ranks in the communicator
]]></skipped>
    </testcase>
    <testcase name="Communication/102" value_param="(NCCL, DeviceMesh{1 0 2}, DeviceMesh{1}, true, false, false, 1, false)" file="/opt/pytorch/nvfuser/tests/cpp/test_multidevice_pipeline.cpp" line="259" status="run" result="skipped" time="0.001" timestamp="2025-04-30T07:37:42.435" classname="Gather/PipelineTestTwoStages">
      <skipped message="/opt/pytorch/nvfuser/tests/cpp/test_multidevice_pipeline.cpp:134&#x0A;the fusion requests 3 GPUs to run, but there are only 1 ranks in the communicator&#x0A;"><![CDATA[/opt/pytorch/nvfuser/tests/cpp/test_multidevice_pipeline.cpp:134
the fusion requests 3 GPUs to run, but there are only 1 ranks in the communicator
]]></skipped>
    </testcase>
    <testcase name="Communication/105" value_param="(NCCL, DeviceMesh{1 0 2}, DeviceMesh{0 1 2 3}, true, false, false, 0, true)" file="/opt/pytorch/nvfuser/tests/cpp/test_multidevice_pipeline.cpp" line="259" status="run" result="skipped" time="0.001" timestamp="2025-04-30T07:37:42.437" classname="Gather/PipelineTestTwoStages">
      <skipped message="/opt/pytorch/nvfuser/tests/cpp/test_multidevice_pipeline.cpp:134&#x0A;the fusion requests 4 GPUs to run, but there are only 1 ranks in the communicator&#x0A;"><![CDATA[/opt/pytorch/nvfuser/tests/cpp/test_multidevice_pipeline.cpp:134
the fusion requests 4 GPUs to run, but there are only 1 ranks in the communicator
]]></skipped>
    </testcase>
    <testcase name="Communication/108" value_param="(NCCL, DeviceMesh{1 0 2}, DeviceMesh{0 2 3}, true, false, false, 0, false)" file="/opt/pytorch/nvfuser/tests/cpp/test_multidevice_pipeline.cpp" line="259" status="run" result="skipped" time="0." timestamp="2025-04-30T07:37:42.438" classname="Gather/PipelineTestTwoStages">
      <skipped message="/opt/pytorch/nvfuser/tests/cpp/test_multidevice_pipeline.cpp:134&#x0A;the fusion requests 4 GPUs to run, but there are only 1 ranks in the communicator&#x0A;"><![CDATA[/opt/pytorch/nvfuser/tests/cpp/test_multidevice_pipeline.cpp:134
the fusion requests 4 GPUs to run, but there are only 1 ranks in the communicator
]]></skipped>
    </testcase>
    <testcase name="Communication/111" value_param="(NCCL, DeviceMesh{1 0 2}, DeviceMesh{0 2 3}, true, false, false, 1, true)" file="/opt/pytorch/nvfuser/tests/cpp/test_multidevice_pipeline.cpp" line="259" status="run" result="skipped" time="0.002" timestamp="2025-04-30T07:37:42.439" classname="Gather/PipelineTestTwoStages">
      <skipped message="/opt/pytorch/nvfuser/tests/cpp/test_multidevice_pipeline.cpp:134&#x0A;the fusion requests 4 GPUs to run, but there are only 1 ranks in the communicator&#x0A;"><![CDATA[/opt/pytorch/nvfuser/tests/cpp/test_multidevice_pipeline.cpp:134
the fusion requests 4 GPUs to run, but there are only 1 ranks in the communicator
]]></skipped>
    </testcase>
    <testcase name="Communication/114" value_param="(NCCL, DeviceMesh{1 0 2}, DeviceMesh{1 0 2}, true, false, false, 1, false)" file="/opt/pytorch/nvfuser/tests/cpp/test_multidevice_pipeline.cpp" line="259" status="run" result="skipped" time="0.002" timestamp="2025-04-30T07:37:42.441" classname="Gather/PipelineTestTwoStages">
      <skipped message="/opt/pytorch/nvfuser/tests/cpp/test_multidevice_pipeline.cpp:134&#x0A;the fusion requests 3 GPUs to run, but there are only 1 ranks in the communicator&#x0A;"><![CDATA[/opt/pytorch/nvfuser/tests/cpp/test_multidevice_pipeline.cpp:134
the fusion requests 3 GPUs to run, but there are only 1 ranks in the communicator
]]></skipped>
    </testcase>
    <testcase name="Communication/117" value_param="(NCCL, DeviceMesh{1 0 2}, DeviceMesh{1 0}, true, false, false, 0, true)" file="/opt/pytorch/nvfuser/tests/cpp/test_multidevice_pipeline.cpp" line="259" status="run" result="skipped" time="0." timestamp="2025-04-30T07:37:42.443" classname="Gather/PipelineTestTwoStages">
      <skipped message="/opt/pytorch/nvfuser/tests/cpp/test_multidevice_pipeline.cpp:134&#x0A;the fusion requests 3 GPUs to run, but there are only 1 ranks in the communicator&#x0A;"><![CDATA[/opt/pytorch/nvfuser/tests/cpp/test_multidevice_pipeline.cpp:134
the fusion requests 3 GPUs to run, but there are only 1 ranks in the communicator
]]></skipped>
    </testcase>
    <testcase name="Communication/120" value_param="(NCCL, DeviceMesh{1 0}, DeviceMesh{0}, true, false, false, 0, false)" file="/opt/pytorch/nvfuser/tests/cpp/test_multidevice_pipeline.cpp" line="259" status="run" result="skipped" time="0." timestamp="2025-04-30T07:37:42.444" classname="Gather/PipelineTestTwoStages">
      <skipped message="/opt/pytorch/nvfuser/tests/cpp/test_multidevice_pipeline.cpp:134&#x0A;the fusion requests 2 GPUs to run, but there are only 1 ranks in the communicator&#x0A;"><![CDATA[/opt/pytorch/nvfuser/tests/cpp/test_multidevice_pipeline.cpp:134
the fusion requests 2 GPUs to run, but there are only 1 ranks in the communicator
]]></skipped>
    </testcase>
    <testcase name="Communication/123" value_param="(NCCL, DeviceMesh{1 0}, DeviceMesh{0}, true, false, false, 1, true)" file="/opt/pytorch/nvfuser/tests/cpp/test_multidevice_pipeline.cpp" line="259" status="run" result="skipped" time="0.001" timestamp="2025-04-30T07:37:42.445" classname="Gather/PipelineTestTwoStages">
      <skipped message="/opt/pytorch/nvfuser/tests/cpp/test_multidevice_pipeline.cpp:134&#x0A;the fusion requests 2 GPUs to run, but there are only 1 ranks in the communicator&#x0A;"><![CDATA[/opt/pytorch/nvfuser/tests/cpp/test_multidevice_pipeline.cpp:134
the fusion requests 2 GPUs to run, but there are only 1 ranks in the communicator
]]></skipped>
    </testcase>
    <testcase name="Communication/126" value_param="(NCCL, DeviceMesh{1 0}, DeviceMesh{1}, true, false, false, 1, false)" file="/opt/pytorch/nvfuser/tests/cpp/test_multidevice_pipeline.cpp" line="259" status="run" result="skipped" time="0.001" timestamp="2025-04-30T07:37:42.447" classname="Gather/PipelineTestTwoStages">
      <skipped message="/opt/pytorch/nvfuser/tests/cpp/test_multidevice_pipeline.cpp:134&#x0A;the fusion requests 2 GPUs to run, but there are only 1 ranks in the communicator&#x0A;"><![CDATA[/opt/pytorch/nvfuser/tests/cpp/test_multidevice_pipeline.cpp:134
the fusion requests 2 GPUs to run, but there are only 1 ranks in the communicator
]]></skipped>
    </testcase>
    <testcase name="Communication/129" value_param="(NCCL, DeviceMesh{1 0}, DeviceMesh{0 1 2 3}, true, false, false, 0, true)" file="/opt/pytorch/nvfuser/tests/cpp/test_multidevice_pipeline.cpp" line="259" status="run" result="skipped" time="0." timestamp="2025-04-30T07:37:42.448" classname="Gather/PipelineTestTwoStages">
      <skipped message="/opt/pytorch/nvfuser/tests/cpp/test_multidevice_pipeline.cpp:134&#x0A;the fusion requests 4 GPUs to run, but there are only 1 ranks in the communicator&#x0A;"><![CDATA[/opt/pytorch/nvfuser/tests/cpp/test_multidevice_pipeline.cpp:134
the fusion requests 4 GPUs to run, but there are only 1 ranks in the communicator
]]></skipped>
    </testcase>
    <testcase name="Communication/132" value_param="(NCCL, DeviceMesh{1 0}, DeviceMesh{0 2 3}, true, false, false, 0, false)" file="/opt/pytorch/nvfuser/tests/cpp/test_multidevice_pipeline.cpp" line="259" status="run" result="skipped" time="0." timestamp="2025-04-30T07:37:42.449" classname="Gather/PipelineTestTwoStages">
      <skipped message="/opt/pytorch/nvfuser/tests/cpp/test_multidevice_pipeline.cpp:134&#x0A;the fusion requests 4 GPUs to run, but there are only 1 ranks in the communicator&#x0A;"><![CDATA[/opt/pytorch/nvfuser/tests/cpp/test_multidevice_pipeline.cpp:134
the fusion requests 4 GPUs to run, but there are only 1 ranks in the communicator
]]></skipped>
    </testcase>
    <testcase name="Communication/135" value_param="(NCCL, DeviceMesh{1 0}, DeviceMesh{0 2 3}, true, false, false, 1, true)" file="/opt/pytorch/nvfuser/tests/cpp/test_multidevice_pipeline.cpp" line="259" status="run" result="skipped" time="0.002" timestamp="2025-04-30T07:37:42.450" classname="Gather/PipelineTestTwoStages">
      <skipped message="/opt/pytorch/nvfuser/tests/cpp/test_multidevice_pipeline.cpp:134&#x0A;the fusion requests 4 GPUs to run, but there are only 1 ranks in the communicator&#x0A;"><![CDATA[/opt/pytorch/nvfuser/tests/cpp/test_multidevice_pipeline.cpp:134
the fusion requests 4 GPUs to run, but there are only 1 ranks in the communicator
]]></skipped>
    </testcase>
    <testcase name="Communication/138" value_param="(NCCL, DeviceMesh{1 0}, DeviceMesh{1 0 2}, true, false, false, 1, false)" file="/opt/pytorch/nvfuser/tests/cpp/test_multidevice_pipeline.cpp" line="259" status="run" result="skipped" time="0.002" timestamp="2025-04-30T07:37:42.452" classname="Gather/PipelineTestTwoStages">
      <skipped message="/opt/pytorch/nvfuser/tests/cpp/test_multidevice_pipeline.cpp:134&#x0A;the fusion requests 3 GPUs to run, but there are only 1 ranks in the communicator&#x0A;"><![CDATA[/opt/pytorch/nvfuser/tests/cpp/test_multidevice_pipeline.cpp:134
the fusion requests 3 GPUs to run, but there are only 1 ranks in the communicator
]]></skipped>
    </testcase>
    <testcase name="Communication/141" value_param="(NCCL, DeviceMesh{1 0}, DeviceMesh{1 0}, true, false, false, 0, true)" file="/opt/pytorch/nvfuser/tests/cpp/test_multidevice_pipeline.cpp" line="259" status="run" result="skipped" time="0." timestamp="2025-04-30T07:37:42.454" classname="Gather/PipelineTestTwoStages">
      <skipped message="/opt/pytorch/nvfuser/tests/cpp/test_multidevice_pipeline.cpp:134&#x0A;the fusion requests 2 GPUs to run, but there are only 1 ranks in the communicator&#x0A;"><![CDATA[/opt/pytorch/nvfuser/tests/cpp/test_multidevice_pipeline.cpp:134
the fusion requests 2 GPUs to run, but there are only 1 ranks in the communicator
]]></skipped>
    </testcase>
    <testcase name="Communication/144" value_param="(UCC, DeviceMesh{0}, DeviceMesh{0}, true, false, false, 0, false)" file="/opt/pytorch/nvfuser/tests/cpp/test_multidevice_pipeline.cpp" line="259" status="run" result="completed" time="0.061" timestamp="2025-04-30T07:37:42.455" classname="Gather/PipelineTestTwoStages" />
    <testcase name="Communication/147" value_param="(UCC, DeviceMesh{0}, DeviceMesh{0}, true, false, false, 1, true)" file="/opt/pytorch/nvfuser/tests/cpp/test_multidevice_pipeline.cpp" line="259" status="run" result="completed" time="0.06" timestamp="2025-04-30T07:37:42.516" classname="Gather/PipelineTestTwoStages" />
    <testcase name="Communication/150" value_param="(UCC, DeviceMesh{0}, DeviceMesh{1}, true, false, false, 1, false)" file="/opt/pytorch/nvfuser/tests/cpp/test_multidevice_pipeline.cpp" line="259" status="run" result="skipped" time="0." timestamp="2025-04-30T07:37:42.576" classname="Gather/PipelineTestTwoStages">
      <skipped message="/opt/pytorch/nvfuser/tests/cpp/test_multidevice_pipeline.cpp:134&#x0A;the fusion requests 2 GPUs to run, but there are only 1 ranks in the communicator&#x0A;"><![CDATA[/opt/pytorch/nvfuser/tests/cpp/test_multidevice_pipeline.cpp:134
the fusion requests 2 GPUs to run, but there are only 1 ranks in the communicator
]]></skipped>
    </testcase>
    <testcase name="Communication/153" value_param="(UCC, DeviceMesh{0}, DeviceMesh{0 1 2 3}, true, false, false, 0, true)" file="/opt/pytorch/nvfuser/tests/cpp/test_multidevice_pipeline.cpp" line="259" status="run" result="skipped" time="0." timestamp="2025-04-30T07:37:42.577" classname="Gather/PipelineTestTwoStages">
      <skipped message="/opt/pytorch/nvfuser/tests/cpp/test_multidevice_pipeline.cpp:134&#x0A;the fusion requests 4 GPUs to run, but there are only 1 ranks in the communicator&#x0A;"><![CDATA[/opt/pytorch/nvfuser/tests/cpp/test_multidevice_pipeline.cpp:134
the fusion requests 4 GPUs to run, but there are only 1 ranks in the communicator
]]></skipped>
    </testcase>
    <testcase name="Communication/156" value_param="(UCC, DeviceMesh{0}, DeviceMesh{0 2 3}, true, false, false, 0, false)" file="/opt/pytorch/nvfuser/tests/cpp/test_multidevice_pipeline.cpp" line="259" status="run" result="skipped" time="0." timestamp="2025-04-30T07:37:42.578" classname="Gather/PipelineTestTwoStages">
      <skipped message="/opt/pytorch/nvfuser/tests/cpp/test_multidevice_pipeline.cpp:134&#x0A;the fusion requests 4 GPUs to run, but there are only 1 ranks in the communicator&#x0A;"><![CDATA[/opt/pytorch/nvfuser/tests/cpp/test_multidevice_pipeline.cpp:134
the fusion requests 4 GPUs to run, but there are only 1 ranks in the communicator
]]></skipped>
    </testcase>
    <testcase name="Communication/159" value_param="(UCC, DeviceMesh{0}, DeviceMesh{0 2 3}, true, false, false, 1, true)" file="/opt/pytorch/nvfuser/tests/cpp/test_multidevice_pipeline.cpp" line="259" status="run" result="skipped" time="0." timestamp="2025-04-30T07:37:42.579" classname="Gather/PipelineTestTwoStages">
      <skipped message="/opt/pytorch/nvfuser/tests/cpp/test_multidevice_pipeline.cpp:134&#x0A;the fusion requests 4 GPUs to run, but there are only 1 ranks in the communicator&#x0A;"><![CDATA[/opt/pytorch/nvfuser/tests/cpp/test_multidevice_pipeline.cpp:134
the fusion requests 4 GPUs to run, but there are only 1 ranks in the communicator
]]></skipped>
    </testcase>
    <testcase name="Communication/162" value_param="(UCC, DeviceMesh{0}, DeviceMesh{1 0 2}, true, false, false, 1, false)" file="/opt/pytorch/nvfuser/tests/cpp/test_multidevice_pipeline.cpp" line="259" status="run" result="skipped" time="0." timestamp="2025-04-30T07:37:42.580" classname="Gather/PipelineTestTwoStages">
      <skipped message="/opt/pytorch/nvfuser/tests/cpp/test_multidevice_pipeline.cpp:134&#x0A;the fusion requests 3 GPUs to run, but there are only 1 ranks in the communicator&#x0A;"><![CDATA[/opt/pytorch/nvfuser/tests/cpp/test_multidevice_pipeline.cpp:134
the fusion requests 3 GPUs to run, but there are only 1 ranks in the communicator
]]></skipped>
    </testcase>
    <testcase name="Communication/165" value_param="(UCC, DeviceMesh{0}, DeviceMesh{1 0}, true, false, false, 0, true)" file="/opt/pytorch/nvfuser/tests/cpp/test_multidevice_pipeline.cpp" line="259" status="run" result="skipped" time="0." timestamp="2025-04-30T07:37:42.581" classname="Gather/PipelineTestTwoStages">
      <skipped message="/opt/pytorch/nvfuser/tests/cpp/test_multidevice_pipeline.cpp:134&#x0A;the fusion requests 2 GPUs to run, but there are only 1 ranks in the communicator&#x0A;"><![CDATA[/opt/pytorch/nvfuser/tests/cpp/test_multidevice_pipeline.cpp:134
the fusion requests 2 GPUs to run, but there are only 1 ranks in the communicator
]]></skipped>
    </testcase>
    <testcase name="Communication/168" value_param="(UCC, DeviceMesh{1}, DeviceMesh{0}, true, false, false, 0, false)" file="/opt/pytorch/nvfuser/tests/cpp/test_multidevice_pipeline.cpp" line="259" status="run" result="skipped" time="0." timestamp="2025-04-30T07:37:42.582" classname="Gather/PipelineTestTwoStages">
      <skipped message="/opt/pytorch/nvfuser/tests/cpp/test_multidevice_pipeline.cpp:134&#x0A;the fusion requests 2 GPUs to run, but there are only 1 ranks in the communicator&#x0A;"><![CDATA[/opt/pytorch/nvfuser/tests/cpp/test_multidevice_pipeline.cpp:134
the fusion requests 2 GPUs to run, but there are only 1 ranks in the communicator
]]></skipped>
    </testcase>
    <testcase name="Communication/171" value_param="(UCC, DeviceMesh{1}, DeviceMesh{0}, true, false, false, 1, true)" file="/opt/pytorch/nvfuser/tests/cpp/test_multidevice_pipeline.cpp" line="259" status="run" result="skipped" time="0." timestamp="2025-04-30T07:37:42.582" classname="Gather/PipelineTestTwoStages">
      <skipped message="/opt/pytorch/nvfuser/tests/cpp/test_multidevice_pipeline.cpp:134&#x0A;the fusion requests 2 GPUs to run, but there are only 1 ranks in the communicator&#x0A;"><![CDATA[/opt/pytorch/nvfuser/tests/cpp/test_multidevice_pipeline.cpp:134
the fusion requests 2 GPUs to run, but there are only 1 ranks in the communicator
]]></skipped>
    </testcase>
    <testcase name="Communication/174" value_param="(UCC, DeviceMesh{1}, DeviceMesh{1}, true, false, false, 1, false)" file="/opt/pytorch/nvfuser/tests/cpp/test_multidevice_pipeline.cpp" line="259" status="run" result="skipped" time="0." timestamp="2025-04-30T07:37:42.583" classname="Gather/PipelineTestTwoStages">
      <skipped message="/opt/pytorch/nvfuser/tests/cpp/test_multidevice_pipeline.cpp:134&#x0A;the fusion requests 2 GPUs to run, but there are only 1 ranks in the communicator&#x0A;"><![CDATA[/opt/pytorch/nvfuser/tests/cpp/test_multidevice_pipeline.cpp:134
the fusion requests 2 GPUs to run, but there are only 1 ranks in the communicator
]]></skipped>
    </testcase>
    <testcase name="Communication/177" value_param="(UCC, DeviceMesh{1}, DeviceMesh{0 1 2 3}, true, false, false, 0, true)" file="/opt/pytorch/nvfuser/tests/cpp/test_multidevice_pipeline.cpp" line="259" status="run" result="skipped" time="0." timestamp="2025-04-30T07:37:42.584" classname="Gather/PipelineTestTwoStages">
      <skipped message="/opt/pytorch/nvfuser/tests/cpp/test_multidevice_pipeline.cpp:134&#x0A;the fusion requests 4 GPUs to run, but there are only 1 ranks in the communicator&#x0A;"><![CDATA[/opt/pytorch/nvfuser/tests/cpp/test_multidevice_pipeline.cpp:134
the fusion requests 4 GPUs to run, but there are only 1 ranks in the communicator
]]></skipped>
    </testcase>
    <testcase name="Communication/180" value_param="(UCC, DeviceMesh{1}, DeviceMesh{0 2 3}, true, false, false, 0, false)" file="/opt/pytorch/nvfuser/tests/cpp/test_multidevice_pipeline.cpp" line="259" status="run" result="skipped" time="0." timestamp="2025-04-30T07:37:42.585" classname="Gather/PipelineTestTwoStages">
      <skipped message="/opt/pytorch/nvfuser/tests/cpp/test_multidevice_pipeline.cpp:134&#x0A;the fusion requests 4 GPUs to run, but there are only 1 ranks in the communicator&#x0A;"><![CDATA[/opt/pytorch/nvfuser/tests/cpp/test_multidevice_pipeline.cpp:134
the fusion requests 4 GPUs to run, but there are only 1 ranks in the communicator
]]></skipped>
    </testcase>
    <testcase name="Communication/183" value_param="(UCC, DeviceMesh{1}, DeviceMesh{0 2 3}, true, false, false, 1, true)" file="/opt/pytorch/nvfuser/tests/cpp/test_multidevice_pipeline.cpp" line="259" status="run" result="skipped" time="0." timestamp="2025-04-30T07:37:42.585" classname="Gather/PipelineTestTwoStages">
      <skipped message="/opt/pytorch/nvfuser/tests/cpp/test_multidevice_pipeline.cpp:134&#x0A;the fusion requests 4 GPUs to run, but there are only 1 ranks in the communicator&#x0A;"><![CDATA[/opt/pytorch/nvfuser/tests/cpp/test_multidevice_pipeline.cpp:134
the fusion requests 4 GPUs to run, but there are only 1 ranks in the communicator
]]></skipped>
    </testcase>
    <testcase name="Communication/186" value_param="(UCC, DeviceMesh{1}, DeviceMesh{1 0 2}, true, false, false, 1, false)" file="/opt/pytorch/nvfuser/tests/cpp/test_multidevice_pipeline.cpp" line="259" status="run" result="skipped" time="0." timestamp="2025-04-30T07:37:42.586" classname="Gather/PipelineTestTwoStages">
      <skipped message="/opt/pytorch/nvfuser/tests/cpp/test_multidevice_pipeline.cpp:134&#x0A;the fusion requests 3 GPUs to run, but there are only 1 ranks in the communicator&#x0A;"><![CDATA[/opt/pytorch/nvfuser/tests/cpp/test_multidevice_pipeline.cpp:134
the fusion requests 3 GPUs to run, but there are only 1 ranks in the communicator
]]></skipped>
    </testcase>
    <testcase name="Communication/189" value_param="(UCC, DeviceMesh{1}, DeviceMesh{1 0}, true, false, false, 0, true)" file="/opt/pytorch/nvfuser/tests/cpp/test_multidevice_pipeline.cpp" line="259" status="run" result="skipped" time="0." timestamp="2025-04-30T07:37:42.587" classname="Gather/PipelineTestTwoStages">
      <skipped message="/opt/pytorch/nvfuser/tests/cpp/test_multidevice_pipeline.cpp:134&#x0A;the fusion requests 2 GPUs to run, but there are only 1 ranks in the communicator&#x0A;"><![CDATA[/opt/pytorch/nvfuser/tests/cpp/test_multidevice_pipeline.cpp:134
the fusion requests 2 GPUs to run, but there are only 1 ranks in the communicator
]]></skipped>
    </testcase>
    <testcase name="Communication/192" value_param="(UCC, DeviceMesh{0 1 2 3}, DeviceMesh{0}, true, false, false, 0, false)" file="/opt/pytorch/nvfuser/tests/cpp/test_multidevice_pipeline.cpp" line="259" status="run" result="skipped" time="0." timestamp="2025-04-30T07:37:42.588" classname="Gather/PipelineTestTwoStages">
      <skipped message="/opt/pytorch/nvfuser/tests/cpp/test_multidevice_pipeline.cpp:134&#x0A;the fusion requests 4 GPUs to run, but there are only 1 ranks in the communicator&#x0A;"><![CDATA[/opt/pytorch/nvfuser/tests/cpp/test_multidevice_pipeline.cpp:134
the fusion requests 4 GPUs to run, but there are only 1 ranks in the communicator
]]></skipped>
    </testcase>
    <testcase name="Communication/195" value_param="(UCC, DeviceMesh{0 1 2 3}, DeviceMesh{0}, true, false, false, 1, true)" file="/opt/pytorch/nvfuser/tests/cpp/test_multidevice_pipeline.cpp" line="259" status="run" result="skipped" time="0.001" timestamp="2025-04-30T07:37:42.589" classname="Gather/PipelineTestTwoStages">
      <skipped message="/opt/pytorch/nvfuser/tests/cpp/test_multidevice_pipeline.cpp:134&#x0A;the fusion requests 4 GPUs to run, but there are only 1 ranks in the communicator&#x0A;"><![CDATA[/opt/pytorch/nvfuser/tests/cpp/test_multidevice_pipeline.cpp:134
the fusion requests 4 GPUs to run, but there are only 1 ranks in the communicator
]]></skipped>
    </testcase>
    <testcase name="Communication/198" value_param="(UCC, DeviceMesh{0 1 2 3}, DeviceMesh{1}, true, false, false, 1, false)" file="/opt/pytorch/nvfuser/tests/cpp/test_multidevice_pipeline.cpp" line="259" status="run" result="skipped" time="0.001" timestamp="2025-04-30T07:37:42.590" classname="Gather/PipelineTestTwoStages">
      <skipped message="/opt/pytorch/nvfuser/tests/cpp/test_multidevice_pipeline.cpp:134&#x0A;the fusion requests 4 GPUs to run, but there are only 1 ranks in the communicator&#x0A;"><![CDATA[/opt/pytorch/nvfuser/tests/cpp/test_multidevice_pipeline.cpp:134
the fusion requests 4 GPUs to run, but there are only 1 ranks in the communicator
]]></skipped>
    </testcase>
    <testcase name="Communication/201" value_param="(UCC, DeviceMesh{0 1 2 3}, DeviceMesh{0 1 2 3}, true, false, false, 0, true)" file="/opt/pytorch/nvfuser/tests/cpp/test_multidevice_pipeline.cpp" line="259" status="run" result="skipped" time="0." timestamp="2025-04-30T07:37:42.592" classname="Gather/PipelineTestTwoStages">
      <skipped message="/opt/pytorch/nvfuser/tests/cpp/test_multidevice_pipeline.cpp:134&#x0A;the fusion requests 4 GPUs to run, but there are only 1 ranks in the communicator&#x0A;"><![CDATA[/opt/pytorch/nvfuser/tests/cpp/test_multidevice_pipeline.cpp:134
the fusion requests 4 GPUs to run, but there are only 1 ranks in the communicator
]]></skipped>
    </testcase>
    <testcase name="Communication/204" value_param="(UCC, DeviceMesh{0 1 2 3}, DeviceMesh{0 2 3}, true, false, false, 0, false)" file="/opt/pytorch/nvfuser/tests/cpp/test_multidevice_pipeline.cpp" line="259" status="run" result="skipped" time="0." timestamp="2025-04-30T07:37:42.593" classname="Gather/PipelineTestTwoStages">
      <skipped message="/opt/pytorch/nvfuser/tests/cpp/test_multidevice_pipeline.cpp:134&#x0A;the fusion requests 4 GPUs to run, but there are only 1 ranks in the communicator&#x0A;"><![CDATA[/opt/pytorch/nvfuser/tests/cpp/test_multidevice_pipeline.cpp:134
the fusion requests 4 GPUs to run, but there are only 1 ranks in the communicator
]]></skipped>
    </testcase>
    <testcase name="Communication/207" value_param="(UCC, DeviceMesh{0 1 2 3}, DeviceMesh{0 2 3}, true, false, false, 1, true)" file="/opt/pytorch/nvfuser/tests/cpp/test_multidevice_pipeline.cpp" line="259" status="run" result="skipped" time="0.002" timestamp="2025-04-30T07:37:42.594" classname="Gather/PipelineTestTwoStages">
      <skipped message="/opt/pytorch/nvfuser/tests/cpp/test_multidevice_pipeline.cpp:134&#x0A;the fusion requests 4 GPUs to run, but there are only 1 ranks in the communicator&#x0A;"><![CDATA[/opt/pytorch/nvfuser/tests/cpp/test_multidevice_pipeline.cpp:134
the fusion requests 4 GPUs to run, but there are only 1 ranks in the communicator
]]></skipped>
    </testcase>
    <testcase name="Communication/210" value_param="(UCC, DeviceMesh{0 1 2 3}, DeviceMesh{1 0 2}, true, false, false, 1, false)" file="/opt/pytorch/nvfuser/tests/cpp/test_multidevice_pipeline.cpp" line="259" status="run" result="skipped" time="0.001" timestamp="2025-04-30T07:37:42.596" classname="Gather/PipelineTestTwoStages">
      <skipped message="/opt/pytorch/nvfuser/tests/cpp/test_multidevice_pipeline.cpp:134&#x0A;the fusion requests 4 GPUs to run, but there are only 1 ranks in the communicator&#x0A;"><![CDATA[/opt/pytorch/nvfuser/tests/cpp/test_multidevice_pipeline.cpp:134
the fusion requests 4 GPUs to run, but there are only 1 ranks in the communicator
]]></skipped>
    </testcase>
    <testcase name="Communication/213" value_param="(UCC, DeviceMesh{0 1 2 3}, DeviceMesh{1 0}, true, false, false, 0, true)" file="/opt/pytorch/nvfuser/tests/cpp/test_multidevice_pipeline.cpp" line="259" status="run" result="skipped" time="0." timestamp="2025-04-30T07:37:42.598" classname="Gather/PipelineTestTwoStages">
      <skipped message="/opt/pytorch/nvfuser/tests/cpp/test_multidevice_pipeline.cpp:134&#x0A;the fusion requests 4 GPUs to run, but there are only 1 ranks in the communicator&#x0A;"><![CDATA[/opt/pytorch/nvfuser/tests/cpp/test_multidevice_pipeline.cpp:134
the fusion requests 4 GPUs to run, but there are only 1 ranks in the communicator
]]></skipped>
    </testcase>
    <testcase name="Communication/216" value_param="(UCC, DeviceMesh{0 2 3}, DeviceMesh{0}, true, false, false, 0, false)" file="/opt/pytorch/nvfuser/tests/cpp/test_multidevice_pipeline.cpp" line="259" status="run" result="skipped" time="0." timestamp="2025-04-30T07:37:42.599" classname="Gather/PipelineTestTwoStages">
      <skipped message="/opt/pytorch/nvfuser/tests/cpp/test_multidevice_pipeline.cpp:134&#x0A;the fusion requests 4 GPUs to run, but there are only 1 ranks in the communicator&#x0A;"><![CDATA[/opt/pytorch/nvfuser/tests/cpp/test_multidevice_pipeline.cpp:134
the fusion requests 4 GPUs to run, but there are only 1 ranks in the communicator
]]></skipped>
    </testcase>
    <testcase name="Communication/219" value_param="(UCC, DeviceMesh{0 2 3}, DeviceMesh{0}, true, false, false, 1, true)" file="/opt/pytorch/nvfuser/tests/cpp/test_multidevice_pipeline.cpp" line="259" status="run" result="skipped" time="0.001" timestamp="2025-04-30T07:37:42.599" classname="Gather/PipelineTestTwoStages">
      <skipped message="/opt/pytorch/nvfuser/tests/cpp/test_multidevice_pipeline.cpp:134&#x0A;the fusion requests 4 GPUs to run, but there are only 1 ranks in the communicator&#x0A;"><![CDATA[/opt/pytorch/nvfuser/tests/cpp/test_multidevice_pipeline.cpp:134
the fusion requests 4 GPUs to run, but there are only 1 ranks in the communicator
]]></skipped>
    </testcase>
    <testcase name="Communication/222" value_param="(UCC, DeviceMesh{0 2 3}, DeviceMesh{1}, true, false, false, 1, false)" file="/opt/pytorch/nvfuser/tests/cpp/test_multidevice_pipeline.cpp" line="259" status="run" result="skipped" time="0.001" timestamp="2025-04-30T07:37:42.601" classname="Gather/PipelineTestTwoStages">
      <skipped message="/opt/pytorch/nvfuser/tests/cpp/test_multidevice_pipeline.cpp:134&#x0A;the fusion requests 4 GPUs to run, but there are only 1 ranks in the communicator&#x0A;"><![CDATA[/opt/pytorch/nvfuser/tests/cpp/test_multidevice_pipeline.cpp:134
the fusion requests 4 GPUs to run, but there are only 1 ranks in the communicator
]]></skipped>
    </testcase>
    <testcase name="Communication/225" value_param="(UCC, DeviceMesh{0 2 3}, DeviceMesh{0 1 2 3}, true, false, false, 0, true)" file="/opt/pytorch/nvfuser/tests/cpp/test_multidevice_pipeline.cpp" line="259" status="run" result="skipped" time="0." timestamp="2025-04-30T07:37:42.603" classname="Gather/PipelineTestTwoStages">
      <skipped message="/opt/pytorch/nvfuser/tests/cpp/test_multidevice_pipeline.cpp:134&#x0A;the fusion requests 4 GPUs to run, but there are only 1 ranks in the communicator&#x0A;"><![CDATA[/opt/pytorch/nvfuser/tests/cpp/test_multidevice_pipeline.cpp:134
the fusion requests 4 GPUs to run, but there are only 1 ranks in the communicator
]]></skipped>
    </testcase>
    <testcase name="Communication/228" value_param="(UCC, DeviceMesh{0 2 3}, DeviceMesh{0 2 3}, true, false, false, 0, false)" file="/opt/pytorch/nvfuser/tests/cpp/test_multidevice_pipeline.cpp" line="259" status="run" result="skipped" time="0." timestamp="2025-04-30T07:37:42.604" classname="Gather/PipelineTestTwoStages">
      <skipped message="/opt/pytorch/nvfuser/tests/cpp/test_multidevice_pipeline.cpp:134&#x0A;the fusion requests 4 GPUs to run, but there are only 1 ranks in the communicator&#x0A;"><![CDATA[/opt/pytorch/nvfuser/tests/cpp/test_multidevice_pipeline.cpp:134
the fusion requests 4 GPUs to run, but there are only 1 ranks in the communicator
]]></skipped>
    </testcase>
    <testcase name="Communication/231" value_param="(UCC, DeviceMesh{0 2 3}, DeviceMesh{0 2 3}, true, false, false, 1, true)" file="/opt/pytorch/nvfuser/tests/cpp/test_multidevice_pipeline.cpp" line="259" status="run" result="skipped" time="0.001" timestamp="2025-04-30T07:37:42.605" classname="Gather/PipelineTestTwoStages">
      <skipped message="/opt/pytorch/nvfuser/tests/cpp/test_multidevice_pipeline.cpp:134&#x0A;the fusion requests 4 GPUs to run, but there are only 1 ranks in the communicator&#x0A;"><![CDATA[/opt/pytorch/nvfuser/tests/cpp/test_multidevice_pipeline.cpp:134
the fusion requests 4 GPUs to run, but there are only 1 ranks in the communicator
]]></skipped>
    </testcase>
    <testcase name="Communication/234" value_param="(UCC, DeviceMesh{0 2 3}, DeviceMesh{1 0 2}, true, false, false, 1, false)" file="/opt/pytorch/nvfuser/tests/cpp/test_multidevice_pipeline.cpp" line="259" status="run" result="skipped" time="0.002" timestamp="2025-04-30T07:37:42.607" classname="Gather/PipelineTestTwoStages">
      <skipped message="/opt/pytorch/nvfuser/tests/cpp/test_multidevice_pipeline.cpp:134&#x0A;the fusion requests 4 GPUs to run, but there are only 1 ranks in the communicator&#x0A;"><![CDATA[/opt/pytorch/nvfuser/tests/cpp/test_multidevice_pipeline.cpp:134
the fusion requests 4 GPUs to run, but there are only 1 ranks in the communicator
]]></skipped>
    </testcase>
    <testcase name="Communication/237" value_param="(UCC, DeviceMesh{0 2 3}, DeviceMesh{1 0}, true, false, false, 0, true)" file="/opt/pytorch/nvfuser/tests/cpp/test_multidevice_pipeline.cpp" line="259" status="run" result="skipped" time="0." timestamp="2025-04-30T07:37:42.609" classname="Gather/PipelineTestTwoStages">
      <skipped message="/opt/pytorch/nvfuser/tests/cpp/test_multidevice_pipeline.cpp:134&#x0A;the fusion requests 4 GPUs to run, but there are only 1 ranks in the communicator&#x0A;"><![CDATA[/opt/pytorch/nvfuser/tests/cpp/test_multidevice_pipeline.cpp:134
the fusion requests 4 GPUs to run, but there are only 1 ranks in the communicator
]]></skipped>
    </testcase>
    <testcase name="Communication/240" value_param="(UCC, DeviceMesh{1 0 2}, DeviceMesh{0}, true, false, false, 0, false)" file="/opt/pytorch/nvfuser/tests/cpp/test_multidevice_pipeline.cpp" line="259" status="run" result="skipped" time="0." timestamp="2025-04-30T07:37:42.610" classname="Gather/PipelineTestTwoStages">
      <skipped message="/opt/pytorch/nvfuser/tests/cpp/test_multidevice_pipeline.cpp:134&#x0A;the fusion requests 3 GPUs to run, but there are only 1 ranks in the communicator&#x0A;"><![CDATA[/opt/pytorch/nvfuser/tests/cpp/test_multidevice_pipeline.cpp:134
the fusion requests 3 GPUs to run, but there are only 1 ranks in the communicator
]]></skipped>
    </testcase>
    <testcase name="Communication/243" value_param="(UCC, DeviceMesh{1 0 2}, DeviceMesh{0}, true, false, false, 1, true)" file="/opt/pytorch/nvfuser/tests/cpp/test_multidevice_pipeline.cpp" line="259" status="run" result="skipped" time="0.001" timestamp="2025-04-30T07:37:42.610" classname="Gather/PipelineTestTwoStages">
      <skipped message="/opt/pytorch/nvfuser/tests/cpp/test_multidevice_pipeline.cpp:134&#x0A;the fusion requests 3 GPUs to run, but there are only 1 ranks in the communicator&#x0A;"><![CDATA[/opt/pytorch/nvfuser/tests/cpp/test_multidevice_pipeline.cpp:134
the fusion requests 3 GPUs to run, but there are only 1 ranks in the communicator
]]></skipped>
    </testcase>
    <testcase name="Communication/246" value_param="(UCC, DeviceMesh{1 0 2}, DeviceMesh{1}, true, false, false, 1, false)" file="/opt/pytorch/nvfuser/tests/cpp/test_multidevice_pipeline.cpp" line="259" status="run" result="skipped" time="0.001" timestamp="2025-04-30T07:37:42.612" classname="Gather/PipelineTestTwoStages">
      <skipped message="/opt/pytorch/nvfuser/tests/cpp/test_multidevice_pipeline.cpp:134&#x0A;the fusion requests 3 GPUs to run, but there are only 1 ranks in the communicator&#x0A;"><![CDATA[/opt/pytorch/nvfuser/tests/cpp/test_multidevice_pipeline.cpp:134
the fusion requests 3 GPUs to run, but there are only 1 ranks in the communicator
]]></skipped>
    </testcase>
    <testcase name="Communication/249" value_param="(UCC, DeviceMesh{1 0 2}, DeviceMesh{0 1 2 3}, true, false, false, 0, true)" file="/opt/pytorch/nvfuser/tests/cpp/test_multidevice_pipeline.cpp" line="259" status="run" result="skipped" time="0." timestamp="2025-04-30T07:37:42.614" classname="Gather/PipelineTestTwoStages">
      <skipped message="/opt/pytorch/nvfuser/tests/cpp/test_multidevice_pipeline.cpp:134&#x0A;the fusion requests 4 GPUs to run, but there are only 1 ranks in the communicator&#x0A;"><![CDATA[/opt/pytorch/nvfuser/tests/cpp/test_multidevice_pipeline.cpp:134
the fusion requests 4 GPUs to run, but there are only 1 ranks in the communicator
]]></skipped>
    </testcase>
    <testcase name="Communication/252" value_param="(UCC, DeviceMesh{1 0 2}, DeviceMesh{0 2 3}, true, false, false, 0, false)" file="/opt/pytorch/nvfuser/tests/cpp/test_multidevice_pipeline.cpp" line="259" status="run" result="skipped" time="0." timestamp="2025-04-30T07:37:42.615" classname="Gather/PipelineTestTwoStages">
      <skipped message="/opt/pytorch/nvfuser/tests/cpp/test_multidevice_pipeline.cpp:134&#x0A;the fusion requests 4 GPUs to run, but there are only 1 ranks in the communicator&#x0A;"><![CDATA[/opt/pytorch/nvfuser/tests/cpp/test_multidevice_pipeline.cpp:134
the fusion requests 4 GPUs to run, but there are only 1 ranks in the communicator
]]></skipped>
    </testcase>
    <testcase name="Communication/255" value_param="(UCC, DeviceMesh{1 0 2}, DeviceMesh{0 2 3}, true, false, false, 1, true)" file="/opt/pytorch/nvfuser/tests/cpp/test_multidevice_pipeline.cpp" line="259" status="run" result="skipped" time="0.001" timestamp="2025-04-30T07:37:42.616" classname="Gather/PipelineTestTwoStages">
      <skipped message="/opt/pytorch/nvfuser/tests/cpp/test_multidevice_pipeline.cpp:134&#x0A;the fusion requests 4 GPUs to run, but there are only 1 ranks in the communicator&#x0A;"><![CDATA[/opt/pytorch/nvfuser/tests/cpp/test_multidevice_pipeline.cpp:134
the fusion requests 4 GPUs to run, but there are only 1 ranks in the communicator
]]></skipped>
    </testcase>
    <testcase name="Communication/258" value_param="(UCC, DeviceMesh{1 0 2}, DeviceMesh{1 0 2}, true, false, false, 1, false)" file="/opt/pytorch/nvfuser/tests/cpp/test_multidevice_pipeline.cpp" line="259" status="run" result="skipped" time="0.001" timestamp="2025-04-30T07:37:42.618" classname="Gather/PipelineTestTwoStages">
      <skipped message="/opt/pytorch/nvfuser/tests/cpp/test_multidevice_pipeline.cpp:134&#x0A;the fusion requests 3 GPUs to run, but there are only 1 ranks in the communicator&#x0A;"><![CDATA[/opt/pytorch/nvfuser/tests/cpp/test_multidevice_pipeline.cpp:134
the fusion requests 3 GPUs to run, but there are only 1 ranks in the communicator
]]></skipped>
    </testcase>
    <testcase name="Communication/261" value_param="(UCC, DeviceMesh{1 0 2}, DeviceMesh{1 0}, true, false, false, 0, true)" file="/opt/pytorch/nvfuser/tests/cpp/test_multidevice_pipeline.cpp" line="259" status="run" result="skipped" time="0." timestamp="2025-04-30T07:37:42.620" classname="Gather/PipelineTestTwoStages">
      <skipped message="/opt/pytorch/nvfuser/tests/cpp/test_multidevice_pipeline.cpp:134&#x0A;the fusion requests 3 GPUs to run, but there are only 1 ranks in the communicator&#x0A;"><![CDATA[/opt/pytorch/nvfuser/tests/cpp/test_multidevice_pipeline.cpp:134
the fusion requests 3 GPUs to run, but there are only 1 ranks in the communicator
]]></skipped>
    </testcase>
    <testcase name="Communication/264" value_param="(UCC, DeviceMesh{1 0}, DeviceMesh{0}, true, false, false, 0, false)" file="/opt/pytorch/nvfuser/tests/cpp/test_multidevice_pipeline.cpp" line="259" status="run" result="skipped" time="0." timestamp="2025-04-30T07:37:42.621" classname="Gather/PipelineTestTwoStages">
      <skipped message="/opt/pytorch/nvfuser/tests/cpp/test_multidevice_pipeline.cpp:134&#x0A;the fusion requests 2 GPUs to run, but there are only 1 ranks in the communicator&#x0A;"><![CDATA[/opt/pytorch/nvfuser/tests/cpp/test_multidevice_pipeline.cpp:134
the fusion requests 2 GPUs to run, but there are only 1 ranks in the communicator
]]></skipped>
    </testcase>
    <testcase name="Communication/267" value_param="(UCC, DeviceMesh{1 0}, DeviceMesh{0}, true, false, false, 1, true)" file="/opt/pytorch/nvfuser/tests/cpp/test_multidevice_pipeline.cpp" line="259" status="run" result="skipped" time="0.001" timestamp="2025-04-30T07:37:42.621" classname="Gather/PipelineTestTwoStages">
      <skipped message="/opt/pytorch/nvfuser/tests/cpp/test_multidevice_pipeline.cpp:134&#x0A;the fusion requests 2 GPUs to run, but there are only 1 ranks in the communicator&#x0A;"><![CDATA[/opt/pytorch/nvfuser/tests/cpp/test_multidevice_pipeline.cpp:134
the fusion requests 2 GPUs to run, but there are only 1 ranks in the communicator
]]></skipped>
    </testcase>
    <testcase name="Communication/270" value_param="(UCC, DeviceMesh{1 0}, DeviceMesh{1}, true, false, false, 1, false)" file="/opt/pytorch/nvfuser/tests/cpp/test_multidevice_pipeline.cpp" line="259" status="run" result="skipped" time="0.001" timestamp="2025-04-30T07:37:42.623" classname="Gather/PipelineTestTwoStages">
      <skipped message="/opt/pytorch/nvfuser/tests/cpp/test_multidevice_pipeline.cpp:134&#x0A;the fusion requests 2 GPUs to run, but there are only 1 ranks in the communicator&#x0A;"><![CDATA[/opt/pytorch/nvfuser/tests/cpp/test_multidevice_pipeline.cpp:134
the fusion requests 2 GPUs to run, but there are only 1 ranks in the communicator
]]></skipped>
    </testcase>
    <testcase name="Communication/273" value_param="(UCC, DeviceMesh{1 0}, DeviceMesh{0 1 2 3}, true, false, false, 0, true)" file="/opt/pytorch/nvfuser/tests/cpp/test_multidevice_pipeline.cpp" line="259" status="run" result="skipped" time="0." timestamp="2025-04-30T07:37:42.625" classname="Gather/PipelineTestTwoStages">
      <skipped message="/opt/pytorch/nvfuser/tests/cpp/test_multidevice_pipeline.cpp:134&#x0A;the fusion requests 4 GPUs to run, but there are only 1 ranks in the communicator&#x0A;"><![CDATA[/opt/pytorch/nvfuser/tests/cpp/test_multidevice_pipeline.cpp:134
the fusion requests 4 GPUs to run, but there are only 1 ranks in the communicator
]]></skipped>
    </testcase>
    <testcase name="Communication/276" value_param="(UCC, DeviceMesh{1 0}, DeviceMesh{0 2 3}, true, false, false, 0, false)" file="/opt/pytorch/nvfuser/tests/cpp/test_multidevice_pipeline.cpp" line="259" status="run" result="skipped" time="0." timestamp="2025-04-30T07:37:42.626" classname="Gather/PipelineTestTwoStages">
      <skipped message="/opt/pytorch/nvfuser/tests/cpp/test_multidevice_pipeline.cpp:134&#x0A;the fusion requests 4 GPUs to run, but there are only 1 ranks in the communicator&#x0A;"><![CDATA[/opt/pytorch/nvfuser/tests/cpp/test_multidevice_pipeline.cpp:134
the fusion requests 4 GPUs to run, but there are only 1 ranks in the communicator
]]></skipped>
    </testcase>
    <testcase name="Communication/279" value_param="(UCC, DeviceMesh{1 0}, DeviceMesh{0 2 3}, true, false, false, 1, true)" file="/opt/pytorch/nvfuser/tests/cpp/test_multidevice_pipeline.cpp" line="259" status="run" result="skipped" time="0.001" timestamp="2025-04-30T07:37:42.627" classname="Gather/PipelineTestTwoStages">
      <skipped message="/opt/pytorch/nvfuser/tests/cpp/test_multidevice_pipeline.cpp:134&#x0A;the fusion requests 4 GPUs to run, but there are only 1 ranks in the communicator&#x0A;"><![CDATA[/opt/pytorch/nvfuser/tests/cpp/test_multidevice_pipeline.cpp:134
the fusion requests 4 GPUs to run, but there are only 1 ranks in the communicator
]]></skipped>
    </testcase>
    <testcase name="Communication/282" value_param="(UCC, DeviceMesh{1 0}, DeviceMesh{1 0 2}, true, false, false, 1, false)" file="/opt/pytorch/nvfuser/tests/cpp/test_multidevice_pipeline.cpp" line="259" status="run" result="skipped" time="0.001" timestamp="2025-04-30T07:37:42.629" classname="Gather/PipelineTestTwoStages">
      <skipped message="/opt/pytorch/nvfuser/tests/cpp/test_multidevice_pipeline.cpp:134&#x0A;the fusion requests 3 GPUs to run, but there are only 1 ranks in the communicator&#x0A;"><![CDATA[/opt/pytorch/nvfuser/tests/cpp/test_multidevice_pipeline.cpp:134
the fusion requests 3 GPUs to run, but there are only 1 ranks in the communicator
]]></skipped>
    </testcase>
    <testcase name="Communication/285" value_param="(UCC, DeviceMesh{1 0}, DeviceMesh{1 0}, true, false, false, 0, true)" file="/opt/pytorch/nvfuser/tests/cpp/test_multidevice_pipeline.cpp" line="259" status="run" result="skipped" time="0." timestamp="2025-04-30T07:37:42.631" classname="Gather/PipelineTestTwoStages">
      <skipped message="/opt/pytorch/nvfuser/tests/cpp/test_multidevice_pipeline.cpp:134&#x0A;the fusion requests 2 GPUs to run, but there are only 1 ranks in the communicator&#x0A;"><![CDATA[/opt/pytorch/nvfuser/tests/cpp/test_multidevice_pipeline.cpp:134
the fusion requests 2 GPUs to run, but there are only 1 ranks in the communicator
]]></skipped>
    </testcase>
  </testsuite>
  <testsuite name="Scatter/PipelineTestTwoStages" tests="96" failures="0" disabled="0" skipped="92" errors="0" time="0.403" timestamp="2025-04-30T07:37:42.632">
    <testcase name="Communication/0" value_param="(NCCL, DeviceMesh{0}, DeviceMesh{0}, false, true, false, 0, false)" file="/opt/pytorch/nvfuser/tests/cpp/test_multidevice_pipeline.cpp" line="259" status="run" result="completed" time="0.061" timestamp="2025-04-30T07:37:42.632" classname="Scatter/PipelineTestTwoStages" />
    <testcase name="Communication/3" value_param="(NCCL, DeviceMesh{0}, DeviceMesh{0}, false, true, false, 1, true)" file="/opt/pytorch/nvfuser/tests/cpp/test_multidevice_pipeline.cpp" line="259" status="run" result="completed" time="0.06" timestamp="2025-04-30T07:37:42.693" classname="Scatter/PipelineTestTwoStages" />
    <testcase name="Communication/6" value_param="(NCCL, DeviceMesh{0}, DeviceMesh{1}, false, true, false, 1, false)" file="/opt/pytorch/nvfuser/tests/cpp/test_multidevice_pipeline.cpp" line="259" status="run" result="skipped" time="0.001" timestamp="2025-04-30T07:37:42.754" classname="Scatter/PipelineTestTwoStages">
      <skipped message="/opt/pytorch/nvfuser/tests/cpp/test_multidevice_pipeline.cpp:134&#x0A;the fusion requests 2 GPUs to run, but there are only 1 ranks in the communicator&#x0A;"><![CDATA[/opt/pytorch/nvfuser/tests/cpp/test_multidevice_pipeline.cpp:134
the fusion requests 2 GPUs to run, but there are only 1 ranks in the communicator
]]></skipped>
    </testcase>
    <testcase name="Communication/9" value_param="(NCCL, DeviceMesh{0}, DeviceMesh{0 1 2 3}, false, true, false, 0, true)" file="/opt/pytorch/nvfuser/tests/cpp/test_multidevice_pipeline.cpp" line="259" status="run" result="skipped" time="0.001" timestamp="2025-04-30T07:37:42.755" classname="Scatter/PipelineTestTwoStages">
      <skipped message="/opt/pytorch/nvfuser/tests/cpp/test_multidevice_pipeline.cpp:134&#x0A;the fusion requests 4 GPUs to run, but there are only 1 ranks in the communicator&#x0A;"><![CDATA[/opt/pytorch/nvfuser/tests/cpp/test_multidevice_pipeline.cpp:134
the fusion requests 4 GPUs to run, but there are only 1 ranks in the communicator
]]></skipped>
    </testcase>
    <testcase name="Communication/12" value_param="(NCCL, DeviceMesh{0}, DeviceMesh{0 2 3}, false, true, false, 0, false)" file="/opt/pytorch/nvfuser/tests/cpp/test_multidevice_pipeline.cpp" line="259" status="run" result="skipped" time="0.001" timestamp="2025-04-30T07:37:42.757" classname="Scatter/PipelineTestTwoStages">
      <skipped message="/opt/pytorch/nvfuser/tests/cpp/test_multidevice_pipeline.cpp:134&#x0A;the fusion requests 4 GPUs to run, but there are only 1 ranks in the communicator&#x0A;"><![CDATA[/opt/pytorch/nvfuser/tests/cpp/test_multidevice_pipeline.cpp:134
the fusion requests 4 GPUs to run, but there are only 1 ranks in the communicator
]]></skipped>
    </testcase>
    <testcase name="Communication/15" value_param="(NCCL, DeviceMesh{0}, DeviceMesh{0 2 3}, false, true, false, 1, true)" file="/opt/pytorch/nvfuser/tests/cpp/test_multidevice_pipeline.cpp" line="259" status="run" result="skipped" time="0.002" timestamp="2025-04-30T07:37:42.758" classname="Scatter/PipelineTestTwoStages">
      <skipped message="/opt/pytorch/nvfuser/tests/cpp/test_multidevice_pipeline.cpp:134&#x0A;the fusion requests 4 GPUs to run, but there are only 1 ranks in the communicator&#x0A;"><![CDATA[/opt/pytorch/nvfuser/tests/cpp/test_multidevice_pipeline.cpp:134
the fusion requests 4 GPUs to run, but there are only 1 ranks in the communicator
]]></skipped>
    </testcase>
    <testcase name="Communication/18" value_param="(NCCL, DeviceMesh{0}, DeviceMesh{1 0 2}, false, true, false, 1, false)" file="/opt/pytorch/nvfuser/tests/cpp/test_multidevice_pipeline.cpp" line="259" status="run" result="skipped" time="0.002" timestamp="2025-04-30T07:37:42.761" classname="Scatter/PipelineTestTwoStages">
      <skipped message="/opt/pytorch/nvfuser/tests/cpp/test_multidevice_pipeline.cpp:134&#x0A;the fusion requests 3 GPUs to run, but there are only 1 ranks in the communicator&#x0A;"><![CDATA[/opt/pytorch/nvfuser/tests/cpp/test_multidevice_pipeline.cpp:134
the fusion requests 3 GPUs to run, but there are only 1 ranks in the communicator
]]></skipped>
    </testcase>
    <testcase name="Communication/21" value_param="(NCCL, DeviceMesh{0}, DeviceMesh{1 0}, false, true, false, 0, true)" file="/opt/pytorch/nvfuser/tests/cpp/test_multidevice_pipeline.cpp" line="259" status="run" result="skipped" time="0.001" timestamp="2025-04-30T07:37:42.763" classname="Scatter/PipelineTestTwoStages">
      <skipped message="/opt/pytorch/nvfuser/tests/cpp/test_multidevice_pipeline.cpp:134&#x0A;the fusion requests 2 GPUs to run, but there are only 1 ranks in the communicator&#x0A;"><![CDATA[/opt/pytorch/nvfuser/tests/cpp/test_multidevice_pipeline.cpp:134
the fusion requests 2 GPUs to run, but there are only 1 ranks in the communicator
]]></skipped>
    </testcase>
    <testcase name="Communication/24" value_param="(NCCL, DeviceMesh{1}, DeviceMesh{0}, false, true, false, 0, false)" file="/opt/pytorch/nvfuser/tests/cpp/test_multidevice_pipeline.cpp" line="259" status="run" result="skipped" time="0.001" timestamp="2025-04-30T07:37:42.765" classname="Scatter/PipelineTestTwoStages">
      <skipped message="/opt/pytorch/nvfuser/tests/cpp/test_multidevice_pipeline.cpp:134&#x0A;the fusion requests 2 GPUs to run, but there are only 1 ranks in the communicator&#x0A;"><![CDATA[/opt/pytorch/nvfuser/tests/cpp/test_multidevice_pipeline.cpp:134
the fusion requests 2 GPUs to run, but there are only 1 ranks in the communicator
]]></skipped>
    </testcase>
    <testcase name="Communication/27" value_param="(NCCL, DeviceMesh{1}, DeviceMesh{0}, false, true, false, 1, true)" file="/opt/pytorch/nvfuser/tests/cpp/test_multidevice_pipeline.cpp" line="259" status="run" result="skipped" time="0.001" timestamp="2025-04-30T07:37:42.766" classname="Scatter/PipelineTestTwoStages">
      <skipped message="/opt/pytorch/nvfuser/tests/cpp/test_multidevice_pipeline.cpp:134&#x0A;the fusion requests 2 GPUs to run, but there are only 1 ranks in the communicator&#x0A;"><![CDATA[/opt/pytorch/nvfuser/tests/cpp/test_multidevice_pipeline.cpp:134
the fusion requests 2 GPUs to run, but there are only 1 ranks in the communicator
]]></skipped>
    </testcase>
    <testcase name="Communication/30" value_param="(NCCL, DeviceMesh{1}, DeviceMesh{1}, false, true, false, 1, false)" file="/opt/pytorch/nvfuser/tests/cpp/test_multidevice_pipeline.cpp" line="259" status="run" result="skipped" time="0.001" timestamp="2025-04-30T07:37:42.768" classname="Scatter/PipelineTestTwoStages">
      <skipped message="/opt/pytorch/nvfuser/tests/cpp/test_multidevice_pipeline.cpp:134&#x0A;the fusion requests 2 GPUs to run, but there are only 1 ranks in the communicator&#x0A;"><![CDATA[/opt/pytorch/nvfuser/tests/cpp/test_multidevice_pipeline.cpp:134
the fusion requests 2 GPUs to run, but there are only 1 ranks in the communicator
]]></skipped>
    </testcase>
    <testcase name="Communication/33" value_param="(NCCL, DeviceMesh{1}, DeviceMesh{0 1 2 3}, false, true, false, 0, true)" file="/opt/pytorch/nvfuser/tests/cpp/test_multidevice_pipeline.cpp" line="259" status="run" result="skipped" time="0.001" timestamp="2025-04-30T07:37:42.769" classname="Scatter/PipelineTestTwoStages">
      <skipped message="/opt/pytorch/nvfuser/tests/cpp/test_multidevice_pipeline.cpp:134&#x0A;the fusion requests 4 GPUs to run, but there are only 1 ranks in the communicator&#x0A;"><![CDATA[/opt/pytorch/nvfuser/tests/cpp/test_multidevice_pipeline.cpp:134
the fusion requests 4 GPUs to run, but there are only 1 ranks in the communicator
]]></skipped>
    </testcase>
    <testcase name="Communication/36" value_param="(NCCL, DeviceMesh{1}, DeviceMesh{0 2 3}, false, true, false, 0, false)" file="/opt/pytorch/nvfuser/tests/cpp/test_multidevice_pipeline.cpp" line="259" status="run" result="skipped" time="0.001" timestamp="2025-04-30T07:37:42.771" classname="Scatter/PipelineTestTwoStages">
      <skipped message="/opt/pytorch/nvfuser/tests/cpp/test_multidevice_pipeline.cpp:134&#x0A;the fusion requests 4 GPUs to run, but there are only 1 ranks in the communicator&#x0A;"><![CDATA[/opt/pytorch/nvfuser/tests/cpp/test_multidevice_pipeline.cpp:134
the fusion requests 4 GPUs to run, but there are only 1 ranks in the communicator
]]></skipped>
    </testcase>
    <testcase name="Communication/39" value_param="(NCCL, DeviceMesh{1}, DeviceMesh{0 2 3}, false, true, false, 1, true)" file="/opt/pytorch/nvfuser/tests/cpp/test_multidevice_pipeline.cpp" line="259" status="run" result="skipped" time="0.002" timestamp="2025-04-30T07:37:42.772" classname="Scatter/PipelineTestTwoStages">
      <skipped message="/opt/pytorch/nvfuser/tests/cpp/test_multidevice_pipeline.cpp:134&#x0A;the fusion requests 4 GPUs to run, but there are only 1 ranks in the communicator&#x0A;"><![CDATA[/opt/pytorch/nvfuser/tests/cpp/test_multidevice_pipeline.cpp:134
the fusion requests 4 GPUs to run, but there are only 1 ranks in the communicator
]]></skipped>
    </testcase>
    <testcase name="Communication/42" value_param="(NCCL, DeviceMesh{1}, DeviceMesh{1 0 2}, false, true, false, 1, false)" file="/opt/pytorch/nvfuser/tests/cpp/test_multidevice_pipeline.cpp" line="259" status="run" result="skipped" time="0.002" timestamp="2025-04-30T07:37:42.774" classname="Scatter/PipelineTestTwoStages">
      <skipped message="/opt/pytorch/nvfuser/tests/cpp/test_multidevice_pipeline.cpp:134&#x0A;the fusion requests 3 GPUs to run, but there are only 1 ranks in the communicator&#x0A;"><![CDATA[/opt/pytorch/nvfuser/tests/cpp/test_multidevice_pipeline.cpp:134
the fusion requests 3 GPUs to run, but there are only 1 ranks in the communicator
]]></skipped>
    </testcase>
    <testcase name="Communication/45" value_param="(NCCL, DeviceMesh{1}, DeviceMesh{1 0}, false, true, false, 0, true)" file="/opt/pytorch/nvfuser/tests/cpp/test_multidevice_pipeline.cpp" line="259" status="run" result="skipped" time="0.001" timestamp="2025-04-30T07:37:42.776" classname="Scatter/PipelineTestTwoStages">
      <skipped message="/opt/pytorch/nvfuser/tests/cpp/test_multidevice_pipeline.cpp:134&#x0A;the fusion requests 2 GPUs to run, but there are only 1 ranks in the communicator&#x0A;"><![CDATA[/opt/pytorch/nvfuser/tests/cpp/test_multidevice_pipeline.cpp:134
the fusion requests 2 GPUs to run, but there are only 1 ranks in the communicator
]]></skipped>
    </testcase>
    <testcase name="Communication/48" value_param="(NCCL, DeviceMesh{0 1 2 3}, DeviceMesh{0}, false, true, false, 0, false)" file="/opt/pytorch/nvfuser/tests/cpp/test_multidevice_pipeline.cpp" line="259" status="run" result="skipped" time="0.001" timestamp="2025-04-30T07:37:42.778" classname="Scatter/PipelineTestTwoStages">
      <skipped message="/opt/pytorch/nvfuser/tests/cpp/test_multidevice_pipeline.cpp:134&#x0A;the fusion requests 4 GPUs to run, but there are only 1 ranks in the communicator&#x0A;"><![CDATA[/opt/pytorch/nvfuser/tests/cpp/test_multidevice_pipeline.cpp:134
the fusion requests 4 GPUs to run, but there are only 1 ranks in the communicator
]]></skipped>
    </testcase>
    <testcase name="Communication/51" value_param="(NCCL, DeviceMesh{0 1 2 3}, DeviceMesh{0}, false, true, false, 1, true)" file="/opt/pytorch/nvfuser/tests/cpp/test_multidevice_pipeline.cpp" line="259" status="run" result="skipped" time="0.001" timestamp="2025-04-30T07:37:42.779" classname="Scatter/PipelineTestTwoStages">
      <skipped message="/opt/pytorch/nvfuser/tests/cpp/test_multidevice_pipeline.cpp:134&#x0A;the fusion requests 4 GPUs to run, but there are only 1 ranks in the communicator&#x0A;"><![CDATA[/opt/pytorch/nvfuser/tests/cpp/test_multidevice_pipeline.cpp:134
the fusion requests 4 GPUs to run, but there are only 1 ranks in the communicator
]]></skipped>
    </testcase>
    <testcase name="Communication/54" value_param="(NCCL, DeviceMesh{0 1 2 3}, DeviceMesh{1}, false, true, false, 1, false)" file="/opt/pytorch/nvfuser/tests/cpp/test_multidevice_pipeline.cpp" line="259" status="run" result="skipped" time="0.001" timestamp="2025-04-30T07:37:42.781" classname="Scatter/PipelineTestTwoStages">
      <skipped message="/opt/pytorch/nvfuser/tests/cpp/test_multidevice_pipeline.cpp:134&#x0A;the fusion requests 4 GPUs to run, but there are only 1 ranks in the communicator&#x0A;"><![CDATA[/opt/pytorch/nvfuser/tests/cpp/test_multidevice_pipeline.cpp:134
the fusion requests 4 GPUs to run, but there are only 1 ranks in the communicator
]]></skipped>
    </testcase>
    <testcase name="Communication/57" value_param="(NCCL, DeviceMesh{0 1 2 3}, DeviceMesh{0 1 2 3}, false, true, false, 0, true)" file="/opt/pytorch/nvfuser/tests/cpp/test_multidevice_pipeline.cpp" line="259" status="run" result="skipped" time="0.001" timestamp="2025-04-30T07:37:42.782" classname="Scatter/PipelineTestTwoStages">
      <skipped message="/opt/pytorch/nvfuser/tests/cpp/test_multidevice_pipeline.cpp:134&#x0A;the fusion requests 4 GPUs to run, but there are only 1 ranks in the communicator&#x0A;"><![CDATA[/opt/pytorch/nvfuser/tests/cpp/test_multidevice_pipeline.cpp:134
the fusion requests 4 GPUs to run, but there are only 1 ranks in the communicator
]]></skipped>
    </testcase>
    <testcase name="Communication/60" value_param="(NCCL, DeviceMesh{0 1 2 3}, DeviceMesh{0 2 3}, false, true, false, 0, false)" file="/opt/pytorch/nvfuser/tests/cpp/test_multidevice_pipeline.cpp" line="259" status="run" result="skipped" time="0.001" timestamp="2025-04-30T07:37:42.784" classname="Scatter/PipelineTestTwoStages">
      <skipped message="/opt/pytorch/nvfuser/tests/cpp/test_multidevice_pipeline.cpp:134&#x0A;the fusion requests 4 GPUs to run, but there are only 1 ranks in the communicator&#x0A;"><![CDATA[/opt/pytorch/nvfuser/tests/cpp/test_multidevice_pipeline.cpp:134
the fusion requests 4 GPUs to run, but there are only 1 ranks in the communicator
]]></skipped>
    </testcase>
    <testcase name="Communication/63" value_param="(NCCL, DeviceMesh{0 1 2 3}, DeviceMesh{0 2 3}, false, true, false, 1, true)" file="/opt/pytorch/nvfuser/tests/cpp/test_multidevice_pipeline.cpp" line="259" status="run" result="skipped" time="0.002" timestamp="2025-04-30T07:37:42.785" classname="Scatter/PipelineTestTwoStages">
      <skipped message="/opt/pytorch/nvfuser/tests/cpp/test_multidevice_pipeline.cpp:134&#x0A;the fusion requests 4 GPUs to run, but there are only 1 ranks in the communicator&#x0A;"><![CDATA[/opt/pytorch/nvfuser/tests/cpp/test_multidevice_pipeline.cpp:134
the fusion requests 4 GPUs to run, but there are only 1 ranks in the communicator
]]></skipped>
    </testcase>
    <testcase name="Communication/66" value_param="(NCCL, DeviceMesh{0 1 2 3}, DeviceMesh{1 0 2}, false, true, false, 1, false)" file="/opt/pytorch/nvfuser/tests/cpp/test_multidevice_pipeline.cpp" line="259" status="run" result="skipped" time="0.002" timestamp="2025-04-30T07:37:42.788" classname="Scatter/PipelineTestTwoStages">
      <skipped message="/opt/pytorch/nvfuser/tests/cpp/test_multidevice_pipeline.cpp:134&#x0A;the fusion requests 4 GPUs to run, but there are only 1 ranks in the communicator&#x0A;"><![CDATA[/opt/pytorch/nvfuser/tests/cpp/test_multidevice_pipeline.cpp:134
the fusion requests 4 GPUs to run, but there are only 1 ranks in the communicator
]]></skipped>
    </testcase>
    <testcase name="Communication/69" value_param="(NCCL, DeviceMesh{0 1 2 3}, DeviceMesh{1 0}, false, true, false, 0, true)" file="/opt/pytorch/nvfuser/tests/cpp/test_multidevice_pipeline.cpp" line="259" status="run" result="skipped" time="0.001" timestamp="2025-04-30T07:37:42.790" classname="Scatter/PipelineTestTwoStages">
      <skipped message="/opt/pytorch/nvfuser/tests/cpp/test_multidevice_pipeline.cpp:134&#x0A;the fusion requests 4 GPUs to run, but there are only 1 ranks in the communicator&#x0A;"><![CDATA[/opt/pytorch/nvfuser/tests/cpp/test_multidevice_pipeline.cpp:134
the fusion requests 4 GPUs to run, but there are only 1 ranks in the communicator
]]></skipped>
    </testcase>
    <testcase name="Communication/72" value_param="(NCCL, DeviceMesh{0 2 3}, DeviceMesh{0}, false, true, false, 0, false)" file="/opt/pytorch/nvfuser/tests/cpp/test_multidevice_pipeline.cpp" line="259" status="run" result="skipped" time="0.001" timestamp="2025-04-30T07:37:42.792" classname="Scatter/PipelineTestTwoStages">
      <skipped message="/opt/pytorch/nvfuser/tests/cpp/test_multidevice_pipeline.cpp:134&#x0A;the fusion requests 4 GPUs to run, but there are only 1 ranks in the communicator&#x0A;"><![CDATA[/opt/pytorch/nvfuser/tests/cpp/test_multidevice_pipeline.cpp:134
the fusion requests 4 GPUs to run, but there are only 1 ranks in the communicator
]]></skipped>
    </testcase>
    <testcase name="Communication/75" value_param="(NCCL, DeviceMesh{0 2 3}, DeviceMesh{0}, false, true, false, 1, true)" file="/opt/pytorch/nvfuser/tests/cpp/test_multidevice_pipeline.cpp" line="259" status="run" result="skipped" time="0.001" timestamp="2025-04-30T07:37:42.793" classname="Scatter/PipelineTestTwoStages">
      <skipped message="/opt/pytorch/nvfuser/tests/cpp/test_multidevice_pipeline.cpp:134&#x0A;the fusion requests 4 GPUs to run, but there are only 1 ranks in the communicator&#x0A;"><![CDATA[/opt/pytorch/nvfuser/tests/cpp/test_multidevice_pipeline.cpp:134
the fusion requests 4 GPUs to run, but there are only 1 ranks in the communicator
]]></skipped>
    </testcase>
    <testcase name="Communication/78" value_param="(NCCL, DeviceMesh{0 2 3}, DeviceMesh{1}, false, true, false, 1, false)" file="/opt/pytorch/nvfuser/tests/cpp/test_multidevice_pipeline.cpp" line="259" status="run" result="skipped" time="0.001" timestamp="2025-04-30T07:37:42.795" classname="Scatter/PipelineTestTwoStages">
      <skipped message="/opt/pytorch/nvfuser/tests/cpp/test_multidevice_pipeline.cpp:134&#x0A;the fusion requests 4 GPUs to run, but there are only 1 ranks in the communicator&#x0A;"><![CDATA[/opt/pytorch/nvfuser/tests/cpp/test_multidevice_pipeline.cpp:134
the fusion requests 4 GPUs to run, but there are only 1 ranks in the communicator
]]></skipped>
    </testcase>
    <testcase name="Communication/81" value_param="(NCCL, DeviceMesh{0 2 3}, DeviceMesh{0 1 2 3}, false, true, false, 0, true)" file="/opt/pytorch/nvfuser/tests/cpp/test_multidevice_pipeline.cpp" line="259" status="run" result="skipped" time="0.001" timestamp="2025-04-30T07:37:42.796" classname="Scatter/PipelineTestTwoStages">
      <skipped message="/opt/pytorch/nvfuser/tests/cpp/test_multidevice_pipeline.cpp:134&#x0A;the fusion requests 4 GPUs to run, but there are only 1 ranks in the communicator&#x0A;"><![CDATA[/opt/pytorch/nvfuser/tests/cpp/test_multidevice_pipeline.cpp:134
the fusion requests 4 GPUs to run, but there are only 1 ranks in the communicator
]]></skipped>
    </testcase>
    <testcase name="Communication/84" value_param="(NCCL, DeviceMesh{0 2 3}, DeviceMesh{0 2 3}, false, true, false, 0, false)" file="/opt/pytorch/nvfuser/tests/cpp/test_multidevice_pipeline.cpp" line="259" status="run" result="skipped" time="0.001" timestamp="2025-04-30T07:37:42.798" classname="Scatter/PipelineTestTwoStages">
      <skipped message="/opt/pytorch/nvfuser/tests/cpp/test_multidevice_pipeline.cpp:134&#x0A;the fusion requests 4 GPUs to run, but there are only 1 ranks in the communicator&#x0A;"><![CDATA[/opt/pytorch/nvfuser/tests/cpp/test_multidevice_pipeline.cpp:134
the fusion requests 4 GPUs to run, but there are only 1 ranks in the communicator
]]></skipped>
    </testcase>
    <testcase name="Communication/87" value_param="(NCCL, DeviceMesh{0 2 3}, DeviceMesh{0 2 3}, false, true, false, 1, true)" file="/opt/pytorch/nvfuser/tests/cpp/test_multidevice_pipeline.cpp" line="259" status="run" result="skipped" time="0.002" timestamp="2025-04-30T07:37:42.799" classname="Scatter/PipelineTestTwoStages">
      <skipped message="/opt/pytorch/nvfuser/tests/cpp/test_multidevice_pipeline.cpp:134&#x0A;the fusion requests 4 GPUs to run, but there are only 1 ranks in the communicator&#x0A;"><![CDATA[/opt/pytorch/nvfuser/tests/cpp/test_multidevice_pipeline.cpp:134
the fusion requests 4 GPUs to run, but there are only 1 ranks in the communicator
]]></skipped>
    </testcase>
    <testcase name="Communication/90" value_param="(NCCL, DeviceMesh{0 2 3}, DeviceMesh{1 0 2}, false, true, false, 1, false)" file="/opt/pytorch/nvfuser/tests/cpp/test_multidevice_pipeline.cpp" line="259" status="run" result="skipped" time="0.002" timestamp="2025-04-30T07:37:42.802" classname="Scatter/PipelineTestTwoStages">
      <skipped message="/opt/pytorch/nvfuser/tests/cpp/test_multidevice_pipeline.cpp:134&#x0A;the fusion requests 4 GPUs to run, but there are only 1 ranks in the communicator&#x0A;"><![CDATA[/opt/pytorch/nvfuser/tests/cpp/test_multidevice_pipeline.cpp:134
the fusion requests 4 GPUs to run, but there are only 1 ranks in the communicator
]]></skipped>
    </testcase>
    <testcase name="Communication/93" value_param="(NCCL, DeviceMesh{0 2 3}, DeviceMesh{1 0}, false, true, false, 0, true)" file="/opt/pytorch/nvfuser/tests/cpp/test_multidevice_pipeline.cpp" line="259" status="run" result="skipped" time="0.001" timestamp="2025-04-30T07:37:42.804" classname="Scatter/PipelineTestTwoStages">
      <skipped message="/opt/pytorch/nvfuser/tests/cpp/test_multidevice_pipeline.cpp:134&#x0A;the fusion requests 4 GPUs to run, but there are only 1 ranks in the communicator&#x0A;"><![CDATA[/opt/pytorch/nvfuser/tests/cpp/test_multidevice_pipeline.cpp:134
the fusion requests 4 GPUs to run, but there are only 1 ranks in the communicator
]]></skipped>
    </testcase>
    <testcase name="Communication/96" value_param="(NCCL, DeviceMesh{1 0 2}, DeviceMesh{0}, false, true, false, 0, false)" file="/opt/pytorch/nvfuser/tests/cpp/test_multidevice_pipeline.cpp" line="259" status="run" result="skipped" time="0.001" timestamp="2025-04-30T07:37:42.805" classname="Scatter/PipelineTestTwoStages">
      <skipped message="/opt/pytorch/nvfuser/tests/cpp/test_multidevice_pipeline.cpp:134&#x0A;the fusion requests 3 GPUs to run, but there are only 1 ranks in the communicator&#x0A;"><![CDATA[/opt/pytorch/nvfuser/tests/cpp/test_multidevice_pipeline.cpp:134
the fusion requests 3 GPUs to run, but there are only 1 ranks in the communicator
]]></skipped>
    </testcase>
    <testcase name="Communication/99" value_param="(NCCL, DeviceMesh{1 0 2}, DeviceMesh{0}, false, true, false, 1, true)" file="/opt/pytorch/nvfuser/tests/cpp/test_multidevice_pipeline.cpp" line="259" status="run" result="skipped" time="0.001" timestamp="2025-04-30T07:37:42.807" classname="Scatter/PipelineTestTwoStages">
      <skipped message="/opt/pytorch/nvfuser/tests/cpp/test_multidevice_pipeline.cpp:134&#x0A;the fusion requests 3 GPUs to run, but there are only 1 ranks in the communicator&#x0A;"><![CDATA[/opt/pytorch/nvfuser/tests/cpp/test_multidevice_pipeline.cpp:134
the fusion requests 3 GPUs to run, but there are only 1 ranks in the communicator
]]></skipped>
    </testcase>
    <testcase name="Communication/102" value_param="(NCCL, DeviceMesh{1 0 2}, DeviceMesh{1}, false, true, false, 1, false)" file="/opt/pytorch/nvfuser/tests/cpp/test_multidevice_pipeline.cpp" line="259" status="run" result="skipped" time="0.001" timestamp="2025-04-30T07:37:42.809" classname="Scatter/PipelineTestTwoStages">
      <skipped message="/opt/pytorch/nvfuser/tests/cpp/test_multidevice_pipeline.cpp:134&#x0A;the fusion requests 3 GPUs to run, but there are only 1 ranks in the communicator&#x0A;"><![CDATA[/opt/pytorch/nvfuser/tests/cpp/test_multidevice_pipeline.cpp:134
the fusion requests 3 GPUs to run, but there are only 1 ranks in the communicator
]]></skipped>
    </testcase>
    <testcase name="Communication/105" value_param="(NCCL, DeviceMesh{1 0 2}, DeviceMesh{0 1 2 3}, false, true, false, 0, true)" file="/opt/pytorch/nvfuser/tests/cpp/test_multidevice_pipeline.cpp" line="259" status="run" result="skipped" time="0.001" timestamp="2025-04-30T07:37:42.810" classname="Scatter/PipelineTestTwoStages">
      <skipped message="/opt/pytorch/nvfuser/tests/cpp/test_multidevice_pipeline.cpp:134&#x0A;the fusion requests 4 GPUs to run, but there are only 1 ranks in the communicator&#x0A;"><![CDATA[/opt/pytorch/nvfuser/tests/cpp/test_multidevice_pipeline.cpp:134
the fusion requests 4 GPUs to run, but there are only 1 ranks in the communicator
]]></skipped>
    </testcase>
    <testcase name="Communication/108" value_param="(NCCL, DeviceMesh{1 0 2}, DeviceMesh{0 2 3}, false, true, false, 0, false)" file="/opt/pytorch/nvfuser/tests/cpp/test_multidevice_pipeline.cpp" line="259" status="run" result="skipped" time="0.001" timestamp="2025-04-30T07:37:42.811" classname="Scatter/PipelineTestTwoStages">
      <skipped message="/opt/pytorch/nvfuser/tests/cpp/test_multidevice_pipeline.cpp:134&#x0A;the fusion requests 4 GPUs to run, but there are only 1 ranks in the communicator&#x0A;"><![CDATA[/opt/pytorch/nvfuser/tests/cpp/test_multidevice_pipeline.cpp:134
the fusion requests 4 GPUs to run, but there are only 1 ranks in the communicator
]]></skipped>
    </testcase>
    <testcase name="Communication/111" value_param="(NCCL, DeviceMesh{1 0 2}, DeviceMesh{0 2 3}, false, true, false, 1, true)" file="/opt/pytorch/nvfuser/tests/cpp/test_multidevice_pipeline.cpp" line="259" status="run" result="skipped" time="0.002" timestamp="2025-04-30T07:37:42.813" classname="Scatter/PipelineTestTwoStages">
      <skipped message="/opt/pytorch/nvfuser/tests/cpp/test_multidevice_pipeline.cpp:134&#x0A;the fusion requests 4 GPUs to run, but there are only 1 ranks in the communicator&#x0A;"><![CDATA[/opt/pytorch/nvfuser/tests/cpp/test_multidevice_pipeline.cpp:134
the fusion requests 4 GPUs to run, but there are only 1 ranks in the communicator
]]></skipped>
    </testcase>
    <testcase name="Communication/114" value_param="(NCCL, DeviceMesh{1 0 2}, DeviceMesh{1 0 2}, false, true, false, 1, false)" file="/opt/pytorch/nvfuser/tests/cpp/test_multidevice_pipeline.cpp" line="259" status="run" result="skipped" time="0.002" timestamp="2025-04-30T07:37:42.815" classname="Scatter/PipelineTestTwoStages">
      <skipped message="/opt/pytorch/nvfuser/tests/cpp/test_multidevice_pipeline.cpp:134&#x0A;the fusion requests 3 GPUs to run, but there are only 1 ranks in the communicator&#x0A;"><![CDATA[/opt/pytorch/nvfuser/tests/cpp/test_multidevice_pipeline.cpp:134
the fusion requests 3 GPUs to run, but there are only 1 ranks in the communicator
]]></skipped>
    </testcase>
    <testcase name="Communication/117" value_param="(NCCL, DeviceMesh{1 0 2}, DeviceMesh{1 0}, false, true, false, 0, true)" file="/opt/pytorch/nvfuser/tests/cpp/test_multidevice_pipeline.cpp" line="259" status="run" result="skipped" time="0.001" timestamp="2025-04-30T07:37:42.818" classname="Scatter/PipelineTestTwoStages">
      <skipped message="/opt/pytorch/nvfuser/tests/cpp/test_multidevice_pipeline.cpp:134&#x0A;the fusion requests 3 GPUs to run, but there are only 1 ranks in the communicator&#x0A;"><![CDATA[/opt/pytorch/nvfuser/tests/cpp/test_multidevice_pipeline.cpp:134
the fusion requests 3 GPUs to run, but there are only 1 ranks in the communicator
]]></skipped>
    </testcase>
    <testcase name="Communication/120" value_param="(NCCL, DeviceMesh{1 0}, DeviceMesh{0}, false, true, false, 0, false)" file="/opt/pytorch/nvfuser/tests/cpp/test_multidevice_pipeline.cpp" line="259" status="run" result="skipped" time="0.001" timestamp="2025-04-30T07:37:42.819" classname="Scatter/PipelineTestTwoStages">
      <skipped message="/opt/pytorch/nvfuser/tests/cpp/test_multidevice_pipeline.cpp:134&#x0A;the fusion requests 2 GPUs to run, but there are only 1 ranks in the communicator&#x0A;"><![CDATA[/opt/pytorch/nvfuser/tests/cpp/test_multidevice_pipeline.cpp:134
the fusion requests 2 GPUs to run, but there are only 1 ranks in the communicator
]]></skipped>
    </testcase>
    <testcase name="Communication/123" value_param="(NCCL, DeviceMesh{1 0}, DeviceMesh{0}, false, true, false, 1, true)" file="/opt/pytorch/nvfuser/tests/cpp/test_multidevice_pipeline.cpp" line="259" status="run" result="skipped" time="0.001" timestamp="2025-04-30T07:37:42.821" classname="Scatter/PipelineTestTwoStages">
      <skipped message="/opt/pytorch/nvfuser/tests/cpp/test_multidevice_pipeline.cpp:134&#x0A;the fusion requests 2 GPUs to run, but there are only 1 ranks in the communicator&#x0A;"><![CDATA[/opt/pytorch/nvfuser/tests/cpp/test_multidevice_pipeline.cpp:134
the fusion requests 2 GPUs to run, but there are only 1 ranks in the communicator
]]></skipped>
    </testcase>
    <testcase name="Communication/126" value_param="(NCCL, DeviceMesh{1 0}, DeviceMesh{1}, false, true, false, 1, false)" file="/opt/pytorch/nvfuser/tests/cpp/test_multidevice_pipeline.cpp" line="259" status="run" result="skipped" time="0.001" timestamp="2025-04-30T07:37:42.822" classname="Scatter/PipelineTestTwoStages">
      <skipped message="/opt/pytorch/nvfuser/tests/cpp/test_multidevice_pipeline.cpp:134&#x0A;the fusion requests 2 GPUs to run, but there are only 1 ranks in the communicator&#x0A;"><![CDATA[/opt/pytorch/nvfuser/tests/cpp/test_multidevice_pipeline.cpp:134
the fusion requests 2 GPUs to run, but there are only 1 ranks in the communicator
]]></skipped>
    </testcase>
    <testcase name="Communication/129" value_param="(NCCL, DeviceMesh{1 0}, DeviceMesh{0 1 2 3}, false, true, false, 0, true)" file="/opt/pytorch/nvfuser/tests/cpp/test_multidevice_pipeline.cpp" line="259" status="run" result="skipped" time="0.001" timestamp="2025-04-30T07:37:42.824" classname="Scatter/PipelineTestTwoStages">
      <skipped message="/opt/pytorch/nvfuser/tests/cpp/test_multidevice_pipeline.cpp:134&#x0A;the fusion requests 4 GPUs to run, but there are only 1 ranks in the communicator&#x0A;"><![CDATA[/opt/pytorch/nvfuser/tests/cpp/test_multidevice_pipeline.cpp:134
the fusion requests 4 GPUs to run, but there are only 1 ranks in the communicator
]]></skipped>
    </testcase>
    <testcase name="Communication/132" value_param="(NCCL, DeviceMesh{1 0}, DeviceMesh{0 2 3}, false, true, false, 0, false)" file="/opt/pytorch/nvfuser/tests/cpp/test_multidevice_pipeline.cpp" line="259" status="run" result="skipped" time="0.001" timestamp="2025-04-30T07:37:42.825" classname="Scatter/PipelineTestTwoStages">
      <skipped message="/opt/pytorch/nvfuser/tests/cpp/test_multidevice_pipeline.cpp:134&#x0A;the fusion requests 4 GPUs to run, but there are only 1 ranks in the communicator&#x0A;"><![CDATA[/opt/pytorch/nvfuser/tests/cpp/test_multidevice_pipeline.cpp:134
the fusion requests 4 GPUs to run, but there are only 1 ranks in the communicator
]]></skipped>
    </testcase>
    <testcase name="Communication/135" value_param="(NCCL, DeviceMesh{1 0}, DeviceMesh{0 2 3}, false, true, false, 1, true)" file="/opt/pytorch/nvfuser/tests/cpp/test_multidevice_pipeline.cpp" line="259" status="run" result="skipped" time="0.002" timestamp="2025-04-30T07:37:42.827" classname="Scatter/PipelineTestTwoStages">
      <skipped message="/opt/pytorch/nvfuser/tests/cpp/test_multidevice_pipeline.cpp:134&#x0A;the fusion requests 4 GPUs to run, but there are only 1 ranks in the communicator&#x0A;"><![CDATA[/opt/pytorch/nvfuser/tests/cpp/test_multidevice_pipeline.cpp:134
the fusion requests 4 GPUs to run, but there are only 1 ranks in the communicator
]]></skipped>
    </testcase>
    <testcase name="Communication/138" value_param="(NCCL, DeviceMesh{1 0}, DeviceMesh{1 0 2}, false, true, false, 1, false)" file="/opt/pytorch/nvfuser/tests/cpp/test_multidevice_pipeline.cpp" line="259" status="run" result="skipped" time="0.002" timestamp="2025-04-30T07:37:42.829" classname="Scatter/PipelineTestTwoStages">
      <skipped message="/opt/pytorch/nvfuser/tests/cpp/test_multidevice_pipeline.cpp:134&#x0A;the fusion requests 3 GPUs to run, but there are only 1 ranks in the communicator&#x0A;"><![CDATA[/opt/pytorch/nvfuser/tests/cpp/test_multidevice_pipeline.cpp:134
the fusion requests 3 GPUs to run, but there are only 1 ranks in the communicator
]]></skipped>
    </testcase>
    <testcase name="Communication/141" value_param="(NCCL, DeviceMesh{1 0}, DeviceMesh{1 0}, false, true, false, 0, true)" file="/opt/pytorch/nvfuser/tests/cpp/test_multidevice_pipeline.cpp" line="259" status="run" result="skipped" time="0.001" timestamp="2025-04-30T07:37:42.832" classname="Scatter/PipelineTestTwoStages">
      <skipped message="/opt/pytorch/nvfuser/tests/cpp/test_multidevice_pipeline.cpp:134&#x0A;the fusion requests 2 GPUs to run, but there are only 1 ranks in the communicator&#x0A;"><![CDATA[/opt/pytorch/nvfuser/tests/cpp/test_multidevice_pipeline.cpp:134
the fusion requests 2 GPUs to run, but there are only 1 ranks in the communicator
]]></skipped>
    </testcase>
    <testcase name="Communication/144" value_param="(UCC, DeviceMesh{0}, DeviceMesh{0}, false, true, false, 0, false)" file="/opt/pytorch/nvfuser/tests/cpp/test_multidevice_pipeline.cpp" line="259" status="run" result="completed" time="0.061" timestamp="2025-04-30T07:37:42.833" classname="Scatter/PipelineTestTwoStages" />
    <testcase name="Communication/147" value_param="(UCC, DeviceMesh{0}, DeviceMesh{0}, false, true, false, 1, true)" file="/opt/pytorch/nvfuser/tests/cpp/test_multidevice_pipeline.cpp" line="259" status="run" result="completed" time="0.061" timestamp="2025-04-30T07:37:42.895" classname="Scatter/PipelineTestTwoStages" />
    <testcase name="Communication/150" value_param="(UCC, DeviceMesh{0}, DeviceMesh{1}, false, true, false, 1, false)" file="/opt/pytorch/nvfuser/tests/cpp/test_multidevice_pipeline.cpp" line="259" status="run" result="skipped" time="0.001" timestamp="2025-04-30T07:37:42.956" classname="Scatter/PipelineTestTwoStages">
      <skipped message="/opt/pytorch/nvfuser/tests/cpp/test_multidevice_pipeline.cpp:134&#x0A;the fusion requests 2 GPUs to run, but there are only 1 ranks in the communicator&#x0A;"><![CDATA[/opt/pytorch/nvfuser/tests/cpp/test_multidevice_pipeline.cpp:134
the fusion requests 2 GPUs to run, but there are only 1 ranks in the communicator
]]></skipped>
    </testcase>
    <testcase name="Communication/153" value_param="(UCC, DeviceMesh{0}, DeviceMesh{0 1 2 3}, false, true, false, 0, true)" file="/opt/pytorch/nvfuser/tests/cpp/test_multidevice_pipeline.cpp" line="259" status="run" result="skipped" time="0.001" timestamp="2025-04-30T07:37:42.958" classname="Scatter/PipelineTestTwoStages">
      <skipped message="/opt/pytorch/nvfuser/tests/cpp/test_multidevice_pipeline.cpp:134&#x0A;the fusion requests 4 GPUs to run, but there are only 1 ranks in the communicator&#x0A;"><![CDATA[/opt/pytorch/nvfuser/tests/cpp/test_multidevice_pipeline.cpp:134
the fusion requests 4 GPUs to run, but there are only 1 ranks in the communicator
]]></skipped>
    </testcase>
    <testcase name="Communication/156" value_param="(UCC, DeviceMesh{0}, DeviceMesh{0 2 3}, false, true, false, 0, false)" file="/opt/pytorch/nvfuser/tests/cpp/test_multidevice_pipeline.cpp" line="259" status="run" result="skipped" time="0.001" timestamp="2025-04-30T07:37:42.959" classname="Scatter/PipelineTestTwoStages">
      <skipped message="/opt/pytorch/nvfuser/tests/cpp/test_multidevice_pipeline.cpp:134&#x0A;the fusion requests 4 GPUs to run, but there are only 1 ranks in the communicator&#x0A;"><![CDATA[/opt/pytorch/nvfuser/tests/cpp/test_multidevice_pipeline.cpp:134
the fusion requests 4 GPUs to run, but there are only 1 ranks in the communicator
]]></skipped>
    </testcase>
    <testcase name="Communication/159" value_param="(UCC, DeviceMesh{0}, DeviceMesh{0 2 3}, false, true, false, 1, true)" file="/opt/pytorch/nvfuser/tests/cpp/test_multidevice_pipeline.cpp" line="259" status="run" result="skipped" time="0.002" timestamp="2025-04-30T07:37:42.961" classname="Scatter/PipelineTestTwoStages">
      <skipped message="/opt/pytorch/nvfuser/tests/cpp/test_multidevice_pipeline.cpp:134&#x0A;the fusion requests 4 GPUs to run, but there are only 1 ranks in the communicator&#x0A;"><![CDATA[/opt/pytorch/nvfuser/tests/cpp/test_multidevice_pipeline.cpp:134
the fusion requests 4 GPUs to run, but there are only 1 ranks in the communicator
]]></skipped>
    </testcase>
    <testcase name="Communication/162" value_param="(UCC, DeviceMesh{0}, DeviceMesh{1 0 2}, false, true, false, 1, false)" file="/opt/pytorch/nvfuser/tests/cpp/test_multidevice_pipeline.cpp" line="259" status="run" result="skipped" time="0.002" timestamp="2025-04-30T07:37:42.963" classname="Scatter/PipelineTestTwoStages">
      <skipped message="/opt/pytorch/nvfuser/tests/cpp/test_multidevice_pipeline.cpp:134&#x0A;the fusion requests 3 GPUs to run, but there are only 1 ranks in the communicator&#x0A;"><![CDATA[/opt/pytorch/nvfuser/tests/cpp/test_multidevice_pipeline.cpp:134
the fusion requests 3 GPUs to run, but there are only 1 ranks in the communicator
]]></skipped>
    </testcase>
    <testcase name="Communication/165" value_param="(UCC, DeviceMesh{0}, DeviceMesh{1 0}, false, true, false, 0, true)" file="/opt/pytorch/nvfuser/tests/cpp/test_multidevice_pipeline.cpp" line="259" status="run" result="skipped" time="0.001" timestamp="2025-04-30T07:37:42.966" classname="Scatter/PipelineTestTwoStages">
      <skipped message="/opt/pytorch/nvfuser/tests/cpp/test_multidevice_pipeline.cpp:134&#x0A;the fusion requests 2 GPUs to run, but there are only 1 ranks in the communicator&#x0A;"><![CDATA[/opt/pytorch/nvfuser/tests/cpp/test_multidevice_pipeline.cpp:134
the fusion requests 2 GPUs to run, but there are only 1 ranks in the communicator
]]></skipped>
    </testcase>
    <testcase name="Communication/168" value_param="(UCC, DeviceMesh{1}, DeviceMesh{0}, false, true, false, 0, false)" file="/opt/pytorch/nvfuser/tests/cpp/test_multidevice_pipeline.cpp" line="259" status="run" result="skipped" time="0.001" timestamp="2025-04-30T07:37:42.967" classname="Scatter/PipelineTestTwoStages">
      <skipped message="/opt/pytorch/nvfuser/tests/cpp/test_multidevice_pipeline.cpp:134&#x0A;the fusion requests 2 GPUs to run, but there are only 1 ranks in the communicator&#x0A;"><![CDATA[/opt/pytorch/nvfuser/tests/cpp/test_multidevice_pipeline.cpp:134
the fusion requests 2 GPUs to run, but there are only 1 ranks in the communicator
]]></skipped>
    </testcase>
    <testcase name="Communication/171" value_param="(UCC, DeviceMesh{1}, DeviceMesh{0}, false, true, false, 1, true)" file="/opt/pytorch/nvfuser/tests/cpp/test_multidevice_pipeline.cpp" line="259" status="run" result="skipped" time="0.001" timestamp="2025-04-30T07:37:42.969" classname="Scatter/PipelineTestTwoStages">
      <skipped message="/opt/pytorch/nvfuser/tests/cpp/test_multidevice_pipeline.cpp:134&#x0A;the fusion requests 2 GPUs to run, but there are only 1 ranks in the communicator&#x0A;"><![CDATA[/opt/pytorch/nvfuser/tests/cpp/test_multidevice_pipeline.cpp:134
the fusion requests 2 GPUs to run, but there are only 1 ranks in the communicator
]]></skipped>
    </testcase>
    <testcase name="Communication/174" value_param="(UCC, DeviceMesh{1}, DeviceMesh{1}, false, true, false, 1, false)" file="/opt/pytorch/nvfuser/tests/cpp/test_multidevice_pipeline.cpp" line="259" status="run" result="skipped" time="0.001" timestamp="2025-04-30T07:37:42.970" classname="Scatter/PipelineTestTwoStages">
      <skipped message="/opt/pytorch/nvfuser/tests/cpp/test_multidevice_pipeline.cpp:134&#x0A;the fusion requests 2 GPUs to run, but there are only 1 ranks in the communicator&#x0A;"><![CDATA[/opt/pytorch/nvfuser/tests/cpp/test_multidevice_pipeline.cpp:134
the fusion requests 2 GPUs to run, but there are only 1 ranks in the communicator
]]></skipped>
    </testcase>
    <testcase name="Communication/177" value_param="(UCC, DeviceMesh{1}, DeviceMesh{0 1 2 3}, false, true, false, 0, true)" file="/opt/pytorch/nvfuser/tests/cpp/test_multidevice_pipeline.cpp" line="259" status="run" result="skipped" time="0.001" timestamp="2025-04-30T07:37:42.971" classname="Scatter/PipelineTestTwoStages">
      <skipped message="/opt/pytorch/nvfuser/tests/cpp/test_multidevice_pipeline.cpp:134&#x0A;the fusion requests 4 GPUs to run, but there are only 1 ranks in the communicator&#x0A;"><![CDATA[/opt/pytorch/nvfuser/tests/cpp/test_multidevice_pipeline.cpp:134
the fusion requests 4 GPUs to run, but there are only 1 ranks in the communicator
]]></skipped>
    </testcase>
    <testcase name="Communication/180" value_param="(UCC, DeviceMesh{1}, DeviceMesh{0 2 3}, false, true, false, 0, false)" file="/opt/pytorch/nvfuser/tests/cpp/test_multidevice_pipeline.cpp" line="259" status="run" result="skipped" time="0.001" timestamp="2025-04-30T07:37:42.973" classname="Scatter/PipelineTestTwoStages">
      <skipped message="/opt/pytorch/nvfuser/tests/cpp/test_multidevice_pipeline.cpp:134&#x0A;the fusion requests 4 GPUs to run, but there are only 1 ranks in the communicator&#x0A;"><![CDATA[/opt/pytorch/nvfuser/tests/cpp/test_multidevice_pipeline.cpp:134
the fusion requests 4 GPUs to run, but there are only 1 ranks in the communicator
]]></skipped>
    </testcase>
    <testcase name="Communication/183" value_param="(UCC, DeviceMesh{1}, DeviceMesh{0 2 3}, false, true, false, 1, true)" file="/opt/pytorch/nvfuser/tests/cpp/test_multidevice_pipeline.cpp" line="259" status="run" result="skipped" time="0.002" timestamp="2025-04-30T07:37:42.974" classname="Scatter/PipelineTestTwoStages">
      <skipped message="/opt/pytorch/nvfuser/tests/cpp/test_multidevice_pipeline.cpp:134&#x0A;the fusion requests 4 GPUs to run, but there are only 1 ranks in the communicator&#x0A;"><![CDATA[/opt/pytorch/nvfuser/tests/cpp/test_multidevice_pipeline.cpp:134
the fusion requests 4 GPUs to run, but there are only 1 ranks in the communicator
]]></skipped>
    </testcase>
    <testcase name="Communication/186" value_param="(UCC, DeviceMesh{1}, DeviceMesh{1 0 2}, false, true, false, 1, false)" file="/opt/pytorch/nvfuser/tests/cpp/test_multidevice_pipeline.cpp" line="259" status="run" result="skipped" time="0.002" timestamp="2025-04-30T07:37:42.977" classname="Scatter/PipelineTestTwoStages">
      <skipped message="/opt/pytorch/nvfuser/tests/cpp/test_multidevice_pipeline.cpp:134&#x0A;the fusion requests 3 GPUs to run, but there are only 1 ranks in the communicator&#x0A;"><![CDATA[/opt/pytorch/nvfuser/tests/cpp/test_multidevice_pipeline.cpp:134
the fusion requests 3 GPUs to run, but there are only 1 ranks in the communicator
]]></skipped>
    </testcase>
    <testcase name="Communication/189" value_param="(UCC, DeviceMesh{1}, DeviceMesh{1 0}, false, true, false, 0, true)" file="/opt/pytorch/nvfuser/tests/cpp/test_multidevice_pipeline.cpp" line="259" status="run" result="skipped" time="0.001" timestamp="2025-04-30T07:37:42.979" classname="Scatter/PipelineTestTwoStages">
      <skipped message="/opt/pytorch/nvfuser/tests/cpp/test_multidevice_pipeline.cpp:134&#x0A;the fusion requests 2 GPUs to run, but there are only 1 ranks in the communicator&#x0A;"><![CDATA[/opt/pytorch/nvfuser/tests/cpp/test_multidevice_pipeline.cpp:134
the fusion requests 2 GPUs to run, but there are only 1 ranks in the communicator
]]></skipped>
    </testcase>
    <testcase name="Communication/192" value_param="(UCC, DeviceMesh{0 1 2 3}, DeviceMesh{0}, false, true, false, 0, false)" file="/opt/pytorch/nvfuser/tests/cpp/test_multidevice_pipeline.cpp" line="259" status="run" result="skipped" time="0.001" timestamp="2025-04-30T07:37:42.980" classname="Scatter/PipelineTestTwoStages">
      <skipped message="/opt/pytorch/nvfuser/tests/cpp/test_multidevice_pipeline.cpp:134&#x0A;the fusion requests 4 GPUs to run, but there are only 1 ranks in the communicator&#x0A;"><![CDATA[/opt/pytorch/nvfuser/tests/cpp/test_multidevice_pipeline.cpp:134
the fusion requests 4 GPUs to run, but there are only 1 ranks in the communicator
]]></skipped>
    </testcase>
    <testcase name="Communication/195" value_param="(UCC, DeviceMesh{0 1 2 3}, DeviceMesh{0}, false, true, false, 1, true)" file="/opt/pytorch/nvfuser/tests/cpp/test_multidevice_pipeline.cpp" line="259" status="run" result="skipped" time="0.001" timestamp="2025-04-30T07:37:42.982" classname="Scatter/PipelineTestTwoStages">
      <skipped message="/opt/pytorch/nvfuser/tests/cpp/test_multidevice_pipeline.cpp:134&#x0A;the fusion requests 4 GPUs to run, but there are only 1 ranks in the communicator&#x0A;"><![CDATA[/opt/pytorch/nvfuser/tests/cpp/test_multidevice_pipeline.cpp:134
the fusion requests 4 GPUs to run, but there are only 1 ranks in the communicator
]]></skipped>
    </testcase>
    <testcase name="Communication/198" value_param="(UCC, DeviceMesh{0 1 2 3}, DeviceMesh{1}, false, true, false, 1, false)" file="/opt/pytorch/nvfuser/tests/cpp/test_multidevice_pipeline.cpp" line="259" status="run" result="skipped" time="0.001" timestamp="2025-04-30T07:37:42.983" classname="Scatter/PipelineTestTwoStages">
      <skipped message="/opt/pytorch/nvfuser/tests/cpp/test_multidevice_pipeline.cpp:134&#x0A;the fusion requests 4 GPUs to run, but there are only 1 ranks in the communicator&#x0A;"><![CDATA[/opt/pytorch/nvfuser/tests/cpp/test_multidevice_pipeline.cpp:134
the fusion requests 4 GPUs to run, but there are only 1 ranks in the communicator
]]></skipped>
    </testcase>
    <testcase name="Communication/201" value_param="(UCC, DeviceMesh{0 1 2 3}, DeviceMesh{0 1 2 3}, false, true, false, 0, true)" file="/opt/pytorch/nvfuser/tests/cpp/test_multidevice_pipeline.cpp" line="259" status="run" result="skipped" time="0.001" timestamp="2025-04-30T07:37:42.985" classname="Scatter/PipelineTestTwoStages">
      <skipped message="/opt/pytorch/nvfuser/tests/cpp/test_multidevice_pipeline.cpp:134&#x0A;the fusion requests 4 GPUs to run, but there are only 1 ranks in the communicator&#x0A;"><![CDATA[/opt/pytorch/nvfuser/tests/cpp/test_multidevice_pipeline.cpp:134
the fusion requests 4 GPUs to run, but there are only 1 ranks in the communicator
]]></skipped>
    </testcase>
    <testcase name="Communication/204" value_param="(UCC, DeviceMesh{0 1 2 3}, DeviceMesh{0 2 3}, false, true, false, 0, false)" file="/opt/pytorch/nvfuser/tests/cpp/test_multidevice_pipeline.cpp" line="259" status="run" result="skipped" time="0.001" timestamp="2025-04-30T07:37:42.986" classname="Scatter/PipelineTestTwoStages">
      <skipped message="/opt/pytorch/nvfuser/tests/cpp/test_multidevice_pipeline.cpp:134&#x0A;the fusion requests 4 GPUs to run, but there are only 1 ranks in the communicator&#x0A;"><![CDATA[/opt/pytorch/nvfuser/tests/cpp/test_multidevice_pipeline.cpp:134
the fusion requests 4 GPUs to run, but there are only 1 ranks in the communicator
]]></skipped>
    </testcase>
    <testcase name="Communication/207" value_param="(UCC, DeviceMesh{0 1 2 3}, DeviceMesh{0 2 3}, false, true, false, 1, true)" file="/opt/pytorch/nvfuser/tests/cpp/test_multidevice_pipeline.cpp" line="259" status="run" result="skipped" time="0.002" timestamp="2025-04-30T07:37:42.988" classname="Scatter/PipelineTestTwoStages">
      <skipped message="/opt/pytorch/nvfuser/tests/cpp/test_multidevice_pipeline.cpp:134&#x0A;the fusion requests 4 GPUs to run, but there are only 1 ranks in the communicator&#x0A;"><![CDATA[/opt/pytorch/nvfuser/tests/cpp/test_multidevice_pipeline.cpp:134
the fusion requests 4 GPUs to run, but there are only 1 ranks in the communicator
]]></skipped>
    </testcase>
    <testcase name="Communication/210" value_param="(UCC, DeviceMesh{0 1 2 3}, DeviceMesh{1 0 2}, false, true, false, 1, false)" file="/opt/pytorch/nvfuser/tests/cpp/test_multidevice_pipeline.cpp" line="259" status="run" result="skipped" time="0.002" timestamp="2025-04-30T07:37:42.990" classname="Scatter/PipelineTestTwoStages">
      <skipped message="/opt/pytorch/nvfuser/tests/cpp/test_multidevice_pipeline.cpp:134&#x0A;the fusion requests 4 GPUs to run, but there are only 1 ranks in the communicator&#x0A;"><![CDATA[/opt/pytorch/nvfuser/tests/cpp/test_multidevice_pipeline.cpp:134
the fusion requests 4 GPUs to run, but there are only 1 ranks in the communicator
]]></skipped>
    </testcase>
    <testcase name="Communication/213" value_param="(UCC, DeviceMesh{0 1 2 3}, DeviceMesh{1 0}, false, true, false, 0, true)" file="/opt/pytorch/nvfuser/tests/cpp/test_multidevice_pipeline.cpp" line="259" status="run" result="skipped" time="0.001" timestamp="2025-04-30T07:37:42.992" classname="Scatter/PipelineTestTwoStages">
      <skipped message="/opt/pytorch/nvfuser/tests/cpp/test_multidevice_pipeline.cpp:134&#x0A;the fusion requests 4 GPUs to run, but there are only 1 ranks in the communicator&#x0A;"><![CDATA[/opt/pytorch/nvfuser/tests/cpp/test_multidevice_pipeline.cpp:134
the fusion requests 4 GPUs to run, but there are only 1 ranks in the communicator
]]></skipped>
    </testcase>
    <testcase name="Communication/216" value_param="(UCC, DeviceMesh{0 2 3}, DeviceMesh{0}, false, true, false, 0, false)" file="/opt/pytorch/nvfuser/tests/cpp/test_multidevice_pipeline.cpp" line="259" status="run" result="skipped" time="0.001" timestamp="2025-04-30T07:37:42.994" classname="Scatter/PipelineTestTwoStages">
      <skipped message="/opt/pytorch/nvfuser/tests/cpp/test_multidevice_pipeline.cpp:134&#x0A;the fusion requests 4 GPUs to run, but there are only 1 ranks in the communicator&#x0A;"><![CDATA[/opt/pytorch/nvfuser/tests/cpp/test_multidevice_pipeline.cpp:134
the fusion requests 4 GPUs to run, but there are only 1 ranks in the communicator
]]></skipped>
    </testcase>
    <testcase name="Communication/219" value_param="(UCC, DeviceMesh{0 2 3}, DeviceMesh{0}, false, true, false, 1, true)" file="/opt/pytorch/nvfuser/tests/cpp/test_multidevice_pipeline.cpp" line="259" status="run" result="skipped" time="0.001" timestamp="2025-04-30T07:37:42.995" classname="Scatter/PipelineTestTwoStages">
      <skipped message="/opt/pytorch/nvfuser/tests/cpp/test_multidevice_pipeline.cpp:134&#x0A;the fusion requests 4 GPUs to run, but there are only 1 ranks in the communicator&#x0A;"><![CDATA[/opt/pytorch/nvfuser/tests/cpp/test_multidevice_pipeline.cpp:134
the fusion requests 4 GPUs to run, but there are only 1 ranks in the communicator
]]></skipped>
    </testcase>
    <testcase name="Communication/222" value_param="(UCC, DeviceMesh{0 2 3}, DeviceMesh{1}, false, true, false, 1, false)" file="/opt/pytorch/nvfuser/tests/cpp/test_multidevice_pipeline.cpp" line="259" status="run" result="skipped" time="0.001" timestamp="2025-04-30T07:37:42.997" classname="Scatter/PipelineTestTwoStages">
      <skipped message="/opt/pytorch/nvfuser/tests/cpp/test_multidevice_pipeline.cpp:134&#x0A;the fusion requests 4 GPUs to run, but there are only 1 ranks in the communicator&#x0A;"><![CDATA[/opt/pytorch/nvfuser/tests/cpp/test_multidevice_pipeline.cpp:134
the fusion requests 4 GPUs to run, but there are only 1 ranks in the communicator
]]></skipped>
    </testcase>
    <testcase name="Communication/225" value_param="(UCC, DeviceMesh{0 2 3}, DeviceMesh{0 1 2 3}, false, true, false, 0, true)" file="/opt/pytorch/nvfuser/tests/cpp/test_multidevice_pipeline.cpp" line="259" status="run" result="skipped" time="0.001" timestamp="2025-04-30T07:37:42.998" classname="Scatter/PipelineTestTwoStages">
      <skipped message="/opt/pytorch/nvfuser/tests/cpp/test_multidevice_pipeline.cpp:134&#x0A;the fusion requests 4 GPUs to run, but there are only 1 ranks in the communicator&#x0A;"><![CDATA[/opt/pytorch/nvfuser/tests/cpp/test_multidevice_pipeline.cpp:134
the fusion requests 4 GPUs to run, but there are only 1 ranks in the communicator
]]></skipped>
    </testcase>
    <testcase name="Communication/228" value_param="(UCC, DeviceMesh{0 2 3}, DeviceMesh{0 2 3}, false, true, false, 0, false)" file="/opt/pytorch/nvfuser/tests/cpp/test_multidevice_pipeline.cpp" line="259" status="run" result="skipped" time="0.001" timestamp="2025-04-30T07:37:43.000" classname="Scatter/PipelineTestTwoStages">
      <skipped message="/opt/pytorch/nvfuser/tests/cpp/test_multidevice_pipeline.cpp:134&#x0A;the fusion requests 4 GPUs to run, but there are only 1 ranks in the communicator&#x0A;"><![CDATA[/opt/pytorch/nvfuser/tests/cpp/test_multidevice_pipeline.cpp:134
the fusion requests 4 GPUs to run, but there are only 1 ranks in the communicator
]]></skipped>
    </testcase>
    <testcase name="Communication/231" value_param="(UCC, DeviceMesh{0 2 3}, DeviceMesh{0 2 3}, false, true, false, 1, true)" file="/opt/pytorch/nvfuser/tests/cpp/test_multidevice_pipeline.cpp" line="259" status="run" result="skipped" time="0.002" timestamp="2025-04-30T07:37:43.001" classname="Scatter/PipelineTestTwoStages">
      <skipped message="/opt/pytorch/nvfuser/tests/cpp/test_multidevice_pipeline.cpp:134&#x0A;the fusion requests 4 GPUs to run, but there are only 1 ranks in the communicator&#x0A;"><![CDATA[/opt/pytorch/nvfuser/tests/cpp/test_multidevice_pipeline.cpp:134
the fusion requests 4 GPUs to run, but there are only 1 ranks in the communicator
]]></skipped>
    </testcase>
    <testcase name="Communication/234" value_param="(UCC, DeviceMesh{0 2 3}, DeviceMesh{1 0 2}, false, true, false, 1, false)" file="/opt/pytorch/nvfuser/tests/cpp/test_multidevice_pipeline.cpp" line="259" status="run" result="skipped" time="0.002" timestamp="2025-04-30T07:37:43.004" classname="Scatter/PipelineTestTwoStages">
      <skipped message="/opt/pytorch/nvfuser/tests/cpp/test_multidevice_pipeline.cpp:134&#x0A;the fusion requests 4 GPUs to run, but there are only 1 ranks in the communicator&#x0A;"><![CDATA[/opt/pytorch/nvfuser/tests/cpp/test_multidevice_pipeline.cpp:134
the fusion requests 4 GPUs to run, but there are only 1 ranks in the communicator
]]></skipped>
    </testcase>
    <testcase name="Communication/237" value_param="(UCC, DeviceMesh{0 2 3}, DeviceMesh{1 0}, false, true, false, 0, true)" file="/opt/pytorch/nvfuser/tests/cpp/test_multidevice_pipeline.cpp" line="259" status="run" result="skipped" time="0.001" timestamp="2025-04-30T07:37:43.006" classname="Scatter/PipelineTestTwoStages">
      <skipped message="/opt/pytorch/nvfuser/tests/cpp/test_multidevice_pipeline.cpp:134&#x0A;the fusion requests 4 GPUs to run, but there are only 1 ranks in the communicator&#x0A;"><![CDATA[/opt/pytorch/nvfuser/tests/cpp/test_multidevice_pipeline.cpp:134
the fusion requests 4 GPUs to run, but there are only 1 ranks in the communicator
]]></skipped>
    </testcase>
    <testcase name="Communication/240" value_param="(UCC, DeviceMesh{1 0 2}, DeviceMesh{0}, false, true, false, 0, false)" file="/opt/pytorch/nvfuser/tests/cpp/test_multidevice_pipeline.cpp" line="259" status="run" result="skipped" time="0.001" timestamp="2025-04-30T07:37:43.008" classname="Scatter/PipelineTestTwoStages">
      <skipped message="/opt/pytorch/nvfuser/tests/cpp/test_multidevice_pipeline.cpp:134&#x0A;the fusion requests 3 GPUs to run, but there are only 1 ranks in the communicator&#x0A;"><![CDATA[/opt/pytorch/nvfuser/tests/cpp/test_multidevice_pipeline.cpp:134
the fusion requests 3 GPUs to run, but there are only 1 ranks in the communicator
]]></skipped>
    </testcase>
    <testcase name="Communication/243" value_param="(UCC, DeviceMesh{1 0 2}, DeviceMesh{0}, false, true, false, 1, true)" file="/opt/pytorch/nvfuser/tests/cpp/test_multidevice_pipeline.cpp" line="259" status="run" result="skipped" time="0.001" timestamp="2025-04-30T07:37:43.009" classname="Scatter/PipelineTestTwoStages">
      <skipped message="/opt/pytorch/nvfuser/tests/cpp/test_multidevice_pipeline.cpp:134&#x0A;the fusion requests 3 GPUs to run, but there are only 1 ranks in the communicator&#x0A;"><![CDATA[/opt/pytorch/nvfuser/tests/cpp/test_multidevice_pipeline.cpp:134
the fusion requests 3 GPUs to run, but there are only 1 ranks in the communicator
]]></skipped>
    </testcase>
    <testcase name="Communication/246" value_param="(UCC, DeviceMesh{1 0 2}, DeviceMesh{1}, false, true, false, 1, false)" file="/opt/pytorch/nvfuser/tests/cpp/test_multidevice_pipeline.cpp" line="259" status="run" result="skipped" time="0.001" timestamp="2025-04-30T07:37:43.011" classname="Scatter/PipelineTestTwoStages">
      <skipped message="/opt/pytorch/nvfuser/tests/cpp/test_multidevice_pipeline.cpp:134&#x0A;the fusion requests 3 GPUs to run, but there are only 1 ranks in the communicator&#x0A;"><![CDATA[/opt/pytorch/nvfuser/tests/cpp/test_multidevice_pipeline.cpp:134
the fusion requests 3 GPUs to run, but there are only 1 ranks in the communicator
]]></skipped>
    </testcase>
    <testcase name="Communication/249" value_param="(UCC, DeviceMesh{1 0 2}, DeviceMesh{0 1 2 3}, false, true, false, 0, true)" file="/opt/pytorch/nvfuser/tests/cpp/test_multidevice_pipeline.cpp" line="259" status="run" result="skipped" time="0.001" timestamp="2025-04-30T07:37:43.012" classname="Scatter/PipelineTestTwoStages">
      <skipped message="/opt/pytorch/nvfuser/tests/cpp/test_multidevice_pipeline.cpp:134&#x0A;the fusion requests 4 GPUs to run, but there are only 1 ranks in the communicator&#x0A;"><![CDATA[/opt/pytorch/nvfuser/tests/cpp/test_multidevice_pipeline.cpp:134
the fusion requests 4 GPUs to run, but there are only 1 ranks in the communicator
]]></skipped>
    </testcase>
    <testcase name="Communication/252" value_param="(UCC, DeviceMesh{1 0 2}, DeviceMesh{0 2 3}, false, true, false, 0, false)" file="/opt/pytorch/nvfuser/tests/cpp/test_multidevice_pipeline.cpp" line="259" status="run" result="skipped" time="0.001" timestamp="2025-04-30T07:37:43.013" classname="Scatter/PipelineTestTwoStages">
      <skipped message="/opt/pytorch/nvfuser/tests/cpp/test_multidevice_pipeline.cpp:134&#x0A;the fusion requests 4 GPUs to run, but there are only 1 ranks in the communicator&#x0A;"><![CDATA[/opt/pytorch/nvfuser/tests/cpp/test_multidevice_pipeline.cpp:134
the fusion requests 4 GPUs to run, but there are only 1 ranks in the communicator
]]></skipped>
    </testcase>
    <testcase name="Communication/255" value_param="(UCC, DeviceMesh{1 0 2}, DeviceMesh{0 2 3}, false, true, false, 1, true)" file="/opt/pytorch/nvfuser/tests/cpp/test_multidevice_pipeline.cpp" line="259" status="run" result="skipped" time="0.002" timestamp="2025-04-30T07:37:43.015" classname="Scatter/PipelineTestTwoStages">
      <skipped message="/opt/pytorch/nvfuser/tests/cpp/test_multidevice_pipeline.cpp:134&#x0A;the fusion requests 4 GPUs to run, but there are only 1 ranks in the communicator&#x0A;"><![CDATA[/opt/pytorch/nvfuser/tests/cpp/test_multidevice_pipeline.cpp:134
the fusion requests 4 GPUs to run, but there are only 1 ranks in the communicator
]]></skipped>
    </testcase>
    <testcase name="Communication/258" value_param="(UCC, DeviceMesh{1 0 2}, DeviceMesh{1 0 2}, false, true, false, 1, false)" file="/opt/pytorch/nvfuser/tests/cpp/test_multidevice_pipeline.cpp" line="259" status="run" result="skipped" time="0.002" timestamp="2025-04-30T07:37:43.017" classname="Scatter/PipelineTestTwoStages">
      <skipped message="/opt/pytorch/nvfuser/tests/cpp/test_multidevice_pipeline.cpp:134&#x0A;the fusion requests 3 GPUs to run, but there are only 1 ranks in the communicator&#x0A;"><![CDATA[/opt/pytorch/nvfuser/tests/cpp/test_multidevice_pipeline.cpp:134
the fusion requests 3 GPUs to run, but there are only 1 ranks in the communicator
]]></skipped>
    </testcase>
    <testcase name="Communication/261" value_param="(UCC, DeviceMesh{1 0 2}, DeviceMesh{1 0}, false, true, false, 0, true)" file="/opt/pytorch/nvfuser/tests/cpp/test_multidevice_pipeline.cpp" line="259" status="run" result="skipped" time="0.001" timestamp="2025-04-30T07:37:43.020" classname="Scatter/PipelineTestTwoStages">
      <skipped message="/opt/pytorch/nvfuser/tests/cpp/test_multidevice_pipeline.cpp:134&#x0A;the fusion requests 3 GPUs to run, but there are only 1 ranks in the communicator&#x0A;"><![CDATA[/opt/pytorch/nvfuser/tests/cpp/test_multidevice_pipeline.cpp:134
the fusion requests 3 GPUs to run, but there are only 1 ranks in the communicator
]]></skipped>
    </testcase>
    <testcase name="Communication/264" value_param="(UCC, DeviceMesh{1 0}, DeviceMesh{0}, false, true, false, 0, false)" file="/opt/pytorch/nvfuser/tests/cpp/test_multidevice_pipeline.cpp" line="259" status="run" result="skipped" time="0.001" timestamp="2025-04-30T07:37:43.021" classname="Scatter/PipelineTestTwoStages">
      <skipped message="/opt/pytorch/nvfuser/tests/cpp/test_multidevice_pipeline.cpp:134&#x0A;the fusion requests 2 GPUs to run, but there are only 1 ranks in the communicator&#x0A;"><![CDATA[/opt/pytorch/nvfuser/tests/cpp/test_multidevice_pipeline.cpp:134
the fusion requests 2 GPUs to run, but there are only 1 ranks in the communicator
]]></skipped>
    </testcase>
    <testcase name="Communication/267" value_param="(UCC, DeviceMesh{1 0}, DeviceMesh{0}, false, true, false, 1, true)" file="/opt/pytorch/nvfuser/tests/cpp/test_multidevice_pipeline.cpp" line="259" status="run" result="skipped" time="0.001" timestamp="2025-04-30T07:37:43.023" classname="Scatter/PipelineTestTwoStages">
      <skipped message="/opt/pytorch/nvfuser/tests/cpp/test_multidevice_pipeline.cpp:134&#x0A;the fusion requests 2 GPUs to run, but there are only 1 ranks in the communicator&#x0A;"><![CDATA[/opt/pytorch/nvfuser/tests/cpp/test_multidevice_pipeline.cpp:134
the fusion requests 2 GPUs to run, but there are only 1 ranks in the communicator
]]></skipped>
    </testcase>
    <testcase name="Communication/270" value_param="(UCC, DeviceMesh{1 0}, DeviceMesh{1}, false, true, false, 1, false)" file="/opt/pytorch/nvfuser/tests/cpp/test_multidevice_pipeline.cpp" line="259" status="run" result="skipped" time="0.001" timestamp="2025-04-30T07:37:43.024" classname="Scatter/PipelineTestTwoStages">
      <skipped message="/opt/pytorch/nvfuser/tests/cpp/test_multidevice_pipeline.cpp:134&#x0A;the fusion requests 2 GPUs to run, but there are only 1 ranks in the communicator&#x0A;"><![CDATA[/opt/pytorch/nvfuser/tests/cpp/test_multidevice_pipeline.cpp:134
the fusion requests 2 GPUs to run, but there are only 1 ranks in the communicator
]]></skipped>
    </testcase>
    <testcase name="Communication/273" value_param="(UCC, DeviceMesh{1 0}, DeviceMesh{0 1 2 3}, false, true, false, 0, true)" file="/opt/pytorch/nvfuser/tests/cpp/test_multidevice_pipeline.cpp" line="259" status="run" result="skipped" time="0.001" timestamp="2025-04-30T07:37:43.026" classname="Scatter/PipelineTestTwoStages">
      <skipped message="/opt/pytorch/nvfuser/tests/cpp/test_multidevice_pipeline.cpp:134&#x0A;the fusion requests 4 GPUs to run, but there are only 1 ranks in the communicator&#x0A;"><![CDATA[/opt/pytorch/nvfuser/tests/cpp/test_multidevice_pipeline.cpp:134
the fusion requests 4 GPUs to run, but there are only 1 ranks in the communicator
]]></skipped>
    </testcase>
    <testcase name="Communication/276" value_param="(UCC, DeviceMesh{1 0}, DeviceMesh{0 2 3}, false, true, false, 0, false)" file="/opt/pytorch/nvfuser/tests/cpp/test_multidevice_pipeline.cpp" line="259" status="run" result="skipped" time="0.001" timestamp="2025-04-30T07:37:43.027" classname="Scatter/PipelineTestTwoStages">
      <skipped message="/opt/pytorch/nvfuser/tests/cpp/test_multidevice_pipeline.cpp:134&#x0A;the fusion requests 4 GPUs to run, but there are only 1 ranks in the communicator&#x0A;"><![CDATA[/opt/pytorch/nvfuser/tests/cpp/test_multidevice_pipeline.cpp:134
the fusion requests 4 GPUs to run, but there are only 1 ranks in the communicator
]]></skipped>
    </testcase>
    <testcase name="Communication/279" value_param="(UCC, DeviceMesh{1 0}, DeviceMesh{0 2 3}, false, true, false, 1, true)" file="/opt/pytorch/nvfuser/tests/cpp/test_multidevice_pipeline.cpp" line="259" status="run" result="skipped" time="0.002" timestamp="2025-04-30T07:37:43.029" classname="Scatter/PipelineTestTwoStages">
      <skipped message="/opt/pytorch/nvfuser/tests/cpp/test_multidevice_pipeline.cpp:134&#x0A;the fusion requests 4 GPUs to run, but there are only 1 ranks in the communicator&#x0A;"><![CDATA[/opt/pytorch/nvfuser/tests/cpp/test_multidevice_pipeline.cpp:134
the fusion requests 4 GPUs to run, but there are only 1 ranks in the communicator
]]></skipped>
    </testcase>
    <testcase name="Communication/282" value_param="(UCC, DeviceMesh{1 0}, DeviceMesh{1 0 2}, false, true, false, 1, false)" file="/opt/pytorch/nvfuser/tests/cpp/test_multidevice_pipeline.cpp" line="259" status="run" result="skipped" time="0.002" timestamp="2025-04-30T07:37:43.031" classname="Scatter/PipelineTestTwoStages">
      <skipped message="/opt/pytorch/nvfuser/tests/cpp/test_multidevice_pipeline.cpp:134&#x0A;the fusion requests 3 GPUs to run, but there are only 1 ranks in the communicator&#x0A;"><![CDATA[/opt/pytorch/nvfuser/tests/cpp/test_multidevice_pipeline.cpp:134
the fusion requests 3 GPUs to run, but there are only 1 ranks in the communicator
]]></skipped>
    </testcase>
    <testcase name="Communication/285" value_param="(UCC, DeviceMesh{1 0}, DeviceMesh{1 0}, false, true, false, 0, true)" file="/opt/pytorch/nvfuser/tests/cpp/test_multidevice_pipeline.cpp" line="259" status="run" result="skipped" time="0.001" timestamp="2025-04-30T07:37:43.033" classname="Scatter/PipelineTestTwoStages">
      <skipped message="/opt/pytorch/nvfuser/tests/cpp/test_multidevice_pipeline.cpp:134&#x0A;the fusion requests 2 GPUs to run, but there are only 1 ranks in the communicator&#x0A;"><![CDATA[/opt/pytorch/nvfuser/tests/cpp/test_multidevice_pipeline.cpp:134
the fusion requests 2 GPUs to run, but there are only 1 ranks in the communicator
]]></skipped>
    </testcase>
  </testsuite>
  <testsuite name="Bcast/PipelineTestTwoStages" tests="96" failures="0" disabled="0" skipped="92" errors="0" time="0.39" timestamp="2025-04-30T07:37:43.035">
    <testcase name="Communication/0" value_param="(NCCL, DeviceMesh{0}, DeviceMesh{0}, false, false, false, 0, false)" file="/opt/pytorch/nvfuser/tests/cpp/test_multidevice_pipeline.cpp" line="259" status="run" result="completed" time="0.09" timestamp="2025-04-30T07:37:43.035" classname="Bcast/PipelineTestTwoStages" />
    <testcase name="Communication/3" value_param="(NCCL, DeviceMesh{0}, DeviceMesh{0}, false, false, false, 1, true)" file="/opt/pytorch/nvfuser/tests/cpp/test_multidevice_pipeline.cpp" line="259" status="run" result="completed" time="0.064" timestamp="2025-04-30T07:37:43.126" classname="Bcast/PipelineTestTwoStages" />
    <testcase name="Communication/6" value_param="(NCCL, DeviceMesh{0}, DeviceMesh{1}, false, false, false, 1, false)" file="/opt/pytorch/nvfuser/tests/cpp/test_multidevice_pipeline.cpp" line="259" status="run" result="skipped" time="0.001" timestamp="2025-04-30T07:37:43.190" classname="Bcast/PipelineTestTwoStages">
      <skipped message="/opt/pytorch/nvfuser/tests/cpp/test_multidevice_pipeline.cpp:134&#x0A;the fusion requests 2 GPUs to run, but there are only 1 ranks in the communicator&#x0A;"><![CDATA[/opt/pytorch/nvfuser/tests/cpp/test_multidevice_pipeline.cpp:134
the fusion requests 2 GPUs to run, but there are only 1 ranks in the communicator
]]></skipped>
    </testcase>
    <testcase name="Communication/9" value_param="(NCCL, DeviceMesh{0}, DeviceMesh{0 1 2 3}, false, false, false, 0, true)" file="/opt/pytorch/nvfuser/tests/cpp/test_multidevice_pipeline.cpp" line="259" status="run" result="skipped" time="0.001" timestamp="2025-04-30T07:37:43.191" classname="Bcast/PipelineTestTwoStages">
      <skipped message="/opt/pytorch/nvfuser/tests/cpp/test_multidevice_pipeline.cpp:134&#x0A;the fusion requests 4 GPUs to run, but there are only 1 ranks in the communicator&#x0A;"><![CDATA[/opt/pytorch/nvfuser/tests/cpp/test_multidevice_pipeline.cpp:134
the fusion requests 4 GPUs to run, but there are only 1 ranks in the communicator
]]></skipped>
    </testcase>
    <testcase name="Communication/12" value_param="(NCCL, DeviceMesh{0}, DeviceMesh{0 2 3}, false, false, false, 0, false)" file="/opt/pytorch/nvfuser/tests/cpp/test_multidevice_pipeline.cpp" line="259" status="run" result="skipped" time="0.001" timestamp="2025-04-30T07:37:43.193" classname="Bcast/PipelineTestTwoStages">
      <skipped message="/opt/pytorch/nvfuser/tests/cpp/test_multidevice_pipeline.cpp:134&#x0A;the fusion requests 4 GPUs to run, but there are only 1 ranks in the communicator&#x0A;"><![CDATA[/opt/pytorch/nvfuser/tests/cpp/test_multidevice_pipeline.cpp:134
the fusion requests 4 GPUs to run, but there are only 1 ranks in the communicator
]]></skipped>
    </testcase>
    <testcase name="Communication/15" value_param="(NCCL, DeviceMesh{0}, DeviceMesh{0 2 3}, false, false, false, 1, true)" file="/opt/pytorch/nvfuser/tests/cpp/test_multidevice_pipeline.cpp" line="259" status="run" result="skipped" time="0.001" timestamp="2025-04-30T07:37:43.194" classname="Bcast/PipelineTestTwoStages">
      <skipped message="/opt/pytorch/nvfuser/tests/cpp/test_multidevice_pipeline.cpp:134&#x0A;the fusion requests 4 GPUs to run, but there are only 1 ranks in the communicator&#x0A;"><![CDATA[/opt/pytorch/nvfuser/tests/cpp/test_multidevice_pipeline.cpp:134
the fusion requests 4 GPUs to run, but there are only 1 ranks in the communicator
]]></skipped>
    </testcase>
    <testcase name="Communication/18" value_param="(NCCL, DeviceMesh{0}, DeviceMesh{1 0 2}, false, false, false, 1, false)" file="/opt/pytorch/nvfuser/tests/cpp/test_multidevice_pipeline.cpp" line="259" status="run" result="skipped" time="0.001" timestamp="2025-04-30T07:37:43.195" classname="Bcast/PipelineTestTwoStages">
      <skipped message="/opt/pytorch/nvfuser/tests/cpp/test_multidevice_pipeline.cpp:134&#x0A;the fusion requests 3 GPUs to run, but there are only 1 ranks in the communicator&#x0A;"><![CDATA[/opt/pytorch/nvfuser/tests/cpp/test_multidevice_pipeline.cpp:134
the fusion requests 3 GPUs to run, but there are only 1 ranks in the communicator
]]></skipped>
    </testcase>
    <testcase name="Communication/21" value_param="(NCCL, DeviceMesh{0}, DeviceMesh{1 0}, false, false, false, 0, true)" file="/opt/pytorch/nvfuser/tests/cpp/test_multidevice_pipeline.cpp" line="259" status="run" result="skipped" time="0.001" timestamp="2025-04-30T07:37:43.197" classname="Bcast/PipelineTestTwoStages">
      <skipped message="/opt/pytorch/nvfuser/tests/cpp/test_multidevice_pipeline.cpp:134&#x0A;the fusion requests 2 GPUs to run, but there are only 1 ranks in the communicator&#x0A;"><![CDATA[/opt/pytorch/nvfuser/tests/cpp/test_multidevice_pipeline.cpp:134
the fusion requests 2 GPUs to run, but there are only 1 ranks in the communicator
]]></skipped>
    </testcase>
    <testcase name="Communication/24" value_param="(NCCL, DeviceMesh{1}, DeviceMesh{0}, false, false, false, 0, false)" file="/opt/pytorch/nvfuser/tests/cpp/test_multidevice_pipeline.cpp" line="259" status="run" result="skipped" time="0.001" timestamp="2025-04-30T07:37:43.198" classname="Bcast/PipelineTestTwoStages">
      <skipped message="/opt/pytorch/nvfuser/tests/cpp/test_multidevice_pipeline.cpp:134&#x0A;the fusion requests 2 GPUs to run, but there are only 1 ranks in the communicator&#x0A;"><![CDATA[/opt/pytorch/nvfuser/tests/cpp/test_multidevice_pipeline.cpp:134
the fusion requests 2 GPUs to run, but there are only 1 ranks in the communicator
]]></skipped>
    </testcase>
    <testcase name="Communication/27" value_param="(NCCL, DeviceMesh{1}, DeviceMesh{0}, false, false, false, 1, true)" file="/opt/pytorch/nvfuser/tests/cpp/test_multidevice_pipeline.cpp" line="259" status="run" result="skipped" time="0.001" timestamp="2025-04-30T07:37:43.199" classname="Bcast/PipelineTestTwoStages">
      <skipped message="/opt/pytorch/nvfuser/tests/cpp/test_multidevice_pipeline.cpp:134&#x0A;the fusion requests 2 GPUs to run, but there are only 1 ranks in the communicator&#x0A;"><![CDATA[/opt/pytorch/nvfuser/tests/cpp/test_multidevice_pipeline.cpp:134
the fusion requests 2 GPUs to run, but there are only 1 ranks in the communicator
]]></skipped>
    </testcase>
    <testcase name="Communication/30" value_param="(NCCL, DeviceMesh{1}, DeviceMesh{1}, false, false, false, 1, false)" file="/opt/pytorch/nvfuser/tests/cpp/test_multidevice_pipeline.cpp" line="259" status="run" result="skipped" time="0." timestamp="2025-04-30T07:37:43.201" classname="Bcast/PipelineTestTwoStages">
      <skipped message="/opt/pytorch/nvfuser/tests/cpp/test_multidevice_pipeline.cpp:134&#x0A;the fusion requests 2 GPUs to run, but there are only 1 ranks in the communicator&#x0A;"><![CDATA[/opt/pytorch/nvfuser/tests/cpp/test_multidevice_pipeline.cpp:134
the fusion requests 2 GPUs to run, but there are only 1 ranks in the communicator
]]></skipped>
    </testcase>
    <testcase name="Communication/33" value_param="(NCCL, DeviceMesh{1}, DeviceMesh{0 1 2 3}, false, false, false, 0, true)" file="/opt/pytorch/nvfuser/tests/cpp/test_multidevice_pipeline.cpp" line="259" status="run" result="skipped" time="0.001" timestamp="2025-04-30T07:37:43.201" classname="Bcast/PipelineTestTwoStages">
      <skipped message="/opt/pytorch/nvfuser/tests/cpp/test_multidevice_pipeline.cpp:134&#x0A;the fusion requests 4 GPUs to run, but there are only 1 ranks in the communicator&#x0A;"><![CDATA[/opt/pytorch/nvfuser/tests/cpp/test_multidevice_pipeline.cpp:134
the fusion requests 4 GPUs to run, but there are only 1 ranks in the communicator
]]></skipped>
    </testcase>
    <testcase name="Communication/36" value_param="(NCCL, DeviceMesh{1}, DeviceMesh{0 2 3}, false, false, false, 0, false)" file="/opt/pytorch/nvfuser/tests/cpp/test_multidevice_pipeline.cpp" line="259" status="run" result="skipped" time="0.001" timestamp="2025-04-30T07:37:43.203" classname="Bcast/PipelineTestTwoStages">
      <skipped message="/opt/pytorch/nvfuser/tests/cpp/test_multidevice_pipeline.cpp:134&#x0A;the fusion requests 4 GPUs to run, but there are only 1 ranks in the communicator&#x0A;"><![CDATA[/opt/pytorch/nvfuser/tests/cpp/test_multidevice_pipeline.cpp:134
the fusion requests 4 GPUs to run, but there are only 1 ranks in the communicator
]]></skipped>
    </testcase>
    <testcase name="Communication/39" value_param="(NCCL, DeviceMesh{1}, DeviceMesh{0 2 3}, false, false, false, 1, true)" file="/opt/pytorch/nvfuser/tests/cpp/test_multidevice_pipeline.cpp" line="259" status="run" result="skipped" time="0.001" timestamp="2025-04-30T07:37:43.204" classname="Bcast/PipelineTestTwoStages">
      <skipped message="/opt/pytorch/nvfuser/tests/cpp/test_multidevice_pipeline.cpp:134&#x0A;the fusion requests 4 GPUs to run, but there are only 1 ranks in the communicator&#x0A;"><![CDATA[/opt/pytorch/nvfuser/tests/cpp/test_multidevice_pipeline.cpp:134
the fusion requests 4 GPUs to run, but there are only 1 ranks in the communicator
]]></skipped>
    </testcase>
    <testcase name="Communication/42" value_param="(NCCL, DeviceMesh{1}, DeviceMesh{1 0 2}, false, false, false, 1, false)" file="/opt/pytorch/nvfuser/tests/cpp/test_multidevice_pipeline.cpp" line="259" status="run" result="skipped" time="0.001" timestamp="2025-04-30T07:37:43.205" classname="Bcast/PipelineTestTwoStages">
      <skipped message="/opt/pytorch/nvfuser/tests/cpp/test_multidevice_pipeline.cpp:134&#x0A;the fusion requests 3 GPUs to run, but there are only 1 ranks in the communicator&#x0A;"><![CDATA[/opt/pytorch/nvfuser/tests/cpp/test_multidevice_pipeline.cpp:134
the fusion requests 3 GPUs to run, but there are only 1 ranks in the communicator
]]></skipped>
    </testcase>
    <testcase name="Communication/45" value_param="(NCCL, DeviceMesh{1}, DeviceMesh{1 0}, false, false, false, 0, true)" file="/opt/pytorch/nvfuser/tests/cpp/test_multidevice_pipeline.cpp" line="259" status="run" result="skipped" time="0.001" timestamp="2025-04-30T07:37:43.207" classname="Bcast/PipelineTestTwoStages">
      <skipped message="/opt/pytorch/nvfuser/tests/cpp/test_multidevice_pipeline.cpp:134&#x0A;the fusion requests 2 GPUs to run, but there are only 1 ranks in the communicator&#x0A;"><![CDATA[/opt/pytorch/nvfuser/tests/cpp/test_multidevice_pipeline.cpp:134
the fusion requests 2 GPUs to run, but there are only 1 ranks in the communicator
]]></skipped>
    </testcase>
    <testcase name="Communication/48" value_param="(NCCL, DeviceMesh{0 1 2 3}, DeviceMesh{0}, false, false, false, 0, false)" file="/opt/pytorch/nvfuser/tests/cpp/test_multidevice_pipeline.cpp" line="259" status="run" result="skipped" time="0.001" timestamp="2025-04-30T07:37:43.208" classname="Bcast/PipelineTestTwoStages">
      <skipped message="/opt/pytorch/nvfuser/tests/cpp/test_multidevice_pipeline.cpp:134&#x0A;the fusion requests 4 GPUs to run, but there are only 1 ranks in the communicator&#x0A;"><![CDATA[/opt/pytorch/nvfuser/tests/cpp/test_multidevice_pipeline.cpp:134
the fusion requests 4 GPUs to run, but there are only 1 ranks in the communicator
]]></skipped>
    </testcase>
    <testcase name="Communication/51" value_param="(NCCL, DeviceMesh{0 1 2 3}, DeviceMesh{0}, false, false, false, 1, true)" file="/opt/pytorch/nvfuser/tests/cpp/test_multidevice_pipeline.cpp" line="259" status="run" result="skipped" time="0.001" timestamp="2025-04-30T07:37:43.209" classname="Bcast/PipelineTestTwoStages">
      <skipped message="/opt/pytorch/nvfuser/tests/cpp/test_multidevice_pipeline.cpp:134&#x0A;the fusion requests 4 GPUs to run, but there are only 1 ranks in the communicator&#x0A;"><![CDATA[/opt/pytorch/nvfuser/tests/cpp/test_multidevice_pipeline.cpp:134
the fusion requests 4 GPUs to run, but there are only 1 ranks in the communicator
]]></skipped>
    </testcase>
    <testcase name="Communication/54" value_param="(NCCL, DeviceMesh{0 1 2 3}, DeviceMesh{1}, false, false, false, 1, false)" file="/opt/pytorch/nvfuser/tests/cpp/test_multidevice_pipeline.cpp" line="259" status="run" result="skipped" time="0.001" timestamp="2025-04-30T07:37:43.210" classname="Bcast/PipelineTestTwoStages">
      <skipped message="/opt/pytorch/nvfuser/tests/cpp/test_multidevice_pipeline.cpp:134&#x0A;the fusion requests 4 GPUs to run, but there are only 1 ranks in the communicator&#x0A;"><![CDATA[/opt/pytorch/nvfuser/tests/cpp/test_multidevice_pipeline.cpp:134
the fusion requests 4 GPUs to run, but there are only 1 ranks in the communicator
]]></skipped>
    </testcase>
    <testcase name="Communication/57" value_param="(NCCL, DeviceMesh{0 1 2 3}, DeviceMesh{0 1 2 3}, false, false, false, 0, true)" file="/opt/pytorch/nvfuser/tests/cpp/test_multidevice_pipeline.cpp" line="259" status="run" result="skipped" time="0." timestamp="2025-04-30T07:37:43.212" classname="Bcast/PipelineTestTwoStages">
      <skipped message="/opt/pytorch/nvfuser/tests/cpp/test_multidevice_pipeline.cpp:134&#x0A;the fusion requests 4 GPUs to run, but there are only 1 ranks in the communicator&#x0A;"><![CDATA[/opt/pytorch/nvfuser/tests/cpp/test_multidevice_pipeline.cpp:134
the fusion requests 4 GPUs to run, but there are only 1 ranks in the communicator
]]></skipped>
    </testcase>
    <testcase name="Communication/60" value_param="(NCCL, DeviceMesh{0 1 2 3}, DeviceMesh{0 2 3}, false, false, false, 0, false)" file="/opt/pytorch/nvfuser/tests/cpp/test_multidevice_pipeline.cpp" line="259" status="run" result="skipped" time="0.001" timestamp="2025-04-30T07:37:43.212" classname="Bcast/PipelineTestTwoStages">
      <skipped message="/opt/pytorch/nvfuser/tests/cpp/test_multidevice_pipeline.cpp:134&#x0A;the fusion requests 4 GPUs to run, but there are only 1 ranks in the communicator&#x0A;"><![CDATA[/opt/pytorch/nvfuser/tests/cpp/test_multidevice_pipeline.cpp:134
the fusion requests 4 GPUs to run, but there are only 1 ranks in the communicator
]]></skipped>
    </testcase>
    <testcase name="Communication/63" value_param="(NCCL, DeviceMesh{0 1 2 3}, DeviceMesh{0 2 3}, false, false, false, 1, true)" file="/opt/pytorch/nvfuser/tests/cpp/test_multidevice_pipeline.cpp" line="259" status="run" result="skipped" time="0.001" timestamp="2025-04-30T07:37:43.214" classname="Bcast/PipelineTestTwoStages">
      <skipped message="/opt/pytorch/nvfuser/tests/cpp/test_multidevice_pipeline.cpp:134&#x0A;the fusion requests 4 GPUs to run, but there are only 1 ranks in the communicator&#x0A;"><![CDATA[/opt/pytorch/nvfuser/tests/cpp/test_multidevice_pipeline.cpp:134
the fusion requests 4 GPUs to run, but there are only 1 ranks in the communicator
]]></skipped>
    </testcase>
    <testcase name="Communication/66" value_param="(NCCL, DeviceMesh{0 1 2 3}, DeviceMesh{1 0 2}, false, false, false, 1, false)" file="/opt/pytorch/nvfuser/tests/cpp/test_multidevice_pipeline.cpp" line="259" status="run" result="skipped" time="0.001" timestamp="2025-04-30T07:37:43.215" classname="Bcast/PipelineTestTwoStages">
      <skipped message="/opt/pytorch/nvfuser/tests/cpp/test_multidevice_pipeline.cpp:134&#x0A;the fusion requests 4 GPUs to run, but there are only 1 ranks in the communicator&#x0A;"><![CDATA[/opt/pytorch/nvfuser/tests/cpp/test_multidevice_pipeline.cpp:134
the fusion requests 4 GPUs to run, but there are only 1 ranks in the communicator
]]></skipped>
    </testcase>
    <testcase name="Communication/69" value_param="(NCCL, DeviceMesh{0 1 2 3}, DeviceMesh{1 0}, false, false, false, 0, true)" file="/opt/pytorch/nvfuser/tests/cpp/test_multidevice_pipeline.cpp" line="259" status="run" result="skipped" time="0.001" timestamp="2025-04-30T07:37:43.216" classname="Bcast/PipelineTestTwoStages">
      <skipped message="/opt/pytorch/nvfuser/tests/cpp/test_multidevice_pipeline.cpp:134&#x0A;the fusion requests 4 GPUs to run, but there are only 1 ranks in the communicator&#x0A;"><![CDATA[/opt/pytorch/nvfuser/tests/cpp/test_multidevice_pipeline.cpp:134
the fusion requests 4 GPUs to run, but there are only 1 ranks in the communicator
]]></skipped>
    </testcase>
    <testcase name="Communication/72" value_param="(NCCL, DeviceMesh{0 2 3}, DeviceMesh{0}, false, false, false, 0, false)" file="/opt/pytorch/nvfuser/tests/cpp/test_multidevice_pipeline.cpp" line="259" status="run" result="skipped" time="0.001" timestamp="2025-04-30T07:37:43.218" classname="Bcast/PipelineTestTwoStages">
      <skipped message="/opt/pytorch/nvfuser/tests/cpp/test_multidevice_pipeline.cpp:134&#x0A;the fusion requests 4 GPUs to run, but there are only 1 ranks in the communicator&#x0A;"><![CDATA[/opt/pytorch/nvfuser/tests/cpp/test_multidevice_pipeline.cpp:134
the fusion requests 4 GPUs to run, but there are only 1 ranks in the communicator
]]></skipped>
    </testcase>
    <testcase name="Communication/75" value_param="(NCCL, DeviceMesh{0 2 3}, DeviceMesh{0}, false, false, false, 1, true)" file="/opt/pytorch/nvfuser/tests/cpp/test_multidevice_pipeline.cpp" line="259" status="run" result="skipped" time="0.001" timestamp="2025-04-30T07:37:43.219" classname="Bcast/PipelineTestTwoStages">
      <skipped message="/opt/pytorch/nvfuser/tests/cpp/test_multidevice_pipeline.cpp:134&#x0A;the fusion requests 4 GPUs to run, but there are only 1 ranks in the communicator&#x0A;"><![CDATA[/opt/pytorch/nvfuser/tests/cpp/test_multidevice_pipeline.cpp:134
the fusion requests 4 GPUs to run, but there are only 1 ranks in the communicator
]]></skipped>
    </testcase>
    <testcase name="Communication/78" value_param="(NCCL, DeviceMesh{0 2 3}, DeviceMesh{1}, false, false, false, 1, false)" file="/opt/pytorch/nvfuser/tests/cpp/test_multidevice_pipeline.cpp" line="259" status="run" result="skipped" time="0.001" timestamp="2025-04-30T07:37:43.220" classname="Bcast/PipelineTestTwoStages">
      <skipped message="/opt/pytorch/nvfuser/tests/cpp/test_multidevice_pipeline.cpp:134&#x0A;the fusion requests 4 GPUs to run, but there are only 1 ranks in the communicator&#x0A;"><![CDATA[/opt/pytorch/nvfuser/tests/cpp/test_multidevice_pipeline.cpp:134
the fusion requests 4 GPUs to run, but there are only 1 ranks in the communicator
]]></skipped>
    </testcase>
    <testcase name="Communication/81" value_param="(NCCL, DeviceMesh{0 2 3}, DeviceMesh{0 1 2 3}, false, false, false, 0, true)" file="/opt/pytorch/nvfuser/tests/cpp/test_multidevice_pipeline.cpp" line="259" status="run" result="skipped" time="0.001" timestamp="2025-04-30T07:37:43.222" classname="Bcast/PipelineTestTwoStages">
      <skipped message="/opt/pytorch/nvfuser/tests/cpp/test_multidevice_pipeline.cpp:134&#x0A;the fusion requests 4 GPUs to run, but there are only 1 ranks in the communicator&#x0A;"><![CDATA[/opt/pytorch/nvfuser/tests/cpp/test_multidevice_pipeline.cpp:134
the fusion requests 4 GPUs to run, but there are only 1 ranks in the communicator
]]></skipped>
    </testcase>
    <testcase name="Communication/84" value_param="(NCCL, DeviceMesh{0 2 3}, DeviceMesh{0 2 3}, false, false, false, 0, false)" file="/opt/pytorch/nvfuser/tests/cpp/test_multidevice_pipeline.cpp" line="259" status="run" result="skipped" time="0." timestamp="2025-04-30T07:37:43.223" classname="Bcast/PipelineTestTwoStages">
      <skipped message="/opt/pytorch/nvfuser/tests/cpp/test_multidevice_pipeline.cpp:134&#x0A;the fusion requests 4 GPUs to run, but there are only 1 ranks in the communicator&#x0A;"><![CDATA[/opt/pytorch/nvfuser/tests/cpp/test_multidevice_pipeline.cpp:134
the fusion requests 4 GPUs to run, but there are only 1 ranks in the communicator
]]></skipped>
    </testcase>
    <testcase name="Communication/87" value_param="(NCCL, DeviceMesh{0 2 3}, DeviceMesh{0 2 3}, false, false, false, 1, true)" file="/opt/pytorch/nvfuser/tests/cpp/test_multidevice_pipeline.cpp" line="259" status="run" result="skipped" time="0." timestamp="2025-04-30T07:37:43.224" classname="Bcast/PipelineTestTwoStages">
      <skipped message="/opt/pytorch/nvfuser/tests/cpp/test_multidevice_pipeline.cpp:134&#x0A;the fusion requests 4 GPUs to run, but there are only 1 ranks in the communicator&#x0A;"><![CDATA[/opt/pytorch/nvfuser/tests/cpp/test_multidevice_pipeline.cpp:134
the fusion requests 4 GPUs to run, but there are only 1 ranks in the communicator
]]></skipped>
    </testcase>
    <testcase name="Communication/90" value_param="(NCCL, DeviceMesh{0 2 3}, DeviceMesh{1 0 2}, false, false, false, 1, false)" file="/opt/pytorch/nvfuser/tests/cpp/test_multidevice_pipeline.cpp" line="259" status="run" result="skipped" time="0.001" timestamp="2025-04-30T07:37:43.224" classname="Bcast/PipelineTestTwoStages">
      <skipped message="/opt/pytorch/nvfuser/tests/cpp/test_multidevice_pipeline.cpp:134&#x0A;the fusion requests 4 GPUs to run, but there are only 1 ranks in the communicator&#x0A;"><![CDATA[/opt/pytorch/nvfuser/tests/cpp/test_multidevice_pipeline.cpp:134
the fusion requests 4 GPUs to run, but there are only 1 ranks in the communicator
]]></skipped>
    </testcase>
    <testcase name="Communication/93" value_param="(NCCL, DeviceMesh{0 2 3}, DeviceMesh{1 0}, false, false, false, 0, true)" file="/opt/pytorch/nvfuser/tests/cpp/test_multidevice_pipeline.cpp" line="259" status="run" result="skipped" time="0.001" timestamp="2025-04-30T07:37:43.226" classname="Bcast/PipelineTestTwoStages">
      <skipped message="/opt/pytorch/nvfuser/tests/cpp/test_multidevice_pipeline.cpp:134&#x0A;the fusion requests 4 GPUs to run, but there are only 1 ranks in the communicator&#x0A;"><![CDATA[/opt/pytorch/nvfuser/tests/cpp/test_multidevice_pipeline.cpp:134
the fusion requests 4 GPUs to run, but there are only 1 ranks in the communicator
]]></skipped>
    </testcase>
    <testcase name="Communication/96" value_param="(NCCL, DeviceMesh{1 0 2}, DeviceMesh{0}, false, false, false, 0, false)" file="/opt/pytorch/nvfuser/tests/cpp/test_multidevice_pipeline.cpp" line="259" status="run" result="skipped" time="0.001" timestamp="2025-04-30T07:37:43.227" classname="Bcast/PipelineTestTwoStages">
      <skipped message="/opt/pytorch/nvfuser/tests/cpp/test_multidevice_pipeline.cpp:134&#x0A;the fusion requests 3 GPUs to run, but there are only 1 ranks in the communicator&#x0A;"><![CDATA[/opt/pytorch/nvfuser/tests/cpp/test_multidevice_pipeline.cpp:134
the fusion requests 3 GPUs to run, but there are only 1 ranks in the communicator
]]></skipped>
    </testcase>
    <testcase name="Communication/99" value_param="(NCCL, DeviceMesh{1 0 2}, DeviceMesh{0}, false, false, false, 1, true)" file="/opt/pytorch/nvfuser/tests/cpp/test_multidevice_pipeline.cpp" line="259" status="run" result="skipped" time="0.001" timestamp="2025-04-30T07:37:43.228" classname="Bcast/PipelineTestTwoStages">
      <skipped message="/opt/pytorch/nvfuser/tests/cpp/test_multidevice_pipeline.cpp:134&#x0A;the fusion requests 3 GPUs to run, but there are only 1 ranks in the communicator&#x0A;"><![CDATA[/opt/pytorch/nvfuser/tests/cpp/test_multidevice_pipeline.cpp:134
the fusion requests 3 GPUs to run, but there are only 1 ranks in the communicator
]]></skipped>
    </testcase>
    <testcase name="Communication/102" value_param="(NCCL, DeviceMesh{1 0 2}, DeviceMesh{1}, false, false, false, 1, false)" file="/opt/pytorch/nvfuser/tests/cpp/test_multidevice_pipeline.cpp" line="259" status="run" result="skipped" time="0.001" timestamp="2025-04-30T07:37:43.230" classname="Bcast/PipelineTestTwoStages">
      <skipped message="/opt/pytorch/nvfuser/tests/cpp/test_multidevice_pipeline.cpp:134&#x0A;the fusion requests 3 GPUs to run, but there are only 1 ranks in the communicator&#x0A;"><![CDATA[/opt/pytorch/nvfuser/tests/cpp/test_multidevice_pipeline.cpp:134
the fusion requests 3 GPUs to run, but there are only 1 ranks in the communicator
]]></skipped>
    </testcase>
    <testcase name="Communication/105" value_param="(NCCL, DeviceMesh{1 0 2}, DeviceMesh{0 1 2 3}, false, false, false, 0, true)" file="/opt/pytorch/nvfuser/tests/cpp/test_multidevice_pipeline.cpp" line="259" status="run" result="skipped" time="0.001" timestamp="2025-04-30T07:37:43.231" classname="Bcast/PipelineTestTwoStages">
      <skipped message="/opt/pytorch/nvfuser/tests/cpp/test_multidevice_pipeline.cpp:134&#x0A;the fusion requests 4 GPUs to run, but there are only 1 ranks in the communicator&#x0A;"><![CDATA[/opt/pytorch/nvfuser/tests/cpp/test_multidevice_pipeline.cpp:134
the fusion requests 4 GPUs to run, but there are only 1 ranks in the communicator
]]></skipped>
    </testcase>
    <testcase name="Communication/108" value_param="(NCCL, DeviceMesh{1 0 2}, DeviceMesh{0 2 3}, false, false, false, 0, false)" file="/opt/pytorch/nvfuser/tests/cpp/test_multidevice_pipeline.cpp" line="259" status="run" result="skipped" time="0.001" timestamp="2025-04-30T07:37:43.232" classname="Bcast/PipelineTestTwoStages">
      <skipped message="/opt/pytorch/nvfuser/tests/cpp/test_multidevice_pipeline.cpp:134&#x0A;the fusion requests 4 GPUs to run, but there are only 1 ranks in the communicator&#x0A;"><![CDATA[/opt/pytorch/nvfuser/tests/cpp/test_multidevice_pipeline.cpp:134
the fusion requests 4 GPUs to run, but there are only 1 ranks in the communicator
]]></skipped>
    </testcase>
    <testcase name="Communication/111" value_param="(NCCL, DeviceMesh{1 0 2}, DeviceMesh{0 2 3}, false, false, false, 1, true)" file="/opt/pytorch/nvfuser/tests/cpp/test_multidevice_pipeline.cpp" line="259" status="run" result="skipped" time="0.001" timestamp="2025-04-30T07:37:43.233" classname="Bcast/PipelineTestTwoStages">
      <skipped message="/opt/pytorch/nvfuser/tests/cpp/test_multidevice_pipeline.cpp:134&#x0A;the fusion requests 4 GPUs to run, but there are only 1 ranks in the communicator&#x0A;"><![CDATA[/opt/pytorch/nvfuser/tests/cpp/test_multidevice_pipeline.cpp:134
the fusion requests 4 GPUs to run, but there are only 1 ranks in the communicator
]]></skipped>
    </testcase>
    <testcase name="Communication/114" value_param="(NCCL, DeviceMesh{1 0 2}, DeviceMesh{1 0 2}, false, false, false, 1, false)" file="/opt/pytorch/nvfuser/tests/cpp/test_multidevice_pipeline.cpp" line="259" status="run" result="skipped" time="0." timestamp="2025-04-30T07:37:43.235" classname="Bcast/PipelineTestTwoStages">
      <skipped message="/opt/pytorch/nvfuser/tests/cpp/test_multidevice_pipeline.cpp:134&#x0A;the fusion requests 3 GPUs to run, but there are only 1 ranks in the communicator&#x0A;"><![CDATA[/opt/pytorch/nvfuser/tests/cpp/test_multidevice_pipeline.cpp:134
the fusion requests 3 GPUs to run, but there are only 1 ranks in the communicator
]]></skipped>
    </testcase>
    <testcase name="Communication/117" value_param="(NCCL, DeviceMesh{1 0 2}, DeviceMesh{1 0}, false, false, false, 0, true)" file="/opt/pytorch/nvfuser/tests/cpp/test_multidevice_pipeline.cpp" line="259" status="run" result="skipped" time="0.001" timestamp="2025-04-30T07:37:43.235" classname="Bcast/PipelineTestTwoStages">
      <skipped message="/opt/pytorch/nvfuser/tests/cpp/test_multidevice_pipeline.cpp:134&#x0A;the fusion requests 3 GPUs to run, but there are only 1 ranks in the communicator&#x0A;"><![CDATA[/opt/pytorch/nvfuser/tests/cpp/test_multidevice_pipeline.cpp:134
the fusion requests 3 GPUs to run, but there are only 1 ranks in the communicator
]]></skipped>
    </testcase>
    <testcase name="Communication/120" value_param="(NCCL, DeviceMesh{1 0}, DeviceMesh{0}, false, false, false, 0, false)" file="/opt/pytorch/nvfuser/tests/cpp/test_multidevice_pipeline.cpp" line="259" status="run" result="skipped" time="0.001" timestamp="2025-04-30T07:37:43.237" classname="Bcast/PipelineTestTwoStages">
      <skipped message="/opt/pytorch/nvfuser/tests/cpp/test_multidevice_pipeline.cpp:134&#x0A;the fusion requests 2 GPUs to run, but there are only 1 ranks in the communicator&#x0A;"><![CDATA[/opt/pytorch/nvfuser/tests/cpp/test_multidevice_pipeline.cpp:134
the fusion requests 2 GPUs to run, but there are only 1 ranks in the communicator
]]></skipped>
    </testcase>
    <testcase name="Communication/123" value_param="(NCCL, DeviceMesh{1 0}, DeviceMesh{0}, false, false, false, 1, true)" file="/opt/pytorch/nvfuser/tests/cpp/test_multidevice_pipeline.cpp" line="259" status="run" result="skipped" time="0.001" timestamp="2025-04-30T07:37:43.238" classname="Bcast/PipelineTestTwoStages">
      <skipped message="/opt/pytorch/nvfuser/tests/cpp/test_multidevice_pipeline.cpp:134&#x0A;the fusion requests 2 GPUs to run, but there are only 1 ranks in the communicator&#x0A;"><![CDATA[/opt/pytorch/nvfuser/tests/cpp/test_multidevice_pipeline.cpp:134
the fusion requests 2 GPUs to run, but there are only 1 ranks in the communicator
]]></skipped>
    </testcase>
    <testcase name="Communication/126" value_param="(NCCL, DeviceMesh{1 0}, DeviceMesh{1}, false, false, false, 1, false)" file="/opt/pytorch/nvfuser/tests/cpp/test_multidevice_pipeline.cpp" line="259" status="run" result="skipped" time="0.001" timestamp="2025-04-30T07:37:43.239" classname="Bcast/PipelineTestTwoStages">
      <skipped message="/opt/pytorch/nvfuser/tests/cpp/test_multidevice_pipeline.cpp:134&#x0A;the fusion requests 2 GPUs to run, but there are only 1 ranks in the communicator&#x0A;"><![CDATA[/opt/pytorch/nvfuser/tests/cpp/test_multidevice_pipeline.cpp:134
the fusion requests 2 GPUs to run, but there are only 1 ranks in the communicator
]]></skipped>
    </testcase>
    <testcase name="Communication/129" value_param="(NCCL, DeviceMesh{1 0}, DeviceMesh{0 1 2 3}, false, false, false, 0, true)" file="/opt/pytorch/nvfuser/tests/cpp/test_multidevice_pipeline.cpp" line="259" status="run" result="skipped" time="0.001" timestamp="2025-04-30T07:37:43.241" classname="Bcast/PipelineTestTwoStages">
      <skipped message="/opt/pytorch/nvfuser/tests/cpp/test_multidevice_pipeline.cpp:134&#x0A;the fusion requests 4 GPUs to run, but there are only 1 ranks in the communicator&#x0A;"><![CDATA[/opt/pytorch/nvfuser/tests/cpp/test_multidevice_pipeline.cpp:134
the fusion requests 4 GPUs to run, but there are only 1 ranks in the communicator
]]></skipped>
    </testcase>
    <testcase name="Communication/132" value_param="(NCCL, DeviceMesh{1 0}, DeviceMesh{0 2 3}, false, false, false, 0, false)" file="/opt/pytorch/nvfuser/tests/cpp/test_multidevice_pipeline.cpp" line="259" status="run" result="skipped" time="0.001" timestamp="2025-04-30T07:37:43.242" classname="Bcast/PipelineTestTwoStages">
      <skipped message="/opt/pytorch/nvfuser/tests/cpp/test_multidevice_pipeline.cpp:134&#x0A;the fusion requests 4 GPUs to run, but there are only 1 ranks in the communicator&#x0A;"><![CDATA[/opt/pytorch/nvfuser/tests/cpp/test_multidevice_pipeline.cpp:134
the fusion requests 4 GPUs to run, but there are only 1 ranks in the communicator
]]></skipped>
    </testcase>
    <testcase name="Communication/135" value_param="(NCCL, DeviceMesh{1 0}, DeviceMesh{0 2 3}, false, false, false, 1, true)" file="/opt/pytorch/nvfuser/tests/cpp/test_multidevice_pipeline.cpp" line="259" status="run" result="skipped" time="0.001" timestamp="2025-04-30T07:37:43.243" classname="Bcast/PipelineTestTwoStages">
      <skipped message="/opt/pytorch/nvfuser/tests/cpp/test_multidevice_pipeline.cpp:134&#x0A;the fusion requests 4 GPUs to run, but there are only 1 ranks in the communicator&#x0A;"><![CDATA[/opt/pytorch/nvfuser/tests/cpp/test_multidevice_pipeline.cpp:134
the fusion requests 4 GPUs to run, but there are only 1 ranks in the communicator
]]></skipped>
    </testcase>
    <testcase name="Communication/138" value_param="(NCCL, DeviceMesh{1 0}, DeviceMesh{1 0 2}, false, false, false, 1, false)" file="/opt/pytorch/nvfuser/tests/cpp/test_multidevice_pipeline.cpp" line="259" status="run" result="skipped" time="0.001" timestamp="2025-04-30T07:37:43.245" classname="Bcast/PipelineTestTwoStages">
      <skipped message="/opt/pytorch/nvfuser/tests/cpp/test_multidevice_pipeline.cpp:134&#x0A;the fusion requests 3 GPUs to run, but there are only 1 ranks in the communicator&#x0A;"><![CDATA[/opt/pytorch/nvfuser/tests/cpp/test_multidevice_pipeline.cpp:134
the fusion requests 3 GPUs to run, but there are only 1 ranks in the communicator
]]></skipped>
    </testcase>
    <testcase name="Communication/141" value_param="(NCCL, DeviceMesh{1 0}, DeviceMesh{1 0}, false, false, false, 0, true)" file="/opt/pytorch/nvfuser/tests/cpp/test_multidevice_pipeline.cpp" line="259" status="run" result="skipped" time="0." timestamp="2025-04-30T07:37:43.246" classname="Bcast/PipelineTestTwoStages">
      <skipped message="/opt/pytorch/nvfuser/tests/cpp/test_multidevice_pipeline.cpp:134&#x0A;the fusion requests 2 GPUs to run, but there are only 1 ranks in the communicator&#x0A;"><![CDATA[/opt/pytorch/nvfuser/tests/cpp/test_multidevice_pipeline.cpp:134
the fusion requests 2 GPUs to run, but there are only 1 ranks in the communicator
]]></skipped>
    </testcase>
    <testcase name="Communication/144" value_param="(UCC, DeviceMesh{0}, DeviceMesh{0}, false, false, false, 0, false)" file="/opt/pytorch/nvfuser/tests/cpp/test_multidevice_pipeline.cpp" line="259" status="run" result="completed" time="0.062" timestamp="2025-04-30T07:37:43.247" classname="Bcast/PipelineTestTwoStages" />
    <testcase name="Communication/147" value_param="(UCC, DeviceMesh{0}, DeviceMesh{0}, false, false, false, 1, true)" file="/opt/pytorch/nvfuser/tests/cpp/test_multidevice_pipeline.cpp" line="259" status="run" result="completed" time="0.061" timestamp="2025-04-30T07:37:43.309" classname="Bcast/PipelineTestTwoStages" />
    <testcase name="Communication/150" value_param="(UCC, DeviceMesh{0}, DeviceMesh{1}, false, false, false, 1, false)" file="/opt/pytorch/nvfuser/tests/cpp/test_multidevice_pipeline.cpp" line="259" status="run" result="skipped" time="0.001" timestamp="2025-04-30T07:37:43.370" classname="Bcast/PipelineTestTwoStages">
      <skipped message="/opt/pytorch/nvfuser/tests/cpp/test_multidevice_pipeline.cpp:134&#x0A;the fusion requests 2 GPUs to run, but there are only 1 ranks in the communicator&#x0A;"><![CDATA[/opt/pytorch/nvfuser/tests/cpp/test_multidevice_pipeline.cpp:134
the fusion requests 2 GPUs to run, but there are only 1 ranks in the communicator
]]></skipped>
    </testcase>
    <testcase name="Communication/153" value_param="(UCC, DeviceMesh{0}, DeviceMesh{0 1 2 3}, false, false, false, 0, true)" file="/opt/pytorch/nvfuser/tests/cpp/test_multidevice_pipeline.cpp" line="259" status="run" result="skipped" time="0.001" timestamp="2025-04-30T07:37:43.372" classname="Bcast/PipelineTestTwoStages">
      <skipped message="/opt/pytorch/nvfuser/tests/cpp/test_multidevice_pipeline.cpp:134&#x0A;the fusion requests 4 GPUs to run, but there are only 1 ranks in the communicator&#x0A;"><![CDATA[/opt/pytorch/nvfuser/tests/cpp/test_multidevice_pipeline.cpp:134
the fusion requests 4 GPUs to run, but there are only 1 ranks in the communicator
]]></skipped>
    </testcase>
    <testcase name="Communication/156" value_param="(UCC, DeviceMesh{0}, DeviceMesh{0 2 3}, false, false, false, 0, false)" file="/opt/pytorch/nvfuser/tests/cpp/test_multidevice_pipeline.cpp" line="259" status="run" result="skipped" time="0.001" timestamp="2025-04-30T07:37:43.373" classname="Bcast/PipelineTestTwoStages">
      <skipped message="/opt/pytorch/nvfuser/tests/cpp/test_multidevice_pipeline.cpp:134&#x0A;the fusion requests 4 GPUs to run, but there are only 1 ranks in the communicator&#x0A;"><![CDATA[/opt/pytorch/nvfuser/tests/cpp/test_multidevice_pipeline.cpp:134
the fusion requests 4 GPUs to run, but there are only 1 ranks in the communicator
]]></skipped>
    </testcase>
    <testcase name="Communication/159" value_param="(UCC, DeviceMesh{0}, DeviceMesh{0 2 3}, false, false, false, 1, true)" file="/opt/pytorch/nvfuser/tests/cpp/test_multidevice_pipeline.cpp" line="259" status="run" result="skipped" time="0.001" timestamp="2025-04-30T07:37:43.374" classname="Bcast/PipelineTestTwoStages">
      <skipped message="/opt/pytorch/nvfuser/tests/cpp/test_multidevice_pipeline.cpp:134&#x0A;the fusion requests 4 GPUs to run, but there are only 1 ranks in the communicator&#x0A;"><![CDATA[/opt/pytorch/nvfuser/tests/cpp/test_multidevice_pipeline.cpp:134
the fusion requests 4 GPUs to run, but there are only 1 ranks in the communicator
]]></skipped>
    </testcase>
    <testcase name="Communication/162" value_param="(UCC, DeviceMesh{0}, DeviceMesh{1 0 2}, false, false, false, 1, false)" file="/opt/pytorch/nvfuser/tests/cpp/test_multidevice_pipeline.cpp" line="259" status="run" result="skipped" time="0.001" timestamp="2025-04-30T07:37:43.376" classname="Bcast/PipelineTestTwoStages">
      <skipped message="/opt/pytorch/nvfuser/tests/cpp/test_multidevice_pipeline.cpp:134&#x0A;the fusion requests 3 GPUs to run, but there are only 1 ranks in the communicator&#x0A;"><![CDATA[/opt/pytorch/nvfuser/tests/cpp/test_multidevice_pipeline.cpp:134
the fusion requests 3 GPUs to run, but there are only 1 ranks in the communicator
]]></skipped>
    </testcase>
    <testcase name="Communication/165" value_param="(UCC, DeviceMesh{0}, DeviceMesh{1 0}, false, false, false, 0, true)" file="/opt/pytorch/nvfuser/tests/cpp/test_multidevice_pipeline.cpp" line="259" status="run" result="skipped" time="0.001" timestamp="2025-04-30T07:37:43.377" classname="Bcast/PipelineTestTwoStages">
      <skipped message="/opt/pytorch/nvfuser/tests/cpp/test_multidevice_pipeline.cpp:134&#x0A;the fusion requests 2 GPUs to run, but there are only 1 ranks in the communicator&#x0A;"><![CDATA[/opt/pytorch/nvfuser/tests/cpp/test_multidevice_pipeline.cpp:134
the fusion requests 2 GPUs to run, but there are only 1 ranks in the communicator
]]></skipped>
    </testcase>
    <testcase name="Communication/168" value_param="(UCC, DeviceMesh{1}, DeviceMesh{0}, false, false, false, 0, false)" file="/opt/pytorch/nvfuser/tests/cpp/test_multidevice_pipeline.cpp" line="259" status="run" result="skipped" time="0.001" timestamp="2025-04-30T07:37:43.378" classname="Bcast/PipelineTestTwoStages">
      <skipped message="/opt/pytorch/nvfuser/tests/cpp/test_multidevice_pipeline.cpp:134&#x0A;the fusion requests 2 GPUs to run, but there are only 1 ranks in the communicator&#x0A;"><![CDATA[/opt/pytorch/nvfuser/tests/cpp/test_multidevice_pipeline.cpp:134
the fusion requests 2 GPUs to run, but there are only 1 ranks in the communicator
]]></skipped>
    </testcase>
    <testcase name="Communication/171" value_param="(UCC, DeviceMesh{1}, DeviceMesh{0}, false, false, false, 1, true)" file="/opt/pytorch/nvfuser/tests/cpp/test_multidevice_pipeline.cpp" line="259" status="run" result="skipped" time="0.001" timestamp="2025-04-30T07:37:43.380" classname="Bcast/PipelineTestTwoStages">
      <skipped message="/opt/pytorch/nvfuser/tests/cpp/test_multidevice_pipeline.cpp:134&#x0A;the fusion requests 2 GPUs to run, but there are only 1 ranks in the communicator&#x0A;"><![CDATA[/opt/pytorch/nvfuser/tests/cpp/test_multidevice_pipeline.cpp:134
the fusion requests 2 GPUs to run, but there are only 1 ranks in the communicator
]]></skipped>
    </testcase>
    <testcase name="Communication/174" value_param="(UCC, DeviceMesh{1}, DeviceMesh{1}, false, false, false, 1, false)" file="/opt/pytorch/nvfuser/tests/cpp/test_multidevice_pipeline.cpp" line="259" status="run" result="skipped" time="0." timestamp="2025-04-30T07:37:43.381" classname="Bcast/PipelineTestTwoStages">
      <skipped message="/opt/pytorch/nvfuser/tests/cpp/test_multidevice_pipeline.cpp:134&#x0A;the fusion requests 2 GPUs to run, but there are only 1 ranks in the communicator&#x0A;"><![CDATA[/opt/pytorch/nvfuser/tests/cpp/test_multidevice_pipeline.cpp:134
the fusion requests 2 GPUs to run, but there are only 1 ranks in the communicator
]]></skipped>
    </testcase>
    <testcase name="Communication/177" value_param="(UCC, DeviceMesh{1}, DeviceMesh{0 1 2 3}, false, false, false, 0, true)" file="/opt/pytorch/nvfuser/tests/cpp/test_multidevice_pipeline.cpp" line="259" status="run" result="skipped" time="0.001" timestamp="2025-04-30T07:37:43.382" classname="Bcast/PipelineTestTwoStages">
      <skipped message="/opt/pytorch/nvfuser/tests/cpp/test_multidevice_pipeline.cpp:134&#x0A;the fusion requests 4 GPUs to run, but there are only 1 ranks in the communicator&#x0A;"><![CDATA[/opt/pytorch/nvfuser/tests/cpp/test_multidevice_pipeline.cpp:134
the fusion requests 4 GPUs to run, but there are only 1 ranks in the communicator
]]></skipped>
    </testcase>
    <testcase name="Communication/180" value_param="(UCC, DeviceMesh{1}, DeviceMesh{0 2 3}, false, false, false, 0, false)" file="/opt/pytorch/nvfuser/tests/cpp/test_multidevice_pipeline.cpp" line="259" status="run" result="skipped" time="0.001" timestamp="2025-04-30T07:37:43.383" classname="Bcast/PipelineTestTwoStages">
      <skipped message="/opt/pytorch/nvfuser/tests/cpp/test_multidevice_pipeline.cpp:134&#x0A;the fusion requests 4 GPUs to run, but there are only 1 ranks in the communicator&#x0A;"><![CDATA[/opt/pytorch/nvfuser/tests/cpp/test_multidevice_pipeline.cpp:134
the fusion requests 4 GPUs to run, but there are only 1 ranks in the communicator
]]></skipped>
    </testcase>
    <testcase name="Communication/183" value_param="(UCC, DeviceMesh{1}, DeviceMesh{0 2 3}, false, false, false, 1, true)" file="/opt/pytorch/nvfuser/tests/cpp/test_multidevice_pipeline.cpp" line="259" status="run" result="skipped" time="0.001" timestamp="2025-04-30T07:37:43.384" classname="Bcast/PipelineTestTwoStages">
      <skipped message="/opt/pytorch/nvfuser/tests/cpp/test_multidevice_pipeline.cpp:134&#x0A;the fusion requests 4 GPUs to run, but there are only 1 ranks in the communicator&#x0A;"><![CDATA[/opt/pytorch/nvfuser/tests/cpp/test_multidevice_pipeline.cpp:134
the fusion requests 4 GPUs to run, but there are only 1 ranks in the communicator
]]></skipped>
    </testcase>
    <testcase name="Communication/186" value_param="(UCC, DeviceMesh{1}, DeviceMesh{1 0 2}, false, false, false, 1, false)" file="/opt/pytorch/nvfuser/tests/cpp/test_multidevice_pipeline.cpp" line="259" status="run" result="skipped" time="0.001" timestamp="2025-04-30T07:37:43.386" classname="Bcast/PipelineTestTwoStages">
      <skipped message="/opt/pytorch/nvfuser/tests/cpp/test_multidevice_pipeline.cpp:134&#x0A;the fusion requests 3 GPUs to run, but there are only 1 ranks in the communicator&#x0A;"><![CDATA[/opt/pytorch/nvfuser/tests/cpp/test_multidevice_pipeline.cpp:134
the fusion requests 3 GPUs to run, but there are only 1 ranks in the communicator
]]></skipped>
    </testcase>
    <testcase name="Communication/189" value_param="(UCC, DeviceMesh{1}, DeviceMesh{1 0}, false, false, false, 0, true)" file="/opt/pytorch/nvfuser/tests/cpp/test_multidevice_pipeline.cpp" line="259" status="run" result="skipped" time="0.001" timestamp="2025-04-30T07:37:43.387" classname="Bcast/PipelineTestTwoStages">
      <skipped message="/opt/pytorch/nvfuser/tests/cpp/test_multidevice_pipeline.cpp:134&#x0A;the fusion requests 2 GPUs to run, but there are only 1 ranks in the communicator&#x0A;"><![CDATA[/opt/pytorch/nvfuser/tests/cpp/test_multidevice_pipeline.cpp:134
the fusion requests 2 GPUs to run, but there are only 1 ranks in the communicator
]]></skipped>
    </testcase>
    <testcase name="Communication/192" value_param="(UCC, DeviceMesh{0 1 2 3}, DeviceMesh{0}, false, false, false, 0, false)" file="/opt/pytorch/nvfuser/tests/cpp/test_multidevice_pipeline.cpp" line="259" status="run" result="skipped" time="0.001" timestamp="2025-04-30T07:37:43.388" classname="Bcast/PipelineTestTwoStages">
      <skipped message="/opt/pytorch/nvfuser/tests/cpp/test_multidevice_pipeline.cpp:134&#x0A;the fusion requests 4 GPUs to run, but there are only 1 ranks in the communicator&#x0A;"><![CDATA[/opt/pytorch/nvfuser/tests/cpp/test_multidevice_pipeline.cpp:134
the fusion requests 4 GPUs to run, but there are only 1 ranks in the communicator
]]></skipped>
    </testcase>
    <testcase name="Communication/195" value_param="(UCC, DeviceMesh{0 1 2 3}, DeviceMesh{0}, false, false, false, 1, true)" file="/opt/pytorch/nvfuser/tests/cpp/test_multidevice_pipeline.cpp" line="259" status="run" result="skipped" time="0.001" timestamp="2025-04-30T07:37:43.389" classname="Bcast/PipelineTestTwoStages">
      <skipped message="/opt/pytorch/nvfuser/tests/cpp/test_multidevice_pipeline.cpp:134&#x0A;the fusion requests 4 GPUs to run, but there are only 1 ranks in the communicator&#x0A;"><![CDATA[/opt/pytorch/nvfuser/tests/cpp/test_multidevice_pipeline.cpp:134
the fusion requests 4 GPUs to run, but there are only 1 ranks in the communicator
]]></skipped>
    </testcase>
    <testcase name="Communication/198" value_param="(UCC, DeviceMesh{0 1 2 3}, DeviceMesh{1}, false, false, false, 1, false)" file="/opt/pytorch/nvfuser/tests/cpp/test_multidevice_pipeline.cpp" line="259" status="run" result="skipped" time="0.001" timestamp="2025-04-30T07:37:43.391" classname="Bcast/PipelineTestTwoStages">
      <skipped message="/opt/pytorch/nvfuser/tests/cpp/test_multidevice_pipeline.cpp:134&#x0A;the fusion requests 4 GPUs to run, but there are only 1 ranks in the communicator&#x0A;"><![CDATA[/opt/pytorch/nvfuser/tests/cpp/test_multidevice_pipeline.cpp:134
the fusion requests 4 GPUs to run, but there are only 1 ranks in the communicator
]]></skipped>
    </testcase>
    <testcase name="Communication/201" value_param="(UCC, DeviceMesh{0 1 2 3}, DeviceMesh{0 1 2 3}, false, false, false, 0, true)" file="/opt/pytorch/nvfuser/tests/cpp/test_multidevice_pipeline.cpp" line="259" status="run" result="skipped" time="0." timestamp="2025-04-30T07:37:43.392" classname="Bcast/PipelineTestTwoStages">
      <skipped message="/opt/pytorch/nvfuser/tests/cpp/test_multidevice_pipeline.cpp:134&#x0A;the fusion requests 4 GPUs to run, but there are only 1 ranks in the communicator&#x0A;"><![CDATA[/opt/pytorch/nvfuser/tests/cpp/test_multidevice_pipeline.cpp:134
the fusion requests 4 GPUs to run, but there are only 1 ranks in the communicator
]]></skipped>
    </testcase>
    <testcase name="Communication/204" value_param="(UCC, DeviceMesh{0 1 2 3}, DeviceMesh{0 2 3}, false, false, false, 0, false)" file="/opt/pytorch/nvfuser/tests/cpp/test_multidevice_pipeline.cpp" line="259" status="run" result="skipped" time="0.001" timestamp="2025-04-30T07:37:43.393" classname="Bcast/PipelineTestTwoStages">
      <skipped message="/opt/pytorch/nvfuser/tests/cpp/test_multidevice_pipeline.cpp:134&#x0A;the fusion requests 4 GPUs to run, but there are only 1 ranks in the communicator&#x0A;"><![CDATA[/opt/pytorch/nvfuser/tests/cpp/test_multidevice_pipeline.cpp:134
the fusion requests 4 GPUs to run, but there are only 1 ranks in the communicator
]]></skipped>
    </testcase>
    <testcase name="Communication/207" value_param="(UCC, DeviceMesh{0 1 2 3}, DeviceMesh{0 2 3}, false, false, false, 1, true)" file="/opt/pytorch/nvfuser/tests/cpp/test_multidevice_pipeline.cpp" line="259" status="run" result="skipped" time="0.001" timestamp="2025-04-30T07:37:43.394" classname="Bcast/PipelineTestTwoStages">
      <skipped message="/opt/pytorch/nvfuser/tests/cpp/test_multidevice_pipeline.cpp:134&#x0A;the fusion requests 4 GPUs to run, but there are only 1 ranks in the communicator&#x0A;"><![CDATA[/opt/pytorch/nvfuser/tests/cpp/test_multidevice_pipeline.cpp:134
the fusion requests 4 GPUs to run, but there are only 1 ranks in the communicator
]]></skipped>
    </testcase>
    <testcase name="Communication/210" value_param="(UCC, DeviceMesh{0 1 2 3}, DeviceMesh{1 0 2}, false, false, false, 1, false)" file="/opt/pytorch/nvfuser/tests/cpp/test_multidevice_pipeline.cpp" line="259" status="run" result="skipped" time="0.001" timestamp="2025-04-30T07:37:43.395" classname="Bcast/PipelineTestTwoStages">
      <skipped message="/opt/pytorch/nvfuser/tests/cpp/test_multidevice_pipeline.cpp:134&#x0A;the fusion requests 4 GPUs to run, but there are only 1 ranks in the communicator&#x0A;"><![CDATA[/opt/pytorch/nvfuser/tests/cpp/test_multidevice_pipeline.cpp:134
the fusion requests 4 GPUs to run, but there are only 1 ranks in the communicator
]]></skipped>
    </testcase>
    <testcase name="Communication/213" value_param="(UCC, DeviceMesh{0 1 2 3}, DeviceMesh{1 0}, false, false, false, 0, true)" file="/opt/pytorch/nvfuser/tests/cpp/test_multidevice_pipeline.cpp" line="259" status="run" result="skipped" time="0.001" timestamp="2025-04-30T07:37:43.396" classname="Bcast/PipelineTestTwoStages">
      <skipped message="/opt/pytorch/nvfuser/tests/cpp/test_multidevice_pipeline.cpp:134&#x0A;the fusion requests 4 GPUs to run, but there are only 1 ranks in the communicator&#x0A;"><![CDATA[/opt/pytorch/nvfuser/tests/cpp/test_multidevice_pipeline.cpp:134
the fusion requests 4 GPUs to run, but there are only 1 ranks in the communicator
]]></skipped>
    </testcase>
    <testcase name="Communication/216" value_param="(UCC, DeviceMesh{0 2 3}, DeviceMesh{0}, false, false, false, 0, false)" file="/opt/pytorch/nvfuser/tests/cpp/test_multidevice_pipeline.cpp" line="259" status="run" result="skipped" time="0.001" timestamp="2025-04-30T07:37:43.398" classname="Bcast/PipelineTestTwoStages">
      <skipped message="/opt/pytorch/nvfuser/tests/cpp/test_multidevice_pipeline.cpp:134&#x0A;the fusion requests 4 GPUs to run, but there are only 1 ranks in the communicator&#x0A;"><![CDATA[/opt/pytorch/nvfuser/tests/cpp/test_multidevice_pipeline.cpp:134
the fusion requests 4 GPUs to run, but there are only 1 ranks in the communicator
]]></skipped>
    </testcase>
    <testcase name="Communication/219" value_param="(UCC, DeviceMesh{0 2 3}, DeviceMesh{0}, false, false, false, 1, true)" file="/opt/pytorch/nvfuser/tests/cpp/test_multidevice_pipeline.cpp" line="259" status="run" result="skipped" time="0.001" timestamp="2025-04-30T07:37:43.399" classname="Bcast/PipelineTestTwoStages">
      <skipped message="/opt/pytorch/nvfuser/tests/cpp/test_multidevice_pipeline.cpp:134&#x0A;the fusion requests 4 GPUs to run, but there are only 1 ranks in the communicator&#x0A;"><![CDATA[/opt/pytorch/nvfuser/tests/cpp/test_multidevice_pipeline.cpp:134
the fusion requests 4 GPUs to run, but there are only 1 ranks in the communicator
]]></skipped>
    </testcase>
    <testcase name="Communication/222" value_param="(UCC, DeviceMesh{0 2 3}, DeviceMesh{1}, false, false, false, 1, false)" file="/opt/pytorch/nvfuser/tests/cpp/test_multidevice_pipeline.cpp" line="259" status="run" result="skipped" time="0.001" timestamp="2025-04-30T07:37:43.400" classname="Bcast/PipelineTestTwoStages">
      <skipped message="/opt/pytorch/nvfuser/tests/cpp/test_multidevice_pipeline.cpp:134&#x0A;the fusion requests 4 GPUs to run, but there are only 1 ranks in the communicator&#x0A;"><![CDATA[/opt/pytorch/nvfuser/tests/cpp/test_multidevice_pipeline.cpp:134
the fusion requests 4 GPUs to run, but there are only 1 ranks in the communicator
]]></skipped>
    </testcase>
    <testcase name="Communication/225" value_param="(UCC, DeviceMesh{0 2 3}, DeviceMesh{0 1 2 3}, false, false, false, 0, true)" file="/opt/pytorch/nvfuser/tests/cpp/test_multidevice_pipeline.cpp" line="259" status="run" result="skipped" time="0.001" timestamp="2025-04-30T07:37:43.401" classname="Bcast/PipelineTestTwoStages">
      <skipped message="/opt/pytorch/nvfuser/tests/cpp/test_multidevice_pipeline.cpp:134&#x0A;the fusion requests 4 GPUs to run, but there are only 1 ranks in the communicator&#x0A;"><![CDATA[/opt/pytorch/nvfuser/tests/cpp/test_multidevice_pipeline.cpp:134
the fusion requests 4 GPUs to run, but there are only 1 ranks in the communicator
]]></skipped>
    </testcase>
    <testcase name="Communication/228" value_param="(UCC, DeviceMesh{0 2 3}, DeviceMesh{0 2 3}, false, false, false, 0, false)" file="/opt/pytorch/nvfuser/tests/cpp/test_multidevice_pipeline.cpp" line="259" status="run" result="skipped" time="0." timestamp="2025-04-30T07:37:43.403" classname="Bcast/PipelineTestTwoStages">
      <skipped message="/opt/pytorch/nvfuser/tests/cpp/test_multidevice_pipeline.cpp:134&#x0A;the fusion requests 4 GPUs to run, but there are only 1 ranks in the communicator&#x0A;"><![CDATA[/opt/pytorch/nvfuser/tests/cpp/test_multidevice_pipeline.cpp:134
the fusion requests 4 GPUs to run, but there are only 1 ranks in the communicator
]]></skipped>
    </testcase>
    <testcase name="Communication/231" value_param="(UCC, DeviceMesh{0 2 3}, DeviceMesh{0 2 3}, false, false, false, 1, true)" file="/opt/pytorch/nvfuser/tests/cpp/test_multidevice_pipeline.cpp" line="259" status="run" result="skipped" time="0." timestamp="2025-04-30T07:37:43.403" classname="Bcast/PipelineTestTwoStages">
      <skipped message="/opt/pytorch/nvfuser/tests/cpp/test_multidevice_pipeline.cpp:134&#x0A;the fusion requests 4 GPUs to run, but there are only 1 ranks in the communicator&#x0A;"><![CDATA[/opt/pytorch/nvfuser/tests/cpp/test_multidevice_pipeline.cpp:134
the fusion requests 4 GPUs to run, but there are only 1 ranks in the communicator
]]></skipped>
    </testcase>
    <testcase name="Communication/234" value_param="(UCC, DeviceMesh{0 2 3}, DeviceMesh{1 0 2}, false, false, false, 1, false)" file="/opt/pytorch/nvfuser/tests/cpp/test_multidevice_pipeline.cpp" line="259" status="run" result="skipped" time="0.001" timestamp="2025-04-30T07:37:43.404" classname="Bcast/PipelineTestTwoStages">
      <skipped message="/opt/pytorch/nvfuser/tests/cpp/test_multidevice_pipeline.cpp:134&#x0A;the fusion requests 4 GPUs to run, but there are only 1 ranks in the communicator&#x0A;"><![CDATA[/opt/pytorch/nvfuser/tests/cpp/test_multidevice_pipeline.cpp:134
the fusion requests 4 GPUs to run, but there are only 1 ranks in the communicator
]]></skipped>
    </testcase>
    <testcase name="Communication/237" value_param="(UCC, DeviceMesh{0 2 3}, DeviceMesh{1 0}, false, false, false, 0, true)" file="/opt/pytorch/nvfuser/tests/cpp/test_multidevice_pipeline.cpp" line="259" status="run" result="skipped" time="0.001" timestamp="2025-04-30T07:37:43.405" classname="Bcast/PipelineTestTwoStages">
      <skipped message="/opt/pytorch/nvfuser/tests/cpp/test_multidevice_pipeline.cpp:134&#x0A;the fusion requests 4 GPUs to run, but there are only 1 ranks in the communicator&#x0A;"><![CDATA[/opt/pytorch/nvfuser/tests/cpp/test_multidevice_pipeline.cpp:134
the fusion requests 4 GPUs to run, but there are only 1 ranks in the communicator
]]></skipped>
    </testcase>
    <testcase name="Communication/240" value_param="(UCC, DeviceMesh{1 0 2}, DeviceMesh{0}, false, false, false, 0, false)" file="/opt/pytorch/nvfuser/tests/cpp/test_multidevice_pipeline.cpp" line="259" status="run" result="skipped" time="0.001" timestamp="2025-04-30T07:37:43.407" classname="Bcast/PipelineTestTwoStages">
      <skipped message="/opt/pytorch/nvfuser/tests/cpp/test_multidevice_pipeline.cpp:134&#x0A;the fusion requests 3 GPUs to run, but there are only 1 ranks in the communicator&#x0A;"><![CDATA[/opt/pytorch/nvfuser/tests/cpp/test_multidevice_pipeline.cpp:134
the fusion requests 3 GPUs to run, but there are only 1 ranks in the communicator
]]></skipped>
    </testcase>
    <testcase name="Communication/243" value_param="(UCC, DeviceMesh{1 0 2}, DeviceMesh{0}, false, false, false, 1, true)" file="/opt/pytorch/nvfuser/tests/cpp/test_multidevice_pipeline.cpp" line="259" status="run" result="skipped" time="0.001" timestamp="2025-04-30T07:37:43.408" classname="Bcast/PipelineTestTwoStages">
      <skipped message="/opt/pytorch/nvfuser/tests/cpp/test_multidevice_pipeline.cpp:134&#x0A;the fusion requests 3 GPUs to run, but there are only 1 ranks in the communicator&#x0A;"><![CDATA[/opt/pytorch/nvfuser/tests/cpp/test_multidevice_pipeline.cpp:134
the fusion requests 3 GPUs to run, but there are only 1 ranks in the communicator
]]></skipped>
    </testcase>
    <testcase name="Communication/246" value_param="(UCC, DeviceMesh{1 0 2}, DeviceMesh{1}, false, false, false, 1, false)" file="/opt/pytorch/nvfuser/tests/cpp/test_multidevice_pipeline.cpp" line="259" status="run" result="skipped" time="0.001" timestamp="2025-04-30T07:37:43.409" classname="Bcast/PipelineTestTwoStages">
      <skipped message="/opt/pytorch/nvfuser/tests/cpp/test_multidevice_pipeline.cpp:134&#x0A;the fusion requests 3 GPUs to run, but there are only 1 ranks in the communicator&#x0A;"><![CDATA[/opt/pytorch/nvfuser/tests/cpp/test_multidevice_pipeline.cpp:134
the fusion requests 3 GPUs to run, but there are only 1 ranks in the communicator
]]></skipped>
    </testcase>
    <testcase name="Communication/249" value_param="(UCC, DeviceMesh{1 0 2}, DeviceMesh{0 1 2 3}, false, false, false, 0, true)" file="/opt/pytorch/nvfuser/tests/cpp/test_multidevice_pipeline.cpp" line="259" status="run" result="skipped" time="0.001" timestamp="2025-04-30T07:37:43.410" classname="Bcast/PipelineTestTwoStages">
      <skipped message="/opt/pytorch/nvfuser/tests/cpp/test_multidevice_pipeline.cpp:134&#x0A;the fusion requests 4 GPUs to run, but there are only 1 ranks in the communicator&#x0A;"><![CDATA[/opt/pytorch/nvfuser/tests/cpp/test_multidevice_pipeline.cpp:134
the fusion requests 4 GPUs to run, but there are only 1 ranks in the communicator
]]></skipped>
    </testcase>
    <testcase name="Communication/252" value_param="(UCC, DeviceMesh{1 0 2}, DeviceMesh{0 2 3}, false, false, false, 0, false)" file="/opt/pytorch/nvfuser/tests/cpp/test_multidevice_pipeline.cpp" line="259" status="run" result="skipped" time="0.001" timestamp="2025-04-30T07:37:43.412" classname="Bcast/PipelineTestTwoStages">
      <skipped message="/opt/pytorch/nvfuser/tests/cpp/test_multidevice_pipeline.cpp:134&#x0A;the fusion requests 4 GPUs to run, but there are only 1 ranks in the communicator&#x0A;"><![CDATA[/opt/pytorch/nvfuser/tests/cpp/test_multidevice_pipeline.cpp:134
the fusion requests 4 GPUs to run, but there are only 1 ranks in the communicator
]]></skipped>
    </testcase>
    <testcase name="Communication/255" value_param="(UCC, DeviceMesh{1 0 2}, DeviceMesh{0 2 3}, false, false, false, 1, true)" file="/opt/pytorch/nvfuser/tests/cpp/test_multidevice_pipeline.cpp" line="259" status="run" result="skipped" time="0.001" timestamp="2025-04-30T07:37:43.413" classname="Bcast/PipelineTestTwoStages">
      <skipped message="/opt/pytorch/nvfuser/tests/cpp/test_multidevice_pipeline.cpp:134&#x0A;the fusion requests 4 GPUs to run, but there are only 1 ranks in the communicator&#x0A;"><![CDATA[/opt/pytorch/nvfuser/tests/cpp/test_multidevice_pipeline.cpp:134
the fusion requests 4 GPUs to run, but there are only 1 ranks in the communicator
]]></skipped>
    </testcase>
    <testcase name="Communication/258" value_param="(UCC, DeviceMesh{1 0 2}, DeviceMesh{1 0 2}, false, false, false, 1, false)" file="/opt/pytorch/nvfuser/tests/cpp/test_multidevice_pipeline.cpp" line="259" status="run" result="skipped" time="0." timestamp="2025-04-30T07:37:43.414" classname="Bcast/PipelineTestTwoStages">
      <skipped message="/opt/pytorch/nvfuser/tests/cpp/test_multidevice_pipeline.cpp:134&#x0A;the fusion requests 3 GPUs to run, but there are only 1 ranks in the communicator&#x0A;"><![CDATA[/opt/pytorch/nvfuser/tests/cpp/test_multidevice_pipeline.cpp:134
the fusion requests 3 GPUs to run, but there are only 1 ranks in the communicator
]]></skipped>
    </testcase>
    <testcase name="Communication/261" value_param="(UCC, DeviceMesh{1 0 2}, DeviceMesh{1 0}, false, false, false, 0, true)" file="/opt/pytorch/nvfuser/tests/cpp/test_multidevice_pipeline.cpp" line="259" status="run" result="skipped" time="0.001" timestamp="2025-04-30T07:37:43.415" classname="Bcast/PipelineTestTwoStages">
      <skipped message="/opt/pytorch/nvfuser/tests/cpp/test_multidevice_pipeline.cpp:134&#x0A;the fusion requests 3 GPUs to run, but there are only 1 ranks in the communicator&#x0A;"><![CDATA[/opt/pytorch/nvfuser/tests/cpp/test_multidevice_pipeline.cpp:134
the fusion requests 3 GPUs to run, but there are only 1 ranks in the communicator
]]></skipped>
    </testcase>
    <testcase name="Communication/264" value_param="(UCC, DeviceMesh{1 0}, DeviceMesh{0}, false, false, false, 0, false)" file="/opt/pytorch/nvfuser/tests/cpp/test_multidevice_pipeline.cpp" line="259" status="run" result="skipped" time="0.001" timestamp="2025-04-30T07:37:43.416" classname="Bcast/PipelineTestTwoStages">
      <skipped message="/opt/pytorch/nvfuser/tests/cpp/test_multidevice_pipeline.cpp:134&#x0A;the fusion requests 2 GPUs to run, but there are only 1 ranks in the communicator&#x0A;"><![CDATA[/opt/pytorch/nvfuser/tests/cpp/test_multidevice_pipeline.cpp:134
the fusion requests 2 GPUs to run, but there are only 1 ranks in the communicator
]]></skipped>
    </testcase>
    <testcase name="Communication/267" value_param="(UCC, DeviceMesh{1 0}, DeviceMesh{0}, false, false, false, 1, true)" file="/opt/pytorch/nvfuser/tests/cpp/test_multidevice_pipeline.cpp" line="259" status="run" result="skipped" time="0.001" timestamp="2025-04-30T07:37:43.418" classname="Bcast/PipelineTestTwoStages">
      <skipped message="/opt/pytorch/nvfuser/tests/cpp/test_multidevice_pipeline.cpp:134&#x0A;the fusion requests 2 GPUs to run, but there are only 1 ranks in the communicator&#x0A;"><![CDATA[/opt/pytorch/nvfuser/tests/cpp/test_multidevice_pipeline.cpp:134
the fusion requests 2 GPUs to run, but there are only 1 ranks in the communicator
]]></skipped>
    </testcase>
    <testcase name="Communication/270" value_param="(UCC, DeviceMesh{1 0}, DeviceMesh{1}, false, false, false, 1, false)" file="/opt/pytorch/nvfuser/tests/cpp/test_multidevice_pipeline.cpp" line="259" status="run" result="skipped" time="0.001" timestamp="2025-04-30T07:37:43.419" classname="Bcast/PipelineTestTwoStages">
      <skipped message="/opt/pytorch/nvfuser/tests/cpp/test_multidevice_pipeline.cpp:134&#x0A;the fusion requests 2 GPUs to run, but there are only 1 ranks in the communicator&#x0A;"><![CDATA[/opt/pytorch/nvfuser/tests/cpp/test_multidevice_pipeline.cpp:134
the fusion requests 2 GPUs to run, but there are only 1 ranks in the communicator
]]></skipped>
    </testcase>
    <testcase name="Communication/273" value_param="(UCC, DeviceMesh{1 0}, DeviceMesh{0 1 2 3}, false, false, false, 0, true)" file="/opt/pytorch/nvfuser/tests/cpp/test_multidevice_pipeline.cpp" line="259" status="run" result="skipped" time="0.001" timestamp="2025-04-30T07:37:43.420" classname="Bcast/PipelineTestTwoStages">
      <skipped message="/opt/pytorch/nvfuser/tests/cpp/test_multidevice_pipeline.cpp:134&#x0A;the fusion requests 4 GPUs to run, but there are only 1 ranks in the communicator&#x0A;"><![CDATA[/opt/pytorch/nvfuser/tests/cpp/test_multidevice_pipeline.cpp:134
the fusion requests 4 GPUs to run, but there are only 1 ranks in the communicator
]]></skipped>
    </testcase>
    <testcase name="Communication/276" value_param="(UCC, DeviceMesh{1 0}, DeviceMesh{0 2 3}, false, false, false, 0, false)" file="/opt/pytorch/nvfuser/tests/cpp/test_multidevice_pipeline.cpp" line="259" status="run" result="skipped" time="0.001" timestamp="2025-04-30T07:37:43.421" classname="Bcast/PipelineTestTwoStages">
      <skipped message="/opt/pytorch/nvfuser/tests/cpp/test_multidevice_pipeline.cpp:134&#x0A;the fusion requests 4 GPUs to run, but there are only 1 ranks in the communicator&#x0A;"><![CDATA[/opt/pytorch/nvfuser/tests/cpp/test_multidevice_pipeline.cpp:134
the fusion requests 4 GPUs to run, but there are only 1 ranks in the communicator
]]></skipped>
    </testcase>
    <testcase name="Communication/279" value_param="(UCC, DeviceMesh{1 0}, DeviceMesh{0 2 3}, false, false, false, 1, true)" file="/opt/pytorch/nvfuser/tests/cpp/test_multidevice_pipeline.cpp" line="259" status="run" result="skipped" time="0.001" timestamp="2025-04-30T07:37:43.423" classname="Bcast/PipelineTestTwoStages">
      <skipped message="/opt/pytorch/nvfuser/tests/cpp/test_multidevice_pipeline.cpp:134&#x0A;the fusion requests 4 GPUs to run, but there are only 1 ranks in the communicator&#x0A;"><![CDATA[/opt/pytorch/nvfuser/tests/cpp/test_multidevice_pipeline.cpp:134
the fusion requests 4 GPUs to run, but there are only 1 ranks in the communicator
]]></skipped>
    </testcase>
    <testcase name="Communication/282" value_param="(UCC, DeviceMesh{1 0}, DeviceMesh{1 0 2}, false, false, false, 1, false)" file="/opt/pytorch/nvfuser/tests/cpp/test_multidevice_pipeline.cpp" line="259" status="run" result="skipped" time="0.001" timestamp="2025-04-30T07:37:43.424" classname="Bcast/PipelineTestTwoStages">
      <skipped message="/opt/pytorch/nvfuser/tests/cpp/test_multidevice_pipeline.cpp:134&#x0A;the fusion requests 3 GPUs to run, but there are only 1 ranks in the communicator&#x0A;"><![CDATA[/opt/pytorch/nvfuser/tests/cpp/test_multidevice_pipeline.cpp:134
the fusion requests 3 GPUs to run, but there are only 1 ranks in the communicator
]]></skipped>
    </testcase>
    <testcase name="Communication/285" value_param="(UCC, DeviceMesh{1 0}, DeviceMesh{1 0}, false, false, false, 0, true)" file="/opt/pytorch/nvfuser/tests/cpp/test_multidevice_pipeline.cpp" line="259" status="run" result="skipped" time="0." timestamp="2025-04-30T07:37:43.425" classname="Bcast/PipelineTestTwoStages">
      <skipped message="/opt/pytorch/nvfuser/tests/cpp/test_multidevice_pipeline.cpp:134&#x0A;the fusion requests 2 GPUs to run, but there are only 1 ranks in the communicator&#x0A;"><![CDATA[/opt/pytorch/nvfuser/tests/cpp/test_multidevice_pipeline.cpp:134
the fusion requests 2 GPUs to run, but there are only 1 ranks in the communicator
]]></skipped>
    </testcase>
  </testsuite>
  <testsuite name="Bcast_sharded/PipelineTestTwoStages" tests="6" failures="0" disabled="0" skipped="6" errors="0" time="0.005" timestamp="2025-04-30T07:37:43.426">
    <testcase name="Communication/0" value_param="(NCCL, DeviceMesh{0 2 3}, DeviceMesh{0 2 3}, true, true, false, 0, false)" file="/opt/pytorch/nvfuser/tests/cpp/test_multidevice_pipeline.cpp" line="259" status="run" result="skipped" time="0.001" timestamp="2025-04-30T07:37:43.426" classname="Bcast_sharded/PipelineTestTwoStages">
      <skipped message="/opt/pytorch/nvfuser/tests/cpp/test_multidevice_pipeline.cpp:134&#x0A;the fusion requests 4 GPUs to run, but there are only 1 ranks in the communicator&#x0A;"><![CDATA[/opt/pytorch/nvfuser/tests/cpp/test_multidevice_pipeline.cpp:134
the fusion requests 4 GPUs to run, but there are only 1 ranks in the communicator
]]></skipped>
    </testcase>
    <testcase name="Communication/3" value_param="(NCCL, DeviceMesh{0 2 3}, DeviceMesh{0 2 3}, true, true, false, 1, true)" file="/opt/pytorch/nvfuser/tests/cpp/test_multidevice_pipeline.cpp" line="259" status="run" result="skipped" time="0." timestamp="2025-04-30T07:37:43.427" classname="Bcast_sharded/PipelineTestTwoStages">
      <skipped message="/opt/pytorch/nvfuser/tests/cpp/test_multidevice_pipeline.cpp:134&#x0A;the fusion requests 4 GPUs to run, but there are only 1 ranks in the communicator&#x0A;"><![CDATA[/opt/pytorch/nvfuser/tests/cpp/test_multidevice_pipeline.cpp:134
the fusion requests 4 GPUs to run, but there are only 1 ranks in the communicator
]]></skipped>
    </testcase>
    <testcase name="Communication/6" value_param="(NCCL, DeviceMesh{0 2 3}, DeviceMesh{1 0 2}, true, true, false, 1, false)" file="/opt/pytorch/nvfuser/tests/cpp/test_multidevice_pipeline.cpp" line="259" status="run" result="skipped" time="0." timestamp="2025-04-30T07:37:43.428" classname="Bcast_sharded/PipelineTestTwoStages">
      <skipped message="/opt/pytorch/nvfuser/tests/cpp/test_multidevice_pipeline.cpp:134&#x0A;the fusion requests 4 GPUs to run, but there are only 1 ranks in the communicator&#x0A;"><![CDATA[/opt/pytorch/nvfuser/tests/cpp/test_multidevice_pipeline.cpp:134
the fusion requests 4 GPUs to run, but there are only 1 ranks in the communicator
]]></skipped>
    </testcase>
    <testcase name="Communication/9" value_param="(NCCL, DeviceMesh{1 0 2}, DeviceMesh{0 2 3}, true, true, false, 0, true)" file="/opt/pytorch/nvfuser/tests/cpp/test_multidevice_pipeline.cpp" line="259" status="run" result="skipped" time="0." timestamp="2025-04-30T07:37:43.429" classname="Bcast_sharded/PipelineTestTwoStages">
      <skipped message="/opt/pytorch/nvfuser/tests/cpp/test_multidevice_pipeline.cpp:134&#x0A;the fusion requests 4 GPUs to run, but there are only 1 ranks in the communicator&#x0A;"><![CDATA[/opt/pytorch/nvfuser/tests/cpp/test_multidevice_pipeline.cpp:134
the fusion requests 4 GPUs to run, but there are only 1 ranks in the communicator
]]></skipped>
    </testcase>
    <testcase name="Communication/12" value_param="(NCCL, DeviceMesh{1 0 2}, DeviceMesh{1 0 2}, true, true, false, 0, false)" file="/opt/pytorch/nvfuser/tests/cpp/test_multidevice_pipeline.cpp" line="259" status="run" result="skipped" time="0." timestamp="2025-04-30T07:37:43.430" classname="Bcast_sharded/PipelineTestTwoStages">
      <skipped message="/opt/pytorch/nvfuser/tests/cpp/test_multidevice_pipeline.cpp:134&#x0A;the fusion requests 3 GPUs to run, but there are only 1 ranks in the communicator&#x0A;"><![CDATA[/opt/pytorch/nvfuser/tests/cpp/test_multidevice_pipeline.cpp:134
the fusion requests 3 GPUs to run, but there are only 1 ranks in the communicator
]]></skipped>
    </testcase>
    <testcase name="Communication/15" value_param="(NCCL, DeviceMesh{1 0 2}, DeviceMesh{1 0 2}, true, true, false, 1, true)" file="/opt/pytorch/nvfuser/tests/cpp/test_multidevice_pipeline.cpp" line="259" status="run" result="skipped" time="0." timestamp="2025-04-30T07:37:43.431" classname="Bcast_sharded/PipelineTestTwoStages">
      <skipped message="/opt/pytorch/nvfuser/tests/cpp/test_multidevice_pipeline.cpp:134&#x0A;the fusion requests 3 GPUs to run, but there are only 1 ranks in the communicator&#x0A;"><![CDATA[/opt/pytorch/nvfuser/tests/cpp/test_multidevice_pipeline.cpp:134
the fusion requests 3 GPUs to run, but there are only 1 ranks in the communicator
]]></skipped>
    </testcase>
  </testsuite>
  <testsuite name="Bcast_sharded_same_mesh/PipelineTestTwoStages" tests="5" failures="0" disabled="0" skipped="2" errors="0" time="0.242" timestamp="2025-04-30T07:37:43.432">
    <testcase name="Communication/2" value_param="(NCCL, DeviceMesh{0}, DeviceMesh, true, true, false, 1, false)" file="/opt/pytorch/nvfuser/tests/cpp/test_multidevice_pipeline.cpp" line="259" status="run" result="completed" time="0.089" timestamp="2025-04-30T07:37:43.432" classname="Bcast_sharded_same_mesh/PipelineTestTwoStages" />
    <testcase name="Communication/5" value_param="(NCCL, DeviceMesh{1}, DeviceMesh, true, true, false, 0, true)" file="/opt/pytorch/nvfuser/tests/cpp/test_multidevice_pipeline.cpp" line="259" status="run" result="skipped" time="0." timestamp="2025-04-30T07:37:43.521" classname="Bcast_sharded_same_mesh/PipelineTestTwoStages">
      <skipped message="/opt/pytorch/nvfuser/tests/cpp/test_multidevice_pipeline.cpp:134&#x0A;the fusion requests 2 GPUs to run, but there are only 1 ranks in the communicator&#x0A;"><![CDATA[/opt/pytorch/nvfuser/tests/cpp/test_multidevice_pipeline.cpp:134
the fusion requests 2 GPUs to run, but there are only 1 ranks in the communicator
]]></skipped>
    </testcase>
    <testcase name="Communication/8" value_param="(UCC, DeviceMesh{0}, DeviceMesh, true, true, false, 0, false)" file="/opt/pytorch/nvfuser/tests/cpp/test_multidevice_pipeline.cpp" line="259" status="run" result="completed" time="0.09" timestamp="2025-04-30T07:37:43.522" classname="Bcast_sharded_same_mesh/PipelineTestTwoStages" />
    <testcase name="Communication/11" value_param="(UCC, DeviceMesh{0}, DeviceMesh, true, true, false, 1, true)" file="/opt/pytorch/nvfuser/tests/cpp/test_multidevice_pipeline.cpp" line="259" status="run" result="completed" time="0.061" timestamp="2025-04-30T07:37:43.613" classname="Bcast_sharded_same_mesh/PipelineTestTwoStages" />
    <testcase name="Communication/14" value_param="(UCC, DeviceMesh{1}, DeviceMesh, true, true, false, 1, false)" file="/opt/pytorch/nvfuser/tests/cpp/test_multidevice_pipeline.cpp" line="259" status="run" result="skipped" time="0." timestamp="2025-04-30T07:37:43.674" classname="Bcast_sharded_same_mesh/PipelineTestTwoStages">
      <skipped message="/opt/pytorch/nvfuser/tests/cpp/test_multidevice_pipeline.cpp:134&#x0A;the fusion requests 2 GPUs to run, but there are only 1 ranks in the communicator&#x0A;"><![CDATA[/opt/pytorch/nvfuser/tests/cpp/test_multidevice_pipeline.cpp:134
the fusion requests 2 GPUs to run, but there are only 1 ranks in the communicator
]]></skipped>
    </testcase>
  </testsuite>
  <testsuite name="Reduce/PipelineTestTwoStages" tests="32" failures="0" disabled="0" skipped="32" errors="0" time="0.027" timestamp="2025-04-30T07:37:43.675">
    <testcase name="Communication/1" value_param="(NCCL, DeviceMesh{0 1 2 3}, DeviceMesh{0}, true, false, true, 1, false)" file="/opt/pytorch/nvfuser/tests/cpp/test_multidevice_pipeline.cpp" line="259" status="run" result="skipped" time="0." timestamp="2025-04-30T07:37:43.675" classname="Reduce/PipelineTestTwoStages">
      <skipped message="/opt/pytorch/nvfuser/tests/cpp/test_multidevice_pipeline.cpp:134&#x0A;the fusion requests 4 GPUs to run, but there are only 1 ranks in the communicator&#x0A;"><![CDATA[/opt/pytorch/nvfuser/tests/cpp/test_multidevice_pipeline.cpp:134
the fusion requests 4 GPUs to run, but there are only 1 ranks in the communicator
]]></skipped>
    </testcase>
    <testcase name="Communication/4" value_param="(NCCL, DeviceMesh{0 1 2 3}, DeviceMesh{0 1 2 3}, true, false, true, 0, false)" file="/opt/pytorch/nvfuser/tests/cpp/test_multidevice_pipeline.cpp" line="259" status="run" result="skipped" time="0." timestamp="2025-04-30T07:37:43.676" classname="Reduce/PipelineTestTwoStages">
      <skipped message="/opt/pytorch/nvfuser/tests/cpp/test_multidevice_pipeline.cpp:134&#x0A;the fusion requests 4 GPUs to run, but there are only 1 ranks in the communicator&#x0A;"><![CDATA[/opt/pytorch/nvfuser/tests/cpp/test_multidevice_pipeline.cpp:134
the fusion requests 4 GPUs to run, but there are only 1 ranks in the communicator
]]></skipped>
    </testcase>
    <testcase name="Communication/7" value_param="(NCCL, DeviceMesh{0 1 2 3}, DeviceMesh{0 2 3}, true, false, true, 1, false)" file="/opt/pytorch/nvfuser/tests/cpp/test_multidevice_pipeline.cpp" line="259" status="run" result="skipped" time="0." timestamp="2025-04-30T07:37:43.677" classname="Reduce/PipelineTestTwoStages">
      <skipped message="/opt/pytorch/nvfuser/tests/cpp/test_multidevice_pipeline.cpp:134&#x0A;the fusion requests 4 GPUs to run, but there are only 1 ranks in the communicator&#x0A;"><![CDATA[/opt/pytorch/nvfuser/tests/cpp/test_multidevice_pipeline.cpp:134
the fusion requests 4 GPUs to run, but there are only 1 ranks in the communicator
]]></skipped>
    </testcase>
    <testcase name="Communication/10" value_param="(NCCL, DeviceMesh{0 1 2 3}, DeviceMesh{1 0}, true, false, true, 0, false)" file="/opt/pytorch/nvfuser/tests/cpp/test_multidevice_pipeline.cpp" line="259" status="run" result="skipped" time="0." timestamp="2025-04-30T07:37:43.677" classname="Reduce/PipelineTestTwoStages">
      <skipped message="/opt/pytorch/nvfuser/tests/cpp/test_multidevice_pipeline.cpp:134&#x0A;the fusion requests 4 GPUs to run, but there are only 1 ranks in the communicator&#x0A;"><![CDATA[/opt/pytorch/nvfuser/tests/cpp/test_multidevice_pipeline.cpp:134
the fusion requests 4 GPUs to run, but there are only 1 ranks in the communicator
]]></skipped>
    </testcase>
    <testcase name="Communication/13" value_param="(NCCL, DeviceMesh{0 2 3}, DeviceMesh{0}, true, false, true, 1, false)" file="/opt/pytorch/nvfuser/tests/cpp/test_multidevice_pipeline.cpp" line="259" status="run" result="skipped" time="0." timestamp="2025-04-30T07:37:43.678" classname="Reduce/PipelineTestTwoStages">
      <skipped message="/opt/pytorch/nvfuser/tests/cpp/test_multidevice_pipeline.cpp:134&#x0A;the fusion requests 4 GPUs to run, but there are only 1 ranks in the communicator&#x0A;"><![CDATA[/opt/pytorch/nvfuser/tests/cpp/test_multidevice_pipeline.cpp:134
the fusion requests 4 GPUs to run, but there are only 1 ranks in the communicator
]]></skipped>
    </testcase>
    <testcase name="Communication/16" value_param="(NCCL, DeviceMesh{0 2 3}, DeviceMesh{0 1 2 3}, true, false, true, 0, false)" file="/opt/pytorch/nvfuser/tests/cpp/test_multidevice_pipeline.cpp" line="259" status="run" result="skipped" time="0." timestamp="2025-04-30T07:37:43.679" classname="Reduce/PipelineTestTwoStages">
      <skipped message="/opt/pytorch/nvfuser/tests/cpp/test_multidevice_pipeline.cpp:134&#x0A;the fusion requests 4 GPUs to run, but there are only 1 ranks in the communicator&#x0A;"><![CDATA[/opt/pytorch/nvfuser/tests/cpp/test_multidevice_pipeline.cpp:134
the fusion requests 4 GPUs to run, but there are only 1 ranks in the communicator
]]></skipped>
    </testcase>
    <testcase name="Communication/19" value_param="(NCCL, DeviceMesh{0 2 3}, DeviceMesh{0 2 3}, true, false, true, 1, false)" file="/opt/pytorch/nvfuser/tests/cpp/test_multidevice_pipeline.cpp" line="259" status="run" result="skipped" time="0." timestamp="2025-04-30T07:37:43.680" classname="Reduce/PipelineTestTwoStages">
      <skipped message="/opt/pytorch/nvfuser/tests/cpp/test_multidevice_pipeline.cpp:134&#x0A;the fusion requests 4 GPUs to run, but there are only 1 ranks in the communicator&#x0A;"><![CDATA[/opt/pytorch/nvfuser/tests/cpp/test_multidevice_pipeline.cpp:134
the fusion requests 4 GPUs to run, but there are only 1 ranks in the communicator
]]></skipped>
    </testcase>
    <testcase name="Communication/22" value_param="(NCCL, DeviceMesh{0 2 3}, DeviceMesh{1 0}, true, false, true, 0, false)" file="/opt/pytorch/nvfuser/tests/cpp/test_multidevice_pipeline.cpp" line="259" status="run" result="skipped" time="0." timestamp="2025-04-30T07:37:43.681" classname="Reduce/PipelineTestTwoStages">
      <skipped message="/opt/pytorch/nvfuser/tests/cpp/test_multidevice_pipeline.cpp:134&#x0A;the fusion requests 4 GPUs to run, but there are only 1 ranks in the communicator&#x0A;"><![CDATA[/opt/pytorch/nvfuser/tests/cpp/test_multidevice_pipeline.cpp:134
the fusion requests 4 GPUs to run, but there are only 1 ranks in the communicator
]]></skipped>
    </testcase>
    <testcase name="Communication/25" value_param="(NCCL, DeviceMesh{1 0 2}, DeviceMesh{0}, true, false, true, 1, false)" file="/opt/pytorch/nvfuser/tests/cpp/test_multidevice_pipeline.cpp" line="259" status="run" result="skipped" time="0." timestamp="2025-04-30T07:37:43.682" classname="Reduce/PipelineTestTwoStages">
      <skipped message="/opt/pytorch/nvfuser/tests/cpp/test_multidevice_pipeline.cpp:134&#x0A;the fusion requests 3 GPUs to run, but there are only 1 ranks in the communicator&#x0A;"><![CDATA[/opt/pytorch/nvfuser/tests/cpp/test_multidevice_pipeline.cpp:134
the fusion requests 3 GPUs to run, but there are only 1 ranks in the communicator
]]></skipped>
    </testcase>
    <testcase name="Communication/28" value_param="(NCCL, DeviceMesh{1 0 2}, DeviceMesh{0 1 2 3}, true, false, true, 0, false)" file="/opt/pytorch/nvfuser/tests/cpp/test_multidevice_pipeline.cpp" line="259" status="run" result="skipped" time="0." timestamp="2025-04-30T07:37:43.683" classname="Reduce/PipelineTestTwoStages">
      <skipped message="/opt/pytorch/nvfuser/tests/cpp/test_multidevice_pipeline.cpp:134&#x0A;the fusion requests 4 GPUs to run, but there are only 1 ranks in the communicator&#x0A;"><![CDATA[/opt/pytorch/nvfuser/tests/cpp/test_multidevice_pipeline.cpp:134
the fusion requests 4 GPUs to run, but there are only 1 ranks in the communicator
]]></skipped>
    </testcase>
    <testcase name="Communication/31" value_param="(NCCL, DeviceMesh{1 0 2}, DeviceMesh{0 2 3}, true, false, true, 1, false)" file="/opt/pytorch/nvfuser/tests/cpp/test_multidevice_pipeline.cpp" line="259" status="run" result="skipped" time="0." timestamp="2025-04-30T07:37:43.684" classname="Reduce/PipelineTestTwoStages">
      <skipped message="/opt/pytorch/nvfuser/tests/cpp/test_multidevice_pipeline.cpp:134&#x0A;the fusion requests 4 GPUs to run, but there are only 1 ranks in the communicator&#x0A;"><![CDATA[/opt/pytorch/nvfuser/tests/cpp/test_multidevice_pipeline.cpp:134
the fusion requests 4 GPUs to run, but there are only 1 ranks in the communicator
]]></skipped>
    </testcase>
    <testcase name="Communication/34" value_param="(NCCL, DeviceMesh{1 0 2}, DeviceMesh{1 0}, true, false, true, 0, false)" file="/opt/pytorch/nvfuser/tests/cpp/test_multidevice_pipeline.cpp" line="259" status="run" result="skipped" time="0." timestamp="2025-04-30T07:37:43.684" classname="Reduce/PipelineTestTwoStages">
      <skipped message="/opt/pytorch/nvfuser/tests/cpp/test_multidevice_pipeline.cpp:134&#x0A;the fusion requests 3 GPUs to run, but there are only 1 ranks in the communicator&#x0A;"><![CDATA[/opt/pytorch/nvfuser/tests/cpp/test_multidevice_pipeline.cpp:134
the fusion requests 3 GPUs to run, but there are only 1 ranks in the communicator
]]></skipped>
    </testcase>
    <testcase name="Communication/37" value_param="(NCCL, DeviceMesh{1 0}, DeviceMesh{0}, true, false, true, 1, false)" file="/opt/pytorch/nvfuser/tests/cpp/test_multidevice_pipeline.cpp" line="259" status="run" result="skipped" time="0." timestamp="2025-04-30T07:37:43.685" classname="Reduce/PipelineTestTwoStages">
      <skipped message="/opt/pytorch/nvfuser/tests/cpp/test_multidevice_pipeline.cpp:134&#x0A;the fusion requests 2 GPUs to run, but there are only 1 ranks in the communicator&#x0A;"><![CDATA[/opt/pytorch/nvfuser/tests/cpp/test_multidevice_pipeline.cpp:134
the fusion requests 2 GPUs to run, but there are only 1 ranks in the communicator
]]></skipped>
    </testcase>
    <testcase name="Communication/40" value_param="(NCCL, DeviceMesh{1 0}, DeviceMesh{0 1 2 3}, true, false, true, 0, false)" file="/opt/pytorch/nvfuser/tests/cpp/test_multidevice_pipeline.cpp" line="259" status="run" result="skipped" time="0." timestamp="2025-04-30T07:37:43.686" classname="Reduce/PipelineTestTwoStages">
      <skipped message="/opt/pytorch/nvfuser/tests/cpp/test_multidevice_pipeline.cpp:134&#x0A;the fusion requests 4 GPUs to run, but there are only 1 ranks in the communicator&#x0A;"><![CDATA[/opt/pytorch/nvfuser/tests/cpp/test_multidevice_pipeline.cpp:134
the fusion requests 4 GPUs to run, but there are only 1 ranks in the communicator
]]></skipped>
    </testcase>
    <testcase name="Communication/43" value_param="(NCCL, DeviceMesh{1 0}, DeviceMesh{0 2 3}, true, false, true, 1, false)" file="/opt/pytorch/nvfuser/tests/cpp/test_multidevice_pipeline.cpp" line="259" status="run" result="skipped" time="0." timestamp="2025-04-30T07:37:43.687" classname="Reduce/PipelineTestTwoStages">
      <skipped message="/opt/pytorch/nvfuser/tests/cpp/test_multidevice_pipeline.cpp:134&#x0A;the fusion requests 4 GPUs to run, but there are only 1 ranks in the communicator&#x0A;"><![CDATA[/opt/pytorch/nvfuser/tests/cpp/test_multidevice_pipeline.cpp:134
the fusion requests 4 GPUs to run, but there are only 1 ranks in the communicator
]]></skipped>
    </testcase>
    <testcase name="Communication/46" value_param="(NCCL, DeviceMesh{1 0}, DeviceMesh{1 0}, true, false, true, 0, false)" file="/opt/pytorch/nvfuser/tests/cpp/test_multidevice_pipeline.cpp" line="259" status="run" result="skipped" time="0." timestamp="2025-04-30T07:37:43.688" classname="Reduce/PipelineTestTwoStages">
      <skipped message="/opt/pytorch/nvfuser/tests/cpp/test_multidevice_pipeline.cpp:134&#x0A;the fusion requests 2 GPUs to run, but there are only 1 ranks in the communicator&#x0A;"><![CDATA[/opt/pytorch/nvfuser/tests/cpp/test_multidevice_pipeline.cpp:134
the fusion requests 2 GPUs to run, but there are only 1 ranks in the communicator
]]></skipped>
    </testcase>
    <testcase name="Communication/49" value_param="(UCC, DeviceMesh{0 1 2 3}, DeviceMesh{0}, true, false, true, 1, false)" file="/opt/pytorch/nvfuser/tests/cpp/test_multidevice_pipeline.cpp" line="259" status="run" result="skipped" time="0." timestamp="2025-04-30T07:37:43.689" classname="Reduce/PipelineTestTwoStages">
      <skipped message="/opt/pytorch/nvfuser/tests/cpp/test_multidevice_pipeline.cpp:134&#x0A;the fusion requests 4 GPUs to run, but there are only 1 ranks in the communicator&#x0A;"><![CDATA[/opt/pytorch/nvfuser/tests/cpp/test_multidevice_pipeline.cpp:134
the fusion requests 4 GPUs to run, but there are only 1 ranks in the communicator
]]></skipped>
    </testcase>
    <testcase name="Communication/52" value_param="(UCC, DeviceMesh{0 1 2 3}, DeviceMesh{0 1 2 3}, true, false, true, 0, false)" file="/opt/pytorch/nvfuser/tests/cpp/test_multidevice_pipeline.cpp" line="259" status="run" result="skipped" time="0.001" timestamp="2025-04-30T07:37:43.690" classname="Reduce/PipelineTestTwoStages">
      <skipped message="/opt/pytorch/nvfuser/tests/cpp/test_multidevice_pipeline.cpp:134&#x0A;the fusion requests 4 GPUs to run, but there are only 1 ranks in the communicator&#x0A;"><![CDATA[/opt/pytorch/nvfuser/tests/cpp/test_multidevice_pipeline.cpp:134
the fusion requests 4 GPUs to run, but there are only 1 ranks in the communicator
]]></skipped>
    </testcase>
    <testcase name="Communication/55" value_param="(UCC, DeviceMesh{0 1 2 3}, DeviceMesh{0 2 3}, true, false, true, 1, false)" file="/opt/pytorch/nvfuser/tests/cpp/test_multidevice_pipeline.cpp" line="259" status="run" result="skipped" time="0." timestamp="2025-04-30T07:37:43.691" classname="Reduce/PipelineTestTwoStages">
      <skipped message="/opt/pytorch/nvfuser/tests/cpp/test_multidevice_pipeline.cpp:134&#x0A;the fusion requests 4 GPUs to run, but there are only 1 ranks in the communicator&#x0A;"><![CDATA[/opt/pytorch/nvfuser/tests/cpp/test_multidevice_pipeline.cpp:134
the fusion requests 4 GPUs to run, but there are only 1 ranks in the communicator
]]></skipped>
    </testcase>
    <testcase name="Communication/58" value_param="(UCC, DeviceMesh{0 1 2 3}, DeviceMesh{1 0}, true, false, true, 0, false)" file="/opt/pytorch/nvfuser/tests/cpp/test_multidevice_pipeline.cpp" line="259" status="run" result="skipped" time="0." timestamp="2025-04-30T07:37:43.692" classname="Reduce/PipelineTestTwoStages">
      <skipped message="/opt/pytorch/nvfuser/tests/cpp/test_multidevice_pipeline.cpp:134&#x0A;the fusion requests 4 GPUs to run, but there are only 1 ranks in the communicator&#x0A;"><![CDATA[/opt/pytorch/nvfuser/tests/cpp/test_multidevice_pipeline.cpp:134
the fusion requests 4 GPUs to run, but there are only 1 ranks in the communicator
]]></skipped>
    </testcase>
    <testcase name="Communication/61" value_param="(UCC, DeviceMesh{0 2 3}, DeviceMesh{0}, true, false, true, 1, false)" file="/opt/pytorch/nvfuser/tests/cpp/test_multidevice_pipeline.cpp" line="259" status="run" result="skipped" time="0." timestamp="2025-04-30T07:37:43.693" classname="Reduce/PipelineTestTwoStages">
      <skipped message="/opt/pytorch/nvfuser/tests/cpp/test_multidevice_pipeline.cpp:134&#x0A;the fusion requests 4 GPUs to run, but there are only 1 ranks in the communicator&#x0A;"><![CDATA[/opt/pytorch/nvfuser/tests/cpp/test_multidevice_pipeline.cpp:134
the fusion requests 4 GPUs to run, but there are only 1 ranks in the communicator
]]></skipped>
    </testcase>
    <testcase name="Communication/64" value_param="(UCC, DeviceMesh{0 2 3}, DeviceMesh{0 1 2 3}, true, false, true, 0, false)" file="/opt/pytorch/nvfuser/tests/cpp/test_multidevice_pipeline.cpp" line="259" status="run" result="skipped" time="0." timestamp="2025-04-30T07:37:43.693" classname="Reduce/PipelineTestTwoStages">
      <skipped message="/opt/pytorch/nvfuser/tests/cpp/test_multidevice_pipeline.cpp:134&#x0A;the fusion requests 4 GPUs to run, but there are only 1 ranks in the communicator&#x0A;"><![CDATA[/opt/pytorch/nvfuser/tests/cpp/test_multidevice_pipeline.cpp:134
the fusion requests 4 GPUs to run, but there are only 1 ranks in the communicator
]]></skipped>
    </testcase>
    <testcase name="Communication/67" value_param="(UCC, DeviceMesh{0 2 3}, DeviceMesh{0 2 3}, true, false, true, 1, false)" file="/opt/pytorch/nvfuser/tests/cpp/test_multidevice_pipeline.cpp" line="259" status="run" result="skipped" time="0." timestamp="2025-04-30T07:37:43.694" classname="Reduce/PipelineTestTwoStages">
      <skipped message="/opt/pytorch/nvfuser/tests/cpp/test_multidevice_pipeline.cpp:134&#x0A;the fusion requests 4 GPUs to run, but there are only 1 ranks in the communicator&#x0A;"><![CDATA[/opt/pytorch/nvfuser/tests/cpp/test_multidevice_pipeline.cpp:134
the fusion requests 4 GPUs to run, but there are only 1 ranks in the communicator
]]></skipped>
    </testcase>
    <testcase name="Communication/70" value_param="(UCC, DeviceMesh{0 2 3}, DeviceMesh{1 0}, true, false, true, 0, false)" file="/opt/pytorch/nvfuser/tests/cpp/test_multidevice_pipeline.cpp" line="259" status="run" result="skipped" time="0." timestamp="2025-04-30T07:37:43.695" classname="Reduce/PipelineTestTwoStages">
      <skipped message="/opt/pytorch/nvfuser/tests/cpp/test_multidevice_pipeline.cpp:134&#x0A;the fusion requests 4 GPUs to run, but there are only 1 ranks in the communicator&#x0A;"><![CDATA[/opt/pytorch/nvfuser/tests/cpp/test_multidevice_pipeline.cpp:134
the fusion requests 4 GPUs to run, but there are only 1 ranks in the communicator
]]></skipped>
    </testcase>
    <testcase name="Communication/73" value_param="(UCC, DeviceMesh{1 0 2}, DeviceMesh{0}, true, false, true, 1, false)" file="/opt/pytorch/nvfuser/tests/cpp/test_multidevice_pipeline.cpp" line="259" status="run" result="skipped" time="0." timestamp="2025-04-30T07:37:43.696" classname="Reduce/PipelineTestTwoStages">
      <skipped message="/opt/pytorch/nvfuser/tests/cpp/test_multidevice_pipeline.cpp:134&#x0A;the fusion requests 3 GPUs to run, but there are only 1 ranks in the communicator&#x0A;"><![CDATA[/opt/pytorch/nvfuser/tests/cpp/test_multidevice_pipeline.cpp:134
the fusion requests 3 GPUs to run, but there are only 1 ranks in the communicator
]]></skipped>
    </testcase>
    <testcase name="Communication/76" value_param="(UCC, DeviceMesh{1 0 2}, DeviceMesh{0 1 2 3}, true, false, true, 0, false)" file="/opt/pytorch/nvfuser/tests/cpp/test_multidevice_pipeline.cpp" line="259" status="run" result="skipped" time="0." timestamp="2025-04-30T07:37:43.697" classname="Reduce/PipelineTestTwoStages">
      <skipped message="/opt/pytorch/nvfuser/tests/cpp/test_multidevice_pipeline.cpp:134&#x0A;the fusion requests 4 GPUs to run, but there are only 1 ranks in the communicator&#x0A;"><![CDATA[/opt/pytorch/nvfuser/tests/cpp/test_multidevice_pipeline.cpp:134
the fusion requests 4 GPUs to run, but there are only 1 ranks in the communicator
]]></skipped>
    </testcase>
    <testcase name="Communication/79" value_param="(UCC, DeviceMesh{1 0 2}, DeviceMesh{0 2 3}, true, false, true, 1, false)" file="/opt/pytorch/nvfuser/tests/cpp/test_multidevice_pipeline.cpp" line="259" status="run" result="skipped" time="0." timestamp="2025-04-30T07:37:43.698" classname="Reduce/PipelineTestTwoStages">
      <skipped message="/opt/pytorch/nvfuser/tests/cpp/test_multidevice_pipeline.cpp:134&#x0A;the fusion requests 4 GPUs to run, but there are only 1 ranks in the communicator&#x0A;"><![CDATA[/opt/pytorch/nvfuser/tests/cpp/test_multidevice_pipeline.cpp:134
the fusion requests 4 GPUs to run, but there are only 1 ranks in the communicator
]]></skipped>
    </testcase>
    <testcase name="Communication/82" value_param="(UCC, DeviceMesh{1 0 2}, DeviceMesh{1 0}, true, false, true, 0, false)" file="/opt/pytorch/nvfuser/tests/cpp/test_multidevice_pipeline.cpp" line="259" status="run" result="skipped" time="0." timestamp="2025-04-30T07:37:43.698" classname="Reduce/PipelineTestTwoStages">
      <skipped message="/opt/pytorch/nvfuser/tests/cpp/test_multidevice_pipeline.cpp:134&#x0A;the fusion requests 3 GPUs to run, but there are only 1 ranks in the communicator&#x0A;"><![CDATA[/opt/pytorch/nvfuser/tests/cpp/test_multidevice_pipeline.cpp:134
the fusion requests 3 GPUs to run, but there are only 1 ranks in the communicator
]]></skipped>
    </testcase>
    <testcase name="Communication/85" value_param="(UCC, DeviceMesh{1 0}, DeviceMesh{0}, true, false, true, 1, false)" file="/opt/pytorch/nvfuser/tests/cpp/test_multidevice_pipeline.cpp" line="259" status="run" result="skipped" time="0." timestamp="2025-04-30T07:37:43.699" classname="Reduce/PipelineTestTwoStages">
      <skipped message="/opt/pytorch/nvfuser/tests/cpp/test_multidevice_pipeline.cpp:134&#x0A;the fusion requests 2 GPUs to run, but there are only 1 ranks in the communicator&#x0A;"><![CDATA[/opt/pytorch/nvfuser/tests/cpp/test_multidevice_pipeline.cpp:134
the fusion requests 2 GPUs to run, but there are only 1 ranks in the communicator
]]></skipped>
    </testcase>
    <testcase name="Communication/88" value_param="(UCC, DeviceMesh{1 0}, DeviceMesh{0 1 2 3}, true, false, true, 0, false)" file="/opt/pytorch/nvfuser/tests/cpp/test_multidevice_pipeline.cpp" line="259" status="run" result="skipped" time="0." timestamp="2025-04-30T07:37:43.700" classname="Reduce/PipelineTestTwoStages">
      <skipped message="/opt/pytorch/nvfuser/tests/cpp/test_multidevice_pipeline.cpp:134&#x0A;the fusion requests 4 GPUs to run, but there are only 1 ranks in the communicator&#x0A;"><![CDATA[/opt/pytorch/nvfuser/tests/cpp/test_multidevice_pipeline.cpp:134
the fusion requests 4 GPUs to run, but there are only 1 ranks in the communicator
]]></skipped>
    </testcase>
    <testcase name="Communication/91" value_param="(UCC, DeviceMesh{1 0}, DeviceMesh{0 2 3}, true, false, true, 1, false)" file="/opt/pytorch/nvfuser/tests/cpp/test_multidevice_pipeline.cpp" line="259" status="run" result="skipped" time="0." timestamp="2025-04-30T07:37:43.701" classname="Reduce/PipelineTestTwoStages">
      <skipped message="/opt/pytorch/nvfuser/tests/cpp/test_multidevice_pipeline.cpp:134&#x0A;the fusion requests 4 GPUs to run, but there are only 1 ranks in the communicator&#x0A;"><![CDATA[/opt/pytorch/nvfuser/tests/cpp/test_multidevice_pipeline.cpp:134
the fusion requests 4 GPUs to run, but there are only 1 ranks in the communicator
]]></skipped>
    </testcase>
    <testcase name="Communication/94" value_param="(UCC, DeviceMesh{1 0}, DeviceMesh{1 0}, true, false, true, 0, false)" file="/opt/pytorch/nvfuser/tests/cpp/test_multidevice_pipeline.cpp" line="259" status="run" result="skipped" time="0." timestamp="2025-04-30T07:37:43.702" classname="Reduce/PipelineTestTwoStages">
      <skipped message="/opt/pytorch/nvfuser/tests/cpp/test_multidevice_pipeline.cpp:134&#x0A;the fusion requests 2 GPUs to run, but there are only 1 ranks in the communicator&#x0A;"><![CDATA[/opt/pytorch/nvfuser/tests/cpp/test_multidevice_pipeline.cpp:134
the fusion requests 2 GPUs to run, but there are only 1 ranks in the communicator
]]></skipped>
    </testcase>
  </testsuite>
  <testsuite name="ReduceScatter/PipelineTestTwoStages" tests="5" failures="0" disabled="0" skipped="5" errors="0" time="0.012" timestamp="2025-04-30T07:37:43.703">
    <testcase name="Communication/1" value_param="(NCCL, DeviceMesh{0 1 2 3}, DeviceMesh, true, true, true, 1, false)" file="/opt/pytorch/nvfuser/tests/cpp/test_multidevice_pipeline.cpp" line="259" status="run" result="skipped" time="0.002" timestamp="2025-04-30T07:37:43.703" classname="ReduceScatter/PipelineTestTwoStages">
      <skipped message="/opt/pytorch/nvfuser/tests/cpp/test_multidevice_pipeline.cpp:134&#x0A;the fusion requests 4 GPUs to run, but there are only 1 ranks in the communicator&#x0A;"><![CDATA[/opt/pytorch/nvfuser/tests/cpp/test_multidevice_pipeline.cpp:134
the fusion requests 4 GPUs to run, but there are only 1 ranks in the communicator
]]></skipped>
    </testcase>
    <testcase name="Communication/4" value_param="(NCCL, DeviceMesh{1 0 2}, DeviceMesh, true, true, true, 0, false)" file="/opt/pytorch/nvfuser/tests/cpp/test_multidevice_pipeline.cpp" line="259" status="run" result="skipped" time="0.002" timestamp="2025-04-30T07:37:43.706" classname="ReduceScatter/PipelineTestTwoStages">
      <skipped message="/opt/pytorch/nvfuser/tests/cpp/test_multidevice_pipeline.cpp:134&#x0A;the fusion requests 3 GPUs to run, but there are only 1 ranks in the communicator&#x0A;"><![CDATA[/opt/pytorch/nvfuser/tests/cpp/test_multidevice_pipeline.cpp:134
the fusion requests 3 GPUs to run, but there are only 1 ranks in the communicator
]]></skipped>
    </testcase>
    <testcase name="Communication/7" value_param="(NCCL, DeviceMesh{1 0}, DeviceMesh, true, true, true, 1, false)" file="/opt/pytorch/nvfuser/tests/cpp/test_multidevice_pipeline.cpp" line="259" status="run" result="skipped" time="0.002" timestamp="2025-04-30T07:37:43.708" classname="ReduceScatter/PipelineTestTwoStages">
      <skipped message="/opt/pytorch/nvfuser/tests/cpp/test_multidevice_pipeline.cpp:134&#x0A;the fusion requests 2 GPUs to run, but there are only 1 ranks in the communicator&#x0A;"><![CDATA[/opt/pytorch/nvfuser/tests/cpp/test_multidevice_pipeline.cpp:134
the fusion requests 2 GPUs to run, but there are only 1 ranks in the communicator
]]></skipped>
    </testcase>
    <testcase name="Communication/10" value_param="(UCC, DeviceMesh{0 2 3}, DeviceMesh, true, true, true, 0, false)" file="/opt/pytorch/nvfuser/tests/cpp/test_multidevice_pipeline.cpp" line="259" status="run" result="skipped" time="0.002" timestamp="2025-04-30T07:37:43.710" classname="ReduceScatter/PipelineTestTwoStages">
      <skipped message="/opt/pytorch/nvfuser/tests/cpp/test_multidevice_pipeline.cpp:134&#x0A;the fusion requests 4 GPUs to run, but there are only 1 ranks in the communicator&#x0A;"><![CDATA[/opt/pytorch/nvfuser/tests/cpp/test_multidevice_pipeline.cpp:134
the fusion requests 4 GPUs to run, but there are only 1 ranks in the communicator
]]></skipped>
    </testcase>
    <testcase name="Communication/13" value_param="(UCC, DeviceMesh{1 0 2}, DeviceMesh, true, true, true, 1, false)" file="/opt/pytorch/nvfuser/tests/cpp/test_multidevice_pipeline.cpp" line="259" status="run" result="skipped" time="0.002" timestamp="2025-04-30T07:37:43.712" classname="ReduceScatter/PipelineTestTwoStages">
      <skipped message="/opt/pytorch/nvfuser/tests/cpp/test_multidevice_pipeline.cpp:134&#x0A;the fusion requests 3 GPUs to run, but there are only 1 ranks in the communicator&#x0A;"><![CDATA[/opt/pytorch/nvfuser/tests/cpp/test_multidevice_pipeline.cpp:134
the fusion requests 3 GPUs to run, but there are only 1 ranks in the communicator
]]></skipped>
    </testcase>
  </testsuite>
  <testsuite name="DISABLED_FusionExecutorCache_Reduce/PipelineTestTwoStages" tests="96" failures="0" disabled="96" skipped="0" errors="0" time="0." timestamp="1969-12-31T16:00:00.000">
    <testcase name="Communication/0" value_param="(NCCL, DeviceMesh{0 1 2 3}, DeviceMesh{0}, true, false, true, 0, true)" file="/opt/pytorch/nvfuser/tests/cpp/test_multidevice_pipeline.cpp" line="259" status="notrun" result="suppressed" time="0." timestamp="1969-12-31T16:00:00.000" classname="DISABLED_FusionExecutorCache_Reduce/PipelineTestTwoStages" />
    <testcase name="Communication/1" value_param="(NCCL, DeviceMesh{0 1 2 3}, DeviceMesh{0}, true, false, true, 1, true)" file="/opt/pytorch/nvfuser/tests/cpp/test_multidevice_pipeline.cpp" line="259" status="notrun" result="suppressed" time="0." timestamp="1969-12-31T16:00:00.000" classname="DISABLED_FusionExecutorCache_Reduce/PipelineTestTwoStages" />
    <testcase name="Communication/2" value_param="(NCCL, DeviceMesh{0 1 2 3}, DeviceMesh{1}, true, false, true, 0, true)" file="/opt/pytorch/nvfuser/tests/cpp/test_multidevice_pipeline.cpp" line="259" status="notrun" result="suppressed" time="0." timestamp="1969-12-31T16:00:00.000" classname="DISABLED_FusionExecutorCache_Reduce/PipelineTestTwoStages" />
    <testcase name="Communication/3" value_param="(NCCL, DeviceMesh{0 1 2 3}, DeviceMesh{1}, true, false, true, 1, true)" file="/opt/pytorch/nvfuser/tests/cpp/test_multidevice_pipeline.cpp" line="259" status="notrun" result="suppressed" time="0." timestamp="1969-12-31T16:00:00.000" classname="DISABLED_FusionExecutorCache_Reduce/PipelineTestTwoStages" />
    <testcase name="Communication/4" value_param="(NCCL, DeviceMesh{0 1 2 3}, DeviceMesh{0 1 2 3}, true, false, true, 0, true)" file="/opt/pytorch/nvfuser/tests/cpp/test_multidevice_pipeline.cpp" line="259" status="notrun" result="suppressed" time="0." timestamp="1969-12-31T16:00:00.000" classname="DISABLED_FusionExecutorCache_Reduce/PipelineTestTwoStages" />
    <testcase name="Communication/5" value_param="(NCCL, DeviceMesh{0 1 2 3}, DeviceMesh{0 1 2 3}, true, false, true, 1, true)" file="/opt/pytorch/nvfuser/tests/cpp/test_multidevice_pipeline.cpp" line="259" status="notrun" result="suppressed" time="0." timestamp="1969-12-31T16:00:00.000" classname="DISABLED_FusionExecutorCache_Reduce/PipelineTestTwoStages" />
    <testcase name="Communication/6" value_param="(NCCL, DeviceMesh{0 1 2 3}, DeviceMesh{0 2 3}, true, false, true, 0, true)" file="/opt/pytorch/nvfuser/tests/cpp/test_multidevice_pipeline.cpp" line="259" status="notrun" result="suppressed" time="0." timestamp="1969-12-31T16:00:00.000" classname="DISABLED_FusionExecutorCache_Reduce/PipelineTestTwoStages" />
    <testcase name="Communication/7" value_param="(NCCL, DeviceMesh{0 1 2 3}, DeviceMesh{0 2 3}, true, false, true, 1, true)" file="/opt/pytorch/nvfuser/tests/cpp/test_multidevice_pipeline.cpp" line="259" status="notrun" result="suppressed" time="0." timestamp="1969-12-31T16:00:00.000" classname="DISABLED_FusionExecutorCache_Reduce/PipelineTestTwoStages" />
    <testcase name="Communication/8" value_param="(NCCL, DeviceMesh{0 1 2 3}, DeviceMesh{1 0 2}, true, false, true, 0, true)" file="/opt/pytorch/nvfuser/tests/cpp/test_multidevice_pipeline.cpp" line="259" status="notrun" result="suppressed" time="0." timestamp="1969-12-31T16:00:00.000" classname="DISABLED_FusionExecutorCache_Reduce/PipelineTestTwoStages" />
    <testcase name="Communication/9" value_param="(NCCL, DeviceMesh{0 1 2 3}, DeviceMesh{1 0 2}, true, false, true, 1, true)" file="/opt/pytorch/nvfuser/tests/cpp/test_multidevice_pipeline.cpp" line="259" status="notrun" result="suppressed" time="0." timestamp="1969-12-31T16:00:00.000" classname="DISABLED_FusionExecutorCache_Reduce/PipelineTestTwoStages" />
    <testcase name="Communication/10" value_param="(NCCL, DeviceMesh{0 1 2 3}, DeviceMesh{1 0}, true, false, true, 0, true)" file="/opt/pytorch/nvfuser/tests/cpp/test_multidevice_pipeline.cpp" line="259" status="notrun" result="suppressed" time="0." timestamp="1969-12-31T16:00:00.000" classname="DISABLED_FusionExecutorCache_Reduce/PipelineTestTwoStages" />
    <testcase name="Communication/11" value_param="(NCCL, DeviceMesh{0 1 2 3}, DeviceMesh{1 0}, true, false, true, 1, true)" file="/opt/pytorch/nvfuser/tests/cpp/test_multidevice_pipeline.cpp" line="259" status="notrun" result="suppressed" time="0." timestamp="1969-12-31T16:00:00.000" classname="DISABLED_FusionExecutorCache_Reduce/PipelineTestTwoStages" />
    <testcase name="Communication/12" value_param="(NCCL, DeviceMesh{0 2 3}, DeviceMesh{0}, true, false, true, 0, true)" file="/opt/pytorch/nvfuser/tests/cpp/test_multidevice_pipeline.cpp" line="259" status="notrun" result="suppressed" time="0." timestamp="1969-12-31T16:00:00.000" classname="DISABLED_FusionExecutorCache_Reduce/PipelineTestTwoStages" />
    <testcase name="Communication/13" value_param="(NCCL, DeviceMesh{0 2 3}, DeviceMesh{0}, true, false, true, 1, true)" file="/opt/pytorch/nvfuser/tests/cpp/test_multidevice_pipeline.cpp" line="259" status="notrun" result="suppressed" time="0." timestamp="1969-12-31T16:00:00.000" classname="DISABLED_FusionExecutorCache_Reduce/PipelineTestTwoStages" />
    <testcase name="Communication/14" value_param="(NCCL, DeviceMesh{0 2 3}, DeviceMesh{1}, true, false, true, 0, true)" file="/opt/pytorch/nvfuser/tests/cpp/test_multidevice_pipeline.cpp" line="259" status="notrun" result="suppressed" time="0." timestamp="1969-12-31T16:00:00.000" classname="DISABLED_FusionExecutorCache_Reduce/PipelineTestTwoStages" />
    <testcase name="Communication/15" value_param="(NCCL, DeviceMesh{0 2 3}, DeviceMesh{1}, true, false, true, 1, true)" file="/opt/pytorch/nvfuser/tests/cpp/test_multidevice_pipeline.cpp" line="259" status="notrun" result="suppressed" time="0." timestamp="1969-12-31T16:00:00.000" classname="DISABLED_FusionExecutorCache_Reduce/PipelineTestTwoStages" />
    <testcase name="Communication/16" value_param="(NCCL, DeviceMesh{0 2 3}, DeviceMesh{0 1 2 3}, true, false, true, 0, true)" file="/opt/pytorch/nvfuser/tests/cpp/test_multidevice_pipeline.cpp" line="259" status="notrun" result="suppressed" time="0." timestamp="1969-12-31T16:00:00.000" classname="DISABLED_FusionExecutorCache_Reduce/PipelineTestTwoStages" />
    <testcase name="Communication/17" value_param="(NCCL, DeviceMesh{0 2 3}, DeviceMesh{0 1 2 3}, true, false, true, 1, true)" file="/opt/pytorch/nvfuser/tests/cpp/test_multidevice_pipeline.cpp" line="259" status="notrun" result="suppressed" time="0." timestamp="1969-12-31T16:00:00.000" classname="DISABLED_FusionExecutorCache_Reduce/PipelineTestTwoStages" />
    <testcase name="Communication/18" value_param="(NCCL, DeviceMesh{0 2 3}, DeviceMesh{0 2 3}, true, false, true, 0, true)" file="/opt/pytorch/nvfuser/tests/cpp/test_multidevice_pipeline.cpp" line="259" status="notrun" result="suppressed" time="0." timestamp="1969-12-31T16:00:00.000" classname="DISABLED_FusionExecutorCache_Reduce/PipelineTestTwoStages" />
    <testcase name="Communication/19" value_param="(NCCL, DeviceMesh{0 2 3}, DeviceMesh{0 2 3}, true, false, true, 1, true)" file="/opt/pytorch/nvfuser/tests/cpp/test_multidevice_pipeline.cpp" line="259" status="notrun" result="suppressed" time="0." timestamp="1969-12-31T16:00:00.000" classname="DISABLED_FusionExecutorCache_Reduce/PipelineTestTwoStages" />
    <testcase name="Communication/20" value_param="(NCCL, DeviceMesh{0 2 3}, DeviceMesh{1 0 2}, true, false, true, 0, true)" file="/opt/pytorch/nvfuser/tests/cpp/test_multidevice_pipeline.cpp" line="259" status="notrun" result="suppressed" time="0." timestamp="1969-12-31T16:00:00.000" classname="DISABLED_FusionExecutorCache_Reduce/PipelineTestTwoStages" />
    <testcase name="Communication/21" value_param="(NCCL, DeviceMesh{0 2 3}, DeviceMesh{1 0 2}, true, false, true, 1, true)" file="/opt/pytorch/nvfuser/tests/cpp/test_multidevice_pipeline.cpp" line="259" status="notrun" result="suppressed" time="0." timestamp="1969-12-31T16:00:00.000" classname="DISABLED_FusionExecutorCache_Reduce/PipelineTestTwoStages" />
    <testcase name="Communication/22" value_param="(NCCL, DeviceMesh{0 2 3}, DeviceMesh{1 0}, true, false, true, 0, true)" file="/opt/pytorch/nvfuser/tests/cpp/test_multidevice_pipeline.cpp" line="259" status="notrun" result="suppressed" time="0." timestamp="1969-12-31T16:00:00.000" classname="DISABLED_FusionExecutorCache_Reduce/PipelineTestTwoStages" />
    <testcase name="Communication/23" value_param="(NCCL, DeviceMesh{0 2 3}, DeviceMesh{1 0}, true, false, true, 1, true)" file="/opt/pytorch/nvfuser/tests/cpp/test_multidevice_pipeline.cpp" line="259" status="notrun" result="suppressed" time="0." timestamp="1969-12-31T16:00:00.000" classname="DISABLED_FusionExecutorCache_Reduce/PipelineTestTwoStages" />
    <testcase name="Communication/24" value_param="(NCCL, DeviceMesh{1 0 2}, DeviceMesh{0}, true, false, true, 0, true)" file="/opt/pytorch/nvfuser/tests/cpp/test_multidevice_pipeline.cpp" line="259" status="notrun" result="suppressed" time="0." timestamp="1969-12-31T16:00:00.000" classname="DISABLED_FusionExecutorCache_Reduce/PipelineTestTwoStages" />
    <testcase name="Communication/25" value_param="(NCCL, DeviceMesh{1 0 2}, DeviceMesh{0}, true, false, true, 1, true)" file="/opt/pytorch/nvfuser/tests/cpp/test_multidevice_pipeline.cpp" line="259" status="notrun" result="suppressed" time="0." timestamp="1969-12-31T16:00:00.000" classname="DISABLED_FusionExecutorCache_Reduce/PipelineTestTwoStages" />
    <testcase name="Communication/26" value_param="(NCCL, DeviceMesh{1 0 2}, DeviceMesh{1}, true, false, true, 0, true)" file="/opt/pytorch/nvfuser/tests/cpp/test_multidevice_pipeline.cpp" line="259" status="notrun" result="suppressed" time="0." timestamp="1969-12-31T16:00:00.000" classname="DISABLED_FusionExecutorCache_Reduce/PipelineTestTwoStages" />
    <testcase name="Communication/27" value_param="(NCCL, DeviceMesh{1 0 2}, DeviceMesh{1}, true, false, true, 1, true)" file="/opt/pytorch/nvfuser/tests/cpp/test_multidevice_pipeline.cpp" line="259" status="notrun" result="suppressed" time="0." timestamp="1969-12-31T16:00:00.000" classname="DISABLED_FusionExecutorCache_Reduce/PipelineTestTwoStages" />
    <testcase name="Communication/28" value_param="(NCCL, DeviceMesh{1 0 2}, DeviceMesh{0 1 2 3}, true, false, true, 0, true)" file="/opt/pytorch/nvfuser/tests/cpp/test_multidevice_pipeline.cpp" line="259" status="notrun" result="suppressed" time="0." timestamp="1969-12-31T16:00:00.000" classname="DISABLED_FusionExecutorCache_Reduce/PipelineTestTwoStages" />
    <testcase name="Communication/29" value_param="(NCCL, DeviceMesh{1 0 2}, DeviceMesh{0 1 2 3}, true, false, true, 1, true)" file="/opt/pytorch/nvfuser/tests/cpp/test_multidevice_pipeline.cpp" line="259" status="notrun" result="suppressed" time="0." timestamp="1969-12-31T16:00:00.000" classname="DISABLED_FusionExecutorCache_Reduce/PipelineTestTwoStages" />
    <testcase name="Communication/30" value_param="(NCCL, DeviceMesh{1 0 2}, DeviceMesh{0 2 3}, true, false, true, 0, true)" file="/opt/pytorch/nvfuser/tests/cpp/test_multidevice_pipeline.cpp" line="259" status="notrun" result="suppressed" time="0." timestamp="1969-12-31T16:00:00.000" classname="DISABLED_FusionExecutorCache_Reduce/PipelineTestTwoStages" />
    <testcase name="Communication/31" value_param="(NCCL, DeviceMesh{1 0 2}, DeviceMesh{0 2 3}, true, false, true, 1, true)" file="/opt/pytorch/nvfuser/tests/cpp/test_multidevice_pipeline.cpp" line="259" status="notrun" result="suppressed" time="0." timestamp="1969-12-31T16:00:00.000" classname="DISABLED_FusionExecutorCache_Reduce/PipelineTestTwoStages" />
    <testcase name="Communication/32" value_param="(NCCL, DeviceMesh{1 0 2}, DeviceMesh{1 0 2}, true, false, true, 0, true)" file="/opt/pytorch/nvfuser/tests/cpp/test_multidevice_pipeline.cpp" line="259" status="notrun" result="suppressed" time="0." timestamp="1969-12-31T16:00:00.000" classname="DISABLED_FusionExecutorCache_Reduce/PipelineTestTwoStages" />
    <testcase name="Communication/33" value_param="(NCCL, DeviceMesh{1 0 2}, DeviceMesh{1 0 2}, true, false, true, 1, true)" file="/opt/pytorch/nvfuser/tests/cpp/test_multidevice_pipeline.cpp" line="259" status="notrun" result="suppressed" time="0." timestamp="1969-12-31T16:00:00.000" classname="DISABLED_FusionExecutorCache_Reduce/PipelineTestTwoStages" />
    <testcase name="Communication/34" value_param="(NCCL, DeviceMesh{1 0 2}, DeviceMesh{1 0}, true, false, true, 0, true)" file="/opt/pytorch/nvfuser/tests/cpp/test_multidevice_pipeline.cpp" line="259" status="notrun" result="suppressed" time="0." timestamp="1969-12-31T16:00:00.000" classname="DISABLED_FusionExecutorCache_Reduce/PipelineTestTwoStages" />
    <testcase name="Communication/35" value_param="(NCCL, DeviceMesh{1 0 2}, DeviceMesh{1 0}, true, false, true, 1, true)" file="/opt/pytorch/nvfuser/tests/cpp/test_multidevice_pipeline.cpp" line="259" status="notrun" result="suppressed" time="0." timestamp="1969-12-31T16:00:00.000" classname="DISABLED_FusionExecutorCache_Reduce/PipelineTestTwoStages" />
    <testcase name="Communication/36" value_param="(NCCL, DeviceMesh{1 0}, DeviceMesh{0}, true, false, true, 0, true)" file="/opt/pytorch/nvfuser/tests/cpp/test_multidevice_pipeline.cpp" line="259" status="notrun" result="suppressed" time="0." timestamp="1969-12-31T16:00:00.000" classname="DISABLED_FusionExecutorCache_Reduce/PipelineTestTwoStages" />
    <testcase name="Communication/37" value_param="(NCCL, DeviceMesh{1 0}, DeviceMesh{0}, true, false, true, 1, true)" file="/opt/pytorch/nvfuser/tests/cpp/test_multidevice_pipeline.cpp" line="259" status="notrun" result="suppressed" time="0." timestamp="1969-12-31T16:00:00.000" classname="DISABLED_FusionExecutorCache_Reduce/PipelineTestTwoStages" />
    <testcase name="Communication/38" value_param="(NCCL, DeviceMesh{1 0}, DeviceMesh{1}, true, false, true, 0, true)" file="/opt/pytorch/nvfuser/tests/cpp/test_multidevice_pipeline.cpp" line="259" status="notrun" result="suppressed" time="0." timestamp="1969-12-31T16:00:00.000" classname="DISABLED_FusionExecutorCache_Reduce/PipelineTestTwoStages" />
    <testcase name="Communication/39" value_param="(NCCL, DeviceMesh{1 0}, DeviceMesh{1}, true, false, true, 1, true)" file="/opt/pytorch/nvfuser/tests/cpp/test_multidevice_pipeline.cpp" line="259" status="notrun" result="suppressed" time="0." timestamp="1969-12-31T16:00:00.000" classname="DISABLED_FusionExecutorCache_Reduce/PipelineTestTwoStages" />
    <testcase name="Communication/40" value_param="(NCCL, DeviceMesh{1 0}, DeviceMesh{0 1 2 3}, true, false, true, 0, true)" file="/opt/pytorch/nvfuser/tests/cpp/test_multidevice_pipeline.cpp" line="259" status="notrun" result="suppressed" time="0." timestamp="1969-12-31T16:00:00.000" classname="DISABLED_FusionExecutorCache_Reduce/PipelineTestTwoStages" />
    <testcase name="Communication/41" value_param="(NCCL, DeviceMesh{1 0}, DeviceMesh{0 1 2 3}, true, false, true, 1, true)" file="/opt/pytorch/nvfuser/tests/cpp/test_multidevice_pipeline.cpp" line="259" status="notrun" result="suppressed" time="0." timestamp="1969-12-31T16:00:00.000" classname="DISABLED_FusionExecutorCache_Reduce/PipelineTestTwoStages" />
    <testcase name="Communication/42" value_param="(NCCL, DeviceMesh{1 0}, DeviceMesh{0 2 3}, true, false, true, 0, true)" file="/opt/pytorch/nvfuser/tests/cpp/test_multidevice_pipeline.cpp" line="259" status="notrun" result="suppressed" time="0." timestamp="1969-12-31T16:00:00.000" classname="DISABLED_FusionExecutorCache_Reduce/PipelineTestTwoStages" />
    <testcase name="Communication/43" value_param="(NCCL, DeviceMesh{1 0}, DeviceMesh{0 2 3}, true, false, true, 1, true)" file="/opt/pytorch/nvfuser/tests/cpp/test_multidevice_pipeline.cpp" line="259" status="notrun" result="suppressed" time="0." timestamp="1969-12-31T16:00:00.000" classname="DISABLED_FusionExecutorCache_Reduce/PipelineTestTwoStages" />
    <testcase name="Communication/44" value_param="(NCCL, DeviceMesh{1 0}, DeviceMesh{1 0 2}, true, false, true, 0, true)" file="/opt/pytorch/nvfuser/tests/cpp/test_multidevice_pipeline.cpp" line="259" status="notrun" result="suppressed" time="0." timestamp="1969-12-31T16:00:00.000" classname="DISABLED_FusionExecutorCache_Reduce/PipelineTestTwoStages" />
    <testcase name="Communication/45" value_param="(NCCL, DeviceMesh{1 0}, DeviceMesh{1 0 2}, true, false, true, 1, true)" file="/opt/pytorch/nvfuser/tests/cpp/test_multidevice_pipeline.cpp" line="259" status="notrun" result="suppressed" time="0." timestamp="1969-12-31T16:00:00.000" classname="DISABLED_FusionExecutorCache_Reduce/PipelineTestTwoStages" />
    <testcase name="Communication/46" value_param="(NCCL, DeviceMesh{1 0}, DeviceMesh{1 0}, true, false, true, 0, true)" file="/opt/pytorch/nvfuser/tests/cpp/test_multidevice_pipeline.cpp" line="259" status="notrun" result="suppressed" time="0." timestamp="1969-12-31T16:00:00.000" classname="DISABLED_FusionExecutorCache_Reduce/PipelineTestTwoStages" />
    <testcase name="Communication/47" value_param="(NCCL, DeviceMesh{1 0}, DeviceMesh{1 0}, true, false, true, 1, true)" file="/opt/pytorch/nvfuser/tests/cpp/test_multidevice_pipeline.cpp" line="259" status="notrun" result="suppressed" time="0." timestamp="1969-12-31T16:00:00.000" classname="DISABLED_FusionExecutorCache_Reduce/PipelineTestTwoStages" />
    <testcase name="Communication/48" value_param="(UCC, DeviceMesh{0 1 2 3}, DeviceMesh{0}, true, false, true, 0, true)" file="/opt/pytorch/nvfuser/tests/cpp/test_multidevice_pipeline.cpp" line="259" status="notrun" result="suppressed" time="0." timestamp="1969-12-31T16:00:00.000" classname="DISABLED_FusionExecutorCache_Reduce/PipelineTestTwoStages" />
    <testcase name="Communication/49" value_param="(UCC, DeviceMesh{0 1 2 3}, DeviceMesh{0}, true, false, true, 1, true)" file="/opt/pytorch/nvfuser/tests/cpp/test_multidevice_pipeline.cpp" line="259" status="notrun" result="suppressed" time="0." timestamp="1969-12-31T16:00:00.000" classname="DISABLED_FusionExecutorCache_Reduce/PipelineTestTwoStages" />
    <testcase name="Communication/50" value_param="(UCC, DeviceMesh{0 1 2 3}, DeviceMesh{1}, true, false, true, 0, true)" file="/opt/pytorch/nvfuser/tests/cpp/test_multidevice_pipeline.cpp" line="259" status="notrun" result="suppressed" time="0." timestamp="1969-12-31T16:00:00.000" classname="DISABLED_FusionExecutorCache_Reduce/PipelineTestTwoStages" />
    <testcase name="Communication/51" value_param="(UCC, DeviceMesh{0 1 2 3}, DeviceMesh{1}, true, false, true, 1, true)" file="/opt/pytorch/nvfuser/tests/cpp/test_multidevice_pipeline.cpp" line="259" status="notrun" result="suppressed" time="0." timestamp="1969-12-31T16:00:00.000" classname="DISABLED_FusionExecutorCache_Reduce/PipelineTestTwoStages" />
    <testcase name="Communication/52" value_param="(UCC, DeviceMesh{0 1 2 3}, DeviceMesh{0 1 2 3}, true, false, true, 0, true)" file="/opt/pytorch/nvfuser/tests/cpp/test_multidevice_pipeline.cpp" line="259" status="notrun" result="suppressed" time="0." timestamp="1969-12-31T16:00:00.000" classname="DISABLED_FusionExecutorCache_Reduce/PipelineTestTwoStages" />
    <testcase name="Communication/53" value_param="(UCC, DeviceMesh{0 1 2 3}, DeviceMesh{0 1 2 3}, true, false, true, 1, true)" file="/opt/pytorch/nvfuser/tests/cpp/test_multidevice_pipeline.cpp" line="259" status="notrun" result="suppressed" time="0." timestamp="1969-12-31T16:00:00.000" classname="DISABLED_FusionExecutorCache_Reduce/PipelineTestTwoStages" />
    <testcase name="Communication/54" value_param="(UCC, DeviceMesh{0 1 2 3}, DeviceMesh{0 2 3}, true, false, true, 0, true)" file="/opt/pytorch/nvfuser/tests/cpp/test_multidevice_pipeline.cpp" line="259" status="notrun" result="suppressed" time="0." timestamp="1969-12-31T16:00:00.000" classname="DISABLED_FusionExecutorCache_Reduce/PipelineTestTwoStages" />
    <testcase name="Communication/55" value_param="(UCC, DeviceMesh{0 1 2 3}, DeviceMesh{0 2 3}, true, false, true, 1, true)" file="/opt/pytorch/nvfuser/tests/cpp/test_multidevice_pipeline.cpp" line="259" status="notrun" result="suppressed" time="0." timestamp="1969-12-31T16:00:00.000" classname="DISABLED_FusionExecutorCache_Reduce/PipelineTestTwoStages" />
    <testcase name="Communication/56" value_param="(UCC, DeviceMesh{0 1 2 3}, DeviceMesh{1 0 2}, true, false, true, 0, true)" file="/opt/pytorch/nvfuser/tests/cpp/test_multidevice_pipeline.cpp" line="259" status="notrun" result="suppressed" time="0." timestamp="1969-12-31T16:00:00.000" classname="DISABLED_FusionExecutorCache_Reduce/PipelineTestTwoStages" />
    <testcase name="Communication/57" value_param="(UCC, DeviceMesh{0 1 2 3}, DeviceMesh{1 0 2}, true, false, true, 1, true)" file="/opt/pytorch/nvfuser/tests/cpp/test_multidevice_pipeline.cpp" line="259" status="notrun" result="suppressed" time="0." timestamp="1969-12-31T16:00:00.000" classname="DISABLED_FusionExecutorCache_Reduce/PipelineTestTwoStages" />
    <testcase name="Communication/58" value_param="(UCC, DeviceMesh{0 1 2 3}, DeviceMesh{1 0}, true, false, true, 0, true)" file="/opt/pytorch/nvfuser/tests/cpp/test_multidevice_pipeline.cpp" line="259" status="notrun" result="suppressed" time="0." timestamp="1969-12-31T16:00:00.000" classname="DISABLED_FusionExecutorCache_Reduce/PipelineTestTwoStages" />
    <testcase name="Communication/59" value_param="(UCC, DeviceMesh{0 1 2 3}, DeviceMesh{1 0}, true, false, true, 1, true)" file="/opt/pytorch/nvfuser/tests/cpp/test_multidevice_pipeline.cpp" line="259" status="notrun" result="suppressed" time="0." timestamp="1969-12-31T16:00:00.000" classname="DISABLED_FusionExecutorCache_Reduce/PipelineTestTwoStages" />
    <testcase name="Communication/60" value_param="(UCC, DeviceMesh{0 2 3}, DeviceMesh{0}, true, false, true, 0, true)" file="/opt/pytorch/nvfuser/tests/cpp/test_multidevice_pipeline.cpp" line="259" status="notrun" result="suppressed" time="0." timestamp="1969-12-31T16:00:00.000" classname="DISABLED_FusionExecutorCache_Reduce/PipelineTestTwoStages" />
    <testcase name="Communication/61" value_param="(UCC, DeviceMesh{0 2 3}, DeviceMesh{0}, true, false, true, 1, true)" file="/opt/pytorch/nvfuser/tests/cpp/test_multidevice_pipeline.cpp" line="259" status="notrun" result="suppressed" time="0." timestamp="1969-12-31T16:00:00.000" classname="DISABLED_FusionExecutorCache_Reduce/PipelineTestTwoStages" />
    <testcase name="Communication/62" value_param="(UCC, DeviceMesh{0 2 3}, DeviceMesh{1}, true, false, true, 0, true)" file="/opt/pytorch/nvfuser/tests/cpp/test_multidevice_pipeline.cpp" line="259" status="notrun" result="suppressed" time="0." timestamp="1969-12-31T16:00:00.000" classname="DISABLED_FusionExecutorCache_Reduce/PipelineTestTwoStages" />
    <testcase name="Communication/63" value_param="(UCC, DeviceMesh{0 2 3}, DeviceMesh{1}, true, false, true, 1, true)" file="/opt/pytorch/nvfuser/tests/cpp/test_multidevice_pipeline.cpp" line="259" status="notrun" result="suppressed" time="0." timestamp="1969-12-31T16:00:00.000" classname="DISABLED_FusionExecutorCache_Reduce/PipelineTestTwoStages" />
    <testcase name="Communication/64" value_param="(UCC, DeviceMesh{0 2 3}, DeviceMesh{0 1 2 3}, true, false, true, 0, true)" file="/opt/pytorch/nvfuser/tests/cpp/test_multidevice_pipeline.cpp" line="259" status="notrun" result="suppressed" time="0." timestamp="1969-12-31T16:00:00.000" classname="DISABLED_FusionExecutorCache_Reduce/PipelineTestTwoStages" />
    <testcase name="Communication/65" value_param="(UCC, DeviceMesh{0 2 3}, DeviceMesh{0 1 2 3}, true, false, true, 1, true)" file="/opt/pytorch/nvfuser/tests/cpp/test_multidevice_pipeline.cpp" line="259" status="notrun" result="suppressed" time="0." timestamp="1969-12-31T16:00:00.000" classname="DISABLED_FusionExecutorCache_Reduce/PipelineTestTwoStages" />
    <testcase name="Communication/66" value_param="(UCC, DeviceMesh{0 2 3}, DeviceMesh{0 2 3}, true, false, true, 0, true)" file="/opt/pytorch/nvfuser/tests/cpp/test_multidevice_pipeline.cpp" line="259" status="notrun" result="suppressed" time="0." timestamp="1969-12-31T16:00:00.000" classname="DISABLED_FusionExecutorCache_Reduce/PipelineTestTwoStages" />
    <testcase name="Communication/67" value_param="(UCC, DeviceMesh{0 2 3}, DeviceMesh{0 2 3}, true, false, true, 1, true)" file="/opt/pytorch/nvfuser/tests/cpp/test_multidevice_pipeline.cpp" line="259" status="notrun" result="suppressed" time="0." timestamp="1969-12-31T16:00:00.000" classname="DISABLED_FusionExecutorCache_Reduce/PipelineTestTwoStages" />
    <testcase name="Communication/68" value_param="(UCC, DeviceMesh{0 2 3}, DeviceMesh{1 0 2}, true, false, true, 0, true)" file="/opt/pytorch/nvfuser/tests/cpp/test_multidevice_pipeline.cpp" line="259" status="notrun" result="suppressed" time="0." timestamp="1969-12-31T16:00:00.000" classname="DISABLED_FusionExecutorCache_Reduce/PipelineTestTwoStages" />
    <testcase name="Communication/69" value_param="(UCC, DeviceMesh{0 2 3}, DeviceMesh{1 0 2}, true, false, true, 1, true)" file="/opt/pytorch/nvfuser/tests/cpp/test_multidevice_pipeline.cpp" line="259" status="notrun" result="suppressed" time="0." timestamp="1969-12-31T16:00:00.000" classname="DISABLED_FusionExecutorCache_Reduce/PipelineTestTwoStages" />
    <testcase name="Communication/70" value_param="(UCC, DeviceMesh{0 2 3}, DeviceMesh{1 0}, true, false, true, 0, true)" file="/opt/pytorch/nvfuser/tests/cpp/test_multidevice_pipeline.cpp" line="259" status="notrun" result="suppressed" time="0." timestamp="1969-12-31T16:00:00.000" classname="DISABLED_FusionExecutorCache_Reduce/PipelineTestTwoStages" />
    <testcase name="Communication/71" value_param="(UCC, DeviceMesh{0 2 3}, DeviceMesh{1 0}, true, false, true, 1, true)" file="/opt/pytorch/nvfuser/tests/cpp/test_multidevice_pipeline.cpp" line="259" status="notrun" result="suppressed" time="0." timestamp="1969-12-31T16:00:00.000" classname="DISABLED_FusionExecutorCache_Reduce/PipelineTestTwoStages" />
    <testcase name="Communication/72" value_param="(UCC, DeviceMesh{1 0 2}, DeviceMesh{0}, true, false, true, 0, true)" file="/opt/pytorch/nvfuser/tests/cpp/test_multidevice_pipeline.cpp" line="259" status="notrun" result="suppressed" time="0." timestamp="1969-12-31T16:00:00.000" classname="DISABLED_FusionExecutorCache_Reduce/PipelineTestTwoStages" />
    <testcase name="Communication/73" value_param="(UCC, DeviceMesh{1 0 2}, DeviceMesh{0}, true, false, true, 1, true)" file="/opt/pytorch/nvfuser/tests/cpp/test_multidevice_pipeline.cpp" line="259" status="notrun" result="suppressed" time="0." timestamp="1969-12-31T16:00:00.000" classname="DISABLED_FusionExecutorCache_Reduce/PipelineTestTwoStages" />
    <testcase name="Communication/74" value_param="(UCC, DeviceMesh{1 0 2}, DeviceMesh{1}, true, false, true, 0, true)" file="/opt/pytorch/nvfuser/tests/cpp/test_multidevice_pipeline.cpp" line="259" status="notrun" result="suppressed" time="0." timestamp="1969-12-31T16:00:00.000" classname="DISABLED_FusionExecutorCache_Reduce/PipelineTestTwoStages" />
    <testcase name="Communication/75" value_param="(UCC, DeviceMesh{1 0 2}, DeviceMesh{1}, true, false, true, 1, true)" file="/opt/pytorch/nvfuser/tests/cpp/test_multidevice_pipeline.cpp" line="259" status="notrun" result="suppressed" time="0." timestamp="1969-12-31T16:00:00.000" classname="DISABLED_FusionExecutorCache_Reduce/PipelineTestTwoStages" />
    <testcase name="Communication/76" value_param="(UCC, DeviceMesh{1 0 2}, DeviceMesh{0 1 2 3}, true, false, true, 0, true)" file="/opt/pytorch/nvfuser/tests/cpp/test_multidevice_pipeline.cpp" line="259" status="notrun" result="suppressed" time="0." timestamp="1969-12-31T16:00:00.000" classname="DISABLED_FusionExecutorCache_Reduce/PipelineTestTwoStages" />
    <testcase name="Communication/77" value_param="(UCC, DeviceMesh{1 0 2}, DeviceMesh{0 1 2 3}, true, false, true, 1, true)" file="/opt/pytorch/nvfuser/tests/cpp/test_multidevice_pipeline.cpp" line="259" status="notrun" result="suppressed" time="0." timestamp="1969-12-31T16:00:00.000" classname="DISABLED_FusionExecutorCache_Reduce/PipelineTestTwoStages" />
    <testcase name="Communication/78" value_param="(UCC, DeviceMesh{1 0 2}, DeviceMesh{0 2 3}, true, false, true, 0, true)" file="/opt/pytorch/nvfuser/tests/cpp/test_multidevice_pipeline.cpp" line="259" status="notrun" result="suppressed" time="0." timestamp="1969-12-31T16:00:00.000" classname="DISABLED_FusionExecutorCache_Reduce/PipelineTestTwoStages" />
    <testcase name="Communication/79" value_param="(UCC, DeviceMesh{1 0 2}, DeviceMesh{0 2 3}, true, false, true, 1, true)" file="/opt/pytorch/nvfuser/tests/cpp/test_multidevice_pipeline.cpp" line="259" status="notrun" result="suppressed" time="0." timestamp="1969-12-31T16:00:00.000" classname="DISABLED_FusionExecutorCache_Reduce/PipelineTestTwoStages" />
    <testcase name="Communication/80" value_param="(UCC, DeviceMesh{1 0 2}, DeviceMesh{1 0 2}, true, false, true, 0, true)" file="/opt/pytorch/nvfuser/tests/cpp/test_multidevice_pipeline.cpp" line="259" status="notrun" result="suppressed" time="0." timestamp="1969-12-31T16:00:00.000" classname="DISABLED_FusionExecutorCache_Reduce/PipelineTestTwoStages" />
    <testcase name="Communication/81" value_param="(UCC, DeviceMesh{1 0 2}, DeviceMesh{1 0 2}, true, false, true, 1, true)" file="/opt/pytorch/nvfuser/tests/cpp/test_multidevice_pipeline.cpp" line="259" status="notrun" result="suppressed" time="0." timestamp="1969-12-31T16:00:00.000" classname="DISABLED_FusionExecutorCache_Reduce/PipelineTestTwoStages" />
    <testcase name="Communication/82" value_param="(UCC, DeviceMesh{1 0 2}, DeviceMesh{1 0}, true, false, true, 0, true)" file="/opt/pytorch/nvfuser/tests/cpp/test_multidevice_pipeline.cpp" line="259" status="notrun" result="suppressed" time="0." timestamp="1969-12-31T16:00:00.000" classname="DISABLED_FusionExecutorCache_Reduce/PipelineTestTwoStages" />
    <testcase name="Communication/83" value_param="(UCC, DeviceMesh{1 0 2}, DeviceMesh{1 0}, true, false, true, 1, true)" file="/opt/pytorch/nvfuser/tests/cpp/test_multidevice_pipeline.cpp" line="259" status="notrun" result="suppressed" time="0." timestamp="1969-12-31T16:00:00.000" classname="DISABLED_FusionExecutorCache_Reduce/PipelineTestTwoStages" />
    <testcase name="Communication/84" value_param="(UCC, DeviceMesh{1 0}, DeviceMesh{0}, true, false, true, 0, true)" file="/opt/pytorch/nvfuser/tests/cpp/test_multidevice_pipeline.cpp" line="259" status="notrun" result="suppressed" time="0." timestamp="1969-12-31T16:00:00.000" classname="DISABLED_FusionExecutorCache_Reduce/PipelineTestTwoStages" />
    <testcase name="Communication/85" value_param="(UCC, DeviceMesh{1 0}, DeviceMesh{0}, true, false, true, 1, true)" file="/opt/pytorch/nvfuser/tests/cpp/test_multidevice_pipeline.cpp" line="259" status="notrun" result="suppressed" time="0." timestamp="1969-12-31T16:00:00.000" classname="DISABLED_FusionExecutorCache_Reduce/PipelineTestTwoStages" />
    <testcase name="Communication/86" value_param="(UCC, DeviceMesh{1 0}, DeviceMesh{1}, true, false, true, 0, true)" file="/opt/pytorch/nvfuser/tests/cpp/test_multidevice_pipeline.cpp" line="259" status="notrun" result="suppressed" time="0." timestamp="1969-12-31T16:00:00.000" classname="DISABLED_FusionExecutorCache_Reduce/PipelineTestTwoStages" />
    <testcase name="Communication/87" value_param="(UCC, DeviceMesh{1 0}, DeviceMesh{1}, true, false, true, 1, true)" file="/opt/pytorch/nvfuser/tests/cpp/test_multidevice_pipeline.cpp" line="259" status="notrun" result="suppressed" time="0." timestamp="1969-12-31T16:00:00.000" classname="DISABLED_FusionExecutorCache_Reduce/PipelineTestTwoStages" />
    <testcase name="Communication/88" value_param="(UCC, DeviceMesh{1 0}, DeviceMesh{0 1 2 3}, true, false, true, 0, true)" file="/opt/pytorch/nvfuser/tests/cpp/test_multidevice_pipeline.cpp" line="259" status="notrun" result="suppressed" time="0." timestamp="1969-12-31T16:00:00.000" classname="DISABLED_FusionExecutorCache_Reduce/PipelineTestTwoStages" />
    <testcase name="Communication/89" value_param="(UCC, DeviceMesh{1 0}, DeviceMesh{0 1 2 3}, true, false, true, 1, true)" file="/opt/pytorch/nvfuser/tests/cpp/test_multidevice_pipeline.cpp" line="259" status="notrun" result="suppressed" time="0." timestamp="1969-12-31T16:00:00.000" classname="DISABLED_FusionExecutorCache_Reduce/PipelineTestTwoStages" />
    <testcase name="Communication/90" value_param="(UCC, DeviceMesh{1 0}, DeviceMesh{0 2 3}, true, false, true, 0, true)" file="/opt/pytorch/nvfuser/tests/cpp/test_multidevice_pipeline.cpp" line="259" status="notrun" result="suppressed" time="0." timestamp="1969-12-31T16:00:00.000" classname="DISABLED_FusionExecutorCache_Reduce/PipelineTestTwoStages" />
    <testcase name="Communication/91" value_param="(UCC, DeviceMesh{1 0}, DeviceMesh{0 2 3}, true, false, true, 1, true)" file="/opt/pytorch/nvfuser/tests/cpp/test_multidevice_pipeline.cpp" line="259" status="notrun" result="suppressed" time="0." timestamp="1969-12-31T16:00:00.000" classname="DISABLED_FusionExecutorCache_Reduce/PipelineTestTwoStages" />
    <testcase name="Communication/92" value_param="(UCC, DeviceMesh{1 0}, DeviceMesh{1 0 2}, true, false, true, 0, true)" file="/opt/pytorch/nvfuser/tests/cpp/test_multidevice_pipeline.cpp" line="259" status="notrun" result="suppressed" time="0." timestamp="1969-12-31T16:00:00.000" classname="DISABLED_FusionExecutorCache_Reduce/PipelineTestTwoStages" />
    <testcase name="Communication/93" value_param="(UCC, DeviceMesh{1 0}, DeviceMesh{1 0 2}, true, false, true, 1, true)" file="/opt/pytorch/nvfuser/tests/cpp/test_multidevice_pipeline.cpp" line="259" status="notrun" result="suppressed" time="0." timestamp="1969-12-31T16:00:00.000" classname="DISABLED_FusionExecutorCache_Reduce/PipelineTestTwoStages" />
    <testcase name="Communication/94" value_param="(UCC, DeviceMesh{1 0}, DeviceMesh{1 0}, true, false, true, 0, true)" file="/opt/pytorch/nvfuser/tests/cpp/test_multidevice_pipeline.cpp" line="259" status="notrun" result="suppressed" time="0." timestamp="1969-12-31T16:00:00.000" classname="DISABLED_FusionExecutorCache_Reduce/PipelineTestTwoStages" />
    <testcase name="Communication/95" value_param="(UCC, DeviceMesh{1 0}, DeviceMesh{1 0}, true, false, true, 1, true)" file="/opt/pytorch/nvfuser/tests/cpp/test_multidevice_pipeline.cpp" line="259" status="notrun" result="suppressed" time="0." timestamp="1969-12-31T16:00:00.000" classname="DISABLED_FusionExecutorCache_Reduce/PipelineTestTwoStages" />
  </testsuite>
  <testsuite name="DISABLED_FusionExecutorCache_ReduceScatter/PipelineTestTwoStages" tests="16" failures="0" disabled="16" skipped="0" errors="0" time="0." timestamp="1969-12-31T16:00:00.000">
    <testcase name="Communication/0" value_param="(NCCL, DeviceMesh{0 1 2 3}, DeviceMesh, true, true, true, 0, true)" file="/opt/pytorch/nvfuser/tests/cpp/test_multidevice_pipeline.cpp" line="259" status="notrun" result="suppressed" time="0." timestamp="1969-12-31T16:00:00.000" classname="DISABLED_FusionExecutorCache_ReduceScatter/PipelineTestTwoStages" />
    <testcase name="Communication/1" value_param="(NCCL, DeviceMesh{0 1 2 3}, DeviceMesh, true, true, true, 1, true)" file="/opt/pytorch/nvfuser/tests/cpp/test_multidevice_pipeline.cpp" line="259" status="notrun" result="suppressed" time="0." timestamp="1969-12-31T16:00:00.000" classname="DISABLED_FusionExecutorCache_ReduceScatter/PipelineTestTwoStages" />
    <testcase name="Communication/2" value_param="(NCCL, DeviceMesh{0 2 3}, DeviceMesh, true, true, true, 0, true)" file="/opt/pytorch/nvfuser/tests/cpp/test_multidevice_pipeline.cpp" line="259" status="notrun" result="suppressed" time="0." timestamp="1969-12-31T16:00:00.000" classname="DISABLED_FusionExecutorCache_ReduceScatter/PipelineTestTwoStages" />
    <testcase name="Communication/3" value_param="(NCCL, DeviceMesh{0 2 3}, DeviceMesh, true, true, true, 1, true)" file="/opt/pytorch/nvfuser/tests/cpp/test_multidevice_pipeline.cpp" line="259" status="notrun" result="suppressed" time="0." timestamp="1969-12-31T16:00:00.000" classname="DISABLED_FusionExecutorCache_ReduceScatter/PipelineTestTwoStages" />
    <testcase name="Communication/4" value_param="(NCCL, DeviceMesh{1 0 2}, DeviceMesh, true, true, true, 0, true)" file="/opt/pytorch/nvfuser/tests/cpp/test_multidevice_pipeline.cpp" line="259" status="notrun" result="suppressed" time="0." timestamp="1969-12-31T16:00:00.000" classname="DISABLED_FusionExecutorCache_ReduceScatter/PipelineTestTwoStages" />
    <testcase name="Communication/5" value_param="(NCCL, DeviceMesh{1 0 2}, DeviceMesh, true, true, true, 1, true)" file="/opt/pytorch/nvfuser/tests/cpp/test_multidevice_pipeline.cpp" line="259" status="notrun" result="suppressed" time="0." timestamp="1969-12-31T16:00:00.000" classname="DISABLED_FusionExecutorCache_ReduceScatter/PipelineTestTwoStages" />
    <testcase name="Communication/6" value_param="(NCCL, DeviceMesh{1 0}, DeviceMesh, true, true, true, 0, true)" file="/opt/pytorch/nvfuser/tests/cpp/test_multidevice_pipeline.cpp" line="259" status="notrun" result="suppressed" time="0." timestamp="1969-12-31T16:00:00.000" classname="DISABLED_FusionExecutorCache_ReduceScatter/PipelineTestTwoStages" />
    <testcase name="Communication/7" value_param="(NCCL, DeviceMesh{1 0}, DeviceMesh, true, true, true, 1, true)" file="/opt/pytorch/nvfuser/tests/cpp/test_multidevice_pipeline.cpp" line="259" status="notrun" result="suppressed" time="0." timestamp="1969-12-31T16:00:00.000" classname="DISABLED_FusionExecutorCache_ReduceScatter/PipelineTestTwoStages" />
    <testcase name="Communication/8" value_param="(UCC, DeviceMesh{0 1 2 3}, DeviceMesh, true, true, true, 0, true)" file="/opt/pytorch/nvfuser/tests/cpp/test_multidevice_pipeline.cpp" line="259" status="notrun" result="suppressed" time="0." timestamp="1969-12-31T16:00:00.000" classname="DISABLED_FusionExecutorCache_ReduceScatter/PipelineTestTwoStages" />
    <testcase name="Communication/9" value_param="(UCC, DeviceMesh{0 1 2 3}, DeviceMesh, true, true, true, 1, true)" file="/opt/pytorch/nvfuser/tests/cpp/test_multidevice_pipeline.cpp" line="259" status="notrun" result="suppressed" time="0." timestamp="1969-12-31T16:00:00.000" classname="DISABLED_FusionExecutorCache_ReduceScatter/PipelineTestTwoStages" />
    <testcase name="Communication/10" value_param="(UCC, DeviceMesh{0 2 3}, DeviceMesh, true, true, true, 0, true)" file="/opt/pytorch/nvfuser/tests/cpp/test_multidevice_pipeline.cpp" line="259" status="notrun" result="suppressed" time="0." timestamp="1969-12-31T16:00:00.000" classname="DISABLED_FusionExecutorCache_ReduceScatter/PipelineTestTwoStages" />
    <testcase name="Communication/11" value_param="(UCC, DeviceMesh{0 2 3}, DeviceMesh, true, true, true, 1, true)" file="/opt/pytorch/nvfuser/tests/cpp/test_multidevice_pipeline.cpp" line="259" status="notrun" result="suppressed" time="0." timestamp="1969-12-31T16:00:00.000" classname="DISABLED_FusionExecutorCache_ReduceScatter/PipelineTestTwoStages" />
    <testcase name="Communication/12" value_param="(UCC, DeviceMesh{1 0 2}, DeviceMesh, true, true, true, 0, true)" file="/opt/pytorch/nvfuser/tests/cpp/test_multidevice_pipeline.cpp" line="259" status="notrun" result="suppressed" time="0." timestamp="1969-12-31T16:00:00.000" classname="DISABLED_FusionExecutorCache_ReduceScatter/PipelineTestTwoStages" />
    <testcase name="Communication/13" value_param="(UCC, DeviceMesh{1 0 2}, DeviceMesh, true, true, true, 1, true)" file="/opt/pytorch/nvfuser/tests/cpp/test_multidevice_pipeline.cpp" line="259" status="notrun" result="suppressed" time="0." timestamp="1969-12-31T16:00:00.000" classname="DISABLED_FusionExecutorCache_ReduceScatter/PipelineTestTwoStages" />
    <testcase name="Communication/14" value_param="(UCC, DeviceMesh{1 0}, DeviceMesh, true, true, true, 0, true)" file="/opt/pytorch/nvfuser/tests/cpp/test_multidevice_pipeline.cpp" line="259" status="notrun" result="suppressed" time="0." timestamp="1969-12-31T16:00:00.000" classname="DISABLED_FusionExecutorCache_ReduceScatter/PipelineTestTwoStages" />
    <testcase name="Communication/15" value_param="(UCC, DeviceMesh{1 0}, DeviceMesh, true, true, true, 1, true)" file="/opt/pytorch/nvfuser/tests/cpp/test_multidevice_pipeline.cpp" line="259" status="notrun" result="suppressed" time="0." timestamp="1969-12-31T16:00:00.000" classname="DISABLED_FusionExecutorCache_ReduceScatter/PipelineTestTwoStages" />
  </testsuite>
  <testsuite name="MultiDeviceReductionTest" tests="3" failures="0" disabled="0" skipped="0" errors="0" time="0.314" timestamp="2025-04-30T07:37:43.715">
    <testcase name="UnshardedInput_ShardedOutput/symbolic_sharded_along_dim_0" value_param="(false, 0)" file="/opt/pytorch/nvfuser/tests/cpp/test_multidevice_sharding.cpp" line="31" status="run" result="completed" time="0.156" timestamp="2025-04-30T07:37:43.715" classname="MultiDeviceReductionTest" />
    <testcase name="UnshardedInput_ShardedOutput/concrete_sharded_along_dim_1" value_param="(true, 1)" file="/opt/pytorch/nvfuser/tests/cpp/test_multidevice_sharding.cpp" line="31" status="run" result="completed" time="0.085" timestamp="2025-04-30T07:37:43.872" classname="MultiDeviceReductionTest" />
    <testcase name="ShardedInput_ReplicatedOutput/concrete_sharded_along_dim_0" value_param="(true, 0)" file="/opt/pytorch/nvfuser/tests/cpp/test_multidevice_sharding.cpp" line="75" status="run" result="completed" time="0.072" timestamp="2025-04-30T07:37:43.957" classname="MultiDeviceReductionTest" />
  </testsuite>
  <testsuite name="MultiDeviceBroadcastTest" tests="1" failures="0" disabled="0" skipped="0" errors="0" time="0.001" timestamp="2025-04-30T07:37:44.030">
    <testcase name="NotExpanded/1" value_param="true" file="/opt/pytorch/nvfuser/tests/cpp/test_multidevice_sharding.cpp" line="467" status="run" result="completed" time="0.001" timestamp="2025-04-30T07:37:44.030" classname="MultiDeviceBroadcastTest" />
  </testsuite>
</testsuites>
