<?xml version="1.0" encoding="UTF-8"?>
<testsuites tests="932" failures="0" disabled="0" errors="0" time="212.02" timestamp="2025-04-30T07:37:48.645" name="AllTests">
  <testsuite name="CombineMulSumAsMmaTest" tests="1" failures="0" disabled="0" skipped="0" errors="0" time="0.216" timestamp="2025-04-30T07:37:48.645">
    <testcase name="MulSumToMatmul_Fail1" file="/opt/pytorch/nvfuser/tests/cpp/test_translate_mma.cpp" line="137" status="run" result="completed" time="0.216" timestamp="2025-04-30T07:37:48.645" classname="CombineMulSumAsMmaTest" />
  </testsuite>
  <testsuite name="MatmulTest" tests="3" failures="0" disabled="0" skipped="1" errors="0" time="2.611" timestamp="2025-04-30T07:37:48.861">
    <testcase name="MatmulSoftmaxMatmulAmpere" file="/opt/pytorch/nvfuser/tests/cpp/test_matmul.cpp" line="949" status="run" result="completed" time="1.553" timestamp="2025-04-30T07:37:48.861" classname="MatmulTest" />
    <testcase name="AmpereViewMatmulTN" file="/opt/pytorch/nvfuser/tests/cpp/test_matmul.cpp" line="1697" status="run" result="completed" time="1.057" timestamp="2025-04-30T07:37:50.415" classname="MatmulTest" />
    <testcase name="ReproIssue1808" file="/opt/pytorch/nvfuser/tests/cpp/test_matmul.cpp" line="3187" status="run" result="skipped" time="0." timestamp="2025-04-30T07:37:51.472" classname="MatmulTest">
      <skipped message="/opt/pytorch/nvfuser/tests/cpp/test_matmul.cpp:3188&#x0A;Requires GPU capability &gt;= 8.0 and &lt; 9.0 to run.&#x0A;&#x0A;"><![CDATA[/opt/pytorch/nvfuser/tests/cpp/test_matmul.cpp:3188
Requires GPU capability >= 8.0 and < 9.0 to run.

]]></skipped>
    </testcase>
  </testsuite>
  <testsuite name="HopperMatmulTest" tests="5" failures="0" disabled="0" skipped="0" errors="0" time="3.668" timestamp="2025-04-30T07:37:51.472">
    <testcase name="HSH_NT_128BSwizzle" file="/opt/pytorch/nvfuser/tests/cpp/test_matmul.cpp" line="3685" status="run" result="completed" time="0.453" timestamp="2025-04-30T07:37:51.472" classname="HopperMatmulTest" />
    <testcase name="HSH_NN_UseScheduler" file="/opt/pytorch/nvfuser/tests/cpp/test_matmul.cpp" line="3975" status="run" result="completed" time="0.9" timestamp="2025-04-30T07:37:51.926" classname="HopperMatmulTest" />
    <testcase name="ScheduleWithTranslation" file="/opt/pytorch/nvfuser/tests/cpp/test_matmul.cpp" line="4712" status="run" result="completed" time="0.201" timestamp="2025-04-30T07:37:52.827" classname="HopperMatmulTest" />
    <testcase name="EpilogueBiasPersistentBroadcastInputs" file="/opt/pytorch/nvfuser/tests/cpp/test_matmul.cpp" line="5169" status="run" result="completed" time="1.048" timestamp="2025-04-30T07:37:53.028" classname="HopperMatmulTest" />
    <testcase name="HSS_NT_SplitKTMAStore" file="/opt/pytorch/nvfuser/tests/cpp/test_matmul.cpp" line="5457" status="run" result="completed" time="1.064" timestamp="2025-04-30T07:37:54.077" classname="HopperMatmulTest" />
  </testsuite>
  <testsuite name="MatmulSASSTest" tests="1" failures="0" disabled="0" skipped="1" errors="0" time="0." timestamp="2025-04-30T07:37:55.141">
    <testcase name="AmpereEpilogueBinaryOpMul" file="/opt/pytorch/nvfuser/tests/cpp/test_matmul_sass.cpp" line="485" status="run" result="skipped" time="0." timestamp="2025-04-30T07:37:55.141" classname="MatmulSASSTest">
      <skipped message="/opt/pytorch/nvfuser/tests/cpp/test_matmul_sass.cpp:486&#x0A;Requires GPU capability &gt;= 8.0 and &lt; 9.0 to run.&#x0A;&#x0A;"><![CDATA[/opt/pytorch/nvfuser/tests/cpp/test_matmul_sass.cpp:486
Requires GPU capability >= 8.0 and < 9.0 to run.

]]></skipped>
    </testcase>
  </testsuite>
  <testsuite name="MatmulSchedulerTest" tests="5" failures="0" disabled="0" skipped="4" errors="0" time="0.753" timestamp="2025-04-30T07:37:55.141">
    <testcase name="BasicMatmulInputShuffledTT" file="/opt/pytorch/nvfuser/tests/cpp/test_matmul_scheduler.cpp" line="1171" status="run" result="skipped" time="0." timestamp="2025-04-30T07:37:55.141" classname="MatmulSchedulerTest">
      <skipped message="/opt/pytorch/nvfuser/tests/cpp/test_matmul_scheduler.cpp:1174&#x0A;Requires GPU capability &gt;= 7.5 and &lt; 9.0 to run.&#x0A;&#x0A;"><![CDATA[/opt/pytorch/nvfuser/tests/cpp/test_matmul_scheduler.cpp:1174
Requires GPU capability >= 7.5 and < 9.0 to run.

]]></skipped>
    </testcase>
    <testcase name="EpilogueAlphaOutputCast" file="/opt/pytorch/nvfuser/tests/cpp/test_matmul_scheduler.cpp" line="1328" status="run" result="skipped" time="0." timestamp="2025-04-30T07:37:55.141" classname="MatmulSchedulerTest">
      <skipped message="/opt/pytorch/nvfuser/tests/cpp/test_matmul_scheduler.cpp:1330&#x0A;Requires GPU capability &gt;= 7.5 and &lt; 9.0 to run.&#x0A;&#x0A;"><![CDATA[/opt/pytorch/nvfuser/tests/cpp/test_matmul_scheduler.cpp:1330
Requires GPU capability >= 7.5 and < 9.0 to run.

]]></skipped>
    </testcase>
    <testcase name="EpilogueAlphaBetaGeluOutputCast" file="/opt/pytorch/nvfuser/tests/cpp/test_matmul_scheduler.cpp" line="1533" status="run" result="skipped" time="0." timestamp="2025-04-30T07:37:55.141" classname="MatmulSchedulerTest">
      <skipped message="/opt/pytorch/nvfuser/tests/cpp/test_matmul_scheduler.cpp:1535&#x0A;Requires GPU capability &gt;= 7.5 and &lt; 9.0 to run.&#x0A;&#x0A;"><![CDATA[/opt/pytorch/nvfuser/tests/cpp/test_matmul_scheduler.cpp:1535
Requires GPU capability >= 7.5 and < 9.0 to run.

]]></skipped>
    </testcase>
    <testcase name="SegmentLinearOpPrologue" file="/opt/pytorch/nvfuser/tests/cpp/test_matmul_scheduler.cpp" line="2591" status="run" result="skipped" time="0." timestamp="2025-04-30T07:37:55.141" classname="MatmulSchedulerTest">
      <skipped message="/opt/pytorch/nvfuser/tests/cpp/test_matmul_scheduler.cpp:2592&#x0A;Requires GPU capability &gt;= 7.5 and &lt; 9.0 to run.&#x0A;&#x0A;"><![CDATA[/opt/pytorch/nvfuser/tests/cpp/test_matmul_scheduler.cpp:2592
Requires GPU capability >= 7.5 and < 9.0 to run.

]]></skipped>
    </testcase>
    <testcase name="EpilogueFusionInt64Indexing" file="/opt/pytorch/nvfuser/tests/cpp/test_matmul_scheduler.cpp" line="2744" status="run" result="completed" time="0.753" timestamp="2025-04-30T07:37:55.141" classname="MatmulSchedulerTest" />
  </testsuite>
  <testsuite name="CombineMulSumAsMmaTestWithLayout" tests="6" failures="0" disabled="0" skipped="2" errors="0" time="0.011" timestamp="2025-04-30T07:37:55.895">
    <testcase name="MulSumToMatmul_Pass/TT" value_param="4-byte object &lt;01-00 00-00&gt;" file="/opt/pytorch/nvfuser/tests/cpp/test_translate_mma.cpp" line="115" status="run" result="completed" time="0.01" timestamp="2025-04-30T07:37:55.895" classname="CombineMulSumAsMmaTestWithLayout" />
    <testcase name="MulSumToMatmul_Pass/NN" value_param="4-byte object &lt;03-00 00-00&gt;" file="/opt/pytorch/nvfuser/tests/cpp/test_translate_mma.cpp" line="115" status="run" result="completed" time="0." timestamp="2025-04-30T07:37:55.906" classname="CombineMulSumAsMmaTestWithLayout" />
    <testcase name="AmpereMulSumToMatmul_Schedule/NT" value_param="4-byte object &lt;00-00 00-00&gt;" file="/opt/pytorch/nvfuser/tests/cpp/test_translate_mma.cpp" line="206" status="run" result="skipped" time="0." timestamp="2025-04-30T07:37:55.906" classname="CombineMulSumAsMmaTestWithLayout">
      <skipped message="/opt/pytorch/nvfuser/tests/cpp/test_translate_mma.cpp:207&#x0A;Requires GPU capability &gt;= 7.5 and &lt; 9.0 to run.&#x0A;&#x0A;"><![CDATA[/opt/pytorch/nvfuser/tests/cpp/test_translate_mma.cpp:207
Requires GPU capability >= 7.5 and < 9.0 to run.

]]></skipped>
    </testcase>
    <testcase name="UseMatmulScheduler/TN" value_param="4-byte object &lt;02-00 00-00&gt;" file="/opt/pytorch/nvfuser/tests/cpp/test_translate_mma.cpp" line="254" status="run" result="skipped" time="0." timestamp="2025-04-30T07:37:55.906" classname="CombineMulSumAsMmaTestWithLayout">
      <skipped message="/opt/pytorch/nvfuser/tests/cpp/test_translate_mma.cpp:255&#x0A;Requires GPU capability &gt;= 7.5 and &lt; 9.0 to run.&#x0A;&#x0A;"><![CDATA[/opt/pytorch/nvfuser/tests/cpp/test_translate_mma.cpp:255
Requires GPU capability >= 7.5 and < 9.0 to run.

]]></skipped>
    </testcase>
    <testcase name="SwapAandB/TT" value_param="4-byte object &lt;01-00 00-00&gt;" file="/opt/pytorch/nvfuser/tests/cpp/test_translate_mma.cpp" line="650" status="run" result="completed" time="0." timestamp="2025-04-30T07:37:55.906" classname="CombineMulSumAsMmaTestWithLayout" />
    <testcase name="SwapAandB/NN" value_param="4-byte object &lt;03-00 00-00&gt;" file="/opt/pytorch/nvfuser/tests/cpp/test_translate_mma.cpp" line="650" status="run" result="completed" time="0." timestamp="2025-04-30T07:37:55.906" classname="CombineMulSumAsMmaTestWithLayout" />
  </testsuite>
  <testsuite name="MatmulNodeTranslationTest" tests="4" failures="0" disabled="0" skipped="0" errors="0" time="1.293" timestamp="2025-04-30T07:37:55.906">
    <testcase name="AutomaticSchedulerMatmulNode/2dA_2dB" value_param="(2, 2, true, false, false, matmul)" file="/opt/pytorch/nvfuser/tests/cpp/test_translate_mma.cpp" line="312" status="run" result="completed" time="0.48" timestamp="2025-04-30T07:37:55.906" classname="MatmulNodeTranslationTest" />
    <testcase name="AutomaticSchedulerMatmulNode/2dA_1dB" value_param="(2, 1, true, false, true, expr_eval)" file="/opt/pytorch/nvfuser/tests/cpp/test_translate_mma.cpp" line="312" status="run" result="completed" time="0.094" timestamp="2025-04-30T07:37:56.387" classname="MatmulNodeTranslationTest" />
    <testcase name="AutomaticSchedulerMatmulNode/3dA_3dB" value_param="(3, 3, true, false, false, matmul)" file="/opt/pytorch/nvfuser/tests/cpp/test_translate_mma.cpp" line="312" status="run" result="completed" time="0.532" timestamp="2025-04-30T07:37:56.481" classname="MatmulNodeTranslationTest" />
    <testcase name="AutomaticSchedulerMatmulNode/2dA_3dB" value_param="(2, 3, true, false, true, expr_eval)" file="/opt/pytorch/nvfuser/tests/cpp/test_translate_mma.cpp" line="312" status="run" result="completed" time="0.186" timestamp="2025-04-30T07:37:57.014" classname="MatmulNodeTranslationTest" />
  </testsuite>
  <testsuite name="LinearNodeTranslationTest" tests="5" failures="0" disabled="0" skipped="2" errors="0" time="0.742" timestamp="2025-04-30T07:37:57.200">
    <testcase name="AutomaticSchedulerLinearNode/2dA_2dB_nofuse_transposeA" value_param="(2, 2, -1, false, true, true)" file="/opt/pytorch/nvfuser/tests/cpp/test_translate_mma.cpp" line="472" status="run" result="completed" time="0.181" timestamp="2025-04-30T07:37:57.200" classname="LinearNodeTranslationTest" />
    <testcase name="AutomaticSchedulerLinearNode/3dA_2dB_1dBias_nofuse" value_param="(3, 2, 1, false, false, true)" file="/opt/pytorch/nvfuser/tests/cpp/test_translate_mma.cpp" line="472" status="run" result="completed" time="0.088" timestamp="2025-04-30T07:37:57.381" classname="LinearNodeTranslationTest" />
    <testcase name="AutomaticSchedulerLinearNode/2dA_2dB_transposeA" value_param="(2, 2, -1, true, true, false)" file="/opt/pytorch/nvfuser/tests/cpp/test_translate_mma.cpp" line="472" status="run" result="completed" time="0.473" timestamp="2025-04-30T07:37:57.470" classname="LinearNodeTranslationTest" />
    <testcase name="AutomaticSchedulerLinearNode/4dA_2dB" value_param="(4, 2, -1, true, false, false)" file="/opt/pytorch/nvfuser/tests/cpp/test_translate_mma.cpp" line="472" status="run" result="skipped" time="0." timestamp="2025-04-30T07:37:57.943" classname="LinearNodeTranslationTest">
      <skipped message="/opt/pytorch/nvfuser/tests/cpp/test_translate_mma.cpp:494&#x0A;Translating linear with batch dims is not yet supported on Hopper&#x0A;"><![CDATA[/opt/pytorch/nvfuser/tests/cpp/test_translate_mma.cpp:494
Translating linear with batch dims is not yet supported on Hopper
]]></skipped>
    </testcase>
    <testcase name="AutomaticSchedulerLinearNode/4dA_2dB_1dBias" value_param="(4, 2, 1, true, false, false)" file="/opt/pytorch/nvfuser/tests/cpp/test_translate_mma.cpp" line="472" status="run" result="skipped" time="0." timestamp="2025-04-30T07:37:57.943" classname="LinearNodeTranslationTest">
      <skipped message="/opt/pytorch/nvfuser/tests/cpp/test_translate_mma.cpp:494&#x0A;Translating linear with batch dims is not yet supported on Hopper&#x0A;"><![CDATA[/opt/pytorch/nvfuser/tests/cpp/test_translate_mma.cpp:494
Translating linear with batch dims is not yet supported on Hopper
]]></skipped>
    </testcase>
  </testsuite>
  <testsuite name="TranslationCastTest" tests="2" failures="0" disabled="0" skipped="0" errors="0" time="0." timestamp="2025-04-30T07:37:57.943">
    <testcase name="CountCasts/matmul_epilogue" value_param="(false, true, false)" file="/opt/pytorch/nvfuser/tests/cpp/test_translate_mma.cpp" line="709" status="run" result="completed" time="0." timestamp="2025-04-30T07:37:57.943" classname="TranslationCastTest" />
    <testcase name="CountCasts/linear_twooutputs" value_param="(true, false, true)" file="/opt/pytorch/nvfuser/tests/cpp/test_translate_mma.cpp" line="709" status="run" result="completed" time="0." timestamp="2025-04-30T07:37:57.943" classname="TranslationCastTest" />
  </testsuite>
  <testsuite name="MatmulTestWithLayout" tests="32" failures="0" disabled="0" skipped="32" errors="0" time="0." timestamp="2025-04-30T07:37:57.943">
    <testcase name="AmpereMatmul/TT" value_param="4-byte object &lt;01-00 00-00&gt;" file="/opt/pytorch/nvfuser/tests/cpp/test_matmul.cpp" line="88" status="run" result="skipped" time="0." timestamp="2025-04-30T07:37:57.943" classname="MatmulTestWithLayout">
      <skipped message="/opt/pytorch/nvfuser/tests/cpp/test_matmul.cpp:89&#x0A;Requires GPU capability &gt;= 7.5 and &lt; 9.0 to run.&#x0A;&#x0A;"><![CDATA[/opt/pytorch/nvfuser/tests/cpp/test_matmul.cpp:89
Requires GPU capability >= 7.5 and < 9.0 to run.

]]></skipped>
    </testcase>
    <testcase name="AmpereMatmul/NN" value_param="4-byte object &lt;03-00 00-00&gt;" file="/opt/pytorch/nvfuser/tests/cpp/test_matmul.cpp" line="88" status="run" result="skipped" time="0." timestamp="2025-04-30T07:37:57.943" classname="MatmulTestWithLayout">
      <skipped message="/opt/pytorch/nvfuser/tests/cpp/test_matmul.cpp:89&#x0A;Requires GPU capability &gt;= 7.5 and &lt; 9.0 to run.&#x0A;&#x0A;"><![CDATA[/opt/pytorch/nvfuser/tests/cpp/test_matmul.cpp:89
Requires GPU capability >= 7.5 and < 9.0 to run.

]]></skipped>
    </testcase>
    <testcase name="AmpereMatmulBroadcastBatch/NT" value_param="4-byte object &lt;00-00 00-00&gt;" file="/opt/pytorch/nvfuser/tests/cpp/test_matmul.cpp" line="147" status="run" result="skipped" time="0." timestamp="2025-04-30T07:37:57.943" classname="MatmulTestWithLayout">
      <skipped message="/opt/pytorch/nvfuser/tests/cpp/test_matmul.cpp:148&#x0A;Requires GPU capability &gt;= 7.5 and &lt; 9.0 to run.&#x0A;&#x0A;"><![CDATA[/opt/pytorch/nvfuser/tests/cpp/test_matmul.cpp:148
Requires GPU capability >= 7.5 and < 9.0 to run.

]]></skipped>
    </testcase>
    <testcase name="AmperePrologueFusionBroadcast/TN" value_param="4-byte object &lt;02-00 00-00&gt;" file="/opt/pytorch/nvfuser/tests/cpp/test_matmul.cpp" line="210" status="run" result="skipped" time="0." timestamp="2025-04-30T07:37:57.943" classname="MatmulTestWithLayout">
      <skipped message="/opt/pytorch/nvfuser/tests/cpp/test_matmul.cpp:211&#x0A;Requires GPU capability &gt;= 7.5 and &lt; 9.0 to run.&#x0A;&#x0A;"><![CDATA[/opt/pytorch/nvfuser/tests/cpp/test_matmul.cpp:211
Requires GPU capability >= 7.5 and < 9.0 to run.

]]></skipped>
    </testcase>
    <testcase name="AmpereProloguePointwise/TT" value_param="4-byte object &lt;01-00 00-00&gt;" file="/opt/pytorch/nvfuser/tests/cpp/test_matmul.cpp" line="265" status="run" result="skipped" time="0." timestamp="2025-04-30T07:37:57.943" classname="MatmulTestWithLayout">
      <skipped message="/opt/pytorch/nvfuser/tests/cpp/test_matmul.cpp:266&#x0A;Requires GPU capability &gt;= 7.5 and &lt; 9.0 to run.&#x0A;&#x0A;"><![CDATA[/opt/pytorch/nvfuser/tests/cpp/test_matmul.cpp:266
Requires GPU capability >= 7.5 and < 9.0 to run.

]]></skipped>
    </testcase>
    <testcase name="AmpereProloguePointwise/NN" value_param="4-byte object &lt;03-00 00-00&gt;" file="/opt/pytorch/nvfuser/tests/cpp/test_matmul.cpp" line="265" status="run" result="skipped" time="0." timestamp="2025-04-30T07:37:57.943" classname="MatmulTestWithLayout">
      <skipped message="/opt/pytorch/nvfuser/tests/cpp/test_matmul.cpp:266&#x0A;Requires GPU capability &gt;= 7.5 and &lt; 9.0 to run.&#x0A;&#x0A;"><![CDATA[/opt/pytorch/nvfuser/tests/cpp/test_matmul.cpp:266
Requires GPU capability >= 7.5 and < 9.0 to run.

]]></skipped>
    </testcase>
    <testcase name="AmpereMatmulBFloat16/NT" value_param="4-byte object &lt;00-00 00-00&gt;" file="/opt/pytorch/nvfuser/tests/cpp/test_matmul.cpp" line="327" status="run" result="skipped" time="0." timestamp="2025-04-30T07:37:57.943" classname="MatmulTestWithLayout">
      <skipped message="/opt/pytorch/nvfuser/tests/cpp/test_matmul.cpp:328&#x0A;Requires GPU capability &gt;= 7.5 and &lt; 9.0 to run.&#x0A;&#x0A;"><![CDATA[/opt/pytorch/nvfuser/tests/cpp/test_matmul.cpp:328
Requires GPU capability >= 7.5 and < 9.0 to run.

]]></skipped>
    </testcase>
    <testcase name="AmpereMatmulPipelineGmem/TN" value_param="4-byte object &lt;02-00 00-00&gt;" file="/opt/pytorch/nvfuser/tests/cpp/test_matmul.cpp" line="386" status="run" result="skipped" time="0." timestamp="2025-04-30T07:37:57.943" classname="MatmulTestWithLayout">
      <skipped message="/opt/pytorch/nvfuser/tests/cpp/test_matmul.cpp:387&#x0A;Requires GPU capability &gt;= 7.5 and &lt; 9.0 to run.&#x0A;&#x0A;"><![CDATA[/opt/pytorch/nvfuser/tests/cpp/test_matmul.cpp:387
Requires GPU capability >= 7.5 and < 9.0 to run.

]]></skipped>
    </testcase>
    <testcase name="AmpereSwizzle/TT" value_param="4-byte object &lt;01-00 00-00&gt;" file="/opt/pytorch/nvfuser/tests/cpp/test_matmul.cpp" line="479" status="run" result="skipped" time="0." timestamp="2025-04-30T07:37:57.943" classname="MatmulTestWithLayout">
      <skipped message="/opt/pytorch/nvfuser/tests/cpp/test_matmul.cpp:480&#x0A;Requires GPU capability &gt;= 7.5 and &lt; 9.0 to run.&#x0A;&#x0A;"><![CDATA[/opt/pytorch/nvfuser/tests/cpp/test_matmul.cpp:480
Requires GPU capability >= 7.5 and < 9.0 to run.

]]></skipped>
    </testcase>
    <testcase name="AmpereSwizzle/NN" value_param="4-byte object &lt;03-00 00-00&gt;" file="/opt/pytorch/nvfuser/tests/cpp/test_matmul.cpp" line="479" status="run" result="skipped" time="0." timestamp="2025-04-30T07:37:57.943" classname="MatmulTestWithLayout">
      <skipped message="/opt/pytorch/nvfuser/tests/cpp/test_matmul.cpp:480&#x0A;Requires GPU capability &gt;= 7.5 and &lt; 9.0 to run.&#x0A;&#x0A;"><![CDATA[/opt/pytorch/nvfuser/tests/cpp/test_matmul.cpp:480
Requires GPU capability >= 7.5 and < 9.0 to run.

]]></skipped>
    </testcase>
    <testcase name="AmpereMatmulRegCircularBuffer/NT" value_param="4-byte object &lt;00-00 00-00&gt;" file="/opt/pytorch/nvfuser/tests/cpp/test_matmul.cpp" line="600" status="run" result="skipped" time="0." timestamp="2025-04-30T07:37:57.943" classname="MatmulTestWithLayout">
      <skipped message="/opt/pytorch/nvfuser/tests/cpp/test_matmul.cpp:601&#x0A;Requires GPU capability &gt;= 7.5 and &lt; 9.0 to run.&#x0A;&#x0A;"><![CDATA[/opt/pytorch/nvfuser/tests/cpp/test_matmul.cpp:601
Requires GPU capability >= 7.5 and < 9.0 to run.

]]></skipped>
    </testcase>
    <testcase name="TuringMatmul/TN" value_param="4-byte object &lt;02-00 00-00&gt;" file="/opt/pytorch/nvfuser/tests/cpp/test_matmul.cpp" line="1327" status="run" result="skipped" time="0." timestamp="2025-04-30T07:37:57.943" classname="MatmulTestWithLayout">
      <skipped message="/opt/pytorch/nvfuser/tests/cpp/test_matmul.cpp:1328&#x0A;Requires GPU capability &gt;= 7.5 and &lt; 9.0 to run.&#x0A;&#x0A;"><![CDATA[/opt/pytorch/nvfuser/tests/cpp/test_matmul.cpp:1328
Requires GPU capability >= 7.5 and < 9.0 to run.

]]></skipped>
    </testcase>
    <testcase name="AmpereMatmulLargeLoad/TT" value_param="4-byte object &lt;01-00 00-00&gt;" file="/opt/pytorch/nvfuser/tests/cpp/test_matmul.cpp" line="2041" status="run" result="skipped" time="0." timestamp="2025-04-30T07:37:57.943" classname="MatmulTestWithLayout">
      <skipped message="/opt/pytorch/nvfuser/tests/cpp/test_matmul.cpp:2042&#x0A;Requires GPU capability &gt;= 7.5 and &lt; 9.0 to run.&#x0A;&#x0A;"><![CDATA[/opt/pytorch/nvfuser/tests/cpp/test_matmul.cpp:2042
Requires GPU capability >= 7.5 and < 9.0 to run.

]]></skipped>
    </testcase>
    <testcase name="AmpereMatmulLargeLoad/NN" value_param="4-byte object &lt;03-00 00-00&gt;" file="/opt/pytorch/nvfuser/tests/cpp/test_matmul.cpp" line="2041" status="run" result="skipped" time="0." timestamp="2025-04-30T07:37:57.943" classname="MatmulTestWithLayout">
      <skipped message="/opt/pytorch/nvfuser/tests/cpp/test_matmul.cpp:2042&#x0A;Requires GPU capability &gt;= 7.5 and &lt; 9.0 to run.&#x0A;&#x0A;"><![CDATA[/opt/pytorch/nvfuser/tests/cpp/test_matmul.cpp:2042
Requires GPU capability >= 7.5 and < 9.0 to run.

]]></skipped>
    </testcase>
    <testcase name="TuringMatmulLargeLoad/NT" value_param="4-byte object &lt;00-00 00-00&gt;" file="/opt/pytorch/nvfuser/tests/cpp/test_matmul.cpp" line="2099" status="run" result="skipped" time="0." timestamp="2025-04-30T07:37:57.943" classname="MatmulTestWithLayout">
      <skipped message="/opt/pytorch/nvfuser/tests/cpp/test_matmul.cpp:2100&#x0A;Requires GPU capability &gt;= 7.5 and &lt; 9.0 to run.&#x0A;&#x0A;"><![CDATA[/opt/pytorch/nvfuser/tests/cpp/test_matmul.cpp:2100
Requires GPU capability >= 7.5 and < 9.0 to run.

]]></skipped>
    </testcase>
    <testcase name="AmpereMatmulTileCheck4warp/TN" value_param="4-byte object &lt;02-00 00-00&gt;" file="/opt/pytorch/nvfuser/tests/cpp/test_matmul.cpp" line="2154" status="run" result="skipped" time="0." timestamp="2025-04-30T07:37:57.943" classname="MatmulTestWithLayout">
      <skipped message="/opt/pytorch/nvfuser/tests/cpp/test_matmul.cpp:2155&#x0A;Requires GPU capability &gt;= 7.5 and &lt; 9.0 to run.&#x0A;&#x0A;"><![CDATA[/opt/pytorch/nvfuser/tests/cpp/test_matmul.cpp:2155
Requires GPU capability >= 7.5 and < 9.0 to run.

]]></skipped>
    </testcase>
    <testcase name="AmpereMatmulTileCheck8warp/TT" value_param="4-byte object &lt;01-00 00-00&gt;" file="/opt/pytorch/nvfuser/tests/cpp/test_matmul.cpp" line="2233" status="run" result="skipped" time="0." timestamp="2025-04-30T07:37:57.943" classname="MatmulTestWithLayout">
      <skipped message="/opt/pytorch/nvfuser/tests/cpp/test_matmul.cpp:2234&#x0A;Requires GPU capability &gt;= 7.5 and &lt; 9.0 to run.&#x0A;&#x0A;"><![CDATA[/opt/pytorch/nvfuser/tests/cpp/test_matmul.cpp:2234
Requires GPU capability >= 7.5 and < 9.0 to run.

]]></skipped>
    </testcase>
    <testcase name="AmpereMatmulTileCheck8warp/NN" value_param="4-byte object &lt;03-00 00-00&gt;" file="/opt/pytorch/nvfuser/tests/cpp/test_matmul.cpp" line="2233" status="run" result="skipped" time="0." timestamp="2025-04-30T07:37:57.943" classname="MatmulTestWithLayout">
      <skipped message="/opt/pytorch/nvfuser/tests/cpp/test_matmul.cpp:2234&#x0A;Requires GPU capability &gt;= 7.5 and &lt; 9.0 to run.&#x0A;&#x0A;"><![CDATA[/opt/pytorch/nvfuser/tests/cpp/test_matmul.cpp:2234
Requires GPU capability >= 7.5 and < 9.0 to run.

]]></skipped>
    </testcase>
    <testcase name="AmpereMatmulTileCheck6warp/NT" value_param="4-byte object &lt;00-00 00-00&gt;" file="/opt/pytorch/nvfuser/tests/cpp/test_matmul.cpp" line="2308" status="run" result="skipped" time="0." timestamp="2025-04-30T07:37:57.943" classname="MatmulTestWithLayout">
      <skipped message="/opt/pytorch/nvfuser/tests/cpp/test_matmul.cpp:2309&#x0A;Requires GPU capability &gt;= 7.5 and &lt; 9.0 to run.&#x0A;&#x0A;"><![CDATA[/opt/pytorch/nvfuser/tests/cpp/test_matmul.cpp:2309
Requires GPU capability >= 7.5 and < 9.0 to run.

]]></skipped>
    </testcase>
    <testcase name="AmpereMatmulLargeLoadLargeK/TN" value_param="4-byte object &lt;02-00 00-00&gt;" file="/opt/pytorch/nvfuser/tests/cpp/test_matmul.cpp" line="2378" status="run" result="skipped" time="0." timestamp="2025-04-30T07:37:57.943" classname="MatmulTestWithLayout">
      <skipped message="/opt/pytorch/nvfuser/tests/cpp/test_matmul.cpp:2379&#x0A;Requires GPU capability &gt;= 7.5 and &lt; 9.0 to run.&#x0A;&#x0A;"><![CDATA[/opt/pytorch/nvfuser/tests/cpp/test_matmul.cpp:2379
Requires GPU capability >= 7.5 and < 9.0 to run.

]]></skipped>
    </testcase>
    <testcase name="AmpereSplitKLikeStridedBatchedMatmul/TT" value_param="4-byte object &lt;01-00 00-00&gt;" file="/opt/pytorch/nvfuser/tests/cpp/test_matmul.cpp" line="2436" status="run" result="skipped" time="0." timestamp="2025-04-30T07:37:57.943" classname="MatmulTestWithLayout">
      <skipped message="/opt/pytorch/nvfuser/tests/cpp/test_matmul.cpp:2437&#x0A;Requires GPU capability &gt;= 7.5 and &lt; 9.0 to run.&#x0A;&#x0A;"><![CDATA[/opt/pytorch/nvfuser/tests/cpp/test_matmul.cpp:2437
Requires GPU capability >= 7.5 and < 9.0 to run.

]]></skipped>
    </testcase>
    <testcase name="AmpereSplitKLikeStridedBatchedMatmul/NN" value_param="4-byte object &lt;03-00 00-00&gt;" file="/opt/pytorch/nvfuser/tests/cpp/test_matmul.cpp" line="2436" status="run" result="skipped" time="0." timestamp="2025-04-30T07:37:57.943" classname="MatmulTestWithLayout">
      <skipped message="/opt/pytorch/nvfuser/tests/cpp/test_matmul.cpp:2437&#x0A;Requires GPU capability &gt;= 7.5 and &lt; 9.0 to run.&#x0A;&#x0A;"><![CDATA[/opt/pytorch/nvfuser/tests/cpp/test_matmul.cpp:2437
Requires GPU capability >= 7.5 and < 9.0 to run.

]]></skipped>
    </testcase>
    <testcase name="AmpereMatmulSmemEpilogue/NT" value_param="4-byte object &lt;00-00 00-00&gt;" file="/opt/pytorch/nvfuser/tests/cpp/test_matmul.cpp" line="2485" status="run" result="skipped" time="0." timestamp="2025-04-30T07:37:57.943" classname="MatmulTestWithLayout">
      <skipped message="/opt/pytorch/nvfuser/tests/cpp/test_matmul.cpp:2486&#x0A;Requires GPU capability &gt;= 8.0 and &lt; 9.0 to run.&#x0A;&#x0A;"><![CDATA[/opt/pytorch/nvfuser/tests/cpp/test_matmul.cpp:2486
Requires GPU capability >= 8.0 and < 9.0 to run.

]]></skipped>
    </testcase>
    <testcase name="AmpereMatmulSmemEpilogueCast/TN" value_param="4-byte object &lt;02-00 00-00&gt;" file="/opt/pytorch/nvfuser/tests/cpp/test_matmul.cpp" line="2733" status="run" result="skipped" time="0." timestamp="2025-04-30T07:37:57.943" classname="MatmulTestWithLayout">
      <skipped message="/opt/pytorch/nvfuser/tests/cpp/test_matmul.cpp:2734&#x0A;Requires GPU capability &gt;= 8.0 and &lt; 9.0 to run.&#x0A;&#x0A;"><![CDATA[/opt/pytorch/nvfuser/tests/cpp/test_matmul.cpp:2734
Requires GPU capability >= 8.0 and < 9.0 to run.

]]></skipped>
    </testcase>
    <testcase name="AmpereMatmulSmemEpilogueRelu/TT" value_param="4-byte object &lt;01-00 00-00&gt;" file="/opt/pytorch/nvfuser/tests/cpp/test_matmul.cpp" line="2828" status="run" result="skipped" time="0." timestamp="2025-04-30T07:37:57.943" classname="MatmulTestWithLayout">
      <skipped message="/opt/pytorch/nvfuser/tests/cpp/test_matmul.cpp:2829&#x0A;Requires GPU capability &gt;= 8.0 and &lt; 9.0 to run.&#x0A;&#x0A;"><![CDATA[/opt/pytorch/nvfuser/tests/cpp/test_matmul.cpp:2829
Requires GPU capability >= 8.0 and < 9.0 to run.

]]></skipped>
    </testcase>
    <testcase name="AmpereMatmulSmemEpilogueRelu/NN" value_param="4-byte object &lt;03-00 00-00&gt;" file="/opt/pytorch/nvfuser/tests/cpp/test_matmul.cpp" line="2828" status="run" result="skipped" time="0." timestamp="2025-04-30T07:37:57.943" classname="MatmulTestWithLayout">
      <skipped message="/opt/pytorch/nvfuser/tests/cpp/test_matmul.cpp:2829&#x0A;Requires GPU capability &gt;= 8.0 and &lt; 9.0 to run.&#x0A;&#x0A;"><![CDATA[/opt/pytorch/nvfuser/tests/cpp/test_matmul.cpp:2829
Requires GPU capability >= 8.0 and < 9.0 to run.

]]></skipped>
    </testcase>
    <testcase name="FusionAmpereMatmulSplitK_CUDA/NT" value_param="4-byte object &lt;00-00 00-00&gt;" file="/opt/pytorch/nvfuser/tests/cpp/test_matmul.cpp" line="2925" status="run" result="skipped" time="0." timestamp="2025-04-30T07:37:57.943" classname="MatmulTestWithLayout">
      <skipped message="/opt/pytorch/nvfuser/tests/cpp/test_matmul.cpp:2926&#x0A;Requires GPU capability &gt;= 8.0 and &lt; 9.0 to run.&#x0A;&#x0A;"><![CDATA[/opt/pytorch/nvfuser/tests/cpp/test_matmul.cpp:2926
Requires GPU capability >= 8.0 and < 9.0 to run.

]]></skipped>
    </testcase>
    <testcase name="FusionAmpereMatmulSplitKBias_CUDA/TN" value_param="4-byte object &lt;02-00 00-00&gt;" file="/opt/pytorch/nvfuser/tests/cpp/test_matmul.cpp" line="3000" status="run" result="skipped" time="0." timestamp="2025-04-30T07:37:57.943" classname="MatmulTestWithLayout">
      <skipped message="/opt/pytorch/nvfuser/tests/cpp/test_matmul.cpp:3001&#x0A;Requires GPU capability &gt;= 8.0 and &lt; 9.0 to run.&#x0A;&#x0A;"><![CDATA[/opt/pytorch/nvfuser/tests/cpp/test_matmul.cpp:3001
Requires GPU capability >= 8.0 and < 9.0 to run.

]]></skipped>
    </testcase>
    <testcase name="AmpereMatmulBatchSplitK/TT" value_param="4-byte object &lt;01-00 00-00&gt;" file="/opt/pytorch/nvfuser/tests/cpp/test_matmul.cpp" line="3064" status="run" result="skipped" time="0." timestamp="2025-04-30T07:37:57.943" classname="MatmulTestWithLayout">
      <skipped message="/opt/pytorch/nvfuser/tests/cpp/test_matmul.cpp:3065&#x0A;Requires GPU capability &gt;= 8.0 and &lt; 9.0 to run.&#x0A;&#x0A;"><![CDATA[/opt/pytorch/nvfuser/tests/cpp/test_matmul.cpp:3065
Requires GPU capability >= 8.0 and < 9.0 to run.

]]></skipped>
    </testcase>
    <testcase name="AmpereMatmulBatchSplitK/NN" value_param="4-byte object &lt;03-00 00-00&gt;" file="/opt/pytorch/nvfuser/tests/cpp/test_matmul.cpp" line="3064" status="run" result="skipped" time="0." timestamp="2025-04-30T07:37:57.943" classname="MatmulTestWithLayout">
      <skipped message="/opt/pytorch/nvfuser/tests/cpp/test_matmul.cpp:3065&#x0A;Requires GPU capability &gt;= 8.0 and &lt; 9.0 to run.&#x0A;&#x0A;"><![CDATA[/opt/pytorch/nvfuser/tests/cpp/test_matmul.cpp:3065
Requires GPU capability >= 8.0 and < 9.0 to run.

]]></skipped>
    </testcase>
    <testcase name="AmpereMatmulBatchSplitKBias/NT" value_param="4-byte object &lt;00-00 00-00&gt;" file="/opt/pytorch/nvfuser/tests/cpp/test_matmul.cpp" line="3122" status="run" result="skipped" time="0." timestamp="2025-04-30T07:37:57.943" classname="MatmulTestWithLayout">
      <skipped message="/opt/pytorch/nvfuser/tests/cpp/test_matmul.cpp:3123&#x0A;Requires GPU capability &gt;= 8.0 and &lt; 9.0 to run.&#x0A;&#x0A;"><![CDATA[/opt/pytorch/nvfuser/tests/cpp/test_matmul.cpp:3123
Requires GPU capability >= 8.0 and < 9.0 to run.

]]></skipped>
    </testcase>
    <testcase name="MisalignedVectorization/TN" value_param="4-byte object &lt;02-00 00-00&gt;" file="/opt/pytorch/nvfuser/tests/cpp/test_matmul.cpp" line="3248" status="run" result="skipped" time="0." timestamp="2025-04-30T07:37:57.943" classname="MatmulTestWithLayout">
      <skipped message="/opt/pytorch/nvfuser/tests/cpp/test_matmul.cpp:3249&#x0A;Requires GPU capability &gt;= 8.0 and &lt; 9.0 to run.&#x0A;&#x0A;"><![CDATA[/opt/pytorch/nvfuser/tests/cpp/test_matmul.cpp:3249
Requires GPU capability >= 8.0 and < 9.0 to run.

]]></skipped>
    </testcase>
  </testsuite>
  <testsuite name="MLPBenchmarkTest" tests="10" failures="0" disabled="0" skipped="1" errors="0" time="5.675" timestamp="2025-04-30T07:37:57.943">
    <testcase name="FwdGEMM/dataparallel_non_warpspec" value_param="2-byte object &lt;00-00&gt;" file="/opt/pytorch/nvfuser/tests/cpp/test_matmul.cpp" line="4151" status="run" result="completed" time="0.4" timestamp="2025-04-30T07:37:57.943" classname="MLPBenchmarkTest" />
    <testcase name="FwdGEMM/persistent_warpspec" value_param="2-byte object &lt;01-01&gt;" file="/opt/pytorch/nvfuser/tests/cpp/test_matmul.cpp" line="4151" status="run" result="completed" time="0.378" timestamp="2025-04-30T07:37:58.344" classname="MLPBenchmarkTest" />
    <testcase name="FwdGEMM_BroadcastInputs/persistent_non_warpspec" value_param="2-byte object &lt;00-01&gt;" file="/opt/pytorch/nvfuser/tests/cpp/test_matmul.cpp" line="4200" status="run" result="completed" time="0.448" timestamp="2025-04-30T07:37:58.723" classname="MLPBenchmarkTest" />
    <testcase name="FwdEpilogueBiasFusion/dataparallel_warpspec" value_param="2-byte object &lt;01-00&gt;" file="/opt/pytorch/nvfuser/tests/cpp/test_matmul.cpp" line="4250" status="run" result="completed" time="0.456" timestamp="2025-04-30T07:37:59.171" classname="MLPBenchmarkTest" />
    <testcase name="FwdEpilogueSiluFusion/dataparallel_non_warpspec" value_param="2-byte object &lt;00-00&gt;" file="/opt/pytorch/nvfuser/tests/cpp/test_matmul.cpp" line="4301" status="run" result="completed" time="0.905" timestamp="2025-04-30T07:37:59.627" classname="MLPBenchmarkTest" />
    <testcase name="FwdEpilogueSiluFusion/persistent_warpspec" value_param="2-byte object &lt;01-01&gt;" file="/opt/pytorch/nvfuser/tests/cpp/test_matmul.cpp" line="4301" status="run" result="completed" time="1.019" timestamp="2025-04-30T07:38:00.533" classname="MLPBenchmarkTest" />
    <testcase name="FwdEpilogueFusion_BroadcastInputs/persistent_non_warpspec" value_param="2-byte object &lt;00-01&gt;" file="/opt/pytorch/nvfuser/tests/cpp/test_matmul.cpp" line="4368" status="run" result="skipped" time="0." timestamp="2025-04-30T07:38:01.552" classname="MLPBenchmarkTest">
      <skipped message="/opt/pytorch/nvfuser/tests/cpp/test_matmul.cpp:4369&#x0A;THIS TEST IS CURRENTLY FAILING&#x0A;&#x0A;"><![CDATA[/opt/pytorch/nvfuser/tests/cpp/test_matmul.cpp:4369
THIS TEST IS CURRENTLY FAILING

]]></skipped>
    </testcase>
    <testcase name="FwdHorizontalFusion/dataparallel_warpspec" value_param="2-byte object &lt;01-00&gt;" file="/opt/pytorch/nvfuser/tests/cpp/test_matmul.cpp" line="4436" status="run" result="completed" time="0.631" timestamp="2025-04-30T07:38:01.552" classname="MLPBenchmarkTest" />
    <testcase name="FwdHorizontalFusion_BroadcastInputs/dataparallel_non_warpspec" value_param="2-byte object &lt;00-00&gt;" file="/opt/pytorch/nvfuser/tests/cpp/test_matmul.cpp" line="4525" status="run" result="completed" time="0.666" timestamp="2025-04-30T07:38:02.183" classname="MLPBenchmarkTest" />
    <testcase name="FwdHorizontalFusion_BroadcastInputs/persistent_warpspec" value_param="2-byte object &lt;01-01&gt;" file="/opt/pytorch/nvfuser/tests/cpp/test_matmul.cpp" line="4525" status="run" result="completed" time="0.769" timestamp="2025-04-30T07:38:02.850" classname="MLPBenchmarkTest" />
  </testsuite>
  <testsuite name="MatmulNodeParameterizedTest" tests="14" failures="0" disabled="0" skipped="0" errors="0" time="0.091" timestamp="2025-04-30T07:38:03.619">
    <testcase name="MatmulNodeConcrete/0" value_param="({ 32 }, { 32 })" file="/opt/pytorch/nvfuser/tests/cpp/test_matmul_aten_evaluation.cpp" line="147" status="run" result="completed" time="0.021" timestamp="2025-04-30T07:38:03.619" classname="MatmulNodeParameterizedTest" />
    <testcase name="MatmulNodeConcrete/3" value_param="({ 32 }, { 128, 32, 16 })" file="/opt/pytorch/nvfuser/tests/cpp/test_matmul_aten_evaluation.cpp" line="147" status="run" result="completed" time="0.004" timestamp="2025-04-30T07:38:03.641" classname="MatmulNodeParameterizedTest" />
    <testcase name="MatmulNodeConcrete/6" value_param="({ 64, 32 }, { 32, 1 })" file="/opt/pytorch/nvfuser/tests/cpp/test_matmul_aten_evaluation.cpp" line="147" status="run" result="completed" time="0.001" timestamp="2025-04-30T07:38:03.645" classname="MatmulNodeParameterizedTest" />
    <testcase name="MatmulNodeConcrete/9" value_param="({ 1, 32 }, { 32, 16 })" file="/opt/pytorch/nvfuser/tests/cpp/test_matmul_aten_evaluation.cpp" line="147" status="run" result="completed" time="0.001" timestamp="2025-04-30T07:38:03.647" classname="MatmulNodeParameterizedTest" />
    <testcase name="MatmulNodeConcrete/12" value_param="({ 128, 64, 32 }, { 32 })" file="/opt/pytorch/nvfuser/tests/cpp/test_matmul_aten_evaluation.cpp" line="147" status="run" result="completed" time="0.009" timestamp="2025-04-30T07:38:03.648" classname="MatmulNodeParameterizedTest" />
    <testcase name="MatmulNodeConcrete/15" value_param="({ 128, 64, 32 }, { 128, 32, 16 })" file="/opt/pytorch/nvfuser/tests/cpp/test_matmul_aten_evaluation.cpp" line="147" status="run" result="completed" time="0.01" timestamp="2025-04-30T07:38:03.657" classname="MatmulNodeParameterizedTest" />
    <testcase name="MatmulNodeConcrete/18" value_param="({ 128, 1, 64, 32 }, { 32, 1 })" file="/opt/pytorch/nvfuser/tests/cpp/test_matmul_aten_evaluation.cpp" line="147" status="run" result="completed" time="0.007" timestamp="2025-04-30T07:38:03.668" classname="MatmulNodeParameterizedTest" />
    <testcase name="MatmulNodeSymbolic/1" value_param="({ 32 }, { 32, 16 })" file="/opt/pytorch/nvfuser/tests/cpp/test_matmul_aten_evaluation.cpp" line="173" status="run" result="completed" time="0.001" timestamp="2025-04-30T07:38:03.676" classname="MatmulNodeParameterizedTest" />
    <testcase name="MatmulNodeSymbolic/4" value_param="({ 64, 32 }, { 32 })" file="/opt/pytorch/nvfuser/tests/cpp/test_matmul_aten_evaluation.cpp" line="173" status="run" result="completed" time="0.001" timestamp="2025-04-30T07:38:03.677" classname="MatmulNodeParameterizedTest" />
    <testcase name="MatmulNodeSymbolic/7" value_param="({ 64, 32 }, { 128, 32, 16 })" file="/opt/pytorch/nvfuser/tests/cpp/test_matmul_aten_evaluation.cpp" line="173" status="run" result="completed" time="0.003" timestamp="2025-04-30T07:38:03.679" classname="MatmulNodeParameterizedTest" />
    <testcase name="MatmulNodeSymbolic/10" value_param="({ 1, 32 }, { 32, 1 })" file="/opt/pytorch/nvfuser/tests/cpp/test_matmul_aten_evaluation.cpp" line="173" status="run" result="completed" time="0.001" timestamp="2025-04-30T07:38:03.682" classname="MatmulNodeParameterizedTest" />
    <testcase name="MatmulNodeSymbolic/13" value_param="({ 128, 64, 32 }, { 32, 16 })" file="/opt/pytorch/nvfuser/tests/cpp/test_matmul_aten_evaluation.cpp" line="173" status="run" result="completed" time="0.009" timestamp="2025-04-30T07:38:03.683" classname="MatmulNodeParameterizedTest" />
    <testcase name="MatmulNodeSymbolic/16" value_param="({ 128, 1, 64, 32 }, { 32 })" file="/opt/pytorch/nvfuser/tests/cpp/test_matmul_aten_evaluation.cpp" line="173" status="run" result="completed" time="0.007" timestamp="2025-04-30T07:38:03.693" classname="MatmulNodeParameterizedTest" />
    <testcase name="MatmulNodeSymbolic/19" value_param="({ 128, 1, 64, 32 }, { 128, 32, 16 })" file="/opt/pytorch/nvfuser/tests/cpp/test_matmul_aten_evaluation.cpp" line="173" status="run" result="completed" time="0.01" timestamp="2025-04-30T07:38:03.700" classname="MatmulNodeParameterizedTest" />
  </testsuite>
  <testsuite name="ReductionAxisIsOne/MatmulNodeParameterizedTest" tests="13" failures="0" disabled="0" skipped="0" errors="0" time="1.154" timestamp="2025-04-30T07:38:03.711">
    <testcase name="MatmulNodeConcrete/2" value_param="({ 1 }, { 1, 1 })" file="/opt/pytorch/nvfuser/tests/cpp/test_matmul_aten_evaluation.cpp" line="147" status="run" result="completed" time="0.058" timestamp="2025-04-30T07:38:03.711" classname="ReductionAxisIsOne/MatmulNodeParameterizedTest" />
    <testcase name="MatmulNodeConcrete/5" value_param="({ 64, 1 }, { 1, 16 })" file="/opt/pytorch/nvfuser/tests/cpp/test_matmul_aten_evaluation.cpp" line="147" status="run" result="completed" time="0.085" timestamp="2025-04-30T07:38:03.769" classname="ReductionAxisIsOne/MatmulNodeParameterizedTest" />
    <testcase name="MatmulNodeConcrete/8" value_param="({ 1, 1 }, { 1 })" file="/opt/pytorch/nvfuser/tests/cpp/test_matmul_aten_evaluation.cpp" line="147" status="run" result="completed" time="0.058" timestamp="2025-04-30T07:38:03.855" classname="ReductionAxisIsOne/MatmulNodeParameterizedTest" />
    <testcase name="MatmulNodeConcrete/11" value_param="({ 1, 1 }, { 128, 1, 16 })" file="/opt/pytorch/nvfuser/tests/cpp/test_matmul_aten_evaluation.cpp" line="147" status="run" result="completed" time="0.091" timestamp="2025-04-30T07:38:03.914" classname="ReductionAxisIsOne/MatmulNodeParameterizedTest" />
    <testcase name="MatmulNodeConcrete/14" value_param="({ 128, 64, 1 }, { 1, 1 })" file="/opt/pytorch/nvfuser/tests/cpp/test_matmul_aten_evaluation.cpp" line="147" status="run" result="completed" time="0.09" timestamp="2025-04-30T07:38:04.006" classname="ReductionAxisIsOne/MatmulNodeParameterizedTest" />
    <testcase name="MatmulNodeConcrete/17" value_param="({ 128, 1, 64, 1 }, { 1, 16 })" file="/opt/pytorch/nvfuser/tests/cpp/test_matmul_aten_evaluation.cpp" line="147" status="run" result="completed" time="0.134" timestamp="2025-04-30T07:38:04.097" classname="ReductionAxisIsOne/MatmulNodeParameterizedTest" />
    <testcase name="MatmulNodeSymbolic/0" value_param="({ 1 }, { 1 })" file="/opt/pytorch/nvfuser/tests/cpp/test_matmul_aten_evaluation.cpp" line="173" status="run" result="completed" time="0.001" timestamp="2025-04-30T07:38:04.232" classname="ReductionAxisIsOne/MatmulNodeParameterizedTest" />
    <testcase name="MatmulNodeSymbolic/3" value_param="({ 1 }, { 128, 1, 16 })" file="/opt/pytorch/nvfuser/tests/cpp/test_matmul_aten_evaluation.cpp" line="173" status="run" result="completed" time="0.08" timestamp="2025-04-30T07:38:04.233" classname="ReductionAxisIsOne/MatmulNodeParameterizedTest" />
    <testcase name="MatmulNodeSymbolic/6" value_param="({ 64, 1 }, { 1, 1 })" file="/opt/pytorch/nvfuser/tests/cpp/test_matmul_aten_evaluation.cpp" line="173" status="run" result="completed" time="0.084" timestamp="2025-04-30T07:38:04.314" classname="ReductionAxisIsOne/MatmulNodeParameterizedTest" />
    <testcase name="MatmulNodeSymbolic/9" value_param="({ 1, 1 }, { 1, 16 })" file="/opt/pytorch/nvfuser/tests/cpp/test_matmul_aten_evaluation.cpp" line="173" status="run" result="completed" time="0.084" timestamp="2025-04-30T07:38:04.398" classname="ReductionAxisIsOne/MatmulNodeParameterizedTest" />
    <testcase name="MatmulNodeSymbolic/12" value_param="({ 128, 64, 1 }, { 1 })" file="/opt/pytorch/nvfuser/tests/cpp/test_matmul_aten_evaluation.cpp" line="173" status="run" result="completed" time="0.081" timestamp="2025-04-30T07:38:04.482" classname="ReductionAxisIsOne/MatmulNodeParameterizedTest" />
    <testcase name="MatmulNodeSymbolic/15" value_param="({ 128, 64, 1 }, { 128, 1, 16 })" file="/opt/pytorch/nvfuser/tests/cpp/test_matmul_aten_evaluation.cpp" line="173" status="run" result="completed" time="0.2" timestamp="2025-04-30T07:38:04.564" classname="ReductionAxisIsOne/MatmulNodeParameterizedTest" />
    <testcase name="MatmulNodeSymbolic/18" value_param="({ 128, 1, 64, 1 }, { 1, 1 })" file="/opt/pytorch/nvfuser/tests/cpp/test_matmul_aten_evaluation.cpp" line="173" status="run" result="completed" time="0.1" timestamp="2025-04-30T07:38:04.765" classname="ReductionAxisIsOne/MatmulNodeParameterizedTest" />
  </testsuite>
  <testsuite name="LinearWithoutBias/LinearNodeParametrizedTest" tests="7" failures="0" disabled="0" skipped="0" errors="0" time="0.018" timestamp="2025-04-30T07:38:04.865">
    <testcase name="LinearNodeConcrete/1" value_param="({ 32 }, { 1, 32 }, (nullopt))" file="/opt/pytorch/nvfuser/tests/cpp/test_matmul_aten_evaluation.cpp" line="199" status="run" result="completed" time="0.001" timestamp="2025-04-30T07:38:04.865" classname="LinearWithoutBias/LinearNodeParametrizedTest" />
    <testcase name="LinearNodeConcrete/4" value_param="({ 128, 64, 32 }, { 16, 32 }, (nullopt))" file="/opt/pytorch/nvfuser/tests/cpp/test_matmul_aten_evaluation.cpp" line="199" status="run" result="completed" time="0.009" timestamp="2025-04-30T07:38:04.866" classname="LinearWithoutBias/LinearNodeParametrizedTest" />
    <testcase name="LinearNodeConcrete/7" value_param="({ 1, 32 }, { 1, 32 }, (nullopt))" file="/opt/pytorch/nvfuser/tests/cpp/test_matmul_aten_evaluation.cpp" line="199" status="run" result="completed" time="0.001" timestamp="2025-04-30T07:38:04.876" classname="LinearWithoutBias/LinearNodeParametrizedTest" />
    <testcase name="LinearNodeSymbolic/0" value_param="({ 32 }, { 16, 32 }, (nullopt))" file="/opt/pytorch/nvfuser/tests/cpp/test_matmul_aten_evaluation.cpp" line="246" status="run" result="completed" time="0.002" timestamp="2025-04-30T07:38:04.877" classname="LinearWithoutBias/LinearNodeParametrizedTest" />
    <testcase name="LinearNodeSymbolic/3" value_param="({ 64, 32 }, { 1, 32 }, (nullopt))" file="/opt/pytorch/nvfuser/tests/cpp/test_matmul_aten_evaluation.cpp" line="246" status="run" result="completed" time="0.001" timestamp="2025-04-30T07:38:04.880" classname="LinearWithoutBias/LinearNodeParametrizedTest" />
    <testcase name="LinearNodeSymbolic/6" value_param="({ 1, 32 }, { 16, 32 }, (nullopt))" file="/opt/pytorch/nvfuser/tests/cpp/test_matmul_aten_evaluation.cpp" line="246" status="run" result="completed" time="0.001" timestamp="2025-04-30T07:38:04.881" classname="LinearWithoutBias/LinearNodeParametrizedTest" />
    <testcase name="LinearNodeSymbolic/9" value_param="({ 128, 1, 32 }, { 1, 32 }, (nullopt))" file="/opt/pytorch/nvfuser/tests/cpp/test_matmul_aten_evaluation.cpp" line="246" status="run" result="completed" time="0.001" timestamp="2025-04-30T07:38:04.882" classname="LinearWithoutBias/LinearNodeParametrizedTest" />
  </testsuite>
  <testsuite name="LinearWithBias/LinearNodeParametrizedTest" tests="3" failures="0" disabled="0" skipped="0" errors="0" time="0.014" timestamp="2025-04-30T07:38:04.884">
    <testcase name="LinearNodeConcrete/2" value_param="({ 128, 64, 32 }, { 16, 32 }, ({ 16 }))" file="/opt/pytorch/nvfuser/tests/cpp/test_matmul_aten_evaluation.cpp" line="199" status="run" result="completed" time="0.009" timestamp="2025-04-30T07:38:04.884" classname="LinearWithBias/LinearNodeParametrizedTest" />
    <testcase name="LinearNodeSymbolic/0" value_param="({ 32 }, { 16, 32 }, ({ 16 }))" file="/opt/pytorch/nvfuser/tests/cpp/test_matmul_aten_evaluation.cpp" line="246" status="run" result="completed" time="0.002" timestamp="2025-04-30T07:38:04.894" classname="LinearWithBias/LinearNodeParametrizedTest" />
    <testcase name="LinearNodeSymbolic/3" value_param="({ 1, 32 }, { 16, 32 }, ({ 16 }))" file="/opt/pytorch/nvfuser/tests/cpp/test_matmul_aten_evaluation.cpp" line="246" status="run" result="completed" time="0.001" timestamp="2025-04-30T07:38:04.897" classname="LinearWithBias/LinearNodeParametrizedTest" />
  </testsuite>
  <testsuite name="LinearReductionAxisIsOne/LinearNodeParametrizedTest" tests="3" failures="0" disabled="0" skipped="0" errors="0" time="0.004" timestamp="2025-04-30T07:38:04.898">
    <testcase name="LinearNodeConcrete/1" value_param="({ 64, 1 }, { 16, 1 }, ({ 16 }))" file="/opt/pytorch/nvfuser/tests/cpp/test_matmul_aten_evaluation.cpp" line="199" status="run" result="completed" time="0.001" timestamp="2025-04-30T07:38:04.898" classname="LinearReductionAxisIsOne/LinearNodeParametrizedTest" />
    <testcase name="LinearNodeConcrete/4" value_param="({ 128, 1, 1 }, { 16, 1 }, ({ 16 }))" file="/opt/pytorch/nvfuser/tests/cpp/test_matmul_aten_evaluation.cpp" line="199" status="run" result="completed" time="0.001" timestamp="2025-04-30T07:38:04.899" classname="LinearReductionAxisIsOne/LinearNodeParametrizedTest" />
    <testcase name="LinearNodeSymbolic/2" value_param="({ 128, 64, 1 }, { 16, 1 }, ({ 16 }))" file="/opt/pytorch/nvfuser/tests/cpp/test_matmul_aten_evaluation.cpp" line="246" status="run" result="completed" time="0.001" timestamp="2025-04-30T07:38:04.901" classname="LinearReductionAxisIsOne/LinearNodeParametrizedTest" />
  </testsuite>
  <testsuite name="MatmulSASSTestWithLayout" tests="2" failures="0" disabled="0" skipped="2" errors="0" time="0." timestamp="2025-04-30T07:38:04.902">
    <testcase name="AmpereSanity/TT" value_param="4-byte object &lt;01-00 00-00&gt;" file="/opt/pytorch/nvfuser/tests/cpp/test_matmul_sass.cpp" line="182" status="run" result="skipped" time="0." timestamp="2025-04-30T07:38:04.902" classname="MatmulSASSTestWithLayout">
      <skipped message="/opt/pytorch/nvfuser/tests/cpp/test_matmul_sass.cpp:183&#x0A;Requires GPU capability &gt;= 8.0 and &lt; 9.0 to run.&#x0A;&#x0A;"><![CDATA[/opt/pytorch/nvfuser/tests/cpp/test_matmul_sass.cpp:183
Requires GPU capability >= 8.0 and < 9.0 to run.

]]></skipped>
    </testcase>
    <testcase name="AmpereSanity/NN" value_param="4-byte object &lt;03-00 00-00&gt;" file="/opt/pytorch/nvfuser/tests/cpp/test_matmul_sass.cpp" line="182" status="run" result="skipped" time="0." timestamp="2025-04-30T07:38:04.902" classname="MatmulSASSTestWithLayout">
      <skipped message="/opt/pytorch/nvfuser/tests/cpp/test_matmul_sass.cpp:183&#x0A;Requires GPU capability &gt;= 8.0 and &lt; 9.0 to run.&#x0A;&#x0A;"><![CDATA[/opt/pytorch/nvfuser/tests/cpp/test_matmul_sass.cpp:183
Requires GPU capability >= 8.0 and < 9.0 to run.

]]></skipped>
    </testcase>
  </testsuite>
  <testsuite name="MatmulSchedulerTest/PrecisionParametrizedTest" tests="12" failures="0" disabled="0" skipped="12" errors="0" time="0." timestamp="2025-04-30T07:38:04.902">
    <testcase name="EpilogueBias/TSS" value_param="(__bfloat, float, float)" file="/opt/pytorch/nvfuser/tests/cpp/test_matmul_scheduler.cpp" line="130" status="run" result="skipped" time="0." timestamp="2025-04-30T07:38:04.902" classname="MatmulSchedulerTest/PrecisionParametrizedTest">
      <skipped message="/opt/pytorch/nvfuser/tests/cpp/test_matmul_scheduler.cpp:132&#x0A;Requires GPU capability &gt;= 7.5 and &lt; 9.0 to run.&#x0A;&#x0A;"><![CDATA[/opt/pytorch/nvfuser/tests/cpp/test_matmul_scheduler.cpp:132
Requires GPU capability >= 7.5 and < 9.0 to run.

]]></skipped>
    </testcase>
    <testcase name="EpilogueRelu/HSH" value_param="(__half, float, __half)" file="/opt/pytorch/nvfuser/tests/cpp/test_matmul_scheduler.cpp" line="232" status="run" result="skipped" time="0." timestamp="2025-04-30T07:38:04.902" classname="MatmulSchedulerTest/PrecisionParametrizedTest">
      <skipped message="/opt/pytorch/nvfuser/tests/cpp/test_matmul_scheduler.cpp:234&#x0A;Requires GPU capability &gt;= 7.5 and &lt; 9.0 to run.&#x0A;&#x0A;"><![CDATA[/opt/pytorch/nvfuser/tests/cpp/test_matmul_scheduler.cpp:234
Requires GPU capability >= 7.5 and < 9.0 to run.

]]></skipped>
    </testcase>
    <testcase name="EpilogueBiasRelu/HSS" value_param="(__half, float, float)" file="/opt/pytorch/nvfuser/tests/cpp/test_matmul_scheduler.cpp" line="318" status="run" result="skipped" time="0." timestamp="2025-04-30T07:38:04.902" classname="MatmulSchedulerTest/PrecisionParametrizedTest">
      <skipped message="/opt/pytorch/nvfuser/tests/cpp/test_matmul_scheduler.cpp:321&#x0A;Requires GPU capability &gt;= 7.5 and &lt; 9.0 to run.&#x0A;&#x0A;"><![CDATA[/opt/pytorch/nvfuser/tests/cpp/test_matmul_scheduler.cpp:321
Requires GPU capability >= 7.5 and < 9.0 to run.

]]></skipped>
    </testcase>
    <testcase name="EpilogueBiasRelu/TST" value_param="(__bfloat, float, __bfloat)" file="/opt/pytorch/nvfuser/tests/cpp/test_matmul_scheduler.cpp" line="318" status="run" result="skipped" time="0." timestamp="2025-04-30T07:38:04.902" classname="MatmulSchedulerTest/PrecisionParametrizedTest">
      <skipped message="/opt/pytorch/nvfuser/tests/cpp/test_matmul_scheduler.cpp:321&#x0A;Requires GPU capability &gt;= 7.5 and &lt; 9.0 to run.&#x0A;&#x0A;"><![CDATA[/opt/pytorch/nvfuser/tests/cpp/test_matmul_scheduler.cpp:321
Requires GPU capability >= 7.5 and < 9.0 to run.

]]></skipped>
    </testcase>
    <testcase name="EpilogueReluAux/TSS" value_param="(__bfloat, float, float)" file="/opt/pytorch/nvfuser/tests/cpp/test_matmul_scheduler.cpp" line="425" status="run" result="skipped" time="0." timestamp="2025-04-30T07:38:04.902" classname="MatmulSchedulerTest/PrecisionParametrizedTest">
      <skipped message="/opt/pytorch/nvfuser/tests/cpp/test_matmul_scheduler.cpp:427&#x0A;Requires GPU capability &gt;= 7.5 and &lt; 9.0 to run.&#x0A;&#x0A;"><![CDATA[/opt/pytorch/nvfuser/tests/cpp/test_matmul_scheduler.cpp:427
Requires GPU capability >= 7.5 and < 9.0 to run.

]]></skipped>
    </testcase>
    <testcase name="EpilogueBiasReluAux/HSH" value_param="(__half, float, __half)" file="/opt/pytorch/nvfuser/tests/cpp/test_matmul_scheduler.cpp" line="518" status="run" result="skipped" time="0." timestamp="2025-04-30T07:38:04.902" classname="MatmulSchedulerTest/PrecisionParametrizedTest">
      <skipped message="/opt/pytorch/nvfuser/tests/cpp/test_matmul_scheduler.cpp:521&#x0A;Requires GPU capability &gt;= 7.5 and &lt; 9.0 to run.&#x0A;&#x0A;"><![CDATA[/opt/pytorch/nvfuser/tests/cpp/test_matmul_scheduler.cpp:521
Requires GPU capability >= 7.5 and < 9.0 to run.

]]></skipped>
    </testcase>
    <testcase name="EpilogueGelu/HSS" value_param="(__half, float, float)" file="/opt/pytorch/nvfuser/tests/cpp/test_matmul_scheduler.cpp" line="631" status="run" result="skipped" time="0." timestamp="2025-04-30T07:38:04.902" classname="MatmulSchedulerTest/PrecisionParametrizedTest">
      <skipped message="/opt/pytorch/nvfuser/tests/cpp/test_matmul_scheduler.cpp:633&#x0A;Requires GPU capability &gt;= 7.5 and &lt; 9.0 to run.&#x0A;&#x0A;"><![CDATA[/opt/pytorch/nvfuser/tests/cpp/test_matmul_scheduler.cpp:633
Requires GPU capability >= 7.5 and < 9.0 to run.

]]></skipped>
    </testcase>
    <testcase name="EpilogueGelu/TST" value_param="(__bfloat, float, __bfloat)" file="/opt/pytorch/nvfuser/tests/cpp/test_matmul_scheduler.cpp" line="631" status="run" result="skipped" time="0." timestamp="2025-04-30T07:38:04.902" classname="MatmulSchedulerTest/PrecisionParametrizedTest">
      <skipped message="/opt/pytorch/nvfuser/tests/cpp/test_matmul_scheduler.cpp:633&#x0A;Requires GPU capability &gt;= 7.5 and &lt; 9.0 to run.&#x0A;&#x0A;"><![CDATA[/opt/pytorch/nvfuser/tests/cpp/test_matmul_scheduler.cpp:633
Requires GPU capability >= 7.5 and < 9.0 to run.

]]></skipped>
    </testcase>
    <testcase name="EpilogueGeluAux/TSS" value_param="(__bfloat, float, float)" file="/opt/pytorch/nvfuser/tests/cpp/test_matmul_scheduler.cpp" line="717" status="run" result="skipped" time="0." timestamp="2025-04-30T07:38:04.902" classname="MatmulSchedulerTest/PrecisionParametrizedTest">
      <skipped message="/opt/pytorch/nvfuser/tests/cpp/test_matmul_scheduler.cpp:718&#x0A;Requires GPU capability &gt;= 7.5 and &lt; 9.0 to run.&#x0A;&#x0A;"><![CDATA[/opt/pytorch/nvfuser/tests/cpp/test_matmul_scheduler.cpp:718
Requires GPU capability >= 7.5 and < 9.0 to run.

]]></skipped>
    </testcase>
    <testcase name="EpilogueBiasGelu/HSH" value_param="(__half, float, __half)" file="/opt/pytorch/nvfuser/tests/cpp/test_matmul_scheduler.cpp" line="809" status="run" result="skipped" time="0." timestamp="2025-04-30T07:38:04.902" classname="MatmulSchedulerTest/PrecisionParametrizedTest">
      <skipped message="/opt/pytorch/nvfuser/tests/cpp/test_matmul_scheduler.cpp:811&#x0A;Requires GPU capability &gt;= 7.5 and &lt; 9.0 to run.&#x0A;&#x0A;"><![CDATA[/opt/pytorch/nvfuser/tests/cpp/test_matmul_scheduler.cpp:811
Requires GPU capability >= 7.5 and < 9.0 to run.

]]></skipped>
    </testcase>
    <testcase name="EpilogueBiasGeluAux/HSS" value_param="(__half, float, float)" file="/opt/pytorch/nvfuser/tests/cpp/test_matmul_scheduler.cpp" line="914" status="run" result="skipped" time="0." timestamp="2025-04-30T07:38:04.902" classname="MatmulSchedulerTest/PrecisionParametrizedTest">
      <skipped message="/opt/pytorch/nvfuser/tests/cpp/test_matmul_scheduler.cpp:917&#x0A;Requires GPU capability &gt;= 7.5 and &lt; 9.0 to run.&#x0A;&#x0A;"><![CDATA[/opt/pytorch/nvfuser/tests/cpp/test_matmul_scheduler.cpp:917
Requires GPU capability >= 7.5 and < 9.0 to run.

]]></skipped>
    </testcase>
    <testcase name="EpilogueBiasGeluAux/TST" value_param="(__bfloat, float, __bfloat)" file="/opt/pytorch/nvfuser/tests/cpp/test_matmul_scheduler.cpp" line="914" status="run" result="skipped" time="0." timestamp="2025-04-30T07:38:04.902" classname="MatmulSchedulerTest/PrecisionParametrizedTest">
      <skipped message="/opt/pytorch/nvfuser/tests/cpp/test_matmul_scheduler.cpp:917&#x0A;Requires GPU capability &gt;= 7.5 and &lt; 9.0 to run.&#x0A;&#x0A;"><![CDATA[/opt/pytorch/nvfuser/tests/cpp/test_matmul_scheduler.cpp:917
Requires GPU capability >= 7.5 and < 9.0 to run.

]]></skipped>
    </testcase>
  </testsuite>
  <testsuite name="MatmulSchedulerTestWithLayout" tests="10" failures="0" disabled="0" skipped="10" errors="0" time="0." timestamp="2025-04-30T07:38:04.902">
    <testcase name="BasicMatmulRelaxedCheck/NT" value_param="4-byte object &lt;00-00 00-00&gt;" file="/opt/pytorch/nvfuser/tests/cpp/test_matmul_scheduler.cpp" line="1122" status="run" result="skipped" time="0." timestamp="2025-04-30T07:38:04.902" classname="MatmulSchedulerTestWithLayout">
      <skipped message="/opt/pytorch/nvfuser/tests/cpp/test_matmul_scheduler.cpp:1125&#x0A;Requires GPU capability &gt;= 7.5 and &lt; 9.0 to run.&#x0A;&#x0A;"><![CDATA[/opt/pytorch/nvfuser/tests/cpp/test_matmul_scheduler.cpp:1125
Requires GPU capability >= 7.5 and < 9.0 to run.

]]></skipped>
    </testcase>
    <testcase name="StridedBatch/TN" value_param="4-byte object &lt;02-00 00-00&gt;" file="/opt/pytorch/nvfuser/tests/cpp/test_matmul_scheduler.cpp" line="1703" status="run" result="skipped" time="0." timestamp="2025-04-30T07:38:04.902" classname="MatmulSchedulerTestWithLayout">
      <skipped message="/opt/pytorch/nvfuser/tests/cpp/test_matmul_scheduler.cpp:1705&#x0A;Requires GPU capability &gt;= 7.5 and &lt; 9.0 to run.&#x0A;&#x0A;"><![CDATA[/opt/pytorch/nvfuser/tests/cpp/test_matmul_scheduler.cpp:1705
Requires GPU capability >= 7.5 and < 9.0 to run.

]]></skipped>
    </testcase>
    <testcase name="StridedBatchEpilogueAlphaBeta/TT" value_param="4-byte object &lt;01-00 00-00&gt;" file="/opt/pytorch/nvfuser/tests/cpp/test_matmul_scheduler.cpp" line="1757" status="run" result="skipped" time="0." timestamp="2025-04-30T07:38:04.902" classname="MatmulSchedulerTestWithLayout">
      <skipped message="/opt/pytorch/nvfuser/tests/cpp/test_matmul_scheduler.cpp:1759&#x0A;Requires GPU capability &gt;= 7.5 and &lt; 9.0 to run.&#x0A;&#x0A;"><![CDATA[/opt/pytorch/nvfuser/tests/cpp/test_matmul_scheduler.cpp:1759
Requires GPU capability >= 7.5 and < 9.0 to run.

]]></skipped>
    </testcase>
    <testcase name="StridedBatchEpilogueAlphaBeta/NN" value_param="4-byte object &lt;03-00 00-00&gt;" file="/opt/pytorch/nvfuser/tests/cpp/test_matmul_scheduler.cpp" line="1757" status="run" result="skipped" time="0." timestamp="2025-04-30T07:38:04.902" classname="MatmulSchedulerTestWithLayout">
      <skipped message="/opt/pytorch/nvfuser/tests/cpp/test_matmul_scheduler.cpp:1759&#x0A;Requires GPU capability &gt;= 7.5 and &lt; 9.0 to run.&#x0A;&#x0A;"><![CDATA[/opt/pytorch/nvfuser/tests/cpp/test_matmul_scheduler.cpp:1759
Requires GPU capability >= 7.5 and < 9.0 to run.

]]></skipped>
    </testcase>
    <testcase name="StridedBatchEpilogueAlphaSingleBeta/NT" value_param="4-byte object &lt;00-00 00-00&gt;" file="/opt/pytorch/nvfuser/tests/cpp/test_matmul_scheduler.cpp" line="1833" status="run" result="skipped" time="0." timestamp="2025-04-30T07:38:04.902" classname="MatmulSchedulerTestWithLayout">
      <skipped message="/opt/pytorch/nvfuser/tests/cpp/test_matmul_scheduler.cpp:1835&#x0A;Requires GPU capability &gt;= 7.5 and &lt; 9.0 to run.&#x0A;&#x0A;"><![CDATA[/opt/pytorch/nvfuser/tests/cpp/test_matmul_scheduler.cpp:1835
Requires GPU capability >= 7.5 and < 9.0 to run.

]]></skipped>
    </testcase>
    <testcase name="StridedBatchEpilogueBias/TN" value_param="4-byte object &lt;02-00 00-00&gt;" file="/opt/pytorch/nvfuser/tests/cpp/test_matmul_scheduler.cpp" line="1913" status="run" result="skipped" time="0." timestamp="2025-04-30T07:38:04.902" classname="MatmulSchedulerTestWithLayout">
      <skipped message="/opt/pytorch/nvfuser/tests/cpp/test_matmul_scheduler.cpp:1915&#x0A;Requires GPU capability &gt;= 7.5 and &lt; 9.0 to run.&#x0A;&#x0A;"><![CDATA[/opt/pytorch/nvfuser/tests/cpp/test_matmul_scheduler.cpp:1915
Requires GPU capability >= 7.5 and < 9.0 to run.

]]></skipped>
    </testcase>
    <testcase name="StridedBatchEpilogueSingleBias/TT" value_param="4-byte object &lt;01-00 00-00&gt;" file="/opt/pytorch/nvfuser/tests/cpp/test_matmul_scheduler.cpp" line="1975" status="run" result="skipped" time="0." timestamp="2025-04-30T07:38:04.902" classname="MatmulSchedulerTestWithLayout">
      <skipped message="/opt/pytorch/nvfuser/tests/cpp/test_matmul_scheduler.cpp:1977&#x0A;Requires GPU capability &gt;= 7.5 and &lt; 9.0 to run.&#x0A;&#x0A;"><![CDATA[/opt/pytorch/nvfuser/tests/cpp/test_matmul_scheduler.cpp:1977
Requires GPU capability >= 7.5 and < 9.0 to run.

]]></skipped>
    </testcase>
    <testcase name="StridedBatchEpilogueSingleBias/NN" value_param="4-byte object &lt;03-00 00-00&gt;" file="/opt/pytorch/nvfuser/tests/cpp/test_matmul_scheduler.cpp" line="1975" status="run" result="skipped" time="0." timestamp="2025-04-30T07:38:04.902" classname="MatmulSchedulerTestWithLayout">
      <skipped message="/opt/pytorch/nvfuser/tests/cpp/test_matmul_scheduler.cpp:1977&#x0A;Requires GPU capability &gt;= 7.5 and &lt; 9.0 to run.&#x0A;&#x0A;"><![CDATA[/opt/pytorch/nvfuser/tests/cpp/test_matmul_scheduler.cpp:1977
Requires GPU capability >= 7.5 and < 9.0 to run.

]]></skipped>
    </testcase>
    <testcase name="MisalignedVectorization/NT" value_param="4-byte object &lt;00-00 00-00&gt;" file="/opt/pytorch/nvfuser/tests/cpp/test_matmul_scheduler.cpp" line="2037" status="run" result="skipped" time="0." timestamp="2025-04-30T07:38:04.902" classname="MatmulSchedulerTestWithLayout">
      <skipped message="/opt/pytorch/nvfuser/tests/cpp/test_matmul_scheduler.cpp:2038&#x0A;Requires GPU capability &gt;= 7.5 and &lt; 9.0 to run.&#x0A;&#x0A;"><![CDATA[/opt/pytorch/nvfuser/tests/cpp/test_matmul_scheduler.cpp:2038
Requires GPU capability >= 7.5 and < 9.0 to run.

]]></skipped>
    </testcase>
    <testcase name="StridedInputs/TN" value_param="4-byte object &lt;02-00 00-00&gt;" file="/opt/pytorch/nvfuser/tests/cpp/test_matmul_scheduler.cpp" line="2191" status="run" result="skipped" time="0." timestamp="2025-04-30T07:38:04.903" classname="MatmulSchedulerTestWithLayout">
      <skipped message="/opt/pytorch/nvfuser/tests/cpp/test_matmul_scheduler.cpp:2192&#x0A;Requires GPU capability &gt;= 7.5 and &lt; 9.0 to run.&#x0A;&#x0A;"><![CDATA[/opt/pytorch/nvfuser/tests/cpp/test_matmul_scheduler.cpp:2192
Requires GPU capability >= 7.5 and < 9.0 to run.

]]></skipped>
    </testcase>
  </testsuite>
  <testsuite name="MatmulFusionTest" tests="1" failures="0" disabled="0" skipped="1" errors="0" time="0." timestamp="2025-04-30T07:38:04.903">
    <testcase name="Llama2FFN/dontfuse" value_param="(false, false)" file="/opt/pytorch/nvfuser/tests/cpp/test_matmul_scheduler.cpp" line="2801" status="run" result="skipped" time="0." timestamp="2025-04-30T07:38:04.903" classname="MatmulFusionTest">
      <skipped message="/opt/pytorch/nvfuser/tests/cpp/test_matmul_scheduler.cpp:2802&#x0A;Requires GPU capability &gt;= 7.5 and &lt; 9.0 to run.&#x0A;&#x0A;"><![CDATA[/opt/pytorch/nvfuser/tests/cpp/test_matmul_scheduler.cpp:2802
Requires GPU capability >= 7.5 and < 9.0 to run.

]]></skipped>
    </testcase>
  </testsuite>
  <testsuite name="MatmulSchedulerTest/AllocationDomainTest" tests="10" failures="0" disabled="0" skipped="8" errors="0" time="0.528" timestamp="2025-04-30T07:38:04.903">
    <testcase name="BasicMatmul/0" value_param="(false, false)" file="/opt/pytorch/nvfuser/tests/cpp/test_matmul_scheduler.cpp" line="2963" status="run" result="completed" time="0.266" timestamp="2025-04-30T07:38:04.903" classname="MatmulSchedulerTest/AllocationDomainTest" />
    <testcase name="BasicMatmul/3" value_param="(true, true)" file="/opt/pytorch/nvfuser/tests/cpp/test_matmul_scheduler.cpp" line="2963" status="run" result="completed" time="0.261" timestamp="2025-04-30T07:38:05.169" classname="MatmulSchedulerTest/AllocationDomainTest" />
    <testcase name="BasicMatmulNoTranspose/2" value_param="(true, false)" file="/opt/pytorch/nvfuser/tests/cpp/test_matmul_scheduler.cpp" line="2997" status="run" result="skipped" time="0." timestamp="2025-04-30T07:38:05.431" classname="MatmulSchedulerTest/AllocationDomainTest">
      <skipped message="/opt/pytorch/nvfuser/tests/cpp/test_matmul_scheduler.cpp:2998&#x0A;Requires GPU capability &gt;= 7.5 and &lt; 9.0 to run.&#x0A;&#x0A;"><![CDATA[/opt/pytorch/nvfuser/tests/cpp/test_matmul_scheduler.cpp:2998
Requires GPU capability >= 7.5 and < 9.0 to run.

]]></skipped>
    </testcase>
    <testcase name="BasicMatmulWithPrologueSet/1" value_param="(false, true)" file="/opt/pytorch/nvfuser/tests/cpp/test_matmul_scheduler.cpp" line="3029" status="run" result="skipped" time="0." timestamp="2025-04-30T07:38:05.431" classname="MatmulSchedulerTest/AllocationDomainTest">
      <skipped message="/opt/pytorch/nvfuser/tests/cpp/test_matmul_scheduler.cpp:3030&#x0A;Requires GPU capability &gt;= 7.5 and &lt; 9.0 to run.&#x0A;&#x0A;"><![CDATA[/opt/pytorch/nvfuser/tests/cpp/test_matmul_scheduler.cpp:3030
Requires GPU capability >= 7.5 and < 9.0 to run.

]]></skipped>
    </testcase>
    <testcase name="BasicMatmulWithPrologueSetCastSin/0" value_param="(false, false)" file="/opt/pytorch/nvfuser/tests/cpp/test_matmul_scheduler.cpp" line="3065" status="run" result="skipped" time="0." timestamp="2025-04-30T07:38:05.431" classname="MatmulSchedulerTest/AllocationDomainTest">
      <skipped message="/opt/pytorch/nvfuser/tests/cpp/test_matmul_scheduler.cpp:3066&#x0A;Requires GPU capability &gt;= 7.5 and &lt; 9.0 to run.&#x0A;&#x0A;"><![CDATA[/opt/pytorch/nvfuser/tests/cpp/test_matmul_scheduler.cpp:3066
Requires GPU capability >= 7.5 and < 9.0 to run.

]]></skipped>
    </testcase>
    <testcase name="BasicMatmulWithPrologueSetCastSin/3" value_param="(true, true)" file="/opt/pytorch/nvfuser/tests/cpp/test_matmul_scheduler.cpp" line="3065" status="run" result="skipped" time="0." timestamp="2025-04-30T07:38:05.431" classname="MatmulSchedulerTest/AllocationDomainTest">
      <skipped message="/opt/pytorch/nvfuser/tests/cpp/test_matmul_scheduler.cpp:3066&#x0A;Requires GPU capability &gt;= 7.5 and &lt; 9.0 to run.&#x0A;&#x0A;"><![CDATA[/opt/pytorch/nvfuser/tests/cpp/test_matmul_scheduler.cpp:3066
Requires GPU capability >= 7.5 and < 9.0 to run.

]]></skipped>
    </testcase>
    <testcase name="BasicMatmulWithPrologueSetCastSinNoTranspose/2" value_param="(true, false)" file="/opt/pytorch/nvfuser/tests/cpp/test_matmul_scheduler.cpp" line="3104" status="run" result="skipped" time="0." timestamp="2025-04-30T07:38:05.431" classname="MatmulSchedulerTest/AllocationDomainTest">
      <skipped message="/opt/pytorch/nvfuser/tests/cpp/test_matmul_scheduler.cpp:3105&#x0A;Requires GPU capability &gt;= 7.5 and &lt; 9.0 to run.&#x0A;&#x0A;"><![CDATA[/opt/pytorch/nvfuser/tests/cpp/test_matmul_scheduler.cpp:3105
Requires GPU capability >= 7.5 and < 9.0 to run.

]]></skipped>
    </testcase>
    <testcase name="BasicMatmulWithPrologueSetCastSinSetNoTranspose/1" value_param="(false, true)" file="/opt/pytorch/nvfuser/tests/cpp/test_matmul_scheduler.cpp" line="3140" status="run" result="skipped" time="0." timestamp="2025-04-30T07:38:05.431" classname="MatmulSchedulerTest/AllocationDomainTest">
      <skipped message="/opt/pytorch/nvfuser/tests/cpp/test_matmul_scheduler.cpp:3141&#x0A;Requires GPU capability &gt;= 7.5 and &lt; 9.0 to run.&#x0A;&#x0A;"><![CDATA[/opt/pytorch/nvfuser/tests/cpp/test_matmul_scheduler.cpp:3141
Requires GPU capability >= 7.5 and < 9.0 to run.

]]></skipped>
    </testcase>
    <testcase name="MatmulWithPrologueSetCastSinTranspose/0" value_param="(false, false)" file="/opt/pytorch/nvfuser/tests/cpp/test_matmul_scheduler.cpp" line="3177" status="run" result="skipped" time="0." timestamp="2025-04-30T07:38:05.431" classname="MatmulSchedulerTest/AllocationDomainTest">
      <skipped message="/opt/pytorch/nvfuser/tests/cpp/test_matmul_scheduler.cpp:3178&#x0A;Requires GPU capability &gt;= 7.5 and &lt; 9.0 to run.&#x0A;&#x0A;"><![CDATA[/opt/pytorch/nvfuser/tests/cpp/test_matmul_scheduler.cpp:3178
Requires GPU capability >= 7.5 and < 9.0 to run.

]]></skipped>
    </testcase>
    <testcase name="MatmulWithPrologueSetCastSinTranspose/3" value_param="(true, true)" file="/opt/pytorch/nvfuser/tests/cpp/test_matmul_scheduler.cpp" line="3177" status="run" result="skipped" time="0." timestamp="2025-04-30T07:38:05.431" classname="MatmulSchedulerTest/AllocationDomainTest">
      <skipped message="/opt/pytorch/nvfuser/tests/cpp/test_matmul_scheduler.cpp:3178&#x0A;Requires GPU capability &gt;= 7.5 and &lt; 9.0 to run.&#x0A;&#x0A;"><![CDATA[/opt/pytorch/nvfuser/tests/cpp/test_matmul_scheduler.cpp:3178
Requires GPU capability >= 7.5 and < 9.0 to run.

]]></skipped>
    </testcase>
  </testsuite>
  <testsuite name="General/HopperMatmulSchedulerTest" tests="10" failures="0" disabled="0" skipped="0" errors="0" time="3.047" timestamp="2025-04-30T07:38:05.431">
    <testcase name="FusedMultiplySum/MK_512_256_128_MmaMacro_m64_n128_k16" value_param="(false, false, true, 512, 256, 128, 8-byte object &lt;10-00 80-00 40-00 04-00&gt;, 1)" file="/opt/pytorch/nvfuser/tests/cpp/test_matmul_scheduler.cpp" line="3398" status="run" result="completed" time="0.211" timestamp="2025-04-30T07:38:05.431" classname="General/HopperMatmulSchedulerTest" />
    <testcase name="FusedMultiplySum/KN_512_256_128_MmaMacro_m64_n128_k16_splitk_2" value_param="(false, true, false, 512, 256, 128, 8-byte object &lt;10-00 80-00 40-00 04-00&gt;, 2)" file="/opt/pytorch/nvfuser/tests/cpp/test_matmul_scheduler.cpp" line="3398" status="run" result="completed" time="0.328" timestamp="2025-04-30T07:38:05.642" classname="General/HopperMatmulSchedulerTest" />
    <testcase name="FusedMultiplySum/MN_512_256_128_MmaMacro_m64_n128_k16_tma_store" value_param="(true, false, false, 512, 256, 128, 8-byte object &lt;10-00 80-00 40-00 04-00&gt;, 1)" file="/opt/pytorch/nvfuser/tests/cpp/test_matmul_scheduler.cpp" line="3398" status="run" result="completed" time="0.207" timestamp="2025-04-30T07:38:05.971" classname="General/HopperMatmulSchedulerTest" />
    <testcase name="FusedMultiplySum/MK_512_256_128_MmaMacro_m64_n128_k16_tma_store_splitk_2" value_param="(true, false, true, 512, 256, 128, 8-byte object &lt;10-00 80-00 40-00 04-00&gt;, 2)" file="/opt/pytorch/nvfuser/tests/cpp/test_matmul_scheduler.cpp" line="3398" status="run" result="completed" time="0.334" timestamp="2025-04-30T07:38:06.178" classname="General/HopperMatmulSchedulerTest" />
    <testcase name="FusedMultiplySum/KK_512_256_128_MmaMacro_m64_n128_k16_tma_store" value_param="(true, true, true, 512, 256, 128, 8-byte object &lt;10-00 80-00 40-00 04-00&gt;, 1)" file="/opt/pytorch/nvfuser/tests/cpp/test_matmul_scheduler.cpp" line="3398" status="run" result="completed" time="0.206" timestamp="2025-04-30T07:38:06.513" classname="General/HopperMatmulSchedulerTest" />
    <testcase name="FusedMultiplySumBiasNeg/MN_512_256_128_MmaMacro_m64_n128_k16_splitk_2" value_param="(false, false, false, 512, 256, 128, 8-byte object &lt;10-00 80-00 40-00 04-00&gt;, 2)" file="/opt/pytorch/nvfuser/tests/cpp/test_matmul_scheduler.cpp" line="3456" status="run" result="completed" time="0.403" timestamp="2025-04-30T07:38:06.719" classname="General/HopperMatmulSchedulerTest" />
    <testcase name="FusedMultiplySumBiasNeg/KN_512_256_128_MmaMacro_m64_n128_k16" value_param="(false, true, false, 512, 256, 128, 8-byte object &lt;10-00 80-00 40-00 04-00&gt;, 1)" file="/opt/pytorch/nvfuser/tests/cpp/test_matmul_scheduler.cpp" line="3456" status="run" result="completed" time="0.284" timestamp="2025-04-30T07:38:07.122" classname="General/HopperMatmulSchedulerTest" />
    <testcase name="FusedMultiplySumBiasNeg/KK_512_256_128_MmaMacro_m64_n128_k16_splitk_2" value_param="(false, true, true, 512, 256, 128, 8-byte object &lt;10-00 80-00 40-00 04-00&gt;, 2)" file="/opt/pytorch/nvfuser/tests/cpp/test_matmul_scheduler.cpp" line="3456" status="run" result="completed" time="0.401" timestamp="2025-04-30T07:38:07.406" classname="General/HopperMatmulSchedulerTest" />
    <testcase name="FusedMultiplySumBiasNeg/MK_512_256_128_MmaMacro_m64_n128_k16_tma_store" value_param="(true, false, true, 512, 256, 128, 8-byte object &lt;10-00 80-00 40-00 04-00&gt;, 1)" file="/opt/pytorch/nvfuser/tests/cpp/test_matmul_scheduler.cpp" line="3456" status="run" result="completed" time="0.27" timestamp="2025-04-30T07:38:07.807" classname="General/HopperMatmulSchedulerTest" />
    <testcase name="FusedMultiplySumBiasNeg/KN_512_256_128_MmaMacro_m64_n128_k16_tma_store_splitk_2" value_param="(true, true, false, 512, 256, 128, 8-byte object &lt;10-00 80-00 40-00 04-00&gt;, 2)" file="/opt/pytorch/nvfuser/tests/cpp/test_matmul_scheduler.cpp" line="3456" status="run" result="completed" time="0.4" timestamp="2025-04-30T07:38:08.078" classname="General/HopperMatmulSchedulerTest" />
  </testsuite>
  <testsuite name="Swizzle/HopperMatmulSchedulerTest" tests="14" failures="0" disabled="0" skipped="0" errors="0" time="3.331" timestamp="2025-04-30T07:38:08.478">
    <testcase name="FusedMultiplySum/MN_512_256_64_MmaMacro_m64_n256_k16_tma_store_128BSwizzle" value_param="(true, false, false, 512, 256, 64, 8-byte object &lt;10-00 00-01 40-00 04-00&gt;, 1)" file="/opt/pytorch/nvfuser/tests/cpp/test_matmul_scheduler.cpp" line="3398" status="run" result="completed" time="0.314" timestamp="2025-04-30T07:38:08.478" classname="Swizzle/HopperMatmulSchedulerTest" />
    <testcase name="FusedMultiplySum/MN_512_256_64_MmaMacro_m64_n32_k16_tma_store_64BSwizzle" value_param="(true, false, false, 512, 256, 64, 8-byte object &lt;10-00 20-00 40-00 04-00&gt;, 1)" file="/opt/pytorch/nvfuser/tests/cpp/test_matmul_scheduler.cpp" line="3398" status="run" result="completed" time="0.169" timestamp="2025-04-30T07:38:08.793" classname="Swizzle/HopperMatmulSchedulerTest" />
    <testcase name="FusedMultiplySum/MK_512_256_64_MmaMacro_m64_n128_k16_tma_store_128BSwizzle" value_param="(true, false, true, 512, 256, 64, 8-byte object &lt;10-00 80-00 40-00 04-00&gt;, 1)" file="/opt/pytorch/nvfuser/tests/cpp/test_matmul_scheduler.cpp" line="3398" status="run" result="completed" time="0.205" timestamp="2025-04-30T07:38:08.963" classname="Swizzle/HopperMatmulSchedulerTest" />
    <testcase name="FusedMultiplySum/MK_512_256_64_MmaMacro_m64_n16_k16_tma_store_32BSwizzle" value_param="(true, false, true, 512, 256, 64, 8-byte object &lt;10-00 10-00 40-00 04-00&gt;, 1)" file="/opt/pytorch/nvfuser/tests/cpp/test_matmul_scheduler.cpp" line="3398" status="run" result="completed" time="0.164" timestamp="2025-04-30T07:38:09.168" classname="Swizzle/HopperMatmulSchedulerTest" />
    <testcase name="FusedMultiplySum/KN_512_256_64_MmaMacro_m64_n64_k16_tma_store_128BSwizzle" value_param="(true, true, false, 512, 256, 64, 8-byte object &lt;10-00 40-00 40-00 04-00&gt;, 1)" file="/opt/pytorch/nvfuser/tests/cpp/test_matmul_scheduler.cpp" line="3398" status="run" result="completed" time="0.179" timestamp="2025-04-30T07:38:09.332" classname="Swizzle/HopperMatmulSchedulerTest" />
    <testcase name="FusedMultiplySum/KK_512_256_64_MmaMacro_m64_n256_k16_tma_store_128BSwizzle" value_param="(true, true, true, 512, 256, 64, 8-byte object &lt;10-00 00-01 40-00 04-00&gt;, 1)" file="/opt/pytorch/nvfuser/tests/cpp/test_matmul_scheduler.cpp" line="3398" status="run" result="completed" time="0.31" timestamp="2025-04-30T07:38:09.512" classname="Swizzle/HopperMatmulSchedulerTest" />
    <testcase name="FusedMultiplySum/KK_512_256_64_MmaMacro_m64_n32_k16_tma_store_64BSwizzle" value_param="(true, true, true, 512, 256, 64, 8-byte object &lt;10-00 20-00 40-00 04-00&gt;, 1)" file="/opt/pytorch/nvfuser/tests/cpp/test_matmul_scheduler.cpp" line="3398" status="run" result="completed" time="0.169" timestamp="2025-04-30T07:38:09.822" classname="Swizzle/HopperMatmulSchedulerTest" />
    <testcase name="FusedMultiplySumBiasNeg/MN_512_256_64_MmaMacro_m64_n128_k16_tma_store_128BSwizzle" value_param="(true, false, false, 512, 256, 64, 8-byte object &lt;10-00 80-00 40-00 04-00&gt;, 1)" file="/opt/pytorch/nvfuser/tests/cpp/test_matmul_scheduler.cpp" line="3456" status="run" result="completed" time="0.272" timestamp="2025-04-30T07:38:09.992" classname="Swizzle/HopperMatmulSchedulerTest" />
    <testcase name="FusedMultiplySumBiasNeg/MN_512_256_64_MmaMacro_m64_n16_k16_tma_store_32BSwizzle" value_param="(true, false, false, 512, 256, 64, 8-byte object &lt;10-00 10-00 40-00 04-00&gt;, 1)" file="/opt/pytorch/nvfuser/tests/cpp/test_matmul_scheduler.cpp" line="3456" status="run" result="completed" time="0.205" timestamp="2025-04-30T07:38:10.264" classname="Swizzle/HopperMatmulSchedulerTest" />
    <testcase name="FusedMultiplySumBiasNeg/MK_512_256_64_MmaMacro_m64_n64_k16_tma_store_128BSwizzle" value_param="(true, false, true, 512, 256, 64, 8-byte object &lt;10-00 40-00 40-00 04-00&gt;, 1)" file="/opt/pytorch/nvfuser/tests/cpp/test_matmul_scheduler.cpp" line="3456" status="run" result="completed" time="0.23" timestamp="2025-04-30T07:38:10.469" classname="Swizzle/HopperMatmulSchedulerTest" />
    <testcase name="FusedMultiplySumBiasNeg/KN_512_256_64_MmaMacro_m64_n256_k16_tma_store_128BSwizzle" value_param="(true, true, false, 512, 256, 64, 8-byte object &lt;10-00 00-01 40-00 04-00&gt;, 1)" file="/opt/pytorch/nvfuser/tests/cpp/test_matmul_scheduler.cpp" line="3456" status="run" result="completed" time="0.421" timestamp="2025-04-30T07:38:10.700" classname="Swizzle/HopperMatmulSchedulerTest" />
    <testcase name="FusedMultiplySumBiasNeg/KN_512_256_64_MmaMacro_m64_n32_k16_tma_store_64BSwizzle" value_param="(true, true, false, 512, 256, 64, 8-byte object &lt;10-00 20-00 40-00 04-00&gt;, 1)" file="/opt/pytorch/nvfuser/tests/cpp/test_matmul_scheduler.cpp" line="3456" status="run" result="completed" time="0.213" timestamp="2025-04-30T07:38:11.121" classname="Swizzle/HopperMatmulSchedulerTest" />
    <testcase name="FusedMultiplySumBiasNeg/KK_512_256_64_MmaMacro_m64_n128_k16_tma_store_128BSwizzle" value_param="(true, true, true, 512, 256, 64, 8-byte object &lt;10-00 80-00 40-00 04-00&gt;, 1)" file="/opt/pytorch/nvfuser/tests/cpp/test_matmul_scheduler.cpp" line="3456" status="run" result="completed" time="0.269" timestamp="2025-04-30T07:38:11.334" classname="Swizzle/HopperMatmulSchedulerTest" />
    <testcase name="FusedMultiplySumBiasNeg/KK_512_256_64_MmaMacro_m64_n16_k16_tma_store_32BSwizzle" value_param="(true, true, true, 512, 256, 64, 8-byte object &lt;10-00 10-00 40-00 04-00&gt;, 1)" file="/opt/pytorch/nvfuser/tests/cpp/test_matmul_scheduler.cpp" line="3456" status="run" result="completed" time="0.205" timestamp="2025-04-30T07:38:11.604" classname="Swizzle/HopperMatmulSchedulerTest" />
  </testsuite>
  <testsuite name="Turing/MmaTest" tests="2" failures="0" disabled="0" skipped="0" errors="0" time="0.311" timestamp="2025-04-30T07:38:11.810">
    <testcase name="SingleTile/Turing_16_16_16__half" value_param="(8-byte object &lt;10-00 10-00 10-00 02-00&gt;, __half)" file="/opt/pytorch/nvfuser/tests/cpp/test_mma.cpp" line="182" status="run" result="completed" time="0.106" timestamp="2025-04-30T07:38:11.810" classname="Turing/MmaTest" />
    <testcase name="SingleTileWithStridedInput/Turing_16_16_16__half" value_param="(8-byte object &lt;10-00 10-00 10-00 02-00&gt;, __half)" file="/opt/pytorch/nvfuser/tests/cpp/test_mma.cpp" line="213" status="run" result="completed" time="0.205" timestamp="2025-04-30T07:38:11.916" classname="Turing/MmaTest" />
  </testsuite>
  <testsuite name="Ampere/MmaTest" tests="2" failures="0" disabled="0" skipped="0" errors="0" time="0.258" timestamp="2025-04-30T07:38:12.122">
    <testcase name="SingleTile/Ampere_16_16_16__half" value_param="(8-byte object &lt;10-00 10-00 10-00 03-00&gt;, __half)" file="/opt/pytorch/nvfuser/tests/cpp/test_mma.cpp" line="182" status="run" result="completed" time="0.102" timestamp="2025-04-30T07:38:12.122" classname="Ampere/MmaTest" />
    <testcase name="SingleTileWithStridedInput/Ampere_16_8_16__bfloat" value_param="(8-byte object &lt;10-00 08-00 10-00 03-00&gt;, __bfloat)" file="/opt/pytorch/nvfuser/tests/cpp/test_mma.cpp" line="213" status="run" result="completed" time="0.156" timestamp="2025-04-30T07:38:12.224" classname="Ampere/MmaTest" />
  </testsuite>
  <testsuite name="MmaTest/HopperRS" tests="30" failures="0" disabled="0" skipped="0" errors="0" time="6.417" timestamp="2025-04-30T07:38:12.381">
    <testcase name="SingleTile/Hopper_64_8_16_TT_NoSwizzle__half" value_param="(8-byte object &lt;10-00 08-00 40-00 04-00&gt;, __half, 4-byte object &lt;01-00 00-00&gt;, NoSwizzle)" file="/opt/pytorch/nvfuser/tests/cpp/test_mma.cpp" line="320" status="run" result="completed" time="0.096" timestamp="2025-04-30T07:38:12.381" classname="MmaTest/HopperRS" />
    <testcase name="SingleTile/Hopper_64_8_16_TT_32B__half" value_param="(8-byte object &lt;10-00 08-00 40-00 04-00&gt;, __half, 4-byte object &lt;01-00 00-00&gt;, 32B)" file="/opt/pytorch/nvfuser/tests/cpp/test_mma.cpp" line="320" status="run" result="completed" time="0.131" timestamp="2025-04-30T07:38:12.477" classname="MmaTest/HopperRS" />
    <testcase name="SingleTile/Hopper_64_16_16_TT_NoSwizzle__half" value_param="(8-byte object &lt;10-00 10-00 40-00 04-00&gt;, __half, 4-byte object &lt;01-00 00-00&gt;, NoSwizzle)" file="/opt/pytorch/nvfuser/tests/cpp/test_mma.cpp" line="320" status="run" result="completed" time="0.114" timestamp="2025-04-30T07:38:12.609" classname="MmaTest/HopperRS" />
    <testcase name="SingleTile/Hopper_64_32_16_TT_NoSwizzle__half" value_param="(8-byte object &lt;10-00 20-00 40-00 04-00&gt;, __half, 4-byte object &lt;01-00 00-00&gt;, NoSwizzle)" file="/opt/pytorch/nvfuser/tests/cpp/test_mma.cpp" line="320" status="run" result="completed" time="0.122" timestamp="2025-04-30T07:38:12.724" classname="MmaTest/HopperRS" />
    <testcase name="SingleTile/Hopper_64_40_16_TT_NoSwizzle__half" value_param="(8-byte object &lt;10-00 28-00 40-00 04-00&gt;, __half, 4-byte object &lt;01-00 00-00&gt;, NoSwizzle)" file="/opt/pytorch/nvfuser/tests/cpp/test_mma.cpp" line="320" status="run" result="completed" time="0.131" timestamp="2025-04-30T07:38:12.847" classname="MmaTest/HopperRS" />
    <testcase name="SingleTile/Hopper_64_48_16_TN_32B__half" value_param="(8-byte object &lt;10-00 30-00 40-00 04-00&gt;, __half, 4-byte object &lt;02-00 00-00&gt;, 32B)" file="/opt/pytorch/nvfuser/tests/cpp/test_mma.cpp" line="320" status="run" result="completed" time="0.145" timestamp="2025-04-30T07:38:12.978" classname="MmaTest/HopperRS" />
    <testcase name="SingleTile/Hopper_64_56_16_TT_128B__half" value_param="(8-byte object &lt;10-00 38-00 40-00 04-00&gt;, __half, 4-byte object &lt;01-00 00-00&gt;, 128B)" file="/opt/pytorch/nvfuser/tests/cpp/test_mma.cpp" line="320" status="run" result="completed" time="0.143" timestamp="2025-04-30T07:38:13.123" classname="MmaTest/HopperRS" />
    <testcase name="SingleTile/Hopper_64_64_16_TT_NoSwizzle__half" value_param="(8-byte object &lt;10-00 40-00 40-00 04-00&gt;, __half, 4-byte object &lt;01-00 00-00&gt;, NoSwizzle)" file="/opt/pytorch/nvfuser/tests/cpp/test_mma.cpp" line="320" status="run" result="completed" time="0.135" timestamp="2025-04-30T07:38:13.266" classname="MmaTest/HopperRS" />
    <testcase name="SingleTile/Hopper_64_72_16_TN_128B__half" value_param="(8-byte object &lt;10-00 48-00 40-00 04-00&gt;, __half, 4-byte object &lt;02-00 00-00&gt;, 128B)" file="/opt/pytorch/nvfuser/tests/cpp/test_mma.cpp" line="320" status="run" result="completed" time="0.21" timestamp="2025-04-30T07:38:13.401" classname="MmaTest/HopperRS" />
    <testcase name="SingleTile/Hopper_64_88_16_TT_NoSwizzle__half" value_param="(8-byte object &lt;10-00 58-00 40-00 04-00&gt;, __half, 4-byte object &lt;01-00 00-00&gt;, NoSwizzle)" file="/opt/pytorch/nvfuser/tests/cpp/test_mma.cpp" line="320" status="run" result="completed" time="0.159" timestamp="2025-04-30T07:38:13.612" classname="MmaTest/HopperRS" />
    <testcase name="SingleTile/Hopper_64_104_16_TT_NoSwizzle__half" value_param="(8-byte object &lt;10-00 68-00 40-00 04-00&gt;, __half, 4-byte object &lt;01-00 00-00&gt;, NoSwizzle)" file="/opt/pytorch/nvfuser/tests/cpp/test_mma.cpp" line="320" status="run" result="completed" time="0.169" timestamp="2025-04-30T07:38:13.772" classname="MmaTest/HopperRS" />
    <testcase name="SingleTile/Hopper_64_120_16_TT_NoSwizzle__half" value_param="(8-byte object &lt;10-00 78-00 40-00 04-00&gt;, __half, 4-byte object &lt;01-00 00-00&gt;, NoSwizzle)" file="/opt/pytorch/nvfuser/tests/cpp/test_mma.cpp" line="320" status="run" result="completed" time="0.184" timestamp="2025-04-30T07:38:13.941" classname="MmaTest/HopperRS" />
    <testcase name="SingleTile/Hopper_64_128_16_TN_32B__half" value_param="(8-byte object &lt;10-00 80-00 40-00 04-00&gt;, __half, 4-byte object &lt;02-00 00-00&gt;, 32B)" file="/opt/pytorch/nvfuser/tests/cpp/test_mma.cpp" line="320" status="run" result="completed" time="0.175" timestamp="2025-04-30T07:38:14.126" classname="MmaTest/HopperRS" />
    <testcase name="SingleTile/Hopper_64_136_16_TN_128B__half" value_param="(8-byte object &lt;10-00 88-00 40-00 04-00&gt;, __half, 4-byte object &lt;02-00 00-00&gt;, 128B)" file="/opt/pytorch/nvfuser/tests/cpp/test_mma.cpp" line="320" status="run" result="completed" time="0.322" timestamp="2025-04-30T07:38:14.301" classname="MmaTest/HopperRS" />
    <testcase name="SingleTile/Hopper_64_152_16_TT_NoSwizzle__half" value_param="(8-byte object &lt;10-00 98-00 40-00 04-00&gt;, __half, 4-byte object &lt;01-00 00-00&gt;, NoSwizzle)" file="/opt/pytorch/nvfuser/tests/cpp/test_mma.cpp" line="320" status="run" result="completed" time="0.206" timestamp="2025-04-30T07:38:14.623" classname="MmaTest/HopperRS" />
    <testcase name="SingleTile/Hopper_64_160_16_TT_64B__bfloat" value_param="(8-byte object &lt;10-00 A0-00 40-00 04-00&gt;, __bfloat, 4-byte object &lt;01-00 00-00&gt;, 64B)" file="/opt/pytorch/nvfuser/tests/cpp/test_mma.cpp" line="320" status="run" result="completed" time="0.225" timestamp="2025-04-30T07:38:14.829" classname="MmaTest/HopperRS" />
    <testcase name="SingleTile/Hopper_64_176_16_TT_NoSwizzle__half" value_param="(8-byte object &lt;10-00 B0-00 40-00 04-00&gt;, __half, 4-byte object &lt;01-00 00-00&gt;, NoSwizzle)" file="/opt/pytorch/nvfuser/tests/cpp/test_mma.cpp" line="320" status="run" result="completed" time="0.195" timestamp="2025-04-30T07:38:15.055" classname="MmaTest/HopperRS" />
    <testcase name="SingleTile/Hopper_64_176_16_TT_64B__bfloat" value_param="(8-byte object &lt;10-00 B0-00 40-00 04-00&gt;, __bfloat, 4-byte object &lt;01-00 00-00&gt;, 64B)" file="/opt/pytorch/nvfuser/tests/cpp/test_mma.cpp" line="320" status="run" result="completed" time="0.24" timestamp="2025-04-30T07:38:15.251" classname="MmaTest/HopperRS" />
    <testcase name="SingleTile/Hopper_64_176_16_TN_32B__bfloat" value_param="(8-byte object &lt;10-00 B0-00 40-00 04-00&gt;, __bfloat, 4-byte object &lt;02-00 00-00&gt;, 32B)" file="/opt/pytorch/nvfuser/tests/cpp/test_mma.cpp" line="320" status="run" result="completed" time="0.202" timestamp="2025-04-30T07:38:15.491" classname="MmaTest/HopperRS" />
    <testcase name="SingleTile/Hopper_64_184_16_TN_128B__half" value_param="(8-byte object &lt;10-00 B8-00 40-00 04-00&gt;, __half, 4-byte object &lt;02-00 00-00&gt;, 128B)" file="/opt/pytorch/nvfuser/tests/cpp/test_mma.cpp" line="320" status="run" result="completed" time="0.416" timestamp="2025-04-30T07:38:15.693" classname="MmaTest/HopperRS" />
    <testcase name="SingleTile/Hopper_64_192_16_TN_128B__half" value_param="(8-byte object &lt;10-00 C0-00 40-00 04-00&gt;, __half, 4-byte object &lt;02-00 00-00&gt;, 128B)" file="/opt/pytorch/nvfuser/tests/cpp/test_mma.cpp" line="320" status="run" result="completed" time="0.435" timestamp="2025-04-30T07:38:16.110" classname="MmaTest/HopperRS" />
    <testcase name="SingleTile/Hopper_64_192_16_TN_32B__bfloat" value_param="(8-byte object &lt;10-00 C0-00 40-00 04-00&gt;, __bfloat, 4-byte object &lt;02-00 00-00&gt;, 32B)" file="/opt/pytorch/nvfuser/tests/cpp/test_mma.cpp" line="320" status="run" result="completed" time="0.214" timestamp="2025-04-30T07:38:16.545" classname="MmaTest/HopperRS" />
    <testcase name="SingleTile/Hopper_64_200_16_TT_32B__bfloat" value_param="(8-byte object &lt;10-00 C8-00 40-00 04-00&gt;, __bfloat, 4-byte object &lt;01-00 00-00&gt;, 32B)" file="/opt/pytorch/nvfuser/tests/cpp/test_mma.cpp" line="320" status="run" result="completed" time="0.239" timestamp="2025-04-30T07:38:16.760" classname="MmaTest/HopperRS" />
    <testcase name="SingleTile/Hopper_64_208_16_TT_NoSwizzle__bfloat" value_param="(8-byte object &lt;10-00 D0-00 40-00 04-00&gt;, __bfloat, 4-byte object &lt;01-00 00-00&gt;, NoSwizzle)" file="/opt/pytorch/nvfuser/tests/cpp/test_mma.cpp" line="320" status="run" result="completed" time="0.218" timestamp="2025-04-30T07:38:17.000" classname="MmaTest/HopperRS" />
    <testcase name="SingleTile/Hopper_64_216_16_TT_NoSwizzle__half" value_param="(8-byte object &lt;10-00 D8-00 40-00 04-00&gt;, __half, 4-byte object &lt;01-00 00-00&gt;, NoSwizzle)" file="/opt/pytorch/nvfuser/tests/cpp/test_mma.cpp" line="320" status="run" result="completed" time="0.261" timestamp="2025-04-30T07:38:17.218" classname="MmaTest/HopperRS" />
    <testcase name="SingleTile/Hopper_64_216_16_TT_128B__bfloat" value_param="(8-byte object &lt;10-00 D8-00 40-00 04-00&gt;, __bfloat, 4-byte object &lt;01-00 00-00&gt;, 128B)" file="/opt/pytorch/nvfuser/tests/cpp/test_mma.cpp" line="320" status="run" result="completed" time="0.256" timestamp="2025-04-30T07:38:17.479" classname="MmaTest/HopperRS" />
    <testcase name="SingleTile/Hopper_64_224_16_TT_32B__bfloat" value_param="(8-byte object &lt;10-00 E0-00 40-00 04-00&gt;, __bfloat, 4-byte object &lt;01-00 00-00&gt;, 32B)" file="/opt/pytorch/nvfuser/tests/cpp/test_mma.cpp" line="320" status="run" result="completed" time="0.251" timestamp="2025-04-30T07:38:17.736" classname="MmaTest/HopperRS" />
    <testcase name="SingleTile/Hopper_64_240_16_TT_NoSwizzle__half" value_param="(8-byte object &lt;10-00 F0-00 40-00 04-00&gt;, __half, 4-byte object &lt;01-00 00-00&gt;, NoSwizzle)" file="/opt/pytorch/nvfuser/tests/cpp/test_mma.cpp" line="320" status="run" result="completed" time="0.243" timestamp="2025-04-30T07:38:17.987" classname="MmaTest/HopperRS" />
    <testcase name="SingleTile/Hopper_64_248_16_TT_NoSwizzle__half" value_param="(8-byte object &lt;10-00 F8-00 40-00 04-00&gt;, __half, 4-byte object &lt;01-00 00-00&gt;, NoSwizzle)" file="/opt/pytorch/nvfuser/tests/cpp/test_mma.cpp" line="320" status="run" result="completed" time="0.298" timestamp="2025-04-30T07:38:18.231" classname="MmaTest/HopperRS" />
    <testcase name="SingleTile/Hopper_64_256_16_TT_32B__bfloat" value_param="(8-byte object &lt;10-00 00-01 40-00 04-00&gt;, __bfloat, 4-byte object &lt;01-00 00-00&gt;, 32B)" file="/opt/pytorch/nvfuser/tests/cpp/test_mma.cpp" line="320" status="run" result="completed" time="0.269" timestamp="2025-04-30T07:38:18.529" classname="MmaTest/HopperRS" />
  </testsuite>
  <testsuite name="MmaTest/HopperRSStmatrix" tests="21" failures="0" disabled="0" skipped="6" errors="0" time="3.206" timestamp="2025-04-30T07:38:18.798">
    <testcase name="SingleTileWithTMALoadStoreStMatrix/1" value_param="(8-byte object &lt;10-00 08-00 40-00 04-00&gt;, __half, 4-byte object &lt;02-00 00-00&gt;, NoSwizzle, { 16, 16 })" file="/opt/pytorch/nvfuser/tests/cpp/test_mma.cpp" line="431" status="run" result="skipped" time="0." timestamp="2025-04-30T07:38:18.798" classname="MmaTest/HopperRSStmatrix">
      <skipped message="/opt/pytorch/nvfuser/tests/cpp/test_mma.cpp:442&#x0A;skipping test as output is not divisible by tile size&#x0A;"><![CDATA[/opt/pytorch/nvfuser/tests/cpp/test_mma.cpp:442
skipping test as output is not divisible by tile size
]]></skipped>
    </testcase>
    <testcase name="SingleTileWithTMALoadStoreStMatrix/4" value_param="(8-byte object &lt;10-00 18-00 40-00 04-00&gt;, __half, 4-byte object &lt;02-00 00-00&gt;, NoSwizzle, { 16, 8 })" file="/opt/pytorch/nvfuser/tests/cpp/test_mma.cpp" line="431" status="run" result="completed" time="0.116" timestamp="2025-04-30T07:38:18.798" classname="MmaTest/HopperRSStmatrix" />
    <testcase name="SingleTileWithTMALoadStoreStMatrix/7" value_param="(8-byte object &lt;10-00 20-00 40-00 04-00&gt;, __half, 4-byte object &lt;02-00 00-00&gt;, NoSwizzle, { 16, 16 })" file="/opt/pytorch/nvfuser/tests/cpp/test_mma.cpp" line="431" status="run" result="completed" time="0.125" timestamp="2025-04-30T07:38:18.915" classname="MmaTest/HopperRSStmatrix" />
    <testcase name="SingleTileWithTMALoadStoreStMatrix/10" value_param="(8-byte object &lt;10-00 30-00 40-00 04-00&gt;, __half, 4-byte object &lt;02-00 00-00&gt;, NoSwizzle, { 16, 8 })" file="/opt/pytorch/nvfuser/tests/cpp/test_mma.cpp" line="431" status="run" result="completed" time="0.144" timestamp="2025-04-30T07:38:19.040" classname="MmaTest/HopperRSStmatrix" />
    <testcase name="SingleTileWithTMALoadStoreStMatrix/13" value_param="(8-byte object &lt;10-00 38-00 40-00 04-00&gt;, __half, 4-byte object &lt;02-00 00-00&gt;, NoSwizzle, { 16, 16 })" file="/opt/pytorch/nvfuser/tests/cpp/test_mma.cpp" line="431" status="run" result="skipped" time="0." timestamp="2025-04-30T07:38:19.184" classname="MmaTest/HopperRSStmatrix">
      <skipped message="/opt/pytorch/nvfuser/tests/cpp/test_mma.cpp:442&#x0A;skipping test as output is not divisible by tile size&#x0A;"><![CDATA[/opt/pytorch/nvfuser/tests/cpp/test_mma.cpp:442
skipping test as output is not divisible by tile size
]]></skipped>
    </testcase>
    <testcase name="SingleTileWithTMALoadStoreStMatrix/16" value_param="(8-byte object &lt;10-00 48-00 40-00 04-00&gt;, __half, 4-byte object &lt;02-00 00-00&gt;, NoSwizzle, { 16, 8 })" file="/opt/pytorch/nvfuser/tests/cpp/test_mma.cpp" line="431" status="run" result="completed" time="0.145" timestamp="2025-04-30T07:38:19.184" classname="MmaTest/HopperRSStmatrix" />
    <testcase name="SingleTileWithTMALoadStoreStMatrix/19" value_param="(8-byte object &lt;10-00 50-00 40-00 04-00&gt;, __half, 4-byte object &lt;02-00 00-00&gt;, NoSwizzle, { 16, 16 })" file="/opt/pytorch/nvfuser/tests/cpp/test_mma.cpp" line="431" status="run" result="completed" time="0.16" timestamp="2025-04-30T07:38:19.330" classname="MmaTest/HopperRSStmatrix" />
    <testcase name="SingleTileWithTMALoadStoreStMatrix/22" value_param="(8-byte object &lt;10-00 60-00 40-00 04-00&gt;, __half, 4-byte object &lt;02-00 00-00&gt;, NoSwizzle, { 16, 8 })" file="/opt/pytorch/nvfuser/tests/cpp/test_mma.cpp" line="431" status="run" result="completed" time="0.189" timestamp="2025-04-30T07:38:19.490" classname="MmaTest/HopperRSStmatrix" />
    <testcase name="SingleTileWithTMALoadStoreStMatrix/25" value_param="(8-byte object &lt;10-00 68-00 40-00 04-00&gt;, __half, 4-byte object &lt;02-00 00-00&gt;, NoSwizzle, { 16, 16 })" file="/opt/pytorch/nvfuser/tests/cpp/test_mma.cpp" line="431" status="run" result="skipped" time="0." timestamp="2025-04-30T07:38:19.679" classname="MmaTest/HopperRSStmatrix">
      <skipped message="/opt/pytorch/nvfuser/tests/cpp/test_mma.cpp:442&#x0A;skipping test as output is not divisible by tile size&#x0A;"><![CDATA[/opt/pytorch/nvfuser/tests/cpp/test_mma.cpp:442
skipping test as output is not divisible by tile size
]]></skipped>
    </testcase>
    <testcase name="SingleTileWithTMALoadStoreStMatrix/28" value_param="(8-byte object &lt;10-00 78-00 40-00 04-00&gt;, __half, 4-byte object &lt;02-00 00-00&gt;, NoSwizzle, { 16, 8 })" file="/opt/pytorch/nvfuser/tests/cpp/test_mma.cpp" line="431" status="run" result="completed" time="0.177" timestamp="2025-04-30T07:38:19.679" classname="MmaTest/HopperRSStmatrix" />
    <testcase name="SingleTileWithTMALoadStoreStMatrix/31" value_param="(8-byte object &lt;10-00 80-00 40-00 04-00&gt;, __half, 4-byte object &lt;02-00 00-00&gt;, NoSwizzle, { 16, 16 })" file="/opt/pytorch/nvfuser/tests/cpp/test_mma.cpp" line="431" status="run" result="completed" time="0.212" timestamp="2025-04-30T07:38:19.857" classname="MmaTest/HopperRSStmatrix" />
    <testcase name="SingleTileWithTMALoadStoreStMatrix/34" value_param="(8-byte object &lt;10-00 90-00 40-00 04-00&gt;, __half, 4-byte object &lt;02-00 00-00&gt;, NoSwizzle, { 16, 8 })" file="/opt/pytorch/nvfuser/tests/cpp/test_mma.cpp" line="431" status="run" result="completed" time="0.251" timestamp="2025-04-30T07:38:20.069" classname="MmaTest/HopperRSStmatrix" />
    <testcase name="SingleTileWithTMALoadStoreStMatrix/37" value_param="(8-byte object &lt;10-00 98-00 40-00 04-00&gt;, __half, 4-byte object &lt;02-00 00-00&gt;, NoSwizzle, { 16, 16 })" file="/opt/pytorch/nvfuser/tests/cpp/test_mma.cpp" line="431" status="run" result="skipped" time="0." timestamp="2025-04-30T07:38:20.320" classname="MmaTest/HopperRSStmatrix">
      <skipped message="/opt/pytorch/nvfuser/tests/cpp/test_mma.cpp:442&#x0A;skipping test as output is not divisible by tile size&#x0A;"><![CDATA[/opt/pytorch/nvfuser/tests/cpp/test_mma.cpp:442
skipping test as output is not divisible by tile size
]]></skipped>
    </testcase>
    <testcase name="SingleTileWithTMALoadStoreStMatrix/40" value_param="(8-byte object &lt;10-00 A8-00 40-00 04-00&gt;, __half, 4-byte object &lt;02-00 00-00&gt;, NoSwizzle, { 16, 8 })" file="/opt/pytorch/nvfuser/tests/cpp/test_mma.cpp" line="431" status="run" result="completed" time="0.214" timestamp="2025-04-30T07:38:20.320" classname="MmaTest/HopperRSStmatrix" />
    <testcase name="SingleTileWithTMALoadStoreStMatrix/43" value_param="(8-byte object &lt;10-00 B0-00 40-00 04-00&gt;, __half, 4-byte object &lt;02-00 00-00&gt;, NoSwizzle, { 16, 16 })" file="/opt/pytorch/nvfuser/tests/cpp/test_mma.cpp" line="431" status="run" result="completed" time="0.234" timestamp="2025-04-30T07:38:20.535" classname="MmaTest/HopperRSStmatrix" />
    <testcase name="SingleTileWithTMALoadStoreStMatrix/46" value_param="(8-byte object &lt;10-00 C0-00 40-00 04-00&gt;, __half, 4-byte object &lt;02-00 00-00&gt;, NoSwizzle, { 16, 8 })" file="/opt/pytorch/nvfuser/tests/cpp/test_mma.cpp" line="431" status="run" result="completed" time="0.299" timestamp="2025-04-30T07:38:20.769" classname="MmaTest/HopperRSStmatrix" />
    <testcase name="SingleTileWithTMALoadStoreStMatrix/49" value_param="(8-byte object &lt;10-00 C8-00 40-00 04-00&gt;, __half, 4-byte object &lt;02-00 00-00&gt;, NoSwizzle, { 16, 16 })" file="/opt/pytorch/nvfuser/tests/cpp/test_mma.cpp" line="431" status="run" result="skipped" time="0." timestamp="2025-04-30T07:38:21.069" classname="MmaTest/HopperRSStmatrix">
      <skipped message="/opt/pytorch/nvfuser/tests/cpp/test_mma.cpp:442&#x0A;skipping test as output is not divisible by tile size&#x0A;"><![CDATA[/opt/pytorch/nvfuser/tests/cpp/test_mma.cpp:442
skipping test as output is not divisible by tile size
]]></skipped>
    </testcase>
    <testcase name="SingleTileWithTMALoadStoreStMatrix/52" value_param="(8-byte object &lt;10-00 D8-00 40-00 04-00&gt;, __half, 4-byte object &lt;02-00 00-00&gt;, NoSwizzle, { 16, 8 })" file="/opt/pytorch/nvfuser/tests/cpp/test_mma.cpp" line="431" status="run" result="completed" time="0.249" timestamp="2025-04-30T07:38:21.069" classname="MmaTest/HopperRSStmatrix" />
    <testcase name="SingleTileWithTMALoadStoreStMatrix/55" value_param="(8-byte object &lt;10-00 E0-00 40-00 04-00&gt;, __half, 4-byte object &lt;02-00 00-00&gt;, NoSwizzle, { 16, 16 })" file="/opt/pytorch/nvfuser/tests/cpp/test_mma.cpp" line="431" status="run" result="completed" time="0.312" timestamp="2025-04-30T07:38:21.318" classname="MmaTest/HopperRSStmatrix" />
    <testcase name="SingleTileWithTMALoadStoreStMatrix/58" value_param="(8-byte object &lt;10-00 F0-00 40-00 04-00&gt;, __half, 4-byte object &lt;02-00 00-00&gt;, NoSwizzle, { 16, 8 })" file="/opt/pytorch/nvfuser/tests/cpp/test_mma.cpp" line="431" status="run" result="completed" time="0.373" timestamp="2025-04-30T07:38:21.631" classname="MmaTest/HopperRSStmatrix" />
    <testcase name="SingleTileWithTMALoadStoreStMatrix/61" value_param="(8-byte object &lt;10-00 F8-00 40-00 04-00&gt;, __half, 4-byte object &lt;02-00 00-00&gt;, NoSwizzle, { 16, 16 })" file="/opt/pytorch/nvfuser/tests/cpp/test_mma.cpp" line="431" status="run" result="skipped" time="0." timestamp="2025-04-30T07:38:22.005" classname="MmaTest/HopperRSStmatrix">
      <skipped message="/opt/pytorch/nvfuser/tests/cpp/test_mma.cpp:442&#x0A;skipping test as output is not divisible by tile size&#x0A;"><![CDATA[/opt/pytorch/nvfuser/tests/cpp/test_mma.cpp:442
skipping test as output is not divisible by tile size
]]></skipped>
    </testcase>
  </testsuite>
  <testsuite name="MmaTest/HopperSS" tests="534" failures="0" disabled="0" skipped="48" errors="0" time="178.659" timestamp="2025-04-30T07:38:22.005">
    <testcase name="SingleTile/Hopper_64_8_16_TT_NoSwizzle_NoSwizzle__half" value_param="(8-byte object &lt;10-00 08-00 40-00 04-00&gt;, __half, 4-byte object &lt;01-00 00-00&gt;, NoSwizzle, NoSwizzle)" file="/opt/pytorch/nvfuser/tests/cpp/test_mma.cpp" line="667" status="run" result="completed" time="0.108" timestamp="2025-04-30T07:38:22.005" classname="MmaTest/HopperSS" />
    <testcase name="SingleTile/Hopper_64_8_16_TT_NoSwizzle_32B__half" value_param="(8-byte object &lt;10-00 08-00 40-00 04-00&gt;, __half, 4-byte object &lt;01-00 00-00&gt;, NoSwizzle, 32B)" file="/opt/pytorch/nvfuser/tests/cpp/test_mma.cpp" line="667" status="run" result="completed" time="0.143" timestamp="2025-04-30T07:38:22.113" classname="MmaTest/HopperSS" />
    <testcase name="SingleTile/Hopper_64_8_16_TT_32B_NoSwizzle__half" value_param="(8-byte object &lt;10-00 08-00 40-00 04-00&gt;, __half, 4-byte object &lt;01-00 00-00&gt;, 32B, NoSwizzle)" file="/opt/pytorch/nvfuser/tests/cpp/test_mma.cpp" line="667" status="run" result="completed" time="0.129" timestamp="2025-04-30T07:38:22.256" classname="MmaTest/HopperSS" />
    <testcase name="SingleTile/Hopper_64_8_16_NT_32B_NoSwizzle__half" value_param="(8-byte object &lt;10-00 08-00 40-00 04-00&gt;, __half, 4-byte object &lt;00-00 00-00&gt;, 32B, NoSwizzle)" file="/opt/pytorch/nvfuser/tests/cpp/test_mma.cpp" line="667" status="run" result="completed" time="0.154" timestamp="2025-04-30T07:38:22.386" classname="MmaTest/HopperSS" />
    <testcase name="SingleTile/Hopper_64_8_16_NN_64B_64B__half" value_param="(8-byte object &lt;10-00 08-00 40-00 04-00&gt;, __half, 4-byte object &lt;03-00 00-00&gt;, 64B, 64B)" file="/opt/pytorch/nvfuser/tests/cpp/test_mma.cpp" line="667" status="run" result="completed" time="0.187" timestamp="2025-04-30T07:38:22.541" classname="MmaTest/HopperSS" />
    <testcase name="SingleTile/Hopper_64_8_16_TN_128B_32B__bfloat" value_param="(8-byte object &lt;10-00 08-00 40-00 04-00&gt;, __bfloat, 4-byte object &lt;02-00 00-00&gt;, 128B, 32B)" file="/opt/pytorch/nvfuser/tests/cpp/test_mma.cpp" line="667" status="run" result="completed" time="0.191" timestamp="2025-04-30T07:38:22.728" classname="MmaTest/HopperSS" />
    <testcase name="SingleTile/Hopper_64_8_16_NT_64B_NoSwizzle__bfloat" value_param="(8-byte object &lt;10-00 08-00 40-00 04-00&gt;, __bfloat, 4-byte object &lt;00-00 00-00&gt;, 64B, NoSwizzle)" file="/opt/pytorch/nvfuser/tests/cpp/test_mma.cpp" line="667" status="run" result="completed" time="0.153" timestamp="2025-04-30T07:38:22.919" classname="MmaTest/HopperSS" />
    <testcase name="SingleTile/Hopper_64_16_16_TT_NoSwizzle_NoSwizzle__half" value_param="(8-byte object &lt;10-00 10-00 40-00 04-00&gt;, __half, 4-byte object &lt;01-00 00-00&gt;, NoSwizzle, NoSwizzle)" file="/opt/pytorch/nvfuser/tests/cpp/test_mma.cpp" line="667" status="run" result="completed" time="0.123" timestamp="2025-04-30T07:38:23.072" classname="MmaTest/HopperSS" />
    <testcase name="SingleTile/Hopper_64_16_16_NN_128B_64B__half" value_param="(8-byte object &lt;10-00 10-00 40-00 04-00&gt;, __half, 4-byte object &lt;03-00 00-00&gt;, 128B, 64B)" file="/opt/pytorch/nvfuser/tests/cpp/test_mma.cpp" line="667" status="run" result="completed" time="0.162" timestamp="2025-04-30T07:38:23.196" classname="MmaTest/HopperSS" />
    <testcase name="SingleTile/Hopper_64_16_16_NT_32B_64B__bfloat" value_param="(8-byte object &lt;10-00 10-00 40-00 04-00&gt;, __bfloat, 4-byte object &lt;00-00 00-00&gt;, 32B, 64B)" file="/opt/pytorch/nvfuser/tests/cpp/test_mma.cpp" line="667" status="run" result="completed" time="0.196" timestamp="2025-04-30T07:38:23.359" classname="MmaTest/HopperSS" />
    <testcase name="SingleTile/Hopper_64_24_16_TT_NoSwizzle_NoSwizzle__half" value_param="(8-byte object &lt;10-00 18-00 40-00 04-00&gt;, __half, 4-byte object &lt;01-00 00-00&gt;, NoSwizzle, NoSwizzle)" file="/opt/pytorch/nvfuser/tests/cpp/test_mma.cpp" line="667" status="run" result="completed" time="0.133" timestamp="2025-04-30T07:38:23.556" classname="MmaTest/HopperSS" />
    <testcase name="SingleTile/Hopper_64_24_16_NT_32B_64B__half" value_param="(8-byte object &lt;10-00 18-00 40-00 04-00&gt;, __half, 4-byte object &lt;00-00 00-00&gt;, 32B, 64B)" file="/opt/pytorch/nvfuser/tests/cpp/test_mma.cpp" line="667" status="run" result="completed" time="0.197" timestamp="2025-04-30T07:38:23.689" classname="MmaTest/HopperSS" />
    <testcase name="SingleTile/Hopper_64_24_16_TT_64B_NoSwizzle__bfloat" value_param="(8-byte object &lt;10-00 18-00 40-00 04-00&gt;, __bfloat, 4-byte object &lt;01-00 00-00&gt;, 64B, NoSwizzle)" file="/opt/pytorch/nvfuser/tests/cpp/test_mma.cpp" line="667" status="run" result="completed" time="0.175" timestamp="2025-04-30T07:38:23.886" classname="MmaTest/HopperSS" />
    <testcase name="SingleTile/Hopper_64_24_16_TT_32B_64B__bfloat" value_param="(8-byte object &lt;10-00 18-00 40-00 04-00&gt;, __bfloat, 4-byte object &lt;01-00 00-00&gt;, 32B, 64B)" file="/opt/pytorch/nvfuser/tests/cpp/test_mma.cpp" line="667" status="run" result="completed" time="0.173" timestamp="2025-04-30T07:38:24.062" classname="MmaTest/HopperSS" />
    <testcase name="SingleTile/Hopper_64_24_16_TN_128B_64B__bfloat" value_param="(8-byte object &lt;10-00 18-00 40-00 04-00&gt;, __bfloat, 4-byte object &lt;02-00 00-00&gt;, 128B, 64B)" file="/opt/pytorch/nvfuser/tests/cpp/test_mma.cpp" line="667" status="run" result="completed" time="0.222" timestamp="2025-04-30T07:38:24.235" classname="MmaTest/HopperSS" />
    <testcase name="SingleTile/Hopper_64_24_16_NT_64B_NoSwizzle__bfloat" value_param="(8-byte object &lt;10-00 18-00 40-00 04-00&gt;, __bfloat, 4-byte object &lt;00-00 00-00&gt;, 64B, NoSwizzle)" file="/opt/pytorch/nvfuser/tests/cpp/test_mma.cpp" line="667" status="run" result="completed" time="0.178" timestamp="2025-04-30T07:38:24.457" classname="MmaTest/HopperSS" />
    <testcase name="SingleTile/Hopper_64_24_16_NN_64B_128B__bfloat" value_param="(8-byte object &lt;10-00 18-00 40-00 04-00&gt;, __bfloat, 4-byte object &lt;03-00 00-00&gt;, 64B, 128B)" file="/opt/pytorch/nvfuser/tests/cpp/test_mma.cpp" line="667" status="run" result="completed" time="0.202" timestamp="2025-04-30T07:38:24.636" classname="MmaTest/HopperSS" />
    <testcase name="SingleTile/Hopper_64_32_16_TT_128B_128B__half" value_param="(8-byte object &lt;10-00 20-00 40-00 04-00&gt;, __half, 4-byte object &lt;01-00 00-00&gt;, 128B, 128B)" file="/opt/pytorch/nvfuser/tests/cpp/test_mma.cpp" line="667" status="run" result="completed" time="0.214" timestamp="2025-04-30T07:38:24.838" classname="MmaTest/HopperSS" />
    <testcase name="SingleTile/Hopper_64_32_16_TT_32B_128B__half" value_param="(8-byte object &lt;10-00 20-00 40-00 04-00&gt;, __half, 4-byte object &lt;01-00 00-00&gt;, 32B, 128B)" file="/opt/pytorch/nvfuser/tests/cpp/test_mma.cpp" line="667" status="run" result="completed" time="0.17" timestamp="2025-04-30T07:38:25.053" classname="MmaTest/HopperSS" />
    <testcase name="SingleTile/Hopper_64_32_16_TN_128B_32B__half" value_param="(8-byte object &lt;10-00 20-00 40-00 04-00&gt;, __half, 4-byte object &lt;02-00 00-00&gt;, 128B, 32B)" file="/opt/pytorch/nvfuser/tests/cpp/test_mma.cpp" line="667" status="run" result="completed" time="0.22" timestamp="2025-04-30T07:38:25.223" classname="MmaTest/HopperSS" />
    <testcase name="SingleTile/Hopper_64_32_16_NN_128B_128B__half" value_param="(8-byte object &lt;10-00 20-00 40-00 04-00&gt;, __half, 4-byte object &lt;03-00 00-00&gt;, 128B, 128B)" file="/opt/pytorch/nvfuser/tests/cpp/test_mma.cpp" line="667" status="run" result="completed" time="0.178" timestamp="2025-04-30T07:38:25.443" classname="MmaTest/HopperSS" />
    <testcase name="SingleTile/Hopper_64_32_16_TN_128B_64B__bfloat" value_param="(8-byte object &lt;10-00 20-00 40-00 04-00&gt;, __bfloat, 4-byte object &lt;02-00 00-00&gt;, 128B, 64B)" file="/opt/pytorch/nvfuser/tests/cpp/test_mma.cpp" line="667" status="run" result="completed" time="0.227" timestamp="2025-04-30T07:38:25.622" classname="MmaTest/HopperSS" />
    <testcase name="SingleTile/Hopper_64_32_16_NT_32B_128B__bfloat" value_param="(8-byte object &lt;10-00 20-00 40-00 04-00&gt;, __bfloat, 4-byte object &lt;00-00 00-00&gt;, 32B, 128B)" file="/opt/pytorch/nvfuser/tests/cpp/test_mma.cpp" line="667" status="run" result="completed" time="0.196" timestamp="2025-04-30T07:38:25.849" classname="MmaTest/HopperSS" />
    <testcase name="SingleTile/Hopper_64_40_16_TT_NoSwizzle_NoSwizzle__half" value_param="(8-byte object &lt;10-00 28-00 40-00 04-00&gt;, __half, 4-byte object &lt;01-00 00-00&gt;, NoSwizzle, NoSwizzle)" file="/opt/pytorch/nvfuser/tests/cpp/test_mma.cpp" line="667" status="run" result="completed" time="0.14" timestamp="2025-04-30T07:38:26.046" classname="MmaTest/HopperSS" />
    <testcase name="SingleTile/Hopper_64_40_16_TT_64B_NoSwizzle__half" value_param="(8-byte object &lt;10-00 28-00 40-00 04-00&gt;, __half, 4-byte object &lt;01-00 00-00&gt;, 64B, NoSwizzle)" file="/opt/pytorch/nvfuser/tests/cpp/test_mma.cpp" line="667" status="run" result="completed" time="0.183" timestamp="2025-04-30T07:38:26.187" classname="MmaTest/HopperSS" />
    <testcase name="SingleTile/Hopper_64_40_16_NT_64B_128B__half" value_param="(8-byte object &lt;10-00 28-00 40-00 04-00&gt;, __half, 4-byte object &lt;00-00 00-00&gt;, 64B, 128B)" file="/opt/pytorch/nvfuser/tests/cpp/test_mma.cpp" line="667" status="run" result="completed" time="0.196" timestamp="2025-04-30T07:38:26.370" classname="MmaTest/HopperSS" />
    <testcase name="SingleTile/Hopper_64_40_16_TT_64B_32B__bfloat" value_param="(8-byte object &lt;10-00 28-00 40-00 04-00&gt;, __bfloat, 4-byte object &lt;01-00 00-00&gt;, 64B, 32B)" file="/opt/pytorch/nvfuser/tests/cpp/test_mma.cpp" line="667" status="run" result="completed" time="0.222" timestamp="2025-04-30T07:38:26.566" classname="MmaTest/HopperSS" />
    <testcase name="SingleTile/Hopper_64_40_16_TN_32B_32B__bfloat" value_param="(8-byte object &lt;10-00 28-00 40-00 04-00&gt;, __bfloat, 4-byte object &lt;02-00 00-00&gt;, 32B, 32B)" file="/opt/pytorch/nvfuser/tests/cpp/test_mma.cpp" line="667" status="run" result="completed" time="0.171" timestamp="2025-04-30T07:38:26.789" classname="MmaTest/HopperSS" />
    <testcase name="SingleTile/Hopper_64_40_16_NN_128B_NoSwizzle__bfloat" value_param="(8-byte object &lt;10-00 28-00 40-00 04-00&gt;, __bfloat, 4-byte object &lt;03-00 00-00&gt;, 128B, NoSwizzle)" file="/opt/pytorch/nvfuser/tests/cpp/test_mma.cpp" line="667" status="run" result="completed" time="0.147" timestamp="2025-04-30T07:38:26.960" classname="MmaTest/HopperSS" />
    <testcase name="SingleTile/Hopper_64_48_16_TN_32B_NoSwizzle__half" value_param="(8-byte object &lt;10-00 30-00 40-00 04-00&gt;, __half, 4-byte object &lt;02-00 00-00&gt;, 32B, NoSwizzle)" file="/opt/pytorch/nvfuser/tests/cpp/test_mma.cpp" line="667" status="run" result="completed" time="0.155" timestamp="2025-04-30T07:38:27.108" classname="MmaTest/HopperSS" />
    <testcase name="SingleTile/Hopper_64_48_16_NN_NoSwizzle_32B__half" value_param="(8-byte object &lt;10-00 30-00 40-00 04-00&gt;, __half, 4-byte object &lt;03-00 00-00&gt;, NoSwizzle, 32B)" file="/opt/pytorch/nvfuser/tests/cpp/test_mma.cpp" line="667" status="run" result="completed" time="0.161" timestamp="2025-04-30T07:38:27.264" classname="MmaTest/HopperSS" />
    <testcase name="SingleTile/Hopper_64_48_16_TT_NoSwizzle_128B__bfloat" value_param="(8-byte object &lt;10-00 30-00 40-00 04-00&gt;, __bfloat, 4-byte object &lt;01-00 00-00&gt;, NoSwizzle, 128B)" file="/opt/pytorch/nvfuser/tests/cpp/test_mma.cpp" line="667" status="run" result="completed" time="0.151" timestamp="2025-04-30T07:38:27.425" classname="MmaTest/HopperSS" />
    <testcase name="SingleTile/Hopper_64_48_16_TN_NoSwizzle_NoSwizzle__bfloat" value_param="(8-byte object &lt;10-00 30-00 40-00 04-00&gt;, __bfloat, 4-byte object &lt;02-00 00-00&gt;, NoSwizzle, NoSwizzle)" file="/opt/pytorch/nvfuser/tests/cpp/test_mma.cpp" line="667" status="run" result="completed" time="0.131" timestamp="2025-04-30T07:38:27.577" classname="MmaTest/HopperSS" />
    <testcase name="SingleTile/Hopper_64_48_16_NT_64B_64B__bfloat" value_param="(8-byte object &lt;10-00 30-00 40-00 04-00&gt;, __bfloat, 4-byte object &lt;00-00 00-00&gt;, 64B, 64B)" file="/opt/pytorch/nvfuser/tests/cpp/test_mma.cpp" line="667" status="run" result="completed" time="0.223" timestamp="2025-04-30T07:38:27.709" classname="MmaTest/HopperSS" />
    <testcase name="SingleTile/Hopper_64_48_16_NN_64B_NoSwizzle__bfloat" value_param="(8-byte object &lt;10-00 30-00 40-00 04-00&gt;, __bfloat, 4-byte object &lt;03-00 00-00&gt;, 64B, NoSwizzle)" file="/opt/pytorch/nvfuser/tests/cpp/test_mma.cpp" line="667" status="run" result="completed" time="0.18" timestamp="2025-04-30T07:38:27.932" classname="MmaTest/HopperSS" />
    <testcase name="SingleTile/Hopper_64_56_16_NT_64B_64B__half" value_param="(8-byte object &lt;10-00 38-00 40-00 04-00&gt;, __half, 4-byte object &lt;00-00 00-00&gt;, 64B, 64B)" file="/opt/pytorch/nvfuser/tests/cpp/test_mma.cpp" line="667" status="run" result="completed" time="0.221" timestamp="2025-04-30T07:38:28.112" classname="MmaTest/HopperSS" />
    <testcase name="SingleTile/Hopper_64_56_16_TT_128B_64B__bfloat" value_param="(8-byte object &lt;10-00 38-00 40-00 04-00&gt;, __bfloat, 4-byte object &lt;01-00 00-00&gt;, 128B, 64B)" file="/opt/pytorch/nvfuser/tests/cpp/test_mma.cpp" line="667" status="run" result="completed" time="0.254" timestamp="2025-04-30T07:38:28.334" classname="MmaTest/HopperSS" />
    <testcase name="SingleTile/Hopper_64_64_16_TT_NoSwizzle_NoSwizzle__half" value_param="(8-byte object &lt;10-00 40-00 40-00 04-00&gt;, __half, 4-byte object &lt;01-00 00-00&gt;, NoSwizzle, NoSwizzle)" file="/opt/pytorch/nvfuser/tests/cpp/test_mma.cpp" line="667" status="run" result="completed" time="0.144" timestamp="2025-04-30T07:38:28.589" classname="MmaTest/HopperSS" />
    <testcase name="SingleTile/Hopper_64_64_16_TN_32B_32B__half" value_param="(8-byte object &lt;10-00 40-00 40-00 04-00&gt;, __half, 4-byte object &lt;02-00 00-00&gt;, 32B, 32B)" file="/opt/pytorch/nvfuser/tests/cpp/test_mma.cpp" line="667" status="run" result="completed" time="0.177" timestamp="2025-04-30T07:38:28.733" classname="MmaTest/HopperSS" />
    <testcase name="SingleTile/Hopper_64_64_16_TT_128B_128B__bfloat" value_param="(8-byte object &lt;10-00 40-00 40-00 04-00&gt;, __bfloat, 4-byte object &lt;01-00 00-00&gt;, 128B, 128B)" file="/opt/pytorch/nvfuser/tests/cpp/test_mma.cpp" line="667" status="run" result="completed" time="0.221" timestamp="2025-04-30T07:38:28.911" classname="MmaTest/HopperSS" />
    <testcase name="SingleTile/Hopper_64_64_16_NN_32B_64B__bfloat" value_param="(8-byte object &lt;10-00 40-00 40-00 04-00&gt;, __bfloat, 4-byte object &lt;03-00 00-00&gt;, 32B, 64B)" file="/opt/pytorch/nvfuser/tests/cpp/test_mma.cpp" line="667" status="run" result="completed" time="0.231" timestamp="2025-04-30T07:38:29.133" classname="MmaTest/HopperSS" />
    <testcase name="SingleTile/Hopper_64_72_16_TT_128B_128B__half" value_param="(8-byte object &lt;10-00 48-00 40-00 04-00&gt;, __half, 4-byte object &lt;01-00 00-00&gt;, 128B, 128B)" file="/opt/pytorch/nvfuser/tests/cpp/test_mma.cpp" line="667" status="run" result="completed" time="0.251" timestamp="2025-04-30T07:38:29.364" classname="MmaTest/HopperSS" />
    <testcase name="SingleTile/Hopper_64_72_16_NT_64B_NoSwizzle__half" value_param="(8-byte object &lt;10-00 48-00 40-00 04-00&gt;, __half, 4-byte object &lt;00-00 00-00&gt;, 64B, NoSwizzle)" file="/opt/pytorch/nvfuser/tests/cpp/test_mma.cpp" line="667" status="run" result="completed" time="0.206" timestamp="2025-04-30T07:38:29.615" classname="MmaTest/HopperSS" />
    <testcase name="SingleTile/Hopper_64_72_16_NN_128B_128B__half" value_param="(8-byte object &lt;10-00 48-00 40-00 04-00&gt;, __half, 4-byte object &lt;03-00 00-00&gt;, 128B, 128B)" file="/opt/pytorch/nvfuser/tests/cpp/test_mma.cpp" line="667" status="run" result="completed" time="0.239" timestamp="2025-04-30T07:38:29.822" classname="MmaTest/HopperSS" />
    <testcase name="SingleTile/Hopper_64_72_16_NN_32B_64B__half" value_param="(8-byte object &lt;10-00 48-00 40-00 04-00&gt;, __half, 4-byte object &lt;03-00 00-00&gt;, 32B, 64B)" file="/opt/pytorch/nvfuser/tests/cpp/test_mma.cpp" line="667" status="run" result="completed" time="0.238" timestamp="2025-04-30T07:38:30.061" classname="MmaTest/HopperSS" />
    <testcase name="SingleTile/Hopper_64_72_16_NT_128B_64B__bfloat" value_param="(8-byte object &lt;10-00 48-00 40-00 04-00&gt;, __bfloat, 4-byte object &lt;00-00 00-00&gt;, 128B, 64B)" file="/opt/pytorch/nvfuser/tests/cpp/test_mma.cpp" line="667" status="run" result="completed" time="0.212" timestamp="2025-04-30T07:38:30.299" classname="MmaTest/HopperSS" />
    <testcase name="SingleTile/Hopper_64_72_16_NN_NoSwizzle_128B__bfloat" value_param="(8-byte object &lt;10-00 48-00 40-00 04-00&gt;, __bfloat, 4-byte object &lt;03-00 00-00&gt;, NoSwizzle, 128B)" file="/opt/pytorch/nvfuser/tests/cpp/test_mma.cpp" line="667" status="run" result="completed" time="0.228" timestamp="2025-04-30T07:38:30.511" classname="MmaTest/HopperSS" />
    <testcase name="SingleTile/Hopper_64_80_16_TT_64B_NoSwizzle__half" value_param="(8-byte object &lt;10-00 50-00 40-00 04-00&gt;, __half, 4-byte object &lt;01-00 00-00&gt;, 64B, NoSwizzle)" file="/opt/pytorch/nvfuser/tests/cpp/test_mma.cpp" line="667" status="run" result="completed" time="0.194" timestamp="2025-04-30T07:38:30.740" classname="MmaTest/HopperSS" />
    <testcase name="SingleTile/Hopper_64_80_16_NN_32B_128B__half" value_param="(8-byte object &lt;10-00 50-00 40-00 04-00&gt;, __half, 4-byte object &lt;03-00 00-00&gt;, 32B, 128B)" file="/opt/pytorch/nvfuser/tests/cpp/test_mma.cpp" line="667" status="run" result="completed" time="0.282" timestamp="2025-04-30T07:38:30.935" classname="MmaTest/HopperSS" />
    <testcase name="SingleTile/Hopper_64_80_16_TN_NoSwizzle_64B__bfloat" value_param="(8-byte object &lt;10-00 50-00 40-00 04-00&gt;, __bfloat, 4-byte object &lt;02-00 00-00&gt;, NoSwizzle, 64B)" file="/opt/pytorch/nvfuser/tests/cpp/test_mma.cpp" line="667" status="run" result="completed" time="0.194" timestamp="2025-04-30T07:38:31.218" classname="MmaTest/HopperSS" />
    <testcase name="SingleTile/Hopper_64_80_16_NN_NoSwizzle_NoSwizzle__bfloat" value_param="(8-byte object &lt;10-00 50-00 40-00 04-00&gt;, __bfloat, 4-byte object &lt;03-00 00-00&gt;, NoSwizzle, NoSwizzle)" file="/opt/pytorch/nvfuser/tests/cpp/test_mma.cpp" line="667" status="run" result="completed" time="0.149" timestamp="2025-04-30T07:38:31.412" classname="MmaTest/HopperSS" />
    <testcase name="SingleTile/Hopper_64_80_16_NN_128B_32B__bfloat" value_param="(8-byte object &lt;10-00 50-00 40-00 04-00&gt;, __bfloat, 4-byte object &lt;03-00 00-00&gt;, 128B, 32B)" file="/opt/pytorch/nvfuser/tests/cpp/test_mma.cpp" line="667" status="run" result="completed" time="0.182" timestamp="2025-04-30T07:38:31.562" classname="MmaTest/HopperSS" />
    <testcase name="SingleTile/Hopper_64_80_16_NN_32B_32B__bfloat" value_param="(8-byte object &lt;10-00 50-00 40-00 04-00&gt;, __bfloat, 4-byte object &lt;03-00 00-00&gt;, 32B, 32B)" file="/opt/pytorch/nvfuser/tests/cpp/test_mma.cpp" line="667" status="run" result="completed" time="0.211" timestamp="2025-04-30T07:38:31.744" classname="MmaTest/HopperSS" />
    <testcase name="SingleTile/Hopper_64_88_16_TT_32B_64B__half" value_param="(8-byte object &lt;10-00 58-00 40-00 04-00&gt;, __half, 4-byte object &lt;01-00 00-00&gt;, 32B, 64B)" file="/opt/pytorch/nvfuser/tests/cpp/test_mma.cpp" line="667" status="run" result="completed" time="0.222" timestamp="2025-04-30T07:38:31.956" classname="MmaTest/HopperSS" />
    <testcase name="SingleTile/Hopper_64_88_16_TN_32B_128B__half" value_param="(8-byte object &lt;10-00 58-00 40-00 04-00&gt;, __half, 4-byte object &lt;02-00 00-00&gt;, 32B, 128B)" file="/opt/pytorch/nvfuser/tests/cpp/test_mma.cpp" line="667" status="run" result="completed" time="0.272" timestamp="2025-04-30T07:38:32.178" classname="MmaTest/HopperSS" />
    <testcase name="SingleTile/Hopper_64_88_16_TT_NoSwizzle_128B__bfloat" value_param="(8-byte object &lt;10-00 58-00 40-00 04-00&gt;, __bfloat, 4-byte object &lt;01-00 00-00&gt;, NoSwizzle, 128B)" file="/opt/pytorch/nvfuser/tests/cpp/test_mma.cpp" line="667" status="run" result="completed" time="0.19" timestamp="2025-04-30T07:38:32.451" classname="MmaTest/HopperSS" />
    <testcase name="SingleTile/Hopper_64_88_16_NT_NoSwizzle_NoSwizzle__bfloat" value_param="(8-byte object &lt;10-00 58-00 40-00 04-00&gt;, __bfloat, 4-byte object &lt;00-00 00-00&gt;, NoSwizzle, NoSwizzle)" file="/opt/pytorch/nvfuser/tests/cpp/test_mma.cpp" line="667" status="run" result="completed" time="0.174" timestamp="2025-04-30T07:38:32.642" classname="MmaTest/HopperSS" />
    <testcase name="SingleTile/Hopper_64_88_16_NT_64B_32B__bfloat" value_param="(8-byte object &lt;10-00 58-00 40-00 04-00&gt;, __bfloat, 4-byte object &lt;00-00 00-00&gt;, 64B, 32B)" file="/opt/pytorch/nvfuser/tests/cpp/test_mma.cpp" line="667" status="run" result="completed" time="0.244" timestamp="2025-04-30T07:38:32.817" classname="MmaTest/HopperSS" />
    <testcase name="SingleTile/Hopper_64_88_16_NN_32B_64B__bfloat" value_param="(8-byte object &lt;10-00 58-00 40-00 04-00&gt;, __bfloat, 4-byte object &lt;03-00 00-00&gt;, 32B, 64B)" file="/opt/pytorch/nvfuser/tests/cpp/test_mma.cpp" line="667" status="run" result="completed" time="0.252" timestamp="2025-04-30T07:38:33.061" classname="MmaTest/HopperSS" />
    <testcase name="SingleTile/Hopper_64_96_16_TN_NoSwizzle_NoSwizzle__half" value_param="(8-byte object &lt;10-00 60-00 40-00 04-00&gt;, __half, 4-byte object &lt;02-00 00-00&gt;, NoSwizzle, NoSwizzle)" file="/opt/pytorch/nvfuser/tests/cpp/test_mma.cpp" line="667" status="run" result="completed" time="0.146" timestamp="2025-04-30T07:38:33.314" classname="MmaTest/HopperSS" />
    <testcase name="SingleTile/Hopper_64_96_16_NT_128B_64B__half" value_param="(8-byte object &lt;10-00 60-00 40-00 04-00&gt;, __half, 4-byte object &lt;00-00 00-00&gt;, 128B, 64B)" file="/opt/pytorch/nvfuser/tests/cpp/test_mma.cpp" line="667" status="run" result="completed" time="0.217" timestamp="2025-04-30T07:38:33.460" classname="MmaTest/HopperSS" />
    <testcase name="SingleTile/Hopper_64_96_16_NN_128B_128B__half" value_param="(8-byte object &lt;10-00 60-00 40-00 04-00&gt;, __half, 4-byte object &lt;03-00 00-00&gt;, 128B, 128B)" file="/opt/pytorch/nvfuser/tests/cpp/test_mma.cpp" line="667" status="run" result="completed" time="0.275" timestamp="2025-04-30T07:38:33.678" classname="MmaTest/HopperSS" />
    <testcase name="SingleTile/Hopper_64_96_16_TT_NoSwizzle_32B__bfloat" value_param="(8-byte object &lt;10-00 60-00 40-00 04-00&gt;, __bfloat, 4-byte object &lt;01-00 00-00&gt;, NoSwizzle, 32B)" file="/opt/pytorch/nvfuser/tests/cpp/test_mma.cpp" line="667" status="run" result="completed" time="0.197" timestamp="2025-04-30T07:38:33.954" classname="MmaTest/HopperSS" />
    <testcase name="SingleTile/Hopper_64_96_16_TN_NoSwizzle_64B__bfloat" value_param="(8-byte object &lt;10-00 60-00 40-00 04-00&gt;, __bfloat, 4-byte object &lt;02-00 00-00&gt;, NoSwizzle, 64B)" file="/opt/pytorch/nvfuser/tests/cpp/test_mma.cpp" line="667" status="run" result="completed" time="0.206" timestamp="2025-04-30T07:38:34.152" classname="MmaTest/HopperSS" />
    <testcase name="SingleTile/Hopper_64_96_16_NN_64B_64B__bfloat" value_param="(8-byte object &lt;10-00 60-00 40-00 04-00&gt;, __bfloat, 4-byte object &lt;03-00 00-00&gt;, 64B, 64B)" file="/opt/pytorch/nvfuser/tests/cpp/test_mma.cpp" line="667" status="run" result="completed" time="0.254" timestamp="2025-04-30T07:38:34.358" classname="MmaTest/HopperSS" />
    <testcase name="SingleTile/Hopper_64_104_16_TT_128B_32B__half" value_param="(8-byte object &lt;10-00 68-00 40-00 04-00&gt;, __half, 4-byte object &lt;01-00 00-00&gt;, 128B, 32B)" file="/opt/pytorch/nvfuser/tests/cpp/test_mma.cpp" line="667" status="run" result="completed" time="0.274" timestamp="2025-04-30T07:38:34.613" classname="MmaTest/HopperSS" />
    <testcase name="SingleTile/Hopper_64_104_16_TT_32B_32B__half" value_param="(8-byte object &lt;10-00 68-00 40-00 04-00&gt;, __half, 4-byte object &lt;01-00 00-00&gt;, 32B, 32B)" file="/opt/pytorch/nvfuser/tests/cpp/test_mma.cpp" line="667" status="run" result="completed" time="0.222" timestamp="2025-04-30T07:38:34.888" classname="MmaTest/HopperSS" />
    <testcase name="SingleTile/Hopper_64_104_16_NT_128B_64B__half" value_param="(8-byte object &lt;10-00 68-00 40-00 04-00&gt;, __half, 4-byte object &lt;00-00 00-00&gt;, 128B, 64B)" file="/opt/pytorch/nvfuser/tests/cpp/test_mma.cpp" line="667" status="run" result="completed" time="0.227" timestamp="2025-04-30T07:38:35.111" classname="MmaTest/HopperSS" />
    <testcase name="SingleTile/Hopper_64_104_16_NN_32B_32B__half" value_param="(8-byte object &lt;10-00 68-00 40-00 04-00&gt;, __half, 4-byte object &lt;03-00 00-00&gt;, 32B, 32B)" file="/opt/pytorch/nvfuser/tests/cpp/test_mma.cpp" line="667" status="run" result="completed" time="0.22" timestamp="2025-04-30T07:38:35.339" classname="MmaTest/HopperSS" />
    <testcase name="SingleTile/Hopper_64_104_16_NT_NoSwizzle_32B__bfloat" value_param="(8-byte object &lt;10-00 68-00 40-00 04-00&gt;, __bfloat, 4-byte object &lt;00-00 00-00&gt;, NoSwizzle, 32B)" file="/opt/pytorch/nvfuser/tests/cpp/test_mma.cpp" line="667" status="run" result="completed" time="0.208" timestamp="2025-04-30T07:38:35.559" classname="MmaTest/HopperSS" />
    <testcase name="SingleTile/Hopper_64_104_16_NT_64B_NoSwizzle__bfloat" value_param="(8-byte object &lt;10-00 68-00 40-00 04-00&gt;, __bfloat, 4-byte object &lt;00-00 00-00&gt;, 64B, NoSwizzle)" file="/opt/pytorch/nvfuser/tests/cpp/test_mma.cpp" line="667" status="run" result="completed" time="0.225" timestamp="2025-04-30T07:38:35.768" classname="MmaTest/HopperSS" />
    <testcase name="SingleTile/Hopper_64_112_16_TT_128B_64B__half" value_param="(8-byte object &lt;10-00 70-00 40-00 04-00&gt;, __half, 4-byte object &lt;01-00 00-00&gt;, 128B, 64B)" file="/opt/pytorch/nvfuser/tests/cpp/test_mma.cpp" line="667" status="run" result="completed" time="0.285" timestamp="2025-04-30T07:38:35.993" classname="MmaTest/HopperSS" />
    <testcase name="SingleTile/Hopper_64_112_16_TN_32B_64B__half" value_param="(8-byte object &lt;10-00 70-00 40-00 04-00&gt;, __half, 4-byte object &lt;02-00 00-00&gt;, 32B, 64B)" file="/opt/pytorch/nvfuser/tests/cpp/test_mma.cpp" line="667" status="run" result="completed" time="0.245" timestamp="2025-04-30T07:38:36.279" classname="MmaTest/HopperSS" />
    <testcase name="SingleTile/Hopper_64_112_16_TT_128B_64B__bfloat" value_param="(8-byte object &lt;10-00 70-00 40-00 04-00&gt;, __bfloat, 4-byte object &lt;01-00 00-00&gt;, 128B, 64B)" file="/opt/pytorch/nvfuser/tests/cpp/test_mma.cpp" line="667" status="run" result="completed" time="0.285" timestamp="2025-04-30T07:38:36.524" classname="MmaTest/HopperSS" />
    <testcase name="SingleTile/Hopper_64_112_16_TN_NoSwizzle_NoSwizzle__bfloat" value_param="(8-byte object &lt;10-00 70-00 40-00 04-00&gt;, __bfloat, 4-byte object &lt;02-00 00-00&gt;, NoSwizzle, NoSwizzle)" file="/opt/pytorch/nvfuser/tests/cpp/test_mma.cpp" line="667" status="run" result="completed" time="0.151" timestamp="2025-04-30T07:38:36.810" classname="MmaTest/HopperSS" />
    <testcase name="SingleTile/Hopper_64_112_16_NN_128B_32B__bfloat" value_param="(8-byte object &lt;10-00 70-00 40-00 04-00&gt;, __bfloat, 4-byte object &lt;03-00 00-00&gt;, 128B, 32B)" file="/opt/pytorch/nvfuser/tests/cpp/test_mma.cpp" line="667" status="run" result="completed" time="0.195" timestamp="2025-04-30T07:38:36.962" classname="MmaTest/HopperSS" />
    <testcase name="SingleTile/Hopper_64_120_16_TT_NoSwizzle_NoSwizzle__half" value_param="(8-byte object &lt;10-00 78-00 40-00 04-00&gt;, __half, 4-byte object &lt;01-00 00-00&gt;, NoSwizzle, NoSwizzle)" file="/opt/pytorch/nvfuser/tests/cpp/test_mma.cpp" line="667" status="run" result="completed" time="0.191" timestamp="2025-04-30T07:38:37.157" classname="MmaTest/HopperSS" />
    <testcase name="SingleTile/Hopper_64_120_16_NT_NoSwizzle_NoSwizzle__half" value_param="(8-byte object &lt;10-00 78-00 40-00 04-00&gt;, __half, 4-byte object &lt;00-00 00-00&gt;, NoSwizzle, NoSwizzle)" file="/opt/pytorch/nvfuser/tests/cpp/test_mma.cpp" line="667" status="run" result="completed" time="0.199" timestamp="2025-04-30T07:38:37.348" classname="MmaTest/HopperSS" />
    <testcase name="SingleTile/Hopper_64_120_16_TT_64B_NoSwizzle__bfloat" value_param="(8-byte object &lt;10-00 78-00 40-00 04-00&gt;, __bfloat, 4-byte object &lt;01-00 00-00&gt;, 64B, NoSwizzle)" file="/opt/pytorch/nvfuser/tests/cpp/test_mma.cpp" line="667" status="run" result="completed" time="0.236" timestamp="2025-04-30T07:38:37.548" classname="MmaTest/HopperSS" />
    <testcase name="SingleTile/Hopper_64_120_16_TN_128B_NoSwizzle__bfloat" value_param="(8-byte object &lt;10-00 78-00 40-00 04-00&gt;, __bfloat, 4-byte object &lt;02-00 00-00&gt;, 128B, NoSwizzle)" file="/opt/pytorch/nvfuser/tests/cpp/test_mma.cpp" line="667" status="run" result="completed" time="0.226" timestamp="2025-04-30T07:38:37.784" classname="MmaTest/HopperSS" />
    <testcase name="SingleTile/Hopper_64_120_16_NT_128B_64B__bfloat" value_param="(8-byte object &lt;10-00 78-00 40-00 04-00&gt;, __bfloat, 4-byte object &lt;00-00 00-00&gt;, 128B, 64B)" file="/opt/pytorch/nvfuser/tests/cpp/test_mma.cpp" line="667" status="run" result="completed" time="0.231" timestamp="2025-04-30T07:38:38.011" classname="MmaTest/HopperSS" />
    <testcase name="SingleTile/Hopper_64_128_16_TT_NoSwizzle_NoSwizzle__half" value_param="(8-byte object &lt;10-00 80-00 40-00 04-00&gt;, __half, 4-byte object &lt;01-00 00-00&gt;, NoSwizzle, NoSwizzle)" file="/opt/pytorch/nvfuser/tests/cpp/test_mma.cpp" line="667" status="run" result="completed" time="0.175" timestamp="2025-04-30T07:38:38.243" classname="MmaTest/HopperSS" />
    <testcase name="SingleTile/Hopper_64_128_16_NT_32B_32B__half" value_param="(8-byte object &lt;10-00 80-00 40-00 04-00&gt;, __half, 4-byte object &lt;00-00 00-00&gt;, 32B, 32B)" file="/opt/pytorch/nvfuser/tests/cpp/test_mma.cpp" line="667" status="run" result="completed" time="0.255" timestamp="2025-04-30T07:38:38.418" classname="MmaTest/HopperSS" />
    <testcase name="SingleTile/Hopper_64_128_16_TT_128B_32B__bfloat" value_param="(8-byte object &lt;10-00 80-00 40-00 04-00&gt;, __bfloat, 4-byte object &lt;01-00 00-00&gt;, 128B, 32B)" file="/opt/pytorch/nvfuser/tests/cpp/test_mma.cpp" line="667" status="run" result="completed" time="0.279" timestamp="2025-04-30T07:38:38.673" classname="MmaTest/HopperSS" />
    <testcase name="SingleTile/Hopper_64_128_16_NT_64B_NoSwizzle__bfloat" value_param="(8-byte object &lt;10-00 80-00 40-00 04-00&gt;, __bfloat, 4-byte object &lt;00-00 00-00&gt;, 64B, NoSwizzle)" file="/opt/pytorch/nvfuser/tests/cpp/test_mma.cpp" line="667" status="run" result="completed" time="0.225" timestamp="2025-04-30T07:38:38.953" classname="MmaTest/HopperSS" />
    <testcase name="SingleTile/Hopper_64_136_16_TT_NoSwizzle_NoSwizzle__half" value_param="(8-byte object &lt;10-00 88-00 40-00 04-00&gt;, __half, 4-byte object &lt;01-00 00-00&gt;, NoSwizzle, NoSwizzle)" file="/opt/pytorch/nvfuser/tests/cpp/test_mma.cpp" line="667" status="run" result="completed" time="0.201" timestamp="2025-04-30T07:38:39.178" classname="MmaTest/HopperSS" />
    <testcase name="SingleTile/Hopper_64_136_16_TT_128B_128B__half" value_param="(8-byte object &lt;10-00 88-00 40-00 04-00&gt;, __half, 4-byte object &lt;01-00 00-00&gt;, 128B, 128B)" file="/opt/pytorch/nvfuser/tests/cpp/test_mma.cpp" line="667" status="run" result="completed" time="0.284" timestamp="2025-04-30T07:38:39.379" classname="MmaTest/HopperSS" />
    <testcase name="SingleTile/Hopper_64_136_16_NT_64B_64B__half" value_param="(8-byte object &lt;10-00 88-00 40-00 04-00&gt;, __half, 4-byte object &lt;00-00 00-00&gt;, 64B, 64B)" file="/opt/pytorch/nvfuser/tests/cpp/test_mma.cpp" line="667" status="run" result="completed" time="0.269" timestamp="2025-04-30T07:38:39.664" classname="MmaTest/HopperSS" />
    <testcase name="SingleTile/Hopper_64_136_16_NN_64B_NoSwizzle__half" value_param="(8-byte object &lt;10-00 88-00 40-00 04-00&gt;, __half, 4-byte object &lt;03-00 00-00&gt;, 64B, NoSwizzle)" file="/opt/pytorch/nvfuser/tests/cpp/test_mma.cpp" line="667" status="run" result="completed" time="0.21" timestamp="2025-04-30T07:38:39.934" classname="MmaTest/HopperSS" />
    <testcase name="SingleTile/Hopper_64_136_16_TT_64B_64B__bfloat" value_param="(8-byte object &lt;10-00 88-00 40-00 04-00&gt;, __bfloat, 4-byte object &lt;01-00 00-00&gt;, 64B, 64B)" file="/opt/pytorch/nvfuser/tests/cpp/test_mma.cpp" line="667" status="run" result="completed" time="0.262" timestamp="2025-04-30T07:38:40.144" classname="MmaTest/HopperSS" />
    <testcase name="SingleTile/Hopper_64_136_16_NT_64B_32B__bfloat" value_param="(8-byte object &lt;10-00 88-00 40-00 04-00&gt;, __bfloat, 4-byte object &lt;00-00 00-00&gt;, 64B, 32B)" file="/opt/pytorch/nvfuser/tests/cpp/test_mma.cpp" line="667" status="run" result="completed" time="0.264" timestamp="2025-04-30T07:38:40.407" classname="MmaTest/HopperSS" />
    <testcase name="SingleTile/Hopper_64_144_16_TT_128B_64B__half" value_param="(8-byte object &lt;10-00 90-00 40-00 04-00&gt;, __half, 4-byte object &lt;01-00 00-00&gt;, 128B, 64B)" file="/opt/pytorch/nvfuser/tests/cpp/test_mma.cpp" line="667" status="run" result="completed" time="0.304" timestamp="2025-04-30T07:38:40.672" classname="MmaTest/HopperSS" />
    <testcase name="SingleTile/Hopper_64_144_16_TN_128B_128B__half" value_param="(8-byte object &lt;10-00 90-00 40-00 04-00&gt;, __half, 4-byte object &lt;02-00 00-00&gt;, 128B, 128B)" file="/opt/pytorch/nvfuser/tests/cpp/test_mma.cpp" line="667" status="run" result="completed" time="0.459" timestamp="2025-04-30T07:38:40.977" classname="MmaTest/HopperSS" />
    <testcase name="SingleTile/Hopper_64_144_16_NT_32B_NoSwizzle__half" value_param="(8-byte object &lt;10-00 90-00 40-00 04-00&gt;, __half, 4-byte object &lt;00-00 00-00&gt;, 32B, NoSwizzle)" file="/opt/pytorch/nvfuser/tests/cpp/test_mma.cpp" line="667" status="run" result="completed" time="0.234" timestamp="2025-04-30T07:38:41.436" classname="MmaTest/HopperSS" />
    <testcase name="SingleTile/Hopper_64_144_16_TT_NoSwizzle_32B__bfloat" value_param="(8-byte object &lt;10-00 90-00 40-00 04-00&gt;, __bfloat, 4-byte object &lt;01-00 00-00&gt;, NoSwizzle, 32B)" file="/opt/pytorch/nvfuser/tests/cpp/test_mma.cpp" line="667" status="run" result="completed" time="0.217" timestamp="2025-04-30T07:38:41.670" classname="MmaTest/HopperSS" />
    <testcase name="SingleTile/Hopper_64_144_16_NT_64B_32B__bfloat" value_param="(8-byte object &lt;10-00 90-00 40-00 04-00&gt;, __bfloat, 4-byte object &lt;00-00 00-00&gt;, 64B, 32B)" file="/opt/pytorch/nvfuser/tests/cpp/test_mma.cpp" line="667" status="run" result="completed" time="0.266" timestamp="2025-04-30T07:38:41.888" classname="MmaTest/HopperSS" />
    <testcase name="SingleTile/Hopper_64_144_16_NT_32B_32B__bfloat" value_param="(8-byte object &lt;10-00 90-00 40-00 04-00&gt;, __bfloat, 4-byte object &lt;00-00 00-00&gt;, 32B, 32B)" file="/opt/pytorch/nvfuser/tests/cpp/test_mma.cpp" line="667" status="run" result="completed" time="0.262" timestamp="2025-04-30T07:38:42.155" classname="MmaTest/HopperSS" />
    <testcase name="SingleTile/Hopper_64_152_16_TT_64B_64B__half" value_param="(8-byte object &lt;10-00 98-00 40-00 04-00&gt;, __half, 4-byte object &lt;01-00 00-00&gt;, 64B, 64B)" file="/opt/pytorch/nvfuser/tests/cpp/test_mma.cpp" line="667" status="run" result="completed" time="0.274" timestamp="2025-04-30T07:38:42.417" classname="MmaTest/HopperSS" />
    <testcase name="SingleTile/Hopper_64_152_16_TN_NoSwizzle_32B__half" value_param="(8-byte object &lt;10-00 98-00 40-00 04-00&gt;, __half, 4-byte object &lt;02-00 00-00&gt;, NoSwizzle, 32B)" file="/opt/pytorch/nvfuser/tests/cpp/test_mma.cpp" line="667" status="run" result="completed" time="0.198" timestamp="2025-04-30T07:38:42.692" classname="MmaTest/HopperSS" />
    <testcase name="SingleTile/Hopper_64_152_16_NT_128B_64B__half" value_param="(8-byte object &lt;10-00 98-00 40-00 04-00&gt;, __half, 4-byte object &lt;00-00 00-00&gt;, 128B, 64B)" file="/opt/pytorch/nvfuser/tests/cpp/test_mma.cpp" line="667" status="run" result="completed" time="0.251" timestamp="2025-04-30T07:38:42.890" classname="MmaTest/HopperSS" />
    <testcase name="SingleTile/Hopper_64_152_16_NN_32B_64B__half" value_param="(8-byte object &lt;10-00 98-00 40-00 04-00&gt;, __half, 4-byte object &lt;03-00 00-00&gt;, 32B, 64B)" file="/opt/pytorch/nvfuser/tests/cpp/test_mma.cpp" line="667" status="run" result="completed" time="0.307" timestamp="2025-04-30T07:38:43.142" classname="MmaTest/HopperSS" />
    <testcase name="SingleTile/Hopper_64_152_16_TN_NoSwizzle_128B__bfloat" value_param="(8-byte object &lt;10-00 98-00 40-00 04-00&gt;, __bfloat, 4-byte object &lt;02-00 00-00&gt;, NoSwizzle, 128B)" file="/opt/pytorch/nvfuser/tests/cpp/test_mma.cpp" line="667" status="run" result="completed" time="0.359" timestamp="2025-04-30T07:38:43.450" classname="MmaTest/HopperSS" />
    <testcase name="SingleTile/Hopper_64_152_16_NT_NoSwizzle_32B__bfloat" value_param="(8-byte object &lt;10-00 98-00 40-00 04-00&gt;, __bfloat, 4-byte object &lt;00-00 00-00&gt;, NoSwizzle, 32B)" file="/opt/pytorch/nvfuser/tests/cpp/test_mma.cpp" line="667" status="run" result="completed" time="0.23" timestamp="2025-04-30T07:38:43.810" classname="MmaTest/HopperSS" />
    <testcase name="SingleTile/Hopper_64_152_16_NT_32B_32B__bfloat" value_param="(8-byte object &lt;10-00 98-00 40-00 04-00&gt;, __bfloat, 4-byte object &lt;00-00 00-00&gt;, 32B, 32B)" file="/opt/pytorch/nvfuser/tests/cpp/test_mma.cpp" line="667" status="run" result="completed" time="0.27" timestamp="2025-04-30T07:38:44.040" classname="MmaTest/HopperSS" />
    <testcase name="SingleTile/Hopper_64_160_16_TT_NoSwizzle_128B__half" value_param="(8-byte object &lt;10-00 A0-00 40-00 04-00&gt;, __half, 4-byte object &lt;01-00 00-00&gt;, NoSwizzle, 128B)" file="/opt/pytorch/nvfuser/tests/cpp/test_mma.cpp" line="667" status="run" result="completed" time="0.225" timestamp="2025-04-30T07:38:44.310" classname="MmaTest/HopperSS" />
    <testcase name="SingleTile/Hopper_64_160_16_TN_64B_64B__half" value_param="(8-byte object &lt;10-00 A0-00 40-00 04-00&gt;, __half, 4-byte object &lt;02-00 00-00&gt;, 64B, 64B)" file="/opt/pytorch/nvfuser/tests/cpp/test_mma.cpp" line="667" status="run" result="completed" time="0.306" timestamp="2025-04-30T07:38:44.535" classname="MmaTest/HopperSS" />
    <testcase name="SingleTile/Hopper_64_160_16_NT_NoSwizzle_32B__half" value_param="(8-byte object &lt;10-00 A0-00 40-00 04-00&gt;, __half, 4-byte object &lt;00-00 00-00&gt;, NoSwizzle, 32B)" file="/opt/pytorch/nvfuser/tests/cpp/test_mma.cpp" line="667" status="run" result="completed" time="0.233" timestamp="2025-04-30T07:38:44.842" classname="MmaTest/HopperSS" />
    <testcase name="SingleTile/Hopper_64_160_16_NN_32B_NoSwizzle__half" value_param="(8-byte object &lt;10-00 A0-00 40-00 04-00&gt;, __half, 4-byte object &lt;03-00 00-00&gt;, 32B, NoSwizzle)" file="/opt/pytorch/nvfuser/tests/cpp/test_mma.cpp" line="667" status="run" result="completed" time="0.219" timestamp="2025-04-30T07:38:45.075" classname="MmaTest/HopperSS" />
    <testcase name="SingleTile/Hopper_64_160_16_NT_128B_64B__bfloat" value_param="(8-byte object &lt;10-00 A0-00 40-00 04-00&gt;, __bfloat, 4-byte object &lt;00-00 00-00&gt;, 128B, 64B)" file="/opt/pytorch/nvfuser/tests/cpp/test_mma.cpp" line="667" status="run" result="completed" time="0.253" timestamp="2025-04-30T07:38:45.294" classname="MmaTest/HopperSS" />
    <testcase name="SingleTile/Hopper_64_160_16_NT_32B_32B__bfloat" value_param="(8-byte object &lt;10-00 A0-00 40-00 04-00&gt;, __bfloat, 4-byte object &lt;00-00 00-00&gt;, 32B, 32B)" file="/opt/pytorch/nvfuser/tests/cpp/test_mma.cpp" line="667" status="run" result="completed" time="0.271" timestamp="2025-04-30T07:38:45.547" classname="MmaTest/HopperSS" />
    <testcase name="SingleTile/Hopper_64_160_16_NN_32B_NoSwizzle__bfloat" value_param="(8-byte object &lt;10-00 A0-00 40-00 04-00&gt;, __bfloat, 4-byte object &lt;03-00 00-00&gt;, 32B, NoSwizzle)" file="/opt/pytorch/nvfuser/tests/cpp/test_mma.cpp" line="667" status="run" result="completed" time="0.22" timestamp="2025-04-30T07:38:45.819" classname="MmaTest/HopperSS" />
    <testcase name="SingleTile/Hopper_64_168_16_TT_128B_NoSwizzle__half" value_param="(8-byte object &lt;10-00 A8-00 40-00 04-00&gt;, __half, 4-byte object &lt;01-00 00-00&gt;, 128B, NoSwizzle)" file="/opt/pytorch/nvfuser/tests/cpp/test_mma.cpp" line="667" status="run" result="completed" time="0.299" timestamp="2025-04-30T07:38:46.040" classname="MmaTest/HopperSS" />
    <testcase name="SingleTile/Hopper_64_168_16_TN_64B_NoSwizzle__half" value_param="(8-byte object &lt;10-00 A8-00 40-00 04-00&gt;, __half, 4-byte object &lt;02-00 00-00&gt;, 64B, NoSwizzle)" file="/opt/pytorch/nvfuser/tests/cpp/test_mma.cpp" line="667" status="run" result="completed" time="0.218" timestamp="2025-04-30T07:38:46.340" classname="MmaTest/HopperSS" />
    <testcase name="SingleTile/Hopper_64_168_16_NT_64B_128B__half" value_param="(8-byte object &lt;10-00 A8-00 40-00 04-00&gt;, __half, 4-byte object &lt;00-00 00-00&gt;, 64B, 128B)" file="/opt/pytorch/nvfuser/tests/cpp/test_mma.cpp" line="667" status="run" result="completed" time="0.28" timestamp="2025-04-30T07:38:46.558" classname="MmaTest/HopperSS" />
    <testcase name="SingleTile/Hopper_64_168_16_NN_64B_32B__half" value_param="(8-byte object &lt;10-00 A8-00 40-00 04-00&gt;, __half, 4-byte object &lt;03-00 00-00&gt;, 64B, 32B)" file="/opt/pytorch/nvfuser/tests/cpp/test_mma.cpp" line="667" status="run" result="completed" time="0.254" timestamp="2025-04-30T07:38:46.839" classname="MmaTest/HopperSS" />
    <testcase name="SingleTile/Hopper_64_168_16_TT_128B_64B__bfloat" value_param="(8-byte object &lt;10-00 A8-00 40-00 04-00&gt;, __bfloat, 4-byte object &lt;01-00 00-00&gt;, 128B, 64B)" file="/opt/pytorch/nvfuser/tests/cpp/test_mma.cpp" line="667" status="run" result="completed" time="0.319" timestamp="2025-04-30T07:38:47.093" classname="MmaTest/HopperSS" />
    <testcase name="SingleTile/Hopper_64_168_16_TN_64B_32B__bfloat" value_param="(8-byte object &lt;10-00 A8-00 40-00 04-00&gt;, __bfloat, 4-byte object &lt;02-00 00-00&gt;, 64B, 32B)" file="/opt/pytorch/nvfuser/tests/cpp/test_mma.cpp" line="667" status="run" result="completed" time="0.251" timestamp="2025-04-30T07:38:47.413" classname="MmaTest/HopperSS" />
    <testcase name="SingleTile/Hopper_64_176_16_TT_NoSwizzle_NoSwizzle__half" value_param="(8-byte object &lt;10-00 B0-00 40-00 04-00&gt;, __half, 4-byte object &lt;01-00 00-00&gt;, NoSwizzle, NoSwizzle)" file="/opt/pytorch/nvfuser/tests/cpp/test_mma.cpp" line="667" status="run" result="completed" time="0.202" timestamp="2025-04-30T07:38:47.665" classname="MmaTest/HopperSS" />
    <testcase name="SingleTile/Hopper_64_176_16_TN_128B_NoSwizzle__half" value_param="(8-byte object &lt;10-00 B0-00 40-00 04-00&gt;, __half, 4-byte object &lt;02-00 00-00&gt;, 128B, NoSwizzle)" file="/opt/pytorch/nvfuser/tests/cpp/test_mma.cpp" line="667" status="run" result="completed" time="0.246" timestamp="2025-04-30T07:38:47.867" classname="MmaTest/HopperSS" />
    <testcase name="SingleTile/Hopper_64_176_16_NN_32B_NoSwizzle__half" value_param="(8-byte object &lt;10-00 B0-00 40-00 04-00&gt;, __half, 4-byte object &lt;03-00 00-00&gt;, 32B, NoSwizzle)" file="/opt/pytorch/nvfuser/tests/cpp/test_mma.cpp" line="667" status="run" result="completed" time="0.226" timestamp="2025-04-30T07:38:48.114" classname="MmaTest/HopperSS" />
    <testcase name="SingleTile/Hopper_64_176_16_TT_128B_32B__bfloat" value_param="(8-byte object &lt;10-00 B0-00 40-00 04-00&gt;, __bfloat, 4-byte object &lt;01-00 00-00&gt;, 128B, 32B)" file="/opt/pytorch/nvfuser/tests/cpp/test_mma.cpp" line="667" status="run" result="completed" time="0.302" timestamp="2025-04-30T07:38:48.341" classname="MmaTest/HopperSS" />
    <testcase name="SingleTile/Hopper_64_176_16_NT_128B_NoSwizzle__bfloat" value_param="(8-byte object &lt;10-00 B0-00 40-00 04-00&gt;, __bfloat, 4-byte object &lt;00-00 00-00&gt;, 128B, NoSwizzle)" file="/opt/pytorch/nvfuser/tests/cpp/test_mma.cpp" line="667" status="run" result="completed" time="0.22" timestamp="2025-04-30T07:38:48.643" classname="MmaTest/HopperSS" />
    <testcase name="SingleTile/Hopper_64_176_16_NN_64B_128B__bfloat" value_param="(8-byte object &lt;10-00 B0-00 40-00 04-00&gt;, __bfloat, 4-byte object &lt;03-00 00-00&gt;, 64B, 128B)" file="/opt/pytorch/nvfuser/tests/cpp/test_mma.cpp" line="667" status="run" result="completed" time="0.458" timestamp="2025-04-30T07:38:48.864" classname="MmaTest/HopperSS" />
    <testcase name="SingleTile/Hopper_64_184_16_TT_NoSwizzle_NoSwizzle__half" value_param="(8-byte object &lt;10-00 B8-00 40-00 04-00&gt;, __half, 4-byte object &lt;01-00 00-00&gt;, NoSwizzle, NoSwizzle)" file="/opt/pytorch/nvfuser/tests/cpp/test_mma.cpp" line="667" status="run" result="completed" time="0.244" timestamp="2025-04-30T07:38:49.323" classname="MmaTest/HopperSS" />
    <testcase name="SingleTile/Hopper_64_184_16_TN_NoSwizzle_NoSwizzle__half" value_param="(8-byte object &lt;10-00 B8-00 40-00 04-00&gt;, __half, 4-byte object &lt;02-00 00-00&gt;, NoSwizzle, NoSwizzle)" file="/opt/pytorch/nvfuser/tests/cpp/test_mma.cpp" line="667" status="run" result="completed" time="0.18" timestamp="2025-04-30T07:38:49.567" classname="MmaTest/HopperSS" />
    <testcase name="SingleTile/Hopper_64_184_16_NT_32B_32B__half" value_param="(8-byte object &lt;10-00 B8-00 40-00 04-00&gt;, __half, 4-byte object &lt;00-00 00-00&gt;, 32B, 32B)" file="/opt/pytorch/nvfuser/tests/cpp/test_mma.cpp" line="667" status="run" result="completed" time="0.285" timestamp="2025-04-30T07:38:49.747" classname="MmaTest/HopperSS" />
    <testcase name="SingleTile/Hopper_64_184_16_TN_NoSwizzle_64B__bfloat" value_param="(8-byte object &lt;10-00 B8-00 40-00 04-00&gt;, __bfloat, 4-byte object &lt;02-00 00-00&gt;, NoSwizzle, 64B)" file="/opt/pytorch/nvfuser/tests/cpp/test_mma.cpp" line="667" status="run" result="completed" time="0.287" timestamp="2025-04-30T07:38:50.033" classname="MmaTest/HopperSS" />
    <testcase name="SingleTile/Hopper_64_184_16_TN_64B_32B__bfloat" value_param="(8-byte object &lt;10-00 B8-00 40-00 04-00&gt;, __bfloat, 4-byte object &lt;02-00 00-00&gt;, 64B, 32B)" file="/opt/pytorch/nvfuser/tests/cpp/test_mma.cpp" line="667" status="run" result="completed" time="0.259" timestamp="2025-04-30T07:38:50.320" classname="MmaTest/HopperSS" />
    <testcase name="SingleTile/Hopper_64_184_16_NN_32B_NoSwizzle__bfloat" value_param="(8-byte object &lt;10-00 B8-00 40-00 04-00&gt;, __bfloat, 4-byte object &lt;03-00 00-00&gt;, 32B, NoSwizzle)" file="/opt/pytorch/nvfuser/tests/cpp/test_mma.cpp" line="667" status="run" result="completed" time="0.23" timestamp="2025-04-30T07:38:50.580" classname="MmaTest/HopperSS" />
    <testcase name="SingleTile/Hopper_64_192_16_TN_64B_64B__half" value_param="(8-byte object &lt;10-00 C0-00 40-00 04-00&gt;, __half, 4-byte object &lt;02-00 00-00&gt;, 64B, 64B)" file="/opt/pytorch/nvfuser/tests/cpp/test_mma.cpp" line="667" status="run" result="completed" time="0.336" timestamp="2025-04-30T07:38:50.810" classname="MmaTest/HopperSS" />
    <testcase name="SingleTile/Hopper_64_192_16_NN_32B_64B__half" value_param="(8-byte object &lt;10-00 C0-00 40-00 04-00&gt;, __half, 4-byte object &lt;03-00 00-00&gt;, 32B, 64B)" file="/opt/pytorch/nvfuser/tests/cpp/test_mma.cpp" line="667" status="run" result="completed" time="0.347" timestamp="2025-04-30T07:38:51.147" classname="MmaTest/HopperSS" />
    <testcase name="SingleTile/Hopper_64_192_16_TN_32B_NoSwizzle__bfloat" value_param="(8-byte object &lt;10-00 C0-00 40-00 04-00&gt;, __bfloat, 4-byte object &lt;02-00 00-00&gt;, 32B, NoSwizzle)" file="/opt/pytorch/nvfuser/tests/cpp/test_mma.cpp" line="667" status="run" result="completed" time="0.209" timestamp="2025-04-30T07:38:51.494" classname="MmaTest/HopperSS" />
    <testcase name="SingleTile/Hopper_64_200_16_TT_64B_64B__half" value_param="(8-byte object &lt;10-00 C8-00 40-00 04-00&gt;, __half, 4-byte object &lt;01-00 00-00&gt;, 64B, 64B)" file="/opt/pytorch/nvfuser/tests/cpp/test_mma.cpp" line="667" status="run" result="completed" time="0.303" timestamp="2025-04-30T07:38:51.704" classname="MmaTest/HopperSS" />
    <testcase name="SingleTile/Hopper_64_200_16_NT_64B_128B__half" value_param="(8-byte object &lt;10-00 C8-00 40-00 04-00&gt;, __half, 4-byte object &lt;00-00 00-00&gt;, 64B, 128B)" file="/opt/pytorch/nvfuser/tests/cpp/test_mma.cpp" line="667" status="run" result="completed" time="0.306" timestamp="2025-04-30T07:38:52.008" classname="MmaTest/HopperSS" />
    <testcase name="SingleTile/Hopper_64_200_16_TT_128B_64B__bfloat" value_param="(8-byte object &lt;10-00 C8-00 40-00 04-00&gt;, __bfloat, 4-byte object &lt;01-00 00-00&gt;, 128B, 64B)" file="/opt/pytorch/nvfuser/tests/cpp/test_mma.cpp" line="667" status="run" result="completed" time="0.339" timestamp="2025-04-30T07:38:52.315" classname="MmaTest/HopperSS" />
    <testcase name="SingleTile/Hopper_64_200_16_TN_64B_32B__bfloat" value_param="(8-byte object &lt;10-00 C8-00 40-00 04-00&gt;, __bfloat, 4-byte object &lt;02-00 00-00&gt;, 64B, 32B)" file="/opt/pytorch/nvfuser/tests/cpp/test_mma.cpp" line="667" status="run" result="completed" time="0.27" timestamp="2025-04-30T07:38:52.655" classname="MmaTest/HopperSS" />
    <testcase name="SingleTile/Hopper_64_200_16_NN_64B_64B__bfloat" value_param="(8-byte object &lt;10-00 C8-00 40-00 04-00&gt;, __bfloat, 4-byte object &lt;03-00 00-00&gt;, 64B, 64B)" file="/opt/pytorch/nvfuser/tests/cpp/test_mma.cpp" line="667" status="run" result="completed" time="0.348" timestamp="2025-04-30T07:38:52.925" classname="MmaTest/HopperSS" />
    <testcase name="SingleTile/Hopper_64_208_16_TN_NoSwizzle_NoSwizzle__half" value_param="(8-byte object &lt;10-00 D0-00 40-00 04-00&gt;, __half, 4-byte object &lt;02-00 00-00&gt;, NoSwizzle, NoSwizzle)" file="/opt/pytorch/nvfuser/tests/cpp/test_mma.cpp" line="667" status="run" result="completed" time="0.191" timestamp="2025-04-30T07:38:53.274" classname="MmaTest/HopperSS" />
    <testcase name="SingleTile/Hopper_64_208_16_NN_NoSwizzle_128B__half" value_param="(8-byte object &lt;10-00 D0-00 40-00 04-00&gt;, __half, 4-byte object &lt;03-00 00-00&gt;, NoSwizzle, 128B)" file="/opt/pytorch/nvfuser/tests/cpp/test_mma.cpp" line="667" status="run" result="completed" time="0.503" timestamp="2025-04-30T07:38:53.465" classname="MmaTest/HopperSS" />
    <testcase name="SingleTile/Hopper_64_208_16_TT_128B_64B__bfloat" value_param="(8-byte object &lt;10-00 D0-00 40-00 04-00&gt;, __bfloat, 4-byte object &lt;01-00 00-00&gt;, 128B, 64B)" file="/opt/pytorch/nvfuser/tests/cpp/test_mma.cpp" line="667" status="run" result="completed" time="0.346" timestamp="2025-04-30T07:38:53.968" classname="MmaTest/HopperSS" />
    <testcase name="SingleTile/Hopper_64_208_16_TT_32B_32B__bfloat" value_param="(8-byte object &lt;10-00 D0-00 40-00 04-00&gt;, __bfloat, 4-byte object &lt;01-00 00-00&gt;, 32B, 32B)" file="/opt/pytorch/nvfuser/tests/cpp/test_mma.cpp" line="667" status="run" result="completed" time="0.275" timestamp="2025-04-30T07:38:54.315" classname="MmaTest/HopperSS" />
    <testcase name="SingleTile/Hopper_64_208_16_NT_64B_64B__bfloat" value_param="(8-byte object &lt;10-00 D0-00 40-00 04-00&gt;, __bfloat, 4-byte object &lt;00-00 00-00&gt;, 64B, 64B)" file="/opt/pytorch/nvfuser/tests/cpp/test_mma.cpp" line="667" status="run" result="completed" time="0.315" timestamp="2025-04-30T07:38:54.591" classname="MmaTest/HopperSS" />
    <testcase name="SingleTile/Hopper_64_216_16_TT_NoSwizzle_NoSwizzle__half" value_param="(8-byte object &lt;10-00 D8-00 40-00 04-00&gt;, __half, 4-byte object &lt;01-00 00-00&gt;, NoSwizzle, NoSwizzle)" file="/opt/pytorch/nvfuser/tests/cpp/test_mma.cpp" line="667" status="run" result="completed" time="0.267" timestamp="2025-04-30T07:38:54.906" classname="MmaTest/HopperSS" />
    <testcase name="SingleTile/Hopper_64_216_16_TN_128B_64B__half" value_param="(8-byte object &lt;10-00 D8-00 40-00 04-00&gt;, __half, 4-byte object &lt;02-00 00-00&gt;, 128B, 64B)" file="/opt/pytorch/nvfuser/tests/cpp/test_mma.cpp" line="667" status="run" result="completed" time="0.407" timestamp="2025-04-30T07:38:55.174" classname="MmaTest/HopperSS" />
    <testcase name="SingleTile/Hopper_64_216_16_NT_NoSwizzle_64B__half" value_param="(8-byte object &lt;10-00 D8-00 40-00 04-00&gt;, __half, 4-byte object &lt;00-00 00-00&gt;, NoSwizzle, 64B)" file="/opt/pytorch/nvfuser/tests/cpp/test_mma.cpp" line="667" status="run" result="completed" time="0.282" timestamp="2025-04-30T07:38:55.582" classname="MmaTest/HopperSS" />
    <testcase name="SingleTile/Hopper_64_216_16_TN_NoSwizzle_64B__bfloat" value_param="(8-byte object &lt;10-00 D8-00 40-00 04-00&gt;, __bfloat, 4-byte object &lt;02-00 00-00&gt;, NoSwizzle, 64B)" file="/opt/pytorch/nvfuser/tests/cpp/test_mma.cpp" line="667" status="run" result="completed" time="0.323" timestamp="2025-04-30T07:38:55.865" classname="MmaTest/HopperSS" />
    <testcase name="SingleTile/Hopper_64_216_16_NT_64B_128B__bfloat" value_param="(8-byte object &lt;10-00 D8-00 40-00 04-00&gt;, __bfloat, 4-byte object &lt;00-00 00-00&gt;, 64B, 128B)" file="/opt/pytorch/nvfuser/tests/cpp/test_mma.cpp" line="667" status="run" result="completed" time="0.315" timestamp="2025-04-30T07:38:56.188" classname="MmaTest/HopperSS" />
    <testcase name="SingleTile/Hopper_64_224_16_TN_128B_32B__half" value_param="(8-byte object &lt;10-00 E0-00 40-00 04-00&gt;, __half, 4-byte object &lt;02-00 00-00&gt;, 128B, 32B)" file="/opt/pytorch/nvfuser/tests/cpp/test_mma.cpp" line="667" status="run" result="completed" time="0.318" timestamp="2025-04-30T07:38:56.503" classname="MmaTest/HopperSS" />
    <testcase name="SingleTile/Hopper_64_224_16_TT_NoSwizzle_128B__bfloat" value_param="(8-byte object &lt;10-00 E0-00 40-00 04-00&gt;, __bfloat, 4-byte object &lt;01-00 00-00&gt;, NoSwizzle, 128B)" file="/opt/pytorch/nvfuser/tests/cpp/test_mma.cpp" line="667" status="run" result="completed" time="0.264" timestamp="2025-04-30T07:38:56.822" classname="MmaTest/HopperSS" />
    <testcase name="SingleTile/Hopper_64_224_16_TT_32B_32B__bfloat" value_param="(8-byte object &lt;10-00 E0-00 40-00 04-00&gt;, __bfloat, 4-byte object &lt;01-00 00-00&gt;, 32B, 32B)" file="/opt/pytorch/nvfuser/tests/cpp/test_mma.cpp" line="667" status="run" result="completed" time="0.282" timestamp="2025-04-30T07:38:57.086" classname="MmaTest/HopperSS" />
    <testcase name="SingleTile/Hopper_64_224_16_TN_64B_128B__bfloat" value_param="(8-byte object &lt;10-00 E0-00 40-00 04-00&gt;, __bfloat, 4-byte object &lt;02-00 00-00&gt;, 64B, 128B)" file="/opt/pytorch/nvfuser/tests/cpp/test_mma.cpp" line="667" status="run" result="completed" time="0.573" timestamp="2025-04-30T07:38:57.368" classname="MmaTest/HopperSS" />
    <testcase name="SingleTile/Hopper_64_224_16_NT_128B_NoSwizzle__bfloat" value_param="(8-byte object &lt;10-00 E0-00 40-00 04-00&gt;, __bfloat, 4-byte object &lt;00-00 00-00&gt;, 128B, NoSwizzle)" file="/opt/pytorch/nvfuser/tests/cpp/test_mma.cpp" line="667" status="run" result="completed" time="0.257" timestamp="2025-04-30T07:38:57.942" classname="MmaTest/HopperSS" />
    <testcase name="SingleTile/Hopper_64_224_16_NN_32B_64B__bfloat" value_param="(8-byte object &lt;10-00 E0-00 40-00 04-00&gt;, __bfloat, 4-byte object &lt;03-00 00-00&gt;, 32B, 64B)" file="/opt/pytorch/nvfuser/tests/cpp/test_mma.cpp" line="667" status="run" result="completed" time="0.387" timestamp="2025-04-30T07:38:58.199" classname="MmaTest/HopperSS" />
    <testcase name="SingleTile/Hopper_64_232_16_TN_128B_128B__half" value_param="(8-byte object &lt;10-00 E8-00 40-00 04-00&gt;, __half, 4-byte object &lt;02-00 00-00&gt;, 128B, 128B)" file="/opt/pytorch/nvfuser/tests/cpp/test_mma.cpp" line="667" status="run" result="completed" time="0.639" timestamp="2025-04-30T07:38:58.586" classname="MmaTest/HopperSS" />
    <testcase name="SingleTile/Hopper_64_232_16_TN_32B_32B__half" value_param="(8-byte object &lt;10-00 E8-00 40-00 04-00&gt;, __half, 4-byte object &lt;02-00 00-00&gt;, 32B, 32B)" file="/opt/pytorch/nvfuser/tests/cpp/test_mma.cpp" line="667" status="run" result="completed" time="0.263" timestamp="2025-04-30T07:38:59.226" classname="MmaTest/HopperSS" />
    <testcase name="SingleTile/Hopper_64_232_16_NT_32B_64B__half" value_param="(8-byte object &lt;10-00 E8-00 40-00 04-00&gt;, __half, 4-byte object &lt;00-00 00-00&gt;, 32B, 64B)" file="/opt/pytorch/nvfuser/tests/cpp/test_mma.cpp" line="667" status="run" result="completed" time="0.338" timestamp="2025-04-30T07:38:59.490" classname="MmaTest/HopperSS" />
    <testcase name="SingleTile/Hopper_64_232_16_NN_32B_64B__half" value_param="(8-byte object &lt;10-00 E8-00 40-00 04-00&gt;, __half, 4-byte object &lt;03-00 00-00&gt;, 32B, 64B)" file="/opt/pytorch/nvfuser/tests/cpp/test_mma.cpp" line="667" status="run" result="completed" time="0.396" timestamp="2025-04-30T07:38:59.829" classname="MmaTest/HopperSS" />
    <testcase name="SingleTile/Hopper_64_232_16_TN_NoSwizzle_NoSwizzle__bfloat" value_param="(8-byte object &lt;10-00 E8-00 40-00 04-00&gt;, __bfloat, 4-byte object &lt;02-00 00-00&gt;, NoSwizzle, NoSwizzle)" file="/opt/pytorch/nvfuser/tests/cpp/test_mma.cpp" line="667" status="run" result="completed" time="0.204" timestamp="2025-04-30T07:39:00.225" classname="MmaTest/HopperSS" />
    <testcase name="SingleTile/Hopper_64_232_16_TN_128B_32B__bfloat" value_param="(8-byte object &lt;10-00 E8-00 40-00 04-00&gt;, __bfloat, 4-byte object &lt;02-00 00-00&gt;, 128B, 32B)" file="/opt/pytorch/nvfuser/tests/cpp/test_mma.cpp" line="667" status="run" result="completed" time="0.325" timestamp="2025-04-30T07:39:00.430" classname="MmaTest/HopperSS" />
    <testcase name="SingleTile/Hopper_64_232_16_NT_128B_32B__bfloat" value_param="(8-byte object &lt;10-00 E8-00 40-00 04-00&gt;, __bfloat, 4-byte object &lt;00-00 00-00&gt;, 128B, 32B)" file="/opt/pytorch/nvfuser/tests/cpp/test_mma.cpp" line="667" status="run" result="completed" time="0.285" timestamp="2025-04-30T07:39:00.755" classname="MmaTest/HopperSS" />
    <testcase name="SingleTile/Hopper_64_240_16_TT_NoSwizzle_NoSwizzle__half" value_param="(8-byte object &lt;10-00 F0-00 40-00 04-00&gt;, __half, 4-byte object &lt;01-00 00-00&gt;, NoSwizzle, NoSwizzle)" file="/opt/pytorch/nvfuser/tests/cpp/test_mma.cpp" line="667" status="run" result="completed" time="0.247" timestamp="2025-04-30T07:39:01.041" classname="MmaTest/HopperSS" />
    <testcase name="SingleTile/Hopper_64_240_16_TN_32B_64B__half" value_param="(8-byte object &lt;10-00 F0-00 40-00 04-00&gt;, __half, 4-byte object &lt;02-00 00-00&gt;, 32B, 64B)" file="/opt/pytorch/nvfuser/tests/cpp/test_mma.cpp" line="667" status="run" result="completed" time="0.383" timestamp="2025-04-30T07:39:01.288" classname="MmaTest/HopperSS" />
    <testcase name="SingleTile/Hopper_64_240_16_NT_64B_128B__half" value_param="(8-byte object &lt;10-00 F0-00 40-00 04-00&gt;, __half, 4-byte object &lt;00-00 00-00&gt;, 64B, 128B)" file="/opt/pytorch/nvfuser/tests/cpp/test_mma.cpp" line="667" status="run" result="completed" time="0.322" timestamp="2025-04-30T07:39:01.671" classname="MmaTest/HopperSS" />
    <testcase name="SingleTile/Hopper_64_240_16_TT_64B_32B__bfloat" value_param="(8-byte object &lt;10-00 F0-00 40-00 04-00&gt;, __bfloat, 4-byte object &lt;01-00 00-00&gt;, 64B, 32B)" file="/opt/pytorch/nvfuser/tests/cpp/test_mma.cpp" line="667" status="run" result="completed" time="0.312" timestamp="2025-04-30T07:39:01.994" classname="MmaTest/HopperSS" />
    <testcase name="SingleTile/Hopper_64_240_16_NT_32B_32B__bfloat" value_param="(8-byte object &lt;10-00 F0-00 40-00 04-00&gt;, __bfloat, 4-byte object &lt;00-00 00-00&gt;, 32B, 32B)" file="/opt/pytorch/nvfuser/tests/cpp/test_mma.cpp" line="667" status="run" result="completed" time="0.314" timestamp="2025-04-30T07:39:02.307" classname="MmaTest/HopperSS" />
    <testcase name="SingleTile/Hopper_64_240_16_NN_128B_128B__bfloat" value_param="(8-byte object &lt;10-00 F0-00 40-00 04-00&gt;, __bfloat, 4-byte object &lt;03-00 00-00&gt;, 128B, 128B)" file="/opt/pytorch/nvfuser/tests/cpp/test_mma.cpp" line="667" status="run" result="completed" time="0.585" timestamp="2025-04-30T07:39:02.621" classname="MmaTest/HopperSS" />
    <testcase name="SingleTile/Hopper_64_248_16_TT_NoSwizzle_NoSwizzle__half" value_param="(8-byte object &lt;10-00 F8-00 40-00 04-00&gt;, __half, 4-byte object &lt;01-00 00-00&gt;, NoSwizzle, NoSwizzle)" file="/opt/pytorch/nvfuser/tests/cpp/test_mma.cpp" line="667" status="run" result="completed" time="0.305" timestamp="2025-04-30T07:39:03.207" classname="MmaTest/HopperSS" />
    <testcase name="SingleTile/Hopper_64_248_16_TN_NoSwizzle_NoSwizzle__half" value_param="(8-byte object &lt;10-00 F8-00 40-00 04-00&gt;, __half, 4-byte object &lt;02-00 00-00&gt;, NoSwizzle, NoSwizzle)" file="/opt/pytorch/nvfuser/tests/cpp/test_mma.cpp" line="667" status="run" result="completed" time="0.212" timestamp="2025-04-30T07:39:03.513" classname="MmaTest/HopperSS" />
    <testcase name="SingleTile/Hopper_64_248_16_TN_64B_128B__half" value_param="(8-byte object &lt;10-00 F8-00 40-00 04-00&gt;, __half, 4-byte object &lt;02-00 00-00&gt;, 64B, 128B)" file="/opt/pytorch/nvfuser/tests/cpp/test_mma.cpp" line="667" status="run" result="completed" time="0.633" timestamp="2025-04-30T07:39:03.726" classname="MmaTest/HopperSS" />
    <testcase name="SingleTile/Hopper_64_248_16_NT_128B_64B__half" value_param="(8-byte object &lt;10-00 F8-00 40-00 04-00&gt;, __half, 4-byte object &lt;00-00 00-00&gt;, 128B, 64B)" file="/opt/pytorch/nvfuser/tests/cpp/test_mma.cpp" line="667" status="run" result="completed" time="0.313" timestamp="2025-04-30T07:39:04.359" classname="MmaTest/HopperSS" />
    <testcase name="SingleTile/Hopper_64_248_16_TT_128B_32B__bfloat" value_param="(8-byte object &lt;10-00 F8-00 40-00 04-00&gt;, __bfloat, 4-byte object &lt;01-00 00-00&gt;, 128B, 32B)" file="/opt/pytorch/nvfuser/tests/cpp/test_mma.cpp" line="667" status="run" result="completed" time="0.344" timestamp="2025-04-30T07:39:04.672" classname="MmaTest/HopperSS" />
    <testcase name="SingleTile/Hopper_64_248_16_NT_NoSwizzle_128B__bfloat" value_param="(8-byte object &lt;10-00 F8-00 40-00 04-00&gt;, __bfloat, 4-byte object &lt;00-00 00-00&gt;, NoSwizzle, 128B)" file="/opt/pytorch/nvfuser/tests/cpp/test_mma.cpp" line="667" status="run" result="completed" time="0.279" timestamp="2025-04-30T07:39:05.017" classname="MmaTest/HopperSS" />
    <testcase name="SingleTile/Hopper_64_248_16_NT_32B_32B__bfloat" value_param="(8-byte object &lt;10-00 F8-00 40-00 04-00&gt;, __bfloat, 4-byte object &lt;00-00 00-00&gt;, 32B, 32B)" file="/opt/pytorch/nvfuser/tests/cpp/test_mma.cpp" line="667" status="run" result="completed" time="0.319" timestamp="2025-04-30T07:39:05.296" classname="MmaTest/HopperSS" />
    <testcase name="SingleTile/Hopper_64_256_16_TT_NoSwizzle_NoSwizzle__half" value_param="(8-byte object &lt;10-00 00-01 40-00 04-00&gt;, __half, 4-byte object &lt;01-00 00-00&gt;, NoSwizzle, NoSwizzle)" file="/opt/pytorch/nvfuser/tests/cpp/test_mma.cpp" line="667" status="run" result="completed" time="0.255" timestamp="2025-04-30T07:39:05.616" classname="MmaTest/HopperSS" />
    <testcase name="SingleTile/Hopper_64_256_16_NN_128B_128B__half" value_param="(8-byte object &lt;10-00 00-01 40-00 04-00&gt;, __half, 4-byte object &lt;03-00 00-00&gt;, 128B, 128B)" file="/opt/pytorch/nvfuser/tests/cpp/test_mma.cpp" line="667" status="run" result="completed" time="0.625" timestamp="2025-04-30T07:39:05.872" classname="MmaTest/HopperSS" />
    <testcase name="SingleTile/Hopper_64_256_16_TT_128B_32B__bfloat" value_param="(8-byte object &lt;10-00 00-01 40-00 04-00&gt;, __bfloat, 4-byte object &lt;01-00 00-00&gt;, 128B, 32B)" file="/opt/pytorch/nvfuser/tests/cpp/test_mma.cpp" line="667" status="run" result="completed" time="0.345" timestamp="2025-04-30T07:39:06.497" classname="MmaTest/HopperSS" />
    <testcase name="SingleTile/Hopper_64_256_16_TN_NoSwizzle_32B__bfloat" value_param="(8-byte object &lt;10-00 00-01 40-00 04-00&gt;, __bfloat, 4-byte object &lt;02-00 00-00&gt;, NoSwizzle, 32B)" file="/opt/pytorch/nvfuser/tests/cpp/test_mma.cpp" line="667" status="run" result="completed" time="0.259" timestamp="2025-04-30T07:39:06.843" classname="MmaTest/HopperSS" />
    <testcase name="SingleTile/Hopper_64_256_16_NN_NoSwizzle_128B__bfloat" value_param="(8-byte object &lt;10-00 00-01 40-00 04-00&gt;, __bfloat, 4-byte object &lt;03-00 00-00&gt;, NoSwizzle, 128B)" file="/opt/pytorch/nvfuser/tests/cpp/test_mma.cpp" line="667" status="run" result="completed" time="0.599" timestamp="2025-04-30T07:39:07.103" classname="MmaTest/HopperSS" />
    <testcase name="SingleTileTransposed/Hopper_64_8_16_TT_NoSwizzle_NoSwizzle__half" value_param="(8-byte object &lt;10-00 08-00 40-00 04-00&gt;, __half, 4-byte object &lt;01-00 00-00&gt;, NoSwizzle, NoSwizzle)" file="/opt/pytorch/nvfuser/tests/cpp/test_mma.cpp" line="786" status="run" result="completed" time="0.11" timestamp="2025-04-30T07:39:07.703" classname="MmaTest/HopperSS" />
    <testcase name="SingleTileTransposed/Hopper_64_8_16_TT_NoSwizzle_32B__half" value_param="(8-byte object &lt;10-00 08-00 40-00 04-00&gt;, __half, 4-byte object &lt;01-00 00-00&gt;, NoSwizzle, 32B)" file="/opt/pytorch/nvfuser/tests/cpp/test_mma.cpp" line="786" status="run" result="completed" time="0.143" timestamp="2025-04-30T07:39:07.813" classname="MmaTest/HopperSS" />
    <testcase name="SingleTileTransposed/Hopper_64_8_16_TT_32B_NoSwizzle__half" value_param="(8-byte object &lt;10-00 08-00 40-00 04-00&gt;, __half, 4-byte object &lt;01-00 00-00&gt;, 32B, NoSwizzle)" file="/opt/pytorch/nvfuser/tests/cpp/test_mma.cpp" line="786" status="run" result="completed" time="0.129" timestamp="2025-04-30T07:39:07.956" classname="MmaTest/HopperSS" />
    <testcase name="SingleTileTransposed/Hopper_64_8_16_NT_32B_NoSwizzle__half" value_param="(8-byte object &lt;10-00 08-00 40-00 04-00&gt;, __half, 4-byte object &lt;00-00 00-00&gt;, 32B, NoSwizzle)" file="/opt/pytorch/nvfuser/tests/cpp/test_mma.cpp" line="786" status="run" result="completed" time="0.155" timestamp="2025-04-30T07:39:08.086" classname="MmaTest/HopperSS" />
    <testcase name="SingleTileTransposed/Hopper_64_8_16_NN_64B_64B__half" value_param="(8-byte object &lt;10-00 08-00 40-00 04-00&gt;, __half, 4-byte object &lt;03-00 00-00&gt;, 64B, 64B)" file="/opt/pytorch/nvfuser/tests/cpp/test_mma.cpp" line="786" status="run" result="completed" time="0.186" timestamp="2025-04-30T07:39:08.241" classname="MmaTest/HopperSS" />
    <testcase name="SingleTileTransposed/Hopper_64_8_16_TN_128B_32B__bfloat" value_param="(8-byte object &lt;10-00 08-00 40-00 04-00&gt;, __bfloat, 4-byte object &lt;02-00 00-00&gt;, 128B, 32B)" file="/opt/pytorch/nvfuser/tests/cpp/test_mma.cpp" line="786" status="run" result="completed" time="0.19" timestamp="2025-04-30T07:39:08.427" classname="MmaTest/HopperSS" />
    <testcase name="SingleTileTransposed/Hopper_64_8_16_NT_64B_NoSwizzle__bfloat" value_param="(8-byte object &lt;10-00 08-00 40-00 04-00&gt;, __bfloat, 4-byte object &lt;00-00 00-00&gt;, 64B, NoSwizzle)" file="/opt/pytorch/nvfuser/tests/cpp/test_mma.cpp" line="786" status="run" result="completed" time="0.154" timestamp="2025-04-30T07:39:08.618" classname="MmaTest/HopperSS" />
    <testcase name="SingleTileTransposed/Hopper_64_16_16_TT_NoSwizzle_NoSwizzle__half" value_param="(8-byte object &lt;10-00 10-00 40-00 04-00&gt;, __half, 4-byte object &lt;01-00 00-00&gt;, NoSwizzle, NoSwizzle)" file="/opt/pytorch/nvfuser/tests/cpp/test_mma.cpp" line="786" status="run" result="completed" time="0.123" timestamp="2025-04-30T07:39:08.772" classname="MmaTest/HopperSS" />
    <testcase name="SingleTileTransposed/Hopper_64_16_16_NN_128B_64B__half" value_param="(8-byte object &lt;10-00 10-00 40-00 04-00&gt;, __half, 4-byte object &lt;03-00 00-00&gt;, 128B, 64B)" file="/opt/pytorch/nvfuser/tests/cpp/test_mma.cpp" line="786" status="run" result="completed" time="0.163" timestamp="2025-04-30T07:39:08.896" classname="MmaTest/HopperSS" />
    <testcase name="SingleTileTransposed/Hopper_64_16_16_NT_32B_64B__bfloat" value_param="(8-byte object &lt;10-00 10-00 40-00 04-00&gt;, __bfloat, 4-byte object &lt;00-00 00-00&gt;, 32B, 64B)" file="/opt/pytorch/nvfuser/tests/cpp/test_mma.cpp" line="786" status="run" result="completed" time="0.195" timestamp="2025-04-30T07:39:09.060" classname="MmaTest/HopperSS" />
    <testcase name="SingleTileTransposed/Hopper_64_24_16_TT_NoSwizzle_NoSwizzle__half" value_param="(8-byte object &lt;10-00 18-00 40-00 04-00&gt;, __half, 4-byte object &lt;01-00 00-00&gt;, NoSwizzle, NoSwizzle)" file="/opt/pytorch/nvfuser/tests/cpp/test_mma.cpp" line="786" status="run" result="completed" time="0.133" timestamp="2025-04-30T07:39:09.255" classname="MmaTest/HopperSS" />
    <testcase name="SingleTileTransposed/Hopper_64_24_16_NT_32B_64B__half" value_param="(8-byte object &lt;10-00 18-00 40-00 04-00&gt;, __half, 4-byte object &lt;00-00 00-00&gt;, 32B, 64B)" file="/opt/pytorch/nvfuser/tests/cpp/test_mma.cpp" line="786" status="run" result="completed" time="0.197" timestamp="2025-04-30T07:39:09.388" classname="MmaTest/HopperSS" />
    <testcase name="SingleTileTransposed/Hopper_64_24_16_TT_64B_NoSwizzle__bfloat" value_param="(8-byte object &lt;10-00 18-00 40-00 04-00&gt;, __bfloat, 4-byte object &lt;01-00 00-00&gt;, 64B, NoSwizzle)" file="/opt/pytorch/nvfuser/tests/cpp/test_mma.cpp" line="786" status="run" result="completed" time="0.175" timestamp="2025-04-30T07:39:09.585" classname="MmaTest/HopperSS" />
    <testcase name="SingleTileTransposed/Hopper_64_24_16_TT_32B_64B__bfloat" value_param="(8-byte object &lt;10-00 18-00 40-00 04-00&gt;, __bfloat, 4-byte object &lt;01-00 00-00&gt;, 32B, 64B)" file="/opt/pytorch/nvfuser/tests/cpp/test_mma.cpp" line="786" status="run" result="completed" time="0.171" timestamp="2025-04-30T07:39:09.760" classname="MmaTest/HopperSS" />
    <testcase name="SingleTileTransposed/Hopper_64_24_16_TN_128B_64B__bfloat" value_param="(8-byte object &lt;10-00 18-00 40-00 04-00&gt;, __bfloat, 4-byte object &lt;02-00 00-00&gt;, 128B, 64B)" file="/opt/pytorch/nvfuser/tests/cpp/test_mma.cpp" line="786" status="run" result="completed" time="0.222" timestamp="2025-04-30T07:39:09.932" classname="MmaTest/HopperSS" />
    <testcase name="SingleTileTransposed/Hopper_64_24_16_NT_64B_NoSwizzle__bfloat" value_param="(8-byte object &lt;10-00 18-00 40-00 04-00&gt;, __bfloat, 4-byte object &lt;00-00 00-00&gt;, 64B, NoSwizzle)" file="/opt/pytorch/nvfuser/tests/cpp/test_mma.cpp" line="786" status="run" result="completed" time="0.178" timestamp="2025-04-30T07:39:10.155" classname="MmaTest/HopperSS" />
    <testcase name="SingleTileTransposed/Hopper_64_24_16_NN_64B_128B__bfloat" value_param="(8-byte object &lt;10-00 18-00 40-00 04-00&gt;, __bfloat, 4-byte object &lt;03-00 00-00&gt;, 64B, 128B)" file="/opt/pytorch/nvfuser/tests/cpp/test_mma.cpp" line="786" status="run" result="completed" time="0.202" timestamp="2025-04-30T07:39:10.333" classname="MmaTest/HopperSS" />
    <testcase name="SingleTileTransposed/Hopper_64_32_16_TT_128B_128B__half" value_param="(8-byte object &lt;10-00 20-00 40-00 04-00&gt;, __half, 4-byte object &lt;01-00 00-00&gt;, 128B, 128B)" file="/opt/pytorch/nvfuser/tests/cpp/test_mma.cpp" line="786" status="run" result="completed" time="0.214" timestamp="2025-04-30T07:39:10.535" classname="MmaTest/HopperSS" />
    <testcase name="SingleTileTransposed/Hopper_64_32_16_TT_32B_128B__half" value_param="(8-byte object &lt;10-00 20-00 40-00 04-00&gt;, __half, 4-byte object &lt;01-00 00-00&gt;, 32B, 128B)" file="/opt/pytorch/nvfuser/tests/cpp/test_mma.cpp" line="786" status="run" result="completed" time="0.17" timestamp="2025-04-30T07:39:10.750" classname="MmaTest/HopperSS" />
    <testcase name="SingleTileTransposed/Hopper_64_32_16_TN_128B_32B__half" value_param="(8-byte object &lt;10-00 20-00 40-00 04-00&gt;, __half, 4-byte object &lt;02-00 00-00&gt;, 128B, 32B)" file="/opt/pytorch/nvfuser/tests/cpp/test_mma.cpp" line="786" status="run" result="completed" time="0.221" timestamp="2025-04-30T07:39:10.920" classname="MmaTest/HopperSS" />
    <testcase name="SingleTileTransposed/Hopper_64_32_16_NN_128B_128B__half" value_param="(8-byte object &lt;10-00 20-00 40-00 04-00&gt;, __half, 4-byte object &lt;03-00 00-00&gt;, 128B, 128B)" file="/opt/pytorch/nvfuser/tests/cpp/test_mma.cpp" line="786" status="run" result="completed" time="0.178" timestamp="2025-04-30T07:39:11.141" classname="MmaTest/HopperSS" />
    <testcase name="SingleTileTransposed/Hopper_64_32_16_TN_128B_64B__bfloat" value_param="(8-byte object &lt;10-00 20-00 40-00 04-00&gt;, __bfloat, 4-byte object &lt;02-00 00-00&gt;, 128B, 64B)" file="/opt/pytorch/nvfuser/tests/cpp/test_mma.cpp" line="786" status="run" result="completed" time="0.227" timestamp="2025-04-30T07:39:11.319" classname="MmaTest/HopperSS" />
    <testcase name="SingleTileTransposed/Hopper_64_32_16_NT_32B_128B__bfloat" value_param="(8-byte object &lt;10-00 20-00 40-00 04-00&gt;, __bfloat, 4-byte object &lt;00-00 00-00&gt;, 32B, 128B)" file="/opt/pytorch/nvfuser/tests/cpp/test_mma.cpp" line="786" status="run" result="completed" time="0.197" timestamp="2025-04-30T07:39:11.547" classname="MmaTest/HopperSS" />
    <testcase name="SingleTileTransposed/Hopper_64_40_16_TT_NoSwizzle_NoSwizzle__half" value_param="(8-byte object &lt;10-00 28-00 40-00 04-00&gt;, __half, 4-byte object &lt;01-00 00-00&gt;, NoSwizzle, NoSwizzle)" file="/opt/pytorch/nvfuser/tests/cpp/test_mma.cpp" line="786" status="run" result="completed" time="0.142" timestamp="2025-04-30T07:39:11.745" classname="MmaTest/HopperSS" />
    <testcase name="SingleTileTransposed/Hopper_64_40_16_TT_64B_NoSwizzle__half" value_param="(8-byte object &lt;10-00 28-00 40-00 04-00&gt;, __half, 4-byte object &lt;01-00 00-00&gt;, 64B, NoSwizzle)" file="/opt/pytorch/nvfuser/tests/cpp/test_mma.cpp" line="786" status="run" result="completed" time="0.183" timestamp="2025-04-30T07:39:11.887" classname="MmaTest/HopperSS" />
    <testcase name="SingleTileTransposed/Hopper_64_40_16_NT_64B_128B__half" value_param="(8-byte object &lt;10-00 28-00 40-00 04-00&gt;, __half, 4-byte object &lt;00-00 00-00&gt;, 64B, 128B)" file="/opt/pytorch/nvfuser/tests/cpp/test_mma.cpp" line="786" status="run" result="completed" time="0.196" timestamp="2025-04-30T07:39:12.071" classname="MmaTest/HopperSS" />
    <testcase name="SingleTileTransposed/Hopper_64_40_16_TT_64B_32B__bfloat" value_param="(8-byte object &lt;10-00 28-00 40-00 04-00&gt;, __bfloat, 4-byte object &lt;01-00 00-00&gt;, 64B, 32B)" file="/opt/pytorch/nvfuser/tests/cpp/test_mma.cpp" line="786" status="run" result="completed" time="0.221" timestamp="2025-04-30T07:39:12.268" classname="MmaTest/HopperSS" />
    <testcase name="SingleTileTransposed/Hopper_64_40_16_TN_32B_32B__bfloat" value_param="(8-byte object &lt;10-00 28-00 40-00 04-00&gt;, __bfloat, 4-byte object &lt;02-00 00-00&gt;, 32B, 32B)" file="/opt/pytorch/nvfuser/tests/cpp/test_mma.cpp" line="786" status="run" result="completed" time="0.17" timestamp="2025-04-30T07:39:12.489" classname="MmaTest/HopperSS" />
    <testcase name="SingleTileTransposed/Hopper_64_40_16_NN_128B_NoSwizzle__bfloat" value_param="(8-byte object &lt;10-00 28-00 40-00 04-00&gt;, __bfloat, 4-byte object &lt;03-00 00-00&gt;, 128B, NoSwizzle)" file="/opt/pytorch/nvfuser/tests/cpp/test_mma.cpp" line="786" status="run" result="completed" time="0.147" timestamp="2025-04-30T07:39:12.660" classname="MmaTest/HopperSS" />
    <testcase name="SingleTileTransposed/Hopper_64_48_16_TN_32B_NoSwizzle__half" value_param="(8-byte object &lt;10-00 30-00 40-00 04-00&gt;, __half, 4-byte object &lt;02-00 00-00&gt;, 32B, NoSwizzle)" file="/opt/pytorch/nvfuser/tests/cpp/test_mma.cpp" line="786" status="run" result="completed" time="0.155" timestamp="2025-04-30T07:39:12.807" classname="MmaTest/HopperSS" />
    <testcase name="SingleTileTransposed/Hopper_64_48_16_NN_NoSwizzle_32B__half" value_param="(8-byte object &lt;10-00 30-00 40-00 04-00&gt;, __half, 4-byte object &lt;03-00 00-00&gt;, NoSwizzle, 32B)" file="/opt/pytorch/nvfuser/tests/cpp/test_mma.cpp" line="786" status="run" result="completed" time="0.163" timestamp="2025-04-30T07:39:12.963" classname="MmaTest/HopperSS" />
    <testcase name="SingleTileTransposed/Hopper_64_48_16_TT_NoSwizzle_128B__bfloat" value_param="(8-byte object &lt;10-00 30-00 40-00 04-00&gt;, __bfloat, 4-byte object &lt;01-00 00-00&gt;, NoSwizzle, 128B)" file="/opt/pytorch/nvfuser/tests/cpp/test_mma.cpp" line="786" status="run" result="completed" time="0.151" timestamp="2025-04-30T07:39:13.127" classname="MmaTest/HopperSS" />
    <testcase name="SingleTileTransposed/Hopper_64_48_16_TN_NoSwizzle_NoSwizzle__bfloat" value_param="(8-byte object &lt;10-00 30-00 40-00 04-00&gt;, __bfloat, 4-byte object &lt;02-00 00-00&gt;, NoSwizzle, NoSwizzle)" file="/opt/pytorch/nvfuser/tests/cpp/test_mma.cpp" line="786" status="run" result="completed" time="0.131" timestamp="2025-04-30T07:39:13.279" classname="MmaTest/HopperSS" />
    <testcase name="SingleTileTransposed/Hopper_64_48_16_NT_64B_64B__bfloat" value_param="(8-byte object &lt;10-00 30-00 40-00 04-00&gt;, __bfloat, 4-byte object &lt;00-00 00-00&gt;, 64B, 64B)" file="/opt/pytorch/nvfuser/tests/cpp/test_mma.cpp" line="786" status="run" result="completed" time="0.222" timestamp="2025-04-30T07:39:13.410" classname="MmaTest/HopperSS" />
    <testcase name="SingleTileTransposed/Hopper_64_48_16_NN_64B_NoSwizzle__bfloat" value_param="(8-byte object &lt;10-00 30-00 40-00 04-00&gt;, __bfloat, 4-byte object &lt;03-00 00-00&gt;, 64B, NoSwizzle)" file="/opt/pytorch/nvfuser/tests/cpp/test_mma.cpp" line="786" status="run" result="completed" time="0.18" timestamp="2025-04-30T07:39:13.633" classname="MmaTest/HopperSS" />
    <testcase name="SingleTileTransposed/Hopper_64_56_16_NT_64B_64B__half" value_param="(8-byte object &lt;10-00 38-00 40-00 04-00&gt;, __half, 4-byte object &lt;00-00 00-00&gt;, 64B, 64B)" file="/opt/pytorch/nvfuser/tests/cpp/test_mma.cpp" line="786" status="run" result="completed" time="0.223" timestamp="2025-04-30T07:39:13.814" classname="MmaTest/HopperSS" />
    <testcase name="SingleTileTransposed/Hopper_64_56_16_TT_128B_64B__bfloat" value_param="(8-byte object &lt;10-00 38-00 40-00 04-00&gt;, __bfloat, 4-byte object &lt;01-00 00-00&gt;, 128B, 64B)" file="/opt/pytorch/nvfuser/tests/cpp/test_mma.cpp" line="786" status="run" result="completed" time="0.253" timestamp="2025-04-30T07:39:14.037" classname="MmaTest/HopperSS" />
    <testcase name="SingleTileTransposed/Hopper_64_64_16_TT_NoSwizzle_NoSwizzle__half" value_param="(8-byte object &lt;10-00 40-00 40-00 04-00&gt;, __half, 4-byte object &lt;01-00 00-00&gt;, NoSwizzle, NoSwizzle)" file="/opt/pytorch/nvfuser/tests/cpp/test_mma.cpp" line="786" status="run" result="completed" time="0.144" timestamp="2025-04-30T07:39:14.291" classname="MmaTest/HopperSS" />
    <testcase name="SingleTileTransposed/Hopper_64_64_16_TN_32B_32B__half" value_param="(8-byte object &lt;10-00 40-00 40-00 04-00&gt;, __half, 4-byte object &lt;02-00 00-00&gt;, 32B, 32B)" file="/opt/pytorch/nvfuser/tests/cpp/test_mma.cpp" line="786" status="run" result="completed" time="0.178" timestamp="2025-04-30T07:39:14.435" classname="MmaTest/HopperSS" />
    <testcase name="SingleTileTransposed/Hopper_64_64_16_TT_128B_128B__bfloat" value_param="(8-byte object &lt;10-00 40-00 40-00 04-00&gt;, __bfloat, 4-byte object &lt;01-00 00-00&gt;, 128B, 128B)" file="/opt/pytorch/nvfuser/tests/cpp/test_mma.cpp" line="786" status="run" result="completed" time="0.222" timestamp="2025-04-30T07:39:14.614" classname="MmaTest/HopperSS" />
    <testcase name="SingleTileTransposed/Hopper_64_64_16_NN_32B_64B__bfloat" value_param="(8-byte object &lt;10-00 40-00 40-00 04-00&gt;, __bfloat, 4-byte object &lt;03-00 00-00&gt;, 32B, 64B)" file="/opt/pytorch/nvfuser/tests/cpp/test_mma.cpp" line="786" status="run" result="completed" time="0.231" timestamp="2025-04-30T07:39:14.837" classname="MmaTest/HopperSS" />
    <testcase name="SingleTileTransposed/Hopper_64_72_16_TT_128B_128B__half" value_param="(8-byte object &lt;10-00 48-00 40-00 04-00&gt;, __half, 4-byte object &lt;01-00 00-00&gt;, 128B, 128B)" file="/opt/pytorch/nvfuser/tests/cpp/test_mma.cpp" line="786" status="run" result="completed" time="0.251" timestamp="2025-04-30T07:39:15.068" classname="MmaTest/HopperSS" />
    <testcase name="SingleTileTransposed/Hopper_64_72_16_NT_64B_NoSwizzle__half" value_param="(8-byte object &lt;10-00 48-00 40-00 04-00&gt;, __half, 4-byte object &lt;00-00 00-00&gt;, 64B, NoSwizzle)" file="/opt/pytorch/nvfuser/tests/cpp/test_mma.cpp" line="786" status="run" result="completed" time="0.205" timestamp="2025-04-30T07:39:15.320" classname="MmaTest/HopperSS" />
    <testcase name="SingleTileTransposed/Hopper_64_72_16_NN_128B_128B__half" value_param="(8-byte object &lt;10-00 48-00 40-00 04-00&gt;, __half, 4-byte object &lt;03-00 00-00&gt;, 128B, 128B)" file="/opt/pytorch/nvfuser/tests/cpp/test_mma.cpp" line="786" status="run" result="completed" time="0.24" timestamp="2025-04-30T07:39:15.525" classname="MmaTest/HopperSS" />
    <testcase name="SingleTileTransposed/Hopper_64_72_16_NN_32B_64B__half" value_param="(8-byte object &lt;10-00 48-00 40-00 04-00&gt;, __half, 4-byte object &lt;03-00 00-00&gt;, 32B, 64B)" file="/opt/pytorch/nvfuser/tests/cpp/test_mma.cpp" line="786" status="run" result="completed" time="0.238" timestamp="2025-04-30T07:39:15.766" classname="MmaTest/HopperSS" />
    <testcase name="SingleTileTransposed/Hopper_64_72_16_NT_128B_64B__bfloat" value_param="(8-byte object &lt;10-00 48-00 40-00 04-00&gt;, __bfloat, 4-byte object &lt;00-00 00-00&gt;, 128B, 64B)" file="/opt/pytorch/nvfuser/tests/cpp/test_mma.cpp" line="786" status="run" result="completed" time="0.212" timestamp="2025-04-30T07:39:16.005" classname="MmaTest/HopperSS" />
    <testcase name="SingleTileTransposed/Hopper_64_72_16_NN_NoSwizzle_128B__bfloat" value_param="(8-byte object &lt;10-00 48-00 40-00 04-00&gt;, __bfloat, 4-byte object &lt;03-00 00-00&gt;, NoSwizzle, 128B)" file="/opt/pytorch/nvfuser/tests/cpp/test_mma.cpp" line="786" status="run" result="completed" time="0.228" timestamp="2025-04-30T07:39:16.217" classname="MmaTest/HopperSS" />
    <testcase name="SingleTileTransposed/Hopper_64_80_16_TT_64B_NoSwizzle__half" value_param="(8-byte object &lt;10-00 50-00 40-00 04-00&gt;, __half, 4-byte object &lt;01-00 00-00&gt;, 64B, NoSwizzle)" file="/opt/pytorch/nvfuser/tests/cpp/test_mma.cpp" line="786" status="run" result="completed" time="0.195" timestamp="2025-04-30T07:39:16.445" classname="MmaTest/HopperSS" />
    <testcase name="SingleTileTransposed/Hopper_64_80_16_NN_32B_128B__half" value_param="(8-byte object &lt;10-00 50-00 40-00 04-00&gt;, __half, 4-byte object &lt;03-00 00-00&gt;, 32B, 128B)" file="/opt/pytorch/nvfuser/tests/cpp/test_mma.cpp" line="786" status="run" result="completed" time="0.283" timestamp="2025-04-30T07:39:16.641" classname="MmaTest/HopperSS" />
    <testcase name="SingleTileTransposed/Hopper_64_80_16_TN_NoSwizzle_64B__bfloat" value_param="(8-byte object &lt;10-00 50-00 40-00 04-00&gt;, __bfloat, 4-byte object &lt;02-00 00-00&gt;, NoSwizzle, 64B)" file="/opt/pytorch/nvfuser/tests/cpp/test_mma.cpp" line="786" status="run" result="completed" time="0.194" timestamp="2025-04-30T07:39:16.924" classname="MmaTest/HopperSS" />
    <testcase name="SingleTileTransposed/Hopper_64_80_16_NN_NoSwizzle_NoSwizzle__bfloat" value_param="(8-byte object &lt;10-00 50-00 40-00 04-00&gt;, __bfloat, 4-byte object &lt;03-00 00-00&gt;, NoSwizzle, NoSwizzle)" file="/opt/pytorch/nvfuser/tests/cpp/test_mma.cpp" line="786" status="run" result="completed" time="0.15" timestamp="2025-04-30T07:39:17.118" classname="MmaTest/HopperSS" />
    <testcase name="SingleTileTransposed/Hopper_64_80_16_NN_128B_32B__bfloat" value_param="(8-byte object &lt;10-00 50-00 40-00 04-00&gt;, __bfloat, 4-byte object &lt;03-00 00-00&gt;, 128B, 32B)" file="/opt/pytorch/nvfuser/tests/cpp/test_mma.cpp" line="786" status="run" result="completed" time="0.182" timestamp="2025-04-30T07:39:17.269" classname="MmaTest/HopperSS" />
    <testcase name="SingleTileTransposed/Hopper_64_80_16_NN_32B_32B__bfloat" value_param="(8-byte object &lt;10-00 50-00 40-00 04-00&gt;, __bfloat, 4-byte object &lt;03-00 00-00&gt;, 32B, 32B)" file="/opt/pytorch/nvfuser/tests/cpp/test_mma.cpp" line="786" status="run" result="completed" time="0.211" timestamp="2025-04-30T07:39:17.452" classname="MmaTest/HopperSS" />
    <testcase name="SingleTileTransposed/Hopper_64_88_16_TT_32B_64B__half" value_param="(8-byte object &lt;10-00 58-00 40-00 04-00&gt;, __half, 4-byte object &lt;01-00 00-00&gt;, 32B, 64B)" file="/opt/pytorch/nvfuser/tests/cpp/test_mma.cpp" line="786" status="run" result="completed" time="0.221" timestamp="2025-04-30T07:39:17.663" classname="MmaTest/HopperSS" />
    <testcase name="SingleTileTransposed/Hopper_64_88_16_TN_32B_128B__half" value_param="(8-byte object &lt;10-00 58-00 40-00 04-00&gt;, __half, 4-byte object &lt;02-00 00-00&gt;, 32B, 128B)" file="/opt/pytorch/nvfuser/tests/cpp/test_mma.cpp" line="786" status="run" result="completed" time="0.273" timestamp="2025-04-30T07:39:17.884" classname="MmaTest/HopperSS" />
    <testcase name="SingleTileTransposed/Hopper_64_88_16_TT_NoSwizzle_128B__bfloat" value_param="(8-byte object &lt;10-00 58-00 40-00 04-00&gt;, __bfloat, 4-byte object &lt;01-00 00-00&gt;, NoSwizzle, 128B)" file="/opt/pytorch/nvfuser/tests/cpp/test_mma.cpp" line="786" status="run" result="completed" time="0.19" timestamp="2025-04-30T07:39:18.158" classname="MmaTest/HopperSS" />
    <testcase name="SingleTileTransposed/Hopper_64_88_16_NT_NoSwizzle_NoSwizzle__bfloat" value_param="(8-byte object &lt;10-00 58-00 40-00 04-00&gt;, __bfloat, 4-byte object &lt;00-00 00-00&gt;, NoSwizzle, NoSwizzle)" file="/opt/pytorch/nvfuser/tests/cpp/test_mma.cpp" line="786" status="run" result="completed" time="0.174" timestamp="2025-04-30T07:39:18.349" classname="MmaTest/HopperSS" />
    <testcase name="SingleTileTransposed/Hopper_64_88_16_NT_64B_32B__bfloat" value_param="(8-byte object &lt;10-00 58-00 40-00 04-00&gt;, __bfloat, 4-byte object &lt;00-00 00-00&gt;, 64B, 32B)" file="/opt/pytorch/nvfuser/tests/cpp/test_mma.cpp" line="786" status="run" result="completed" time="0.243" timestamp="2025-04-30T07:39:18.523" classname="MmaTest/HopperSS" />
    <testcase name="SingleTileTransposed/Hopper_64_88_16_NN_32B_64B__bfloat" value_param="(8-byte object &lt;10-00 58-00 40-00 04-00&gt;, __bfloat, 4-byte object &lt;03-00 00-00&gt;, 32B, 64B)" file="/opt/pytorch/nvfuser/tests/cpp/test_mma.cpp" line="786" status="run" result="completed" time="0.252" timestamp="2025-04-30T07:39:18.766" classname="MmaTest/HopperSS" />
    <testcase name="SingleTileTransposed/Hopper_64_96_16_TN_NoSwizzle_NoSwizzle__half" value_param="(8-byte object &lt;10-00 60-00 40-00 04-00&gt;, __half, 4-byte object &lt;02-00 00-00&gt;, NoSwizzle, NoSwizzle)" file="/opt/pytorch/nvfuser/tests/cpp/test_mma.cpp" line="786" status="run" result="completed" time="0.146" timestamp="2025-04-30T07:39:19.018" classname="MmaTest/HopperSS" />
    <testcase name="SingleTileTransposed/Hopper_64_96_16_NT_128B_64B__half" value_param="(8-byte object &lt;10-00 60-00 40-00 04-00&gt;, __half, 4-byte object &lt;00-00 00-00&gt;, 128B, 64B)" file="/opt/pytorch/nvfuser/tests/cpp/test_mma.cpp" line="786" status="run" result="completed" time="0.218" timestamp="2025-04-30T07:39:19.165" classname="MmaTest/HopperSS" />
    <testcase name="SingleTileTransposed/Hopper_64_96_16_NN_128B_128B__half" value_param="(8-byte object &lt;10-00 60-00 40-00 04-00&gt;, __half, 4-byte object &lt;03-00 00-00&gt;, 128B, 128B)" file="/opt/pytorch/nvfuser/tests/cpp/test_mma.cpp" line="786" status="run" result="completed" time="0.276" timestamp="2025-04-30T07:39:19.383" classname="MmaTest/HopperSS" />
    <testcase name="SingleTileTransposed/Hopper_64_96_16_TT_NoSwizzle_32B__bfloat" value_param="(8-byte object &lt;10-00 60-00 40-00 04-00&gt;, __bfloat, 4-byte object &lt;01-00 00-00&gt;, NoSwizzle, 32B)" file="/opt/pytorch/nvfuser/tests/cpp/test_mma.cpp" line="786" status="run" result="completed" time="0.198" timestamp="2025-04-30T07:39:19.659" classname="MmaTest/HopperSS" />
    <testcase name="SingleTileTransposed/Hopper_64_96_16_TN_NoSwizzle_64B__bfloat" value_param="(8-byte object &lt;10-00 60-00 40-00 04-00&gt;, __bfloat, 4-byte object &lt;02-00 00-00&gt;, NoSwizzle, 64B)" file="/opt/pytorch/nvfuser/tests/cpp/test_mma.cpp" line="786" status="run" result="completed" time="0.207" timestamp="2025-04-30T07:39:19.858" classname="MmaTest/HopperSS" />
    <testcase name="SingleTileTransposed/Hopper_64_96_16_NN_64B_64B__bfloat" value_param="(8-byte object &lt;10-00 60-00 40-00 04-00&gt;, __bfloat, 4-byte object &lt;03-00 00-00&gt;, 64B, 64B)" file="/opt/pytorch/nvfuser/tests/cpp/test_mma.cpp" line="786" status="run" result="completed" time="0.255" timestamp="2025-04-30T07:39:20.065" classname="MmaTest/HopperSS" />
    <testcase name="SingleTileTransposed/Hopper_64_104_16_TT_128B_32B__half" value_param="(8-byte object &lt;10-00 68-00 40-00 04-00&gt;, __half, 4-byte object &lt;01-00 00-00&gt;, 128B, 32B)" file="/opt/pytorch/nvfuser/tests/cpp/test_mma.cpp" line="786" status="run" result="completed" time="0.274" timestamp="2025-04-30T07:39:20.320" classname="MmaTest/HopperSS" />
    <testcase name="SingleTileTransposed/Hopper_64_104_16_TT_32B_32B__half" value_param="(8-byte object &lt;10-00 68-00 40-00 04-00&gt;, __half, 4-byte object &lt;01-00 00-00&gt;, 32B, 32B)" file="/opt/pytorch/nvfuser/tests/cpp/test_mma.cpp" line="786" status="run" result="completed" time="0.229" timestamp="2025-04-30T07:39:20.595" classname="MmaTest/HopperSS" />
    <testcase name="SingleTileTransposed/Hopper_64_104_16_NT_128B_64B__half" value_param="(8-byte object &lt;10-00 68-00 40-00 04-00&gt;, __half, 4-byte object &lt;00-00 00-00&gt;, 128B, 64B)" file="/opt/pytorch/nvfuser/tests/cpp/test_mma.cpp" line="786" status="run" result="completed" time="0.232" timestamp="2025-04-30T07:39:20.825" classname="MmaTest/HopperSS" />
    <testcase name="SingleTileTransposed/Hopper_64_104_16_NN_32B_32B__half" value_param="(8-byte object &lt;10-00 68-00 40-00 04-00&gt;, __half, 4-byte object &lt;03-00 00-00&gt;, 32B, 32B)" file="/opt/pytorch/nvfuser/tests/cpp/test_mma.cpp" line="786" status="run" result="completed" time="0.235" timestamp="2025-04-30T07:39:21.057" classname="MmaTest/HopperSS" />
    <testcase name="SingleTileTransposed/Hopper_64_104_16_NT_NoSwizzle_32B__bfloat" value_param="(8-byte object &lt;10-00 68-00 40-00 04-00&gt;, __bfloat, 4-byte object &lt;00-00 00-00&gt;, NoSwizzle, 32B)" file="/opt/pytorch/nvfuser/tests/cpp/test_mma.cpp" line="786" status="run" result="completed" time="0.211" timestamp="2025-04-30T07:39:21.293" classname="MmaTest/HopperSS" />
    <testcase name="SingleTileTransposed/Hopper_64_104_16_NT_64B_NoSwizzle__bfloat" value_param="(8-byte object &lt;10-00 68-00 40-00 04-00&gt;, __bfloat, 4-byte object &lt;00-00 00-00&gt;, 64B, NoSwizzle)" file="/opt/pytorch/nvfuser/tests/cpp/test_mma.cpp" line="786" status="run" result="completed" time="0.231" timestamp="2025-04-30T07:39:21.505" classname="MmaTest/HopperSS" />
    <testcase name="SingleTileTransposed/Hopper_64_112_16_TT_128B_64B__half" value_param="(8-byte object &lt;10-00 70-00 40-00 04-00&gt;, __half, 4-byte object &lt;01-00 00-00&gt;, 128B, 64B)" file="/opt/pytorch/nvfuser/tests/cpp/test_mma.cpp" line="786" status="run" result="completed" time="0.294" timestamp="2025-04-30T07:39:21.736" classname="MmaTest/HopperSS" />
    <testcase name="SingleTileTransposed/Hopper_64_112_16_TN_32B_64B__half" value_param="(8-byte object &lt;10-00 70-00 40-00 04-00&gt;, __half, 4-byte object &lt;02-00 00-00&gt;, 32B, 64B)" file="/opt/pytorch/nvfuser/tests/cpp/test_mma.cpp" line="786" status="run" result="completed" time="0.249" timestamp="2025-04-30T07:39:22.031" classname="MmaTest/HopperSS" />
    <testcase name="SingleTileTransposed/Hopper_64_112_16_TT_128B_64B__bfloat" value_param="(8-byte object &lt;10-00 70-00 40-00 04-00&gt;, __bfloat, 4-byte object &lt;01-00 00-00&gt;, 128B, 64B)" file="/opt/pytorch/nvfuser/tests/cpp/test_mma.cpp" line="786" status="run" result="completed" time="0.286" timestamp="2025-04-30T07:39:22.281" classname="MmaTest/HopperSS" />
    <testcase name="SingleTileTransposed/Hopper_64_112_16_TN_NoSwizzle_NoSwizzle__bfloat" value_param="(8-byte object &lt;10-00 70-00 40-00 04-00&gt;, __bfloat, 4-byte object &lt;02-00 00-00&gt;, NoSwizzle, NoSwizzle)" file="/opt/pytorch/nvfuser/tests/cpp/test_mma.cpp" line="786" status="run" result="completed" time="0.152" timestamp="2025-04-30T07:39:22.567" classname="MmaTest/HopperSS" />
    <testcase name="SingleTileTransposed/Hopper_64_112_16_NN_128B_32B__bfloat" value_param="(8-byte object &lt;10-00 70-00 40-00 04-00&gt;, __bfloat, 4-byte object &lt;03-00 00-00&gt;, 128B, 32B)" file="/opt/pytorch/nvfuser/tests/cpp/test_mma.cpp" line="786" status="run" result="completed" time="0.194" timestamp="2025-04-30T07:39:22.719" classname="MmaTest/HopperSS" />
    <testcase name="SingleTileTransposed/Hopper_64_120_16_TT_NoSwizzle_NoSwizzle__half" value_param="(8-byte object &lt;10-00 78-00 40-00 04-00&gt;, __half, 4-byte object &lt;01-00 00-00&gt;, NoSwizzle, NoSwizzle)" file="/opt/pytorch/nvfuser/tests/cpp/test_mma.cpp" line="786" status="run" result="completed" time="0.191" timestamp="2025-04-30T07:39:22.914" classname="MmaTest/HopperSS" />
    <testcase name="SingleTileTransposed/Hopper_64_120_16_NT_NoSwizzle_NoSwizzle__half" value_param="(8-byte object &lt;10-00 78-00 40-00 04-00&gt;, __half, 4-byte object &lt;00-00 00-00&gt;, NoSwizzle, NoSwizzle)" file="/opt/pytorch/nvfuser/tests/cpp/test_mma.cpp" line="786" status="run" result="completed" time="0.199" timestamp="2025-04-30T07:39:23.105" classname="MmaTest/HopperSS" />
    <testcase name="SingleTileTransposed/Hopper_64_120_16_TT_64B_NoSwizzle__bfloat" value_param="(8-byte object &lt;10-00 78-00 40-00 04-00&gt;, __bfloat, 4-byte object &lt;01-00 00-00&gt;, 64B, NoSwizzle)" file="/opt/pytorch/nvfuser/tests/cpp/test_mma.cpp" line="786" status="run" result="completed" time="0.238" timestamp="2025-04-30T07:39:23.305" classname="MmaTest/HopperSS" />
    <testcase name="SingleTileTransposed/Hopper_64_120_16_TN_128B_NoSwizzle__bfloat" value_param="(8-byte object &lt;10-00 78-00 40-00 04-00&gt;, __bfloat, 4-byte object &lt;02-00 00-00&gt;, 128B, NoSwizzle)" file="/opt/pytorch/nvfuser/tests/cpp/test_mma.cpp" line="786" status="run" result="completed" time="0.228" timestamp="2025-04-30T07:39:23.543" classname="MmaTest/HopperSS" />
    <testcase name="SingleTileTransposed/Hopper_64_120_16_NT_128B_64B__bfloat" value_param="(8-byte object &lt;10-00 78-00 40-00 04-00&gt;, __bfloat, 4-byte object &lt;00-00 00-00&gt;, 128B, 64B)" file="/opt/pytorch/nvfuser/tests/cpp/test_mma.cpp" line="786" status="run" result="completed" time="0.231" timestamp="2025-04-30T07:39:23.771" classname="MmaTest/HopperSS" />
    <testcase name="SingleTileTransposed/Hopper_64_128_16_TT_NoSwizzle_NoSwizzle__half" value_param="(8-byte object &lt;10-00 80-00 40-00 04-00&gt;, __half, 4-byte object &lt;01-00 00-00&gt;, NoSwizzle, NoSwizzle)" file="/opt/pytorch/nvfuser/tests/cpp/test_mma.cpp" line="786" status="run" result="completed" time="0.175" timestamp="2025-04-30T07:39:24.003" classname="MmaTest/HopperSS" />
    <testcase name="SingleTileTransposed/Hopper_64_128_16_NT_32B_32B__half" value_param="(8-byte object &lt;10-00 80-00 40-00 04-00&gt;, __half, 4-byte object &lt;00-00 00-00&gt;, 32B, 32B)" file="/opt/pytorch/nvfuser/tests/cpp/test_mma.cpp" line="786" status="run" result="completed" time="0.254" timestamp="2025-04-30T07:39:24.178" classname="MmaTest/HopperSS" />
    <testcase name="SingleTileTransposed/Hopper_64_128_16_TT_128B_32B__bfloat" value_param="(8-byte object &lt;10-00 80-00 40-00 04-00&gt;, __bfloat, 4-byte object &lt;01-00 00-00&gt;, 128B, 32B)" file="/opt/pytorch/nvfuser/tests/cpp/test_mma.cpp" line="786" status="run" result="completed" time="0.282" timestamp="2025-04-30T07:39:24.433" classname="MmaTest/HopperSS" />
    <testcase name="SingleTileTransposed/Hopper_64_128_16_NT_64B_NoSwizzle__bfloat" value_param="(8-byte object &lt;10-00 80-00 40-00 04-00&gt;, __bfloat, 4-byte object &lt;00-00 00-00&gt;, 64B, NoSwizzle)" file="/opt/pytorch/nvfuser/tests/cpp/test_mma.cpp" line="786" status="run" result="completed" time="0.226" timestamp="2025-04-30T07:39:24.715" classname="MmaTest/HopperSS" />
    <testcase name="SingleTileTransposed/Hopper_64_136_16_TT_NoSwizzle_NoSwizzle__half" value_param="(8-byte object &lt;10-00 88-00 40-00 04-00&gt;, __half, 4-byte object &lt;01-00 00-00&gt;, NoSwizzle, NoSwizzle)" file="/opt/pytorch/nvfuser/tests/cpp/test_mma.cpp" line="786" status="run" result="completed" time="0.201" timestamp="2025-04-30T07:39:24.941" classname="MmaTest/HopperSS" />
    <testcase name="SingleTileTransposed/Hopper_64_136_16_TT_128B_128B__half" value_param="(8-byte object &lt;10-00 88-00 40-00 04-00&gt;, __half, 4-byte object &lt;01-00 00-00&gt;, 128B, 128B)" file="/opt/pytorch/nvfuser/tests/cpp/test_mma.cpp" line="786" status="run" result="completed" time="0.287" timestamp="2025-04-30T07:39:25.142" classname="MmaTest/HopperSS" />
    <testcase name="SingleTileTransposed/Hopper_64_136_16_NT_64B_64B__half" value_param="(8-byte object &lt;10-00 88-00 40-00 04-00&gt;, __half, 4-byte object &lt;00-00 00-00&gt;, 64B, 64B)" file="/opt/pytorch/nvfuser/tests/cpp/test_mma.cpp" line="786" status="run" result="completed" time="0.269" timestamp="2025-04-30T07:39:25.430" classname="MmaTest/HopperSS" />
    <testcase name="SingleTileTransposed/Hopper_64_136_16_NN_64B_NoSwizzle__half" value_param="(8-byte object &lt;10-00 88-00 40-00 04-00&gt;, __half, 4-byte object &lt;03-00 00-00&gt;, 64B, NoSwizzle)" file="/opt/pytorch/nvfuser/tests/cpp/test_mma.cpp" line="786" status="run" result="completed" time="0.21" timestamp="2025-04-30T07:39:25.700" classname="MmaTest/HopperSS" />
    <testcase name="SingleTileTransposed/Hopper_64_136_16_TT_64B_64B__bfloat" value_param="(8-byte object &lt;10-00 88-00 40-00 04-00&gt;, __bfloat, 4-byte object &lt;01-00 00-00&gt;, 64B, 64B)" file="/opt/pytorch/nvfuser/tests/cpp/test_mma.cpp" line="786" status="run" result="completed" time="0.263" timestamp="2025-04-30T07:39:25.910" classname="MmaTest/HopperSS" />
    <testcase name="SingleTileTransposed/Hopper_64_136_16_NT_64B_32B__bfloat" value_param="(8-byte object &lt;10-00 88-00 40-00 04-00&gt;, __bfloat, 4-byte object &lt;00-00 00-00&gt;, 64B, 32B)" file="/opt/pytorch/nvfuser/tests/cpp/test_mma.cpp" line="786" status="run" result="completed" time="0.264" timestamp="2025-04-30T07:39:26.174" classname="MmaTest/HopperSS" />
    <testcase name="SingleTileTransposed/Hopper_64_144_16_TT_128B_64B__half" value_param="(8-byte object &lt;10-00 90-00 40-00 04-00&gt;, __half, 4-byte object &lt;01-00 00-00&gt;, 128B, 64B)" file="/opt/pytorch/nvfuser/tests/cpp/test_mma.cpp" line="786" status="run" result="completed" time="0.304" timestamp="2025-04-30T07:39:26.438" classname="MmaTest/HopperSS" />
    <testcase name="SingleTileTransposed/Hopper_64_144_16_TN_128B_128B__half" value_param="(8-byte object &lt;10-00 90-00 40-00 04-00&gt;, __half, 4-byte object &lt;02-00 00-00&gt;, 128B, 128B)" file="/opt/pytorch/nvfuser/tests/cpp/test_mma.cpp" line="786" status="run" result="completed" time="0.457" timestamp="2025-04-30T07:39:26.743" classname="MmaTest/HopperSS" />
    <testcase name="SingleTileTransposed/Hopper_64_144_16_NT_32B_NoSwizzle__half" value_param="(8-byte object &lt;10-00 90-00 40-00 04-00&gt;, __half, 4-byte object &lt;00-00 00-00&gt;, 32B, NoSwizzle)" file="/opt/pytorch/nvfuser/tests/cpp/test_mma.cpp" line="786" status="run" result="completed" time="0.233" timestamp="2025-04-30T07:39:27.201" classname="MmaTest/HopperSS" />
    <testcase name="SingleTileTransposed/Hopper_64_144_16_TT_NoSwizzle_32B__bfloat" value_param="(8-byte object &lt;10-00 90-00 40-00 04-00&gt;, __bfloat, 4-byte object &lt;01-00 00-00&gt;, NoSwizzle, 32B)" file="/opt/pytorch/nvfuser/tests/cpp/test_mma.cpp" line="786" status="run" result="completed" time="0.22" timestamp="2025-04-30T07:39:27.434" classname="MmaTest/HopperSS" />
    <testcase name="SingleTileTransposed/Hopper_64_144_16_NT_64B_32B__bfloat" value_param="(8-byte object &lt;10-00 90-00 40-00 04-00&gt;, __bfloat, 4-byte object &lt;00-00 00-00&gt;, 64B, 32B)" file="/opt/pytorch/nvfuser/tests/cpp/test_mma.cpp" line="786" status="run" result="completed" time="0.266" timestamp="2025-04-30T07:39:27.655" classname="MmaTest/HopperSS" />
    <testcase name="SingleTileTransposed/Hopper_64_144_16_NT_32B_32B__bfloat" value_param="(8-byte object &lt;10-00 90-00 40-00 04-00&gt;, __bfloat, 4-byte object &lt;00-00 00-00&gt;, 32B, 32B)" file="/opt/pytorch/nvfuser/tests/cpp/test_mma.cpp" line="786" status="run" result="completed" time="0.263" timestamp="2025-04-30T07:39:27.922" classname="MmaTest/HopperSS" />
    <testcase name="SingleTileTransposed/Hopper_64_152_16_TT_64B_64B__half" value_param="(8-byte object &lt;10-00 98-00 40-00 04-00&gt;, __half, 4-byte object &lt;01-00 00-00&gt;, 64B, 64B)" file="/opt/pytorch/nvfuser/tests/cpp/test_mma.cpp" line="786" status="run" result="completed" time="0.266" timestamp="2025-04-30T07:39:28.185" classname="MmaTest/HopperSS" />
    <testcase name="SingleTileTransposed/Hopper_64_152_16_TN_NoSwizzle_32B__half" value_param="(8-byte object &lt;10-00 98-00 40-00 04-00&gt;, __half, 4-byte object &lt;02-00 00-00&gt;, NoSwizzle, 32B)" file="/opt/pytorch/nvfuser/tests/cpp/test_mma.cpp" line="786" status="run" result="completed" time="0.196" timestamp="2025-04-30T07:39:28.451" classname="MmaTest/HopperSS" />
    <testcase name="SingleTileTransposed/Hopper_64_152_16_NT_128B_64B__half" value_param="(8-byte object &lt;10-00 98-00 40-00 04-00&gt;, __half, 4-byte object &lt;00-00 00-00&gt;, 128B, 64B)" file="/opt/pytorch/nvfuser/tests/cpp/test_mma.cpp" line="786" status="run" result="completed" time="0.249" timestamp="2025-04-30T07:39:28.648" classname="MmaTest/HopperSS" />
    <testcase name="SingleTileTransposed/Hopper_64_152_16_NN_32B_64B__half" value_param="(8-byte object &lt;10-00 98-00 40-00 04-00&gt;, __half, 4-byte object &lt;03-00 00-00&gt;, 32B, 64B)" file="/opt/pytorch/nvfuser/tests/cpp/test_mma.cpp" line="786" status="run" result="completed" time="0.308" timestamp="2025-04-30T07:39:28.898" classname="MmaTest/HopperSS" />
    <testcase name="SingleTileTransposed/Hopper_64_152_16_TN_NoSwizzle_128B__bfloat" value_param="(8-byte object &lt;10-00 98-00 40-00 04-00&gt;, __bfloat, 4-byte object &lt;02-00 00-00&gt;, NoSwizzle, 128B)" file="/opt/pytorch/nvfuser/tests/cpp/test_mma.cpp" line="786" status="run" result="completed" time="0.358" timestamp="2025-04-30T07:39:29.206" classname="MmaTest/HopperSS" />
    <testcase name="SingleTileTransposed/Hopper_64_152_16_NT_NoSwizzle_32B__bfloat" value_param="(8-byte object &lt;10-00 98-00 40-00 04-00&gt;, __bfloat, 4-byte object &lt;00-00 00-00&gt;, NoSwizzle, 32B)" file="/opt/pytorch/nvfuser/tests/cpp/test_mma.cpp" line="786" status="run" result="completed" time="0.231" timestamp="2025-04-30T07:39:29.564" classname="MmaTest/HopperSS" />
    <testcase name="SingleTileTransposed/Hopper_64_152_16_NT_32B_32B__bfloat" value_param="(8-byte object &lt;10-00 98-00 40-00 04-00&gt;, __bfloat, 4-byte object &lt;00-00 00-00&gt;, 32B, 32B)" file="/opt/pytorch/nvfuser/tests/cpp/test_mma.cpp" line="786" status="run" result="completed" time="0.269" timestamp="2025-04-30T07:39:29.796" classname="MmaTest/HopperSS" />
    <testcase name="SingleTileTransposed/Hopper_64_160_16_TT_NoSwizzle_128B__half" value_param="(8-byte object &lt;10-00 A0-00 40-00 04-00&gt;, __half, 4-byte object &lt;01-00 00-00&gt;, NoSwizzle, 128B)" file="/opt/pytorch/nvfuser/tests/cpp/test_mma.cpp" line="786" status="run" result="completed" time="0.225" timestamp="2025-04-30T07:39:30.066" classname="MmaTest/HopperSS" />
    <testcase name="SingleTileTransposed/Hopper_64_160_16_TN_64B_64B__half" value_param="(8-byte object &lt;10-00 A0-00 40-00 04-00&gt;, __half, 4-byte object &lt;02-00 00-00&gt;, 64B, 64B)" file="/opt/pytorch/nvfuser/tests/cpp/test_mma.cpp" line="786" status="run" result="completed" time="0.304" timestamp="2025-04-30T07:39:30.292" classname="MmaTest/HopperSS" />
    <testcase name="SingleTileTransposed/Hopper_64_160_16_NT_NoSwizzle_32B__half" value_param="(8-byte object &lt;10-00 A0-00 40-00 04-00&gt;, __half, 4-byte object &lt;00-00 00-00&gt;, NoSwizzle, 32B)" file="/opt/pytorch/nvfuser/tests/cpp/test_mma.cpp" line="786" status="run" result="completed" time="0.232" timestamp="2025-04-30T07:39:30.596" classname="MmaTest/HopperSS" />
    <testcase name="SingleTileTransposed/Hopper_64_160_16_NN_32B_NoSwizzle__half" value_param="(8-byte object &lt;10-00 A0-00 40-00 04-00&gt;, __half, 4-byte object &lt;03-00 00-00&gt;, 32B, NoSwizzle)" file="/opt/pytorch/nvfuser/tests/cpp/test_mma.cpp" line="786" status="run" result="completed" time="0.22" timestamp="2025-04-30T07:39:30.829" classname="MmaTest/HopperSS" />
    <testcase name="SingleTileTransposed/Hopper_64_160_16_NT_128B_64B__bfloat" value_param="(8-byte object &lt;10-00 A0-00 40-00 04-00&gt;, __bfloat, 4-byte object &lt;00-00 00-00&gt;, 128B, 64B)" file="/opt/pytorch/nvfuser/tests/cpp/test_mma.cpp" line="786" status="run" result="completed" time="0.256" timestamp="2025-04-30T07:39:31.050" classname="MmaTest/HopperSS" />
    <testcase name="SingleTileTransposed/Hopper_64_160_16_NT_32B_32B__bfloat" value_param="(8-byte object &lt;10-00 A0-00 40-00 04-00&gt;, __bfloat, 4-byte object &lt;00-00 00-00&gt;, 32B, 32B)" file="/opt/pytorch/nvfuser/tests/cpp/test_mma.cpp" line="786" status="run" result="completed" time="0.274" timestamp="2025-04-30T07:39:31.306" classname="MmaTest/HopperSS" />
    <testcase name="SingleTileTransposed/Hopper_64_160_16_NN_32B_NoSwizzle__bfloat" value_param="(8-byte object &lt;10-00 A0-00 40-00 04-00&gt;, __bfloat, 4-byte object &lt;03-00 00-00&gt;, 32B, NoSwizzle)" file="/opt/pytorch/nvfuser/tests/cpp/test_mma.cpp" line="786" status="run" result="completed" time="0.221" timestamp="2025-04-30T07:39:31.581" classname="MmaTest/HopperSS" />
    <testcase name="SingleTileTransposed/Hopper_64_168_16_TT_128B_NoSwizzle__half" value_param="(8-byte object &lt;10-00 A8-00 40-00 04-00&gt;, __half, 4-byte object &lt;01-00 00-00&gt;, 128B, NoSwizzle)" file="/opt/pytorch/nvfuser/tests/cpp/test_mma.cpp" line="786" status="run" result="completed" time="0.298" timestamp="2025-04-30T07:39:31.802" classname="MmaTest/HopperSS" />
    <testcase name="SingleTileTransposed/Hopper_64_168_16_TN_64B_NoSwizzle__half" value_param="(8-byte object &lt;10-00 A8-00 40-00 04-00&gt;, __half, 4-byte object &lt;02-00 00-00&gt;, 64B, NoSwizzle)" file="/opt/pytorch/nvfuser/tests/cpp/test_mma.cpp" line="786" status="run" result="completed" time="0.219" timestamp="2025-04-30T07:39:32.101" classname="MmaTest/HopperSS" />
    <testcase name="SingleTileTransposed/Hopper_64_168_16_NT_64B_128B__half" value_param="(8-byte object &lt;10-00 A8-00 40-00 04-00&gt;, __half, 4-byte object &lt;00-00 00-00&gt;, 64B, 128B)" file="/opt/pytorch/nvfuser/tests/cpp/test_mma.cpp" line="786" status="run" result="completed" time="0.281" timestamp="2025-04-30T07:39:32.320" classname="MmaTest/HopperSS" />
    <testcase name="SingleTileTransposed/Hopper_64_168_16_NN_64B_32B__half" value_param="(8-byte object &lt;10-00 A8-00 40-00 04-00&gt;, __half, 4-byte object &lt;03-00 00-00&gt;, 64B, 32B)" file="/opt/pytorch/nvfuser/tests/cpp/test_mma.cpp" line="786" status="run" result="completed" time="0.255" timestamp="2025-04-30T07:39:32.601" classname="MmaTest/HopperSS" />
    <testcase name="SingleTileTransposed/Hopper_64_168_16_TT_128B_64B__bfloat" value_param="(8-byte object &lt;10-00 A8-00 40-00 04-00&gt;, __bfloat, 4-byte object &lt;01-00 00-00&gt;, 128B, 64B)" file="/opt/pytorch/nvfuser/tests/cpp/test_mma.cpp" line="786" status="run" result="completed" time="0.317" timestamp="2025-04-30T07:39:32.857" classname="MmaTest/HopperSS" />
    <testcase name="SingleTileTransposed/Hopper_64_168_16_TN_64B_32B__bfloat" value_param="(8-byte object &lt;10-00 A8-00 40-00 04-00&gt;, __bfloat, 4-byte object &lt;02-00 00-00&gt;, 64B, 32B)" file="/opt/pytorch/nvfuser/tests/cpp/test_mma.cpp" line="786" status="run" result="completed" time="0.253" timestamp="2025-04-30T07:39:33.175" classname="MmaTest/HopperSS" />
    <testcase name="SingleTileTransposed/Hopper_64_176_16_TT_NoSwizzle_NoSwizzle__half" value_param="(8-byte object &lt;10-00 B0-00 40-00 04-00&gt;, __half, 4-byte object &lt;01-00 00-00&gt;, NoSwizzle, NoSwizzle)" file="/opt/pytorch/nvfuser/tests/cpp/test_mma.cpp" line="786" status="run" result="completed" time="0.204" timestamp="2025-04-30T07:39:33.428" classname="MmaTest/HopperSS" />
    <testcase name="SingleTileTransposed/Hopper_64_176_16_TN_128B_NoSwizzle__half" value_param="(8-byte object &lt;10-00 B0-00 40-00 04-00&gt;, __half, 4-byte object &lt;02-00 00-00&gt;, 128B, NoSwizzle)" file="/opt/pytorch/nvfuser/tests/cpp/test_mma.cpp" line="786" status="run" result="completed" time="0.246" timestamp="2025-04-30T07:39:33.632" classname="MmaTest/HopperSS" />
    <testcase name="SingleTileTransposed/Hopper_64_176_16_NN_32B_NoSwizzle__half" value_param="(8-byte object &lt;10-00 B0-00 40-00 04-00&gt;, __half, 4-byte object &lt;03-00 00-00&gt;, 32B, NoSwizzle)" file="/opt/pytorch/nvfuser/tests/cpp/test_mma.cpp" line="786" status="run" result="completed" time="0.226" timestamp="2025-04-30T07:39:33.879" classname="MmaTest/HopperSS" />
    <testcase name="SingleTileTransposed/Hopper_64_176_16_TT_128B_32B__bfloat" value_param="(8-byte object &lt;10-00 B0-00 40-00 04-00&gt;, __bfloat, 4-byte object &lt;01-00 00-00&gt;, 128B, 32B)" file="/opt/pytorch/nvfuser/tests/cpp/test_mma.cpp" line="786" status="run" result="completed" time="0.303" timestamp="2025-04-30T07:39:34.106" classname="MmaTest/HopperSS" />
    <testcase name="SingleTileTransposed/Hopper_64_176_16_NT_128B_NoSwizzle__bfloat" value_param="(8-byte object &lt;10-00 B0-00 40-00 04-00&gt;, __bfloat, 4-byte object &lt;00-00 00-00&gt;, 128B, NoSwizzle)" file="/opt/pytorch/nvfuser/tests/cpp/test_mma.cpp" line="786" status="run" result="completed" time="0.22" timestamp="2025-04-30T07:39:34.410" classname="MmaTest/HopperSS" />
    <testcase name="SingleTileTransposed/Hopper_64_176_16_NN_64B_128B__bfloat" value_param="(8-byte object &lt;10-00 B0-00 40-00 04-00&gt;, __bfloat, 4-byte object &lt;03-00 00-00&gt;, 64B, 128B)" file="/opt/pytorch/nvfuser/tests/cpp/test_mma.cpp" line="786" status="run" result="completed" time="0.461" timestamp="2025-04-30T07:39:34.631" classname="MmaTest/HopperSS" />
    <testcase name="SingleTileTransposed/Hopper_64_184_16_TT_NoSwizzle_NoSwizzle__half" value_param="(8-byte object &lt;10-00 B8-00 40-00 04-00&gt;, __half, 4-byte object &lt;01-00 00-00&gt;, NoSwizzle, NoSwizzle)" file="/opt/pytorch/nvfuser/tests/cpp/test_mma.cpp" line="786" status="run" result="completed" time="0.242" timestamp="2025-04-30T07:39:35.092" classname="MmaTest/HopperSS" />
    <testcase name="SingleTileTransposed/Hopper_64_184_16_TN_NoSwizzle_NoSwizzle__half" value_param="(8-byte object &lt;10-00 B8-00 40-00 04-00&gt;, __half, 4-byte object &lt;02-00 00-00&gt;, NoSwizzle, NoSwizzle)" file="/opt/pytorch/nvfuser/tests/cpp/test_mma.cpp" line="786" status="run" result="completed" time="0.182" timestamp="2025-04-30T07:39:35.335" classname="MmaTest/HopperSS" />
    <testcase name="SingleTileTransposed/Hopper_64_184_16_NT_32B_32B__half" value_param="(8-byte object &lt;10-00 B8-00 40-00 04-00&gt;, __half, 4-byte object &lt;00-00 00-00&gt;, 32B, 32B)" file="/opt/pytorch/nvfuser/tests/cpp/test_mma.cpp" line="786" status="run" result="completed" time="0.284" timestamp="2025-04-30T07:39:35.517" classname="MmaTest/HopperSS" />
    <testcase name="SingleTileTransposed/Hopper_64_184_16_TN_NoSwizzle_64B__bfloat" value_param="(8-byte object &lt;10-00 B8-00 40-00 04-00&gt;, __bfloat, 4-byte object &lt;02-00 00-00&gt;, NoSwizzle, 64B)" file="/opt/pytorch/nvfuser/tests/cpp/test_mma.cpp" line="786" status="run" result="completed" time="0.287" timestamp="2025-04-30T07:39:35.801" classname="MmaTest/HopperSS" />
    <testcase name="SingleTileTransposed/Hopper_64_184_16_TN_64B_32B__bfloat" value_param="(8-byte object &lt;10-00 B8-00 40-00 04-00&gt;, __bfloat, 4-byte object &lt;02-00 00-00&gt;, 64B, 32B)" file="/opt/pytorch/nvfuser/tests/cpp/test_mma.cpp" line="786" status="run" result="completed" time="0.261" timestamp="2025-04-30T07:39:36.088" classname="MmaTest/HopperSS" />
    <testcase name="SingleTileTransposed/Hopper_64_184_16_NN_32B_NoSwizzle__bfloat" value_param="(8-byte object &lt;10-00 B8-00 40-00 04-00&gt;, __bfloat, 4-byte object &lt;03-00 00-00&gt;, 32B, NoSwizzle)" file="/opt/pytorch/nvfuser/tests/cpp/test_mma.cpp" line="786" status="run" result="completed" time="0.229" timestamp="2025-04-30T07:39:36.349" classname="MmaTest/HopperSS" />
    <testcase name="SingleTileTransposed/Hopper_64_192_16_TN_64B_64B__half" value_param="(8-byte object &lt;10-00 C0-00 40-00 04-00&gt;, __half, 4-byte object &lt;02-00 00-00&gt;, 64B, 64B)" file="/opt/pytorch/nvfuser/tests/cpp/test_mma.cpp" line="786" status="run" result="completed" time="0.336" timestamp="2025-04-30T07:39:36.579" classname="MmaTest/HopperSS" />
    <testcase name="SingleTileTransposed/Hopper_64_192_16_NN_32B_64B__half" value_param="(8-byte object &lt;10-00 C0-00 40-00 04-00&gt;, __half, 4-byte object &lt;03-00 00-00&gt;, 32B, 64B)" file="/opt/pytorch/nvfuser/tests/cpp/test_mma.cpp" line="786" status="run" result="completed" time="0.347" timestamp="2025-04-30T07:39:36.916" classname="MmaTest/HopperSS" />
    <testcase name="SingleTileTransposed/Hopper_64_192_16_TN_32B_NoSwizzle__bfloat" value_param="(8-byte object &lt;10-00 C0-00 40-00 04-00&gt;, __bfloat, 4-byte object &lt;02-00 00-00&gt;, 32B, NoSwizzle)" file="/opt/pytorch/nvfuser/tests/cpp/test_mma.cpp" line="786" status="run" result="completed" time="0.209" timestamp="2025-04-30T07:39:37.263" classname="MmaTest/HopperSS" />
    <testcase name="SingleTileTransposed/Hopper_64_200_16_TT_64B_64B__half" value_param="(8-byte object &lt;10-00 C8-00 40-00 04-00&gt;, __half, 4-byte object &lt;01-00 00-00&gt;, 64B, 64B)" file="/opt/pytorch/nvfuser/tests/cpp/test_mma.cpp" line="786" status="run" result="completed" time="0.303" timestamp="2025-04-30T07:39:37.472" classname="MmaTest/HopperSS" />
    <testcase name="SingleTileTransposed/Hopper_64_200_16_NT_64B_128B__half" value_param="(8-byte object &lt;10-00 C8-00 40-00 04-00&gt;, __half, 4-byte object &lt;00-00 00-00&gt;, 64B, 128B)" file="/opt/pytorch/nvfuser/tests/cpp/test_mma.cpp" line="786" status="run" result="completed" time="0.308" timestamp="2025-04-30T07:39:37.775" classname="MmaTest/HopperSS" />
    <testcase name="SingleTileTransposed/Hopper_64_200_16_TT_128B_64B__bfloat" value_param="(8-byte object &lt;10-00 C8-00 40-00 04-00&gt;, __bfloat, 4-byte object &lt;01-00 00-00&gt;, 128B, 64B)" file="/opt/pytorch/nvfuser/tests/cpp/test_mma.cpp" line="786" status="run" result="completed" time="0.345" timestamp="2025-04-30T07:39:38.083" classname="MmaTest/HopperSS" />
    <testcase name="SingleTileTransposed/Hopper_64_200_16_TN_64B_32B__bfloat" value_param="(8-byte object &lt;10-00 C8-00 40-00 04-00&gt;, __bfloat, 4-byte object &lt;02-00 00-00&gt;, 64B, 32B)" file="/opt/pytorch/nvfuser/tests/cpp/test_mma.cpp" line="786" status="run" result="completed" time="0.271" timestamp="2025-04-30T07:39:38.429" classname="MmaTest/HopperSS" />
    <testcase name="SingleTileTransposed/Hopper_64_200_16_NN_64B_64B__bfloat" value_param="(8-byte object &lt;10-00 C8-00 40-00 04-00&gt;, __bfloat, 4-byte object &lt;03-00 00-00&gt;, 64B, 64B)" file="/opt/pytorch/nvfuser/tests/cpp/test_mma.cpp" line="786" status="run" result="completed" time="0.349" timestamp="2025-04-30T07:39:38.700" classname="MmaTest/HopperSS" />
    <testcase name="SingleTileTransposed/Hopper_64_208_16_TN_NoSwizzle_NoSwizzle__half" value_param="(8-byte object &lt;10-00 D0-00 40-00 04-00&gt;, __half, 4-byte object &lt;02-00 00-00&gt;, NoSwizzle, NoSwizzle)" file="/opt/pytorch/nvfuser/tests/cpp/test_mma.cpp" line="786" status="run" result="completed" time="0.192" timestamp="2025-04-30T07:39:39.049" classname="MmaTest/HopperSS" />
    <testcase name="SingleTileTransposed/Hopper_64_208_16_NN_NoSwizzle_128B__half" value_param="(8-byte object &lt;10-00 D0-00 40-00 04-00&gt;, __half, 4-byte object &lt;03-00 00-00&gt;, NoSwizzle, 128B)" file="/opt/pytorch/nvfuser/tests/cpp/test_mma.cpp" line="786" status="run" result="completed" time="0.495" timestamp="2025-04-30T07:39:39.242" classname="MmaTest/HopperSS" />
    <testcase name="SingleTileTransposed/Hopper_64_208_16_TT_128B_64B__bfloat" value_param="(8-byte object &lt;10-00 D0-00 40-00 04-00&gt;, __bfloat, 4-byte object &lt;01-00 00-00&gt;, 128B, 64B)" file="/opt/pytorch/nvfuser/tests/cpp/test_mma.cpp" line="786" status="run" result="completed" time="0.346" timestamp="2025-04-30T07:39:39.737" classname="MmaTest/HopperSS" />
    <testcase name="SingleTileTransposed/Hopper_64_208_16_TT_32B_32B__bfloat" value_param="(8-byte object &lt;10-00 D0-00 40-00 04-00&gt;, __bfloat, 4-byte object &lt;01-00 00-00&gt;, 32B, 32B)" file="/opt/pytorch/nvfuser/tests/cpp/test_mma.cpp" line="786" status="run" result="completed" time="0.272" timestamp="2025-04-30T07:39:40.083" classname="MmaTest/HopperSS" />
    <testcase name="SingleTileTransposed/Hopper_64_208_16_NT_64B_64B__bfloat" value_param="(8-byte object &lt;10-00 D0-00 40-00 04-00&gt;, __bfloat, 4-byte object &lt;00-00 00-00&gt;, 64B, 64B)" file="/opt/pytorch/nvfuser/tests/cpp/test_mma.cpp" line="786" status="run" result="completed" time="0.313" timestamp="2025-04-30T07:39:40.356" classname="MmaTest/HopperSS" />
    <testcase name="SingleTileTransposed/Hopper_64_216_16_TT_NoSwizzle_NoSwizzle__half" value_param="(8-byte object &lt;10-00 D8-00 40-00 04-00&gt;, __half, 4-byte object &lt;01-00 00-00&gt;, NoSwizzle, NoSwizzle)" file="/opt/pytorch/nvfuser/tests/cpp/test_mma.cpp" line="786" status="run" result="completed" time="0.267" timestamp="2025-04-30T07:39:40.669" classname="MmaTest/HopperSS" />
    <testcase name="SingleTileTransposed/Hopper_64_216_16_TN_128B_64B__half" value_param="(8-byte object &lt;10-00 D8-00 40-00 04-00&gt;, __half, 4-byte object &lt;02-00 00-00&gt;, 128B, 64B)" file="/opt/pytorch/nvfuser/tests/cpp/test_mma.cpp" line="786" status="run" result="completed" time="0.407" timestamp="2025-04-30T07:39:40.937" classname="MmaTest/HopperSS" />
    <testcase name="SingleTileTransposed/Hopper_64_216_16_NT_NoSwizzle_64B__half" value_param="(8-byte object &lt;10-00 D8-00 40-00 04-00&gt;, __half, 4-byte object &lt;00-00 00-00&gt;, NoSwizzle, 64B)" file="/opt/pytorch/nvfuser/tests/cpp/test_mma.cpp" line="786" status="run" result="completed" time="0.282" timestamp="2025-04-30T07:39:41.344" classname="MmaTest/HopperSS" />
    <testcase name="SingleTileTransposed/Hopper_64_216_16_TN_NoSwizzle_64B__bfloat" value_param="(8-byte object &lt;10-00 D8-00 40-00 04-00&gt;, __bfloat, 4-byte object &lt;02-00 00-00&gt;, NoSwizzle, 64B)" file="/opt/pytorch/nvfuser/tests/cpp/test_mma.cpp" line="786" status="run" result="completed" time="0.323" timestamp="2025-04-30T07:39:41.626" classname="MmaTest/HopperSS" />
    <testcase name="SingleTileTransposed/Hopper_64_216_16_NT_64B_128B__bfloat" value_param="(8-byte object &lt;10-00 D8-00 40-00 04-00&gt;, __bfloat, 4-byte object &lt;00-00 00-00&gt;, 64B, 128B)" file="/opt/pytorch/nvfuser/tests/cpp/test_mma.cpp" line="786" status="run" result="completed" time="0.315" timestamp="2025-04-30T07:39:41.950" classname="MmaTest/HopperSS" />
    <testcase name="SingleTileTransposed/Hopper_64_224_16_TN_128B_32B__half" value_param="(8-byte object &lt;10-00 E0-00 40-00 04-00&gt;, __half, 4-byte object &lt;02-00 00-00&gt;, 128B, 32B)" file="/opt/pytorch/nvfuser/tests/cpp/test_mma.cpp" line="786" status="run" result="completed" time="0.319" timestamp="2025-04-30T07:39:42.266" classname="MmaTest/HopperSS" />
    <testcase name="SingleTileTransposed/Hopper_64_224_16_TT_NoSwizzle_128B__bfloat" value_param="(8-byte object &lt;10-00 E0-00 40-00 04-00&gt;, __bfloat, 4-byte object &lt;01-00 00-00&gt;, NoSwizzle, 128B)" file="/opt/pytorch/nvfuser/tests/cpp/test_mma.cpp" line="786" status="run" result="completed" time="0.264" timestamp="2025-04-30T07:39:42.586" classname="MmaTest/HopperSS" />
    <testcase name="SingleTileTransposed/Hopper_64_224_16_TT_32B_32B__bfloat" value_param="(8-byte object &lt;10-00 E0-00 40-00 04-00&gt;, __bfloat, 4-byte object &lt;01-00 00-00&gt;, 32B, 32B)" file="/opt/pytorch/nvfuser/tests/cpp/test_mma.cpp" line="786" status="run" result="completed" time="0.282" timestamp="2025-04-30T07:39:42.850" classname="MmaTest/HopperSS" />
    <testcase name="SingleTileTransposed/Hopper_64_224_16_TN_64B_128B__bfloat" value_param="(8-byte object &lt;10-00 E0-00 40-00 04-00&gt;, __bfloat, 4-byte object &lt;02-00 00-00&gt;, 64B, 128B)" file="/opt/pytorch/nvfuser/tests/cpp/test_mma.cpp" line="786" status="run" result="completed" time="0.575" timestamp="2025-04-30T07:39:43.132" classname="MmaTest/HopperSS" />
    <testcase name="SingleTileTransposed/Hopper_64_224_16_NT_128B_NoSwizzle__bfloat" value_param="(8-byte object &lt;10-00 E0-00 40-00 04-00&gt;, __bfloat, 4-byte object &lt;00-00 00-00&gt;, 128B, NoSwizzle)" file="/opt/pytorch/nvfuser/tests/cpp/test_mma.cpp" line="786" status="run" result="completed" time="0.256" timestamp="2025-04-30T07:39:43.708" classname="MmaTest/HopperSS" />
    <testcase name="SingleTileTransposed/Hopper_64_224_16_NN_32B_64B__bfloat" value_param="(8-byte object &lt;10-00 E0-00 40-00 04-00&gt;, __bfloat, 4-byte object &lt;03-00 00-00&gt;, 32B, 64B)" file="/opt/pytorch/nvfuser/tests/cpp/test_mma.cpp" line="786" status="run" result="completed" time="0.385" timestamp="2025-04-30T07:39:43.964" classname="MmaTest/HopperSS" />
    <testcase name="SingleTileTransposed/Hopper_64_232_16_TN_128B_128B__half" value_param="(8-byte object &lt;10-00 E8-00 40-00 04-00&gt;, __half, 4-byte object &lt;02-00 00-00&gt;, 128B, 128B)" file="/opt/pytorch/nvfuser/tests/cpp/test_mma.cpp" line="786" status="run" result="completed" time="0.642" timestamp="2025-04-30T07:39:44.350" classname="MmaTest/HopperSS" />
    <testcase name="SingleTileTransposed/Hopper_64_232_16_TN_32B_32B__half" value_param="(8-byte object &lt;10-00 E8-00 40-00 04-00&gt;, __half, 4-byte object &lt;02-00 00-00&gt;, 32B, 32B)" file="/opt/pytorch/nvfuser/tests/cpp/test_mma.cpp" line="786" status="run" result="completed" time="0.263" timestamp="2025-04-30T07:39:44.993" classname="MmaTest/HopperSS" />
    <testcase name="SingleTileTransposed/Hopper_64_232_16_NT_32B_64B__half" value_param="(8-byte object &lt;10-00 E8-00 40-00 04-00&gt;, __half, 4-byte object &lt;00-00 00-00&gt;, 32B, 64B)" file="/opt/pytorch/nvfuser/tests/cpp/test_mma.cpp" line="786" status="run" result="completed" time="0.337" timestamp="2025-04-30T07:39:45.256" classname="MmaTest/HopperSS" />
    <testcase name="SingleTileTransposed/Hopper_64_232_16_NN_32B_64B__half" value_param="(8-byte object &lt;10-00 E8-00 40-00 04-00&gt;, __half, 4-byte object &lt;03-00 00-00&gt;, 32B, 64B)" file="/opt/pytorch/nvfuser/tests/cpp/test_mma.cpp" line="786" status="run" result="completed" time="0.397" timestamp="2025-04-30T07:39:45.594" classname="MmaTest/HopperSS" />
    <testcase name="SingleTileTransposed/Hopper_64_232_16_TN_NoSwizzle_NoSwizzle__bfloat" value_param="(8-byte object &lt;10-00 E8-00 40-00 04-00&gt;, __bfloat, 4-byte object &lt;02-00 00-00&gt;, NoSwizzle, NoSwizzle)" file="/opt/pytorch/nvfuser/tests/cpp/test_mma.cpp" line="786" status="run" result="completed" time="0.204" timestamp="2025-04-30T07:39:45.992" classname="MmaTest/HopperSS" />
    <testcase name="SingleTileTransposed/Hopper_64_232_16_TN_128B_32B__bfloat" value_param="(8-byte object &lt;10-00 E8-00 40-00 04-00&gt;, __bfloat, 4-byte object &lt;02-00 00-00&gt;, 128B, 32B)" file="/opt/pytorch/nvfuser/tests/cpp/test_mma.cpp" line="786" status="run" result="completed" time="0.324" timestamp="2025-04-30T07:39:46.196" classname="MmaTest/HopperSS" />
    <testcase name="SingleTileTransposed/Hopper_64_232_16_NT_128B_32B__bfloat" value_param="(8-byte object &lt;10-00 E8-00 40-00 04-00&gt;, __bfloat, 4-byte object &lt;00-00 00-00&gt;, 128B, 32B)" file="/opt/pytorch/nvfuser/tests/cpp/test_mma.cpp" line="786" status="run" result="completed" time="0.283" timestamp="2025-04-30T07:39:46.520" classname="MmaTest/HopperSS" />
    <testcase name="SingleTileTransposed/Hopper_64_240_16_TT_NoSwizzle_NoSwizzle__half" value_param="(8-byte object &lt;10-00 F0-00 40-00 04-00&gt;, __half, 4-byte object &lt;01-00 00-00&gt;, NoSwizzle, NoSwizzle)" file="/opt/pytorch/nvfuser/tests/cpp/test_mma.cpp" line="786" status="run" result="completed" time="0.247" timestamp="2025-04-30T07:39:46.804" classname="MmaTest/HopperSS" />
    <testcase name="SingleTileTransposed/Hopper_64_240_16_TN_32B_64B__half" value_param="(8-byte object &lt;10-00 F0-00 40-00 04-00&gt;, __half, 4-byte object &lt;02-00 00-00&gt;, 32B, 64B)" file="/opt/pytorch/nvfuser/tests/cpp/test_mma.cpp" line="786" status="run" result="completed" time="0.384" timestamp="2025-04-30T07:39:47.052" classname="MmaTest/HopperSS" />
    <testcase name="SingleTileTransposed/Hopper_64_240_16_NT_64B_128B__half" value_param="(8-byte object &lt;10-00 F0-00 40-00 04-00&gt;, __half, 4-byte object &lt;00-00 00-00&gt;, 64B, 128B)" file="/opt/pytorch/nvfuser/tests/cpp/test_mma.cpp" line="786" status="run" result="completed" time="0.323" timestamp="2025-04-30T07:39:47.437" classname="MmaTest/HopperSS" />
    <testcase name="SingleTileTransposed/Hopper_64_240_16_TT_64B_32B__bfloat" value_param="(8-byte object &lt;10-00 F0-00 40-00 04-00&gt;, __bfloat, 4-byte object &lt;01-00 00-00&gt;, 64B, 32B)" file="/opt/pytorch/nvfuser/tests/cpp/test_mma.cpp" line="786" status="run" result="completed" time="0.311" timestamp="2025-04-30T07:39:47.761" classname="MmaTest/HopperSS" />
    <testcase name="SingleTileTransposed/Hopper_64_240_16_NT_32B_32B__bfloat" value_param="(8-byte object &lt;10-00 F0-00 40-00 04-00&gt;, __bfloat, 4-byte object &lt;00-00 00-00&gt;, 32B, 32B)" file="/opt/pytorch/nvfuser/tests/cpp/test_mma.cpp" line="786" status="run" result="completed" time="0.317" timestamp="2025-04-30T07:39:48.073" classname="MmaTest/HopperSS" />
    <testcase name="SingleTileTransposed/Hopper_64_240_16_NN_128B_128B__bfloat" value_param="(8-byte object &lt;10-00 F0-00 40-00 04-00&gt;, __bfloat, 4-byte object &lt;03-00 00-00&gt;, 128B, 128B)" file="/opt/pytorch/nvfuser/tests/cpp/test_mma.cpp" line="786" status="run" result="completed" time="0.585" timestamp="2025-04-30T07:39:48.391" classname="MmaTest/HopperSS" />
    <testcase name="SingleTileTransposed/Hopper_64_248_16_TT_NoSwizzle_NoSwizzle__half" value_param="(8-byte object &lt;10-00 F8-00 40-00 04-00&gt;, __half, 4-byte object &lt;01-00 00-00&gt;, NoSwizzle, NoSwizzle)" file="/opt/pytorch/nvfuser/tests/cpp/test_mma.cpp" line="786" status="run" result="completed" time="0.305" timestamp="2025-04-30T07:39:48.976" classname="MmaTest/HopperSS" />
    <testcase name="SingleTileTransposed/Hopper_64_248_16_TN_NoSwizzle_NoSwizzle__half" value_param="(8-byte object &lt;10-00 F8-00 40-00 04-00&gt;, __half, 4-byte object &lt;02-00 00-00&gt;, NoSwizzle, NoSwizzle)" file="/opt/pytorch/nvfuser/tests/cpp/test_mma.cpp" line="786" status="run" result="completed" time="0.212" timestamp="2025-04-30T07:39:49.281" classname="MmaTest/HopperSS" />
    <testcase name="SingleTileTransposed/Hopper_64_248_16_TN_64B_128B__half" value_param="(8-byte object &lt;10-00 F8-00 40-00 04-00&gt;, __half, 4-byte object &lt;02-00 00-00&gt;, 64B, 128B)" file="/opt/pytorch/nvfuser/tests/cpp/test_mma.cpp" line="786" status="run" result="completed" time="0.632" timestamp="2025-04-30T07:39:49.494" classname="MmaTest/HopperSS" />
    <testcase name="SingleTileTransposed/Hopper_64_248_16_NT_128B_64B__half" value_param="(8-byte object &lt;10-00 F8-00 40-00 04-00&gt;, __half, 4-byte object &lt;00-00 00-00&gt;, 128B, 64B)" file="/opt/pytorch/nvfuser/tests/cpp/test_mma.cpp" line="786" status="run" result="completed" time="0.317" timestamp="2025-04-30T07:39:50.127" classname="MmaTest/HopperSS" />
    <testcase name="SingleTileTransposed/Hopper_64_248_16_TT_128B_32B__bfloat" value_param="(8-byte object &lt;10-00 F8-00 40-00 04-00&gt;, __bfloat, 4-byte object &lt;01-00 00-00&gt;, 128B, 32B)" file="/opt/pytorch/nvfuser/tests/cpp/test_mma.cpp" line="786" status="run" result="completed" time="0.347" timestamp="2025-04-30T07:39:50.444" classname="MmaTest/HopperSS" />
    <testcase name="SingleTileTransposed/Hopper_64_248_16_NT_NoSwizzle_128B__bfloat" value_param="(8-byte object &lt;10-00 F8-00 40-00 04-00&gt;, __bfloat, 4-byte object &lt;00-00 00-00&gt;, NoSwizzle, 128B)" file="/opt/pytorch/nvfuser/tests/cpp/test_mma.cpp" line="786" status="run" result="completed" time="0.279" timestamp="2025-04-30T07:39:50.791" classname="MmaTest/HopperSS" />
    <testcase name="SingleTileTransposed/Hopper_64_248_16_NT_32B_32B__bfloat" value_param="(8-byte object &lt;10-00 F8-00 40-00 04-00&gt;, __bfloat, 4-byte object &lt;00-00 00-00&gt;, 32B, 32B)" file="/opt/pytorch/nvfuser/tests/cpp/test_mma.cpp" line="786" status="run" result="completed" time="0.321" timestamp="2025-04-30T07:39:51.071" classname="MmaTest/HopperSS" />
    <testcase name="SingleTileTransposed/Hopper_64_256_16_TT_NoSwizzle_NoSwizzle__half" value_param="(8-byte object &lt;10-00 00-01 40-00 04-00&gt;, __half, 4-byte object &lt;01-00 00-00&gt;, NoSwizzle, NoSwizzle)" file="/opt/pytorch/nvfuser/tests/cpp/test_mma.cpp" line="786" status="run" result="completed" time="0.256" timestamp="2025-04-30T07:39:51.393" classname="MmaTest/HopperSS" />
    <testcase name="SingleTileTransposed/Hopper_64_256_16_NN_128B_128B__half" value_param="(8-byte object &lt;10-00 00-01 40-00 04-00&gt;, __half, 4-byte object &lt;03-00 00-00&gt;, 128B, 128B)" file="/opt/pytorch/nvfuser/tests/cpp/test_mma.cpp" line="786" status="run" result="completed" time="0.624" timestamp="2025-04-30T07:39:51.650" classname="MmaTest/HopperSS" />
    <testcase name="SingleTileTransposed/Hopper_64_256_16_TT_128B_32B__bfloat" value_param="(8-byte object &lt;10-00 00-01 40-00 04-00&gt;, __bfloat, 4-byte object &lt;01-00 00-00&gt;, 128B, 32B)" file="/opt/pytorch/nvfuser/tests/cpp/test_mma.cpp" line="786" status="run" result="completed" time="0.347" timestamp="2025-04-30T07:39:52.274" classname="MmaTest/HopperSS" />
    <testcase name="SingleTileTransposed/Hopper_64_256_16_TN_NoSwizzle_32B__bfloat" value_param="(8-byte object &lt;10-00 00-01 40-00 04-00&gt;, __bfloat, 4-byte object &lt;02-00 00-00&gt;, NoSwizzle, 32B)" file="/opt/pytorch/nvfuser/tests/cpp/test_mma.cpp" line="786" status="run" result="completed" time="0.26" timestamp="2025-04-30T07:39:52.622" classname="MmaTest/HopperSS" />
    <testcase name="SingleTileTransposed/Hopper_64_256_16_NN_NoSwizzle_128B__bfloat" value_param="(8-byte object &lt;10-00 00-01 40-00 04-00&gt;, __bfloat, 4-byte object &lt;03-00 00-00&gt;, NoSwizzle, 128B)" file="/opt/pytorch/nvfuser/tests/cpp/test_mma.cpp" line="786" status="run" result="completed" time="0.601" timestamp="2025-04-30T07:39:52.882" classname="MmaTest/HopperSS" />
    <testcase name="MultipleTile/Hopper_64_8_16_TT_NoSwizzle_NoSwizzle__half" value_param="(8-byte object &lt;10-00 08-00 40-00 04-00&gt;, __half, 4-byte object &lt;01-00 00-00&gt;, NoSwizzle, NoSwizzle)" file="/opt/pytorch/nvfuser/tests/cpp/test_mma.cpp" line="958" status="run" result="completed" time="0.199" timestamp="2025-04-30T07:39:53.484" classname="MmaTest/HopperSS" />
    <testcase name="MultipleTile/Hopper_64_8_16_TT_NoSwizzle_32B__half" value_param="(8-byte object &lt;10-00 08-00 40-00 04-00&gt;, __half, 4-byte object &lt;01-00 00-00&gt;, NoSwizzle, 32B)" file="/opt/pytorch/nvfuser/tests/cpp/test_mma.cpp" line="958" status="run" result="completed" time="0.221" timestamp="2025-04-30T07:39:53.683" classname="MmaTest/HopperSS" />
    <testcase name="MultipleTile/Hopper_64_8_16_TT_32B_NoSwizzle__half" value_param="(8-byte object &lt;10-00 08-00 40-00 04-00&gt;, __half, 4-byte object &lt;01-00 00-00&gt;, 32B, NoSwizzle)" file="/opt/pytorch/nvfuser/tests/cpp/test_mma.cpp" line="958" status="run" result="completed" time="0.219" timestamp="2025-04-30T07:39:53.904" classname="MmaTest/HopperSS" />
    <testcase name="MultipleTile/Hopper_64_8_16_NT_32B_NoSwizzle__half" value_param="(8-byte object &lt;10-00 08-00 40-00 04-00&gt;, __half, 4-byte object &lt;00-00 00-00&gt;, 32B, NoSwizzle)" file="/opt/pytorch/nvfuser/tests/cpp/test_mma.cpp" line="958" status="run" result="completed" time="0.224" timestamp="2025-04-30T07:39:54.124" classname="MmaTest/HopperSS" />
    <testcase name="MultipleTile/Hopper_64_8_16_NN_64B_64B__half" value_param="(8-byte object &lt;10-00 08-00 40-00 04-00&gt;, __half, 4-byte object &lt;03-00 00-00&gt;, 64B, 64B)" file="/opt/pytorch/nvfuser/tests/cpp/test_mma.cpp" line="958" status="run" result="completed" time="0.263" timestamp="2025-04-30T07:39:54.348" classname="MmaTest/HopperSS" />
    <testcase name="MultipleTile/Hopper_64_8_16_TN_128B_32B__bfloat" value_param="(8-byte object &lt;10-00 08-00 40-00 04-00&gt;, __bfloat, 4-byte object &lt;02-00 00-00&gt;, 128B, 32B)" file="/opt/pytorch/nvfuser/tests/cpp/test_mma.cpp" line="958" status="run" result="completed" time="0.347" timestamp="2025-04-30T07:39:54.612" classname="MmaTest/HopperSS" />
    <testcase name="MultipleTile/Hopper_64_8_16_NT_64B_NoSwizzle__bfloat" value_param="(8-byte object &lt;10-00 08-00 40-00 04-00&gt;, __bfloat, 4-byte object &lt;00-00 00-00&gt;, 64B, NoSwizzle)" file="/opt/pytorch/nvfuser/tests/cpp/test_mma.cpp" line="958" status="run" result="completed" time="0.247" timestamp="2025-04-30T07:39:54.960" classname="MmaTest/HopperSS" />
    <testcase name="MultipleTile/Hopper_64_16_16_TT_NoSwizzle_NoSwizzle__half" value_param="(8-byte object &lt;10-00 10-00 40-00 04-00&gt;, __half, 4-byte object &lt;01-00 00-00&gt;, NoSwizzle, NoSwizzle)" file="/opt/pytorch/nvfuser/tests/cpp/test_mma.cpp" line="958" status="run" result="completed" time="0.213" timestamp="2025-04-30T07:39:55.207" classname="MmaTest/HopperSS" />
    <testcase name="MultipleTile/Hopper_64_16_16_NN_128B_64B__half" value_param="(8-byte object &lt;10-00 10-00 40-00 04-00&gt;, __half, 4-byte object &lt;03-00 00-00&gt;, 128B, 64B)" file="/opt/pytorch/nvfuser/tests/cpp/test_mma.cpp" line="958" status="run" result="completed" time="0.263" timestamp="2025-04-30T07:39:55.421" classname="MmaTest/HopperSS" />
    <testcase name="MultipleTile/Hopper_64_16_16_NT_32B_64B__bfloat" value_param="(8-byte object &lt;10-00 10-00 40-00 04-00&gt;, __bfloat, 4-byte object &lt;00-00 00-00&gt;, 32B, 64B)" file="/opt/pytorch/nvfuser/tests/cpp/test_mma.cpp" line="958" status="run" result="completed" time="0.262" timestamp="2025-04-30T07:39:55.684" classname="MmaTest/HopperSS" />
    <testcase name="MultipleTile/Hopper_64_24_16_TT_NoSwizzle_NoSwizzle__half" value_param="(8-byte object &lt;10-00 18-00 40-00 04-00&gt;, __half, 4-byte object &lt;01-00 00-00&gt;, NoSwizzle, NoSwizzle)" file="/opt/pytorch/nvfuser/tests/cpp/test_mma.cpp" line="958" status="run" result="completed" time="0.23" timestamp="2025-04-30T07:39:55.946" classname="MmaTest/HopperSS" />
    <testcase name="MultipleTile/Hopper_64_24_16_NT_32B_64B__half" value_param="(8-byte object &lt;10-00 18-00 40-00 04-00&gt;, __half, 4-byte object &lt;00-00 00-00&gt;, 32B, 64B)" file="/opt/pytorch/nvfuser/tests/cpp/test_mma.cpp" line="958" status="run" result="skipped" time="0." timestamp="2025-04-30T07:39:56.177" classname="MmaTest/HopperSS">
      <skipped message="/opt/pytorch/nvfuser/tests/cpp/test_mma.cpp:967&#x0A;This test stores smem inputs on the inner dimension densely, which is not compatible with this macro and swizzle mode because TensorCore instructions span multiple swizzle patterns unevenly.&#x0A;"><![CDATA[/opt/pytorch/nvfuser/tests/cpp/test_mma.cpp:967
This test stores smem inputs on the inner dimension densely, which is not compatible with this macro and swizzle mode because TensorCore instructions span multiple swizzle patterns unevenly.
]]></skipped>
    </testcase>
    <testcase name="MultipleTile/Hopper_64_24_16_TT_64B_NoSwizzle__bfloat" value_param="(8-byte object &lt;10-00 18-00 40-00 04-00&gt;, __bfloat, 4-byte object &lt;01-00 00-00&gt;, 64B, NoSwizzle)" file="/opt/pytorch/nvfuser/tests/cpp/test_mma.cpp" line="958" status="run" result="completed" time="0.258" timestamp="2025-04-30T07:39:56.177" classname="MmaTest/HopperSS" />
    <testcase name="MultipleTile/Hopper_64_24_16_TT_32B_64B__bfloat" value_param="(8-byte object &lt;10-00 18-00 40-00 04-00&gt;, __bfloat, 4-byte object &lt;01-00 00-00&gt;, 32B, 64B)" file="/opt/pytorch/nvfuser/tests/cpp/test_mma.cpp" line="958" status="run" result="skipped" time="0." timestamp="2025-04-30T07:39:56.436" classname="MmaTest/HopperSS">
      <skipped message="/opt/pytorch/nvfuser/tests/cpp/test_mma.cpp:967&#x0A;This test stores smem inputs on the inner dimension densely, which is not compatible with this macro and swizzle mode because TensorCore instructions span multiple swizzle patterns unevenly.&#x0A;"><![CDATA[/opt/pytorch/nvfuser/tests/cpp/test_mma.cpp:967
This test stores smem inputs on the inner dimension densely, which is not compatible with this macro and swizzle mode because TensorCore instructions span multiple swizzle patterns unevenly.
]]></skipped>
    </testcase>
    <testcase name="MultipleTile/Hopper_64_24_16_TN_128B_64B__bfloat" value_param="(8-byte object &lt;10-00 18-00 40-00 04-00&gt;, __bfloat, 4-byte object &lt;02-00 00-00&gt;, 128B, 64B)" file="/opt/pytorch/nvfuser/tests/cpp/test_mma.cpp" line="958" status="run" result="completed" time="0.363" timestamp="2025-04-30T07:39:56.436" classname="MmaTest/HopperSS" />
    <testcase name="MultipleTile/Hopper_64_24_16_NT_64B_NoSwizzle__bfloat" value_param="(8-byte object &lt;10-00 18-00 40-00 04-00&gt;, __bfloat, 4-byte object &lt;00-00 00-00&gt;, 64B, NoSwizzle)" file="/opt/pytorch/nvfuser/tests/cpp/test_mma.cpp" line="958" status="run" result="completed" time="0.279" timestamp="2025-04-30T07:39:56.799" classname="MmaTest/HopperSS" />
    <testcase name="MultipleTile/Hopper_64_24_16_NN_64B_128B__bfloat" value_param="(8-byte object &lt;10-00 18-00 40-00 04-00&gt;, __bfloat, 4-byte object &lt;03-00 00-00&gt;, 64B, 128B)" file="/opt/pytorch/nvfuser/tests/cpp/test_mma.cpp" line="958" status="run" result="completed" time="0.323" timestamp="2025-04-30T07:39:57.079" classname="MmaTest/HopperSS" />
    <testcase name="MultipleTile/Hopper_64_32_16_TT_128B_128B__half" value_param="(8-byte object &lt;10-00 20-00 40-00 04-00&gt;, __half, 4-byte object &lt;01-00 00-00&gt;, 128B, 128B)" file="/opt/pytorch/nvfuser/tests/cpp/test_mma.cpp" line="958" status="run" result="completed" time="0.36" timestamp="2025-04-30T07:39:57.403" classname="MmaTest/HopperSS" />
    <testcase name="MultipleTile/Hopper_64_32_16_TT_32B_128B__half" value_param="(8-byte object &lt;10-00 20-00 40-00 04-00&gt;, __half, 4-byte object &lt;01-00 00-00&gt;, 32B, 128B)" file="/opt/pytorch/nvfuser/tests/cpp/test_mma.cpp" line="958" status="run" result="completed" time="0.283" timestamp="2025-04-30T07:39:57.763" classname="MmaTest/HopperSS" />
    <testcase name="MultipleTile/Hopper_64_32_16_TN_128B_32B__half" value_param="(8-byte object &lt;10-00 20-00 40-00 04-00&gt;, __half, 4-byte object &lt;02-00 00-00&gt;, 128B, 32B)" file="/opt/pytorch/nvfuser/tests/cpp/test_mma.cpp" line="958" status="run" result="completed" time="0.392" timestamp="2025-04-30T07:39:58.047" classname="MmaTest/HopperSS" />
    <testcase name="MultipleTile/Hopper_64_32_16_NN_128B_128B__half" value_param="(8-byte object &lt;10-00 20-00 40-00 04-00&gt;, __half, 4-byte object &lt;03-00 00-00&gt;, 128B, 128B)" file="/opt/pytorch/nvfuser/tests/cpp/test_mma.cpp" line="958" status="run" result="completed" time="0.365" timestamp="2025-04-30T07:39:58.439" classname="MmaTest/HopperSS" />
    <testcase name="MultipleTile/Hopper_64_32_16_TN_128B_64B__bfloat" value_param="(8-byte object &lt;10-00 20-00 40-00 04-00&gt;, __bfloat, 4-byte object &lt;02-00 00-00&gt;, 128B, 64B)" file="/opt/pytorch/nvfuser/tests/cpp/test_mma.cpp" line="958" status="run" result="completed" time="0.379" timestamp="2025-04-30T07:39:58.805" classname="MmaTest/HopperSS" />
    <testcase name="MultipleTile/Hopper_64_32_16_NT_32B_128B__bfloat" value_param="(8-byte object &lt;10-00 20-00 40-00 04-00&gt;, __bfloat, 4-byte object &lt;00-00 00-00&gt;, 32B, 128B)" file="/opt/pytorch/nvfuser/tests/cpp/test_mma.cpp" line="958" status="run" result="completed" time="0.285" timestamp="2025-04-30T07:39:59.184" classname="MmaTest/HopperSS" />
    <testcase name="MultipleTile/Hopper_64_40_16_TT_NoSwizzle_NoSwizzle__half" value_param="(8-byte object &lt;10-00 28-00 40-00 04-00&gt;, __half, 4-byte object &lt;01-00 00-00&gt;, NoSwizzle, NoSwizzle)" file="/opt/pytorch/nvfuser/tests/cpp/test_mma.cpp" line="958" status="run" result="completed" time="0.269" timestamp="2025-04-30T07:39:59.469" classname="MmaTest/HopperSS" />
    <testcase name="MultipleTile/Hopper_64_40_16_TT_64B_NoSwizzle__half" value_param="(8-byte object &lt;10-00 28-00 40-00 04-00&gt;, __half, 4-byte object &lt;01-00 00-00&gt;, 64B, NoSwizzle)" file="/opt/pytorch/nvfuser/tests/cpp/test_mma.cpp" line="958" status="run" result="completed" time="0.295" timestamp="2025-04-30T07:39:59.738" classname="MmaTest/HopperSS" />
    <testcase name="MultipleTile/Hopper_64_40_16_NT_64B_128B__half" value_param="(8-byte object &lt;10-00 28-00 40-00 04-00&gt;, __half, 4-byte object &lt;00-00 00-00&gt;, 64B, 128B)" file="/opt/pytorch/nvfuser/tests/cpp/test_mma.cpp" line="958" status="run" result="skipped" time="0." timestamp="2025-04-30T07:40:00.034" classname="MmaTest/HopperSS">
      <skipped message="/opt/pytorch/nvfuser/tests/cpp/test_mma.cpp:967&#x0A;This test stores smem inputs on the inner dimension densely, which is not compatible with this macro and swizzle mode because TensorCore instructions span multiple swizzle patterns unevenly.&#x0A;"><![CDATA[/opt/pytorch/nvfuser/tests/cpp/test_mma.cpp:967
This test stores smem inputs on the inner dimension densely, which is not compatible with this macro and swizzle mode because TensorCore instructions span multiple swizzle patterns unevenly.
]]></skipped>
    </testcase>
    <testcase name="MultipleTile/Hopper_64_40_16_TT_64B_32B__bfloat" value_param="(8-byte object &lt;10-00 28-00 40-00 04-00&gt;, __bfloat, 4-byte object &lt;01-00 00-00&gt;, 64B, 32B)" file="/opt/pytorch/nvfuser/tests/cpp/test_mma.cpp" line="958" status="run" result="skipped" time="0." timestamp="2025-04-30T07:40:00.034" classname="MmaTest/HopperSS">
      <skipped message="/opt/pytorch/nvfuser/tests/cpp/test_mma.cpp:967&#x0A;This test stores smem inputs on the inner dimension densely, which is not compatible with this macro and swizzle mode because TensorCore instructions span multiple swizzle patterns unevenly.&#x0A;"><![CDATA[/opt/pytorch/nvfuser/tests/cpp/test_mma.cpp:967
This test stores smem inputs on the inner dimension densely, which is not compatible with this macro and swizzle mode because TensorCore instructions span multiple swizzle patterns unevenly.
]]></skipped>
    </testcase>
    <testcase name="MultipleTile/Hopper_64_40_16_TN_32B_32B__bfloat" value_param="(8-byte object &lt;10-00 28-00 40-00 04-00&gt;, __bfloat, 4-byte object &lt;02-00 00-00&gt;, 32B, 32B)" file="/opt/pytorch/nvfuser/tests/cpp/test_mma.cpp" line="958" status="run" result="completed" time="0.319" timestamp="2025-04-30T07:40:00.034" classname="MmaTest/HopperSS" />
    <testcase name="MultipleTile/Hopper_64_40_16_NN_128B_NoSwizzle__bfloat" value_param="(8-byte object &lt;10-00 28-00 40-00 04-00&gt;, __bfloat, 4-byte object &lt;03-00 00-00&gt;, 128B, NoSwizzle)" file="/opt/pytorch/nvfuser/tests/cpp/test_mma.cpp" line="958" status="run" result="completed" time="0.296" timestamp="2025-04-30T07:40:00.354" classname="MmaTest/HopperSS" />
    <testcase name="MultipleTile/Hopper_64_48_16_TN_32B_NoSwizzle__half" value_param="(8-byte object &lt;10-00 30-00 40-00 04-00&gt;, __half, 4-byte object &lt;02-00 00-00&gt;, 32B, NoSwizzle)" file="/opt/pytorch/nvfuser/tests/cpp/test_mma.cpp" line="958" status="run" result="completed" time="0.316" timestamp="2025-04-30T07:40:00.650" classname="MmaTest/HopperSS" />
    <testcase name="MultipleTile/Hopper_64_48_16_NN_NoSwizzle_32B__half" value_param="(8-byte object &lt;10-00 30-00 40-00 04-00&gt;, __half, 4-byte object &lt;03-00 00-00&gt;, NoSwizzle, 32B)" file="/opt/pytorch/nvfuser/tests/cpp/test_mma.cpp" line="958" status="run" result="completed" time="0.313" timestamp="2025-04-30T07:40:00.966" classname="MmaTest/HopperSS" />
    <testcase name="MultipleTile/Hopper_64_48_16_TT_NoSwizzle_128B__bfloat" value_param="(8-byte object &lt;10-00 30-00 40-00 04-00&gt;, __bfloat, 4-byte object &lt;01-00 00-00&gt;, NoSwizzle, 128B)" file="/opt/pytorch/nvfuser/tests/cpp/test_mma.cpp" line="958" status="run" result="skipped" time="0." timestamp="2025-04-30T07:40:01.280" classname="MmaTest/HopperSS">
      <skipped message="/opt/pytorch/nvfuser/tests/cpp/test_mma.cpp:967&#x0A;This test stores smem inputs on the inner dimension densely, which is not compatible with this macro and swizzle mode because TensorCore instructions span multiple swizzle patterns unevenly.&#x0A;"><![CDATA[/opt/pytorch/nvfuser/tests/cpp/test_mma.cpp:967
This test stores smem inputs on the inner dimension densely, which is not compatible with this macro and swizzle mode because TensorCore instructions span multiple swizzle patterns unevenly.
]]></skipped>
    </testcase>
    <testcase name="MultipleTile/Hopper_64_48_16_TN_NoSwizzle_NoSwizzle__bfloat" value_param="(8-byte object &lt;10-00 30-00 40-00 04-00&gt;, __bfloat, 4-byte object &lt;02-00 00-00&gt;, NoSwizzle, NoSwizzle)" file="/opt/pytorch/nvfuser/tests/cpp/test_mma.cpp" line="958" status="run" result="completed" time="0.27" timestamp="2025-04-30T07:40:01.280" classname="MmaTest/HopperSS" />
    <testcase name="MultipleTile/Hopper_64_48_16_NT_64B_64B__bfloat" value_param="(8-byte object &lt;10-00 30-00 40-00 04-00&gt;, __bfloat, 4-byte object &lt;00-00 00-00&gt;, 64B, 64B)" file="/opt/pytorch/nvfuser/tests/cpp/test_mma.cpp" line="958" status="run" result="skipped" time="0." timestamp="2025-04-30T07:40:01.550" classname="MmaTest/HopperSS">
      <skipped message="/opt/pytorch/nvfuser/tests/cpp/test_mma.cpp:967&#x0A;This test stores smem inputs on the inner dimension densely, which is not compatible with this macro and swizzle mode because TensorCore instructions span multiple swizzle patterns unevenly.&#x0A;"><![CDATA[/opt/pytorch/nvfuser/tests/cpp/test_mma.cpp:967
This test stores smem inputs on the inner dimension densely, which is not compatible with this macro and swizzle mode because TensorCore instructions span multiple swizzle patterns unevenly.
]]></skipped>
    </testcase>
    <testcase name="MultipleTile/Hopper_64_48_16_NN_64B_NoSwizzle__bfloat" value_param="(8-byte object &lt;10-00 30-00 40-00 04-00&gt;, __bfloat, 4-byte object &lt;03-00 00-00&gt;, 64B, NoSwizzle)" file="/opt/pytorch/nvfuser/tests/cpp/test_mma.cpp" line="958" status="run" result="completed" time="0.32" timestamp="2025-04-30T07:40:01.550" classname="MmaTest/HopperSS" />
    <testcase name="MultipleTile/Hopper_64_56_16_NT_64B_64B__half" value_param="(8-byte object &lt;10-00 38-00 40-00 04-00&gt;, __half, 4-byte object &lt;00-00 00-00&gt;, 64B, 64B)" file="/opt/pytorch/nvfuser/tests/cpp/test_mma.cpp" line="958" status="run" result="skipped" time="0." timestamp="2025-04-30T07:40:01.871" classname="MmaTest/HopperSS">
      <skipped message="/opt/pytorch/nvfuser/tests/cpp/test_mma.cpp:967&#x0A;This test stores smem inputs on the inner dimension densely, which is not compatible with this macro and swizzle mode because TensorCore instructions span multiple swizzle patterns unevenly.&#x0A;"><![CDATA[/opt/pytorch/nvfuser/tests/cpp/test_mma.cpp:967
This test stores smem inputs on the inner dimension densely, which is not compatible with this macro and swizzle mode because TensorCore instructions span multiple swizzle patterns unevenly.
]]></skipped>
    </testcase>
    <testcase name="MultipleTile/Hopper_64_56_16_TT_128B_64B__bfloat" value_param="(8-byte object &lt;10-00 38-00 40-00 04-00&gt;, __bfloat, 4-byte object &lt;01-00 00-00&gt;, 128B, 64B)" file="/opt/pytorch/nvfuser/tests/cpp/test_mma.cpp" line="958" status="run" result="skipped" time="0." timestamp="2025-04-30T07:40:01.871" classname="MmaTest/HopperSS">
      <skipped message="/opt/pytorch/nvfuser/tests/cpp/test_mma.cpp:967&#x0A;This test stores smem inputs on the inner dimension densely, which is not compatible with this macro and swizzle mode because TensorCore instructions span multiple swizzle patterns unevenly.&#x0A;"><![CDATA[/opt/pytorch/nvfuser/tests/cpp/test_mma.cpp:967
This test stores smem inputs on the inner dimension densely, which is not compatible with this macro and swizzle mode because TensorCore instructions span multiple swizzle patterns unevenly.
]]></skipped>
    </testcase>
    <testcase name="MultipleTile/Hopper_64_64_16_TT_NoSwizzle_NoSwizzle__half" value_param="(8-byte object &lt;10-00 40-00 40-00 04-00&gt;, __half, 4-byte object &lt;01-00 00-00&gt;, NoSwizzle, NoSwizzle)" file="/opt/pytorch/nvfuser/tests/cpp/test_mma.cpp" line="958" status="run" result="completed" time="0.326" timestamp="2025-04-30T07:40:01.871" classname="MmaTest/HopperSS" />
    <testcase name="MultipleTile/Hopper_64_64_16_TN_32B_32B__half" value_param="(8-byte object &lt;10-00 40-00 40-00 04-00&gt;, __half, 4-byte object &lt;02-00 00-00&gt;, 32B, 32B)" file="/opt/pytorch/nvfuser/tests/cpp/test_mma.cpp" line="958" status="run" result="completed" time="0.36" timestamp="2025-04-30T07:40:02.197" classname="MmaTest/HopperSS" />
    <testcase name="MultipleTile/Hopper_64_64_16_TT_128B_128B__bfloat" value_param="(8-byte object &lt;10-00 40-00 40-00 04-00&gt;, __bfloat, 4-byte object &lt;01-00 00-00&gt;, 128B, 128B)" file="/opt/pytorch/nvfuser/tests/cpp/test_mma.cpp" line="958" status="run" result="completed" time="0.444" timestamp="2025-04-30T07:40:02.558" classname="MmaTest/HopperSS" />
    <testcase name="MultipleTile/Hopper_64_64_16_NN_32B_64B__bfloat" value_param="(8-byte object &lt;10-00 40-00 40-00 04-00&gt;, __bfloat, 4-byte object &lt;03-00 00-00&gt;, 32B, 64B)" file="/opt/pytorch/nvfuser/tests/cpp/test_mma.cpp" line="958" status="run" result="completed" time="0.376" timestamp="2025-04-30T07:40:03.003" classname="MmaTest/HopperSS" />
    <testcase name="MultipleTile/Hopper_64_72_16_TT_128B_128B__half" value_param="(8-byte object &lt;10-00 48-00 40-00 04-00&gt;, __half, 4-byte object &lt;01-00 00-00&gt;, 128B, 128B)" file="/opt/pytorch/nvfuser/tests/cpp/test_mma.cpp" line="958" status="run" result="skipped" time="0." timestamp="2025-04-30T07:40:03.379" classname="MmaTest/HopperSS">
      <skipped message="/opt/pytorch/nvfuser/tests/cpp/test_mma.cpp:967&#x0A;This test stores smem inputs on the inner dimension densely, which is not compatible with this macro and swizzle mode because TensorCore instructions span multiple swizzle patterns unevenly.&#x0A;"><![CDATA[/opt/pytorch/nvfuser/tests/cpp/test_mma.cpp:967
This test stores smem inputs on the inner dimension densely, which is not compatible with this macro and swizzle mode because TensorCore instructions span multiple swizzle patterns unevenly.
]]></skipped>
    </testcase>
    <testcase name="MultipleTile/Hopper_64_72_16_NT_64B_NoSwizzle__half" value_param="(8-byte object &lt;10-00 48-00 40-00 04-00&gt;, __half, 4-byte object &lt;00-00 00-00&gt;, 64B, NoSwizzle)" file="/opt/pytorch/nvfuser/tests/cpp/test_mma.cpp" line="958" status="run" result="completed" time="0.39" timestamp="2025-04-30T07:40:03.379" classname="MmaTest/HopperSS" />
    <testcase name="MultipleTile/Hopper_64_72_16_NN_128B_128B__half" value_param="(8-byte object &lt;10-00 48-00 40-00 04-00&gt;, __half, 4-byte object &lt;03-00 00-00&gt;, 128B, 128B)" file="/opt/pytorch/nvfuser/tests/cpp/test_mma.cpp" line="958" status="run" result="completed" time="0.503" timestamp="2025-04-30T07:40:03.769" classname="MmaTest/HopperSS" />
    <testcase name="MultipleTile/Hopper_64_72_16_NN_32B_64B__half" value_param="(8-byte object &lt;10-00 48-00 40-00 04-00&gt;, __half, 4-byte object &lt;03-00 00-00&gt;, 32B, 64B)" file="/opt/pytorch/nvfuser/tests/cpp/test_mma.cpp" line="958" status="run" result="completed" time="0.394" timestamp="2025-04-30T07:40:04.273" classname="MmaTest/HopperSS" />
    <testcase name="MultipleTile/Hopper_64_72_16_NT_128B_64B__bfloat" value_param="(8-byte object &lt;10-00 48-00 40-00 04-00&gt;, __bfloat, 4-byte object &lt;00-00 00-00&gt;, 128B, 64B)" file="/opt/pytorch/nvfuser/tests/cpp/test_mma.cpp" line="958" status="run" result="skipped" time="0." timestamp="2025-04-30T07:40:04.668" classname="MmaTest/HopperSS">
      <skipped message="/opt/pytorch/nvfuser/tests/cpp/test_mma.cpp:967&#x0A;This test stores smem inputs on the inner dimension densely, which is not compatible with this macro and swizzle mode because TensorCore instructions span multiple swizzle patterns unevenly.&#x0A;"><![CDATA[/opt/pytorch/nvfuser/tests/cpp/test_mma.cpp:967
This test stores smem inputs on the inner dimension densely, which is not compatible with this macro and swizzle mode because TensorCore instructions span multiple swizzle patterns unevenly.
]]></skipped>
    </testcase>
    <testcase name="MultipleTile/Hopper_64_72_16_NN_NoSwizzle_128B__bfloat" value_param="(8-byte object &lt;10-00 48-00 40-00 04-00&gt;, __bfloat, 4-byte object &lt;03-00 00-00&gt;, NoSwizzle, 128B)" file="/opt/pytorch/nvfuser/tests/cpp/test_mma.cpp" line="958" status="run" result="completed" time="0.479" timestamp="2025-04-30T07:40:04.668" classname="MmaTest/HopperSS" />
    <testcase name="MultipleTile/Hopper_64_80_16_TT_64B_NoSwizzle__half" value_param="(8-byte object &lt;10-00 50-00 40-00 04-00&gt;, __half, 4-byte object &lt;01-00 00-00&gt;, 64B, NoSwizzle)" file="/opt/pytorch/nvfuser/tests/cpp/test_mma.cpp" line="958" status="run" result="completed" time="0.396" timestamp="2025-04-30T07:40:05.148" classname="MmaTest/HopperSS" />
    <testcase name="MultipleTile/Hopper_64_80_16_NN_32B_128B__half" value_param="(8-byte object &lt;10-00 50-00 40-00 04-00&gt;, __half, 4-byte object &lt;03-00 00-00&gt;, 32B, 128B)" file="/opt/pytorch/nvfuser/tests/cpp/test_mma.cpp" line="958" status="run" result="completed" time="0.541" timestamp="2025-04-30T07:40:05.544" classname="MmaTest/HopperSS" />
    <testcase name="MultipleTile/Hopper_64_80_16_TN_NoSwizzle_64B__bfloat" value_param="(8-byte object &lt;10-00 50-00 40-00 04-00&gt;, __bfloat, 4-byte object &lt;02-00 00-00&gt;, NoSwizzle, 64B)" file="/opt/pytorch/nvfuser/tests/cpp/test_mma.cpp" line="958" status="run" result="completed" time="0.386" timestamp="2025-04-30T07:40:06.086" classname="MmaTest/HopperSS" />
    <testcase name="MultipleTile/Hopper_64_80_16_NN_NoSwizzle_NoSwizzle__bfloat" value_param="(8-byte object &lt;10-00 50-00 40-00 04-00&gt;, __bfloat, 4-byte object &lt;03-00 00-00&gt;, NoSwizzle, NoSwizzle)" file="/opt/pytorch/nvfuser/tests/cpp/test_mma.cpp" line="958" status="run" result="completed" time="0.371" timestamp="2025-04-30T07:40:06.472" classname="MmaTest/HopperSS" />
    <testcase name="MultipleTile/Hopper_64_80_16_NN_128B_32B__bfloat" value_param="(8-byte object &lt;10-00 50-00 40-00 04-00&gt;, __bfloat, 4-byte object &lt;03-00 00-00&gt;, 128B, 32B)" file="/opt/pytorch/nvfuser/tests/cpp/test_mma.cpp" line="958" status="run" result="completed" time="0.409" timestamp="2025-04-30T07:40:06.844" classname="MmaTest/HopperSS" />
    <testcase name="MultipleTile/Hopper_64_80_16_NN_32B_32B__bfloat" value_param="(8-byte object &lt;10-00 50-00 40-00 04-00&gt;, __bfloat, 4-byte object &lt;03-00 00-00&gt;, 32B, 32B)" file="/opt/pytorch/nvfuser/tests/cpp/test_mma.cpp" line="958" status="run" result="completed" time="0.398" timestamp="2025-04-30T07:40:07.254" classname="MmaTest/HopperSS" />
    <testcase name="MultipleTile/Hopper_64_88_16_TT_32B_64B__half" value_param="(8-byte object &lt;10-00 58-00 40-00 04-00&gt;, __half, 4-byte object &lt;01-00 00-00&gt;, 32B, 64B)" file="/opt/pytorch/nvfuser/tests/cpp/test_mma.cpp" line="958" status="run" result="skipped" time="0." timestamp="2025-04-30T07:40:07.652" classname="MmaTest/HopperSS">
      <skipped message="/opt/pytorch/nvfuser/tests/cpp/test_mma.cpp:967&#x0A;This test stores smem inputs on the inner dimension densely, which is not compatible with this macro and swizzle mode because TensorCore instructions span multiple swizzle patterns unevenly.&#x0A;"><![CDATA[/opt/pytorch/nvfuser/tests/cpp/test_mma.cpp:967
This test stores smem inputs on the inner dimension densely, which is not compatible with this macro and swizzle mode because TensorCore instructions span multiple swizzle patterns unevenly.
]]></skipped>
    </testcase>
    <testcase name="MultipleTile/Hopper_64_88_16_TN_32B_128B__half" value_param="(8-byte object &lt;10-00 58-00 40-00 04-00&gt;, __half, 4-byte object &lt;02-00 00-00&gt;, 32B, 128B)" file="/opt/pytorch/nvfuser/tests/cpp/test_mma.cpp" line="958" status="run" result="completed" time="0.581" timestamp="2025-04-30T07:40:07.652" classname="MmaTest/HopperSS" />
    <testcase name="MultipleTile/Hopper_64_88_16_TT_NoSwizzle_128B__bfloat" value_param="(8-byte object &lt;10-00 58-00 40-00 04-00&gt;, __bfloat, 4-byte object &lt;01-00 00-00&gt;, NoSwizzle, 128B)" file="/opt/pytorch/nvfuser/tests/cpp/test_mma.cpp" line="958" status="run" result="skipped" time="0." timestamp="2025-04-30T07:40:08.233" classname="MmaTest/HopperSS">
      <skipped message="/opt/pytorch/nvfuser/tests/cpp/test_mma.cpp:967&#x0A;This test stores smem inputs on the inner dimension densely, which is not compatible with this macro and swizzle mode because TensorCore instructions span multiple swizzle patterns unevenly.&#x0A;"><![CDATA[/opt/pytorch/nvfuser/tests/cpp/test_mma.cpp:967
This test stores smem inputs on the inner dimension densely, which is not compatible with this macro and swizzle mode because TensorCore instructions span multiple swizzle patterns unevenly.
]]></skipped>
    </testcase>
    <testcase name="MultipleTile/Hopper_64_88_16_NT_NoSwizzle_NoSwizzle__bfloat" value_param="(8-byte object &lt;10-00 58-00 40-00 04-00&gt;, __bfloat, 4-byte object &lt;00-00 00-00&gt;, NoSwizzle, NoSwizzle)" file="/opt/pytorch/nvfuser/tests/cpp/test_mma.cpp" line="958" status="run" result="completed" time="0.396" timestamp="2025-04-30T07:40:08.233" classname="MmaTest/HopperSS" />
    <testcase name="MultipleTile/Hopper_64_88_16_NT_64B_32B__bfloat" value_param="(8-byte object &lt;10-00 58-00 40-00 04-00&gt;, __bfloat, 4-byte object &lt;00-00 00-00&gt;, 64B, 32B)" file="/opt/pytorch/nvfuser/tests/cpp/test_mma.cpp" line="958" status="run" result="skipped" time="0." timestamp="2025-04-30T07:40:08.630" classname="MmaTest/HopperSS">
      <skipped message="/opt/pytorch/nvfuser/tests/cpp/test_mma.cpp:967&#x0A;This test stores smem inputs on the inner dimension densely, which is not compatible with this macro and swizzle mode because TensorCore instructions span multiple swizzle patterns unevenly.&#x0A;"><![CDATA[/opt/pytorch/nvfuser/tests/cpp/test_mma.cpp:967
This test stores smem inputs on the inner dimension densely, which is not compatible with this macro and swizzle mode because TensorCore instructions span multiple swizzle patterns unevenly.
]]></skipped>
    </testcase>
    <testcase name="MultipleTile/Hopper_64_88_16_NN_32B_64B__bfloat" value_param="(8-byte object &lt;10-00 58-00 40-00 04-00&gt;, __bfloat, 4-byte object &lt;03-00 00-00&gt;, 32B, 64B)" file="/opt/pytorch/nvfuser/tests/cpp/test_mma.cpp" line="958" status="run" result="completed" time="0.443" timestamp="2025-04-30T07:40:08.630" classname="MmaTest/HopperSS" />
    <testcase name="MultipleTile/Hopper_64_96_16_TN_NoSwizzle_NoSwizzle__half" value_param="(8-byte object &lt;10-00 60-00 40-00 04-00&gt;, __half, 4-byte object &lt;02-00 00-00&gt;, NoSwizzle, NoSwizzle)" file="/opt/pytorch/nvfuser/tests/cpp/test_mma.cpp" line="958" status="run" result="completed" time="0.42" timestamp="2025-04-30T07:40:09.073" classname="MmaTest/HopperSS" />
    <testcase name="MultipleTile/Hopper_64_96_16_NT_128B_64B__half" value_param="(8-byte object &lt;10-00 60-00 40-00 04-00&gt;, __half, 4-byte object &lt;00-00 00-00&gt;, 128B, 64B)" file="/opt/pytorch/nvfuser/tests/cpp/test_mma.cpp" line="958" status="run" result="completed" time="0.505" timestamp="2025-04-30T07:40:09.494" classname="MmaTest/HopperSS" />
    <testcase name="MultipleTile/Hopper_64_96_16_NN_128B_128B__half" value_param="(8-byte object &lt;10-00 60-00 40-00 04-00&gt;, __half, 4-byte object &lt;03-00 00-00&gt;, 128B, 128B)" file="/opt/pytorch/nvfuser/tests/cpp/test_mma.cpp" line="958" status="run" result="completed" time="0.642" timestamp="2025-04-30T07:40:09.999" classname="MmaTest/HopperSS" />
    <testcase name="MultipleTile/Hopper_64_96_16_TT_NoSwizzle_32B__bfloat" value_param="(8-byte object &lt;10-00 60-00 40-00 04-00&gt;, __bfloat, 4-byte object &lt;01-00 00-00&gt;, NoSwizzle, 32B)" file="/opt/pytorch/nvfuser/tests/cpp/test_mma.cpp" line="958" status="run" result="completed" time="0.434" timestamp="2025-04-30T07:40:10.642" classname="MmaTest/HopperSS" />
    <testcase name="MultipleTile/Hopper_64_96_16_TN_NoSwizzle_64B__bfloat" value_param="(8-byte object &lt;10-00 60-00 40-00 04-00&gt;, __bfloat, 4-byte object &lt;02-00 00-00&gt;, NoSwizzle, 64B)" file="/opt/pytorch/nvfuser/tests/cpp/test_mma.cpp" line="958" status="run" result="completed" time="0.443" timestamp="2025-04-30T07:40:11.077" classname="MmaTest/HopperSS" />
    <testcase name="MultipleTile/Hopper_64_96_16_NN_64B_64B__bfloat" value_param="(8-byte object &lt;10-00 60-00 40-00 04-00&gt;, __bfloat, 4-byte object &lt;03-00 00-00&gt;, 64B, 64B)" file="/opt/pytorch/nvfuser/tests/cpp/test_mma.cpp" line="958" status="run" result="completed" time="0.498" timestamp="2025-04-30T07:40:11.520" classname="MmaTest/HopperSS" />
    <testcase name="MultipleTile/Hopper_64_104_16_TT_128B_32B__half" value_param="(8-byte object &lt;10-00 68-00 40-00 04-00&gt;, __half, 4-byte object &lt;01-00 00-00&gt;, 128B, 32B)" file="/opt/pytorch/nvfuser/tests/cpp/test_mma.cpp" line="958" status="run" result="skipped" time="0." timestamp="2025-04-30T07:40:12.019" classname="MmaTest/HopperSS">
      <skipped message="/opt/pytorch/nvfuser/tests/cpp/test_mma.cpp:967&#x0A;This test stores smem inputs on the inner dimension densely, which is not compatible with this macro and swizzle mode because TensorCore instructions span multiple swizzle patterns unevenly.&#x0A;"><![CDATA[/opt/pytorch/nvfuser/tests/cpp/test_mma.cpp:967
This test stores smem inputs on the inner dimension densely, which is not compatible with this macro and swizzle mode because TensorCore instructions span multiple swizzle patterns unevenly.
]]></skipped>
    </testcase>
    <testcase name="MultipleTile/Hopper_64_104_16_TT_32B_32B__half" value_param="(8-byte object &lt;10-00 68-00 40-00 04-00&gt;, __half, 4-byte object &lt;01-00 00-00&gt;, 32B, 32B)" file="/opt/pytorch/nvfuser/tests/cpp/test_mma.cpp" line="958" status="run" result="skipped" time="0." timestamp="2025-04-30T07:40:12.019" classname="MmaTest/HopperSS">
      <skipped message="/opt/pytorch/nvfuser/tests/cpp/test_mma.cpp:967&#x0A;This test stores smem inputs on the inner dimension densely, which is not compatible with this macro and swizzle mode because TensorCore instructions span multiple swizzle patterns unevenly.&#x0A;"><![CDATA[/opt/pytorch/nvfuser/tests/cpp/test_mma.cpp:967
This test stores smem inputs on the inner dimension densely, which is not compatible with this macro and swizzle mode because TensorCore instructions span multiple swizzle patterns unevenly.
]]></skipped>
    </testcase>
    <testcase name="MultipleTile/Hopper_64_104_16_NT_128B_64B__half" value_param="(8-byte object &lt;10-00 68-00 40-00 04-00&gt;, __half, 4-byte object &lt;00-00 00-00&gt;, 128B, 64B)" file="/opt/pytorch/nvfuser/tests/cpp/test_mma.cpp" line="958" status="run" result="skipped" time="0." timestamp="2025-04-30T07:40:12.019" classname="MmaTest/HopperSS">
      <skipped message="/opt/pytorch/nvfuser/tests/cpp/test_mma.cpp:967&#x0A;This test stores smem inputs on the inner dimension densely, which is not compatible with this macro and swizzle mode because TensorCore instructions span multiple swizzle patterns unevenly.&#x0A;"><![CDATA[/opt/pytorch/nvfuser/tests/cpp/test_mma.cpp:967
This test stores smem inputs on the inner dimension densely, which is not compatible with this macro and swizzle mode because TensorCore instructions span multiple swizzle patterns unevenly.
]]></skipped>
    </testcase>
    <testcase name="MultipleTile/Hopper_64_104_16_NN_32B_32B__half" value_param="(8-byte object &lt;10-00 68-00 40-00 04-00&gt;, __half, 4-byte object &lt;03-00 00-00&gt;, 32B, 32B)" file="/opt/pytorch/nvfuser/tests/cpp/test_mma.cpp" line="958" status="run" result="completed" time="0.459" timestamp="2025-04-30T07:40:12.019" classname="MmaTest/HopperSS" />
    <testcase name="MultipleTile/Hopper_64_104_16_NT_NoSwizzle_32B__bfloat" value_param="(8-byte object &lt;10-00 68-00 40-00 04-00&gt;, __bfloat, 4-byte object &lt;00-00 00-00&gt;, NoSwizzle, 32B)" file="/opt/pytorch/nvfuser/tests/cpp/test_mma.cpp" line="958" status="run" result="skipped" time="0." timestamp="2025-04-30T07:40:12.479" classname="MmaTest/HopperSS">
      <skipped message="/opt/pytorch/nvfuser/tests/cpp/test_mma.cpp:967&#x0A;This test stores smem inputs on the inner dimension densely, which is not compatible with this macro and swizzle mode because TensorCore instructions span multiple swizzle patterns unevenly.&#x0A;"><![CDATA[/opt/pytorch/nvfuser/tests/cpp/test_mma.cpp:967
This test stores smem inputs on the inner dimension densely, which is not compatible with this macro and swizzle mode because TensorCore instructions span multiple swizzle patterns unevenly.
]]></skipped>
    </testcase>
    <testcase name="MultipleTile/Hopper_64_104_16_NT_64B_NoSwizzle__bfloat" value_param="(8-byte object &lt;10-00 68-00 40-00 04-00&gt;, __bfloat, 4-byte object &lt;00-00 00-00&gt;, 64B, NoSwizzle)" file="/opt/pytorch/nvfuser/tests/cpp/test_mma.cpp" line="958" status="run" result="completed" time="0.492" timestamp="2025-04-30T07:40:12.479" classname="MmaTest/HopperSS" />
    <testcase name="MultipleTile/Hopper_64_112_16_TT_128B_64B__half" value_param="(8-byte object &lt;10-00 70-00 40-00 04-00&gt;, __half, 4-byte object &lt;01-00 00-00&gt;, 128B, 64B)" file="/opt/pytorch/nvfuser/tests/cpp/test_mma.cpp" line="958" status="run" result="skipped" time="0." timestamp="2025-04-30T07:40:12.972" classname="MmaTest/HopperSS">
      <skipped message="/opt/pytorch/nvfuser/tests/cpp/test_mma.cpp:967&#x0A;This test stores smem inputs on the inner dimension densely, which is not compatible with this macro and swizzle mode because TensorCore instructions span multiple swizzle patterns unevenly.&#x0A;"><![CDATA[/opt/pytorch/nvfuser/tests/cpp/test_mma.cpp:967
This test stores smem inputs on the inner dimension densely, which is not compatible with this macro and swizzle mode because TensorCore instructions span multiple swizzle patterns unevenly.
]]></skipped>
    </testcase>
    <testcase name="MultipleTile/Hopper_64_112_16_TN_32B_64B__half" value_param="(8-byte object &lt;10-00 70-00 40-00 04-00&gt;, __half, 4-byte object &lt;02-00 00-00&gt;, 32B, 64B)" file="/opt/pytorch/nvfuser/tests/cpp/test_mma.cpp" line="958" status="run" result="completed" time="0.516" timestamp="2025-04-30T07:40:12.972" classname="MmaTest/HopperSS" />
    <testcase name="MultipleTile/Hopper_64_112_16_TT_128B_64B__bfloat" value_param="(8-byte object &lt;10-00 70-00 40-00 04-00&gt;, __bfloat, 4-byte object &lt;01-00 00-00&gt;, 128B, 64B)" file="/opt/pytorch/nvfuser/tests/cpp/test_mma.cpp" line="958" status="run" result="skipped" time="0." timestamp="2025-04-30T07:40:13.488" classname="MmaTest/HopperSS">
      <skipped message="/opt/pytorch/nvfuser/tests/cpp/test_mma.cpp:967&#x0A;This test stores smem inputs on the inner dimension densely, which is not compatible with this macro and swizzle mode because TensorCore instructions span multiple swizzle patterns unevenly.&#x0A;"><![CDATA[/opt/pytorch/nvfuser/tests/cpp/test_mma.cpp:967
This test stores smem inputs on the inner dimension densely, which is not compatible with this macro and swizzle mode because TensorCore instructions span multiple swizzle patterns unevenly.
]]></skipped>
    </testcase>
    <testcase name="MultipleTile/Hopper_64_112_16_TN_NoSwizzle_NoSwizzle__bfloat" value_param="(8-byte object &lt;10-00 70-00 40-00 04-00&gt;, __bfloat, 4-byte object &lt;02-00 00-00&gt;, NoSwizzle, NoSwizzle)" file="/opt/pytorch/nvfuser/tests/cpp/test_mma.cpp" line="958" status="run" result="completed" time="0.469" timestamp="2025-04-30T07:40:13.488" classname="MmaTest/HopperSS" />
    <testcase name="MultipleTile/Hopper_64_112_16_NN_128B_32B__bfloat" value_param="(8-byte object &lt;10-00 70-00 40-00 04-00&gt;, __bfloat, 4-byte object &lt;03-00 00-00&gt;, 128B, 32B)" file="/opt/pytorch/nvfuser/tests/cpp/test_mma.cpp" line="958" status="run" result="completed" time="0.487" timestamp="2025-04-30T07:40:13.958" classname="MmaTest/HopperSS" />
    <testcase name="MultipleTile/Hopper_64_120_16_TT_NoSwizzle_NoSwizzle__half" value_param="(8-byte object &lt;10-00 78-00 40-00 04-00&gt;, __half, 4-byte object &lt;01-00 00-00&gt;, NoSwizzle, NoSwizzle)" file="/opt/pytorch/nvfuser/tests/cpp/test_mma.cpp" line="958" status="run" result="completed" time="0.509" timestamp="2025-04-30T07:40:14.446" classname="MmaTest/HopperSS" />
    <testcase name="MultipleTile/Hopper_64_120_16_NT_NoSwizzle_NoSwizzle__half" value_param="(8-byte object &lt;10-00 78-00 40-00 04-00&gt;, __half, 4-byte object &lt;00-00 00-00&gt;, NoSwizzle, NoSwizzle)" file="/opt/pytorch/nvfuser/tests/cpp/test_mma.cpp" line="958" status="run" result="completed" time="0.509" timestamp="2025-04-30T07:40:14.956" classname="MmaTest/HopperSS" />
    <testcase name="MultipleTile/Hopper_64_120_16_TT_64B_NoSwizzle__bfloat" value_param="(8-byte object &lt;10-00 78-00 40-00 04-00&gt;, __bfloat, 4-byte object &lt;01-00 00-00&gt;, 64B, NoSwizzle)" file="/opt/pytorch/nvfuser/tests/cpp/test_mma.cpp" line="958" status="run" result="completed" time="0.536" timestamp="2025-04-30T07:40:15.466" classname="MmaTest/HopperSS" />
    <testcase name="MultipleTile/Hopper_64_120_16_TN_128B_NoSwizzle__bfloat" value_param="(8-byte object &lt;10-00 78-00 40-00 04-00&gt;, __bfloat, 4-byte object &lt;02-00 00-00&gt;, 128B, NoSwizzle)" file="/opt/pytorch/nvfuser/tests/cpp/test_mma.cpp" line="958" status="run" result="completed" time="0.612" timestamp="2025-04-30T07:40:16.002" classname="MmaTest/HopperSS" />
    <testcase name="MultipleTile/Hopper_64_120_16_NT_128B_64B__bfloat" value_param="(8-byte object &lt;10-00 78-00 40-00 04-00&gt;, __bfloat, 4-byte object &lt;00-00 00-00&gt;, 128B, 64B)" file="/opt/pytorch/nvfuser/tests/cpp/test_mma.cpp" line="958" status="run" result="skipped" time="0." timestamp="2025-04-30T07:40:16.614" classname="MmaTest/HopperSS">
      <skipped message="/opt/pytorch/nvfuser/tests/cpp/test_mma.cpp:967&#x0A;This test stores smem inputs on the inner dimension densely, which is not compatible with this macro and swizzle mode because TensorCore instructions span multiple swizzle patterns unevenly.&#x0A;"><![CDATA[/opt/pytorch/nvfuser/tests/cpp/test_mma.cpp:967
This test stores smem inputs on the inner dimension densely, which is not compatible with this macro and swizzle mode because TensorCore instructions span multiple swizzle patterns unevenly.
]]></skipped>
    </testcase>
    <testcase name="MultipleTile/Hopper_64_128_16_TT_NoSwizzle_NoSwizzle__half" value_param="(8-byte object &lt;10-00 80-00 40-00 04-00&gt;, __half, 4-byte object &lt;01-00 00-00&gt;, NoSwizzle, NoSwizzle)" file="/opt/pytorch/nvfuser/tests/cpp/test_mma.cpp" line="958" status="run" result="completed" time="0.53" timestamp="2025-04-30T07:40:16.614" classname="MmaTest/HopperSS" />
    <testcase name="MultipleTile/Hopper_64_128_16_NT_32B_32B__half" value_param="(8-byte object &lt;10-00 80-00 40-00 04-00&gt;, __half, 4-byte object &lt;00-00 00-00&gt;, 32B, 32B)" file="/opt/pytorch/nvfuser/tests/cpp/test_mma.cpp" line="958" status="run" result="completed" time="0.529" timestamp="2025-04-30T07:40:17.145" classname="MmaTest/HopperSS" />
    <testcase name="MultipleTile/Hopper_64_128_16_TT_128B_32B__bfloat" value_param="(8-byte object &lt;10-00 80-00 40-00 04-00&gt;, __bfloat, 4-byte object &lt;01-00 00-00&gt;, 128B, 32B)" file="/opt/pytorch/nvfuser/tests/cpp/test_mma.cpp" line="958" status="run" result="completed" time="0.632" timestamp="2025-04-30T07:40:17.674" classname="MmaTest/HopperSS" />
    <testcase name="MultipleTile/Hopper_64_128_16_NT_64B_NoSwizzle__bfloat" value_param="(8-byte object &lt;10-00 80-00 40-00 04-00&gt;, __bfloat, 4-byte object &lt;00-00 00-00&gt;, 64B, NoSwizzle)" file="/opt/pytorch/nvfuser/tests/cpp/test_mma.cpp" line="958" status="run" result="completed" time="0.579" timestamp="2025-04-30T07:40:18.307" classname="MmaTest/HopperSS" />
    <testcase name="MultipleTile/Hopper_64_136_16_TT_NoSwizzle_NoSwizzle__half" value_param="(8-byte object &lt;10-00 88-00 40-00 04-00&gt;, __half, 4-byte object &lt;01-00 00-00&gt;, NoSwizzle, NoSwizzle)" file="/opt/pytorch/nvfuser/tests/cpp/test_mma.cpp" line="958" status="run" result="completed" time="0.562" timestamp="2025-04-30T07:40:18.887" classname="MmaTest/HopperSS" />
    <testcase name="MultipleTile/Hopper_64_136_16_TT_128B_128B__half" value_param="(8-byte object &lt;10-00 88-00 40-00 04-00&gt;, __half, 4-byte object &lt;01-00 00-00&gt;, 128B, 128B)" file="/opt/pytorch/nvfuser/tests/cpp/test_mma.cpp" line="958" status="run" result="skipped" time="0." timestamp="2025-04-30T07:40:19.449" classname="MmaTest/HopperSS">
      <skipped message="/opt/pytorch/nvfuser/tests/cpp/test_mma.cpp:967&#x0A;This test stores smem inputs on the inner dimension densely, which is not compatible with this macro and swizzle mode because TensorCore instructions span multiple swizzle patterns unevenly.&#x0A;"><![CDATA[/opt/pytorch/nvfuser/tests/cpp/test_mma.cpp:967
This test stores smem inputs on the inner dimension densely, which is not compatible with this macro and swizzle mode because TensorCore instructions span multiple swizzle patterns unevenly.
]]></skipped>
    </testcase>
    <testcase name="MultipleTile/Hopper_64_136_16_NT_64B_64B__half" value_param="(8-byte object &lt;10-00 88-00 40-00 04-00&gt;, __half, 4-byte object &lt;00-00 00-00&gt;, 64B, 64B)" file="/opt/pytorch/nvfuser/tests/cpp/test_mma.cpp" line="958" status="run" result="skipped" time="0." timestamp="2025-04-30T07:40:19.449" classname="MmaTest/HopperSS">
      <skipped message="/opt/pytorch/nvfuser/tests/cpp/test_mma.cpp:967&#x0A;This test stores smem inputs on the inner dimension densely, which is not compatible with this macro and swizzle mode because TensorCore instructions span multiple swizzle patterns unevenly.&#x0A;"><![CDATA[/opt/pytorch/nvfuser/tests/cpp/test_mma.cpp:967
This test stores smem inputs on the inner dimension densely, which is not compatible with this macro and swizzle mode because TensorCore instructions span multiple swizzle patterns unevenly.
]]></skipped>
    </testcase>
    <testcase name="MultipleTile/Hopper_64_136_16_NN_64B_NoSwizzle__half" value_param="(8-byte object &lt;10-00 88-00 40-00 04-00&gt;, __half, 4-byte object &lt;03-00 00-00&gt;, 64B, NoSwizzle)" file="/opt/pytorch/nvfuser/tests/cpp/test_mma.cpp" line="958" status="run" result="completed" time="0.582" timestamp="2025-04-30T07:40:19.449" classname="MmaTest/HopperSS" />
    <testcase name="MultipleTile/Hopper_64_136_16_TT_64B_64B__bfloat" value_param="(8-byte object &lt;10-00 88-00 40-00 04-00&gt;, __bfloat, 4-byte object &lt;01-00 00-00&gt;, 64B, 64B)" file="/opt/pytorch/nvfuser/tests/cpp/test_mma.cpp" line="958" status="run" result="skipped" time="0." timestamp="2025-04-30T07:40:20.032" classname="MmaTest/HopperSS">
      <skipped message="/opt/pytorch/nvfuser/tests/cpp/test_mma.cpp:967&#x0A;This test stores smem inputs on the inner dimension densely, which is not compatible with this macro and swizzle mode because TensorCore instructions span multiple swizzle patterns unevenly.&#x0A;"><![CDATA[/opt/pytorch/nvfuser/tests/cpp/test_mma.cpp:967
This test stores smem inputs on the inner dimension densely, which is not compatible with this macro and swizzle mode because TensorCore instructions span multiple swizzle patterns unevenly.
]]></skipped>
    </testcase>
    <testcase name="MultipleTile/Hopper_64_136_16_NT_64B_32B__bfloat" value_param="(8-byte object &lt;10-00 88-00 40-00 04-00&gt;, __bfloat, 4-byte object &lt;00-00 00-00&gt;, 64B, 32B)" file="/opt/pytorch/nvfuser/tests/cpp/test_mma.cpp" line="958" status="run" result="skipped" time="0." timestamp="2025-04-30T07:40:20.032" classname="MmaTest/HopperSS">
      <skipped message="/opt/pytorch/nvfuser/tests/cpp/test_mma.cpp:967&#x0A;This test stores smem inputs on the inner dimension densely, which is not compatible with this macro and swizzle mode because TensorCore instructions span multiple swizzle patterns unevenly.&#x0A;"><![CDATA[/opt/pytorch/nvfuser/tests/cpp/test_mma.cpp:967
This test stores smem inputs on the inner dimension densely, which is not compatible with this macro and swizzle mode because TensorCore instructions span multiple swizzle patterns unevenly.
]]></skipped>
    </testcase>
    <testcase name="MultipleTile/Hopper_64_144_16_TT_128B_64B__half" value_param="(8-byte object &lt;10-00 90-00 40-00 04-00&gt;, __half, 4-byte object &lt;01-00 00-00&gt;, 128B, 64B)" file="/opt/pytorch/nvfuser/tests/cpp/test_mma.cpp" line="958" status="run" result="skipped" time="0." timestamp="2025-04-30T07:40:20.032" classname="MmaTest/HopperSS">
      <skipped message="/opt/pytorch/nvfuser/tests/cpp/test_mma.cpp:967&#x0A;This test stores smem inputs on the inner dimension densely, which is not compatible with this macro and swizzle mode because TensorCore instructions span multiple swizzle patterns unevenly.&#x0A;"><![CDATA[/opt/pytorch/nvfuser/tests/cpp/test_mma.cpp:967
This test stores smem inputs on the inner dimension densely, which is not compatible with this macro and swizzle mode because TensorCore instructions span multiple swizzle patterns unevenly.
]]></skipped>
    </testcase>
    <testcase name="MultipleTile/Hopper_64_144_16_TN_128B_128B__half" value_param="(8-byte object &lt;10-00 90-00 40-00 04-00&gt;, __half, 4-byte object &lt;02-00 00-00&gt;, 128B, 128B)" file="/opt/pytorch/nvfuser/tests/cpp/test_mma.cpp" line="958" status="run" result="completed" time="1.224" timestamp="2025-04-30T07:40:20.032" classname="MmaTest/HopperSS" />
    <testcase name="MultipleTile/Hopper_64_144_16_NT_32B_NoSwizzle__half" value_param="(8-byte object &lt;10-00 90-00 40-00 04-00&gt;, __half, 4-byte object &lt;00-00 00-00&gt;, 32B, NoSwizzle)" file="/opt/pytorch/nvfuser/tests/cpp/test_mma.cpp" line="958" status="run" result="completed" time="0.622" timestamp="2025-04-30T07:40:21.256" classname="MmaTest/HopperSS" />
    <testcase name="MultipleTile/Hopper_64_144_16_TT_NoSwizzle_32B__bfloat" value_param="(8-byte object &lt;10-00 90-00 40-00 04-00&gt;, __bfloat, 4-byte object &lt;01-00 00-00&gt;, NoSwizzle, 32B)" file="/opt/pytorch/nvfuser/tests/cpp/test_mma.cpp" line="958" status="run" result="completed" time="0.557" timestamp="2025-04-30T07:40:21.879" classname="MmaTest/HopperSS" />
    <testcase name="MultipleTile/Hopper_64_144_16_NT_64B_32B__bfloat" value_param="(8-byte object &lt;10-00 90-00 40-00 04-00&gt;, __bfloat, 4-byte object &lt;00-00 00-00&gt;, 64B, 32B)" file="/opt/pytorch/nvfuser/tests/cpp/test_mma.cpp" line="958" status="run" result="completed" time="0.612" timestamp="2025-04-30T07:40:22.436" classname="MmaTest/HopperSS" />
    <testcase name="MultipleTile/Hopper_64_144_16_NT_32B_32B__bfloat" value_param="(8-byte object &lt;10-00 90-00 40-00 04-00&gt;, __bfloat, 4-byte object &lt;00-00 00-00&gt;, 32B, 32B)" file="/opt/pytorch/nvfuser/tests/cpp/test_mma.cpp" line="958" status="run" result="completed" time="0.583" timestamp="2025-04-30T07:40:23.049" classname="MmaTest/HopperSS" />
    <testcase name="MultipleTile/Hopper_64_152_16_TT_64B_64B__half" value_param="(8-byte object &lt;10-00 98-00 40-00 04-00&gt;, __half, 4-byte object &lt;01-00 00-00&gt;, 64B, 64B)" file="/opt/pytorch/nvfuser/tests/cpp/test_mma.cpp" line="958" status="run" result="skipped" time="0." timestamp="2025-04-30T07:40:23.633" classname="MmaTest/HopperSS">
      <skipped message="/opt/pytorch/nvfuser/tests/cpp/test_mma.cpp:967&#x0A;This test stores smem inputs on the inner dimension densely, which is not compatible with this macro and swizzle mode because TensorCore instructions span multiple swizzle patterns unevenly.&#x0A;"><![CDATA[/opt/pytorch/nvfuser/tests/cpp/test_mma.cpp:967
This test stores smem inputs on the inner dimension densely, which is not compatible with this macro and swizzle mode because TensorCore instructions span multiple swizzle patterns unevenly.
]]></skipped>
    </testcase>
    <testcase name="MultipleTile/Hopper_64_152_16_TN_NoSwizzle_32B__half" value_param="(8-byte object &lt;10-00 98-00 40-00 04-00&gt;, __half, 4-byte object &lt;02-00 00-00&gt;, NoSwizzle, 32B)" file="/opt/pytorch/nvfuser/tests/cpp/test_mma.cpp" line="958" status="run" result="completed" time="0.598" timestamp="2025-04-30T07:40:23.633" classname="MmaTest/HopperSS" />
    <testcase name="MultipleTile/Hopper_64_152_16_NT_128B_64B__half" value_param="(8-byte object &lt;10-00 98-00 40-00 04-00&gt;, __half, 4-byte object &lt;00-00 00-00&gt;, 128B, 64B)" file="/opt/pytorch/nvfuser/tests/cpp/test_mma.cpp" line="958" status="run" result="skipped" time="0." timestamp="2025-04-30T07:40:24.231" classname="MmaTest/HopperSS">
      <skipped message="/opt/pytorch/nvfuser/tests/cpp/test_mma.cpp:967&#x0A;This test stores smem inputs on the inner dimension densely, which is not compatible with this macro and swizzle mode because TensorCore instructions span multiple swizzle patterns unevenly.&#x0A;"><![CDATA[/opt/pytorch/nvfuser/tests/cpp/test_mma.cpp:967
This test stores smem inputs on the inner dimension densely, which is not compatible with this macro and swizzle mode because TensorCore instructions span multiple swizzle patterns unevenly.
]]></skipped>
    </testcase>
    <testcase name="MultipleTile/Hopper_64_152_16_NN_32B_64B__half" value_param="(8-byte object &lt;10-00 98-00 40-00 04-00&gt;, __half, 4-byte object &lt;03-00 00-00&gt;, 32B, 64B)" file="/opt/pytorch/nvfuser/tests/cpp/test_mma.cpp" line="958" status="run" result="completed" time="0.678" timestamp="2025-04-30T07:40:24.231" classname="MmaTest/HopperSS" />
    <testcase name="MultipleTile/Hopper_64_152_16_TN_NoSwizzle_128B__bfloat" value_param="(8-byte object &lt;10-00 98-00 40-00 04-00&gt;, __bfloat, 4-byte object &lt;02-00 00-00&gt;, NoSwizzle, 128B)" file="/opt/pytorch/nvfuser/tests/cpp/test_mma.cpp" line="958" status="run" result="completed" time="0.945" timestamp="2025-04-30T07:40:24.910" classname="MmaTest/HopperSS" />
    <testcase name="MultipleTile/Hopper_64_152_16_NT_NoSwizzle_32B__bfloat" value_param="(8-byte object &lt;10-00 98-00 40-00 04-00&gt;, __bfloat, 4-byte object &lt;00-00 00-00&gt;, NoSwizzle, 32B)" file="/opt/pytorch/nvfuser/tests/cpp/test_mma.cpp" line="958" status="run" result="skipped" time="0." timestamp="2025-04-30T07:40:25.855" classname="MmaTest/HopperSS">
      <skipped message="/opt/pytorch/nvfuser/tests/cpp/test_mma.cpp:967&#x0A;This test stores smem inputs on the inner dimension densely, which is not compatible with this macro and swizzle mode because TensorCore instructions span multiple swizzle patterns unevenly.&#x0A;"><![CDATA[/opt/pytorch/nvfuser/tests/cpp/test_mma.cpp:967
This test stores smem inputs on the inner dimension densely, which is not compatible with this macro and swizzle mode because TensorCore instructions span multiple swizzle patterns unevenly.
]]></skipped>
    </testcase>
    <testcase name="MultipleTile/Hopper_64_152_16_NT_32B_32B__bfloat" value_param="(8-byte object &lt;10-00 98-00 40-00 04-00&gt;, __bfloat, 4-byte object &lt;00-00 00-00&gt;, 32B, 32B)" file="/opt/pytorch/nvfuser/tests/cpp/test_mma.cpp" line="958" status="run" result="skipped" time="0." timestamp="2025-04-30T07:40:25.855" classname="MmaTest/HopperSS">
      <skipped message="/opt/pytorch/nvfuser/tests/cpp/test_mma.cpp:967&#x0A;This test stores smem inputs on the inner dimension densely, which is not compatible with this macro and swizzle mode because TensorCore instructions span multiple swizzle patterns unevenly.&#x0A;"><![CDATA[/opt/pytorch/nvfuser/tests/cpp/test_mma.cpp:967
This test stores smem inputs on the inner dimension densely, which is not compatible with this macro and swizzle mode because TensorCore instructions span multiple swizzle patterns unevenly.
]]></skipped>
    </testcase>
    <testcase name="MultipleTile/Hopper_64_160_16_TT_NoSwizzle_128B__half" value_param="(8-byte object &lt;10-00 A0-00 40-00 04-00&gt;, __half, 4-byte object &lt;01-00 00-00&gt;, NoSwizzle, 128B)" file="/opt/pytorch/nvfuser/tests/cpp/test_mma.cpp" line="958" status="run" result="skipped" time="0." timestamp="2025-04-30T07:40:25.855" classname="MmaTest/HopperSS">
      <skipped message="/opt/pytorch/nvfuser/tests/cpp/test_mma.cpp:967&#x0A;This test stores smem inputs on the inner dimension densely, which is not compatible with this macro and swizzle mode because TensorCore instructions span multiple swizzle patterns unevenly.&#x0A;"><![CDATA[/opt/pytorch/nvfuser/tests/cpp/test_mma.cpp:967
This test stores smem inputs on the inner dimension densely, which is not compatible with this macro and swizzle mode because TensorCore instructions span multiple swizzle patterns unevenly.
]]></skipped>
    </testcase>
    <testcase name="MultipleTile/Hopper_64_160_16_TN_64B_64B__half" value_param="(8-byte object &lt;10-00 A0-00 40-00 04-00&gt;, __half, 4-byte object &lt;02-00 00-00&gt;, 64B, 64B)" file="/opt/pytorch/nvfuser/tests/cpp/test_mma.cpp" line="958" status="run" result="completed" time="0.712" timestamp="2025-04-30T07:40:25.856" classname="MmaTest/HopperSS" />
    <testcase name="MultipleTile/Hopper_64_160_16_NT_NoSwizzle_32B__half" value_param="(8-byte object &lt;10-00 A0-00 40-00 04-00&gt;, __half, 4-byte object &lt;00-00 00-00&gt;, NoSwizzle, 32B)" file="/opt/pytorch/nvfuser/tests/cpp/test_mma.cpp" line="958" status="run" result="completed" time="0.627" timestamp="2025-04-30T07:40:26.568" classname="MmaTest/HopperSS" />
    <testcase name="MultipleTile/Hopper_64_160_16_NN_32B_NoSwizzle__half" value_param="(8-byte object &lt;10-00 A0-00 40-00 04-00&gt;, __half, 4-byte object &lt;03-00 00-00&gt;, 32B, NoSwizzle)" file="/opt/pytorch/nvfuser/tests/cpp/test_mma.cpp" line="958" status="run" result="completed" time="0.675" timestamp="2025-04-30T07:40:27.195" classname="MmaTest/HopperSS" />
    <testcase name="MultipleTile/Hopper_64_160_16_NT_128B_64B__bfloat" value_param="(8-byte object &lt;10-00 A0-00 40-00 04-00&gt;, __bfloat, 4-byte object &lt;00-00 00-00&gt;, 128B, 64B)" file="/opt/pytorch/nvfuser/tests/cpp/test_mma.cpp" line="958" status="run" result="completed" time="0.75" timestamp="2025-04-30T07:40:27.871" classname="MmaTest/HopperSS" />
    <testcase name="MultipleTile/Hopper_64_160_16_NT_32B_32B__bfloat" value_param="(8-byte object &lt;10-00 A0-00 40-00 04-00&gt;, __bfloat, 4-byte object &lt;00-00 00-00&gt;, 32B, 32B)" file="/opt/pytorch/nvfuser/tests/cpp/test_mma.cpp" line="958" status="run" result="completed" time="0.602" timestamp="2025-04-30T07:40:28.621" classname="MmaTest/HopperSS" />
    <testcase name="MultipleTile/Hopper_64_160_16_NN_32B_NoSwizzle__bfloat" value_param="(8-byte object &lt;10-00 A0-00 40-00 04-00&gt;, __bfloat, 4-byte object &lt;03-00 00-00&gt;, 32B, NoSwizzle)" file="/opt/pytorch/nvfuser/tests/cpp/test_mma.cpp" line="958" status="run" result="completed" time="0.68" timestamp="2025-04-30T07:40:29.224" classname="MmaTest/HopperSS" />
    <testcase name="MultipleTile/Hopper_64_168_16_TT_128B_NoSwizzle__half" value_param="(8-byte object &lt;10-00 A8-00 40-00 04-00&gt;, __half, 4-byte object &lt;01-00 00-00&gt;, 128B, NoSwizzle)" file="/opt/pytorch/nvfuser/tests/cpp/test_mma.cpp" line="958" status="run" result="completed" time="0.837" timestamp="2025-04-30T07:40:29.905" classname="MmaTest/HopperSS" />
    <testcase name="MultipleTile/Hopper_64_168_16_TN_64B_NoSwizzle__half" value_param="(8-byte object &lt;10-00 A8-00 40-00 04-00&gt;, __half, 4-byte object &lt;02-00 00-00&gt;, 64B, NoSwizzle)" file="/opt/pytorch/nvfuser/tests/cpp/test_mma.cpp" line="958" status="run" result="completed" time="0.7" timestamp="2025-04-30T07:40:30.743" classname="MmaTest/HopperSS" />
    <testcase name="MultipleTile/Hopper_64_168_16_NT_64B_128B__half" value_param="(8-byte object &lt;10-00 A8-00 40-00 04-00&gt;, __half, 4-byte object &lt;00-00 00-00&gt;, 64B, 128B)" file="/opt/pytorch/nvfuser/tests/cpp/test_mma.cpp" line="958" status="run" result="skipped" time="0." timestamp="2025-04-30T07:40:31.443" classname="MmaTest/HopperSS">
      <skipped message="/opt/pytorch/nvfuser/tests/cpp/test_mma.cpp:967&#x0A;This test stores smem inputs on the inner dimension densely, which is not compatible with this macro and swizzle mode because TensorCore instructions span multiple swizzle patterns unevenly.&#x0A;"><![CDATA[/opt/pytorch/nvfuser/tests/cpp/test_mma.cpp:967
This test stores smem inputs on the inner dimension densely, which is not compatible with this macro and swizzle mode because TensorCore instructions span multiple swizzle patterns unevenly.
]]></skipped>
    </testcase>
    <testcase name="MultipleTile/Hopper_64_168_16_NN_64B_32B__half" value_param="(8-byte object &lt;10-00 A8-00 40-00 04-00&gt;, __half, 4-byte object &lt;03-00 00-00&gt;, 64B, 32B)" file="/opt/pytorch/nvfuser/tests/cpp/test_mma.cpp" line="958" status="run" result="completed" time="0.691" timestamp="2025-04-30T07:40:31.443" classname="MmaTest/HopperSS" />
    <testcase name="MultipleTile/Hopper_64_168_16_TT_128B_64B__bfloat" value_param="(8-byte object &lt;10-00 A8-00 40-00 04-00&gt;, __bfloat, 4-byte object &lt;01-00 00-00&gt;, 128B, 64B)" file="/opt/pytorch/nvfuser/tests/cpp/test_mma.cpp" line="958" status="run" result="skipped" time="0." timestamp="2025-04-30T07:40:32.135" classname="MmaTest/HopperSS">
      <skipped message="/opt/pytorch/nvfuser/tests/cpp/test_mma.cpp:967&#x0A;This test stores smem inputs on the inner dimension densely, which is not compatible with this macro and swizzle mode because TensorCore instructions span multiple swizzle patterns unevenly.&#x0A;"><![CDATA[/opt/pytorch/nvfuser/tests/cpp/test_mma.cpp:967
This test stores smem inputs on the inner dimension densely, which is not compatible with this macro and swizzle mode because TensorCore instructions span multiple swizzle patterns unevenly.
]]></skipped>
    </testcase>
    <testcase name="MultipleTile/Hopper_64_168_16_TN_64B_32B__bfloat" value_param="(8-byte object &lt;10-00 A8-00 40-00 04-00&gt;, __bfloat, 4-byte object &lt;02-00 00-00&gt;, 64B, 32B)" file="/opt/pytorch/nvfuser/tests/cpp/test_mma.cpp" line="958" status="run" result="completed" time="0.666" timestamp="2025-04-30T07:40:32.135" classname="MmaTest/HopperSS" />
    <testcase name="MultipleTile/Hopper_64_176_16_TT_NoSwizzle_NoSwizzle__half" value_param="(8-byte object &lt;10-00 B0-00 40-00 04-00&gt;, __half, 4-byte object &lt;01-00 00-00&gt;, NoSwizzle, NoSwizzle)" file="/opt/pytorch/nvfuser/tests/cpp/test_mma.cpp" line="958" status="run" result="completed" time="0.74" timestamp="2025-04-30T07:40:32.801" classname="MmaTest/HopperSS" />
    <testcase name="MultipleTile/Hopper_64_176_16_TN_128B_NoSwizzle__half" value_param="(8-byte object &lt;10-00 B0-00 40-00 04-00&gt;, __half, 4-byte object &lt;02-00 00-00&gt;, 128B, NoSwizzle)" file="/opt/pytorch/nvfuser/tests/cpp/test_mma.cpp" line="958" status="run" result="completed" time="0.855" timestamp="2025-04-30T07:40:33.541" classname="MmaTest/HopperSS" />
    <testcase name="MultipleTile/Hopper_64_176_16_NN_32B_NoSwizzle__half" value_param="(8-byte object &lt;10-00 B0-00 40-00 04-00&gt;, __half, 4-byte object &lt;03-00 00-00&gt;, 32B, NoSwizzle)" file="/opt/pytorch/nvfuser/tests/cpp/test_mma.cpp" line="958" status="run" result="completed" time="0.757" timestamp="2025-04-30T07:40:34.397" classname="MmaTest/HopperSS" />
    <testcase name="MultipleTile/Hopper_64_176_16_TT_128B_32B__bfloat" value_param="(8-byte object &lt;10-00 B0-00 40-00 04-00&gt;, __bfloat, 4-byte object &lt;01-00 00-00&gt;, 128B, 32B)" file="/opt/pytorch/nvfuser/tests/cpp/test_mma.cpp" line="958" status="run" result="completed" time="0.797" timestamp="2025-04-30T07:40:35.155" classname="MmaTest/HopperSS" />
    <testcase name="MultipleTile/Hopper_64_176_16_NT_128B_NoSwizzle__bfloat" value_param="(8-byte object &lt;10-00 B0-00 40-00 04-00&gt;, __bfloat, 4-byte object &lt;00-00 00-00&gt;, 128B, NoSwizzle)" file="/opt/pytorch/nvfuser/tests/cpp/test_mma.cpp" line="958" status="run" result="completed" time="0.764" timestamp="2025-04-30T07:40:35.952" classname="MmaTest/HopperSS" />
    <testcase name="MultipleTile/Hopper_64_176_16_NN_64B_128B__bfloat" value_param="(8-byte object &lt;10-00 B0-00 40-00 04-00&gt;, __bfloat, 4-byte object &lt;03-00 00-00&gt;, 64B, 128B)" file="/opt/pytorch/nvfuser/tests/cpp/test_mma.cpp" line="958" status="run" result="completed" time="1.163" timestamp="2025-04-30T07:40:36.717" classname="MmaTest/HopperSS" />
    <testcase name="MultipleTile/Hopper_64_184_16_TT_NoSwizzle_NoSwizzle__half" value_param="(8-byte object &lt;10-00 B8-00 40-00 04-00&gt;, __half, 4-byte object &lt;01-00 00-00&gt;, NoSwizzle, NoSwizzle)" file="/opt/pytorch/nvfuser/tests/cpp/test_mma.cpp" line="958" status="run" result="completed" time="0.808" timestamp="2025-04-30T07:40:37.880" classname="MmaTest/HopperSS" />
    <testcase name="MultipleTile/Hopper_64_184_16_TN_NoSwizzle_NoSwizzle__half" value_param="(8-byte object &lt;10-00 B8-00 40-00 04-00&gt;, __half, 4-byte object &lt;02-00 00-00&gt;, NoSwizzle, NoSwizzle)" file="/opt/pytorch/nvfuser/tests/cpp/test_mma.cpp" line="958" status="run" result="completed" time="0.773" timestamp="2025-04-30T07:40:38.689" classname="MmaTest/HopperSS" />
    <testcase name="MultipleTile/Hopper_64_184_16_NT_32B_32B__half" value_param="(8-byte object &lt;10-00 B8-00 40-00 04-00&gt;, __half, 4-byte object &lt;00-00 00-00&gt;, 32B, 32B)" file="/opt/pytorch/nvfuser/tests/cpp/test_mma.cpp" line="958" status="run" result="skipped" time="0." timestamp="2025-04-30T07:40:39.462" classname="MmaTest/HopperSS">
      <skipped message="/opt/pytorch/nvfuser/tests/cpp/test_mma.cpp:967&#x0A;This test stores smem inputs on the inner dimension densely, which is not compatible with this macro and swizzle mode because TensorCore instructions span multiple swizzle patterns unevenly.&#x0A;"><![CDATA[/opt/pytorch/nvfuser/tests/cpp/test_mma.cpp:967
This test stores smem inputs on the inner dimension densely, which is not compatible with this macro and swizzle mode because TensorCore instructions span multiple swizzle patterns unevenly.
]]></skipped>
    </testcase>
    <testcase name="MultipleTile/Hopper_64_184_16_TN_NoSwizzle_64B__bfloat" value_param="(8-byte object &lt;10-00 B8-00 40-00 04-00&gt;, __bfloat, 4-byte object &lt;02-00 00-00&gt;, NoSwizzle, 64B)" file="/opt/pytorch/nvfuser/tests/cpp/test_mma.cpp" line="958" status="run" result="completed" time="0.807" timestamp="2025-04-30T07:40:39.462" classname="MmaTest/HopperSS" />
    <testcase name="MultipleTile/Hopper_64_184_16_TN_64B_32B__bfloat" value_param="(8-byte object &lt;10-00 B8-00 40-00 04-00&gt;, __bfloat, 4-byte object &lt;02-00 00-00&gt;, 64B, 32B)" file="/opt/pytorch/nvfuser/tests/cpp/test_mma.cpp" line="958" status="run" result="completed" time="0.726" timestamp="2025-04-30T07:40:40.270" classname="MmaTest/HopperSS" />
    <testcase name="MultipleTile/Hopper_64_184_16_NN_32B_NoSwizzle__bfloat" value_param="(8-byte object &lt;10-00 B8-00 40-00 04-00&gt;, __bfloat, 4-byte object &lt;03-00 00-00&gt;, 32B, NoSwizzle)" file="/opt/pytorch/nvfuser/tests/cpp/test_mma.cpp" line="958" status="run" result="completed" time="0.795" timestamp="2025-04-30T07:40:40.997" classname="MmaTest/HopperSS" />
    <testcase name="MultipleTile/Hopper_64_192_16_TN_64B_64B__half" value_param="(8-byte object &lt;10-00 C0-00 40-00 04-00&gt;, __half, 4-byte object &lt;02-00 00-00&gt;, 64B, 64B)" file="/opt/pytorch/nvfuser/tests/cpp/test_mma.cpp" line="958" status="run" result="completed" time="0.887" timestamp="2025-04-30T07:40:41.793" classname="MmaTest/HopperSS" />
    <testcase name="MultipleTile/Hopper_64_192_16_NN_32B_64B__half" value_param="(8-byte object &lt;10-00 C0-00 40-00 04-00&gt;, __half, 4-byte object &lt;03-00 00-00&gt;, 32B, 64B)" file="/opt/pytorch/nvfuser/tests/cpp/test_mma.cpp" line="958" status="run" result="completed" time="0.882" timestamp="2025-04-30T07:40:42.680" classname="MmaTest/HopperSS" />
    <testcase name="MultipleTile/Hopper_64_192_16_TN_32B_NoSwizzle__bfloat" value_param="(8-byte object &lt;10-00 C0-00 40-00 04-00&gt;, __bfloat, 4-byte object &lt;02-00 00-00&gt;, 32B, NoSwizzle)" file="/opt/pytorch/nvfuser/tests/cpp/test_mma.cpp" line="958" status="run" result="completed" time="0.829" timestamp="2025-04-30T07:40:43.563" classname="MmaTest/HopperSS" />
    <testcase name="MultipleTile/Hopper_64_200_16_TT_64B_64B__half" value_param="(8-byte object &lt;10-00 C8-00 40-00 04-00&gt;, __half, 4-byte object &lt;01-00 00-00&gt;, 64B, 64B)" file="/opt/pytorch/nvfuser/tests/cpp/test_mma.cpp" line="958" status="run" result="skipped" time="0." timestamp="2025-04-30T07:40:44.393" classname="MmaTest/HopperSS">
      <skipped message="/opt/pytorch/nvfuser/tests/cpp/test_mma.cpp:967&#x0A;This test stores smem inputs on the inner dimension densely, which is not compatible with this macro and swizzle mode because TensorCore instructions span multiple swizzle patterns unevenly.&#x0A;"><![CDATA[/opt/pytorch/nvfuser/tests/cpp/test_mma.cpp:967
This test stores smem inputs on the inner dimension densely, which is not compatible with this macro and swizzle mode because TensorCore instructions span multiple swizzle patterns unevenly.
]]></skipped>
    </testcase>
    <testcase name="MultipleTile/Hopper_64_200_16_NT_64B_128B__half" value_param="(8-byte object &lt;10-00 C8-00 40-00 04-00&gt;, __half, 4-byte object &lt;00-00 00-00&gt;, 64B, 128B)" file="/opt/pytorch/nvfuser/tests/cpp/test_mma.cpp" line="958" status="run" result="skipped" time="0." timestamp="2025-04-30T07:40:44.393" classname="MmaTest/HopperSS">
      <skipped message="/opt/pytorch/nvfuser/tests/cpp/test_mma.cpp:967&#x0A;This test stores smem inputs on the inner dimension densely, which is not compatible with this macro and swizzle mode because TensorCore instructions span multiple swizzle patterns unevenly.&#x0A;"><![CDATA[/opt/pytorch/nvfuser/tests/cpp/test_mma.cpp:967
This test stores smem inputs on the inner dimension densely, which is not compatible with this macro and swizzle mode because TensorCore instructions span multiple swizzle patterns unevenly.
]]></skipped>
    </testcase>
    <testcase name="MultipleTile/Hopper_64_200_16_TT_128B_64B__bfloat" value_param="(8-byte object &lt;10-00 C8-00 40-00 04-00&gt;, __bfloat, 4-byte object &lt;01-00 00-00&gt;, 128B, 64B)" file="/opt/pytorch/nvfuser/tests/cpp/test_mma.cpp" line="958" status="run" result="skipped" time="0." timestamp="2025-04-30T07:40:44.393" classname="MmaTest/HopperSS">
      <skipped message="/opt/pytorch/nvfuser/tests/cpp/test_mma.cpp:967&#x0A;This test stores smem inputs on the inner dimension densely, which is not compatible with this macro and swizzle mode because TensorCore instructions span multiple swizzle patterns unevenly.&#x0A;"><![CDATA[/opt/pytorch/nvfuser/tests/cpp/test_mma.cpp:967
This test stores smem inputs on the inner dimension densely, which is not compatible with this macro and swizzle mode because TensorCore instructions span multiple swizzle patterns unevenly.
]]></skipped>
    </testcase>
    <testcase name="MultipleTile/Hopper_64_200_16_TN_64B_32B__bfloat" value_param="(8-byte object &lt;10-00 C8-00 40-00 04-00&gt;, __bfloat, 4-byte object &lt;02-00 00-00&gt;, 64B, 32B)" file="/opt/pytorch/nvfuser/tests/cpp/test_mma.cpp" line="958" status="run" result="completed" time="0.79" timestamp="2025-04-30T07:40:44.393" classname="MmaTest/HopperSS" />
    <testcase name="MultipleTile/Hopper_64_200_16_NN_64B_64B__bfloat" value_param="(8-byte object &lt;10-00 C8-00 40-00 04-00&gt;, __bfloat, 4-byte object &lt;03-00 00-00&gt;, 64B, 64B)" file="/opt/pytorch/nvfuser/tests/cpp/test_mma.cpp" line="958" status="run" result="completed" time="0.927" timestamp="2025-04-30T07:40:45.183" classname="MmaTest/HopperSS" />
    <testcase name="MultipleTile/Hopper_64_208_16_TN_NoSwizzle_NoSwizzle__half" value_param="(8-byte object &lt;10-00 D0-00 40-00 04-00&gt;, __half, 4-byte object &lt;02-00 00-00&gt;, NoSwizzle, NoSwizzle)" file="/opt/pytorch/nvfuser/tests/cpp/test_mma.cpp" line="958" status="run" result="completed" time="0.891" timestamp="2025-04-30T07:40:46.111" classname="MmaTest/HopperSS" />
    <testcase name="MultipleTile/Hopper_64_208_16_NN_NoSwizzle_128B__half" value_param="(8-byte object &lt;10-00 D0-00 40-00 04-00&gt;, __half, 4-byte object &lt;03-00 00-00&gt;, NoSwizzle, 128B)" file="/opt/pytorch/nvfuser/tests/cpp/test_mma.cpp" line="958" status="run" result="completed" time="1.341" timestamp="2025-04-30T07:40:47.002" classname="MmaTest/HopperSS" />
    <testcase name="MultipleTile/Hopper_64_208_16_TT_128B_64B__bfloat" value_param="(8-byte object &lt;10-00 D0-00 40-00 04-00&gt;, __bfloat, 4-byte object &lt;01-00 00-00&gt;, 128B, 64B)" file="/opt/pytorch/nvfuser/tests/cpp/test_mma.cpp" line="958" status="run" result="skipped" time="0." timestamp="2025-04-30T07:40:48.344" classname="MmaTest/HopperSS">
      <skipped message="/opt/pytorch/nvfuser/tests/cpp/test_mma.cpp:967&#x0A;This test stores smem inputs on the inner dimension densely, which is not compatible with this macro and swizzle mode because TensorCore instructions span multiple swizzle patterns unevenly.&#x0A;"><![CDATA[/opt/pytorch/nvfuser/tests/cpp/test_mma.cpp:967
This test stores smem inputs on the inner dimension densely, which is not compatible with this macro and swizzle mode because TensorCore instructions span multiple swizzle patterns unevenly.
]]></skipped>
    </testcase>
    <testcase name="MultipleTile/Hopper_64_208_16_TT_32B_32B__bfloat" value_param="(8-byte object &lt;10-00 D0-00 40-00 04-00&gt;, __bfloat, 4-byte object &lt;01-00 00-00&gt;, 32B, 32B)" file="/opt/pytorch/nvfuser/tests/cpp/test_mma.cpp" line="958" status="run" result="completed" time="0.78" timestamp="2025-04-30T07:40:48.344" classname="MmaTest/HopperSS" />
    <testcase name="MultipleTile/Hopper_64_208_16_NT_64B_64B__bfloat" value_param="(8-byte object &lt;10-00 D0-00 40-00 04-00&gt;, __bfloat, 4-byte object &lt;00-00 00-00&gt;, 64B, 64B)" file="/opt/pytorch/nvfuser/tests/cpp/test_mma.cpp" line="958" status="run" result="skipped" time="0." timestamp="2025-04-30T07:40:49.125" classname="MmaTest/HopperSS">
      <skipped message="/opt/pytorch/nvfuser/tests/cpp/test_mma.cpp:967&#x0A;This test stores smem inputs on the inner dimension densely, which is not compatible with this macro and swizzle mode because TensorCore instructions span multiple swizzle patterns unevenly.&#x0A;"><![CDATA[/opt/pytorch/nvfuser/tests/cpp/test_mma.cpp:967
This test stores smem inputs on the inner dimension densely, which is not compatible with this macro and swizzle mode because TensorCore instructions span multiple swizzle patterns unevenly.
]]></skipped>
    </testcase>
    <testcase name="MultipleTile/Hopper_64_216_16_TT_NoSwizzle_NoSwizzle__half" value_param="(8-byte object &lt;10-00 D8-00 40-00 04-00&gt;, __half, 4-byte object &lt;01-00 00-00&gt;, NoSwizzle, NoSwizzle)" file="/opt/pytorch/nvfuser/tests/cpp/test_mma.cpp" line="958" status="run" result="completed" time="0.952" timestamp="2025-04-30T07:40:49.125" classname="MmaTest/HopperSS" />
    <testcase name="MultipleTile/Hopper_64_216_16_TN_128B_64B__half" value_param="(8-byte object &lt;10-00 D8-00 40-00 04-00&gt;, __half, 4-byte object &lt;02-00 00-00&gt;, 128B, 64B)" file="/opt/pytorch/nvfuser/tests/cpp/test_mma.cpp" line="958" status="run" result="completed" time="1.169" timestamp="2025-04-30T07:40:50.077" classname="MmaTest/HopperSS" />
    <testcase name="MultipleTile/Hopper_64_216_16_NT_NoSwizzle_64B__half" value_param="(8-byte object &lt;10-00 D8-00 40-00 04-00&gt;, __half, 4-byte object &lt;00-00 00-00&gt;, NoSwizzle, 64B)" file="/opt/pytorch/nvfuser/tests/cpp/test_mma.cpp" line="958" status="run" result="skipped" time="0." timestamp="2025-04-30T07:40:51.246" classname="MmaTest/HopperSS">
      <skipped message="/opt/pytorch/nvfuser/tests/cpp/test_mma.cpp:967&#x0A;This test stores smem inputs on the inner dimension densely, which is not compatible with this macro and swizzle mode because TensorCore instructions span multiple swizzle patterns unevenly.&#x0A;"><![CDATA[/opt/pytorch/nvfuser/tests/cpp/test_mma.cpp:967
This test stores smem inputs on the inner dimension densely, which is not compatible with this macro and swizzle mode because TensorCore instructions span multiple swizzle patterns unevenly.
]]></skipped>
    </testcase>
    <testcase name="MultipleTile/Hopper_64_216_16_TN_NoSwizzle_64B__bfloat" value_param="(8-byte object &lt;10-00 D8-00 40-00 04-00&gt;, __bfloat, 4-byte object &lt;02-00 00-00&gt;, NoSwizzle, 64B)" file="/opt/pytorch/nvfuser/tests/cpp/test_mma.cpp" line="958" status="run" result="completed" time="0.974" timestamp="2025-04-30T07:40:51.246" classname="MmaTest/HopperSS" />
    <testcase name="MultipleTile/Hopper_64_216_16_NT_64B_128B__bfloat" value_param="(8-byte object &lt;10-00 D8-00 40-00 04-00&gt;, __bfloat, 4-byte object &lt;00-00 00-00&gt;, 64B, 128B)" file="/opt/pytorch/nvfuser/tests/cpp/test_mma.cpp" line="958" status="run" result="skipped" time="0." timestamp="2025-04-30T07:40:52.220" classname="MmaTest/HopperSS">
      <skipped message="/opt/pytorch/nvfuser/tests/cpp/test_mma.cpp:967&#x0A;This test stores smem inputs on the inner dimension densely, which is not compatible with this macro and swizzle mode because TensorCore instructions span multiple swizzle patterns unevenly.&#x0A;"><![CDATA[/opt/pytorch/nvfuser/tests/cpp/test_mma.cpp:967
This test stores smem inputs on the inner dimension densely, which is not compatible with this macro and swizzle mode because TensorCore instructions span multiple swizzle patterns unevenly.
]]></skipped>
    </testcase>
    <testcase name="MultipleTile/Hopper_64_224_16_TN_128B_32B__half" value_param="(8-byte object &lt;10-00 E0-00 40-00 04-00&gt;, __half, 4-byte object &lt;02-00 00-00&gt;, 128B, 32B)" file="/opt/pytorch/nvfuser/tests/cpp/test_mma.cpp" line="958" status="run" result="completed" time="1.013" timestamp="2025-04-30T07:40:52.220" classname="MmaTest/HopperSS" />
    <testcase name="MultipleTile/Hopper_64_224_16_TT_NoSwizzle_128B__bfloat" value_param="(8-byte object &lt;10-00 E0-00 40-00 04-00&gt;, __bfloat, 4-byte object &lt;01-00 00-00&gt;, NoSwizzle, 128B)" file="/opt/pytorch/nvfuser/tests/cpp/test_mma.cpp" line="958" status="run" result="skipped" time="0." timestamp="2025-04-30T07:40:53.234" classname="MmaTest/HopperSS">
      <skipped message="/opt/pytorch/nvfuser/tests/cpp/test_mma.cpp:967&#x0A;This test stores smem inputs on the inner dimension densely, which is not compatible with this macro and swizzle mode because TensorCore instructions span multiple swizzle patterns unevenly.&#x0A;"><![CDATA[/opt/pytorch/nvfuser/tests/cpp/test_mma.cpp:967
This test stores smem inputs on the inner dimension densely, which is not compatible with this macro and swizzle mode because TensorCore instructions span multiple swizzle patterns unevenly.
]]></skipped>
    </testcase>
    <testcase name="MultipleTile/Hopper_64_224_16_TT_32B_32B__bfloat" value_param="(8-byte object &lt;10-00 E0-00 40-00 04-00&gt;, __bfloat, 4-byte object &lt;01-00 00-00&gt;, 32B, 32B)" file="/opt/pytorch/nvfuser/tests/cpp/test_mma.cpp" line="958" status="run" result="completed" time="0.826" timestamp="2025-04-30T07:40:53.234" classname="MmaTest/HopperSS" />
    <testcase name="MultipleTile/Hopper_64_224_16_TN_64B_128B__bfloat" value_param="(8-byte object &lt;10-00 E0-00 40-00 04-00&gt;, __bfloat, 4-byte object &lt;02-00 00-00&gt;, 64B, 128B)" file="/opt/pytorch/nvfuser/tests/cpp/test_mma.cpp" line="958" status="run" result="completed" time="1.542" timestamp="2025-04-30T07:40:54.061" classname="MmaTest/HopperSS" />
    <testcase name="MultipleTile/Hopper_64_224_16_NT_128B_NoSwizzle__bfloat" value_param="(8-byte object &lt;10-00 E0-00 40-00 04-00&gt;, __bfloat, 4-byte object &lt;00-00 00-00&gt;, 128B, NoSwizzle)" file="/opt/pytorch/nvfuser/tests/cpp/test_mma.cpp" line="958" status="run" result="completed" time="1.04" timestamp="2025-04-30T07:40:55.603" classname="MmaTest/HopperSS" />
    <testcase name="MultipleTile/Hopper_64_224_16_NN_32B_64B__bfloat" value_param="(8-byte object &lt;10-00 E0-00 40-00 04-00&gt;, __bfloat, 4-byte object &lt;03-00 00-00&gt;, 32B, 64B)" file="/opt/pytorch/nvfuser/tests/cpp/test_mma.cpp" line="958" status="run" result="completed" time="1.032" timestamp="2025-04-30T07:40:56.644" classname="MmaTest/HopperSS" />
    <testcase name="MultipleTile/Hopper_64_232_16_TN_128B_128B__half" value_param="(8-byte object &lt;10-00 E8-00 40-00 04-00&gt;, __half, 4-byte object &lt;02-00 00-00&gt;, 128B, 128B)" file="/opt/pytorch/nvfuser/tests/cpp/test_mma.cpp" line="958" status="run" result="completed" time="1.957" timestamp="2025-04-30T07:40:57.676" classname="MmaTest/HopperSS" />
    <testcase name="MultipleTile/Hopper_64_232_16_TN_32B_32B__half" value_param="(8-byte object &lt;10-00 E8-00 40-00 04-00&gt;, __half, 4-byte object &lt;02-00 00-00&gt;, 32B, 32B)" file="/opt/pytorch/nvfuser/tests/cpp/test_mma.cpp" line="958" status="run" result="completed" time="0.864" timestamp="2025-04-30T07:40:59.633" classname="MmaTest/HopperSS" />
    <testcase name="MultipleTile/Hopper_64_232_16_NT_32B_64B__half" value_param="(8-byte object &lt;10-00 E8-00 40-00 04-00&gt;, __half, 4-byte object &lt;00-00 00-00&gt;, 32B, 64B)" file="/opt/pytorch/nvfuser/tests/cpp/test_mma.cpp" line="958" status="run" result="skipped" time="0." timestamp="2025-04-30T07:41:00.498" classname="MmaTest/HopperSS">
      <skipped message="/opt/pytorch/nvfuser/tests/cpp/test_mma.cpp:967&#x0A;This test stores smem inputs on the inner dimension densely, which is not compatible with this macro and swizzle mode because TensorCore instructions span multiple swizzle patterns unevenly.&#x0A;"><![CDATA[/opt/pytorch/nvfuser/tests/cpp/test_mma.cpp:967
This test stores smem inputs on the inner dimension densely, which is not compatible with this macro and swizzle mode because TensorCore instructions span multiple swizzle patterns unevenly.
]]></skipped>
    </testcase>
    <testcase name="MultipleTile/Hopper_64_232_16_NN_32B_64B__half" value_param="(8-byte object &lt;10-00 E8-00 40-00 04-00&gt;, __half, 4-byte object &lt;03-00 00-00&gt;, 32B, 64B)" file="/opt/pytorch/nvfuser/tests/cpp/test_mma.cpp" line="958" status="run" result="completed" time="1.109" timestamp="2025-04-30T07:41:00.498" classname="MmaTest/HopperSS" />
    <testcase name="MultipleTile/Hopper_64_232_16_TN_NoSwizzle_NoSwizzle__bfloat" value_param="(8-byte object &lt;10-00 E8-00 40-00 04-00&gt;, __bfloat, 4-byte object &lt;02-00 00-00&gt;, NoSwizzle, NoSwizzle)" file="/opt/pytorch/nvfuser/tests/cpp/test_mma.cpp" line="958" status="run" result="completed" time="1.023" timestamp="2025-04-30T07:41:01.608" classname="MmaTest/HopperSS" />
    <testcase name="MultipleTile/Hopper_64_232_16_TN_128B_32B__bfloat" value_param="(8-byte object &lt;10-00 E8-00 40-00 04-00&gt;, __bfloat, 4-byte object &lt;02-00 00-00&gt;, 128B, 32B)" file="/opt/pytorch/nvfuser/tests/cpp/test_mma.cpp" line="958" status="run" result="completed" time="1.047" timestamp="2025-04-30T07:41:02.632" classname="MmaTest/HopperSS" />
    <testcase name="MultipleTile/Hopper_64_232_16_NT_128B_32B__bfloat" value_param="(8-byte object &lt;10-00 E8-00 40-00 04-00&gt;, __bfloat, 4-byte object &lt;00-00 00-00&gt;, 128B, 32B)" file="/opt/pytorch/nvfuser/tests/cpp/test_mma.cpp" line="958" status="run" result="skipped" time="0." timestamp="2025-04-30T07:41:03.680" classname="MmaTest/HopperSS">
      <skipped message="/opt/pytorch/nvfuser/tests/cpp/test_mma.cpp:967&#x0A;This test stores smem inputs on the inner dimension densely, which is not compatible with this macro and swizzle mode because TensorCore instructions span multiple swizzle patterns unevenly.&#x0A;"><![CDATA[/opt/pytorch/nvfuser/tests/cpp/test_mma.cpp:967
This test stores smem inputs on the inner dimension densely, which is not compatible with this macro and swizzle mode because TensorCore instructions span multiple swizzle patterns unevenly.
]]></skipped>
    </testcase>
    <testcase name="MultipleTile/Hopper_64_240_16_TT_NoSwizzle_NoSwizzle__half" value_param="(8-byte object &lt;10-00 F0-00 40-00 04-00&gt;, __half, 4-byte object &lt;01-00 00-00&gt;, NoSwizzle, NoSwizzle)" file="/opt/pytorch/nvfuser/tests/cpp/test_mma.cpp" line="958" status="run" result="completed" time="1.117" timestamp="2025-04-30T07:41:03.680" classname="MmaTest/HopperSS" />
    <testcase name="MultipleTile/Hopper_64_240_16_TN_32B_64B__half" value_param="(8-byte object &lt;10-00 F0-00 40-00 04-00&gt;, __half, 4-byte object &lt;02-00 00-00&gt;, 32B, 64B)" file="/opt/pytorch/nvfuser/tests/cpp/test_mma.cpp" line="958" status="run" result="completed" time="1.155" timestamp="2025-04-30T07:41:04.798" classname="MmaTest/HopperSS" />
    <testcase name="MultipleTile/Hopper_64_240_16_NT_64B_128B__half" value_param="(8-byte object &lt;10-00 F0-00 40-00 04-00&gt;, __half, 4-byte object &lt;00-00 00-00&gt;, 64B, 128B)" file="/opt/pytorch/nvfuser/tests/cpp/test_mma.cpp" line="958" status="run" result="skipped" time="0." timestamp="2025-04-30T07:41:05.953" classname="MmaTest/HopperSS">
      <skipped message="/opt/pytorch/nvfuser/tests/cpp/test_mma.cpp:967&#x0A;This test stores smem inputs on the inner dimension densely, which is not compatible with this macro and swizzle mode because TensorCore instructions span multiple swizzle patterns unevenly.&#x0A;"><![CDATA[/opt/pytorch/nvfuser/tests/cpp/test_mma.cpp:967
This test stores smem inputs on the inner dimension densely, which is not compatible with this macro and swizzle mode because TensorCore instructions span multiple swizzle patterns unevenly.
]]></skipped>
    </testcase>
    <testcase name="MultipleTile/Hopper_64_240_16_TT_64B_32B__bfloat" value_param="(8-byte object &lt;10-00 F0-00 40-00 04-00&gt;, __bfloat, 4-byte object &lt;01-00 00-00&gt;, 64B, 32B)" file="/opt/pytorch/nvfuser/tests/cpp/test_mma.cpp" line="958" status="run" result="completed" time="0.885" timestamp="2025-04-30T07:41:05.953" classname="MmaTest/HopperSS" />
    <testcase name="MultipleTile/Hopper_64_240_16_NT_32B_32B__bfloat" value_param="(8-byte object &lt;10-00 F0-00 40-00 04-00&gt;, __bfloat, 4-byte object &lt;00-00 00-00&gt;, 32B, 32B)" file="/opt/pytorch/nvfuser/tests/cpp/test_mma.cpp" line="958" status="run" result="completed" time="0.891" timestamp="2025-04-30T07:41:06.839" classname="MmaTest/HopperSS" />
    <testcase name="MultipleTile/Hopper_64_240_16_NN_128B_128B__bfloat" value_param="(8-byte object &lt;10-00 F0-00 40-00 04-00&gt;, __bfloat, 4-byte object &lt;03-00 00-00&gt;, 128B, 128B)" file="/opt/pytorch/nvfuser/tests/cpp/test_mma.cpp" line="958" status="run" result="completed" time="1.777" timestamp="2025-04-30T07:41:07.730" classname="MmaTest/HopperSS" />
    <testcase name="MultipleTile/Hopper_64_248_16_TT_NoSwizzle_NoSwizzle__half" value_param="(8-byte object &lt;10-00 F8-00 40-00 04-00&gt;, __half, 4-byte object &lt;01-00 00-00&gt;, NoSwizzle, NoSwizzle)" file="/opt/pytorch/nvfuser/tests/cpp/test_mma.cpp" line="958" status="run" result="completed" time="1.165" timestamp="2025-04-30T07:41:09.508" classname="MmaTest/HopperSS" />
    <testcase name="MultipleTile/Hopper_64_248_16_TN_NoSwizzle_NoSwizzle__half" value_param="(8-byte object &lt;10-00 F8-00 40-00 04-00&gt;, __half, 4-byte object &lt;02-00 00-00&gt;, NoSwizzle, NoSwizzle)" file="/opt/pytorch/nvfuser/tests/cpp/test_mma.cpp" line="958" status="run" result="completed" time="1.123" timestamp="2025-04-30T07:41:10.673" classname="MmaTest/HopperSS" />
    <testcase name="MultipleTile/Hopper_64_248_16_TN_64B_128B__half" value_param="(8-byte object &lt;10-00 F8-00 40-00 04-00&gt;, __half, 4-byte object &lt;02-00 00-00&gt;, 64B, 128B)" file="/opt/pytorch/nvfuser/tests/cpp/test_mma.cpp" line="958" status="run" result="completed" time="1.781" timestamp="2025-04-30T07:41:11.797" classname="MmaTest/HopperSS" />
    <testcase name="MultipleTile/Hopper_64_248_16_NT_128B_64B__half" value_param="(8-byte object &lt;10-00 F8-00 40-00 04-00&gt;, __half, 4-byte object &lt;00-00 00-00&gt;, 128B, 64B)" file="/opt/pytorch/nvfuser/tests/cpp/test_mma.cpp" line="958" status="run" result="skipped" time="0." timestamp="2025-04-30T07:41:13.578" classname="MmaTest/HopperSS">
      <skipped message="/opt/pytorch/nvfuser/tests/cpp/test_mma.cpp:967&#x0A;This test stores smem inputs on the inner dimension densely, which is not compatible with this macro and swizzle mode because TensorCore instructions span multiple swizzle patterns unevenly.&#x0A;"><![CDATA[/opt/pytorch/nvfuser/tests/cpp/test_mma.cpp:967
This test stores smem inputs on the inner dimension densely, which is not compatible with this macro and swizzle mode because TensorCore instructions span multiple swizzle patterns unevenly.
]]></skipped>
    </testcase>
    <testcase name="MultipleTile/Hopper_64_248_16_TT_128B_32B__bfloat" value_param="(8-byte object &lt;10-00 F8-00 40-00 04-00&gt;, __bfloat, 4-byte object &lt;01-00 00-00&gt;, 128B, 32B)" file="/opt/pytorch/nvfuser/tests/cpp/test_mma.cpp" line="958" status="run" result="skipped" time="0." timestamp="2025-04-30T07:41:13.578" classname="MmaTest/HopperSS">
      <skipped message="/opt/pytorch/nvfuser/tests/cpp/test_mma.cpp:967&#x0A;This test stores smem inputs on the inner dimension densely, which is not compatible with this macro and swizzle mode because TensorCore instructions span multiple swizzle patterns unevenly.&#x0A;"><![CDATA[/opt/pytorch/nvfuser/tests/cpp/test_mma.cpp:967
This test stores smem inputs on the inner dimension densely, which is not compatible with this macro and swizzle mode because TensorCore instructions span multiple swizzle patterns unevenly.
]]></skipped>
    </testcase>
    <testcase name="MultipleTile/Hopper_64_248_16_NT_NoSwizzle_128B__bfloat" value_param="(8-byte object &lt;10-00 F8-00 40-00 04-00&gt;, __bfloat, 4-byte object &lt;00-00 00-00&gt;, NoSwizzle, 128B)" file="/opt/pytorch/nvfuser/tests/cpp/test_mma.cpp" line="958" status="run" result="skipped" time="0." timestamp="2025-04-30T07:41:13.578" classname="MmaTest/HopperSS">
      <skipped message="/opt/pytorch/nvfuser/tests/cpp/test_mma.cpp:967&#x0A;This test stores smem inputs on the inner dimension densely, which is not compatible with this macro and swizzle mode because TensorCore instructions span multiple swizzle patterns unevenly.&#x0A;"><![CDATA[/opt/pytorch/nvfuser/tests/cpp/test_mma.cpp:967
This test stores smem inputs on the inner dimension densely, which is not compatible with this macro and swizzle mode because TensorCore instructions span multiple swizzle patterns unevenly.
]]></skipped>
    </testcase>
    <testcase name="MultipleTile/Hopper_64_248_16_NT_32B_32B__bfloat" value_param="(8-byte object &lt;10-00 F8-00 40-00 04-00&gt;, __bfloat, 4-byte object &lt;00-00 00-00&gt;, 32B, 32B)" file="/opt/pytorch/nvfuser/tests/cpp/test_mma.cpp" line="958" status="run" result="skipped" time="0." timestamp="2025-04-30T07:41:13.578" classname="MmaTest/HopperSS">
      <skipped message="/opt/pytorch/nvfuser/tests/cpp/test_mma.cpp:967&#x0A;This test stores smem inputs on the inner dimension densely, which is not compatible with this macro and swizzle mode because TensorCore instructions span multiple swizzle patterns unevenly.&#x0A;"><![CDATA[/opt/pytorch/nvfuser/tests/cpp/test_mma.cpp:967
This test stores smem inputs on the inner dimension densely, which is not compatible with this macro and swizzle mode because TensorCore instructions span multiple swizzle patterns unevenly.
]]></skipped>
    </testcase>
    <testcase name="MultipleTile/Hopper_64_256_16_TT_NoSwizzle_NoSwizzle__half" value_param="(8-byte object &lt;10-00 00-01 40-00 04-00&gt;, __half, 4-byte object &lt;01-00 00-00&gt;, NoSwizzle, NoSwizzle)" file="/opt/pytorch/nvfuser/tests/cpp/test_mma.cpp" line="958" status="run" result="completed" time="1.24" timestamp="2025-04-30T07:41:13.578" classname="MmaTest/HopperSS" />
    <testcase name="MultipleTile/Hopper_64_256_16_NN_128B_128B__half" value_param="(8-byte object &lt;10-00 00-01 40-00 04-00&gt;, __half, 4-byte object &lt;03-00 00-00&gt;, 128B, 128B)" file="/opt/pytorch/nvfuser/tests/cpp/test_mma.cpp" line="958" status="run" result="completed" time="1.936" timestamp="2025-04-30T07:41:14.819" classname="MmaTest/HopperSS" />
    <testcase name="MultipleTile/Hopper_64_256_16_TT_128B_32B__bfloat" value_param="(8-byte object &lt;10-00 00-01 40-00 04-00&gt;, __bfloat, 4-byte object &lt;01-00 00-00&gt;, 128B, 32B)" file="/opt/pytorch/nvfuser/tests/cpp/test_mma.cpp" line="958" status="run" result="completed" time="1.165" timestamp="2025-04-30T07:41:16.756" classname="MmaTest/HopperSS" />
    <testcase name="MultipleTile/Hopper_64_256_16_TN_NoSwizzle_32B__bfloat" value_param="(8-byte object &lt;10-00 00-01 40-00 04-00&gt;, __bfloat, 4-byte object &lt;02-00 00-00&gt;, NoSwizzle, 32B)" file="/opt/pytorch/nvfuser/tests/cpp/test_mma.cpp" line="958" status="run" result="completed" time="0.903" timestamp="2025-04-30T07:41:17.921" classname="MmaTest/HopperSS" />
    <testcase name="MultipleTile/Hopper_64_256_16_NN_NoSwizzle_128B__bfloat" value_param="(8-byte object &lt;10-00 00-01 40-00 04-00&gt;, __bfloat, 4-byte object &lt;03-00 00-00&gt;, NoSwizzle, 128B)" file="/opt/pytorch/nvfuser/tests/cpp/test_mma.cpp" line="958" status="run" result="completed" time="1.839" timestamp="2025-04-30T07:41:18.824" classname="MmaTest/HopperSS" />
  </testsuite>
  <testsuite name="MmaTest/Blackwell1CTAM128SS" tests="170" failures="0" disabled="0" skipped="170" errors="0" time="0.001" timestamp="2025-04-30T07:41:20.664">
    <testcase name="SingleTile/Blackwell1CTA_128_16_16_TT_NoSwizzle_NoSwizzle__half" value_param="(8-byte object &lt;10-00 10-00 80-00 05-00&gt;, __half, 4-byte object &lt;01-00 00-00&gt;, NoSwizzle, NoSwizzle)" file="/opt/pytorch/nvfuser/tests/cpp/test_mma.cpp" line="1172" status="run" result="skipped" time="0." timestamp="2025-04-30T07:41:20.664" classname="MmaTest/Blackwell1CTAM128SS">
      <skipped message="/opt/pytorch/nvfuser/tests/cpp/utils.h:570&#x0A;skipping tests on non-Blackwell GPUs&#x0A;"><![CDATA[/opt/pytorch/nvfuser/tests/cpp/utils.h:570
skipping tests on non-Blackwell GPUs
]]></skipped>
    </testcase>
    <testcase name="SingleTile/Blackwell1CTA_128_16_16_TT_NoSwizzle_32B__half" value_param="(8-byte object &lt;10-00 10-00 80-00 05-00&gt;, __half, 4-byte object &lt;01-00 00-00&gt;, NoSwizzle, 32B)" file="/opt/pytorch/nvfuser/tests/cpp/test_mma.cpp" line="1172" status="run" result="skipped" time="0." timestamp="2025-04-30T07:41:20.664" classname="MmaTest/Blackwell1CTAM128SS">
      <skipped message="/opt/pytorch/nvfuser/tests/cpp/utils.h:570&#x0A;skipping tests on non-Blackwell GPUs&#x0A;"><![CDATA[/opt/pytorch/nvfuser/tests/cpp/utils.h:570
skipping tests on non-Blackwell GPUs
]]></skipped>
    </testcase>
    <testcase name="SingleTile/Blackwell1CTA_128_16_16_TT_32B_NoSwizzle__half" value_param="(8-byte object &lt;10-00 10-00 80-00 05-00&gt;, __half, 4-byte object &lt;01-00 00-00&gt;, 32B, NoSwizzle)" file="/opt/pytorch/nvfuser/tests/cpp/test_mma.cpp" line="1172" status="run" result="skipped" time="0." timestamp="2025-04-30T07:41:20.664" classname="MmaTest/Blackwell1CTAM128SS">
      <skipped message="/opt/pytorch/nvfuser/tests/cpp/utils.h:570&#x0A;skipping tests on non-Blackwell GPUs&#x0A;"><![CDATA[/opt/pytorch/nvfuser/tests/cpp/utils.h:570
skipping tests on non-Blackwell GPUs
]]></skipped>
    </testcase>
    <testcase name="SingleTile/Blackwell1CTA_128_16_16_NT_32B_NoSwizzle__half" value_param="(8-byte object &lt;10-00 10-00 80-00 05-00&gt;, __half, 4-byte object &lt;00-00 00-00&gt;, 32B, NoSwizzle)" file="/opt/pytorch/nvfuser/tests/cpp/test_mma.cpp" line="1172" status="run" result="skipped" time="0." timestamp="2025-04-30T07:41:20.664" classname="MmaTest/Blackwell1CTAM128SS">
      <skipped message="/opt/pytorch/nvfuser/tests/cpp/utils.h:570&#x0A;skipping tests on non-Blackwell GPUs&#x0A;"><![CDATA[/opt/pytorch/nvfuser/tests/cpp/utils.h:570
skipping tests on non-Blackwell GPUs
]]></skipped>
    </testcase>
    <testcase name="SingleTile/Blackwell1CTA_128_16_16_NN_64B_64B__half" value_param="(8-byte object &lt;10-00 10-00 80-00 05-00&gt;, __half, 4-byte object &lt;03-00 00-00&gt;, 64B, 64B)" file="/opt/pytorch/nvfuser/tests/cpp/test_mma.cpp" line="1172" status="run" result="skipped" time="0." timestamp="2025-04-30T07:41:20.664" classname="MmaTest/Blackwell1CTAM128SS">
      <skipped message="/opt/pytorch/nvfuser/tests/cpp/utils.h:570&#x0A;skipping tests on non-Blackwell GPUs&#x0A;"><![CDATA[/opt/pytorch/nvfuser/tests/cpp/utils.h:570
skipping tests on non-Blackwell GPUs
]]></skipped>
    </testcase>
    <testcase name="SingleTile/Blackwell1CTA_128_16_16_TN_128B_32B__bfloat" value_param="(8-byte object &lt;10-00 10-00 80-00 05-00&gt;, __bfloat, 4-byte object &lt;02-00 00-00&gt;, 128B, 32B)" file="/opt/pytorch/nvfuser/tests/cpp/test_mma.cpp" line="1172" status="run" result="skipped" time="0." timestamp="2025-04-30T07:41:20.664" classname="MmaTest/Blackwell1CTAM128SS">
      <skipped message="/opt/pytorch/nvfuser/tests/cpp/utils.h:570&#x0A;skipping tests on non-Blackwell GPUs&#x0A;"><![CDATA[/opt/pytorch/nvfuser/tests/cpp/utils.h:570
skipping tests on non-Blackwell GPUs
]]></skipped>
    </testcase>
    <testcase name="SingleTile/Blackwell1CTA_128_16_16_NT_64B_NoSwizzle__bfloat" value_param="(8-byte object &lt;10-00 10-00 80-00 05-00&gt;, __bfloat, 4-byte object &lt;00-00 00-00&gt;, 64B, NoSwizzle)" file="/opt/pytorch/nvfuser/tests/cpp/test_mma.cpp" line="1172" status="run" result="skipped" time="0." timestamp="2025-04-30T07:41:20.664" classname="MmaTest/Blackwell1CTAM128SS">
      <skipped message="/opt/pytorch/nvfuser/tests/cpp/utils.h:570&#x0A;skipping tests on non-Blackwell GPUs&#x0A;"><![CDATA[/opt/pytorch/nvfuser/tests/cpp/utils.h:570
skipping tests on non-Blackwell GPUs
]]></skipped>
    </testcase>
    <testcase name="SingleTile/Blackwell1CTA_128_32_16_TT_NoSwizzle_NoSwizzle__half" value_param="(8-byte object &lt;10-00 20-00 80-00 05-00&gt;, __half, 4-byte object &lt;01-00 00-00&gt;, NoSwizzle, NoSwizzle)" file="/opt/pytorch/nvfuser/tests/cpp/test_mma.cpp" line="1172" status="run" result="skipped" time="0." timestamp="2025-04-30T07:41:20.664" classname="MmaTest/Blackwell1CTAM128SS">
      <skipped message="/opt/pytorch/nvfuser/tests/cpp/utils.h:570&#x0A;skipping tests on non-Blackwell GPUs&#x0A;"><![CDATA[/opt/pytorch/nvfuser/tests/cpp/utils.h:570
skipping tests on non-Blackwell GPUs
]]></skipped>
    </testcase>
    <testcase name="SingleTile/Blackwell1CTA_128_32_16_NN_128B_64B__half" value_param="(8-byte object &lt;10-00 20-00 80-00 05-00&gt;, __half, 4-byte object &lt;03-00 00-00&gt;, 128B, 64B)" file="/opt/pytorch/nvfuser/tests/cpp/test_mma.cpp" line="1172" status="run" result="skipped" time="0." timestamp="2025-04-30T07:41:20.664" classname="MmaTest/Blackwell1CTAM128SS">
      <skipped message="/opt/pytorch/nvfuser/tests/cpp/utils.h:570&#x0A;skipping tests on non-Blackwell GPUs&#x0A;"><![CDATA[/opt/pytorch/nvfuser/tests/cpp/utils.h:570
skipping tests on non-Blackwell GPUs
]]></skipped>
    </testcase>
    <testcase name="SingleTile/Blackwell1CTA_128_32_16_NT_32B_64B__bfloat" value_param="(8-byte object &lt;10-00 20-00 80-00 05-00&gt;, __bfloat, 4-byte object &lt;00-00 00-00&gt;, 32B, 64B)" file="/opt/pytorch/nvfuser/tests/cpp/test_mma.cpp" line="1172" status="run" result="skipped" time="0." timestamp="2025-04-30T07:41:20.664" classname="MmaTest/Blackwell1CTAM128SS">
      <skipped message="/opt/pytorch/nvfuser/tests/cpp/utils.h:570&#x0A;skipping tests on non-Blackwell GPUs&#x0A;"><![CDATA[/opt/pytorch/nvfuser/tests/cpp/utils.h:570
skipping tests on non-Blackwell GPUs
]]></skipped>
    </testcase>
    <testcase name="SingleTile/Blackwell1CTA_128_48_16_TT_NoSwizzle_NoSwizzle__half" value_param="(8-byte object &lt;10-00 30-00 80-00 05-00&gt;, __half, 4-byte object &lt;01-00 00-00&gt;, NoSwizzle, NoSwizzle)" file="/opt/pytorch/nvfuser/tests/cpp/test_mma.cpp" line="1172" status="run" result="skipped" time="0." timestamp="2025-04-30T07:41:20.664" classname="MmaTest/Blackwell1CTAM128SS">
      <skipped message="/opt/pytorch/nvfuser/tests/cpp/utils.h:570&#x0A;skipping tests on non-Blackwell GPUs&#x0A;"><![CDATA[/opt/pytorch/nvfuser/tests/cpp/utils.h:570
skipping tests on non-Blackwell GPUs
]]></skipped>
    </testcase>
    <testcase name="SingleTile/Blackwell1CTA_128_48_16_NT_32B_64B__half" value_param="(8-byte object &lt;10-00 30-00 80-00 05-00&gt;, __half, 4-byte object &lt;00-00 00-00&gt;, 32B, 64B)" file="/opt/pytorch/nvfuser/tests/cpp/test_mma.cpp" line="1172" status="run" result="skipped" time="0." timestamp="2025-04-30T07:41:20.664" classname="MmaTest/Blackwell1CTAM128SS">
      <skipped message="/opt/pytorch/nvfuser/tests/cpp/utils.h:570&#x0A;skipping tests on non-Blackwell GPUs&#x0A;"><![CDATA[/opt/pytorch/nvfuser/tests/cpp/utils.h:570
skipping tests on non-Blackwell GPUs
]]></skipped>
    </testcase>
    <testcase name="SingleTile/Blackwell1CTA_128_48_16_TT_64B_NoSwizzle__bfloat" value_param="(8-byte object &lt;10-00 30-00 80-00 05-00&gt;, __bfloat, 4-byte object &lt;01-00 00-00&gt;, 64B, NoSwizzle)" file="/opt/pytorch/nvfuser/tests/cpp/test_mma.cpp" line="1172" status="run" result="skipped" time="0." timestamp="2025-04-30T07:41:20.664" classname="MmaTest/Blackwell1CTAM128SS">
      <skipped message="/opt/pytorch/nvfuser/tests/cpp/utils.h:570&#x0A;skipping tests on non-Blackwell GPUs&#x0A;"><![CDATA[/opt/pytorch/nvfuser/tests/cpp/utils.h:570
skipping tests on non-Blackwell GPUs
]]></skipped>
    </testcase>
    <testcase name="SingleTile/Blackwell1CTA_128_48_16_TT_32B_64B__bfloat" value_param="(8-byte object &lt;10-00 30-00 80-00 05-00&gt;, __bfloat, 4-byte object &lt;01-00 00-00&gt;, 32B, 64B)" file="/opt/pytorch/nvfuser/tests/cpp/test_mma.cpp" line="1172" status="run" result="skipped" time="0." timestamp="2025-04-30T07:41:20.664" classname="MmaTest/Blackwell1CTAM128SS">
      <skipped message="/opt/pytorch/nvfuser/tests/cpp/utils.h:570&#x0A;skipping tests on non-Blackwell GPUs&#x0A;"><![CDATA[/opt/pytorch/nvfuser/tests/cpp/utils.h:570
skipping tests on non-Blackwell GPUs
]]></skipped>
    </testcase>
    <testcase name="SingleTile/Blackwell1CTA_128_48_16_TN_128B_64B__bfloat" value_param="(8-byte object &lt;10-00 30-00 80-00 05-00&gt;, __bfloat, 4-byte object &lt;02-00 00-00&gt;, 128B, 64B)" file="/opt/pytorch/nvfuser/tests/cpp/test_mma.cpp" line="1172" status="run" result="skipped" time="0." timestamp="2025-04-30T07:41:20.664" classname="MmaTest/Blackwell1CTAM128SS">
      <skipped message="/opt/pytorch/nvfuser/tests/cpp/utils.h:570&#x0A;skipping tests on non-Blackwell GPUs&#x0A;"><![CDATA[/opt/pytorch/nvfuser/tests/cpp/utils.h:570
skipping tests on non-Blackwell GPUs
]]></skipped>
    </testcase>
    <testcase name="SingleTile/Blackwell1CTA_128_48_16_NT_64B_NoSwizzle__bfloat" value_param="(8-byte object &lt;10-00 30-00 80-00 05-00&gt;, __bfloat, 4-byte object &lt;00-00 00-00&gt;, 64B, NoSwizzle)" file="/opt/pytorch/nvfuser/tests/cpp/test_mma.cpp" line="1172" status="run" result="skipped" time="0." timestamp="2025-04-30T07:41:20.664" classname="MmaTest/Blackwell1CTAM128SS">
      <skipped message="/opt/pytorch/nvfuser/tests/cpp/utils.h:570&#x0A;skipping tests on non-Blackwell GPUs&#x0A;"><![CDATA[/opt/pytorch/nvfuser/tests/cpp/utils.h:570
skipping tests on non-Blackwell GPUs
]]></skipped>
    </testcase>
    <testcase name="SingleTile/Blackwell1CTA_128_48_16_NN_64B_128B__bfloat" value_param="(8-byte object &lt;10-00 30-00 80-00 05-00&gt;, __bfloat, 4-byte object &lt;03-00 00-00&gt;, 64B, 128B)" file="/opt/pytorch/nvfuser/tests/cpp/test_mma.cpp" line="1172" status="run" result="skipped" time="0." timestamp="2025-04-30T07:41:20.664" classname="MmaTest/Blackwell1CTAM128SS">
      <skipped message="/opt/pytorch/nvfuser/tests/cpp/utils.h:570&#x0A;skipping tests on non-Blackwell GPUs&#x0A;"><![CDATA[/opt/pytorch/nvfuser/tests/cpp/utils.h:570
skipping tests on non-Blackwell GPUs
]]></skipped>
    </testcase>
    <testcase name="SingleTile/Blackwell1CTA_128_64_16_TT_128B_128B__half" value_param="(8-byte object &lt;10-00 40-00 80-00 05-00&gt;, __half, 4-byte object &lt;01-00 00-00&gt;, 128B, 128B)" file="/opt/pytorch/nvfuser/tests/cpp/test_mma.cpp" line="1172" status="run" result="skipped" time="0." timestamp="2025-04-30T07:41:20.664" classname="MmaTest/Blackwell1CTAM128SS">
      <skipped message="/opt/pytorch/nvfuser/tests/cpp/utils.h:570&#x0A;skipping tests on non-Blackwell GPUs&#x0A;"><![CDATA[/opt/pytorch/nvfuser/tests/cpp/utils.h:570
skipping tests on non-Blackwell GPUs
]]></skipped>
    </testcase>
    <testcase name="SingleTile/Blackwell1CTA_128_64_16_TT_32B_128B__half" value_param="(8-byte object &lt;10-00 40-00 80-00 05-00&gt;, __half, 4-byte object &lt;01-00 00-00&gt;, 32B, 128B)" file="/opt/pytorch/nvfuser/tests/cpp/test_mma.cpp" line="1172" status="run" result="skipped" time="0." timestamp="2025-04-30T07:41:20.664" classname="MmaTest/Blackwell1CTAM128SS">
      <skipped message="/opt/pytorch/nvfuser/tests/cpp/utils.h:570&#x0A;skipping tests on non-Blackwell GPUs&#x0A;"><![CDATA[/opt/pytorch/nvfuser/tests/cpp/utils.h:570
skipping tests on non-Blackwell GPUs
]]></skipped>
    </testcase>
    <testcase name="SingleTile/Blackwell1CTA_128_64_16_TN_128B_32B__half" value_param="(8-byte object &lt;10-00 40-00 80-00 05-00&gt;, __half, 4-byte object &lt;02-00 00-00&gt;, 128B, 32B)" file="/opt/pytorch/nvfuser/tests/cpp/test_mma.cpp" line="1172" status="run" result="skipped" time="0." timestamp="2025-04-30T07:41:20.664" classname="MmaTest/Blackwell1CTAM128SS">
      <skipped message="/opt/pytorch/nvfuser/tests/cpp/utils.h:570&#x0A;skipping tests on non-Blackwell GPUs&#x0A;"><![CDATA[/opt/pytorch/nvfuser/tests/cpp/utils.h:570
skipping tests on non-Blackwell GPUs
]]></skipped>
    </testcase>
    <testcase name="SingleTile/Blackwell1CTA_128_64_16_NN_128B_128B__half" value_param="(8-byte object &lt;10-00 40-00 80-00 05-00&gt;, __half, 4-byte object &lt;03-00 00-00&gt;, 128B, 128B)" file="/opt/pytorch/nvfuser/tests/cpp/test_mma.cpp" line="1172" status="run" result="skipped" time="0." timestamp="2025-04-30T07:41:20.664" classname="MmaTest/Blackwell1CTAM128SS">
      <skipped message="/opt/pytorch/nvfuser/tests/cpp/utils.h:570&#x0A;skipping tests on non-Blackwell GPUs&#x0A;"><![CDATA[/opt/pytorch/nvfuser/tests/cpp/utils.h:570
skipping tests on non-Blackwell GPUs
]]></skipped>
    </testcase>
    <testcase name="SingleTile/Blackwell1CTA_128_64_16_TN_128B_64B__bfloat" value_param="(8-byte object &lt;10-00 40-00 80-00 05-00&gt;, __bfloat, 4-byte object &lt;02-00 00-00&gt;, 128B, 64B)" file="/opt/pytorch/nvfuser/tests/cpp/test_mma.cpp" line="1172" status="run" result="skipped" time="0." timestamp="2025-04-30T07:41:20.664" classname="MmaTest/Blackwell1CTAM128SS">
      <skipped message="/opt/pytorch/nvfuser/tests/cpp/utils.h:570&#x0A;skipping tests on non-Blackwell GPUs&#x0A;"><![CDATA[/opt/pytorch/nvfuser/tests/cpp/utils.h:570
skipping tests on non-Blackwell GPUs
]]></skipped>
    </testcase>
    <testcase name="SingleTile/Blackwell1CTA_128_64_16_NT_32B_128B__bfloat" value_param="(8-byte object &lt;10-00 40-00 80-00 05-00&gt;, __bfloat, 4-byte object &lt;00-00 00-00&gt;, 32B, 128B)" file="/opt/pytorch/nvfuser/tests/cpp/test_mma.cpp" line="1172" status="run" result="skipped" time="0." timestamp="2025-04-30T07:41:20.664" classname="MmaTest/Blackwell1CTAM128SS">
      <skipped message="/opt/pytorch/nvfuser/tests/cpp/utils.h:570&#x0A;skipping tests on non-Blackwell GPUs&#x0A;"><![CDATA[/opt/pytorch/nvfuser/tests/cpp/utils.h:570
skipping tests on non-Blackwell GPUs
]]></skipped>
    </testcase>
    <testcase name="SingleTile/Blackwell1CTA_128_80_16_TT_NoSwizzle_NoSwizzle__half" value_param="(8-byte object &lt;10-00 50-00 80-00 05-00&gt;, __half, 4-byte object &lt;01-00 00-00&gt;, NoSwizzle, NoSwizzle)" file="/opt/pytorch/nvfuser/tests/cpp/test_mma.cpp" line="1172" status="run" result="skipped" time="0." timestamp="2025-04-30T07:41:20.664" classname="MmaTest/Blackwell1CTAM128SS">
      <skipped message="/opt/pytorch/nvfuser/tests/cpp/utils.h:570&#x0A;skipping tests on non-Blackwell GPUs&#x0A;"><![CDATA[/opt/pytorch/nvfuser/tests/cpp/utils.h:570
skipping tests on non-Blackwell GPUs
]]></skipped>
    </testcase>
    <testcase name="SingleTile/Blackwell1CTA_128_80_16_TT_64B_NoSwizzle__half" value_param="(8-byte object &lt;10-00 50-00 80-00 05-00&gt;, __half, 4-byte object &lt;01-00 00-00&gt;, 64B, NoSwizzle)" file="/opt/pytorch/nvfuser/tests/cpp/test_mma.cpp" line="1172" status="run" result="skipped" time="0." timestamp="2025-04-30T07:41:20.664" classname="MmaTest/Blackwell1CTAM128SS">
      <skipped message="/opt/pytorch/nvfuser/tests/cpp/utils.h:570&#x0A;skipping tests on non-Blackwell GPUs&#x0A;"><![CDATA[/opt/pytorch/nvfuser/tests/cpp/utils.h:570
skipping tests on non-Blackwell GPUs
]]></skipped>
    </testcase>
    <testcase name="SingleTile/Blackwell1CTA_128_80_16_NT_64B_128B__half" value_param="(8-byte object &lt;10-00 50-00 80-00 05-00&gt;, __half, 4-byte object &lt;00-00 00-00&gt;, 64B, 128B)" file="/opt/pytorch/nvfuser/tests/cpp/test_mma.cpp" line="1172" status="run" result="skipped" time="0." timestamp="2025-04-30T07:41:20.664" classname="MmaTest/Blackwell1CTAM128SS">
      <skipped message="/opt/pytorch/nvfuser/tests/cpp/utils.h:570&#x0A;skipping tests on non-Blackwell GPUs&#x0A;"><![CDATA[/opt/pytorch/nvfuser/tests/cpp/utils.h:570
skipping tests on non-Blackwell GPUs
]]></skipped>
    </testcase>
    <testcase name="SingleTile/Blackwell1CTA_128_80_16_TT_64B_32B__bfloat" value_param="(8-byte object &lt;10-00 50-00 80-00 05-00&gt;, __bfloat, 4-byte object &lt;01-00 00-00&gt;, 64B, 32B)" file="/opt/pytorch/nvfuser/tests/cpp/test_mma.cpp" line="1172" status="run" result="skipped" time="0." timestamp="2025-04-30T07:41:20.664" classname="MmaTest/Blackwell1CTAM128SS">
      <skipped message="/opt/pytorch/nvfuser/tests/cpp/utils.h:570&#x0A;skipping tests on non-Blackwell GPUs&#x0A;"><![CDATA[/opt/pytorch/nvfuser/tests/cpp/utils.h:570
skipping tests on non-Blackwell GPUs
]]></skipped>
    </testcase>
    <testcase name="SingleTile/Blackwell1CTA_128_80_16_TN_32B_32B__bfloat" value_param="(8-byte object &lt;10-00 50-00 80-00 05-00&gt;, __bfloat, 4-byte object &lt;02-00 00-00&gt;, 32B, 32B)" file="/opt/pytorch/nvfuser/tests/cpp/test_mma.cpp" line="1172" status="run" result="skipped" time="0." timestamp="2025-04-30T07:41:20.664" classname="MmaTest/Blackwell1CTAM128SS">
      <skipped message="/opt/pytorch/nvfuser/tests/cpp/utils.h:570&#x0A;skipping tests on non-Blackwell GPUs&#x0A;"><![CDATA[/opt/pytorch/nvfuser/tests/cpp/utils.h:570
skipping tests on non-Blackwell GPUs
]]></skipped>
    </testcase>
    <testcase name="SingleTile/Blackwell1CTA_128_80_16_NN_128B_NoSwizzle__bfloat" value_param="(8-byte object &lt;10-00 50-00 80-00 05-00&gt;, __bfloat, 4-byte object &lt;03-00 00-00&gt;, 128B, NoSwizzle)" file="/opt/pytorch/nvfuser/tests/cpp/test_mma.cpp" line="1172" status="run" result="skipped" time="0." timestamp="2025-04-30T07:41:20.664" classname="MmaTest/Blackwell1CTAM128SS">
      <skipped message="/opt/pytorch/nvfuser/tests/cpp/utils.h:570&#x0A;skipping tests on non-Blackwell GPUs&#x0A;"><![CDATA[/opt/pytorch/nvfuser/tests/cpp/utils.h:570
skipping tests on non-Blackwell GPUs
]]></skipped>
    </testcase>
    <testcase name="SingleTile/Blackwell1CTA_128_96_16_TN_32B_NoSwizzle__half" value_param="(8-byte object &lt;10-00 60-00 80-00 05-00&gt;, __half, 4-byte object &lt;02-00 00-00&gt;, 32B, NoSwizzle)" file="/opt/pytorch/nvfuser/tests/cpp/test_mma.cpp" line="1172" status="run" result="skipped" time="0." timestamp="2025-04-30T07:41:20.664" classname="MmaTest/Blackwell1CTAM128SS">
      <skipped message="/opt/pytorch/nvfuser/tests/cpp/utils.h:570&#x0A;skipping tests on non-Blackwell GPUs&#x0A;"><![CDATA[/opt/pytorch/nvfuser/tests/cpp/utils.h:570
skipping tests on non-Blackwell GPUs
]]></skipped>
    </testcase>
    <testcase name="SingleTile/Blackwell1CTA_128_96_16_NN_NoSwizzle_32B__half" value_param="(8-byte object &lt;10-00 60-00 80-00 05-00&gt;, __half, 4-byte object &lt;03-00 00-00&gt;, NoSwizzle, 32B)" file="/opt/pytorch/nvfuser/tests/cpp/test_mma.cpp" line="1172" status="run" result="skipped" time="0." timestamp="2025-04-30T07:41:20.664" classname="MmaTest/Blackwell1CTAM128SS">
      <skipped message="/opt/pytorch/nvfuser/tests/cpp/utils.h:570&#x0A;skipping tests on non-Blackwell GPUs&#x0A;"><![CDATA[/opt/pytorch/nvfuser/tests/cpp/utils.h:570
skipping tests on non-Blackwell GPUs
]]></skipped>
    </testcase>
    <testcase name="SingleTile/Blackwell1CTA_128_96_16_TT_NoSwizzle_128B__bfloat" value_param="(8-byte object &lt;10-00 60-00 80-00 05-00&gt;, __bfloat, 4-byte object &lt;01-00 00-00&gt;, NoSwizzle, 128B)" file="/opt/pytorch/nvfuser/tests/cpp/test_mma.cpp" line="1172" status="run" result="skipped" time="0." timestamp="2025-04-30T07:41:20.664" classname="MmaTest/Blackwell1CTAM128SS">
      <skipped message="/opt/pytorch/nvfuser/tests/cpp/utils.h:570&#x0A;skipping tests on non-Blackwell GPUs&#x0A;"><![CDATA[/opt/pytorch/nvfuser/tests/cpp/utils.h:570
skipping tests on non-Blackwell GPUs
]]></skipped>
    </testcase>
    <testcase name="SingleTile/Blackwell1CTA_128_96_16_TN_NoSwizzle_NoSwizzle__bfloat" value_param="(8-byte object &lt;10-00 60-00 80-00 05-00&gt;, __bfloat, 4-byte object &lt;02-00 00-00&gt;, NoSwizzle, NoSwizzle)" file="/opt/pytorch/nvfuser/tests/cpp/test_mma.cpp" line="1172" status="run" result="skipped" time="0." timestamp="2025-04-30T07:41:20.664" classname="MmaTest/Blackwell1CTAM128SS">
      <skipped message="/opt/pytorch/nvfuser/tests/cpp/utils.h:570&#x0A;skipping tests on non-Blackwell GPUs&#x0A;"><![CDATA[/opt/pytorch/nvfuser/tests/cpp/utils.h:570
skipping tests on non-Blackwell GPUs
]]></skipped>
    </testcase>
    <testcase name="SingleTile/Blackwell1CTA_128_96_16_NT_64B_64B__bfloat" value_param="(8-byte object &lt;10-00 60-00 80-00 05-00&gt;, __bfloat, 4-byte object &lt;00-00 00-00&gt;, 64B, 64B)" file="/opt/pytorch/nvfuser/tests/cpp/test_mma.cpp" line="1172" status="run" result="skipped" time="0." timestamp="2025-04-30T07:41:20.664" classname="MmaTest/Blackwell1CTAM128SS">
      <skipped message="/opt/pytorch/nvfuser/tests/cpp/utils.h:570&#x0A;skipping tests on non-Blackwell GPUs&#x0A;"><![CDATA[/opt/pytorch/nvfuser/tests/cpp/utils.h:570
skipping tests on non-Blackwell GPUs
]]></skipped>
    </testcase>
    <testcase name="SingleTile/Blackwell1CTA_128_96_16_NN_64B_NoSwizzle__bfloat" value_param="(8-byte object &lt;10-00 60-00 80-00 05-00&gt;, __bfloat, 4-byte object &lt;03-00 00-00&gt;, 64B, NoSwizzle)" file="/opt/pytorch/nvfuser/tests/cpp/test_mma.cpp" line="1172" status="run" result="skipped" time="0." timestamp="2025-04-30T07:41:20.664" classname="MmaTest/Blackwell1CTAM128SS">
      <skipped message="/opt/pytorch/nvfuser/tests/cpp/utils.h:570&#x0A;skipping tests on non-Blackwell GPUs&#x0A;"><![CDATA[/opt/pytorch/nvfuser/tests/cpp/utils.h:570
skipping tests on non-Blackwell GPUs
]]></skipped>
    </testcase>
    <testcase name="SingleTile/Blackwell1CTA_128_112_16_NT_64B_64B__half" value_param="(8-byte object &lt;10-00 70-00 80-00 05-00&gt;, __half, 4-byte object &lt;00-00 00-00&gt;, 64B, 64B)" file="/opt/pytorch/nvfuser/tests/cpp/test_mma.cpp" line="1172" status="run" result="skipped" time="0." timestamp="2025-04-30T07:41:20.664" classname="MmaTest/Blackwell1CTAM128SS">
      <skipped message="/opt/pytorch/nvfuser/tests/cpp/utils.h:570&#x0A;skipping tests on non-Blackwell GPUs&#x0A;"><![CDATA[/opt/pytorch/nvfuser/tests/cpp/utils.h:570
skipping tests on non-Blackwell GPUs
]]></skipped>
    </testcase>
    <testcase name="SingleTile/Blackwell1CTA_128_112_16_TT_128B_64B__bfloat" value_param="(8-byte object &lt;10-00 70-00 80-00 05-00&gt;, __bfloat, 4-byte object &lt;01-00 00-00&gt;, 128B, 64B)" file="/opt/pytorch/nvfuser/tests/cpp/test_mma.cpp" line="1172" status="run" result="skipped" time="0." timestamp="2025-04-30T07:41:20.664" classname="MmaTest/Blackwell1CTAM128SS">
      <skipped message="/opt/pytorch/nvfuser/tests/cpp/utils.h:570&#x0A;skipping tests on non-Blackwell GPUs&#x0A;"><![CDATA[/opt/pytorch/nvfuser/tests/cpp/utils.h:570
skipping tests on non-Blackwell GPUs
]]></skipped>
    </testcase>
    <testcase name="SingleTile/Blackwell1CTA_128_128_16_TT_NoSwizzle_NoSwizzle__half" value_param="(8-byte object &lt;10-00 80-00 80-00 05-00&gt;, __half, 4-byte object &lt;01-00 00-00&gt;, NoSwizzle, NoSwizzle)" file="/opt/pytorch/nvfuser/tests/cpp/test_mma.cpp" line="1172" status="run" result="skipped" time="0." timestamp="2025-04-30T07:41:20.664" classname="MmaTest/Blackwell1CTAM128SS">
      <skipped message="/opt/pytorch/nvfuser/tests/cpp/utils.h:570&#x0A;skipping tests on non-Blackwell GPUs&#x0A;"><![CDATA[/opt/pytorch/nvfuser/tests/cpp/utils.h:570
skipping tests on non-Blackwell GPUs
]]></skipped>
    </testcase>
    <testcase name="SingleTile/Blackwell1CTA_128_128_16_TN_32B_32B__half" value_param="(8-byte object &lt;10-00 80-00 80-00 05-00&gt;, __half, 4-byte object &lt;02-00 00-00&gt;, 32B, 32B)" file="/opt/pytorch/nvfuser/tests/cpp/test_mma.cpp" line="1172" status="run" result="skipped" time="0." timestamp="2025-04-30T07:41:20.664" classname="MmaTest/Blackwell1CTAM128SS">
      <skipped message="/opt/pytorch/nvfuser/tests/cpp/utils.h:570&#x0A;skipping tests on non-Blackwell GPUs&#x0A;"><![CDATA[/opt/pytorch/nvfuser/tests/cpp/utils.h:570
skipping tests on non-Blackwell GPUs
]]></skipped>
    </testcase>
    <testcase name="SingleTile/Blackwell1CTA_128_128_16_TT_128B_128B__bfloat" value_param="(8-byte object &lt;10-00 80-00 80-00 05-00&gt;, __bfloat, 4-byte object &lt;01-00 00-00&gt;, 128B, 128B)" file="/opt/pytorch/nvfuser/tests/cpp/test_mma.cpp" line="1172" status="run" result="skipped" time="0." timestamp="2025-04-30T07:41:20.664" classname="MmaTest/Blackwell1CTAM128SS">
      <skipped message="/opt/pytorch/nvfuser/tests/cpp/utils.h:570&#x0A;skipping tests on non-Blackwell GPUs&#x0A;"><![CDATA[/opt/pytorch/nvfuser/tests/cpp/utils.h:570
skipping tests on non-Blackwell GPUs
]]></skipped>
    </testcase>
    <testcase name="SingleTile/Blackwell1CTA_128_128_16_NN_32B_64B__bfloat" value_param="(8-byte object &lt;10-00 80-00 80-00 05-00&gt;, __bfloat, 4-byte object &lt;03-00 00-00&gt;, 32B, 64B)" file="/opt/pytorch/nvfuser/tests/cpp/test_mma.cpp" line="1172" status="run" result="skipped" time="0." timestamp="2025-04-30T07:41:20.664" classname="MmaTest/Blackwell1CTAM128SS">
      <skipped message="/opt/pytorch/nvfuser/tests/cpp/utils.h:570&#x0A;skipping tests on non-Blackwell GPUs&#x0A;"><![CDATA[/opt/pytorch/nvfuser/tests/cpp/utils.h:570
skipping tests on non-Blackwell GPUs
]]></skipped>
    </testcase>
    <testcase name="SingleTile/Blackwell1CTA_128_144_16_TT_128B_128B__half" value_param="(8-byte object &lt;10-00 90-00 80-00 05-00&gt;, __half, 4-byte object &lt;01-00 00-00&gt;, 128B, 128B)" file="/opt/pytorch/nvfuser/tests/cpp/test_mma.cpp" line="1172" status="run" result="skipped" time="0." timestamp="2025-04-30T07:41:20.664" classname="MmaTest/Blackwell1CTAM128SS">
      <skipped message="/opt/pytorch/nvfuser/tests/cpp/utils.h:570&#x0A;skipping tests on non-Blackwell GPUs&#x0A;"><![CDATA[/opt/pytorch/nvfuser/tests/cpp/utils.h:570
skipping tests on non-Blackwell GPUs
]]></skipped>
    </testcase>
    <testcase name="SingleTile/Blackwell1CTA_128_144_16_NT_64B_NoSwizzle__half" value_param="(8-byte object &lt;10-00 90-00 80-00 05-00&gt;, __half, 4-byte object &lt;00-00 00-00&gt;, 64B, NoSwizzle)" file="/opt/pytorch/nvfuser/tests/cpp/test_mma.cpp" line="1172" status="run" result="skipped" time="0." timestamp="2025-04-30T07:41:20.664" classname="MmaTest/Blackwell1CTAM128SS">
      <skipped message="/opt/pytorch/nvfuser/tests/cpp/utils.h:570&#x0A;skipping tests on non-Blackwell GPUs&#x0A;"><![CDATA[/opt/pytorch/nvfuser/tests/cpp/utils.h:570
skipping tests on non-Blackwell GPUs
]]></skipped>
    </testcase>
    <testcase name="SingleTile/Blackwell1CTA_128_144_16_NN_128B_128B__half" value_param="(8-byte object &lt;10-00 90-00 80-00 05-00&gt;, __half, 4-byte object &lt;03-00 00-00&gt;, 128B, 128B)" file="/opt/pytorch/nvfuser/tests/cpp/test_mma.cpp" line="1172" status="run" result="skipped" time="0." timestamp="2025-04-30T07:41:20.664" classname="MmaTest/Blackwell1CTAM128SS">
      <skipped message="/opt/pytorch/nvfuser/tests/cpp/utils.h:570&#x0A;skipping tests on non-Blackwell GPUs&#x0A;"><![CDATA[/opt/pytorch/nvfuser/tests/cpp/utils.h:570
skipping tests on non-Blackwell GPUs
]]></skipped>
    </testcase>
    <testcase name="SingleTile/Blackwell1CTA_128_144_16_NN_32B_64B__half" value_param="(8-byte object &lt;10-00 90-00 80-00 05-00&gt;, __half, 4-byte object &lt;03-00 00-00&gt;, 32B, 64B)" file="/opt/pytorch/nvfuser/tests/cpp/test_mma.cpp" line="1172" status="run" result="skipped" time="0." timestamp="2025-04-30T07:41:20.664" classname="MmaTest/Blackwell1CTAM128SS">
      <skipped message="/opt/pytorch/nvfuser/tests/cpp/utils.h:570&#x0A;skipping tests on non-Blackwell GPUs&#x0A;"><![CDATA[/opt/pytorch/nvfuser/tests/cpp/utils.h:570
skipping tests on non-Blackwell GPUs
]]></skipped>
    </testcase>
    <testcase name="SingleTile/Blackwell1CTA_128_144_16_NT_128B_64B__bfloat" value_param="(8-byte object &lt;10-00 90-00 80-00 05-00&gt;, __bfloat, 4-byte object &lt;00-00 00-00&gt;, 128B, 64B)" file="/opt/pytorch/nvfuser/tests/cpp/test_mma.cpp" line="1172" status="run" result="skipped" time="0." timestamp="2025-04-30T07:41:20.664" classname="MmaTest/Blackwell1CTAM128SS">
      <skipped message="/opt/pytorch/nvfuser/tests/cpp/utils.h:570&#x0A;skipping tests on non-Blackwell GPUs&#x0A;"><![CDATA[/opt/pytorch/nvfuser/tests/cpp/utils.h:570
skipping tests on non-Blackwell GPUs
]]></skipped>
    </testcase>
    <testcase name="SingleTile/Blackwell1CTA_128_144_16_NN_NoSwizzle_128B__bfloat" value_param="(8-byte object &lt;10-00 90-00 80-00 05-00&gt;, __bfloat, 4-byte object &lt;03-00 00-00&gt;, NoSwizzle, 128B)" file="/opt/pytorch/nvfuser/tests/cpp/test_mma.cpp" line="1172" status="run" result="skipped" time="0." timestamp="2025-04-30T07:41:20.664" classname="MmaTest/Blackwell1CTAM128SS">
      <skipped message="/opt/pytorch/nvfuser/tests/cpp/utils.h:570&#x0A;skipping tests on non-Blackwell GPUs&#x0A;"><![CDATA[/opt/pytorch/nvfuser/tests/cpp/utils.h:570
skipping tests on non-Blackwell GPUs
]]></skipped>
    </testcase>
    <testcase name="SingleTile/Blackwell1CTA_128_160_16_TT_64B_NoSwizzle__half" value_param="(8-byte object &lt;10-00 A0-00 80-00 05-00&gt;, __half, 4-byte object &lt;01-00 00-00&gt;, 64B, NoSwizzle)" file="/opt/pytorch/nvfuser/tests/cpp/test_mma.cpp" line="1172" status="run" result="skipped" time="0." timestamp="2025-04-30T07:41:20.664" classname="MmaTest/Blackwell1CTAM128SS">
      <skipped message="/opt/pytorch/nvfuser/tests/cpp/utils.h:570&#x0A;skipping tests on non-Blackwell GPUs&#x0A;"><![CDATA[/opt/pytorch/nvfuser/tests/cpp/utils.h:570
skipping tests on non-Blackwell GPUs
]]></skipped>
    </testcase>
    <testcase name="SingleTile/Blackwell1CTA_128_160_16_NN_32B_128B__half" value_param="(8-byte object &lt;10-00 A0-00 80-00 05-00&gt;, __half, 4-byte object &lt;03-00 00-00&gt;, 32B, 128B)" file="/opt/pytorch/nvfuser/tests/cpp/test_mma.cpp" line="1172" status="run" result="skipped" time="0." timestamp="2025-04-30T07:41:20.664" classname="MmaTest/Blackwell1CTAM128SS">
      <skipped message="/opt/pytorch/nvfuser/tests/cpp/utils.h:570&#x0A;skipping tests on non-Blackwell GPUs&#x0A;"><![CDATA[/opt/pytorch/nvfuser/tests/cpp/utils.h:570
skipping tests on non-Blackwell GPUs
]]></skipped>
    </testcase>
    <testcase name="SingleTile/Blackwell1CTA_128_160_16_TN_NoSwizzle_64B__bfloat" value_param="(8-byte object &lt;10-00 A0-00 80-00 05-00&gt;, __bfloat, 4-byte object &lt;02-00 00-00&gt;, NoSwizzle, 64B)" file="/opt/pytorch/nvfuser/tests/cpp/test_mma.cpp" line="1172" status="run" result="skipped" time="0." timestamp="2025-04-30T07:41:20.665" classname="MmaTest/Blackwell1CTAM128SS">
      <skipped message="/opt/pytorch/nvfuser/tests/cpp/utils.h:570&#x0A;skipping tests on non-Blackwell GPUs&#x0A;"><![CDATA[/opt/pytorch/nvfuser/tests/cpp/utils.h:570
skipping tests on non-Blackwell GPUs
]]></skipped>
    </testcase>
    <testcase name="SingleTile/Blackwell1CTA_128_160_16_NN_NoSwizzle_NoSwizzle__bfloat" value_param="(8-byte object &lt;10-00 A0-00 80-00 05-00&gt;, __bfloat, 4-byte object &lt;03-00 00-00&gt;, NoSwizzle, NoSwizzle)" file="/opt/pytorch/nvfuser/tests/cpp/test_mma.cpp" line="1172" status="run" result="skipped" time="0." timestamp="2025-04-30T07:41:20.665" classname="MmaTest/Blackwell1CTAM128SS">
      <skipped message="/opt/pytorch/nvfuser/tests/cpp/utils.h:570&#x0A;skipping tests on non-Blackwell GPUs&#x0A;"><![CDATA[/opt/pytorch/nvfuser/tests/cpp/utils.h:570
skipping tests on non-Blackwell GPUs
]]></skipped>
    </testcase>
    <testcase name="SingleTile/Blackwell1CTA_128_160_16_NN_128B_32B__bfloat" value_param="(8-byte object &lt;10-00 A0-00 80-00 05-00&gt;, __bfloat, 4-byte object &lt;03-00 00-00&gt;, 128B, 32B)" file="/opt/pytorch/nvfuser/tests/cpp/test_mma.cpp" line="1172" status="run" result="skipped" time="0." timestamp="2025-04-30T07:41:20.665" classname="MmaTest/Blackwell1CTAM128SS">
      <skipped message="/opt/pytorch/nvfuser/tests/cpp/utils.h:570&#x0A;skipping tests on non-Blackwell GPUs&#x0A;"><![CDATA[/opt/pytorch/nvfuser/tests/cpp/utils.h:570
skipping tests on non-Blackwell GPUs
]]></skipped>
    </testcase>
    <testcase name="SingleTile/Blackwell1CTA_128_160_16_NN_32B_32B__bfloat" value_param="(8-byte object &lt;10-00 A0-00 80-00 05-00&gt;, __bfloat, 4-byte object &lt;03-00 00-00&gt;, 32B, 32B)" file="/opt/pytorch/nvfuser/tests/cpp/test_mma.cpp" line="1172" status="run" result="skipped" time="0." timestamp="2025-04-30T07:41:20.665" classname="MmaTest/Blackwell1CTAM128SS">
      <skipped message="/opt/pytorch/nvfuser/tests/cpp/utils.h:570&#x0A;skipping tests on non-Blackwell GPUs&#x0A;"><![CDATA[/opt/pytorch/nvfuser/tests/cpp/utils.h:570
skipping tests on non-Blackwell GPUs
]]></skipped>
    </testcase>
    <testcase name="SingleTile/Blackwell1CTA_128_176_16_TT_32B_64B__half" value_param="(8-byte object &lt;10-00 B0-00 80-00 05-00&gt;, __half, 4-byte object &lt;01-00 00-00&gt;, 32B, 64B)" file="/opt/pytorch/nvfuser/tests/cpp/test_mma.cpp" line="1172" status="run" result="skipped" time="0." timestamp="2025-04-30T07:41:20.665" classname="MmaTest/Blackwell1CTAM128SS">
      <skipped message="/opt/pytorch/nvfuser/tests/cpp/utils.h:570&#x0A;skipping tests on non-Blackwell GPUs&#x0A;"><![CDATA[/opt/pytorch/nvfuser/tests/cpp/utils.h:570
skipping tests on non-Blackwell GPUs
]]></skipped>
    </testcase>
    <testcase name="SingleTile/Blackwell1CTA_128_176_16_TN_32B_128B__half" value_param="(8-byte object &lt;10-00 B0-00 80-00 05-00&gt;, __half, 4-byte object &lt;02-00 00-00&gt;, 32B, 128B)" file="/opt/pytorch/nvfuser/tests/cpp/test_mma.cpp" line="1172" status="run" result="skipped" time="0." timestamp="2025-04-30T07:41:20.665" classname="MmaTest/Blackwell1CTAM128SS">
      <skipped message="/opt/pytorch/nvfuser/tests/cpp/utils.h:570&#x0A;skipping tests on non-Blackwell GPUs&#x0A;"><![CDATA[/opt/pytorch/nvfuser/tests/cpp/utils.h:570
skipping tests on non-Blackwell GPUs
]]></skipped>
    </testcase>
    <testcase name="SingleTile/Blackwell1CTA_128_176_16_TT_NoSwizzle_128B__bfloat" value_param="(8-byte object &lt;10-00 B0-00 80-00 05-00&gt;, __bfloat, 4-byte object &lt;01-00 00-00&gt;, NoSwizzle, 128B)" file="/opt/pytorch/nvfuser/tests/cpp/test_mma.cpp" line="1172" status="run" result="skipped" time="0." timestamp="2025-04-30T07:41:20.665" classname="MmaTest/Blackwell1CTAM128SS">
      <skipped message="/opt/pytorch/nvfuser/tests/cpp/utils.h:570&#x0A;skipping tests on non-Blackwell GPUs&#x0A;"><![CDATA[/opt/pytorch/nvfuser/tests/cpp/utils.h:570
skipping tests on non-Blackwell GPUs
]]></skipped>
    </testcase>
    <testcase name="SingleTile/Blackwell1CTA_128_176_16_NT_NoSwizzle_NoSwizzle__bfloat" value_param="(8-byte object &lt;10-00 B0-00 80-00 05-00&gt;, __bfloat, 4-byte object &lt;00-00 00-00&gt;, NoSwizzle, NoSwizzle)" file="/opt/pytorch/nvfuser/tests/cpp/test_mma.cpp" line="1172" status="run" result="skipped" time="0." timestamp="2025-04-30T07:41:20.665" classname="MmaTest/Blackwell1CTAM128SS">
      <skipped message="/opt/pytorch/nvfuser/tests/cpp/utils.h:570&#x0A;skipping tests on non-Blackwell GPUs&#x0A;"><![CDATA[/opt/pytorch/nvfuser/tests/cpp/utils.h:570
skipping tests on non-Blackwell GPUs
]]></skipped>
    </testcase>
    <testcase name="SingleTile/Blackwell1CTA_128_176_16_NT_64B_32B__bfloat" value_param="(8-byte object &lt;10-00 B0-00 80-00 05-00&gt;, __bfloat, 4-byte object &lt;00-00 00-00&gt;, 64B, 32B)" file="/opt/pytorch/nvfuser/tests/cpp/test_mma.cpp" line="1172" status="run" result="skipped" time="0." timestamp="2025-04-30T07:41:20.665" classname="MmaTest/Blackwell1CTAM128SS">
      <skipped message="/opt/pytorch/nvfuser/tests/cpp/utils.h:570&#x0A;skipping tests on non-Blackwell GPUs&#x0A;"><![CDATA[/opt/pytorch/nvfuser/tests/cpp/utils.h:570
skipping tests on non-Blackwell GPUs
]]></skipped>
    </testcase>
    <testcase name="SingleTile/Blackwell1CTA_128_176_16_NN_32B_64B__bfloat" value_param="(8-byte object &lt;10-00 B0-00 80-00 05-00&gt;, __bfloat, 4-byte object &lt;03-00 00-00&gt;, 32B, 64B)" file="/opt/pytorch/nvfuser/tests/cpp/test_mma.cpp" line="1172" status="run" result="skipped" time="0." timestamp="2025-04-30T07:41:20.665" classname="MmaTest/Blackwell1CTAM128SS">
      <skipped message="/opt/pytorch/nvfuser/tests/cpp/utils.h:570&#x0A;skipping tests on non-Blackwell GPUs&#x0A;"><![CDATA[/opt/pytorch/nvfuser/tests/cpp/utils.h:570
skipping tests on non-Blackwell GPUs
]]></skipped>
    </testcase>
    <testcase name="SingleTile/Blackwell1CTA_128_192_16_TN_NoSwizzle_NoSwizzle__half" value_param="(8-byte object &lt;10-00 C0-00 80-00 05-00&gt;, __half, 4-byte object &lt;02-00 00-00&gt;, NoSwizzle, NoSwizzle)" file="/opt/pytorch/nvfuser/tests/cpp/test_mma.cpp" line="1172" status="run" result="skipped" time="0." timestamp="2025-04-30T07:41:20.665" classname="MmaTest/Blackwell1CTAM128SS">
      <skipped message="/opt/pytorch/nvfuser/tests/cpp/utils.h:570&#x0A;skipping tests on non-Blackwell GPUs&#x0A;"><![CDATA[/opt/pytorch/nvfuser/tests/cpp/utils.h:570
skipping tests on non-Blackwell GPUs
]]></skipped>
    </testcase>
    <testcase name="SingleTile/Blackwell1CTA_128_192_16_NT_128B_64B__half" value_param="(8-byte object &lt;10-00 C0-00 80-00 05-00&gt;, __half, 4-byte object &lt;00-00 00-00&gt;, 128B, 64B)" file="/opt/pytorch/nvfuser/tests/cpp/test_mma.cpp" line="1172" status="run" result="skipped" time="0." timestamp="2025-04-30T07:41:20.665" classname="MmaTest/Blackwell1CTAM128SS">
      <skipped message="/opt/pytorch/nvfuser/tests/cpp/utils.h:570&#x0A;skipping tests on non-Blackwell GPUs&#x0A;"><![CDATA[/opt/pytorch/nvfuser/tests/cpp/utils.h:570
skipping tests on non-Blackwell GPUs
]]></skipped>
    </testcase>
    <testcase name="SingleTile/Blackwell1CTA_128_192_16_NN_128B_128B__half" value_param="(8-byte object &lt;10-00 C0-00 80-00 05-00&gt;, __half, 4-byte object &lt;03-00 00-00&gt;, 128B, 128B)" file="/opt/pytorch/nvfuser/tests/cpp/test_mma.cpp" line="1172" status="run" result="skipped" time="0." timestamp="2025-04-30T07:41:20.665" classname="MmaTest/Blackwell1CTAM128SS">
      <skipped message="/opt/pytorch/nvfuser/tests/cpp/utils.h:570&#x0A;skipping tests on non-Blackwell GPUs&#x0A;"><![CDATA[/opt/pytorch/nvfuser/tests/cpp/utils.h:570
skipping tests on non-Blackwell GPUs
]]></skipped>
    </testcase>
    <testcase name="SingleTile/Blackwell1CTA_128_192_16_TT_NoSwizzle_32B__bfloat" value_param="(8-byte object &lt;10-00 C0-00 80-00 05-00&gt;, __bfloat, 4-byte object &lt;01-00 00-00&gt;, NoSwizzle, 32B)" file="/opt/pytorch/nvfuser/tests/cpp/test_mma.cpp" line="1172" status="run" result="skipped" time="0." timestamp="2025-04-30T07:41:20.665" classname="MmaTest/Blackwell1CTAM128SS">
      <skipped message="/opt/pytorch/nvfuser/tests/cpp/utils.h:570&#x0A;skipping tests on non-Blackwell GPUs&#x0A;"><![CDATA[/opt/pytorch/nvfuser/tests/cpp/utils.h:570
skipping tests on non-Blackwell GPUs
]]></skipped>
    </testcase>
    <testcase name="SingleTile/Blackwell1CTA_128_192_16_TN_NoSwizzle_64B__bfloat" value_param="(8-byte object &lt;10-00 C0-00 80-00 05-00&gt;, __bfloat, 4-byte object &lt;02-00 00-00&gt;, NoSwizzle, 64B)" file="/opt/pytorch/nvfuser/tests/cpp/test_mma.cpp" line="1172" status="run" result="skipped" time="0." timestamp="2025-04-30T07:41:20.665" classname="MmaTest/Blackwell1CTAM128SS">
      <skipped message="/opt/pytorch/nvfuser/tests/cpp/utils.h:570&#x0A;skipping tests on non-Blackwell GPUs&#x0A;"><![CDATA[/opt/pytorch/nvfuser/tests/cpp/utils.h:570
skipping tests on non-Blackwell GPUs
]]></skipped>
    </testcase>
    <testcase name="SingleTile/Blackwell1CTA_128_192_16_NN_64B_64B__bfloat" value_param="(8-byte object &lt;10-00 C0-00 80-00 05-00&gt;, __bfloat, 4-byte object &lt;03-00 00-00&gt;, 64B, 64B)" file="/opt/pytorch/nvfuser/tests/cpp/test_mma.cpp" line="1172" status="run" result="skipped" time="0." timestamp="2025-04-30T07:41:20.665" classname="MmaTest/Blackwell1CTAM128SS">
      <skipped message="/opt/pytorch/nvfuser/tests/cpp/utils.h:570&#x0A;skipping tests on non-Blackwell GPUs&#x0A;"><![CDATA[/opt/pytorch/nvfuser/tests/cpp/utils.h:570
skipping tests on non-Blackwell GPUs
]]></skipped>
    </testcase>
    <testcase name="SingleTile/Blackwell1CTA_128_208_16_TT_128B_32B__half" value_param="(8-byte object &lt;10-00 D0-00 80-00 05-00&gt;, __half, 4-byte object &lt;01-00 00-00&gt;, 128B, 32B)" file="/opt/pytorch/nvfuser/tests/cpp/test_mma.cpp" line="1172" status="run" result="skipped" time="0." timestamp="2025-04-30T07:41:20.665" classname="MmaTest/Blackwell1CTAM128SS">
      <skipped message="/opt/pytorch/nvfuser/tests/cpp/utils.h:570&#x0A;skipping tests on non-Blackwell GPUs&#x0A;"><![CDATA[/opt/pytorch/nvfuser/tests/cpp/utils.h:570
skipping tests on non-Blackwell GPUs
]]></skipped>
    </testcase>
    <testcase name="SingleTile/Blackwell1CTA_128_208_16_TT_32B_32B__half" value_param="(8-byte object &lt;10-00 D0-00 80-00 05-00&gt;, __half, 4-byte object &lt;01-00 00-00&gt;, 32B, 32B)" file="/opt/pytorch/nvfuser/tests/cpp/test_mma.cpp" line="1172" status="run" result="skipped" time="0." timestamp="2025-04-30T07:41:20.665" classname="MmaTest/Blackwell1CTAM128SS">
      <skipped message="/opt/pytorch/nvfuser/tests/cpp/utils.h:570&#x0A;skipping tests on non-Blackwell GPUs&#x0A;"><![CDATA[/opt/pytorch/nvfuser/tests/cpp/utils.h:570
skipping tests on non-Blackwell GPUs
]]></skipped>
    </testcase>
    <testcase name="SingleTile/Blackwell1CTA_128_208_16_NT_128B_64B__half" value_param="(8-byte object &lt;10-00 D0-00 80-00 05-00&gt;, __half, 4-byte object &lt;00-00 00-00&gt;, 128B, 64B)" file="/opt/pytorch/nvfuser/tests/cpp/test_mma.cpp" line="1172" status="run" result="skipped" time="0." timestamp="2025-04-30T07:41:20.665" classname="MmaTest/Blackwell1CTAM128SS">
      <skipped message="/opt/pytorch/nvfuser/tests/cpp/utils.h:570&#x0A;skipping tests on non-Blackwell GPUs&#x0A;"><![CDATA[/opt/pytorch/nvfuser/tests/cpp/utils.h:570
skipping tests on non-Blackwell GPUs
]]></skipped>
    </testcase>
    <testcase name="SingleTile/Blackwell1CTA_128_208_16_NN_32B_32B__half" value_param="(8-byte object &lt;10-00 D0-00 80-00 05-00&gt;, __half, 4-byte object &lt;03-00 00-00&gt;, 32B, 32B)" file="/opt/pytorch/nvfuser/tests/cpp/test_mma.cpp" line="1172" status="run" result="skipped" time="0." timestamp="2025-04-30T07:41:20.665" classname="MmaTest/Blackwell1CTAM128SS">
      <skipped message="/opt/pytorch/nvfuser/tests/cpp/utils.h:570&#x0A;skipping tests on non-Blackwell GPUs&#x0A;"><![CDATA[/opt/pytorch/nvfuser/tests/cpp/utils.h:570
skipping tests on non-Blackwell GPUs
]]></skipped>
    </testcase>
    <testcase name="SingleTile/Blackwell1CTA_128_208_16_NT_NoSwizzle_32B__bfloat" value_param="(8-byte object &lt;10-00 D0-00 80-00 05-00&gt;, __bfloat, 4-byte object &lt;00-00 00-00&gt;, NoSwizzle, 32B)" file="/opt/pytorch/nvfuser/tests/cpp/test_mma.cpp" line="1172" status="run" result="skipped" time="0." timestamp="2025-04-30T07:41:20.665" classname="MmaTest/Blackwell1CTAM128SS">
      <skipped message="/opt/pytorch/nvfuser/tests/cpp/utils.h:570&#x0A;skipping tests on non-Blackwell GPUs&#x0A;"><![CDATA[/opt/pytorch/nvfuser/tests/cpp/utils.h:570
skipping tests on non-Blackwell GPUs
]]></skipped>
    </testcase>
    <testcase name="SingleTile/Blackwell1CTA_128_208_16_NT_64B_NoSwizzle__bfloat" value_param="(8-byte object &lt;10-00 D0-00 80-00 05-00&gt;, __bfloat, 4-byte object &lt;00-00 00-00&gt;, 64B, NoSwizzle)" file="/opt/pytorch/nvfuser/tests/cpp/test_mma.cpp" line="1172" status="run" result="skipped" time="0." timestamp="2025-04-30T07:41:20.665" classname="MmaTest/Blackwell1CTAM128SS">
      <skipped message="/opt/pytorch/nvfuser/tests/cpp/utils.h:570&#x0A;skipping tests on non-Blackwell GPUs&#x0A;"><![CDATA[/opt/pytorch/nvfuser/tests/cpp/utils.h:570
skipping tests on non-Blackwell GPUs
]]></skipped>
    </testcase>
    <testcase name="SingleTile/Blackwell1CTA_128_224_16_TT_128B_64B__half" value_param="(8-byte object &lt;10-00 E0-00 80-00 05-00&gt;, __half, 4-byte object &lt;01-00 00-00&gt;, 128B, 64B)" file="/opt/pytorch/nvfuser/tests/cpp/test_mma.cpp" line="1172" status="run" result="skipped" time="0." timestamp="2025-04-30T07:41:20.665" classname="MmaTest/Blackwell1CTAM128SS">
      <skipped message="/opt/pytorch/nvfuser/tests/cpp/utils.h:570&#x0A;skipping tests on non-Blackwell GPUs&#x0A;"><![CDATA[/opt/pytorch/nvfuser/tests/cpp/utils.h:570
skipping tests on non-Blackwell GPUs
]]></skipped>
    </testcase>
    <testcase name="SingleTile/Blackwell1CTA_128_224_16_TN_32B_64B__half" value_param="(8-byte object &lt;10-00 E0-00 80-00 05-00&gt;, __half, 4-byte object &lt;02-00 00-00&gt;, 32B, 64B)" file="/opt/pytorch/nvfuser/tests/cpp/test_mma.cpp" line="1172" status="run" result="skipped" time="0." timestamp="2025-04-30T07:41:20.665" classname="MmaTest/Blackwell1CTAM128SS">
      <skipped message="/opt/pytorch/nvfuser/tests/cpp/utils.h:570&#x0A;skipping tests on non-Blackwell GPUs&#x0A;"><![CDATA[/opt/pytorch/nvfuser/tests/cpp/utils.h:570
skipping tests on non-Blackwell GPUs
]]></skipped>
    </testcase>
    <testcase name="SingleTile/Blackwell1CTA_128_224_16_TT_128B_64B__bfloat" value_param="(8-byte object &lt;10-00 E0-00 80-00 05-00&gt;, __bfloat, 4-byte object &lt;01-00 00-00&gt;, 128B, 64B)" file="/opt/pytorch/nvfuser/tests/cpp/test_mma.cpp" line="1172" status="run" result="skipped" time="0." timestamp="2025-04-30T07:41:20.665" classname="MmaTest/Blackwell1CTAM128SS">
      <skipped message="/opt/pytorch/nvfuser/tests/cpp/utils.h:570&#x0A;skipping tests on non-Blackwell GPUs&#x0A;"><![CDATA[/opt/pytorch/nvfuser/tests/cpp/utils.h:570
skipping tests on non-Blackwell GPUs
]]></skipped>
    </testcase>
    <testcase name="SingleTile/Blackwell1CTA_128_224_16_TN_NoSwizzle_NoSwizzle__bfloat" value_param="(8-byte object &lt;10-00 E0-00 80-00 05-00&gt;, __bfloat, 4-byte object &lt;02-00 00-00&gt;, NoSwizzle, NoSwizzle)" file="/opt/pytorch/nvfuser/tests/cpp/test_mma.cpp" line="1172" status="run" result="skipped" time="0." timestamp="2025-04-30T07:41:20.665" classname="MmaTest/Blackwell1CTAM128SS">
      <skipped message="/opt/pytorch/nvfuser/tests/cpp/utils.h:570&#x0A;skipping tests on non-Blackwell GPUs&#x0A;"><![CDATA[/opt/pytorch/nvfuser/tests/cpp/utils.h:570
skipping tests on non-Blackwell GPUs
]]></skipped>
    </testcase>
    <testcase name="SingleTile/Blackwell1CTA_128_224_16_NN_128B_32B__bfloat" value_param="(8-byte object &lt;10-00 E0-00 80-00 05-00&gt;, __bfloat, 4-byte object &lt;03-00 00-00&gt;, 128B, 32B)" file="/opt/pytorch/nvfuser/tests/cpp/test_mma.cpp" line="1172" status="run" result="skipped" time="0." timestamp="2025-04-30T07:41:20.665" classname="MmaTest/Blackwell1CTAM128SS">
      <skipped message="/opt/pytorch/nvfuser/tests/cpp/utils.h:570&#x0A;skipping tests on non-Blackwell GPUs&#x0A;"><![CDATA[/opt/pytorch/nvfuser/tests/cpp/utils.h:570
skipping tests on non-Blackwell GPUs
]]></skipped>
    </testcase>
    <testcase name="SingleTile/Blackwell1CTA_128_240_16_TT_NoSwizzle_NoSwizzle__half" value_param="(8-byte object &lt;10-00 F0-00 80-00 05-00&gt;, __half, 4-byte object &lt;01-00 00-00&gt;, NoSwizzle, NoSwizzle)" file="/opt/pytorch/nvfuser/tests/cpp/test_mma.cpp" line="1172" status="run" result="skipped" time="0." timestamp="2025-04-30T07:41:20.665" classname="MmaTest/Blackwell1CTAM128SS">
      <skipped message="/opt/pytorch/nvfuser/tests/cpp/utils.h:570&#x0A;skipping tests on non-Blackwell GPUs&#x0A;"><![CDATA[/opt/pytorch/nvfuser/tests/cpp/utils.h:570
skipping tests on non-Blackwell GPUs
]]></skipped>
    </testcase>
    <testcase name="SingleTile/Blackwell1CTA_128_240_16_NT_NoSwizzle_NoSwizzle__half" value_param="(8-byte object &lt;10-00 F0-00 80-00 05-00&gt;, __half, 4-byte object &lt;00-00 00-00&gt;, NoSwizzle, NoSwizzle)" file="/opt/pytorch/nvfuser/tests/cpp/test_mma.cpp" line="1172" status="run" result="skipped" time="0." timestamp="2025-04-30T07:41:20.665" classname="MmaTest/Blackwell1CTAM128SS">
      <skipped message="/opt/pytorch/nvfuser/tests/cpp/utils.h:570&#x0A;skipping tests on non-Blackwell GPUs&#x0A;"><![CDATA[/opt/pytorch/nvfuser/tests/cpp/utils.h:570
skipping tests on non-Blackwell GPUs
]]></skipped>
    </testcase>
    <testcase name="SingleTile/Blackwell1CTA_128_240_16_TT_64B_NoSwizzle__bfloat" value_param="(8-byte object &lt;10-00 F0-00 80-00 05-00&gt;, __bfloat, 4-byte object &lt;01-00 00-00&gt;, 64B, NoSwizzle)" file="/opt/pytorch/nvfuser/tests/cpp/test_mma.cpp" line="1172" status="run" result="skipped" time="0." timestamp="2025-04-30T07:41:20.665" classname="MmaTest/Blackwell1CTAM128SS">
      <skipped message="/opt/pytorch/nvfuser/tests/cpp/utils.h:570&#x0A;skipping tests on non-Blackwell GPUs&#x0A;"><![CDATA[/opt/pytorch/nvfuser/tests/cpp/utils.h:570
skipping tests on non-Blackwell GPUs
]]></skipped>
    </testcase>
    <testcase name="SingleTile/Blackwell1CTA_128_240_16_TN_128B_NoSwizzle__bfloat" value_param="(8-byte object &lt;10-00 F0-00 80-00 05-00&gt;, __bfloat, 4-byte object &lt;02-00 00-00&gt;, 128B, NoSwizzle)" file="/opt/pytorch/nvfuser/tests/cpp/test_mma.cpp" line="1172" status="run" result="skipped" time="0." timestamp="2025-04-30T07:41:20.665" classname="MmaTest/Blackwell1CTAM128SS">
      <skipped message="/opt/pytorch/nvfuser/tests/cpp/utils.h:570&#x0A;skipping tests on non-Blackwell GPUs&#x0A;"><![CDATA[/opt/pytorch/nvfuser/tests/cpp/utils.h:570
skipping tests on non-Blackwell GPUs
]]></skipped>
    </testcase>
    <testcase name="SingleTile/Blackwell1CTA_128_240_16_NT_128B_64B__bfloat" value_param="(8-byte object &lt;10-00 F0-00 80-00 05-00&gt;, __bfloat, 4-byte object &lt;00-00 00-00&gt;, 128B, 64B)" file="/opt/pytorch/nvfuser/tests/cpp/test_mma.cpp" line="1172" status="run" result="skipped" time="0." timestamp="2025-04-30T07:41:20.665" classname="MmaTest/Blackwell1CTAM128SS">
      <skipped message="/opt/pytorch/nvfuser/tests/cpp/utils.h:570&#x0A;skipping tests on non-Blackwell GPUs&#x0A;"><![CDATA[/opt/pytorch/nvfuser/tests/cpp/utils.h:570
skipping tests on non-Blackwell GPUs
]]></skipped>
    </testcase>
    <testcase name="SingleTile/Blackwell1CTA_128_256_16_TT_NoSwizzle_NoSwizzle__half" value_param="(8-byte object &lt;10-00 00-01 80-00 05-00&gt;, __half, 4-byte object &lt;01-00 00-00&gt;, NoSwizzle, NoSwizzle)" file="/opt/pytorch/nvfuser/tests/cpp/test_mma.cpp" line="1172" status="run" result="skipped" time="0." timestamp="2025-04-30T07:41:20.665" classname="MmaTest/Blackwell1CTAM128SS">
      <skipped message="/opt/pytorch/nvfuser/tests/cpp/utils.h:570&#x0A;skipping tests on non-Blackwell GPUs&#x0A;"><![CDATA[/opt/pytorch/nvfuser/tests/cpp/utils.h:570
skipping tests on non-Blackwell GPUs
]]></skipped>
    </testcase>
    <testcase name="SingleTile/Blackwell1CTA_128_256_16_NT_32B_32B__half" value_param="(8-byte object &lt;10-00 00-01 80-00 05-00&gt;, __half, 4-byte object &lt;00-00 00-00&gt;, 32B, 32B)" file="/opt/pytorch/nvfuser/tests/cpp/test_mma.cpp" line="1172" status="run" result="skipped" time="0." timestamp="2025-04-30T07:41:20.665" classname="MmaTest/Blackwell1CTAM128SS">
      <skipped message="/opt/pytorch/nvfuser/tests/cpp/utils.h:570&#x0A;skipping tests on non-Blackwell GPUs&#x0A;"><![CDATA[/opt/pytorch/nvfuser/tests/cpp/utils.h:570
skipping tests on non-Blackwell GPUs
]]></skipped>
    </testcase>
    <testcase name="SingleTile/Blackwell1CTA_128_256_16_TT_128B_32B__bfloat" value_param="(8-byte object &lt;10-00 00-01 80-00 05-00&gt;, __bfloat, 4-byte object &lt;01-00 00-00&gt;, 128B, 32B)" file="/opt/pytorch/nvfuser/tests/cpp/test_mma.cpp" line="1172" status="run" result="skipped" time="0." timestamp="2025-04-30T07:41:20.665" classname="MmaTest/Blackwell1CTAM128SS">
      <skipped message="/opt/pytorch/nvfuser/tests/cpp/utils.h:570&#x0A;skipping tests on non-Blackwell GPUs&#x0A;"><![CDATA[/opt/pytorch/nvfuser/tests/cpp/utils.h:570
skipping tests on non-Blackwell GPUs
]]></skipped>
    </testcase>
    <testcase name="SingleTile/Blackwell1CTA_128_256_16_NT_64B_NoSwizzle__bfloat" value_param="(8-byte object &lt;10-00 00-01 80-00 05-00&gt;, __bfloat, 4-byte object &lt;00-00 00-00&gt;, 64B, NoSwizzle)" file="/opt/pytorch/nvfuser/tests/cpp/test_mma.cpp" line="1172" status="run" result="skipped" time="0." timestamp="2025-04-30T07:41:20.665" classname="MmaTest/Blackwell1CTAM128SS">
      <skipped message="/opt/pytorch/nvfuser/tests/cpp/utils.h:570&#x0A;skipping tests on non-Blackwell GPUs&#x0A;"><![CDATA[/opt/pytorch/nvfuser/tests/cpp/utils.h:570
skipping tests on non-Blackwell GPUs
]]></skipped>
    </testcase>
    <testcase name="MultipleTile/Blackwell1CTA_128_16_16_TT_NoSwizzle_NoSwizzle__half" value_param="(8-byte object &lt;10-00 10-00 80-00 05-00&gt;, __half, 4-byte object &lt;01-00 00-00&gt;, NoSwizzle, NoSwizzle)" file="/opt/pytorch/nvfuser/tests/cpp/test_mma.cpp" line="1281" status="run" result="skipped" time="0." timestamp="2025-04-30T07:41:20.665" classname="MmaTest/Blackwell1CTAM128SS">
      <skipped message="/opt/pytorch/nvfuser/tests/cpp/utils.h:570&#x0A;skipping tests on non-Blackwell GPUs&#x0A;"><![CDATA[/opt/pytorch/nvfuser/tests/cpp/utils.h:570
skipping tests on non-Blackwell GPUs
]]></skipped>
    </testcase>
    <testcase name="MultipleTile/Blackwell1CTA_128_16_16_TT_NoSwizzle_32B__half" value_param="(8-byte object &lt;10-00 10-00 80-00 05-00&gt;, __half, 4-byte object &lt;01-00 00-00&gt;, NoSwizzle, 32B)" file="/opt/pytorch/nvfuser/tests/cpp/test_mma.cpp" line="1281" status="run" result="skipped" time="0." timestamp="2025-04-30T07:41:20.665" classname="MmaTest/Blackwell1CTAM128SS">
      <skipped message="/opt/pytorch/nvfuser/tests/cpp/utils.h:570&#x0A;skipping tests on non-Blackwell GPUs&#x0A;"><![CDATA[/opt/pytorch/nvfuser/tests/cpp/utils.h:570
skipping tests on non-Blackwell GPUs
]]></skipped>
    </testcase>
    <testcase name="MultipleTile/Blackwell1CTA_128_16_16_TT_32B_NoSwizzle__half" value_param="(8-byte object &lt;10-00 10-00 80-00 05-00&gt;, __half, 4-byte object &lt;01-00 00-00&gt;, 32B, NoSwizzle)" file="/opt/pytorch/nvfuser/tests/cpp/test_mma.cpp" line="1281" status="run" result="skipped" time="0." timestamp="2025-04-30T07:41:20.665" classname="MmaTest/Blackwell1CTAM128SS">
      <skipped message="/opt/pytorch/nvfuser/tests/cpp/utils.h:570&#x0A;skipping tests on non-Blackwell GPUs&#x0A;"><![CDATA[/opt/pytorch/nvfuser/tests/cpp/utils.h:570
skipping tests on non-Blackwell GPUs
]]></skipped>
    </testcase>
    <testcase name="MultipleTile/Blackwell1CTA_128_16_16_NT_32B_NoSwizzle__half" value_param="(8-byte object &lt;10-00 10-00 80-00 05-00&gt;, __half, 4-byte object &lt;00-00 00-00&gt;, 32B, NoSwizzle)" file="/opt/pytorch/nvfuser/tests/cpp/test_mma.cpp" line="1281" status="run" result="skipped" time="0." timestamp="2025-04-30T07:41:20.665" classname="MmaTest/Blackwell1CTAM128SS">
      <skipped message="/opt/pytorch/nvfuser/tests/cpp/utils.h:570&#x0A;skipping tests on non-Blackwell GPUs&#x0A;"><![CDATA[/opt/pytorch/nvfuser/tests/cpp/utils.h:570
skipping tests on non-Blackwell GPUs
]]></skipped>
    </testcase>
    <testcase name="MultipleTile/Blackwell1CTA_128_16_16_NN_64B_64B__half" value_param="(8-byte object &lt;10-00 10-00 80-00 05-00&gt;, __half, 4-byte object &lt;03-00 00-00&gt;, 64B, 64B)" file="/opt/pytorch/nvfuser/tests/cpp/test_mma.cpp" line="1281" status="run" result="skipped" time="0." timestamp="2025-04-30T07:41:20.665" classname="MmaTest/Blackwell1CTAM128SS">
      <skipped message="/opt/pytorch/nvfuser/tests/cpp/utils.h:570&#x0A;skipping tests on non-Blackwell GPUs&#x0A;"><![CDATA[/opt/pytorch/nvfuser/tests/cpp/utils.h:570
skipping tests on non-Blackwell GPUs
]]></skipped>
    </testcase>
    <testcase name="MultipleTile/Blackwell1CTA_128_16_16_TN_128B_32B__bfloat" value_param="(8-byte object &lt;10-00 10-00 80-00 05-00&gt;, __bfloat, 4-byte object &lt;02-00 00-00&gt;, 128B, 32B)" file="/opt/pytorch/nvfuser/tests/cpp/test_mma.cpp" line="1281" status="run" result="skipped" time="0." timestamp="2025-04-30T07:41:20.665" classname="MmaTest/Blackwell1CTAM128SS">
      <skipped message="/opt/pytorch/nvfuser/tests/cpp/utils.h:570&#x0A;skipping tests on non-Blackwell GPUs&#x0A;"><![CDATA[/opt/pytorch/nvfuser/tests/cpp/utils.h:570
skipping tests on non-Blackwell GPUs
]]></skipped>
    </testcase>
    <testcase name="MultipleTile/Blackwell1CTA_128_16_16_NT_64B_NoSwizzle__bfloat" value_param="(8-byte object &lt;10-00 10-00 80-00 05-00&gt;, __bfloat, 4-byte object &lt;00-00 00-00&gt;, 64B, NoSwizzle)" file="/opt/pytorch/nvfuser/tests/cpp/test_mma.cpp" line="1281" status="run" result="skipped" time="0." timestamp="2025-04-30T07:41:20.665" classname="MmaTest/Blackwell1CTAM128SS">
      <skipped message="/opt/pytorch/nvfuser/tests/cpp/utils.h:570&#x0A;skipping tests on non-Blackwell GPUs&#x0A;"><![CDATA[/opt/pytorch/nvfuser/tests/cpp/utils.h:570
skipping tests on non-Blackwell GPUs
]]></skipped>
    </testcase>
    <testcase name="MultipleTile/Blackwell1CTA_128_32_16_TT_NoSwizzle_NoSwizzle__half" value_param="(8-byte object &lt;10-00 20-00 80-00 05-00&gt;, __half, 4-byte object &lt;01-00 00-00&gt;, NoSwizzle, NoSwizzle)" file="/opt/pytorch/nvfuser/tests/cpp/test_mma.cpp" line="1281" status="run" result="skipped" time="0." timestamp="2025-04-30T07:41:20.665" classname="MmaTest/Blackwell1CTAM128SS">
      <skipped message="/opt/pytorch/nvfuser/tests/cpp/utils.h:570&#x0A;skipping tests on non-Blackwell GPUs&#x0A;"><![CDATA[/opt/pytorch/nvfuser/tests/cpp/utils.h:570
skipping tests on non-Blackwell GPUs
]]></skipped>
    </testcase>
    <testcase name="MultipleTile/Blackwell1CTA_128_32_16_NN_128B_64B__half" value_param="(8-byte object &lt;10-00 20-00 80-00 05-00&gt;, __half, 4-byte object &lt;03-00 00-00&gt;, 128B, 64B)" file="/opt/pytorch/nvfuser/tests/cpp/test_mma.cpp" line="1281" status="run" result="skipped" time="0." timestamp="2025-04-30T07:41:20.665" classname="MmaTest/Blackwell1CTAM128SS">
      <skipped message="/opt/pytorch/nvfuser/tests/cpp/utils.h:570&#x0A;skipping tests on non-Blackwell GPUs&#x0A;"><![CDATA[/opt/pytorch/nvfuser/tests/cpp/utils.h:570
skipping tests on non-Blackwell GPUs
]]></skipped>
    </testcase>
    <testcase name="MultipleTile/Blackwell1CTA_128_32_16_NT_32B_64B__bfloat" value_param="(8-byte object &lt;10-00 20-00 80-00 05-00&gt;, __bfloat, 4-byte object &lt;00-00 00-00&gt;, 32B, 64B)" file="/opt/pytorch/nvfuser/tests/cpp/test_mma.cpp" line="1281" status="run" result="skipped" time="0." timestamp="2025-04-30T07:41:20.665" classname="MmaTest/Blackwell1CTAM128SS">
      <skipped message="/opt/pytorch/nvfuser/tests/cpp/utils.h:570&#x0A;skipping tests on non-Blackwell GPUs&#x0A;"><![CDATA[/opt/pytorch/nvfuser/tests/cpp/utils.h:570
skipping tests on non-Blackwell GPUs
]]></skipped>
    </testcase>
    <testcase name="MultipleTile/Blackwell1CTA_128_48_16_TT_NoSwizzle_NoSwizzle__half" value_param="(8-byte object &lt;10-00 30-00 80-00 05-00&gt;, __half, 4-byte object &lt;01-00 00-00&gt;, NoSwizzle, NoSwizzle)" file="/opt/pytorch/nvfuser/tests/cpp/test_mma.cpp" line="1281" status="run" result="skipped" time="0." timestamp="2025-04-30T07:41:20.665" classname="MmaTest/Blackwell1CTAM128SS">
      <skipped message="/opt/pytorch/nvfuser/tests/cpp/utils.h:570&#x0A;skipping tests on non-Blackwell GPUs&#x0A;"><![CDATA[/opt/pytorch/nvfuser/tests/cpp/utils.h:570
skipping tests on non-Blackwell GPUs
]]></skipped>
    </testcase>
    <testcase name="MultipleTile/Blackwell1CTA_128_48_16_NT_32B_64B__half" value_param="(8-byte object &lt;10-00 30-00 80-00 05-00&gt;, __half, 4-byte object &lt;00-00 00-00&gt;, 32B, 64B)" file="/opt/pytorch/nvfuser/tests/cpp/test_mma.cpp" line="1281" status="run" result="skipped" time="0." timestamp="2025-04-30T07:41:20.665" classname="MmaTest/Blackwell1CTAM128SS">
      <skipped message="/opt/pytorch/nvfuser/tests/cpp/utils.h:570&#x0A;skipping tests on non-Blackwell GPUs&#x0A;"><![CDATA[/opt/pytorch/nvfuser/tests/cpp/utils.h:570
skipping tests on non-Blackwell GPUs
]]></skipped>
    </testcase>
    <testcase name="MultipleTile/Blackwell1CTA_128_48_16_TT_64B_NoSwizzle__bfloat" value_param="(8-byte object &lt;10-00 30-00 80-00 05-00&gt;, __bfloat, 4-byte object &lt;01-00 00-00&gt;, 64B, NoSwizzle)" file="/opt/pytorch/nvfuser/tests/cpp/test_mma.cpp" line="1281" status="run" result="skipped" time="0." timestamp="2025-04-30T07:41:20.665" classname="MmaTest/Blackwell1CTAM128SS">
      <skipped message="/opt/pytorch/nvfuser/tests/cpp/utils.h:570&#x0A;skipping tests on non-Blackwell GPUs&#x0A;"><![CDATA[/opt/pytorch/nvfuser/tests/cpp/utils.h:570
skipping tests on non-Blackwell GPUs
]]></skipped>
    </testcase>
    <testcase name="MultipleTile/Blackwell1CTA_128_48_16_TT_32B_64B__bfloat" value_param="(8-byte object &lt;10-00 30-00 80-00 05-00&gt;, __bfloat, 4-byte object &lt;01-00 00-00&gt;, 32B, 64B)" file="/opt/pytorch/nvfuser/tests/cpp/test_mma.cpp" line="1281" status="run" result="skipped" time="0." timestamp="2025-04-30T07:41:20.665" classname="MmaTest/Blackwell1CTAM128SS">
      <skipped message="/opt/pytorch/nvfuser/tests/cpp/utils.h:570&#x0A;skipping tests on non-Blackwell GPUs&#x0A;"><![CDATA[/opt/pytorch/nvfuser/tests/cpp/utils.h:570
skipping tests on non-Blackwell GPUs
]]></skipped>
    </testcase>
    <testcase name="MultipleTile/Blackwell1CTA_128_48_16_TN_128B_64B__bfloat" value_param="(8-byte object &lt;10-00 30-00 80-00 05-00&gt;, __bfloat, 4-byte object &lt;02-00 00-00&gt;, 128B, 64B)" file="/opt/pytorch/nvfuser/tests/cpp/test_mma.cpp" line="1281" status="run" result="skipped" time="0." timestamp="2025-04-30T07:41:20.665" classname="MmaTest/Blackwell1CTAM128SS">
      <skipped message="/opt/pytorch/nvfuser/tests/cpp/utils.h:570&#x0A;skipping tests on non-Blackwell GPUs&#x0A;"><![CDATA[/opt/pytorch/nvfuser/tests/cpp/utils.h:570
skipping tests on non-Blackwell GPUs
]]></skipped>
    </testcase>
    <testcase name="MultipleTile/Blackwell1CTA_128_48_16_NT_64B_NoSwizzle__bfloat" value_param="(8-byte object &lt;10-00 30-00 80-00 05-00&gt;, __bfloat, 4-byte object &lt;00-00 00-00&gt;, 64B, NoSwizzle)" file="/opt/pytorch/nvfuser/tests/cpp/test_mma.cpp" line="1281" status="run" result="skipped" time="0." timestamp="2025-04-30T07:41:20.665" classname="MmaTest/Blackwell1CTAM128SS">
      <skipped message="/opt/pytorch/nvfuser/tests/cpp/utils.h:570&#x0A;skipping tests on non-Blackwell GPUs&#x0A;"><![CDATA[/opt/pytorch/nvfuser/tests/cpp/utils.h:570
skipping tests on non-Blackwell GPUs
]]></skipped>
    </testcase>
    <testcase name="MultipleTile/Blackwell1CTA_128_48_16_NN_64B_128B__bfloat" value_param="(8-byte object &lt;10-00 30-00 80-00 05-00&gt;, __bfloat, 4-byte object &lt;03-00 00-00&gt;, 64B, 128B)" file="/opt/pytorch/nvfuser/tests/cpp/test_mma.cpp" line="1281" status="run" result="skipped" time="0." timestamp="2025-04-30T07:41:20.665" classname="MmaTest/Blackwell1CTAM128SS">
      <skipped message="/opt/pytorch/nvfuser/tests/cpp/utils.h:570&#x0A;skipping tests on non-Blackwell GPUs&#x0A;"><![CDATA[/opt/pytorch/nvfuser/tests/cpp/utils.h:570
skipping tests on non-Blackwell GPUs
]]></skipped>
    </testcase>
    <testcase name="MultipleTile/Blackwell1CTA_128_64_16_TT_128B_128B__half" value_param="(8-byte object &lt;10-00 40-00 80-00 05-00&gt;, __half, 4-byte object &lt;01-00 00-00&gt;, 128B, 128B)" file="/opt/pytorch/nvfuser/tests/cpp/test_mma.cpp" line="1281" status="run" result="skipped" time="0." timestamp="2025-04-30T07:41:20.665" classname="MmaTest/Blackwell1CTAM128SS">
      <skipped message="/opt/pytorch/nvfuser/tests/cpp/utils.h:570&#x0A;skipping tests on non-Blackwell GPUs&#x0A;"><![CDATA[/opt/pytorch/nvfuser/tests/cpp/utils.h:570
skipping tests on non-Blackwell GPUs
]]></skipped>
    </testcase>
    <testcase name="MultipleTile/Blackwell1CTA_128_64_16_TT_32B_128B__half" value_param="(8-byte object &lt;10-00 40-00 80-00 05-00&gt;, __half, 4-byte object &lt;01-00 00-00&gt;, 32B, 128B)" file="/opt/pytorch/nvfuser/tests/cpp/test_mma.cpp" line="1281" status="run" result="skipped" time="0." timestamp="2025-04-30T07:41:20.665" classname="MmaTest/Blackwell1CTAM128SS">
      <skipped message="/opt/pytorch/nvfuser/tests/cpp/utils.h:570&#x0A;skipping tests on non-Blackwell GPUs&#x0A;"><![CDATA[/opt/pytorch/nvfuser/tests/cpp/utils.h:570
skipping tests on non-Blackwell GPUs
]]></skipped>
    </testcase>
    <testcase name="MultipleTile/Blackwell1CTA_128_64_16_TN_128B_32B__half" value_param="(8-byte object &lt;10-00 40-00 80-00 05-00&gt;, __half, 4-byte object &lt;02-00 00-00&gt;, 128B, 32B)" file="/opt/pytorch/nvfuser/tests/cpp/test_mma.cpp" line="1281" status="run" result="skipped" time="0." timestamp="2025-04-30T07:41:20.665" classname="MmaTest/Blackwell1CTAM128SS">
      <skipped message="/opt/pytorch/nvfuser/tests/cpp/utils.h:570&#x0A;skipping tests on non-Blackwell GPUs&#x0A;"><![CDATA[/opt/pytorch/nvfuser/tests/cpp/utils.h:570
skipping tests on non-Blackwell GPUs
]]></skipped>
    </testcase>
    <testcase name="MultipleTile/Blackwell1CTA_128_64_16_NN_128B_128B__half" value_param="(8-byte object &lt;10-00 40-00 80-00 05-00&gt;, __half, 4-byte object &lt;03-00 00-00&gt;, 128B, 128B)" file="/opt/pytorch/nvfuser/tests/cpp/test_mma.cpp" line="1281" status="run" result="skipped" time="0." timestamp="2025-04-30T07:41:20.665" classname="MmaTest/Blackwell1CTAM128SS">
      <skipped message="/opt/pytorch/nvfuser/tests/cpp/utils.h:570&#x0A;skipping tests on non-Blackwell GPUs&#x0A;"><![CDATA[/opt/pytorch/nvfuser/tests/cpp/utils.h:570
skipping tests on non-Blackwell GPUs
]]></skipped>
    </testcase>
    <testcase name="MultipleTile/Blackwell1CTA_128_64_16_TN_128B_64B__bfloat" value_param="(8-byte object &lt;10-00 40-00 80-00 05-00&gt;, __bfloat, 4-byte object &lt;02-00 00-00&gt;, 128B, 64B)" file="/opt/pytorch/nvfuser/tests/cpp/test_mma.cpp" line="1281" status="run" result="skipped" time="0." timestamp="2025-04-30T07:41:20.665" classname="MmaTest/Blackwell1CTAM128SS">
      <skipped message="/opt/pytorch/nvfuser/tests/cpp/utils.h:570&#x0A;skipping tests on non-Blackwell GPUs&#x0A;"><![CDATA[/opt/pytorch/nvfuser/tests/cpp/utils.h:570
skipping tests on non-Blackwell GPUs
]]></skipped>
    </testcase>
    <testcase name="MultipleTile/Blackwell1CTA_128_64_16_NT_32B_128B__bfloat" value_param="(8-byte object &lt;10-00 40-00 80-00 05-00&gt;, __bfloat, 4-byte object &lt;00-00 00-00&gt;, 32B, 128B)" file="/opt/pytorch/nvfuser/tests/cpp/test_mma.cpp" line="1281" status="run" result="skipped" time="0." timestamp="2025-04-30T07:41:20.665" classname="MmaTest/Blackwell1CTAM128SS">
      <skipped message="/opt/pytorch/nvfuser/tests/cpp/utils.h:570&#x0A;skipping tests on non-Blackwell GPUs&#x0A;"><![CDATA[/opt/pytorch/nvfuser/tests/cpp/utils.h:570
skipping tests on non-Blackwell GPUs
]]></skipped>
    </testcase>
    <testcase name="MultipleTile/Blackwell1CTA_128_80_16_TT_NoSwizzle_NoSwizzle__half" value_param="(8-byte object &lt;10-00 50-00 80-00 05-00&gt;, __half, 4-byte object &lt;01-00 00-00&gt;, NoSwizzle, NoSwizzle)" file="/opt/pytorch/nvfuser/tests/cpp/test_mma.cpp" line="1281" status="run" result="skipped" time="0." timestamp="2025-04-30T07:41:20.665" classname="MmaTest/Blackwell1CTAM128SS">
      <skipped message="/opt/pytorch/nvfuser/tests/cpp/utils.h:570&#x0A;skipping tests on non-Blackwell GPUs&#x0A;"><![CDATA[/opt/pytorch/nvfuser/tests/cpp/utils.h:570
skipping tests on non-Blackwell GPUs
]]></skipped>
    </testcase>
    <testcase name="MultipleTile/Blackwell1CTA_128_80_16_TT_64B_NoSwizzle__half" value_param="(8-byte object &lt;10-00 50-00 80-00 05-00&gt;, __half, 4-byte object &lt;01-00 00-00&gt;, 64B, NoSwizzle)" file="/opt/pytorch/nvfuser/tests/cpp/test_mma.cpp" line="1281" status="run" result="skipped" time="0." timestamp="2025-04-30T07:41:20.665" classname="MmaTest/Blackwell1CTAM128SS">
      <skipped message="/opt/pytorch/nvfuser/tests/cpp/utils.h:570&#x0A;skipping tests on non-Blackwell GPUs&#x0A;"><![CDATA[/opt/pytorch/nvfuser/tests/cpp/utils.h:570
skipping tests on non-Blackwell GPUs
]]></skipped>
    </testcase>
    <testcase name="MultipleTile/Blackwell1CTA_128_80_16_NT_64B_128B__half" value_param="(8-byte object &lt;10-00 50-00 80-00 05-00&gt;, __half, 4-byte object &lt;00-00 00-00&gt;, 64B, 128B)" file="/opt/pytorch/nvfuser/tests/cpp/test_mma.cpp" line="1281" status="run" result="skipped" time="0." timestamp="2025-04-30T07:41:20.665" classname="MmaTest/Blackwell1CTAM128SS">
      <skipped message="/opt/pytorch/nvfuser/tests/cpp/utils.h:570&#x0A;skipping tests on non-Blackwell GPUs&#x0A;"><![CDATA[/opt/pytorch/nvfuser/tests/cpp/utils.h:570
skipping tests on non-Blackwell GPUs
]]></skipped>
    </testcase>
    <testcase name="MultipleTile/Blackwell1CTA_128_80_16_TT_64B_32B__bfloat" value_param="(8-byte object &lt;10-00 50-00 80-00 05-00&gt;, __bfloat, 4-byte object &lt;01-00 00-00&gt;, 64B, 32B)" file="/opt/pytorch/nvfuser/tests/cpp/test_mma.cpp" line="1281" status="run" result="skipped" time="0." timestamp="2025-04-30T07:41:20.665" classname="MmaTest/Blackwell1CTAM128SS">
      <skipped message="/opt/pytorch/nvfuser/tests/cpp/utils.h:570&#x0A;skipping tests on non-Blackwell GPUs&#x0A;"><![CDATA[/opt/pytorch/nvfuser/tests/cpp/utils.h:570
skipping tests on non-Blackwell GPUs
]]></skipped>
    </testcase>
    <testcase name="MultipleTile/Blackwell1CTA_128_80_16_TN_32B_32B__bfloat" value_param="(8-byte object &lt;10-00 50-00 80-00 05-00&gt;, __bfloat, 4-byte object &lt;02-00 00-00&gt;, 32B, 32B)" file="/opt/pytorch/nvfuser/tests/cpp/test_mma.cpp" line="1281" status="run" result="skipped" time="0." timestamp="2025-04-30T07:41:20.665" classname="MmaTest/Blackwell1CTAM128SS">
      <skipped message="/opt/pytorch/nvfuser/tests/cpp/utils.h:570&#x0A;skipping tests on non-Blackwell GPUs&#x0A;"><![CDATA[/opt/pytorch/nvfuser/tests/cpp/utils.h:570
skipping tests on non-Blackwell GPUs
]]></skipped>
    </testcase>
    <testcase name="MultipleTile/Blackwell1CTA_128_80_16_NN_128B_NoSwizzle__bfloat" value_param="(8-byte object &lt;10-00 50-00 80-00 05-00&gt;, __bfloat, 4-byte object &lt;03-00 00-00&gt;, 128B, NoSwizzle)" file="/opt/pytorch/nvfuser/tests/cpp/test_mma.cpp" line="1281" status="run" result="skipped" time="0." timestamp="2025-04-30T07:41:20.665" classname="MmaTest/Blackwell1CTAM128SS">
      <skipped message="/opt/pytorch/nvfuser/tests/cpp/utils.h:570&#x0A;skipping tests on non-Blackwell GPUs&#x0A;"><![CDATA[/opt/pytorch/nvfuser/tests/cpp/utils.h:570
skipping tests on non-Blackwell GPUs
]]></skipped>
    </testcase>
    <testcase name="MultipleTile/Blackwell1CTA_128_96_16_TN_32B_NoSwizzle__half" value_param="(8-byte object &lt;10-00 60-00 80-00 05-00&gt;, __half, 4-byte object &lt;02-00 00-00&gt;, 32B, NoSwizzle)" file="/opt/pytorch/nvfuser/tests/cpp/test_mma.cpp" line="1281" status="run" result="skipped" time="0." timestamp="2025-04-30T07:41:20.665" classname="MmaTest/Blackwell1CTAM128SS">
      <skipped message="/opt/pytorch/nvfuser/tests/cpp/utils.h:570&#x0A;skipping tests on non-Blackwell GPUs&#x0A;"><![CDATA[/opt/pytorch/nvfuser/tests/cpp/utils.h:570
skipping tests on non-Blackwell GPUs
]]></skipped>
    </testcase>
    <testcase name="MultipleTile/Blackwell1CTA_128_96_16_NN_NoSwizzle_32B__half" value_param="(8-byte object &lt;10-00 60-00 80-00 05-00&gt;, __half, 4-byte object &lt;03-00 00-00&gt;, NoSwizzle, 32B)" file="/opt/pytorch/nvfuser/tests/cpp/test_mma.cpp" line="1281" status="run" result="skipped" time="0." timestamp="2025-04-30T07:41:20.665" classname="MmaTest/Blackwell1CTAM128SS">
      <skipped message="/opt/pytorch/nvfuser/tests/cpp/utils.h:570&#x0A;skipping tests on non-Blackwell GPUs&#x0A;"><![CDATA[/opt/pytorch/nvfuser/tests/cpp/utils.h:570
skipping tests on non-Blackwell GPUs
]]></skipped>
    </testcase>
    <testcase name="MultipleTile/Blackwell1CTA_128_96_16_TT_NoSwizzle_128B__bfloat" value_param="(8-byte object &lt;10-00 60-00 80-00 05-00&gt;, __bfloat, 4-byte object &lt;01-00 00-00&gt;, NoSwizzle, 128B)" file="/opt/pytorch/nvfuser/tests/cpp/test_mma.cpp" line="1281" status="run" result="skipped" time="0." timestamp="2025-04-30T07:41:20.665" classname="MmaTest/Blackwell1CTAM128SS">
      <skipped message="/opt/pytorch/nvfuser/tests/cpp/utils.h:570&#x0A;skipping tests on non-Blackwell GPUs&#x0A;"><![CDATA[/opt/pytorch/nvfuser/tests/cpp/utils.h:570
skipping tests on non-Blackwell GPUs
]]></skipped>
    </testcase>
    <testcase name="MultipleTile/Blackwell1CTA_128_96_16_TN_NoSwizzle_NoSwizzle__bfloat" value_param="(8-byte object &lt;10-00 60-00 80-00 05-00&gt;, __bfloat, 4-byte object &lt;02-00 00-00&gt;, NoSwizzle, NoSwizzle)" file="/opt/pytorch/nvfuser/tests/cpp/test_mma.cpp" line="1281" status="run" result="skipped" time="0." timestamp="2025-04-30T07:41:20.665" classname="MmaTest/Blackwell1CTAM128SS">
      <skipped message="/opt/pytorch/nvfuser/tests/cpp/utils.h:570&#x0A;skipping tests on non-Blackwell GPUs&#x0A;"><![CDATA[/opt/pytorch/nvfuser/tests/cpp/utils.h:570
skipping tests on non-Blackwell GPUs
]]></skipped>
    </testcase>
    <testcase name="MultipleTile/Blackwell1CTA_128_96_16_NT_64B_64B__bfloat" value_param="(8-byte object &lt;10-00 60-00 80-00 05-00&gt;, __bfloat, 4-byte object &lt;00-00 00-00&gt;, 64B, 64B)" file="/opt/pytorch/nvfuser/tests/cpp/test_mma.cpp" line="1281" status="run" result="skipped" time="0." timestamp="2025-04-30T07:41:20.665" classname="MmaTest/Blackwell1CTAM128SS">
      <skipped message="/opt/pytorch/nvfuser/tests/cpp/utils.h:570&#x0A;skipping tests on non-Blackwell GPUs&#x0A;"><![CDATA[/opt/pytorch/nvfuser/tests/cpp/utils.h:570
skipping tests on non-Blackwell GPUs
]]></skipped>
    </testcase>
    <testcase name="MultipleTile/Blackwell1CTA_128_96_16_NN_64B_NoSwizzle__bfloat" value_param="(8-byte object &lt;10-00 60-00 80-00 05-00&gt;, __bfloat, 4-byte object &lt;03-00 00-00&gt;, 64B, NoSwizzle)" file="/opt/pytorch/nvfuser/tests/cpp/test_mma.cpp" line="1281" status="run" result="skipped" time="0." timestamp="2025-04-30T07:41:20.665" classname="MmaTest/Blackwell1CTAM128SS">
      <skipped message="/opt/pytorch/nvfuser/tests/cpp/utils.h:570&#x0A;skipping tests on non-Blackwell GPUs&#x0A;"><![CDATA[/opt/pytorch/nvfuser/tests/cpp/utils.h:570
skipping tests on non-Blackwell GPUs
]]></skipped>
    </testcase>
    <testcase name="MultipleTile/Blackwell1CTA_128_112_16_NT_64B_64B__half" value_param="(8-byte object &lt;10-00 70-00 80-00 05-00&gt;, __half, 4-byte object &lt;00-00 00-00&gt;, 64B, 64B)" file="/opt/pytorch/nvfuser/tests/cpp/test_mma.cpp" line="1281" status="run" result="skipped" time="0." timestamp="2025-04-30T07:41:20.665" classname="MmaTest/Blackwell1CTAM128SS">
      <skipped message="/opt/pytorch/nvfuser/tests/cpp/utils.h:570&#x0A;skipping tests on non-Blackwell GPUs&#x0A;"><![CDATA[/opt/pytorch/nvfuser/tests/cpp/utils.h:570
skipping tests on non-Blackwell GPUs
]]></skipped>
    </testcase>
    <testcase name="MultipleTile/Blackwell1CTA_128_112_16_TT_128B_64B__bfloat" value_param="(8-byte object &lt;10-00 70-00 80-00 05-00&gt;, __bfloat, 4-byte object &lt;01-00 00-00&gt;, 128B, 64B)" file="/opt/pytorch/nvfuser/tests/cpp/test_mma.cpp" line="1281" status="run" result="skipped" time="0." timestamp="2025-04-30T07:41:20.665" classname="MmaTest/Blackwell1CTAM128SS">
      <skipped message="/opt/pytorch/nvfuser/tests/cpp/utils.h:570&#x0A;skipping tests on non-Blackwell GPUs&#x0A;"><![CDATA[/opt/pytorch/nvfuser/tests/cpp/utils.h:570
skipping tests on non-Blackwell GPUs
]]></skipped>
    </testcase>
    <testcase name="MultipleTile/Blackwell1CTA_128_128_16_TT_NoSwizzle_NoSwizzle__half" value_param="(8-byte object &lt;10-00 80-00 80-00 05-00&gt;, __half, 4-byte object &lt;01-00 00-00&gt;, NoSwizzle, NoSwizzle)" file="/opt/pytorch/nvfuser/tests/cpp/test_mma.cpp" line="1281" status="run" result="skipped" time="0." timestamp="2025-04-30T07:41:20.665" classname="MmaTest/Blackwell1CTAM128SS">
      <skipped message="/opt/pytorch/nvfuser/tests/cpp/utils.h:570&#x0A;skipping tests on non-Blackwell GPUs&#x0A;"><![CDATA[/opt/pytorch/nvfuser/tests/cpp/utils.h:570
skipping tests on non-Blackwell GPUs
]]></skipped>
    </testcase>
    <testcase name="MultipleTile/Blackwell1CTA_128_128_16_TN_32B_32B__half" value_param="(8-byte object &lt;10-00 80-00 80-00 05-00&gt;, __half, 4-byte object &lt;02-00 00-00&gt;, 32B, 32B)" file="/opt/pytorch/nvfuser/tests/cpp/test_mma.cpp" line="1281" status="run" result="skipped" time="0." timestamp="2025-04-30T07:41:20.665" classname="MmaTest/Blackwell1CTAM128SS">
      <skipped message="/opt/pytorch/nvfuser/tests/cpp/utils.h:570&#x0A;skipping tests on non-Blackwell GPUs&#x0A;"><![CDATA[/opt/pytorch/nvfuser/tests/cpp/utils.h:570
skipping tests on non-Blackwell GPUs
]]></skipped>
    </testcase>
    <testcase name="MultipleTile/Blackwell1CTA_128_128_16_TT_128B_128B__bfloat" value_param="(8-byte object &lt;10-00 80-00 80-00 05-00&gt;, __bfloat, 4-byte object &lt;01-00 00-00&gt;, 128B, 128B)" file="/opt/pytorch/nvfuser/tests/cpp/test_mma.cpp" line="1281" status="run" result="skipped" time="0." timestamp="2025-04-30T07:41:20.665" classname="MmaTest/Blackwell1CTAM128SS">
      <skipped message="/opt/pytorch/nvfuser/tests/cpp/utils.h:570&#x0A;skipping tests on non-Blackwell GPUs&#x0A;"><![CDATA[/opt/pytorch/nvfuser/tests/cpp/utils.h:570
skipping tests on non-Blackwell GPUs
]]></skipped>
    </testcase>
    <testcase name="MultipleTile/Blackwell1CTA_128_128_16_NN_32B_64B__bfloat" value_param="(8-byte object &lt;10-00 80-00 80-00 05-00&gt;, __bfloat, 4-byte object &lt;03-00 00-00&gt;, 32B, 64B)" file="/opt/pytorch/nvfuser/tests/cpp/test_mma.cpp" line="1281" status="run" result="skipped" time="0." timestamp="2025-04-30T07:41:20.665" classname="MmaTest/Blackwell1CTAM128SS">
      <skipped message="/opt/pytorch/nvfuser/tests/cpp/utils.h:570&#x0A;skipping tests on non-Blackwell GPUs&#x0A;"><![CDATA[/opt/pytorch/nvfuser/tests/cpp/utils.h:570
skipping tests on non-Blackwell GPUs
]]></skipped>
    </testcase>
    <testcase name="MultipleTile/Blackwell1CTA_128_144_16_TT_128B_128B__half" value_param="(8-byte object &lt;10-00 90-00 80-00 05-00&gt;, __half, 4-byte object &lt;01-00 00-00&gt;, 128B, 128B)" file="/opt/pytorch/nvfuser/tests/cpp/test_mma.cpp" line="1281" status="run" result="skipped" time="0." timestamp="2025-04-30T07:41:20.665" classname="MmaTest/Blackwell1CTAM128SS">
      <skipped message="/opt/pytorch/nvfuser/tests/cpp/utils.h:570&#x0A;skipping tests on non-Blackwell GPUs&#x0A;"><![CDATA[/opt/pytorch/nvfuser/tests/cpp/utils.h:570
skipping tests on non-Blackwell GPUs
]]></skipped>
    </testcase>
    <testcase name="MultipleTile/Blackwell1CTA_128_144_16_NT_64B_NoSwizzle__half" value_param="(8-byte object &lt;10-00 90-00 80-00 05-00&gt;, __half, 4-byte object &lt;00-00 00-00&gt;, 64B, NoSwizzle)" file="/opt/pytorch/nvfuser/tests/cpp/test_mma.cpp" line="1281" status="run" result="skipped" time="0." timestamp="2025-04-30T07:41:20.665" classname="MmaTest/Blackwell1CTAM128SS">
      <skipped message="/opt/pytorch/nvfuser/tests/cpp/utils.h:570&#x0A;skipping tests on non-Blackwell GPUs&#x0A;"><![CDATA[/opt/pytorch/nvfuser/tests/cpp/utils.h:570
skipping tests on non-Blackwell GPUs
]]></skipped>
    </testcase>
    <testcase name="MultipleTile/Blackwell1CTA_128_144_16_NN_128B_128B__half" value_param="(8-byte object &lt;10-00 90-00 80-00 05-00&gt;, __half, 4-byte object &lt;03-00 00-00&gt;, 128B, 128B)" file="/opt/pytorch/nvfuser/tests/cpp/test_mma.cpp" line="1281" status="run" result="skipped" time="0." timestamp="2025-04-30T07:41:20.665" classname="MmaTest/Blackwell1CTAM128SS">
      <skipped message="/opt/pytorch/nvfuser/tests/cpp/utils.h:570&#x0A;skipping tests on non-Blackwell GPUs&#x0A;"><![CDATA[/opt/pytorch/nvfuser/tests/cpp/utils.h:570
skipping tests on non-Blackwell GPUs
]]></skipped>
    </testcase>
    <testcase name="MultipleTile/Blackwell1CTA_128_144_16_NN_32B_64B__half" value_param="(8-byte object &lt;10-00 90-00 80-00 05-00&gt;, __half, 4-byte object &lt;03-00 00-00&gt;, 32B, 64B)" file="/opt/pytorch/nvfuser/tests/cpp/test_mma.cpp" line="1281" status="run" result="skipped" time="0." timestamp="2025-04-30T07:41:20.665" classname="MmaTest/Blackwell1CTAM128SS">
      <skipped message="/opt/pytorch/nvfuser/tests/cpp/utils.h:570&#x0A;skipping tests on non-Blackwell GPUs&#x0A;"><![CDATA[/opt/pytorch/nvfuser/tests/cpp/utils.h:570
skipping tests on non-Blackwell GPUs
]]></skipped>
    </testcase>
    <testcase name="MultipleTile/Blackwell1CTA_128_144_16_NT_128B_64B__bfloat" value_param="(8-byte object &lt;10-00 90-00 80-00 05-00&gt;, __bfloat, 4-byte object &lt;00-00 00-00&gt;, 128B, 64B)" file="/opt/pytorch/nvfuser/tests/cpp/test_mma.cpp" line="1281" status="run" result="skipped" time="0." timestamp="2025-04-30T07:41:20.665" classname="MmaTest/Blackwell1CTAM128SS">
      <skipped message="/opt/pytorch/nvfuser/tests/cpp/utils.h:570&#x0A;skipping tests on non-Blackwell GPUs&#x0A;"><![CDATA[/opt/pytorch/nvfuser/tests/cpp/utils.h:570
skipping tests on non-Blackwell GPUs
]]></skipped>
    </testcase>
    <testcase name="MultipleTile/Blackwell1CTA_128_144_16_NN_NoSwizzle_128B__bfloat" value_param="(8-byte object &lt;10-00 90-00 80-00 05-00&gt;, __bfloat, 4-byte object &lt;03-00 00-00&gt;, NoSwizzle, 128B)" file="/opt/pytorch/nvfuser/tests/cpp/test_mma.cpp" line="1281" status="run" result="skipped" time="0." timestamp="2025-04-30T07:41:20.665" classname="MmaTest/Blackwell1CTAM128SS">
      <skipped message="/opt/pytorch/nvfuser/tests/cpp/utils.h:570&#x0A;skipping tests on non-Blackwell GPUs&#x0A;"><![CDATA[/opt/pytorch/nvfuser/tests/cpp/utils.h:570
skipping tests on non-Blackwell GPUs
]]></skipped>
    </testcase>
    <testcase name="MultipleTile/Blackwell1CTA_128_160_16_TT_64B_NoSwizzle__half" value_param="(8-byte object &lt;10-00 A0-00 80-00 05-00&gt;, __half, 4-byte object &lt;01-00 00-00&gt;, 64B, NoSwizzle)" file="/opt/pytorch/nvfuser/tests/cpp/test_mma.cpp" line="1281" status="run" result="skipped" time="0." timestamp="2025-04-30T07:41:20.665" classname="MmaTest/Blackwell1CTAM128SS">
      <skipped message="/opt/pytorch/nvfuser/tests/cpp/utils.h:570&#x0A;skipping tests on non-Blackwell GPUs&#x0A;"><![CDATA[/opt/pytorch/nvfuser/tests/cpp/utils.h:570
skipping tests on non-Blackwell GPUs
]]></skipped>
    </testcase>
    <testcase name="MultipleTile/Blackwell1CTA_128_160_16_NN_32B_128B__half" value_param="(8-byte object &lt;10-00 A0-00 80-00 05-00&gt;, __half, 4-byte object &lt;03-00 00-00&gt;, 32B, 128B)" file="/opt/pytorch/nvfuser/tests/cpp/test_mma.cpp" line="1281" status="run" result="skipped" time="0." timestamp="2025-04-30T07:41:20.665" classname="MmaTest/Blackwell1CTAM128SS">
      <skipped message="/opt/pytorch/nvfuser/tests/cpp/utils.h:570&#x0A;skipping tests on non-Blackwell GPUs&#x0A;"><![CDATA[/opt/pytorch/nvfuser/tests/cpp/utils.h:570
skipping tests on non-Blackwell GPUs
]]></skipped>
    </testcase>
    <testcase name="MultipleTile/Blackwell1CTA_128_160_16_TN_NoSwizzle_64B__bfloat" value_param="(8-byte object &lt;10-00 A0-00 80-00 05-00&gt;, __bfloat, 4-byte object &lt;02-00 00-00&gt;, NoSwizzle, 64B)" file="/opt/pytorch/nvfuser/tests/cpp/test_mma.cpp" line="1281" status="run" result="skipped" time="0." timestamp="2025-04-30T07:41:20.665" classname="MmaTest/Blackwell1CTAM128SS">
      <skipped message="/opt/pytorch/nvfuser/tests/cpp/utils.h:570&#x0A;skipping tests on non-Blackwell GPUs&#x0A;"><![CDATA[/opt/pytorch/nvfuser/tests/cpp/utils.h:570
skipping tests on non-Blackwell GPUs
]]></skipped>
    </testcase>
    <testcase name="MultipleTile/Blackwell1CTA_128_160_16_NN_NoSwizzle_NoSwizzle__bfloat" value_param="(8-byte object &lt;10-00 A0-00 80-00 05-00&gt;, __bfloat, 4-byte object &lt;03-00 00-00&gt;, NoSwizzle, NoSwizzle)" file="/opt/pytorch/nvfuser/tests/cpp/test_mma.cpp" line="1281" status="run" result="skipped" time="0." timestamp="2025-04-30T07:41:20.665" classname="MmaTest/Blackwell1CTAM128SS">
      <skipped message="/opt/pytorch/nvfuser/tests/cpp/utils.h:570&#x0A;skipping tests on non-Blackwell GPUs&#x0A;"><![CDATA[/opt/pytorch/nvfuser/tests/cpp/utils.h:570
skipping tests on non-Blackwell GPUs
]]></skipped>
    </testcase>
    <testcase name="MultipleTile/Blackwell1CTA_128_160_16_NN_128B_32B__bfloat" value_param="(8-byte object &lt;10-00 A0-00 80-00 05-00&gt;, __bfloat, 4-byte object &lt;03-00 00-00&gt;, 128B, 32B)" file="/opt/pytorch/nvfuser/tests/cpp/test_mma.cpp" line="1281" status="run" result="skipped" time="0." timestamp="2025-04-30T07:41:20.665" classname="MmaTest/Blackwell1CTAM128SS">
      <skipped message="/opt/pytorch/nvfuser/tests/cpp/utils.h:570&#x0A;skipping tests on non-Blackwell GPUs&#x0A;"><![CDATA[/opt/pytorch/nvfuser/tests/cpp/utils.h:570
skipping tests on non-Blackwell GPUs
]]></skipped>
    </testcase>
    <testcase name="MultipleTile/Blackwell1CTA_128_160_16_NN_32B_32B__bfloat" value_param="(8-byte object &lt;10-00 A0-00 80-00 05-00&gt;, __bfloat, 4-byte object &lt;03-00 00-00&gt;, 32B, 32B)" file="/opt/pytorch/nvfuser/tests/cpp/test_mma.cpp" line="1281" status="run" result="skipped" time="0." timestamp="2025-04-30T07:41:20.665" classname="MmaTest/Blackwell1CTAM128SS">
      <skipped message="/opt/pytorch/nvfuser/tests/cpp/utils.h:570&#x0A;skipping tests on non-Blackwell GPUs&#x0A;"><![CDATA[/opt/pytorch/nvfuser/tests/cpp/utils.h:570
skipping tests on non-Blackwell GPUs
]]></skipped>
    </testcase>
    <testcase name="MultipleTile/Blackwell1CTA_128_176_16_TT_32B_64B__half" value_param="(8-byte object &lt;10-00 B0-00 80-00 05-00&gt;, __half, 4-byte object &lt;01-00 00-00&gt;, 32B, 64B)" file="/opt/pytorch/nvfuser/tests/cpp/test_mma.cpp" line="1281" status="run" result="skipped" time="0." timestamp="2025-04-30T07:41:20.665" classname="MmaTest/Blackwell1CTAM128SS">
      <skipped message="/opt/pytorch/nvfuser/tests/cpp/utils.h:570&#x0A;skipping tests on non-Blackwell GPUs&#x0A;"><![CDATA[/opt/pytorch/nvfuser/tests/cpp/utils.h:570
skipping tests on non-Blackwell GPUs
]]></skipped>
    </testcase>
    <testcase name="MultipleTile/Blackwell1CTA_128_176_16_TN_32B_128B__half" value_param="(8-byte object &lt;10-00 B0-00 80-00 05-00&gt;, __half, 4-byte object &lt;02-00 00-00&gt;, 32B, 128B)" file="/opt/pytorch/nvfuser/tests/cpp/test_mma.cpp" line="1281" status="run" result="skipped" time="0." timestamp="2025-04-30T07:41:20.665" classname="MmaTest/Blackwell1CTAM128SS">
      <skipped message="/opt/pytorch/nvfuser/tests/cpp/utils.h:570&#x0A;skipping tests on non-Blackwell GPUs&#x0A;"><![CDATA[/opt/pytorch/nvfuser/tests/cpp/utils.h:570
skipping tests on non-Blackwell GPUs
]]></skipped>
    </testcase>
    <testcase name="MultipleTile/Blackwell1CTA_128_176_16_TT_NoSwizzle_128B__bfloat" value_param="(8-byte object &lt;10-00 B0-00 80-00 05-00&gt;, __bfloat, 4-byte object &lt;01-00 00-00&gt;, NoSwizzle, 128B)" file="/opt/pytorch/nvfuser/tests/cpp/test_mma.cpp" line="1281" status="run" result="skipped" time="0." timestamp="2025-04-30T07:41:20.665" classname="MmaTest/Blackwell1CTAM128SS">
      <skipped message="/opt/pytorch/nvfuser/tests/cpp/utils.h:570&#x0A;skipping tests on non-Blackwell GPUs&#x0A;"><![CDATA[/opt/pytorch/nvfuser/tests/cpp/utils.h:570
skipping tests on non-Blackwell GPUs
]]></skipped>
    </testcase>
    <testcase name="MultipleTile/Blackwell1CTA_128_176_16_NT_NoSwizzle_NoSwizzle__bfloat" value_param="(8-byte object &lt;10-00 B0-00 80-00 05-00&gt;, __bfloat, 4-byte object &lt;00-00 00-00&gt;, NoSwizzle, NoSwizzle)" file="/opt/pytorch/nvfuser/tests/cpp/test_mma.cpp" line="1281" status="run" result="skipped" time="0." timestamp="2025-04-30T07:41:20.665" classname="MmaTest/Blackwell1CTAM128SS">
      <skipped message="/opt/pytorch/nvfuser/tests/cpp/utils.h:570&#x0A;skipping tests on non-Blackwell GPUs&#x0A;"><![CDATA[/opt/pytorch/nvfuser/tests/cpp/utils.h:570
skipping tests on non-Blackwell GPUs
]]></skipped>
    </testcase>
    <testcase name="MultipleTile/Blackwell1CTA_128_176_16_NT_64B_32B__bfloat" value_param="(8-byte object &lt;10-00 B0-00 80-00 05-00&gt;, __bfloat, 4-byte object &lt;00-00 00-00&gt;, 64B, 32B)" file="/opt/pytorch/nvfuser/tests/cpp/test_mma.cpp" line="1281" status="run" result="skipped" time="0." timestamp="2025-04-30T07:41:20.665" classname="MmaTest/Blackwell1CTAM128SS">
      <skipped message="/opt/pytorch/nvfuser/tests/cpp/utils.h:570&#x0A;skipping tests on non-Blackwell GPUs&#x0A;"><![CDATA[/opt/pytorch/nvfuser/tests/cpp/utils.h:570
skipping tests on non-Blackwell GPUs
]]></skipped>
    </testcase>
    <testcase name="MultipleTile/Blackwell1CTA_128_176_16_NN_32B_64B__bfloat" value_param="(8-byte object &lt;10-00 B0-00 80-00 05-00&gt;, __bfloat, 4-byte object &lt;03-00 00-00&gt;, 32B, 64B)" file="/opt/pytorch/nvfuser/tests/cpp/test_mma.cpp" line="1281" status="run" result="skipped" time="0." timestamp="2025-04-30T07:41:20.665" classname="MmaTest/Blackwell1CTAM128SS">
      <skipped message="/opt/pytorch/nvfuser/tests/cpp/utils.h:570&#x0A;skipping tests on non-Blackwell GPUs&#x0A;"><![CDATA[/opt/pytorch/nvfuser/tests/cpp/utils.h:570
skipping tests on non-Blackwell GPUs
]]></skipped>
    </testcase>
    <testcase name="MultipleTile/Blackwell1CTA_128_192_16_TN_NoSwizzle_NoSwizzle__half" value_param="(8-byte object &lt;10-00 C0-00 80-00 05-00&gt;, __half, 4-byte object &lt;02-00 00-00&gt;, NoSwizzle, NoSwizzle)" file="/opt/pytorch/nvfuser/tests/cpp/test_mma.cpp" line="1281" status="run" result="skipped" time="0." timestamp="2025-04-30T07:41:20.665" classname="MmaTest/Blackwell1CTAM128SS">
      <skipped message="/opt/pytorch/nvfuser/tests/cpp/utils.h:570&#x0A;skipping tests on non-Blackwell GPUs&#x0A;"><![CDATA[/opt/pytorch/nvfuser/tests/cpp/utils.h:570
skipping tests on non-Blackwell GPUs
]]></skipped>
    </testcase>
    <testcase name="MultipleTile/Blackwell1CTA_128_192_16_NT_128B_64B__half" value_param="(8-byte object &lt;10-00 C0-00 80-00 05-00&gt;, __half, 4-byte object &lt;00-00 00-00&gt;, 128B, 64B)" file="/opt/pytorch/nvfuser/tests/cpp/test_mma.cpp" line="1281" status="run" result="skipped" time="0." timestamp="2025-04-30T07:41:20.665" classname="MmaTest/Blackwell1CTAM128SS">
      <skipped message="/opt/pytorch/nvfuser/tests/cpp/utils.h:570&#x0A;skipping tests on non-Blackwell GPUs&#x0A;"><![CDATA[/opt/pytorch/nvfuser/tests/cpp/utils.h:570
skipping tests on non-Blackwell GPUs
]]></skipped>
    </testcase>
    <testcase name="MultipleTile/Blackwell1CTA_128_192_16_NN_128B_128B__half" value_param="(8-byte object &lt;10-00 C0-00 80-00 05-00&gt;, __half, 4-byte object &lt;03-00 00-00&gt;, 128B, 128B)" file="/opt/pytorch/nvfuser/tests/cpp/test_mma.cpp" line="1281" status="run" result="skipped" time="0." timestamp="2025-04-30T07:41:20.665" classname="MmaTest/Blackwell1CTAM128SS">
      <skipped message="/opt/pytorch/nvfuser/tests/cpp/utils.h:570&#x0A;skipping tests on non-Blackwell GPUs&#x0A;"><![CDATA[/opt/pytorch/nvfuser/tests/cpp/utils.h:570
skipping tests on non-Blackwell GPUs
]]></skipped>
    </testcase>
    <testcase name="MultipleTile/Blackwell1CTA_128_192_16_TT_NoSwizzle_32B__bfloat" value_param="(8-byte object &lt;10-00 C0-00 80-00 05-00&gt;, __bfloat, 4-byte object &lt;01-00 00-00&gt;, NoSwizzle, 32B)" file="/opt/pytorch/nvfuser/tests/cpp/test_mma.cpp" line="1281" status="run" result="skipped" time="0." timestamp="2025-04-30T07:41:20.665" classname="MmaTest/Blackwell1CTAM128SS">
      <skipped message="/opt/pytorch/nvfuser/tests/cpp/utils.h:570&#x0A;skipping tests on non-Blackwell GPUs&#x0A;"><![CDATA[/opt/pytorch/nvfuser/tests/cpp/utils.h:570
skipping tests on non-Blackwell GPUs
]]></skipped>
    </testcase>
    <testcase name="MultipleTile/Blackwell1CTA_128_192_16_TN_NoSwizzle_64B__bfloat" value_param="(8-byte object &lt;10-00 C0-00 80-00 05-00&gt;, __bfloat, 4-byte object &lt;02-00 00-00&gt;, NoSwizzle, 64B)" file="/opt/pytorch/nvfuser/tests/cpp/test_mma.cpp" line="1281" status="run" result="skipped" time="0." timestamp="2025-04-30T07:41:20.665" classname="MmaTest/Blackwell1CTAM128SS">
      <skipped message="/opt/pytorch/nvfuser/tests/cpp/utils.h:570&#x0A;skipping tests on non-Blackwell GPUs&#x0A;"><![CDATA[/opt/pytorch/nvfuser/tests/cpp/utils.h:570
skipping tests on non-Blackwell GPUs
]]></skipped>
    </testcase>
    <testcase name="MultipleTile/Blackwell1CTA_128_192_16_NN_64B_64B__bfloat" value_param="(8-byte object &lt;10-00 C0-00 80-00 05-00&gt;, __bfloat, 4-byte object &lt;03-00 00-00&gt;, 64B, 64B)" file="/opt/pytorch/nvfuser/tests/cpp/test_mma.cpp" line="1281" status="run" result="skipped" time="0." timestamp="2025-04-30T07:41:20.665" classname="MmaTest/Blackwell1CTAM128SS">
      <skipped message="/opt/pytorch/nvfuser/tests/cpp/utils.h:570&#x0A;skipping tests on non-Blackwell GPUs&#x0A;"><![CDATA[/opt/pytorch/nvfuser/tests/cpp/utils.h:570
skipping tests on non-Blackwell GPUs
]]></skipped>
    </testcase>
    <testcase name="MultipleTile/Blackwell1CTA_128_208_16_TT_128B_32B__half" value_param="(8-byte object &lt;10-00 D0-00 80-00 05-00&gt;, __half, 4-byte object &lt;01-00 00-00&gt;, 128B, 32B)" file="/opt/pytorch/nvfuser/tests/cpp/test_mma.cpp" line="1281" status="run" result="skipped" time="0." timestamp="2025-04-30T07:41:20.665" classname="MmaTest/Blackwell1CTAM128SS">
      <skipped message="/opt/pytorch/nvfuser/tests/cpp/utils.h:570&#x0A;skipping tests on non-Blackwell GPUs&#x0A;"><![CDATA[/opt/pytorch/nvfuser/tests/cpp/utils.h:570
skipping tests on non-Blackwell GPUs
]]></skipped>
    </testcase>
    <testcase name="MultipleTile/Blackwell1CTA_128_208_16_TT_32B_32B__half" value_param="(8-byte object &lt;10-00 D0-00 80-00 05-00&gt;, __half, 4-byte object &lt;01-00 00-00&gt;, 32B, 32B)" file="/opt/pytorch/nvfuser/tests/cpp/test_mma.cpp" line="1281" status="run" result="skipped" time="0." timestamp="2025-04-30T07:41:20.665" classname="MmaTest/Blackwell1CTAM128SS">
      <skipped message="/opt/pytorch/nvfuser/tests/cpp/utils.h:570&#x0A;skipping tests on non-Blackwell GPUs&#x0A;"><![CDATA[/opt/pytorch/nvfuser/tests/cpp/utils.h:570
skipping tests on non-Blackwell GPUs
]]></skipped>
    </testcase>
    <testcase name="MultipleTile/Blackwell1CTA_128_208_16_NT_128B_64B__half" value_param="(8-byte object &lt;10-00 D0-00 80-00 05-00&gt;, __half, 4-byte object &lt;00-00 00-00&gt;, 128B, 64B)" file="/opt/pytorch/nvfuser/tests/cpp/test_mma.cpp" line="1281" status="run" result="skipped" time="0." timestamp="2025-04-30T07:41:20.665" classname="MmaTest/Blackwell1CTAM128SS">
      <skipped message="/opt/pytorch/nvfuser/tests/cpp/utils.h:570&#x0A;skipping tests on non-Blackwell GPUs&#x0A;"><![CDATA[/opt/pytorch/nvfuser/tests/cpp/utils.h:570
skipping tests on non-Blackwell GPUs
]]></skipped>
    </testcase>
    <testcase name="MultipleTile/Blackwell1CTA_128_208_16_NN_32B_32B__half" value_param="(8-byte object &lt;10-00 D0-00 80-00 05-00&gt;, __half, 4-byte object &lt;03-00 00-00&gt;, 32B, 32B)" file="/opt/pytorch/nvfuser/tests/cpp/test_mma.cpp" line="1281" status="run" result="skipped" time="0." timestamp="2025-04-30T07:41:20.665" classname="MmaTest/Blackwell1CTAM128SS">
      <skipped message="/opt/pytorch/nvfuser/tests/cpp/utils.h:570&#x0A;skipping tests on non-Blackwell GPUs&#x0A;"><![CDATA[/opt/pytorch/nvfuser/tests/cpp/utils.h:570
skipping tests on non-Blackwell GPUs
]]></skipped>
    </testcase>
    <testcase name="MultipleTile/Blackwell1CTA_128_208_16_NT_NoSwizzle_32B__bfloat" value_param="(8-byte object &lt;10-00 D0-00 80-00 05-00&gt;, __bfloat, 4-byte object &lt;00-00 00-00&gt;, NoSwizzle, 32B)" file="/opt/pytorch/nvfuser/tests/cpp/test_mma.cpp" line="1281" status="run" result="skipped" time="0." timestamp="2025-04-30T07:41:20.665" classname="MmaTest/Blackwell1CTAM128SS">
      <skipped message="/opt/pytorch/nvfuser/tests/cpp/utils.h:570&#x0A;skipping tests on non-Blackwell GPUs&#x0A;"><![CDATA[/opt/pytorch/nvfuser/tests/cpp/utils.h:570
skipping tests on non-Blackwell GPUs
]]></skipped>
    </testcase>
    <testcase name="MultipleTile/Blackwell1CTA_128_208_16_NT_64B_NoSwizzle__bfloat" value_param="(8-byte object &lt;10-00 D0-00 80-00 05-00&gt;, __bfloat, 4-byte object &lt;00-00 00-00&gt;, 64B, NoSwizzle)" file="/opt/pytorch/nvfuser/tests/cpp/test_mma.cpp" line="1281" status="run" result="skipped" time="0." timestamp="2025-04-30T07:41:20.665" classname="MmaTest/Blackwell1CTAM128SS">
      <skipped message="/opt/pytorch/nvfuser/tests/cpp/utils.h:570&#x0A;skipping tests on non-Blackwell GPUs&#x0A;"><![CDATA[/opt/pytorch/nvfuser/tests/cpp/utils.h:570
skipping tests on non-Blackwell GPUs
]]></skipped>
    </testcase>
    <testcase name="MultipleTile/Blackwell1CTA_128_224_16_TT_128B_64B__half" value_param="(8-byte object &lt;10-00 E0-00 80-00 05-00&gt;, __half, 4-byte object &lt;01-00 00-00&gt;, 128B, 64B)" file="/opt/pytorch/nvfuser/tests/cpp/test_mma.cpp" line="1281" status="run" result="skipped" time="0." timestamp="2025-04-30T07:41:20.665" classname="MmaTest/Blackwell1CTAM128SS">
      <skipped message="/opt/pytorch/nvfuser/tests/cpp/utils.h:570&#x0A;skipping tests on non-Blackwell GPUs&#x0A;"><![CDATA[/opt/pytorch/nvfuser/tests/cpp/utils.h:570
skipping tests on non-Blackwell GPUs
]]></skipped>
    </testcase>
    <testcase name="MultipleTile/Blackwell1CTA_128_224_16_TN_32B_64B__half" value_param="(8-byte object &lt;10-00 E0-00 80-00 05-00&gt;, __half, 4-byte object &lt;02-00 00-00&gt;, 32B, 64B)" file="/opt/pytorch/nvfuser/tests/cpp/test_mma.cpp" line="1281" status="run" result="skipped" time="0." timestamp="2025-04-30T07:41:20.665" classname="MmaTest/Blackwell1CTAM128SS">
      <skipped message="/opt/pytorch/nvfuser/tests/cpp/utils.h:570&#x0A;skipping tests on non-Blackwell GPUs&#x0A;"><![CDATA[/opt/pytorch/nvfuser/tests/cpp/utils.h:570
skipping tests on non-Blackwell GPUs
]]></skipped>
    </testcase>
    <testcase name="MultipleTile/Blackwell1CTA_128_224_16_TT_128B_64B__bfloat" value_param="(8-byte object &lt;10-00 E0-00 80-00 05-00&gt;, __bfloat, 4-byte object &lt;01-00 00-00&gt;, 128B, 64B)" file="/opt/pytorch/nvfuser/tests/cpp/test_mma.cpp" line="1281" status="run" result="skipped" time="0." timestamp="2025-04-30T07:41:20.665" classname="MmaTest/Blackwell1CTAM128SS">
      <skipped message="/opt/pytorch/nvfuser/tests/cpp/utils.h:570&#x0A;skipping tests on non-Blackwell GPUs&#x0A;"><![CDATA[/opt/pytorch/nvfuser/tests/cpp/utils.h:570
skipping tests on non-Blackwell GPUs
]]></skipped>
    </testcase>
    <testcase name="MultipleTile/Blackwell1CTA_128_224_16_TN_NoSwizzle_NoSwizzle__bfloat" value_param="(8-byte object &lt;10-00 E0-00 80-00 05-00&gt;, __bfloat, 4-byte object &lt;02-00 00-00&gt;, NoSwizzle, NoSwizzle)" file="/opt/pytorch/nvfuser/tests/cpp/test_mma.cpp" line="1281" status="run" result="skipped" time="0." timestamp="2025-04-30T07:41:20.665" classname="MmaTest/Blackwell1CTAM128SS">
      <skipped message="/opt/pytorch/nvfuser/tests/cpp/utils.h:570&#x0A;skipping tests on non-Blackwell GPUs&#x0A;"><![CDATA[/opt/pytorch/nvfuser/tests/cpp/utils.h:570
skipping tests on non-Blackwell GPUs
]]></skipped>
    </testcase>
    <testcase name="MultipleTile/Blackwell1CTA_128_224_16_NN_128B_32B__bfloat" value_param="(8-byte object &lt;10-00 E0-00 80-00 05-00&gt;, __bfloat, 4-byte object &lt;03-00 00-00&gt;, 128B, 32B)" file="/opt/pytorch/nvfuser/tests/cpp/test_mma.cpp" line="1281" status="run" result="skipped" time="0." timestamp="2025-04-30T07:41:20.665" classname="MmaTest/Blackwell1CTAM128SS">
      <skipped message="/opt/pytorch/nvfuser/tests/cpp/utils.h:570&#x0A;skipping tests on non-Blackwell GPUs&#x0A;"><![CDATA[/opt/pytorch/nvfuser/tests/cpp/utils.h:570
skipping tests on non-Blackwell GPUs
]]></skipped>
    </testcase>
    <testcase name="MultipleTile/Blackwell1CTA_128_240_16_TT_NoSwizzle_NoSwizzle__half" value_param="(8-byte object &lt;10-00 F0-00 80-00 05-00&gt;, __half, 4-byte object &lt;01-00 00-00&gt;, NoSwizzle, NoSwizzle)" file="/opt/pytorch/nvfuser/tests/cpp/test_mma.cpp" line="1281" status="run" result="skipped" time="0." timestamp="2025-04-30T07:41:20.665" classname="MmaTest/Blackwell1CTAM128SS">
      <skipped message="/opt/pytorch/nvfuser/tests/cpp/utils.h:570&#x0A;skipping tests on non-Blackwell GPUs&#x0A;"><![CDATA[/opt/pytorch/nvfuser/tests/cpp/utils.h:570
skipping tests on non-Blackwell GPUs
]]></skipped>
    </testcase>
    <testcase name="MultipleTile/Blackwell1CTA_128_240_16_NT_NoSwizzle_NoSwizzle__half" value_param="(8-byte object &lt;10-00 F0-00 80-00 05-00&gt;, __half, 4-byte object &lt;00-00 00-00&gt;, NoSwizzle, NoSwizzle)" file="/opt/pytorch/nvfuser/tests/cpp/test_mma.cpp" line="1281" status="run" result="skipped" time="0." timestamp="2025-04-30T07:41:20.665" classname="MmaTest/Blackwell1CTAM128SS">
      <skipped message="/opt/pytorch/nvfuser/tests/cpp/utils.h:570&#x0A;skipping tests on non-Blackwell GPUs&#x0A;"><![CDATA[/opt/pytorch/nvfuser/tests/cpp/utils.h:570
skipping tests on non-Blackwell GPUs
]]></skipped>
    </testcase>
    <testcase name="MultipleTile/Blackwell1CTA_128_240_16_TT_64B_NoSwizzle__bfloat" value_param="(8-byte object &lt;10-00 F0-00 80-00 05-00&gt;, __bfloat, 4-byte object &lt;01-00 00-00&gt;, 64B, NoSwizzle)" file="/opt/pytorch/nvfuser/tests/cpp/test_mma.cpp" line="1281" status="run" result="skipped" time="0." timestamp="2025-04-30T07:41:20.665" classname="MmaTest/Blackwell1CTAM128SS">
      <skipped message="/opt/pytorch/nvfuser/tests/cpp/utils.h:570&#x0A;skipping tests on non-Blackwell GPUs&#x0A;"><![CDATA[/opt/pytorch/nvfuser/tests/cpp/utils.h:570
skipping tests on non-Blackwell GPUs
]]></skipped>
    </testcase>
    <testcase name="MultipleTile/Blackwell1CTA_128_240_16_TN_128B_NoSwizzle__bfloat" value_param="(8-byte object &lt;10-00 F0-00 80-00 05-00&gt;, __bfloat, 4-byte object &lt;02-00 00-00&gt;, 128B, NoSwizzle)" file="/opt/pytorch/nvfuser/tests/cpp/test_mma.cpp" line="1281" status="run" result="skipped" time="0." timestamp="2025-04-30T07:41:20.665" classname="MmaTest/Blackwell1CTAM128SS">
      <skipped message="/opt/pytorch/nvfuser/tests/cpp/utils.h:570&#x0A;skipping tests on non-Blackwell GPUs&#x0A;"><![CDATA[/opt/pytorch/nvfuser/tests/cpp/utils.h:570
skipping tests on non-Blackwell GPUs
]]></skipped>
    </testcase>
    <testcase name="MultipleTile/Blackwell1CTA_128_240_16_NT_128B_64B__bfloat" value_param="(8-byte object &lt;10-00 F0-00 80-00 05-00&gt;, __bfloat, 4-byte object &lt;00-00 00-00&gt;, 128B, 64B)" file="/opt/pytorch/nvfuser/tests/cpp/test_mma.cpp" line="1281" status="run" result="skipped" time="0." timestamp="2025-04-30T07:41:20.665" classname="MmaTest/Blackwell1CTAM128SS">
      <skipped message="/opt/pytorch/nvfuser/tests/cpp/utils.h:570&#x0A;skipping tests on non-Blackwell GPUs&#x0A;"><![CDATA[/opt/pytorch/nvfuser/tests/cpp/utils.h:570
skipping tests on non-Blackwell GPUs
]]></skipped>
    </testcase>
    <testcase name="MultipleTile/Blackwell1CTA_128_256_16_TT_NoSwizzle_NoSwizzle__half" value_param="(8-byte object &lt;10-00 00-01 80-00 05-00&gt;, __half, 4-byte object &lt;01-00 00-00&gt;, NoSwizzle, NoSwizzle)" file="/opt/pytorch/nvfuser/tests/cpp/test_mma.cpp" line="1281" status="run" result="skipped" time="0." timestamp="2025-04-30T07:41:20.665" classname="MmaTest/Blackwell1CTAM128SS">
      <skipped message="/opt/pytorch/nvfuser/tests/cpp/utils.h:570&#x0A;skipping tests on non-Blackwell GPUs&#x0A;"><![CDATA[/opt/pytorch/nvfuser/tests/cpp/utils.h:570
skipping tests on non-Blackwell GPUs
]]></skipped>
    </testcase>
    <testcase name="MultipleTile/Blackwell1CTA_128_256_16_NT_32B_32B__half" value_param="(8-byte object &lt;10-00 00-01 80-00 05-00&gt;, __half, 4-byte object &lt;00-00 00-00&gt;, 32B, 32B)" file="/opt/pytorch/nvfuser/tests/cpp/test_mma.cpp" line="1281" status="run" result="skipped" time="0." timestamp="2025-04-30T07:41:20.665" classname="MmaTest/Blackwell1CTAM128SS">
      <skipped message="/opt/pytorch/nvfuser/tests/cpp/utils.h:570&#x0A;skipping tests on non-Blackwell GPUs&#x0A;"><![CDATA[/opt/pytorch/nvfuser/tests/cpp/utils.h:570
skipping tests on non-Blackwell GPUs
]]></skipped>
    </testcase>
    <testcase name="MultipleTile/Blackwell1CTA_128_256_16_TT_128B_32B__bfloat" value_param="(8-byte object &lt;10-00 00-01 80-00 05-00&gt;, __bfloat, 4-byte object &lt;01-00 00-00&gt;, 128B, 32B)" file="/opt/pytorch/nvfuser/tests/cpp/test_mma.cpp" line="1281" status="run" result="skipped" time="0." timestamp="2025-04-30T07:41:20.665" classname="MmaTest/Blackwell1CTAM128SS">
      <skipped message="/opt/pytorch/nvfuser/tests/cpp/utils.h:570&#x0A;skipping tests on non-Blackwell GPUs&#x0A;"><![CDATA[/opt/pytorch/nvfuser/tests/cpp/utils.h:570
skipping tests on non-Blackwell GPUs
]]></skipped>
    </testcase>
    <testcase name="MultipleTile/Blackwell1CTA_128_256_16_NT_64B_NoSwizzle__bfloat" value_param="(8-byte object &lt;10-00 00-01 80-00 05-00&gt;, __bfloat, 4-byte object &lt;00-00 00-00&gt;, 64B, NoSwizzle)" file="/opt/pytorch/nvfuser/tests/cpp/test_mma.cpp" line="1281" status="run" result="skipped" time="0." timestamp="2025-04-30T07:41:20.665" classname="MmaTest/Blackwell1CTAM128SS">
      <skipped message="/opt/pytorch/nvfuser/tests/cpp/utils.h:570&#x0A;skipping tests on non-Blackwell GPUs&#x0A;"><![CDATA[/opt/pytorch/nvfuser/tests/cpp/utils.h:570
skipping tests on non-Blackwell GPUs
]]></skipped>
    </testcase>
  </testsuite>
</testsuites>
