<?xml version="1.0" encoding="UTF-8"?>
<testsuites tests="0" failures="0" disabled="0" errors="0" time="0." timestamp="2025-05-20T08:09:32.787" name="AllTests">
</testsuites>
